ARM GAS  /var/folders/_f/jzb7lsz153bclt069nvlpp5r0000gn/T//cchfNP5V.s 			page 1


   1              		.syntax unified
   2              		.cpu cortex-m4
   3              		.eabi_attribute 27, 1
   4              		.eabi_attribute 28, 1
   5              		.fpu fpv4-sp-d16
   6              		.eabi_attribute 20, 1
   7              		.eabi_attribute 21, 1
   8              		.eabi_attribute 23, 3
   9              		.eabi_attribute 24, 1
  10              		.eabi_attribute 25, 1
  11              		.eabi_attribute 26, 1
  12              		.eabi_attribute 30, 2
  13              		.eabi_attribute 34, 1
  14              		.eabi_attribute 18, 4
  15              		.thumb
  16              		.file	"board.c"
  17              		.text
  18              	.Ltext0:
  19              		.section	.gnu.lto_.profile.13db55b4990289c0,"",%progbits
  20 0000 789C6366 		.ascii	"x\234cf```a\200\000F\206\364 \000\001\224\000\302"
  20      60606061 
  20      80004686 
  20      F4200001 
  20      9400C2
  21              		.text
  22              		.section	.gnu.lto_.jmpfuncs.13db55b4990289c0,"",%progbits
  23 0000 789C6366 		.ascii	"x\234cf\300\016x\24143\0203\202\030L@\014\000\001\375"
  23      C00E78A1 
  23      34331033 
  23      82184C40 
  23      0C0001FD 
  24 0014 0017     		.ascii	"\000\027"
  25              		.text
  26              		.section	.gnu.lto_.inline.13db55b4990289c0,"",%progbits
  27 0000 789C6366 		.ascii	"x\234cf\300\016\334\24143\003\303\005\206\363\014\214"
  27      C00EDCA1 
  27      343303C3 
  27      0586F30C 
  27      8C
  28 0011 0C4CB318 		.ascii	"\014L\263\030'l\346d`[ \317\004\022gd`\025\003\012\002"
  28      276CE664 
  28      605B20CF 
  28      04126764 
  28      6015030A 
  29 0026 5970112E 		.ascii	"Yp\021.\030\301\304\300\314\204*\307\000\000Jq\006k"
  29      18C1C4C0 
  29      CC842AC7 
  29      00004A71 
  29      066B
  30              		.text
  31              		.section	.gnu.lto_.pureconst.13db55b4990289c0,"",%progbits
  32 0000 789C6366 		.ascii	"x\234cf```g\200\000f\006)F\011&\006\000\001\234\000"
  32      60606067 
  32      80006606 
  32      29460926 
  32      0600019C 
  33 0015 43       		.ascii	"C"
ARM GAS  /var/folders/_f/jzb7lsz153bclt069nvlpp5r0000gn/T//cchfNP5V.s 			page 2


  34              		.text
  35              		.section	.gnu.lto_stm32_gpio_init.13db55b4990289c0,"",%progbits
  36 0000 789CA59A 		.ascii	"x\234\245\232{LTW\036\307\3579\207\031\030\036j\373"
  36      7B4C5457 
  36      1EC7EF39 
  36      8719181E 
  36      6AFB
  37 0012 C7A6F19F 		.ascii	"\307\246\361\2376\351&M6\0016\272\177n\262\233t\267"
  37      36E9264D 
  37      360136BA 
  37      7F6EB29B 
  37      74B7
  38 0024 49FFD835 		.ascii	"I\377\3305Y\273\233\354_n\333\315\266&\233\332l\367"
  38      59BB9BEC 
  38      5F6EDBCD 
  38      B6269BDA 
  38      6CF7
  39 0036 8FFDC7F4 		.ascii	"\217\375\307\364\016\014\212\370\340!\012\026\021\344"
  39      0E0C8AF8 
  39      E0210A16 
  39      11E4
  40 0044 A13C2C8A 		.ascii	"\241<,\212\217\021\024d\200\012\010u(\225\207\"\357"
  40      8F111464 
  40      800A0875 
  40      28958722 
  40      EF
  41 0055 8788C2EA 		.ascii	"\207\210\302\352(\010\203\300\3549\277s\016\334\271"
  41      280883C0 
  41      EC39BF73 
  41      0EDCB9
  42 0064 3BD3702E 		.ascii	";\323p.F/\016s\371|\177\277\363\273\2373\303\005\242"
  42      462F0E73 
  42      F97C7FBF 
  42      F3BB9F33 
  42      C305A2
  43 0077 FDFF9FED 		.ascii	"\375\377\237\355\364\337\261\237k\332\237\351GD4\204"
  43      F4DFB19F 
  43      6BDA9FE9 
  43      47443484 
  44 0087 33BC9AE6 		.ascii	"3\274\232\346\214\302\010\261\377hH\373\032\243\257"
  44      8CC208B1 
  44      FF6848FB 
  44      1AA3AF
  45 0096 D134F661 		.ascii	"\3214\366a\224\341\251\314\215y\257T\327\365\347E}\377"
  45      94E1A9CC 
  45      8D79AF54 
  45      D7F5E745 
  45      7DFF
  46 00a8 D6B3FFE6 		.ascii	"\326\263\377\346\307\232\366\022s\016:\217\336\323\350"
  46      C79AF612 
  46      730E3A8F 
  46      DED3E8
  47 00b7 493ED74A 		.ascii	"I>\327J_\214\335EO\332\306\237Ce\310\216\350\307\213"
  47      5F8CDD45 
  47      4FDAC69F 
  47      4365C88E 
  47      E8C78B
ARM GAS  /var/folders/_f/jzb7lsz153bclt069nvlpp5r0000gn/T//cchfNP5V.s 			page 3


  48 00ca 6F7AF440 		.ascii	"oz\364@`\274\264\316\027\261\013k~L\303\350\301\306"
  48      60BCB4CE 
  48      17B10B6B 
  48      7E4CC3E8 
  48      C1C6
  49 00dc 0E767688 		.ascii	"\016vv\210b\007\007;D\263C,;\304\261\303Vv\320\264\011"
  49      6207073B 
  49      44B3432C 
  49      3BC4B1C3 
  49      5676D0B4 
  50 00f1 0A63254D 		.ascii	"\012c%Mb\314>\222~\324\344\256\036\336\301\360\013\230"
  50      62CC3E92 
  50      7ED4E4AE 
  50      1EDEC1F0 
  50      0B98
  51 0103 95B77873 		.ascii	"\225\267xs\360^\304c\354\307X\177\236\252G\260b\206"
  51      F05EC463 
  51      ECC7587F 
  51      9EAA47B0 
  51      6286
  52 0115 273ABBA2 		.ascii	"':\273\242\340S\032{x`u\330o\313Gy\310\217\011*G\333"
  52      E0531A7B 
  52      786075D8 
  52      6FCB4779 
  52      C88F092A 
  53 012b 5105DA0E 		.ascii	"Q\005\332\016Odf\315\037\217\216\257\324]\316(?\216"
  53      4F6466CD 
  53      1F8F8EAF 
  53      D45DCE28 
  53      3F8E
  54 013d 4095281F 		.ascii	"@\225(\037\275\200\276\320\005\024\257\365\243\3449"
  54      BD80BED0 
  54      0514AFF5 
  54      A3E439
  55 014c 3BCF213C 		.ascii	";\317!<*\353AM}$\343\242\000]\262o)\205V\223\205\330"
  55      2AEB414D 
  55      7D24E3A2 
  55      005DB26F 
  55      29855693 
  56 0162 390A3155 		.ascii	"9\0121U\3531\027Q<\2053\212\033\361$\233\002\350\322"
  56      EB311751 
  56      3C85338A 
  56      1BF1249B 
  56      02E8D2
  57 0175 3AA89AD7 		.ascii	":\250\232\327\273(\352\025\240\344\314\212,\004\365"
  57      BB28EA15 
  57      A0E4CC8A 
  57      2C04F5
  58 0184 EACB81C0 		.ascii	"\352\313\201\300V\015]\266X\362\225\365\244\253\254"
  58      560D5DB6 
  58      58F295F5 
  58      A4ABAC
  59 0193 64BBB1E4 		.ascii	"d\273\261\344\250\015\201\020\343\\[\347\270\241\342"
  59      A80D8110 
  59      E35C5BE7 
  59      B8A1E2
  60 01a2 2677D730 		.ascii	"&w\3270\346\030\207B=\327\201\303./T\023<\251h\012\262"
ARM GAS  /var/folders/_f/jzb7lsz153bclt069nvlpp5r0000gn/T//cchfNP5V.s 			page 4


  60      E6188742 
  60      3DD781C3 
  60      2E2F5413 
  60      3CA9680A 
  61 01b7 3C99DA75 		.ascii	"<\231\332u\354\015\326f\264\261\315X\005\320M\000\201"
  61      EC0DD666 
  61      B4B1CD58 
  61      05D04D00 
  61      81
  62 01c8 0675C1F5 		.ascii	"\006u\301\365\305Q\220\345\372\352\327\261\267X}q\306"
  62      C55190E5 
  62      FAEAD7B1 
  62      B7587D71 
  62      C6
  63 01d9 FAB66E7C 		.ascii	"\372\266n|\014\015\353\034\017-\257\027aQH\377\235\246"
  63      0C0DEB1C 
  63      0F2DAF17 
  63      615148FF 
  63      9DA6
  64 01eb 5F930F11 		.ascii	"_\223\017\021\373\212\332\252\271\2731\354\332\261\275"
  64      FB8ADAAA 
  64      B9BB31EC 
  64      DAB1BD
  65 01fa C31EDEC8 		.ascii	"\303\036\336\310j\313\265\263\207v0\254\343\301\263"
  65      6ACBB5B3 
  65      877630AC 
  65      E3C1B3
  66 0209 02F2EE59 		.ascii	"\002\362\356Y]O\032\271Q\332\032\253\267\351\256\221"
  66      5D4F1AB9 
  66      51DA1AAB 
  66      B7E9AE91 
  67 0219 40E06D3F 		.ascii	"@\340m?\216D\215\210\320\015\0005\321\364f\226\316\267"
  67      8E448D88 
  67      D00D0035 
  67      D1F46696 
  67      CEB7
  68 022b 89EFD0BB 		.ascii	"\211\357\320\273\364\313.\217\026\347\200\253\221\272"
  68      F4CB2E8F 
  68      16E780AB 
  68      91BA
  69 0239 CE5C45B7 		.ascii	"\316\\E\267\351\031\275(\311\023h_[\213\013\203\255"
  69      E919BD28 
  69      C913685F 
  69      5B8B0B83 
  69      AD
  70 024a 116417D4 		.ascii	"\021d\027\3240\355n]F\241R\242PK\310\224VH9\231\336"
  70      30ED6E5D 
  70      46A152A2 
  70      504BC894 
  70      56483999 
  71 025f 5D43F6BF 		.ascii	"]C\366\277\326su\272j\216\025\326\247qSp\300\303\362"
  71      D67375BA 
  71      6A8E15D6 
  71      A7715370 
  71      C0C3F2
  72 0272 F4EC1ABA 		.ascii	"\364\354\032\272\014y\316\014vV4jC\373\321\035\261Z"
  72      0C79CE0C 
ARM GAS  /var/folders/_f/jzb7lsz153bclt069nvlpp5r0000gn/T//cchfNP5V.s 			page 5


  72      7656346A 
  72      43FBD11D 
  72      B15A
  73 0284 B313873C 		.ascii	"\263\023\207<\204\256V\206>\322\221\3623?\216A\355\260"
  73      84AE5686 
  73      3ED291F2 
  73      333F8E41 
  73      EDB0
  74 0296 6284932E 		.ascii	"b\204\223.\216\237\315u\000\337CX-\035(\236\025\257"
  74      8E9FCD75 
  74      00DF4358 
  74      2D1D289E 
  74      15AF
  75 02a8 A1EFD17E 		.ascii	"\241\357\321~\230\253\257\273\310\026\264'zr:\020+\216"
  75      98ABAFBB 
  75      C816B427 
  75      7A723A10 
  75      2B8E
  76 02ba 2D03EC8C 		.ascii	"-\003\354\214/12\357\232\350.Eh\310\013\253\260Vl$$"
  76      2F3132EF 
  76      9AE82E45 
  76      68C80BAB 
  76      B0566C24 
  77 02cf AE16B88E 		.ascii	"\256\026\270\216\305\254\025\033\313\226\015u\212b\033"
  77      C5AC151B 
  77      CB960D75 
  77      8A621B
  78 02de DA4B461D 		.ascii	"\332KF\035p\215\214\224\247\330\331x\177\200b#8\021"
  78      708D8C94 
  78      A7D8D978 
  78      7F806223 
  78      3811
  79 02f0 75A1787A 		.ascii	"u\241xz\226\363\334\315#|\353\242\031?\212\353\257\272"
  79      96F3DCCD 
  79      237CEBA2 
  79      193F8AEB 
  79      AFBA
  80 0302 A7C82602 		.ascii	"\247\310&\0027\226\340y\213\361\357\001\337&\370\335"
  80      3796E079 
  80      8BF1EF01 
  80      DF26F8DD 
  81 0312 C01FF38E 		.ascii	"\300\037\363\216\017\304\360\255\261o\225m5=\"\303g"
  81      0FC4F0AD 
  81      B16F956D 
  81      353D22C3 
  81      67
  82 0323 2DA31732 		.ascii	"-\243\0272\354\"\243\0172\362\332\226\332yF\267\356"
  82      EC22A30F 
  82      32F2DA96 
  82      DA7946B7 
  82      EE
  83 0334 6257CF7D 		.ascii	"bW\317}\331G\257\245\214\007\220\021)2\372!#\347\351"
  83      D947AFA5 
  83      8C079011 
  83      2932FA21 
  83      23E7E9
  84 0347 E2D528DE 		.ascii	"\342\325(\336\007\333\343\037\312.\254%\014@B\224H\030"
ARM GAS  /var/folders/_f/jzb7lsz153bclt069nvlpp5r0000gn/T//cchfNP5V.s 			page 6


  84      07DBE31F 
  84      CA2EAC25 
  84      0C404294 
  84      4818
  85 0359 8484C92A 		.ascii	"\204\204\311*\347\035\3027e\375~\005]\305!\331E\237"
  85      E71DC237 
  85      65FD7E05 
  85      5DC521D9 
  85      459F
  86 036b A58C61C8 		.ascii	"\245\214a\310p\210\214\021\310\350\275\332\234\031\315"
  86      70888C11 
  86      C8E8BDDA 
  86      9C19CD
  87 037a 33BA7FA1 		.ascii	"3\272\177\241\241Q\331\205\265\2041H\210\026\011\343"
  87      A151D985 
  87      B5843148 
  87      881609E3 
  88 038a 90D0742E 		.ascii	"\220\320t.\271g\213HH\352\241&Np\223\267Y\332\035&\301"
  88      B9678B48 
  88      48EAA126 
  88      4E7093B7 
  88      59DA1D26 
  89 039f DBA4DA1C 		.ascii	"\333\244\332\034>\337H=\025v\207G\006\346\372^\240\237"
  89      3EDF483D 
  89      15768747 
  89      06E6FA5E 
  89      A09F
  90 03b1 D20B71AA 		.ascii	"\322\013q\252'\020\370M\370\215`\352'6\002\263\371\217"
  90      2710F84D 
  90      F88D60EA 
  90      273602B3 
  90      F98F
  91 03c3 439BEFE5 		.ascii	"C\233\357\345\346OC\3631\241\315\177\"\315\177\032\326"
  91      E64F43F3 
  91      31A1CD7F 
  91      22CD7F1A 
  91      D6
  92 03d4 FC7C6A3E 		.ascii	"\374|j>\255\206\265\030\326\374\0310\177\026\0063\326"
  92      AD86B518 
  92      D6FC1930 
  92      7F160633 
  92      D6
  93 03e5 58D6116B 		.ascii	"X\326\021k\030\314#\303`\252\352\032\362\343\202T\377"
  93      18CC23C3 
  93      60AAEA1A 
  93      F2E38254 
  93      FF
  94 03f6 AF549D21 		.ascii	"\257T\235!\3203\030\215\253v\266,\026F\343\241O<7\272"
  94      D033188D 
  94      AB76B62C 
  94      1646E3A1 
  94      4F3C37BA 
  95 040a AE12C167 		.ascii	"\256\022\301g\357\223\256C\300\013\010\030\316\363\227"
  95      EF93AE43 
  95      C00B0818 
  95      CEF397
  96 0419 388423F0 		.ascii	"8\204#\360\266\342\245\321u\365\2149\351:d\314CFWsu"
ARM GAS  /var/folders/_f/jzb7lsz153bclt069nvlpp5r0000gn/T//cchfNP5V.s 			page 7


  96      B6E2A5D1 
  96      75F58C39 
  96      E93A64CC 
  96      43465773 
  97 042e 631C649C 		.ascii	"c\034d\234H\273\315,yet]=cA\272\016\031\213tnAj\253"
  97      48BBCD2C 
  97      7965745D 
  97      3D6341BA 
  97      0E198B74 
  98 0446 03FD526D 		.ascii	"\003\375Rm\000.A\321+S%%qBm\375\035\015\2756\232\255"
  98      002E41D1 
  98      2B532525 
  98      71426DFD 
  98      1D0DBD36 
  99 045c 1EB12CCD 		.ascii	"\036\261,\315\206\210\025\210\270\\\\\352\346k\377["
  99      86881588 
  99      B85C5CEA 
  99      E66BFF5B 
 100 046c 0DAD1ABD 		.ascii	"\015\255\032\275V\347\007\244\327\300\3271\343\027^"
 100      56E707A4 
 100      D7C0D731 
 100      E3175E
 101 047b AAF3F2D7 		.ascii	"\252\363\362\327\011\275\221v\340\304\233\260:\0113"
 101      09BD9176 
 101      E0C49BB0 
 101      3A0933
 102 048a 09EB1F9D 		.ascii	"\011\353\037\235?*\254\316\000\253\223\261U\253]x\343"
 102      3F2AACCE 
 102      00AB93B1 
 102      55AB5D78 
 102      E3
 103 049b 56A7E090 		.ascii	"V\247\340\220V?\340V\037\300\254\365\330\320V\037\304"
 103      563FE056 
 103      1FC0ACF5 
 103      D8D0561F 
 103      C4
 104 04ac C2EA541C 		.ascii	"\302\352T\034\316\352+\324jZ\015k1\254\325\2070\263"
 104      CEEA2BD4 
 104      6A5A0D6B 
 104      31ACD587 
 104      30B3
 105 04be 3A0DB3B1 		.ascii	":\015\263\261\\/~<\206\014c\241k\2606\226\323G'\257"
 105      5C2F7E3C 
 105      860C63A1 
 105      6BB03696 
 105      D34727AF 
 106 04d2 E320AB0F 		.ascii	"\343 \253\017ca5C\240#\264\234\240Wl\025$\237\364Q,"
 106      63613543 
 106      A023B49C 
 106      A0576C15 
 106      249FF451 
 107 04e7 2C06E031 		.ascii	",\006\3401\012\014RV\035\230\216\205\262\000\314\200"
 107      0A0C5256 
 107      1D988E85 
 107      B200CC80 
 108 04f7 4B27F35E 		.ascii	"K'\363^\315+\376\322\331]\221]D\3032\261AY\365\214,"
 108      CD2BFED2 
ARM GAS  /var/folders/_f/jzb7lsz153bclt069nvlpp5r0000gn/T//cchfNP5V.s 			page 8


 108      D95D915D 
 108      44C332B1 
 108      4159F58C 
 109 050c 2C94858C 		.ascii	",\224\205\214\343\330\244\254:0\033\013e\001x\002\212"
 109      E3D8A4AC 
 109      3A301B0B 
 109      65017802 
 109      8A
 110 051d F637F9AF 		.ascii	"\3667\371\257a\251\254N?}\022\033\234U\317\310\301\302"
 110      61A9AC4E 
 110      3F7D121B 
 110      9C55CFC8 
 110      C1C2
 111 052f 59C8C885 		.ascii	"Y\310\310\205\214\201\264[\313|a\364#oi\350\0246X\253"
 111      8C81B45B 
 111      CB7C61F4 
 111      236F69E8 
 111      143658AB 
 112 0543 9EF00D16 		.ascii	"\236\360\015\026\326BB\036$,f\272g\370\253\261SOzCC"
 112      D642421E 
 112      242C66BA 
 112      67F8ABB1 
 112      534F7A43 
 113 0558 A737A36D 		.ascii	"\2477\243m>X\346\254\014d\021\256m.h{\306\262\266\005"
 113      3E58E6AC 
 113      0C6411AE 
 113      6D2E687B 
 113      C6B2B605 
 114 056c 0ADA1686 		.ascii	"\012\332\026\206\326v\200k{\026z\217\013\255m\221\324"
 114      D676806B 
 114      7B167A8F 
 114      0BAD6D91 
 114      D4
 115 057d B638ACB6 		.ascii	"\2668\254\266\265T[Z\015k1\254\266%\240m)\314e\312\373"
 115      B5545B5A 
 115      0D6B31AC 
 115      B625A06D 
 115      29CC65CA 
 116 0592 E43F86B1 		.ascii	"\344?\206\261\2341\214%o\316\233d\013\262\366\234\264"
 116      9C318C25 
 116      6FCE9B64 
 116      0BB2F69C 
 116      B4
 117 05a3 9611D079 		.ascii	"\226\021\320y\263\265\012D>\3502)-\360\312\315\322*"
 117      B3B50A44 
 117      3EE83229 
 117      2DF0CACD 
 117      D22A
 118 05b5 F32AA4B3 		.ascii	"\363*\244\263\300\253\204\013g\310\3231\307\357\020"
 118      C0AB840B 
 118      67C8D331 
 118      C7EF10
 119 05c4 F414B277 		.ascii	"\364\024\262wq\027\214\312*'|+\215\205\204*H\030t\027"
 119      71178CCA 
 119      2A277C2B 
 119      8D85842A 
 119      48187417 
ARM GAS  /var/folders/_f/jzb7lsz153bclt069nvlpp5r0000gn/T//cchfNP5V.s 			page 9


 120 05d8 CED9F99B 		.ascii	"\316\331\371\233\205\2675t\021\033\014V\346_\222\002"
 120      85B73574 
 120      111B0C56 
 120      E65F9202 
 121 05e8 03BFDAB8 		.ascii	"\003\277\332\270\302}Vx\227\245\254\300\273b\340\371"
 121      C27D5678 
 121      97A5ACC0 
 121      BB62E0F9 
 122 05f8 2CF1AE4A 		.ascii	",\361\256J5\201w\015\372?\343[j\343\357\306\250,et\232"
 122      3581770D 
 122      FA3FE35B 
 122      6AE3EFC6 
 122      A82C6574 
 123 060d EECDB879 		.ascii	"\356\315\270y\035Tjo+\255up7\013\301\315\032\313n\326"
 123      1D546A6F 
 123      2BAD7570 
 123      370BC1CD 
 123      1ACB6ED6 
 124 0621 2AB87923 		.ascii	"*\270y#\264\233\303\334\315\233\320\374\226\320n\326"
 124      B49BC3DC 
 124      CD9BD0FC 
 124      96D06ED6 
 125 0631 4937EBC3 		.ascii	"I7\353\303\272\331@\335\244\325\260\026\303\272y\013"
 125      BAD940DD 
 125      A4D5B016 
 125      C3BA790B 
 126 0641 DC6C80B9 		.ascii	"\334l\200\271\314/\225\367F\033\006Sc\030\314\301\025"
 126      CC2F95F7 
 126      461B0653 
 126      6318CCC1 
 126      15
 127 0652 F79E2037 		.ascii	"\367\236 7=\322MF@\215f7\025\210|\322M\322M\3405\233"
 127      3DD24D46 
 127      408D6637 
 127      15887CD2 
 127      4DD24DE0 
 128 0668 DD54E67D 		.ascii	"\335T\346}'\335\004\336mc}\275Vx-\322D\340\265\232_"
 128      27DD04DE 
 128      6D637DBD 
 128      56782DD2 
 128      44E0B59A 
 129 067d 3B95796D 		.ascii	";\225ym\322<\340\3351\233\247\314k\227\346\001\257\303"
 129      D23CE0DD 
 129      319BA7CC 
 129      6B97E601 
 129      AFC3
 130 068f 6C9E32EF 		.ascii	"l\2362\357{i\036\360\356R\336\352f\276\037\365\202\025"
 130      7B691EF0 
 130      EE52DEEA 
 130      66BE1FF5 
 130      8215
 131 06a1 63F5D333 		.ascii	"c\365\3233\342\235k\031h\326iY\263\037\0244\353\012"
 131      E29D6B19 
 131      68D66959 
 131      B31F1434 
 131      EB0A
 132 06b3 ADD913AE 		.ascii	"\255\331\023\256\331\217\320\351\326\320\232\335\223"
ARM GAS  /var/folders/_f/jzb7lsz153bclt069nvlpp5r0000gn/T//cchfNP5V.s 			page 10


 132      D98FD0E9 
 132      D6D09ADD 
 132      93
 133 06c0 9A7587D5 		.ascii	"\232u\207\325\254\207jF\253a-\206\325\254\0074\353\205"
 133      AC876A46 
 133      AB612D86 
 133      D5AC0734 
 133      EB85
 134 06d2 217436DC 		.ascii	"!t6\334\2364\2765\3514\014!\245\271\3750\011\362\254"
 134      9E34BE35 
 134      E9340C21 
 134      A5B9FD30 
 134      09F2AC
 135 06e5 4F7AC610 		.ascii	"Oz\306\020\350\276\3313\025\244\270G#E\003`\277Y4u\340"
 135      E8BED933 
 135      15A4B847 
 135      23450360 
 135      BF593475 
 136 06fa 43691A00 		.ascii	"Ci\032\000\007\314\246\251\003\007\245j\000\0342\253"
 136      07CCA6A9 
 136      0307A56A 
 136      001C32AB 
 137 070a A60E1C96 		.ascii	"\246\016\034\226\256\001p\304\354\232:pT\312\006\300"
 137      AE0170C4 
 137      EC9A3A70 
 137      54CA06C0 
 138 071a 31B36CEA 		.ascii	"1\263l\352\300qi\033\000'\004\320\372\335\037\220c|"
 138      C071691B 
 138      002704D0 
 138      FADD1F90 
 138      637C
 139 072c A0AC2596 		.ascii	"\240\254%\226\333v\211\337\375\261l\333\224\202m\217"
 139      DB7689DF 
 139      FDB16CDB 
 139      94826D8F 
 140 073c 43DB362B 		.ascii	"C\3336+\356\376@\247\333\302\334\375\221\266=\015k\333"
 140      EEFE40A7 
 140      DBC2DCFD 
 140      91B63D0D 
 140      6BDB
 141 074e 4376F787 		.ascii	"Cv\367\207\3326\371\023\266\315\200m\2630\005\357\310"
 141      DA36F913 
 141      B6CD806D 
 141      B33005EF 
 141      C8
 142 075f 52A6DDF8 		.ascii	"R\246\335\370\355\273a\012O\247\257-l\011\276\373#m"
 142      EDBB610A 
 142      4FA7AF2D 
 142      6C09BEFB 
 142      236D
 143 0771 6308F4CC 		.ascii	"c\010\364\314l\233\012\222\017\366\271\264\015\200>"
 143      6C9B0A92 
 143      0FF6B9B4 
 143      0D803E
 144 0780 B36DEAC0 		.ascii	"\263m\352\300\027\3226\000\2764\333\246\016\234\223"
 144      17D23600 
 144      BE34DBA6 
ARM GAS  /var/folders/_f/jzb7lsz153bclt069nvlpp5r0000gn/T//cchfNP5V.s 			page 11


 144      0E9C93
 145 078f B60170DE 		.ascii	"\266\001p\336l\233:\360\225\264\015\200\013f\333\324"
 145      6C9B3AF0 
 145      95B40D80 
 145      0B66DBD4 
 146 079f 818BD236 		.ascii	"\201\213\3226\000\372\315\266\251\003\227\244m\000|"
 146      00FACDB6 
 146      A90397A4 
 146      6D007C
 147 07ae BD59DB96 		.ascii	"\275Y\333\226A\216\241W\363\255\374\007\014z\015\330"
 147      418EA157 
 147      F3ADFC07 
 147      0C7A0DD8 
 148 07be B662D9B6 		.ascii	"\266b\331\266U\005\333\002\241m[\344\266\351\204u\372"
 148      5505DB02 
 148      A16D5BE4 
 148      B6E98475 
 148      FA
 149 07cf 46       		.ascii	"F"
 150 07d0 68DB9C44 		.ascii	"h\333\234D\330\226D\302\331\346\243\266\321jX\213am"
 150      D89644C2 
 150      D9E6A3B6 
 150      D16A588B 
 150      616D
 151 07e2 4B26CC36 		.ascii	"K&\3146\027aS\270;S\326c3La\3050\205\226\321\274\264"
 151      176153B8 
 151      3B53D663 
 151      334C61C5 
 151      308596D1 
 152 07f8 C820DB52 		.ascii	"\310 \333R\210\260\215!\320\001b\262M\005\311\007{\220"
 152      88B08D21 
 152      D00162B2 
 152      4D05C907 
 152      7B90
 153 080a 08DB0098 		.ascii	"\010\333\000\230JL\266\251\003\017\021a\033\000\323"
 153      4A4CB6A9 
 153      030F1161 
 153      1B00D3
 154 0819 88C93675 		.ascii	"\210\3116u\340a\"l\003\340\021b\262M\035x\224\010\333"
 154      E061226C 
 154      03E01162 
 154      B24D1D78 
 154      9408DB
 155 082c 00788C98 		.ascii	"\000x\214\230lS\007\246\023a\033\0003\210\3116u`&\021"
 155      6C5307A6 
 155      13611B00 
 155      3388C936 
 155      75602611 
 156 0840 B601308B 		.ascii	"\266\0010\213l\322\266\343\204\311\261r\250\345\200"
 156      6CD2B6E3 
 156      84C9B172 
 156      A8E580
 157 084f F8B9A707 		.ascii	"\370\271\247\007l\313&Vm;A6n\333I\022\322\266\327\334"
 157      6CCB2656 
 157      6D3B4136 
 157      6EDB4912 
 157      D2B6D7DC 
ARM GAS  /var/folders/_f/jzb7lsz153bclt069nvlpp5r0000gn/T//cchfNP5V.s 			page 12


 158 0863 B61CE8F4 		.ascii	"\266\034\350\364\315\320\266\345J\333N\205\265m\201"
 158      CDD0B6E5 
 158      4ADB4E85 
 158      B56D81
 159 0872 DA46AB61 		.ascii	"\332F\253a-\206\265\355\033\260-\017\246\320W0Ul\334"
 159      2D86B5ED 
 159      1BB02D0F 
 159      A6D05730 
 159      556CDC
 160 0885 F3E81AAC 		.ascii	"\363\350\032\254M\301\337\235~?:\310\266\323\3226\206"
 160      4DC1DF9D 
 160      7E3F3AC8 
 160      B6D3D236 
 160      86
 161 0896 40F966DB 		.ascii	"@\371f\333T\220|\260g\244m\000,0\333\246\016,\224\266"
 161      54907CB0 
 161      67A46D00 
 161      2C30DBA6 
 161      0E2C94B6 
 162 08aa 01F0ACD9 		.ascii	"\001\360\254\3316u`\221\264\015\200\305f\333\324\201"
 162      36756091 
 162      B40D80C5 
 162      66DBD481 
 163 08ba 25D23600 		.ascii	"%\3226\000\226\232mS\007\236\223\266\001\360\274\331"
 163      969A6D53 
 163      079E93B6 
 163      01F0BCD9 
 164 08ca 36756099 		.ascii	"6u`\231\264\015\200\345\0028\204\234\236\234?\302\365"
 164      B40D80E5 
 164      0238849C 
 164      9E9C3FC2 
 164      F5
 165 08db A7B1DF00 		.ascii	"\247\261\337\000B\3547\177\3505\376ABB\342\332\337\367"
 165      42EC377F 
 165      E835FE41 
 165      4242E2DA 
 165      DFF7
 166 08ed 3FDFFBC9 		.ascii	"?\337\373\311\336]\273\367\354\370e\302\316\204\235"
 166      DE5DBBF7 
 166      ECF865C2 
 166      CE849D
 167 08fc 89FBBE4A 		.ascii	"\211\373\276J\374\374\343\177&~\262\357\343\177\375"
 167      FCFCE37F 
 167      267EB2EF 
 167      E37FFD
 168 090b FDABC4DD 		.ascii	"\375\253\304\335\037\355\331\375\321\037v\356\370\340"
 168      1FEDD9FD 
 168      D11F76EE 
 168      F8E0
 169 0919 577B7EF7 		.ascii	"W{~\367\341\356\367w\375\345\367\177\372+\177.\341S"
 169      E1EEF777 
 169      FDE5F77F 
 169      FA2B7F2E 
 169      E153
 170 092b CDF6D997 		.ascii	"\315\366\331\227{\367}i\377t\337\027\377\330\373\331"
 170      7BF77D69 
 170      FF74DF17 
ARM GAS  /var/folders/_f/jzb7lsz153bclt069nvlpp5r0000gn/T//cchfNP5V.s 			page 13


 170      FFD8FBD9 
 171 093b FF004B87 		.ascii	"\377\000K\207\006y"
 171      0679
 172              		.text
 173              		.section	.gnu.lto___early_init.13db55b4990289c0,"",%progbits
 174 0000 789C6366 		.ascii	"x\234cf\300\004R@|\006\210=\200\230\221\231\201\221"
 174      C0045240 
 174      7C06883D 
 174      80989199 
 174      8191
 175 0012 69C23906 		.ascii	"i\3029\006\206F\016&FF\020\203\201\221\241\236\211\261"
 175      86460E26 
 175      46461083 
 175      8191A19E 
 175      89B1
 176 0024 9EF125D3 		.ascii	"\236\361%\323G&\306\011\007V\317\340V_\332\320\320\360"
 176      4726C609 
 176      0756CFE0 
 176      565FDAD0 
 176      D0F0
 177 0036 61D15789 		.ascii	"a\321W\211V\211\237L\014\014\237\231 \3060.gTg\000\252"
 177      56899F4C 
 177      0C0C9F99 
 177      20C6302E 
 177      67546700 
 178 004b F9D8F2F7 		.ascii	"\371\330\362\367:7[\013P\215\000D\216q\005#\033#\220"
 178      3A375B0B 
 178      508D0044 
 178      8E710523 
 178      1B2390
 179 005e 5E2F74A0 		.ascii	"^/t\240\341\377\377\307s\336|eaa`x\002\224\002\231\377"
 179      E1FFFFC7 
 179      73DE7C65 
 179      61616078 
 179      02940299 
 180 0073 94890944 		.ascii	"\224\211\011D3\337al>p\363\034#H1\310\224y\227\373\326"
 180      33DF616C 
 180      3E70F31C 
 180      234831C8 
 180      947997FB 
 181 0088 31D5FE6E 		.ascii	"1\325\376n\350h\340\370\311\304\370\231\011h\000\343"
 181      E868E0F8 
 181      C9C4F899 
 181      096800E3 
 182 0098 4AC65A86 		.ascii	"J\306Z\206\237@\345 \245\267\370p\251\004\232\313\270"
 182      9F40E520 
 182      A5B7F870 
 182      A9049ACB 
 182      B8
 183 00a9 0AAAF21E 		.ascii	"\012\252\362\036c\343\201\273~`\225\014 +\031AV\001"
 183      63E381BB 
 183      7E60950C 
 183      202B1941 
 183      5601
 184 00bb 15B8E9E9 		.ascii	"\025\270\351\351\351\303\221sFfR\246\177p\274\221\201"
 184      E9C39173 
 184      466652A6 
ARM GAS  /var/folders/_f/jzb7lsz153bclt069nvlpp5r0000gn/T//cchfNP5V.s 			page 14


 184      7F70BC91 
 184      81
 185 00cc 9EB19EB1 		.ascii	"\236\261\236\261~~\261~Fb\216~R~bQJ\261~pH|p\210\257"
 185      7E7EB17E 
 185      46628E7E 
 185      527E6251 
 185      4AB17E70 
 186 00e5 B1919B49 		.ascii	"\261\221\233I\274\213g\260\263\177\230kP$DN/\231\001"
 186      BC8B67B0 
 186      B37F986B 
 186      5024444E 
 186      2F9901
 187 00f8 002AB25E 		.ascii	"\000*\262^\273"
 187      BB
 188              		.text
 189              		.section	.gnu.lto_boardInit.13db55b4990289c0,"",%progbits
 190 0000 789C6366 		.ascii	"x\234cf\300\004R@\\\002\304\036@\314\310\314\300\310"
 190      C0045240 
 190      5C02C41E 
 190      40CCC8CC 
 190      C0C8
 191 0012 34E11C03 		.ascii	"4\341\034\003C#\007\023##\210\301\300\310P\317\304X"
 191      43230713 
 191      232388C1 
 191      C0C850CF 
 191      C458
 192 0024 CFF892E9 		.ascii	"\317\370\222\351#\023\343\204\003\253gp\253/mhh\370"
 192      2313E384 
 192      03AB6770 
 192      AB2F6D68 
 192      68F8
 193 0036 D03459B2 		.ascii	"\3204Y\262U\342'\023\003\303g&\2101\214\313\031\325"
 193      55E22713 
 193      03C36726 
 193      88318CCB 
 193      19D5
 194 0048 19806A3E 		.ascii	"\031\200j>\266\374\275\316\315\326\002T#\000\221c\\"
 194      B6FCBDCE 
 194      CDD60254 
 194      23009163 
 194      5C
 195 0059 C1C8C608 		.ascii	"\301\310\306\010\244\327\013\035h\370\377\177\361\364"
 195      A4D70B1D 
 195      68F8FF7F 
 195      F1F4
 196 0067 35935981 		.ascii	"5\223Y\201\302O\200\030d\376S&&\020\315|\217\221\021"
 196      C24F8018 
 196      64FE5326 
 196      2610CD7C 
 196      8F9111
 197 007a A41064D2 		.ascii	"\244\020d\322\023&F\220\020P\201\233\236\236>\0349g"
 197      13264690 
 197      1050819B 
 197      9E9E3E1C 
 197      3967
 198 008c 642665FA 		.ascii	"d&e\372\007\307\033\031\350\031\353\031\353\347\027"
 198      07C71B19 
ARM GAS  /var/folders/_f/jzb7lsz153bclt069nvlpp5r0000gn/T//cchfNP5V.s 			page 15


 198      E819EB19 
 198      EBE717
 199 009b EB6724E6 		.ascii	"\353g$\346\350'\345'\026\245\024\353\007\207\304\007"
 199      E827E527 
 199      16A514EB 
 199      0787C407 
 200 00ab 87F81A1B 		.ascii	"\207\370\032\033\271\231\304\273x\006;\373\207\271\006"
 200      B999C4BB 
 200      78063BFB 
 200      87B906
 201 00ba 4542E4F4 		.ascii	"EB\344\364\222\031\000\261\326<\331"
 201      921900B1 
 201      D63CD9
 202              		.text
 203              		.section	.gnu.lto_.symbol_nodes.13db55b4990289c0,"",%progbits
 204 0000 789C4DC8 		.ascii	"x\234M\310\273\011\200@\020\006\341\331\177\223\013"
 204      BB098040 
 204      1006E1D9 
 204      7F930B
 205 000f ACCF76F6 		.ascii	"\254\317v\366BC\033P\016k\271\330\032L|T!\012*8\311"
 205      42431B50 
 205      0E6BB9D8 
 205      1A4C7C54 
 205      210A2A38 
 206 0024 C0E740CB 		.ascii	"\300\347@\313\233V\005\3643D0\224\256A\233\302>\031"
 206      9B5605F4 
 206      33443094 
 206      AE419BC2 
 206      3E19
 207 0036 4B42BB42 		.ascii	"KB\273B\177\260C\341\017\220s\302\015\246\34547\247"
 207      7FB043E1 
 207      0F9073C2 
 207      0DA6E534 
 207      37A7
 208 0048 DEE70266 		.ascii	"\336\347\002f\352\031\212"
 208      EA198A
 209              		.text
 210              		.section	.gnu.lto_.refs.13db55b4990289c0,"",%progbits
 211 0000 789C6366 		.ascii	"x\234cf```d\200\002\000\000=\000\005"
 211      60606064 
 211      80020000 
 211      3D0005
 212              		.text
 213              		.section	.gnu.lto_.decls.13db55b4990289c0,"",%progbits
 214 0000 789CCD59 		.ascii	"x\234\315YkPTG\026\236\276=3\014\343\200V\260\222-7"
 214      6B505447 
 214      169EBE3D 
 214      330CE380 
 214      56B0922D 
 215 0015 B521A68A 		.ascii	"\265!\246\212\312\356FG\321d7[\273Y\025P\2515B\015&"
 215      CAEE4647 
 215      D164375B 
 215      BB591550 
 215      A935420D 
 216 002a D9547E4C 		.ascii	"\331T~L\010`d\203\302\002\356\352\376\331\313C\203\240"
 216      08606483 
 216      C202EEEA 
ARM GAS  /var/folders/_f/jzb7lsz153bclt069nvlpp5r0000gn/T//cchfNP5V.s 			page 16


 216      FED9CB43 
 216      83A0
 217 003c 82F8025F 		.ascii	"\202\370\002_\214\"\362\226\267\212\"\214(\310C\211"
 217      8C22F296 
 217      B78A228C 
 217      28C84389 
 218 004c 8A208AC8 		.ascii	"\212 \212\310\210\221\227\202\250\250 \002{\272{f\356"
 218      88919782 
 218      A8A82002 
 218      7BBA7B66 
 218      EE
 219 005d CCF59A4D 		.ascii	"\314\365\232MR\373co\315\231\356s\373\353\257Ow\237"
 219      52FB636F 
 219      CD99EE73 
 219      FBEBAF4F 
 219      779F
 220 006f D3F7DC19 		.ascii	"\323\367\334\031,\223\311\026 \231l\022.\357_\312d\363"
 220      2C93C916 
 220      20996C12 
 220      2EEF5FCA 
 220      64F3
 221 0081 E532197C 		.ascii	"\3452\031|d\2762\341\"z\036\310Q\220B\220b\331\313\027"
 221      64BE32E1 
 221      227A1EC8 
 221      51904290 
 221      62D9CB17 
 222 0095 697732F7 		.ascii	"iw2\367{\033\3445\340\234\006R\011ug\020\015\210'\350"
 222      7B1BE435 
 222      E09C0652 
 222      09756710 
 222      0D8827E8 
 223 00a9 5F80AC07 		.ascii	"_\200\254\007Y\007\362/\020\017\020\027hSC\211A\036"
 223      5907F22F 
 223      100F1017 
 223      68534389 
 223      411E
 224 00bb 433D0231 		.ascii	"C=\0021\233\376\010\362\001\310\207 \177\002\371\010"
 224      9BFE08F2 
 224      01C88720 
 224      7F02F908 
 225 00cb E40F2021 		.ascii	"\344\017 ! \177\007Y\015\022\016\362\015H\030\310\337"
 225      207F0759 
 225      0D120EF2 
 225      0D4818C8 
 225      DF
 226 00dc 40424138 		.ascii	"@BA8\263=\377\206:|dQ\310\336V2\017l\2665\032\332\262"
 226      B33DFF86 
 226      3A7C6451 
 226      C8DE5632 
 226      0F6CB635 
 227 00f3 CDF7B1B9 		.ascii	"\315\367\261\271-\357\025s$sG6k\203\314\367\304\327"
 227      2DEF1573 
 227      24734736 
 227      6B83CCF7 
 227      C4D7
 228 0105 430E951F 		.ascii	"C\016\225\037\035\2768\245\227C\316jW\242\236L\256K"
 228      1DBE38A5 
ARM GAS  /var/folders/_f/jzb7lsz153bclt069nvlpp5r0000gn/T//cchfNP5V.s 			page 17


 228      9743CE6A 
 228      57A29E4C 
 228      AE4B
 229 0117 5182AA51 		.ascii	"Q\202\252Q\313\211zj\254\353\252\374\215\235<\\I1\374"
 229      CB897A6A 
 229      ACEBAAFC 
 229      8D9D3C5C 
 229      4931FC
 230 012a 3439F27D 		.ascii	"49\362}\035e\242\031(\013\315\000\326l\364\006|\177"
 230      1D65A219 
 230      280BCD00 
 230      D66CF406 
 230      7C7F
 231 013c 21674C4F 		.ascii	"!gLO\322\207:\344\230C\244\236\236r\373\252\372\275"
 231      D2873AE4 
 231      9843A49E 
 231      9E72FBAA 
 231      FABD
 232 014e 1CE816C7 		.ascii	"\034\350\026\307\033/q\302p\003\306\003\233\225\256"
 232      1B2F71C2 
 232      7003C603 
 232      9B95AE
 233 015d 077863E1 		.ascii	"\007xc\341P\371p\203s*o\210\346'&'\021%C9\010\243\\"
 233      50F97083 
 233      732A6F88 
 233      E6272627 
 233      11254339 
 234 0174 F41E3519 		.ascii	"\364\0365\031\352\314\366<\344\012\035\253\267=\032"
 234      EACCF63C 
 234      E40A1DAB 
 234      B73D1A
 235 0183 40F84BCA 		.ascii	"@\370K\312\036\337\232\371\021p\030\012M9\347\203\214"
 235      1EDF9AF9 
 235      1170180A 
 235      4D39E783 
 235      8C
 236 0194 B1FC8BC9 		.ascii	"\261\374\213\311I\314\010\362m\010\362-\004G)ANZb\213"
 236      49CC08F2 
 236      6D08F22D 
 236      04472941 
 236      4E5A628B 
 237 01a8 035E4D09 		.ascii	"\003^M\011\362\206+\313\035\200\241\260\320\220\222"
 237      F2862BCB 
 237      1D80A1B0 
 237      D09092
 238 01b7 ADACE38D 		.ascii	"\255\254\343\215\223\223\177\246\375\013l\372\027X\372"
 238      93937FA6 
 238      FD0B6CFA 
 238      1758FA
 239 01c6 17D2FE99 		.ascii	"\027\322\376\231\231\255\371\012\374O\332\277/\3064"
 239      99ADF90A 
 239      FC4FDABF 
 239      2FC634
 240 01d5 446661E2 		.ascii	"Dfa\342\207R2\356\274\225R\314WS+\020\242,E6,E\026\226"
 240      875232EE 
 240      BC9552CC 
 240      57532B10 
ARM GAS  /var/folders/_f/jzb7lsz153bclt069nvlpp5r0000gn/T//cchfNP5V.s 			page 18


 240      A22C4536 
 241 01ed 62CAD2D5 		.ascii	"b\312\322\325\323\023\255\241\313mT\021\246\322\252"
 241      D313ADA1 
 241      CB6D5411 
 241      A6D2AA
 242 01fc 92471ABA 		.ascii	"\222G\032\272\336q\224yO\323\265M\012|\031Q%\352\310"
 242      DE719479 
 242      4FD3B54D 
 242      0A7C1951 
 242      25EAC8
 243 020f A9CD0ED0 		.ascii	"\251\315\016\320\370\266\232\256]\347\336\321\303\216"
 243      F8B69AAE 
 243      5DE7DED1 
 243      C38E
 244 021d 54253130 		.ascii	"T%10\225\334\252\252\034\251U\343\016\006\337\034g\252"
 244      95DCAAAA 
 244      1CA955E3 
 244      0E06DF1C 
 244      67AA
 245 022f 57E36EAA 		.ascii	"W\343n\252pu\335|\2723rS\037\206=\030\352\313\354Z\032"
 245      7075DD7C 
 245      BA337253 
 245      1F863D18 
 245      EACBEC5A 
 246 0244 C32F40A7 		.ascii	"\303/@\247\220\032\225[\215\243\274\344\212\343\371"
 246      901A955B 
 246      8DA3BCE4 
 246      8AE3F9
 247 0253 68B2BF8E 		.ascii	"h\262\277\216u\3162\353\366\242\223\310\015\020\024"
 247      75CE32EB 
 247      F6A293C8 
 247      0D1014
 248 0262 8B8EC1CD 		.ascii	"\213\216\301\315\343p\023\210k^T\306*\220\332M\272\323"
 248      E3701388 
 248      6B5E54C6 
 248      2A90DA4D 
 248      BAD3
 249 0274 69894ED4 		.ascii	"i\211N\324\204\354\204\344\327y^\216*\300\204\023\202"
 249      84EC84E4 
 249      D7795E8E 
 249      2AC08413 
 249      82
 250 0285 096091E0 		.ascii	"\011`\221\340\033\325\207\327\251\2016\346\307\321B"
 250      1BD587D7 
 250      A98136E6 
 250      C7D142
 251 0294 8FE84BF7 		.ascii	"\217\350K\367\357L\305G0\235~\333-\223q\012\316f\012"
 251      EF4CC547 
 251      309D7EDB 
 251      2D93710A 
 251      CE660A
 252 02a7 9FD8138B 		.ascii	"\237\330\023\213q\021S\016\357\334\225\247\240\213L"
 252      7111530E 
 252      EFDC95A7 
 252      A08B4C
 253 02b6 D77C5372 		.ascii	"\327|SrL\217\012\037cm\005\305ci\216\370$S\032\273F"
 253      4C8F0A1F 
ARM GAS  /var/folders/_f/jzb7lsz153bclt069nvlpp5r0000gn/T//cchfNP5V.s 			page 19


 253      636D05C5 
 253      63698EF8 
 253      24531ABB 
 254 02cb 1EB3DD98 		.ascii	"\036\263\335\230F\324\375\2655W\224\370,k{\330z\354"
 254      46D4FDB5 
 254      355794F8 
 254      2C6B7BD8 
 254      7AEC
 255 02dd B7F802AB 		.ascii	"\267\370\002\253\247>\273P;\225\342~A\371\333\022\367"
 255      A73EBB50 
 255      3B95E27E 
 255      41F9DB12 
 255      F7
 256 02ee 61DCC2DA 		.ascii	"a\334\302\332F\233z\3120\356d\212%\2724,\272\232\263"
 256      469B7ACA 
 256      30EE648A 
 256      25BA342C 
 256      BA9AB3
 257 0301 92E254B8 		.ascii	"\222\342T\270\227\265\025\247g\034s\244\256\260\200"
 257      97B515A7 
 257      671C73A4 
 257      AEB080
 258 0310 3A7542D1 		.ascii	":uB\321\244\003\231>o\236>t\262\211\265&\262P\350\335"
 258      A403993E 
 258      6F9E3E74 
 258      B289B526 
 258      B250E8DD 
 259 0324 19E8D774 		.ascii	"\031\350\327t\346Q\3733L\370\265$\2126\360\256\221t"
 259      E651FB33 
 259      4CF8B524 
 259      8A36F0AE 
 259      9174
 260 0336 5D2F02BA 		.ascii	"]/\002\272\232\242\277C\257Y\372\020t\023\237\222\344"
 260      9AA2BF43 
 260      AF59FA10 
 260      74139F92 
 260      E4
 261 0347 8C1FB271 		.ascii	"\214\037\262q\263\272\232\222\235\250M\357\0225\347"
 261      B3BA9A92 
 261      9DA84DEF 
 261      1235E7
 262 0356 D6588C02 		.ascii	"\326X\214\002\217\261\266\316g\235\325\016\264m\016"
 262      8FB1B6CE 
 262      679DD50E 
 262      B46D0E
 263 0365 51CF6714 		.ascii	"Q\317g\024\244)q\214\234\266\235\277\367\264\037\341"
 263      A429718C 
 263      9CB69DBF 
 263      F7B41FE1 
 264 0375 04A64419 		.ascii	"\004\246D\031\363\233\031\360\367D\355\316\257Mw\306"
 264      F39B19F0 
 264      F744EDCE 
 264      AF4D77C6 
 265 0385 DB59DBF5 		.ascii	"\333Y\333\365\314o\267\253\360~\271\335,5l\2265\327"
 265      CC6FB7AB 
 265      F07EB9DD 
 265      2C356C96 
ARM GAS  /var/folders/_f/jzb7lsz153bclt069nvlpp5r0000gn/T//cchfNP5V.s 			page 20


 265      35D7
 266 0397 36F62971 		.ascii	"6\366)q\006k\233<\226R\357\204\363\231R^\2244\352L\201"
 266      066B9B3C 
 266      9652EF84 
 266      F399525E 
 266      9434EA4C 
 267 03ac 4B6920D4 		.ascii	"Ki \324E\327(\360q\326\326Sy\237\347h\233/Q\267|oHW"
 267      45D728F0 
 267      71D6D653 
 267      799FE768 
 267      9B2F51B7 
 268 03c4 E133AC2D 		.ascii	"\3413\254-u\240;Q\211\033\231\022W\261\343\010\033\355"
 268      75A03B51 
 268      891B9912 
 268      57B1E308 
 268      1BED
 269 03d6 AF441D9B 		.ascii	"\257D\035\233\310~\340\204[X[n&\377:\356d\365\302\252"
 269      C87EE084 
 269      5B585B6E 
 269      26FF3AEE 
 269      64F5C2AA 
 270 03ea DC4D0CF7 		.ascii	"\334M\014\367%\335\333\234[YSq\037kk\255\271q\323\011"
 270      25DDDB9C 
 270      5B595371 
 270      1F6B6BAD 
 270      B971D309 
 271 03fe 3F66CADE 		.ascii	"?f\312\336\244+\251\314#V\021u[\306\216\215\034\036"
 271      A42BA9CC 
 271      23561175 
 271      5BC68E8D 
 271      1C1E
 272 0410 676D695B 		.ascii	"gmi[\213G\331Y\031Fc\261\266\351\220#\216V\320\266\347"
 272      8B47D959 
 272      194663B1 
 272      B6E99023 
 272      8E56D0B6 
 273 0425 9B4B6A39 		.ascii	"\233Kj9\274\221)E-\275\327\324\024\270\216\250\206\346"
 273      BC912945 
 273      2DBDD7D4 
 273      14B88EA8 
 273      86E6
 274 0437 AA6C0D4E 		.ascii	"\252l\015Nbm;+\366%3Kx\252\367\227L\334Q\340]\264\321"
 274      626D3B2B 
 274      F625334B 
 274      78AAF797 
 274      4CDC51E0 
 275 044e B57638E1 		.ascii	"\265v8\341\224\003\232i\276\\fJ^n\006>6f\250\276\354"
 275      94039A69 
 275      BE5C664A 
 275      5E6E063E 
 275      3666A8BE 
 276 0463 C5F26D19 		.ascii	"\305\362m\031\033\371\2729\250\022\\\241\001Bl\004\271"
 276      1BF9BA39 
 276      A8125CA1 
 276      01426C04 
 276      B9
 277 0474 0811D448 		.ascii	"\010\021\324H\375\3427\360%#x\303w%\201\306XL\261Ub"
ARM GAS  /var/folders/_f/jzb7lsz153bclt069nvlpp5r0000gn/T//cchfNP5V.s 			page 21


 277      FDE237F0 
 277      252378C3 
 277      772581C6 
 277      584CB155 
 278 0489 ECBBF6D0 		.ascii	"\354\273\366\320\2042+t@\014\035\024\321\216\012\264"
 278      84322B74 
 278      400C1D14 
 278      D18E0AB4 
 279 0499 1D62EC2D 		.ascii	"\035b\354-[,\317\033&K\344\004\013\276\212\272\315X"
 279      5B2CCF1B 
 279      264BE404 
 279      0BBE8ABA 
 279      CD58
 280 04ab 8B07A31E 		.ascii	"\213\007\243\036\021\357&\301\206~1o\037\305f\"+q|\231"
 280      11EF26C1 
 280      867E316F 
 280      1FC56622 
 280      2B717C99 
 281 04bf 95F89E98 		.ascii	"\225\370\236\230\370\276\2108N \356\225&\246\330m4\322"
 281      F8BE8838 
 281      4E20EE95 
 281      26A6D86D 
 281      34D2
 282 04d1 787E41A4 		.ascii	"x~A\244\014\225@{)m\"h8\223P\"\347\206\036\242\231\350"
 282      0C95407B 
 282      296D2268 
 282      38935022 
 282      E7861EA2 
 283 04e7 39C8B7DC 		.ascii	"9\310\267\334L\264\005$\036d3H\002H,\310\020\264M\200"
 283      4CB40524 
 283      1E643348 
 283      02482CC8 
 283      10B44D80 
 284 04fb 44433D06 		.ascii	"DC=\006d+\310&\2208\2201\270\317C\271\001\3441\3247"
 284      642BC826 
 284      90389031 
 284      B8CF43B9 
 284      01E431D4 
 285 0510 42390AE5 		.ascii	"B9\012\3458H\024\324'\241\034\006y\006\362\004\344)"
 285      384814D4 
 285      27A11C06 
 285      7906F204 
 285      E429
 286 0522 C8239017 		.ascii	"\310#\220\027h&=<\351L\306\204\2457\211gr[4\3536\001"
 286      68263D3C 
 286      E94CC684 
 286      A5378967 
 286      725B34EB 
 287 0538 6B94DC7D 		.ascii	"k\224\334}\313j\002vP\300\266\211\261\327E\274\233\205"
 287      CB6A0276 
 287      50C0B689 
 287      B1D745BC 
 287      9B85
 288 054a D57C20ED 		.ascii	"\325| \355*\326m\2126\274`\304\344\344\352\2226\330"
 288      2AD66D8A 
 288      36BC60C4 
 288      E4E4EA92 
ARM GAS  /var/folders/_f/jzb7lsz153bclt069nvlpp5r0000gn/T//cchfNP5V.s 			page 22


 288      36D8
 289 055c C68A5EC1 		.ascii	"\306\212^\301\212\013\322\276m\003\236\020\300w\305"
 289      8A0BD2BE 
 289      6D039E10 
 289      C077C5
 290 056b E0EFC5E0 		.ascii	"\340\357\305\340\007\002\370\206\364\374l\300\343\002"
 290      0702F886 
 290      F4FC6CC0 
 290      E302
 291 0579 F88E34B3 		.ascii	"\370\2164\263\340\337}\202\177_\022\273\341e\321\302"
 291      E0DF7D82 
 291      7F5F12BB 
 291      E165D1C2 
 292 0589 F50BBC57 		.ascii	"\365\013\274W\304\274\315v\274\321\206[\302\272\325"
 292      C4BCCD76 
 292      BCD1865B 
 292      C2BAD5
 293 0598 8BB175E2 		.ascii	"\213\261u\342X\030\021\214h\027\033qSd\304s\301\210"
 293      5818118C 
 293      68171B71 
 293      5364C473 
 293      C188
 294 05aa 4EE9E0B5 		.ascii	"N\351\340\265Y\211\353\002\370\214\030\\-\262x@\260"
 294      5989EB02 
 294      F88C185C 
 294      2DB27840 
 294      B0
 295 05bb F89A18DB 		.ascii	"\370\232\030\333*&\276/\020\267H\203\005\213\333\005"
 295      2A26BE2F 
 295      10B74883 
 295      058BDB05 
 296 05cb EC3931B6 		.ascii	"\35491\266F\204\355\020\260\347\245\227M\300\336\024"
 296      4684ED10 
 296      B0E7A597 
 296      4DC0DE14 
 297 05db B0B5D2BC 		.ascii	"\260\265\322\2746\006\337\020\300g\245W\302\006|O\000"
 297      3606DF10 
 297      C067A557 
 297      C2067C4F 
 297      00
 298 05ec 5F95DE68 		.ascii	"_\225\336h\006&I\223\351bI \311\231\000$\263$\224\226"
 298      06264993 
 298      E9624920 
 298      C9990024 
 298      B3249496 
 299 0600 6C89BBF1 		.ascii	"l\211\273\361mc\216\032\271\270I\235Lh\033\034H\377"
 299      6D638E1A 
 299      B9B8499D 
 299      4C681B1C 
 299      48FF
 300 0612 2F87139D 		.ascii	"/\207\023\235\311\2262\015\217P\022\347\202\312\204"
 300      C996320D 
 300      8F5012E7 
 300      82CA84
 301 0621 E48FCCCB 		.ascii	"\344\217\314\313\222\374\265\016\216T(4\361BRI\301B"
 301      92FCB50E 
 301      8E542834 
ARM GAS  /var/folders/_f/jzb7lsz153bclt069nvlpp5r0000gn/T//cchfNP5V.s 			page 23


 301      F1425249 
 301      C142
 302 0633 FE93CC69 		.ascii	"\376\223\314ih\032\015%y\274nh\336\310\2614\232#\275"
 302      681A0D25 
 302      79BC6E68 
 302      DEC8B134 
 302      9A23BD
 303 0646 77E5F406 		.ascii	"w\345\364\006\342n\366D\235h\337\030\253\301\217\231"
 303      E26EF644 
 303      9D68DF18 
 303      ABC18F99 
 304 0656 B2A564CF 		.ascii	"\262\245d\317\036\025\036e\312HRF\206\034\363J\252\234"
 304      1E151E65 
 304      CA485246 
 304      861CF34A 
 304      AA9C
 305 0668 3A98FD40 		.ascii	":\230\375@\205\343\230RU\037uQ\215\2672\245=\371`\246"
 305      85E39852 
 305      551F7551 
 305      8DB732A5 
 305      3DF960A6 
 306 067c 334E664A 		.ascii	"3NfJ\323D\322#\007\274Ki\227\037:\263\374p\317\265\273"
 306      D344D223 
 306      07BC4B69 
 306      971F3AB3 
 306      FC70CFB5 
 307 0691 C3983EBB 		.ascii	"\303\230>\273\251\021;\033\366&*p\012\203&\335Nn\226"
 307      A9113B1B 
 307      F6262A70 
 307      0A8326DD 
 307      4E6E96
 308 06a4 E3834ABB 		.ascii	"\343\203J\273D\336\225%\362\273\357\215\224\252\250"
 308      44DE9525 
 308      F2BBEF8D 
 308      94AAA8
 309 06b3 4A5E5C60 		.ascii	"J^\\`/\017u\\\272\355hM\326{Z\337$\273\236\316\251Q"
 309      2F0F755C 
 309      BAED684D 
 309      D67B5ADF 
 309      24BB9ECE 
 310 06c9 1A675D2C 		.ascii	"\032g],W\333d\035rdE\026$\310\373\270\031h?\007\033"
 310      57DB641D 
 310      72644516 
 310      24C8FBB8 
 310      19683F07 
 311 06de 7E0836D9 		.ascii	"~\0106\331\325\234 \033\340\346A\216&\353%]\203\011"
 311      D59C201B 
 311      E0E6418E 
 311      26EB255D 
 311      8309
 312 06f0 6A0B7176 		.ascii	"j\013qv\343V\232\202g\000\361\001\201\030\306\371!\346"
 312      E3569A82 
 312      6700F101 
 312      8118C6F9 
 312      21E6
 313 0702 C392CCE8 		.ascii	"\303\222\314\350\370\203D8\264\363\330\374\022v\014"
 313      F8834438 
ARM GAS  /var/folders/_f/jzb7lsz153bclt069nvlpp5r0000gn/T//cchfNP5V.s 			page 24


 313      B4F3D8FC 
 313      12760C
 314 0711 D773B890 		.ascii	"\327s\270\220*\362\370\252\212\351\010\222\0257\022"
 314      2AF2F8AA 
 314      8AE90892 
 314      153712
 315 0720 FA4383E5 		.ascii	"\372C\203\345CN\345\205\2741\032\323q\217\300\270\331"
 315      434EE585 
 315      BC311AD3 
 315      718FC0B8 
 315      D9
 316 0731 B0B1567A 		.ascii	"\260\261Vz!\327\330fNf\027\204\313l\366\235\200\211"
 316      21D7D866 
 316      4E661784 
 316      CB6CF69D 
 316      8089
 317 0743 17E78219 		.ascii	"\027\347\202\031Y\340m9\234\345\221\007\347\312\351"
 317      59E06D39 
 317      9CE59107 
 317      E7CAE9
 318 0752 1865D61C 		.ascii	"\030e\326\034\312\233)\311\013\232\305\001O\245#\025"
 318      CA9B29C9 
 318      0B9AC501 
 318      4FA52315 
 319 0762 41BC1448 		.ascii	"A\274\024H\250\241\277v@\211\307\231\361\233\237\034"
 319      A8A1BF76 
 319      4089C799 
 319      F19B9F1C 
 320 0772 6FD740C6 		.ascii	"o\327@\3065\235Zo:\231\336\244!)\0259\271\366\302\020"
 320      359D5A6F 
 320      3A99DEA4 
 320      21291539 
 320      B9F6C210 
 321 0786 05DC74E9 		.ascii	"\005\334t\3514\011F\250\274\243 \263$V\344\275\032\232"
 321      340946A8 
 321      BCA320B3 
 321      2456E4BD 
 321      1A9A
 322 0798 6C4EF049 		.ascii	"lN\360I\270\012\263$`2\313B\230e>\314\362(g\023;\345"
 322      B80AB324 
 322      6032CB42 
 322      98653ECC 
 322      F2286713 
 323 07ae 310E103B 		.ascii	"1\016\020;\000y\331\366C\211\017\022\246N\007\316\250"
 323      0079D9F6 
 323      43890F12 
 323      A64E07CE 
 323      A8
 324 07bf 5772CAEC 		.ascii	"Wr\312\354\010\241\317\366\266C\023j<\311v\356\314"
 324      08A1CFF6 
 324      B643136A 
 324      3CC976EE 
 324      CC
 325 07d0 F3BA0A39 		.ascii	"\363\272\0129\216u`/M\023u\343N8\236)\373;\232\357;"
 325      8E75602F 
 325      4D1375E3 
 325      4E389E29 
ARM GAS  /var/folders/_f/jzb7lsz153bclt069nvlpp5r0000gn/T//cchfNP5V.s 			page 25


 325      FB3B9AEF 
 326 07e5 E144AA68 		.ascii	"\341D\252hr\207n\344*\220M\006J\223N\323Q\363\362\220"
 326      72876EE4 
 326      2A904D06 
 326      4A934ED3 
 326      51F3F290 
 327 07f9 D32C05E6 		.ascii	"\323,\005\346|\234{\305\321g{Hm\207-b\217\277\343\346"
 327      7C9C7BC5 
 327      D1677B48 
 327      6D872D62 
 327      8FBFE3E6 
 328 080d BD3D03B3 		.ascii	"\275=\003\263>\011F\032A*@\216\201\234\000)\007\251"
 328      3E09461A 
 328      412A408E 
 328      819C0029 
 328      07A9
 329 081f 02390572 		.ascii	"\0029\005r\032\244\222\263Iw\012\322\225\346\221S\305"
 329      1AA492B3 
 329      49770AD2 
 329      95E69153 
 329      C5
 330 0830 238B4FFE 		.ascii	"#\213O\376\023V\350\036i\250\315\371\234k\305\356\024"
 330      1356E81E 
 330      69A8CDF9 
 330      9C6BC5EE 
 330      14
 331 0841 63456971 		.ascii	"cEiq\235\025Y\"F\326\211Y\363\255\330\335\322\313$\320"
 331      9D155922 
 331      46D68959 
 331      F3ADD8DD 
 331      D2CB24D0 
 332 0855 D65BA1A5 		.ascii	"\326[\241\245b\2508\207o\260B\313\244\241V\013\242L"
 332      62A83887 
 332      6FB042CB 
 332      A4A1560B 
 332      A24C
 333 0867 55E941E4 		.ascii	"U\351A\344\271S\004NQ,m\256\225\327\224g\263\255\273"
 333      B953044E 
 333      512C6DAE 
 333      95D79467 
 333      B3ADBB
 334 087a 2457C1E6 		.ascii	"$W\301\346\031\225\235\256\004\357<.\021Y\334\356\222"
 334      19959DAE 
 334      04EF3C2E 
 334      1159DCEE 
 334      92
 335 088b 33CFE0F4 		.ascii	"3\317\340\364q\241\270\306\000\025:\013D;\204\223\207"
 335      71A1B8C6 
 335      00153A0B 
 335      443B8493 
 335      87
 336 089c 74A29794 		.ascii	"t\242\227\224{\240j\360\212\237\353!\340\277C\367Zj"
 336      7BA06AF0 
 336      8A9FEB21 
 336      E0BF43F7 
 336      5A6A
 337 08ae EC1F2867 		.ascii	"\354\037(g\355\036(\3478\215\305\216s\364\231rj\344"
ARM GAS  /var/folders/_f/jzb7lsz153bclt069nvlpp5r0000gn/T//cchfNP5V.s 			page 26


 337      ED1E28E7 
 337      388DC58E 
 337      73F49972 
 337      6AE4
 338 08c0 58A6333D 		.ascii	"X\2463=\334M\354\315\265\242\367\011{\311\177\223\250"
 338      DC4DECCD 
 338      B5A2F709 
 338      7BC97F93 
 338      A8
 339 08d1 2F1AF694 		.ascii	"/\032\366\224k\360\016\026\034iI\373\236(\360\036\246"
 339      6BF00E16 
 339      1C6949FB 
 339      9E28F01E 
 339      A6
 340 08e2 A40F5F7A 		.ascii	"\244\017_z\250\302\007\231r\250\240\3743\234\315\352"
 340      A8C20799 
 340      72A8A0FC 
 340      339CCDEA 
 341 08f2 A586BCF3 		.ascii	"\245\206\274\363\030\0270\245z 7\301\031\2270%+cK\017"
 341      181730A5 
 341      7A2037C1 
 341      19973025 
 341      2B634B0F 
 342 0906 C627A8E2 		.ascii	"\306'\250\342\270\351Ll\267\306\362\226\347\302\216"
 342      B8E94C6C 
 342      B7C6F296 
 342      E7C28E
 343 0915 CDF2D2BB 		.ascii	"\315\362\322\273(\2257T#z\364\324\301\232\265\274b\023"
 343      28953754 
 343      237AF4D4 
 343      C19AB5BC 
 343      6213
 344 0927 E841D851 		.ascii	"\350A\330Q\314/0'X\215b\254]4\000\366\272\200=/\311"
 344      CC2F3027 
 344      588D62AC 
 344      5D3400F6 
 344      BA803D2F 
 345 093c 2B406F0A 		.ascii	"+@o\012\320\0061\324>\263!i\251\000\276 m\203\015\270"
 345      D00631D4 
 345      3EB32169 
 345      A900BE20 
 345      6D830DB8 
 346 0950 5D00D74B 		.ascii	"]\000\327K3\013Vt\012\330\213b\254\215\353\332:Q\015"
 346      330B5674 
 346      0AD88B62 
 346      AC8DEBDA 
 346      3A510D
 347 0963 38512D39 		.ascii	"8Q-9\374)\232xP+x\320%\360\220&\220f\220\313 \337\201"
 347      FC299A78 
 347      502B78D0 
 347      25F09026 
 347      906690CB 
 348 097a 5C01B96A 		.ascii	"\\\001\271j{\332\266\271\253H\247\227\317\332\323'6"
 348      7BDAB6B9 
 348      AB48A797 
 348      CFDAD327 
 348      36
ARM GAS  /var/folders/_f/jzb7lsz153bclt069nvlpp5r0000gn/T//cchfNP5V.s 			page 27


 349 098b 94637C9A 		.ascii	"\224c|\232\356\031Wr\277\004\322\015\373\354\3132(\272"
 349      EE195772 
 349      BF04D20D 
 349      FBECCB32 
 349      28BA
 350 099d 0E63FDE4 		.ascii	"\016c\375\344q{\225\010\265A\247kB|\264pB~t!wW\202\302"
 350      717B9508 
 350      B541A76B 
 350      427CB470 
 350      427E7421 
 351 09b5 C53C9CE1 		.ascii	"\305<\234\341U\303\311\376\353X@e\034<~Cn\027\0317\354"
 351      55C3C9FE 
 351      EB584065 
 351      1C3C7E43 
 351      6E171937 
 352 09ca 22A3DD9C 		.ascii	"\"\243\335\234j\265\323\260\250\270R\324\257`aA\177"
 352      6AB5D3B0 
 352      A8B852D4 
 352      AF606141 
 352      7F
 353 09db 721CA939 		.ascii	"r\034\2519\260\225\375\352\361\202\272r\313\370\305"
 353      B095FDEA 
 353      F182BA72 
 353      CBF8C5
 354 09ea 5FE106E6 		.ascii	"_\341\006\346\326\246\361\244R\005\276\314\224\035\015"
 354      D6A6F1A4 
 354      5205BECC 
 354      941D0D
 355 09f9 DBBEC46D 		.ascii	"\333\276\304m\254\236\227\227\264\313\001w2\245\257"
 355      AC9E9797 
 355      B4CB0177 
 355      32A5AF
 356 0a08 AAAF620A 		.ascii	"\252\257b\012\356f\312@\365\3238\007<\300\224\032\236"
 356      EE66CA40 
 356      F5D33807 
 356      3CC0941A 
 356      9E
 357 0a19 07571F66 		.ascii	"\007W\037f\312\341\306\244TD\007\312b?\215\266\3059"
 357      CAE1C6A4 
 357      544407CA 
 357      623F8DB6 
 357      C539
 358 0a2b E331D676 		.ascii	"\3431\326v!!-\225\375 dd\277\260\234;\263\017\341h\025"
 358      21212D95 
 358      FD206464 
 358      BFB09C3B 
 358      B30FE168 
 359 0a40 CBECCC81 		.ascii	"\313\354\314\201\254a\201<\345\351\225\355\233\247\""
 359      AC61813C 
 359      E5E995ED 
 359      9BA722
 360 0a4f E1171437 		.ascii	"\341\027\0247\372\270\336\227\276\234\234qd\311\273"
 360      FAB8DE97 
 360      BE9C9C71 
 360      64C9BB
 361 0a5e 61C907A1 		.ascii	"a\311\007\241\264\256h\017'z\213\332\372\216\031zG\014"
 361      B4AE680F 
ARM GAS  /var/folders/_f/jzb7lsz153bclt069nvlpp5r0000gn/T//cchfNP5V.s 			page 28


 361      277A8BDA 
 361      FA8E197A 
 361      470C
 362 0a70 2D15BF70 		.ascii	"-\025\277p=\217\246\336J\300\235b\360Kogq\026\336\333"
 362      3D8FA6DE 
 362      4AC09D62 
 362      F04B6F67 
 362      7116DEDB 
 363 0a84 62A8EDFB 		.ascii	"b\250\355\373\226\255\223\335\004@\0075o\320\354a\303"
 363      96AD93DD 
 363      04400735 
 363      6FD0EC61 
 363      C3
 364 0a95 B0FD8F61 		.ascii	"\260\375\217a\207\357\203<\004\031\000y\004r\217\344"
 364      87EF833C 
 364      04190079 
 364      04728FE4 
 365 0aa5 F520FD20 		.ascii	"\365 \375 \017\204\254\2117\244Y\006\355\025\017\332"
 365      0F84AC89 
 365      37A45906 
 365      ED150FDA 
 366 0ab5 C7D9BFC1 		.ascii	"\307\331\277\301\246Z\220\337\213\221wE\310qa\326&1"
 366      A65A90DF 
 366      8B917745 
 366      C87161D6 
 366      2631
 367 0ac7 D6EEA50D 		.ascii	"\326\356\245\015\260\011\026\326\256\227\306\027!\037"
 367      B00916D6 
 367      AE97C617 
 367      211F
 368 0ad5 08ACB7C4 		.ascii	"\010\254\267\304X\341\250\242\3413\000a;(\025\266\325"
 368      58E1A8A2 
 368      E1330061 
 368      3B2815B6 
 368      D5
 369 0ae6 77BB4E38 		.ascii	"w\273N8\342M\3245\270\015\327+\013\345\226'R\001<\221"
 369      E24DD435 
 369      B80DD72B 
 369      0BE59627 
 369      52013C91 
 370 0afa 9E01E513 		.ascii	"\236\001\345\023!\342\006\245\236H\226%GOa\245\177\316"
 370      21E206A5 
 370      9E489625 
 370      474F61A5 
 370      7FCE
 371 0b0c AA930C39 		.ascii	"\252\223\01493\376\250\312.|\245Xe?\205\262\261\370"
 371      33FEA8CA 
 371      2E7CA558 
 371      653F85B2 
 371      B1F8
 372 0b1e 5C81B35D 		.ascii	"\\\201\263]\030\217\330\205\361\2509\214Gi\030_1\306"
 372      188FD885 
 372      F1A8398C 
 372      4769185F 
 372      31C6
 373 0b30 D6394B9E 		.ascii	"\3269K\236\037\262\037\177x\240\347\234\013p\305\226"
 373      1FB21F7F 
ARM GAS  /var/folders/_f/jzb7lsz153bclt069nvlpp5r0000gn/T//cchfNP5V.s 			page 29


 373      78A0E79C 
 373      0B70C596 
 374 0b40 C57738C9 		.ascii	"\305w8\3119vD\220\377\177H\2647\037y\252\246\367\310"
 374      39764490 
 374      FF7F48B4 
 374      371F79AA 
 374      A6F7C8
 375 0b53 83758CA3 		.ascii	"\203u\214\2437[&\267l\324\274\362\357\243q\216\374}"
 375      375B26B7 
 375      6CD4BCF2 
 375      EFA3718E 
 375      FC7D
 376 0b65 F48233FF 		.ascii	"\364\2023\377\177TZ\333nT\340\335,\206\333\316n\333"
 376      7F545ADB 
 376      6E54E0DD 
 376      2C86DBCE 
 376      6EDB
 377 0b77 C7D1FF89 		.ascii	"\307\321\377\211Li\031\347!\033!\377\321T\361\210\366"
 377      4C6919E7 
 377      211B21FF 
 377      D154F188 
 377      F6
 378 0b88 42139CF0 		.ascii	"B\023\234\360\007\013\324\231m\223\234+t\254\213\352"
 378      070BD499 
 378      6D939C2B 
 378      74AC8BEA 
 379 0b98 6FD3E083 		.ascii	"o\323\340\203\214\2455\372\302v\347w\016\362\227\014"
 379      8CA535FA 
 379      C276E777 
 379      0EF2970C 
 380 0ba8 A68A181F 		.ascii	"\246\212\030\037 \341M\223\223o\321u\3421\245\260\211"
 380      20E14D93 
 380      936FD175 
 380      E231A5B0 
 380      89
 381 0bb9 27B803DF 		.ascii	"'\270\003\337G\020'CQ\370\035\350}+\305\030o\177N\222"
 381      47102743 
 381      51F81DE8 
 381      7D2BC518 
 381      6F7F4E92 
 382 0bcd 3F7704FB 		.ascii	"?w\004\373\2431[`RN\215\210\\=\317]\377uXp\250>xMp\244"
 382      A3315B60 
 382      524E8D88 
 382      5C3DCF5D 
 382      FF755870 
 383 0be7 72C9F24F 		.ascii	"r\311\362O\\=d\213g\317\326Z?\036\253\202\277\012\366"
 383      5C3D648B 
 383      67CFD65A 
 383      3F1EAB82 
 383      BF0AF6
 384 0bfa F1D3BBCF 		.ascii	"\361\323\273\317\231=o\366<mh\204v\225\177\210\366\253"
 384      993D6FF6 
 384      3C6D6884 
 384      76957F88 
 384      F6AB
 385 0c0c 50FFF0C0 		.ascii	"P\377\360\300\010\255\337\012\275\337\212\217\347\271"
 385      08ADDF0A 
ARM GAS  /var/folders/_f/jzb7lsz153bclt069nvlpp5r0000gn/T//cchfNP5V.s 			page 30


 385      BDDF8A8F 
 385      E7B9
 386 0c1a 2F9EAFF7 		.ascii	"/\236\257\367\364\366\363\360\371\324K\3679k\233\035"
 386      F4F6F3F0 
 386      F9D44BF7 
 386      396B9B1D 
 387 0c2a 20D3E8F5 		.ascii	" \323\350\365A\376\341!\353)\265#\275\353\015\265il"
 387      41FEE121 
 387      EB29B523 
 387      BDEB0DB5 
 387      696C
 388 0c3c D08090D0 		.ascii	"\320\200\220\320\200oh\323\322\377>\\Xhx$\031\015\206"
 388      806F68D3 
 388      D2FF3E5C 
 388      58687824 
 388      190D86
 389 0c4f D29A075C 		.ascii	"\322\232\007\\\267\216\264\350CB\002\365\221\353\303"
 389      B78EB4E8 
 389      434202F5 
 389      91EBC3
 390 0c5e 82E6CE5E 		.ascii	"\202\346\316^%\233\242\363\360\320\257\000\3053h\245"
 390      259BA2F3 
 390      F0D0AF00 
 390      C53368A5 
 391 0c6e 6A6DF09A 		.ascii	"jm\360\232H\030&R\255\327[\252z\355\332\210p-\214\013"
 391      48182652 
 391      ADD75BAA 
 391      7AEDDA88 
 391      702D8C0B 
 392 0c82 8C1E4121 		.ascii	"\214\036A!!\376\341\332\257\003\002f\371\207\257\236"
 392      21FEE1DA 
 392      AF030266 
 392      F987AF9E 
 393 0c92 B526744D 		.ascii	"\265&tM\320\254 \377\257\202g\315\377P\353>g\356\373"
 393      D0AC20FF 
 393      AF8267CD 
 393      FF50EB3E 
 393      67EEFB
 394 0ca5 733E747F 		.ascii	"s>t\177_k\327\242\015^\023\020\26260H\273\332?`U\360"
 394      5F6BD7A2 
 394      0D5E1310 
 394      B2363048 
 394      BBDA3F60 
 395 0cbb 9A20AD3E 		.ascii	"\232 \255>0h\245\377\332\220H:~\004\214\277\342\177"
 395      3068A5FF 
 395      DA90483A 
 395      7E048CBF 
 395      E27F
 396 0ccd C31FB13E 		.ascii	"\303\037\261>B\253\217\210\014\004\253\201\224\363\320"
 396      42AB8F88 
 396      0C04AB81 
 396      94F3D0
 397 0cdc 39F82E5B 		.ascii	"9\370.[\346\261x\211NN\276\260\207\267N\265p\351\242"
 397      E6B17889 
 397      4E4EBEB0 
 397      87B74EB5 
 397      70E9A2
ARM GAS  /var/folders/_f/jzb7lsz153bclt069nvlpp5r0000gn/T//cchfNP5V.s 			page 31


 398 0cef B93ABF15 		.ascii	"\271:\277\025\264\342n\251\314#\025G\235\227\237\227"
 398      B4E26EA9 
 398      CC231547 
 398      9D979F97 
 399 0cff EE532FCF 		.ascii	"\356S/\3179\252\205\276\026\220/\003Y\333\346:\020\002"
 399      39AA85BE 
 399      16902F03 
 399      59DBE63A 
 399      1002
 400 0d11 AFE53A52 		.ascii	"\257\345:R\272\233\313yPZ\021\356\016\2447m\361\245"
 400      BA9BCB79 
 400      505A11EE 
 400      0EA4376D 
 400      F1A5
 401 0d23 086BCB3C 		.ascii	"\010k\313<G\322w\231/\271Gz[k\363X\315\202\233\357H"
 401      47D27799 
 401      2FB9477A 
 401      5B6BF358 
 401      CD829BEF 
 402 0d38 18CCADBE 		.ascii	"\030\314\255\276\026\234\245\365}\371\"O\017\230\213"
 402      169CA5F5 
 402      7DF9224F 
 402      0F988B
 403 0d47 9F70EB03 		.ascii	"\237p\353\003\205\237\237\307\022\235\032&\353\355\356"
 403      859F9FC7 
 403      129D1A26 
 403      EBEDEE
 404 0d56 47A6EAF9 		.ascii	"G\246\352\371\303\216\021\020\272zu\350\032m\320\272"
 404      C38E1110 
 404      BA7A75E8 
 404      1A6DD0BA 
 405 0d66 48F0091B 		.ascii	"H\360\011\033\267\240\376\265r\376\234\337\255[\007"
 405      B7A0FEB5 
 405      72FE9CDF 
 405      AD5B07
 406 0d75 EBA7B1F1 		.ascii	"\353\247\261\361\361H\305\307>\236^:\245\317\212\317"
 406      F148C5C7 
 406      3E9E5E3A 
 406      A5CF8ACF 
 407 0d85 7DBD740E 		.ascii	"}\275t\016>~\276^^\236:\205\357'\276\236:\354\015\342"
 407      3E7EBE5E 
 407      5E9E3A85 
 407      EF27BE9E 
 407      3AEC0DE2 
 408 0d99 E3A9439F 		.ascii	"\343\251C\237Q\327\231\373\201\325uH\025G\004E*\002"
 408      51D799FB 
 408      81D57548 
 408      15470445 
 408      2A02
 409 0dab 42C09F7F 		.ascii	"B\300\237\177Dp\330z\353\262e\236\332%\276\336>\377"
 409      4470D87A 
 409      EBB2659E 
 409      DA25BEDE 
 409      3EFF
 410 0dbd 70D70A86 		.ascii	"p\327\012\206\200Yh\251|\221\237N\247X\346\343\361\027"
 410      805968A9 
 410      7C919F4E 
ARM GAS  /var/folders/_f/jzb7lsz153bclt069nvlpp5r0000gn/T//cchfNP5V.s 			page 32


 410      A758E6E3 
 410      F117
 411 0dcf 9D7CE162 		.ascii	"\235|\341b\3352\362\265T\261:40(\\\031J\\*\334!4\","
 411      DD32F2B5 
 411      54B13A34 
 411      30285C19 
 411      4A5C2ADC 
 412 0de7 2828305C 		.ascii	"((0\\\021\2666,0\034\207\006\206\313\375W\206\207\220"
 412      11B6362C 
 412      301C8706 
 412      86CBFD57 
 412      868790
 413 0dfa AF551A3A 		.ascii	"\257U\032:!\260jm\230>R\351\273\320\323?\322_\351\273"
 413      21B06A6D 
 413      983E52E9 
 413      BBD0D33F 
 413      D25FE9BB 
 414 0e0e 88151EAC 		.ascii	"\210\025\036\254\360d\205\027+\026\263b\011+\226\262"
 414      F0648517 
 414      2B16B362 
 414      092B96B2 
 415 0e1e C29B144E 		.ascii	"\302\233\024N\224+ t\315\312\340\257\365\221\216\326"
 415      942B2074 
 415      CDCAE0AF 
 415      F5918ED6 
 416 0e2e E3C085D6 		.ascii	"\343\300\205\326,^\316\332\377\003(\220\014\221"
 416      2C5ECEDA 
 416      FF032890 
 416      0C91
 417              		.text
 418              		.section	.gnu.lto_.symtab.13db55b4990289c0,"",%progbits
 419 0000 5F5F6561 		.ascii	"__early_init\000\000\000\000\000\000\000\000\000\000"
 419      726C795F 
 419      696E6974 
 419      00000000 
 419      00000000 
 420 0016 0000AE00 		.ascii	"\000\000\256\000\000\000boardInit\000\000\000\000\000"
 420      0000626F 
 420      61726449 
 420      6E697400 
 420      00000000 
 421 002a 00000000 		.ascii	"\000\000\000\000\000\000\000\260\000\000\000stm32_c"
 421      000000B0 
 421      00000073 
 421      746D3332 
 421      5F63
 422 003c 6C6F636B 		.ascii	"lock_init\000\000\002\000\000\000\000\000\000\000\000"
 422      5F696E69 
 422      74000002 
 422      00000000 
 422      00000000 
 423 0050 00B20000 		.ascii	"\000\262\000\000\000"
 423      00
 424              		.text
 425              		.section	.gnu.lto_.opts,"",%progbits
 426 0000 272D6666 		.ascii	"'-ffp-contract=off' '-fno-trapv' '-mcpu=cortex-m4' "
 426      702D636F 
ARM GAS  /var/folders/_f/jzb7lsz153bclt069nvlpp5r0000gn/T//cchfNP5V.s 			page 33


 426      6E747261 
 426      63743D6F 
 426      66662720 
 427 0033 272D6D74 		.ascii	"'-mthumb' '-mfloat-abi=hard' '-mfpu=fpv4-sp-d16' '-"
 427      68756D62 
 427      2720272D 
 427      6D666C6F 
 427      61742D61 
 428 0066 67676462 		.ascii	"ggdb' '-O2' '-fomit-frame-pointer' '-falign-functio"
 428      2720272D 
 428      4F322720 
 428      272D666F 
 428      6D69742D 
 429 0099 6E733D31 		.ascii	"ns=16' '-ffunction-sections' '-fdata-sections' '-fn"
 429      36272027 
 429      2D666675 
 429      6E637469 
 429      6F6E2D73 
 430 00cc 6F2D636F 		.ascii	"o-common' '-flto' '-fsingle-precision-constant'\000"
 430      6D6D6F6E 
 430      2720272D 
 430      666C746F 
 430      2720272D 
 431              		.text
 432              		.comm	__gnu_lto_v1,1,1
 433              		.comm	__gnu_lto_slim,1,1
 434              		.ident	"GCC: (GNU Tools for ARM Embedded Processors) 4.9.3 20150529 (release) [ARM/embedded-4_9-br
ARM GAS  /var/folders/_f/jzb7lsz153bclt069nvlpp5r0000gn/T//cchfNP5V.s 			page 34


DEFINED SYMBOLS
                            *ABS*:0000000000000000 board.c
                            *COM*:0000000000000001 __gnu_lto_v1
                            *COM*:0000000000000001 __gnu_lto_slim

NO UNDEFINED SYMBOLS
