ARM GAS  /var/folders/_f/jzb7lsz153bclt069nvlpp5r0000gn/T//ccI5F7d3.s 			page 1


   1              		.syntax unified
   2              		.cpu cortex-m4
   3              		.eabi_attribute 27, 1
   4              		.eabi_attribute 28, 1
   5              		.fpu fpv4-sp-d16
   6              		.eabi_attribute 20, 1
   7              		.eabi_attribute 21, 1
   8              		.eabi_attribute 23, 3
   9              		.eabi_attribute 24, 1
  10              		.eabi_attribute 25, 1
  11              		.eabi_attribute 26, 1
  12              		.eabi_attribute 30, 2
  13              		.eabi_attribute 34, 1
  14              		.eabi_attribute 18, 4
  15              		.thumb
  16              		.file	"hal.c"
  17              		.text
  18              	.Ltext0:
  19              		.section	.gnu.lto_.profile.222db4f4326b8800,"",%progbits
  20 0000 789C6366 		.ascii	"x\234cf```a\200\000F\006\017\016\000\001\014\000Y"
  20      60606061 
  20      80004606 
  20      0F0E0001 
  20      0C0059
  21              		.text
  22              		.section	.gnu.lto_.jmpfuncs.222db4f4326b8800,"",%progbits
  23 0000 789C6366 		.ascii	"x\234cf\300\016x\2404#\222\030\000\001\254\000\021"
  23      C00E78A0 
  23      34239218 
  23      0001AC00 
  23      11
  24              		.text
  25              		.section	.gnu.lto_.inline.222db4f4326b8800,"",%progbits
  26 0000 789C6366 		.ascii	"x\234cf\300\016,\2404#\003\003\327\011 \311\004d\263"
  26      C00E2CA0 
  26      34230303 
  26      D70920C9 
  26      0464B3
  27 0013 2D906702 		.ascii	"-\220g\002\213q\021$\030\000b7\002&"
  27      8B711124 
  27      18006237 
  27      0226
  28              		.text
  29              		.section	.gnu.lto_.pureconst.222db4f4326b8800,"",%progbits
  30 0000 789C6366 		.ascii	"x\234cf```f\200\000F\006\011\000\000x\000 "
  30      60606066 
  30      80004606 
  30      09000078 
  30      0020
  31              		.text
  32              		.section	.gnu.lto_halInit.222db4f4326b8800,"",%progbits
  33 0000 789C6366 		.ascii	"x\234cf\300\004R@<\217\221\201A\017H32302M8\307\300"
  33      C0045240 
  33      3C8F9181 
  33      410F4833 
  33      32333032 
  34 0018 D0C8C1C4 		.ascii	"\320\310\301\304\310\010b002\32431\3263\276d\372\310"
ARM GAS  /var/folders/_f/jzb7lsz153bclt069nvlpp5r0000gn/T//ccI5F7d3.s 			page 2


  34      C8086230 
  34      3032D433 
  34      31D633BE 
  34      64FAC8
  35 002b C438E1C0 		.ascii	"\3048\341\300\352\031\334\352K\033\032\032>4\235o\014"
  35      EA19DCEA 
  35      4B1B1A1A 
  35      3E349D6F 
  35      0C
  36 003c 38C0F893 		.ascii	"8\300\370\223\211\201\3413\023\304\034\306\345\214\352"
  36      8981E133 
  36      13C41CC6 
  36      E58CEA
  37 004b 0C40451F 		.ascii	"\014@E\037[\376^\347fk\001*\022\200\3101\256`d\003\232"
  37      5BFE5EE7 
  37      666B012A 
  37      1280C831 
  37      AE606403 
  38 0060 CFB05EE8 		.ascii	"\317\260^\350@\303\377\377\213\247\355\271\316\302\311"
  38      40C3FFFF 
  38      8BA7EDB9 
  38      CEC2C9
  39 006f C0F00428 		.ascii	"\300\360\004(\005\262\340)\023\023\210f\276\303\330"
  39      05B2E029 
  39      13138866 
  39      BEC3D8
  40 007e 7CE02F2F 		.ascii	"|\340//H-\310\220y\227\373\3261\325\376n\350h\340\370"
  40      482DC890 
  40      7997FBD6 
  40      31D5FE6E 
  40      E868E0F8 
  41 0092 C9C4F899 		.ascii	"\311\304\370\231\011\250\237q%c-\303O\240j\220\312)"
  41      09A89F71 
  41      25632DC3 
  41      4FA06A90 
  41      CA29
  42 00a4 6CB85402 		.ascii	"l\270T\002\215e\\\205\244\362\022N\225\314@\225\253"
  42      8D655C85 
  42      A4F2124E 
  42      95CC4095 
  42      AB
  43 00b5 91547E60 		.ascii	"\221T~`\307\245\222\005\250r\015\222\312?8U\262\002"
  43      C7A59205 
  43      A8720D92 
  43      CA3F3855 
  43      B202
  44 00c7 55AE4552 		.ascii	"U\256ERy\205\013\227J6\240\312uH*?\341T\311\016T\271"
  44      79850B97 
  44      4A36A0CA 
  44      75482A3F 
  44      E154C90E 
  45 00dd 1EAAF21E 		.ascii	"\036\252\362\036c\343\201\357^`\225\014\2400d\004\205"
  45      63E381EF 
  45      5E60950C 
  45      A0306404 
  45      85
  46 00ee 1DD0CB3A 		.ascii	"\035\320\313:zz\372p\344\234\221\231\224\351\037\034"
ARM GAS  /var/folders/_f/jzb7lsz153bclt069nvlpp5r0000gn/T//ccI5F7d3.s 			page 3


  46      7A7AFA70 
  46      E49C9199 
  46      94E91F1C 
  47 00fe 6F64A067 		.ascii	"od\240g\254g\254\237_\254\237\221\230\243_\\\224\014"
  47      AC67AC9F 
  47      5FAC9F91 
  47      98A35F5C 
  47      940C
  48 0110 A2F59219 		.ascii	"\242\365\222\031\000L\261\236\025"
  48      004CB19E 
  48      15
  49              		.text
  50              		.section	.gnu.lto_.symbol_nodes.222db4f4326b8800,"",%progbits
  51 0000 789C4DC8 		.ascii	"x\234M\310\271\021\302@\024\004\321\336Y]Y\217\014\002"
  51      B911C240 
  51      1404D1DE 
  51      595D598F 
  51      0C02
  52 0012 20020A43 		.ascii	" \002\012CY\340\312&\006Q,g\020\024\322\202\361\307"
  52      59E0CA26 
  52      06512C67 
  52      1014D282 
  52      F1C7
  53 0024 E97A9381 		.ascii	"\351z\223\201\023\377\351*\303\376\0146\207\343@z\313"
  53      13FFE92A 
  53      C3FE0C36 
  53      87E3407A 
  53      CB
  54 0035 E977308E 		.ascii	"\351w0\216\253_\262\242\237r\216~\310M\364]n\243or\027"
  54      AB5FB2A2 
  54      9F728E7E 
  54      C84DF45D 
  54      6EA36F72 
  55 004a 5DE43E38 		.ascii	"]\344>8\3233-\237\224\351\230k[Jm\303\356\26253\325"
  55      D3332D9F 
  55      94E9986B 
  55      5B4A6DC3 
  55      EEB23533 
  56 005f 8AB93651 		.ascii	"\212\2716Q\326\362\005\220:6o"
  56      D6F20590 
  56      3A366F
  57              		.text
  58              		.section	.gnu.lto_.refs.222db4f4326b8800,"",%progbits
  59 0000 789C6366 		.ascii	"x\234cf```d\200\002\000\000=\000\005"
  59      60606064 
  59      80020000 
  59      3D0005
  60              		.text
  61              		.section	.gnu.lto_.decls.222db4f4326b8800,"",%progbits
  62 0000 789C9DD2 		.ascii	"x\234\235\322\355KSQ\034\007\360svn[\316\251\275R\360"
  62      ED4B5351 
  62      1C07F073 
  62      766E5BCE 
  62      A9BD52F0 
  63 0014 8DFB0364 		.ascii	"\215\373\003d\267\234\357\242\007\3204\301R\232\005"
  63      B79CEFA2 
  63      07D034C1 
ARM GAS  /var/folders/_f/jzb7lsz153bclt069nvlpp5r0000gn/T//ccI5F7d3.s 			page 4


  63      529A05
  64 0023 D18BA19B 		.ascii	"\321\213\241\233\260\301P\331\235\241\357.jdF9{\200"
  64      B0C150D9 
  64      9DA1EF2E 
  64      6A644639 
  64      7B80
  65 0035 F9A68C02 		.ascii	"\371\246\214\002\335\324\353|\326\315hP\240$\202/\214"
  65      DDD4EB7C 
  65      D6CD6850 
  65      A024822F 
  65      8C
  66 0046 1E111F6A 		.ascii	"\036\021\037j=@h\332\213H\350\366;\347\336\233\227\025"
  66      3D4068DA 
  66      8B48E8F6 
  66      3BE7DE9B 
  66      9715
  67 0058 881DEE77 		.ascii	"\210\035\356w\347\334\355|?\273\034.A\010\005!2\214"
  67      E7DCED7C 
  67      3FBB1C2E 
  67      41080521 
  67      328C
  68 006a B801213B 		.ascii	"\270\001!;\004.T\211v\307A\310\000D\202D!#\2201\310"
  68      042E5489 
  68      76C741C8 
  68      00448244 
  68      21239031 
  69 007f 04640A12 		.ascii	"\004d\012\022C\177\017\272\237\250N\034\022N\261bjw"
  69      437F0FBA 
  69      9FA84E1C 
  69      124EB162 
  69      6A77
  70 0091 42B54654 		.ascii	"B\265FT[\372\207\365\315\200\247\245\357\013\351\237"
  70      5BFA87F5 
  70      CD80A7A5 
  70      EF0BE99F 
  71 00a1 0C38D36C 		.ascii	"\0148\323l\245\267\261[s!#\334Z\314\034\275\215\357"
  71      A5B7B15B 
  71      732123DC 
  71      5ACC1CBD 
  71      8DEF
  72 00b3 AC2D7139 		.ascii	"\254-q9wE\030\301V\361\020\207+\263q/\316\305}8\027"
  72      774518C1 
  72      56F11087 
  72      2BB3712F 
  72      CEC57D38 
  73 00c8 211CC639 		.ascii	"!\034\3069\360y\211S\244\265D\357\307,b\300t\3750\264"
  73      F0798953 
  73      A4B544EF 
  73      C72C62C0 
  73      74FD30B4 
  74 00dc BA64CE8F 		.ascii	"\272d\316\217@\255]L,\342\335\277\223\272\272{M\326"
  74      40AD5D4C 
  74      2CE2DDBF 
  74      93BABA7B 
  74      4DD6
  75 00ee 7B624F74 		.ascii	"{bOt3\274\371\332\"\316\211\011Y>\301(\034\301\004\367"
  75      33BCF9DA 
ARM GAS  /var/folders/_f/jzb7lsz153bclt069nvlpp5r0000gn/T//ccI5F7d3.s 			page 5


  75      22CE8909 
  75      593EC128 
  75      1CC104F7 
  76 0102 E37CBA93 		.ascii	"\343|\272\223\256Y\005\017`+\324z&\333\2668r\234\331"
  76      AE59050F 
  76      602BD47A 
  76      26DBB638 
  76      729CD9
  77 0115 2BC9991F 		.ascii	"+\311\231\037\004\210\025q\363\306\323\365\223]\255"
  77      04881571 
  77      F3C6D3F5 
  77      935DAD
  78 0124 C147E28A 		.ascii	"\301G\342\212,\347)\310\240\016\031\324\020\211!\221"
  78      2CE729C8 
  78      A00E19D4 
  78      10892191 
  79 0134 FB9D2F4C 		.ascii	"\373\235/L\244\231!\221\333\037\266\323\031\022\275"
  79      A4992191 
  79      DB1FB6D3 
  79      1912BD
  80 0143 7E2599DD 		.ascii	"~%\231\335->h\021\177\3112V\220!\0352\244!Q\206\354"
  80      2D3E6811 
  80      7FC93256 
  80      90211D32 
  80      A4215186 
  81 0158 B48D2633 		.ascii	"\264\215&3\310s\314\224p\344\3111\005\211\\\215\341"
  81      C873CC94 
  81      70E4C931 
  81      05895C8D 
  81      E1
  82 0169 14645887 		.ascii	"\024dX\207\014k\310\010C:\332B\213\351\344\246rV\333"
  82      0C6BC808 
  82      433ADA42 
  82      8BE9E4A6 
  82      7256DB
  83 017c B3529453 		.ascii	"\263R\224S\024)\274aIQFu\312\250\246\2141\345\316\314"
  83      1429BC61 
  83      49514675 
  83      CAA8A68C 
  83      31E5CECC 
  84 0190 B5576632 		.ascii	"\265Wf2\257(\313_\336\177>\240(\375\363\033\206\024"
  84      AF28CB5F 
  84      DE7F3EA0 
  84      28FDF31B 
  84      8614
  85 01a2 655CA78C 		.ascii	"e\\\247\214k\312\004S\326\372^\306M\244\2350%\331\377"
  85      6BCA0453 
  85      D6FA5EC6 
  85      4DA49D30 
  85      25D9FF
  86 01b5 EC8D517D 		.ascii	"\354\215Q}\226\205\237$E\231\324)\223\2322\305\224\316"
  86      96859F24 
  86      4599D429 
  86      939A32C5 
  86      94CE
  87 01c7 E057F866 		.ascii	"\340W\370fYQ\336=^\335\312R\224\267\235\353y)\312\264"
  87      5951DE3D 
ARM GAS  /var/folders/_f/jzb7lsz153bclt069nvlpp5r0000gn/T//ccI5F7d3.s 			page 6


  87      5EDDCA52 
  87      94B79DEB 
  87      7929CAB4 
  88 01db 4E99D694 		.ascii	"N\231\326\224\030S\226C\211\016\316\322!\212-\364uK"
  88      18539643 
  88      890ECED2 
  88      218A2DF4 
  88      754B
  89 01ed 9BCB6485 		.ascii	"\233\313d\205\335\027.\216-l7\235M\236j_Y\2357`,={\336"
  89      DD172E8E 
  89      2D6C379D 
  89      4D9E6A5F 
  89      599D3760 
  90 0205 5A84F26D 		.ascii	"Z\204\362m6\376\317U\344\361\326x+\034\316\202\3036"
  90      36FECF55 
  90      E4F1D678 
  90      2B1CCE82 
  90      C336
  91 0217 BBCDCED7 		.ascii	"\273\315\316\327\013<l\346\005\277\213\3166\0272\012"
  91      0B3C6CE6 
  91      05BF8BCE 
  91      3617320A 
  92 0227 015AB5EF 		.ascii	"\001Z\265\357\335\361\326\271|\215\356Z\272v\012\001"
  92      DDF1D6B9 
  92      7C8DEE5A 
  92      BA760A01 
  93 0237 9B07A5D5 		.ascii	"\233\007\245\325\324W\373\335\264]\262w\233\355\025"
  93      D457FBDD 
  93      B45DB277 
  93      9BED15
  94 0246 784795D3 		.ascii	"xG\225\323Qu\306^PR\350,.s\024U\\8u\356\242\362\033"
  94      5175C65E 
  94      5052E82C 
  94      2E731455 
  94      5C3875EE 
  95 025d 8026C1DD 		.ascii	"\200&\301\335H\271\243\373|\230Z\277\027\246F\241\206"
  95      48B9A3FB 
  95      7C985ABF 
  95      17A646A1 
  95      86
  96 026e 1A3051A3 		.ascii	"\0320Q\243p\177\206ZvW\273\376\243\014-(g8\033`\355"
  96      707F865A 
  96      7657BBFE 
  96      A30C2D28 
  96      67381B60 
  97 0283 F3B99D5E 		.ascii	"\363\271\235^ J\367&\032\352\375\001z\"p\034|yy1_ZY"
  97      204AF726 
  97      1AEAFD01 
  97      7A22701C 
  97      7C797931 
  98 029a 5671B980 		.ascii	"Vq\271\200\211\252\004\252\305\243CO\357\017UO\272\251"
  98      89AA04AA 
  98      C5A3434F 
  98      EF0F554F 
  98      BAA9
  99 02ac 89D79040 		.ascii	"\211\327\220@sC\355\021P\177\003\363\344\244\313"
  99      7343ED11 
ARM GAS  /var/folders/_f/jzb7lsz153bclt069nvlpp5r0000gn/T//ccI5F7d3.s 			page 7


  99      507F03F3 
  99      E4A4CB
 100              		.text
 101              		.section	.gnu.lto_.symtab.222db4f4326b8800,"",%progbits
 102 0000 68616C49 		.ascii	"halInit\000\000\000\000\000\000\000\000\000\000\000"
 102      6E697400 
 102      00000000 
 102      00000000 
 102      0000
 103 0012 00AC0000 		.ascii	"\000\254\000\000\000stInit\000\000\002\000\000\000\000"
 103      00737449 
 103      6E697400 
 103      00020000 
 103      0000
 104 0024 00000000 		.ascii	"\000\000\000\000\000\256\000\000\000boardInit\000\000"
 104      00AE0000 
 104      00626F61 
 104      7264496E 
 104      69740000 
 105 0038 02000000 		.ascii	"\002\000\000\000\000\000\000\000\000\000\260\000\000"
 105      00000000 
 105      0000B000 
 105      00
 106 0045 00736475 		.ascii	"\000sduInit\000\000\002\000\000\000\000\000\000\000"
 106      496E6974 
 106      00000200 
 106      00000000 
 106      0000
 107 0057 0000B200 		.ascii	"\000\000\262\000\000\000usbInit\000\000\002\000\000"
 107      00007573 
 107      62496E69 
 107      74000002 
 107      0000
 108 0069 00000000 		.ascii	"\000\000\000\000\000\000\000\264\000\000\000dacInit"
 108      000000B4 
 108      00000064 
 108      6163496E 
 108      6974
 109 007b 00000200 		.ascii	"\000\000\002\000\000\000\000\000\000\000\000\000\266"
 109      00000000 
 109      00000000 
 109      B6
 110 0088 0000005F 		.ascii	"\000\000\000_pal_lld_init\000\000\002\000\000\000\000"
 110      70616C5F 
 110      6C6C645F 
 110      696E6974 
 110      00000200 
 111 009f 00000000 		.ascii	"\000\000\000\000\000\270\000\000\000hal_lld_init\000"
 111      00B80000 
 111      0068616C 
 111      5F6C6C64 
 111      5F696E69 
 112 00b5 00020000 		.ascii	"\000\002\000\000\000\000\000\000\000\000\000\272\000"
 112      00000000 
 112      000000BA 
 112      00
 113 00c2 0000     		.ascii	"\000\000"
ARM GAS  /var/folders/_f/jzb7lsz153bclt069nvlpp5r0000gn/T//ccI5F7d3.s 			page 8


 114              		.text
 115              		.section	.gnu.lto_.opts,"",%progbits
 116 0000 272D6666 		.ascii	"'-ffp-contract=off' '-fno-trapv' '-mcpu=cortex-m4' "
 116      702D636F 
 116      6E747261 
 116      63743D6F 
 116      66662720 
 117 0033 272D6D74 		.ascii	"'-mthumb' '-mfloat-abi=hard' '-mfpu=fpv4-sp-d16' '-"
 117      68756D62 
 117      2720272D 
 117      6D666C6F 
 117      61742D61 
 118 0066 67676462 		.ascii	"ggdb' '-O2' '-fomit-frame-pointer' '-falign-functio"
 118      2720272D 
 118      4F322720 
 118      272D666F 
 118      6D69742D 
 119 0099 6E733D31 		.ascii	"ns=16' '-ffunction-sections' '-fdata-sections' '-fn"
 119      36272027 
 119      2D666675 
 119      6E637469 
 119      6F6E2D73 
 120 00cc 6F2D636F 		.ascii	"o-common' '-flto' '-fsingle-precision-constant'\000"
 120      6D6D6F6E 
 120      2720272D 
 120      666C746F 
 120      2720272D 
 121              		.text
 122              		.comm	__gnu_lto_v1,1,1
 123              		.comm	__gnu_lto_slim,1,1
 124              		.ident	"GCC: (GNU Tools for ARM Embedded Processors) 4.9.3 20150529 (release) [ARM/embedded-4_9-br
ARM GAS  /var/folders/_f/jzb7lsz153bclt069nvlpp5r0000gn/T//ccI5F7d3.s 			page 9


DEFINED SYMBOLS
                            *ABS*:0000000000000000 hal.c
                            *COM*:0000000000000001 __gnu_lto_v1
                            *COM*:0000000000000001 __gnu_lto_slim

NO UNDEFINED SYMBOLS
