ARM GAS  /var/folders/_f/jzb7lsz153bclt069nvlpp5r0000gn/T//cc9aWMUH.s 			page 1


   1              		.syntax unified
   2              		.cpu cortex-m4
   3              		.eabi_attribute 27, 1
   4              		.eabi_attribute 28, 1
   5              		.fpu fpv4-sp-d16
   6              		.eabi_attribute 20, 1
   7              		.eabi_attribute 21, 1
   8              		.eabi_attribute 23, 3
   9              		.eabi_attribute 24, 1
  10              		.eabi_attribute 25, 1
  11              		.eabi_attribute 26, 1
  12              		.eabi_attribute 30, 2
  13              		.eabi_attribute 34, 1
  14              		.eabi_attribute 18, 4
  15              		.thumb
  16              		.file	"hal_st_lld.c"
  17              		.text
  18              	.Ltext0:
  19              		.section	.gnu.lto_.profile.221a13412d0f5ace,"",%progbits
  20 0000 789C6366 		.ascii	"x\234cf```e\200\000F\206\351\214\006\000\002\201\000"
  20      60606065 
  20      80004686 
  20      E98C0600 
  20      028100
  21 0013 D2       		.ascii	"\322"
  22              		.text
  23              		.section	.gnu.lto_.jmpfuncs.221a13412d0f5ace,"",%progbits
  24 0000 789C6366 		.ascii	"x\234cf\300\016\252\2414\013\204b\004b& b\372\310\304"
  24      C00EAAA1 
  24      340B8462 
  24      04622620 
  24      62FAC8C4 
  25 0014 B8E3D3DB 		.ascii	"\270\343\323\333\371\\/\230~21\31000.g\224b\000\011"
  25      F95C2F98 
  25      7E3231C8 
  25      30302E67 
  25      94620009 
  26 0028 DE58F866 		.ascii	"\336X\370f\032/X\220\203\201q\005P\220\031\244\013$"
  26      1A2F5890 
  26      83817105 
  26      509019A4 
  26      0B24
  27 003a 33ADFFCA 		.ascii	"3\255\377\312\016\346\332\337\0153\0328~21\376e\002"
  27      0EE6DADF 
  27      0D331A38 
  27      7E3231FE 
  27      6502
  28 004c 89AF64AC 		.ascii	"\211\257d\254e\300'\277\012$\017\000\262\365\"\001"
  28      65C027BF 
  28      0A240F00 
  28      B2F52201 
  29              		.text
  30              		.section	.gnu.lto_.inline.221a13412d0f5ace,"",%progbits
  31 0000 789C6366 		.ascii	"x\234cf\300\016\272\2414\013\003\003\207\022#\003\023"
  31      C00EBAA1 
  31      340B0303 
  31      87122303 
ARM GAS  /var/folders/_f/jzb7lsz153bclt069nvlpp5r0000gn/T//cc9aWMUH.s 			page 2


  31      13
  32 0011 CB027906 		.ascii	"\313\002y\006\266\005\362L 1F.T\202\201\227\037\250"
  32      B605F24C 
  32      2031462E 
  32      54828197 
  32      1FA8
  33 0023 42E8420F 		.ascii	"B\350B\017#\252\022&\006\011\005\240\204\312\202\231"
  33      23AA1226 
  33      060905A0 
  33      84CA8299 
  34 0033 4C700966 		.ascii	"Lp\011f\036\2208\0033\003\367\001\240F\220\020\252\026"
  34      1E903803 
  34      3303F701 
  34      A0469010 
  34      AA16
  35 0045 6E907968 		.ascii	"n\220yh\026@\004\031\000\026F\011 "
  35      16400419 
  35      00164609 
  35      20
  36              		.text
  37              		.section	.gnu.lto_.pureconst.221a13412d0f5ace,"",%progbits
  38 0000 789C6366 		.ascii	"x\234cf``\340d\200\000\026\006+F)&)f\011\000\003\243"
  38      6060E064 
  38      80001606 
  38      2B462926 
  38      29660900 
  39 0016 009D     		.ascii	"\000\235"
  40              		.text
  41              		.section	.gnu.lto_st_lld_serve_interrupt.part.0.221a13412d0f5ace,"",%progbits
  42 0000 789C8D53 		.ascii	"x\234\215SYL\023Q\024}\367\3158-\026\023\342\227\342"
  42      594C1351 
  42      147DF7CD 
  42      382D1613 
  42      E297E2
  43 0013 074D88E1 		.ascii	"\007M\210\341C\355\200D\3754\006M$\322h,\377\215\326"
  43      43ED8044 
  43      FD34064D 
  43      24D2682C 
  43      FF8DD6
  44 0026 C636524A 		.ascii	"\3066RJf*\201\017\343\200\240&* FE\214\006\243\306\005"
  44      662A810F 
  44      E380A026 
  44      2A204645 
  44      8C06A3C6 
  45 003b 05055770 		.ascii	"\005\005Wp\301\015\020\205*\256\011.\325\024\321\210"
  45      C10D1085 
  45      2AAE092E 
  45      D514D188 
  46 004b 06ACA20D 		.ascii	"\006\254\242\015\321\372\356+\020Z\026m\332\276\345"
  46      D1FAEE2B 
  46      105A166D 
  46      DABEE5
  47 005a DC73EFB9 		.ascii	"\334s\357\271w\316\010d\354g.\373\335\025\011q\000!"
  47      77CE0864 
  47      EC672EFB 
  47      DD150971 
  47      0021
ARM GAS  /var/folders/_f/jzb7lsz153bclt069nvlpp5r0000gn/T//cc9aWMUH.s 			page 3


  48 006c 30858058 		.ascii	"0\205\200X\326\3016\"P\276R\020p-\320\013\000\270!@"
  48      D6C13622 
  48      50BE5210 
  48      702DD00B 
  48      00B82140 
  49 0080 368B5480 		.ascii	"6\213T\200\315\360\211\366S(k\252\2560$\035\3274\255"
  49      CDF089F6 
  49      53286BAA 
  49      AE30241D 
  49      D734AD
  50 0093 AFBC7F66 		.ascii	"\257\274\177f\361\214 %$@\303\211\341\004$\021\026\363"
  50      F18C2025 
  50      2440C389 
  50      E1042411 
  50      16F3
  51 00a5 EDF38780 		.ascii	"\355\363\207\200NX\016\270\277Z\363\275\335\360\221"
  51      4E580EB8 
  51      BF5AF3BD 
  51      DDF091
  52 00b4 062918F1 		.ascii	"\006)\030\361\330P\336Z!\341\221\212x|V\262\243\331"
  52      D850DE5A 
  52      21E1918A 
  52      787C56B2 
  52      A3D9
  53 00c6 907844D3 		.ascii	"\220xD\323\012};J[b\265V\255\310\027\012%\004Y\275\223"
  53      0A7D3B4A 
  53      5B62B556 
  53      ADC8170A 
  53      250459BD 
  54 00db 20B0BC70 		.ascii	" \260\274p\012\342\3414\304\017Ig\224\363]=^\020V\360"
  54      0AE2E134 
  54      C40F4967 
  54      94F35D3D 
  54      5E1056F0 
  55 00ef E4FB9FEC 		.ascii	"\344\373\237\354\373M\303\364\235\245m\243\350\"\234"
  55      FB4DC3F4 
  55      9DA56DA3 
  55      E8229C
  56 00fe 9980DE5F 		.ascii	"\231\200\336_\364\373\205A*b\372\343\240\032\022\341"
  56      F4FB8541 
  56      2A62FAE3 
  56      A01A12E1 
  57 010e 2C2486F5 		.ascii	",$\206\365C\015Hl \024o\020\251\235\256i\241P\317KY"
  57      430D486C 
  57      20146F10 
  57      A99DAE69 
  57      A150CF4B 
  58 0123 47889F05 		.ascii	"G\210\237\005\340,\374L5[\205nJ\371\372\034\012\343"
  58      E02CFC4C 
  58      355B856E 
  58      4AF9FA1C 
  58      0AE3
  59 0135 3069B5D6 		.ascii	"0i\265\326z+VX\3055=\335\033\334-qM}W\216\326Nk\254"
  59      7A2B5658 
  59      C5353DDD 
  59      1BDC2D71 
  59      4D7D578E 
ARM GAS  /var/folders/_f/jzb7lsz153bclt069nvlpp5r0000gn/T//cc9aWMUH.s 			page 4


  60 014d D39A8AAA 		.ascii	"\323\232\212\252\264?\213C\002vU;\236,8\007\211\214"
  60      B43F8B43 
  60      0276553B 
  60      9E2C3807 
  60      898C
  61 015f F96ED78F 		.ascii	"\371n\327\217z\300\331\010F\002\347\031\332\005\205"
  61      7AC0D908 
  61      4602E719 
  61      DA0585
  62 016e EFFBDBBE 		.ascii	"\357\373\333\276.\212\220\355;\3363\207\213\015P\210"
  62      2E8A90ED 
  62      3BDE3387 
  62      8B0D5088 
  63 017e 6CC877D0 		.ascii	"l\310w\320\373|\246@\240\0161\032\325,\201z\220\242"
  63      FB7CA640 
  63      A00E311A 
  63      D52C817A 
  63      90A2
  64 0190 26E01BE8 		.ascii	"&\340\033\350\354\220\010\\\300x!\012\352\333\3322\213"
  64      EC90085C 
  64      C078210A 
  64      EADBDA32 
  64      8B
  65 01a1 C04584C4 		.ascii	"\300E\204\304H\250\251r\003\012&p\011\301)c\352\\\306"
  65      48A8A972 
  65      030A2670 
  65      09C12963 
  65      EA5CC6
  66 01b4 3A7005A7 		.ascii	":p\005\247\011\244\035=\363\266\367\327\036!\341\015"
  66      09A41D3D 
  66      F3B6F7D7 
  66      1E21E10D 
  67 01c4 3DA45518 		.ascii	"=\244U\030\203a\306\336\256\301\202\251\"\033+\\\205"
  67      8361C6DE 
  67      AEC182A9 
  67      221B2B5C 
  67      85
  68 01d5 042EABB2 		.ascii	"\004.\253\262x\377\201Xv\003\015\314\212\330=\201F\020"
  68      78FF8158 
  68      76030DCC 
  68      8AD83D81 
  68      4610
  69 01e7 19D0B6AD 		.ascii	"\031\320\266\255j@Lx7\304\2260\366QosC\014g_C6\\\007"
  69      6A404C78 
  69      37C49630 
  69      F6516F73 
  69      430C675F 
  70 01ff 91BC822D 		.ascii	"\221\274\202-\254\037\257\204\355`\314\341'%5t\323\240"
  70      AC1FAF84 
  70      ED60CCE1 
  70      27253574 
  70      D3A0
  71 0211 B65DD307 		.ascii	"\266]\323\007\251.@%>\000\270\001\233H\220\352yx\245"
  71      A92E4025 
  71      3E00B801 
  71      9B4890EA 
  71      7978A5
ARM GAS  /var/folders/_f/jzb7lsz153bclt069nvlpp5r0000gn/T//cc9aWMUH.s 			page 5


  72 0224 F7757C64 		.ascii	"\367u|d\327\367Ff\253\033\323\327M\336W\323\370\331"
  72      D7F74666 
  72      AB1BD3D7 
  72      4DDE57D3 
  72      F8D9
  73 0236 F51C865B 		.ascii	"\365\034\206[\243\262\377\354\364/\214\314\336=\222"
  73      A3B2FFEC 
  73      F42F8CCC 
  73      DE3D92
  74 0245 3D26FAC9 		.ascii	"=&\372\311\225\372\361\311\335Fl\352\230\312wx\345\273"
  74      95FAF1C9 
  74      DD466CEA 
  74      98CA7778 
  74      E5BB
  75 0257 E3573670 		.ascii	"\343W6p\030\356\015U\036\266d\204\015\033\377\317\206"
  75      18EE0D55 
  75      1EB66484 
  75      0D1BFFCF 
  75      86
  76 0268 CDDC866F 		.ascii	"\315\334\206o\375\336\307znCv\3252\241\015\007:\273"
  76      FDDEC77A 
  76      6E4376D5 
  76      32A10D07 
  76      3ABB
  77 027a 252E2A40 		.ascii	"%.*@c\243\275\323\374\224y\247\025\241iQ\336\351\333"
  77      63A3BDD3 
  77      FC9479A7 
  77      15A16951 
  77      DEE9DB
  78 028d 805508DC 		.ascii	"\200U\010\334\037\337;m\274\323\007\243\274s\354\213"
  78      1FDF3B6D 
  78      BCD307A3 
  78      BC73EC8B 
  79 029d AF411AB6 		.ascii	"\257A\032\266E\013\267\305Cn\213h\017\2643\017\020\322"
  79      450BB7C5 
  79      436E8B68 
  79      0FB4330F 
  79      10D2
  80 02af CD54E39B 		.ascii	"\315T\343\233\371\006\012|\305\003\006\2346\266\346"
  80      F9060A7C 
  80      C503069C 
  80      36B6E6
  81 02be 67EF0ABB 		.ascii	"g\357\012\273f\321\313L&y\344\233\346p\256u\256\264"
  81      66D1CB4C 
  81      2679E49B 
  81      E670AE75 
  81      AEB4
  82 02d0 58E7279B 		.ascii	"X\347'\233RM\251\262[\225\035k\262\344\034\267\342Q"
  82      524DA9B2 
  82      5B951D6B 
  82      B2E41CB7 
  82      E251
  83 02e2 654BA639 		.ascii	"eK\2469u\276\234\221\261T\316L7\347\246 bU=\326\254"
  83      75BE9C91 
  83      B154CE4C 
  83      37E7A620 
  83      62553DD6 
ARM GAS  /var/folders/_f/jzb7lsz153bclt069nvlpp5r0000gn/T//cc9aWMUH.s 			page 6


  84 02f7 AC75261B 		.ascii	"\254u&\033\241\252\"z\234\256\034\335\3325\252}\225"
  84      A1AA227A 
  84      9CAE1CDD 
  84      DA35AA7D 
  84      95
  85 0308 E25C3C79 		.ascii	"\342\\<yV\233\333\345rg\017%^\262\332\234f\316\223m"
  85      569BDBE5 
  85      72670F25 
  85      5EB2DA9C 
  85      66CE936D 
  86 031c 0E9B5BB1 		.ascii	"\016\233[\261[s\027\271L\016\222\361_|{\236\007\331"
  86      5B7317B9 
  86      4C0E92F1 
  86      5F7C7B9E 
  86      07D9
  87 032e 729AD992 		.ascii	"r\232\331\222n\221\323\030]N\317\266em\\g\227m.\325"
  87      6E91D318 
  87      5D4ECFB6 
  87      656D5C67 
  87      976D2ED5 
  88 0342 A95AD7DB 		.ascii	"\251Z\327\333l,\331\202\177\267\350V\331\237\342\231"
  88      6C2CD982 
  88      7FB7E856 
  88      D99FE299 
  89 0352 97ED0CEF 		.ascii	"\227\355\014\357\031+er\226\342\221\235\303\265\034"
  89      192B6572 
  89      96E2919D 
  89      C3B51C
  90 0361 6ABECA18 		.ascii	"j\276\312\030qf\313j#\016 Gq\3165\316N&T!:\227\335\345"
  90      7166CB6A 
  90      230E2047 
  90      71CE35CE 
  90      4E265421 
  91 0379 56F2C95F 		.ascii	"V\362\311_\021\256&C"
  91      11AE2643 
  92              		.text
  93              		.section	.gnu.lto_st_lld_serve_interrupt.221a13412d0f5ace,"",%progbits
  94 0000 789C7D92 		.ascii	"x\234}\222]H\024Q\024\307\3579wfwk\245$z()\013\366\301"
  94      5D481451 
  94      14C7EF39 
  94      7766776B 
  94      A5247A28 
  95 0018 27774AA3 		.ascii	"'wJ\243\247\236\372\200\"\305\007}_\372xP\330P\\\251"
  95      A79EFA80 
  95      22C5077D 
  95      5FFA7850 
  95      D8505CA9 
  96 002c 27F1AE6E 		.ascii	"'\361\256nR)*\022\245\206\202A\237\226\266}hn/\233\204"
  96      52292A12 
  96      A5868241 
  96      9F96B67D 
  96      686E2F9B 
  97 0041 2B894988 		.ascii	"+\211I\210J\026\345\203\366A \255+\324\024\262\235s"
  97      4A16E583 
  97      F64120AD 
  97      2BD414B2 
  97      9D73
ARM GAS  /var/folders/_f/jzb7lsz153bclt069nvlpp5r0000gn/T//cc9aWMUH.s 			page 7


  98 0053 47528A1C 		.ascii	"GR\212\034f\346\316=\363?\277\363?\367^)\376\275\362"
  98      66E6CE3D 
  98      F33FBFF3 
  98      3FF75E29 
  98      FEBDF2
  99 0066 E8392885 		.ascii	"\3509(\205(\242\021L\001\330\362J\210\260\007Q\306\262"
  99      28A2114C 
  99      01D8F24A 
  99      88B00751 
  99      C6B2
 100 0078 85DA684C 		.ascii	"\205\332hLYBeH08\014\006\000\217\002D\015J\003j\340"
 100      59426548 
 100      30380C06 
 100      008F0244 
 100      0D4A036A 
 101 008d 0B26115A 		.ascii	"\013&\021Z\342=m\336\234\033J\251o\255\311\355\347\267"
 101      E23D6DDE 
 101      9C1B4AA9 
 101      6FADC9ED 
 101      E7B7
 102 009f D928440A 		.ascii	"\331(D\012\035<\334\202\034A\232\305\257\037Sny\024"
 102      1D3CDC82 
 102      1C419AC5 
 102      AF1F536E 
 102      7914
 103 00b1 F87BB077 		.ascii	"\370{\260wi\314\373\031m\204\335<\215\265\216\264\271"
 103      69CCFB19 
 103      6D84DD3C 
 103      8DB58EB4 
 103      B9
 104 00c2 788A064F 		.ascii	"x\212\006O'\233\032\206\275\276n\245jg\033\232\023\031"
 104      279B1A86 
 104      BDBE6EA5 
 104      6A671B9A 
 104      1319
 105 00d4 6A444566 		.ascii	"jDEf\323\351]6J\270\015\222\270p\007\262\340.d\2554"
 105      D3E95D36 
 105      4AB80D92 
 105      B87007B2 
 105      E02E64AD 
 106 00e9 4029D1B7 		.ascii	"@)\321\267\237\306A\036\327\360\253\023W\226\321Iol"
 106      9FC6411E 
 106      D7F0AB13 
 106      5796D149 
 106      6F6C
 107 00fb 7EB926DD 		.ascii	"~\271&\335\200{\377IOF\226\247\275\256\010\371\317\204"
 107      807BFF49 
 107      4F4696A7 
 107      BDAE08F9 
 107      CF84
 108 010d 1EF0C17D 		.ascii	"\036\360\301}\3609\376\241\027\\@\003G\373\266\304U"
 108      F039FEA1 
 108      175C4003 
 108      47FBB6C4 
 108      55
 109 011e 3A9D7A31 		.ascii	":\235z1p\321\267\214^\302PL\012\033M\203_\246\236\273"
 109      70D1B78C 
ARM GAS  /var/folders/_f/jzb7lsz153bclt069nvlpp5r0000gn/T//cc9aWMUH.s 			page 8


 109      5EC2504C 
 109      0A1B4D83 
 109      5FA69EBB 
 110 0132 F8D3C32F 		.ascii	"\370\323\303/!\346\010\300k5\217\310\243\234\202\332"
 110      21E608C0 
 110      6B358FC8 
 110      A39C82DA 
 111 0142 787BD756 		.ascii	"x{\327V\215\244\002Tva4Qor\337\006UV\206\200>25\003"
 111      8DA40254 
 111      76613451 
 111      6F72DF06 
 111      55568680 
 112 015a 43FDD1C4 		.ascii	"C\375\321\3049\226}G^\334\017s\343\257=Z\245\275\266"
 112      39967D47 
 112      5EDC0F73 
 112      E3AF3D5A 
 112      A5BDB6
 113 016d 5F1AB92C 		.ascii	"_\032\271,;\341ZX\251\370N\033]\234\004\017\270\033"
 113      3BE15A58 
 113      A9F84E1B 
 113      5D9C040F 
 113      B81B
 114 017f FA797D21 		.ascii	"\372y}!\276#\267GE\300F7D\241\023\026\365.\300C\310"
 114      BE23B747 
 114      45C04637 
 114      44A11316 
 114      F52EC043 
 115 0194 15545F6D 		.ascii	"\025T_m\326\325\311(\241u\245dbZ:\245\344\0326\254\313"
 115      D6D5C928 
 115      A175A564 
 115      625A3AA5 
 115      E41A36AC 
 116 01a9 7DA4B9C0 		.ascii	"}\244\271\300\334\307\304\235\201\272\037\365s\350P"
 116      DCC7C49D 
 116      81BA1FF5 
 116      73E850
 117 01b8 0C07D434 		.ascii	"\014\007\3244\332\361\\\262g3\015\002\236\350\266H\265"
 117      DAF15CB2 
 117      67330D02 
 117      9EE8B648 
 117      B5
 118 01c9 CF11995A 		.ascii	"\317\021\231Z\207\344\010W\375\230$\251\375Y?l\037p"
 118      87E40857 
 118      FD9824A9 
 118      FD593F6C 
 118      1F70
 119 01db 442E2734 		.ascii	"D.'4\324\332\275\211\003\177u\356^\327a\377j\347\003"
 119      D4DABD89 
 119      037F75EE 
 119      5ED761FF 
 119      6AE703
 120 01ee 904B2CA7 		.ascii	"\220K,\247\374\224\275\337a{\210M9\035\323\363K\216"
 120      FC94BDDF 
 120      617B884D 
 120      391DD3F3 
 120      4B8E
 121 0200 4BDACDA7 		.ascii	"K\332\315\247\004\232\204\310\233\272\254\025\015\011"
ARM GAS  /var/folders/_f/jzb7lsz153bclt069nvlpp5r0000gn/T//cc9aWMUH.s 			page 9


 121      049A84C8 
 121      9BBAAC15 
 121      0D09
 122 020e C2379F35 		.ascii	"\3027\2375\272\265\200H\203+'f\036\245\210e\313wP\227"
 122      BAB58048 
 122      832B2766 
 122      1EA58865 
 122      CB775097 
 123 0222 C94A2EDE 		.ascii	"\311J.\3365\321\324\213\325\277\324\005\345\261\321"
 123      35D1D48B 
 123      D5BFD405 
 123      E5B1D1
 124 0231 93E2B581 		.ascii	"\223\342\265\201\030T\3239\330\240\023\014}\000\336"
 124      1854D339 
 124      D8A0130C 
 124      7D00DE
 125 0240 43381E0D 		.ascii	"C8\036\015\350\034\301\307\0038J.\217\370\375\326\237"
 125      E81CC1C7 
 125      03384A2E 
 125      8FF8FDD6 
 125      9F
 126 0251 FB5069D9 		.ascii	"\373Pi\331\311\262\242\342@\336\036\177\276?\337*\017"
 126      C9B2A2E2 
 126      40DE1E7F 
 126      BE3FDF2A 
 126      0F
 127 0262 59A52782 		.ascii	"Y\245'\202VEyeU\310*.)\314\317\263\012\012\016[%\307"
 127      56457965 
 127      55C82A2E 
 127      29CCCFB3 
 127      0A0A0E5B 
 128 0278 0ACFEEE5 		.ascii	"\012\317\356\345?\201PU \030<\355?%0TiT\225\235\251"
 128      3F815055 
 128      20183CED 
 128      3F253054 
 128      6954959D 
 129 028d F80D9F57 		.ascii	"\370\015\237W4\212"
 129      348A
 130              		.text
 131              		.section	.gnu.lto_st_lld_init.221a13412d0f5ace,"",%progbits
 132 0000 789C9D94 		.ascii	"x\234\235\224KL\023Q\024\206\357\271\355\264\323V\305"
 132      4B4C1351 
 132      1486EFB9 
 132      EDB4D356 
 132      C5
 133 0011 98986843 		.ascii	"\230\230hC\342\302\005\033\333QH\334\0335\306\004\342"
 133      E2C2051B 
 133      DB5148DC 
 133      1B35C604 
 133      E2
 134 0022 02762E88 		.ascii	"\002v.\210\217\005$$\030!\356\010\323\360\010qa\020"
 134      8F052424 
 134      1821EE08 
 134      D3F00871 
 134      6110
 135 0034 8CF1558D 		.ascii	"\214\361U\215\032\025D\240\240T\020\037c}\200\362(\265"
 135      1A1544A0 
ARM GAS  /var/folders/_f/jzb7lsz153bclt069nvlpp5r0000gn/T//cc9aWMUH.s 			page 10


 135      A054101F 
 135      637D80F2 
 135      28B5
 136 0046 A284E706 		.ascii	"\242\204\347\006\021\022 \005T\234\030\301sn\013\003"
 136      11122005 
 136      549C18C1 
 136      736E0B03 
 137 0056 B2814E3A 		.ascii	"\262\201N:\347\266\367\334~\377\177\317}\230\330\332"
 137      E7B6F7DC 
 137      7EFF7FCF 
 137      7D98D8DA 
 138 0066 C789EF11 		.ascii	"\307\211\357\021\013\276\330\202\211\001/\357f\314#"
 138      0BBED882 
 138      89012FEF 
 138      66CC23
 139 0075 7300FAC2 		.ascii	"s\000\372\302\200\025r(\204\011>\303\241\\\253\271\342"
 139      80157228 
 139      84093EC3 
 139      A15CABB9 
 139      E2
 140 0086 48BAA7AA 		.ascii	"H\272\247\252j$\020\336Y\262C\347\214\315\361(\006\036"
 140      6A2410DE 
 140      59B243E7 
 140      8CCDF128 
 140      061E
 141 0098 4012C331 		.ascii	"@\022\30313\305\177\277:,\3058fk4\007U`\001l\353\267"
 141      33C57FBF 
 141      3A2CC538 
 141      666B3407 
 141      5560016C 
 142 00ae 69EAE2E2 		.ascii	"i\352\342\342\335\033\235#\322v\316t\216Z\030$\012\026"
 142      DD1B9D23 
 142      D276CE74 
 142      8E5A1824 
 142      0A16
 143 00c0 0A32051B 		.ascii	"\0122\005\033\005;\005\306F\361\337d\341\033\347\324"
 143      053B05C6 
 143      46F1DF64 
 143      E11BE7D4 
 144 00d0 9AFA21E0 		.ascii	"\232\372!\340o\350\335O\274yNv~\267\016\205\315\343"
 144      6FE8DD4F 
 144      BC794E76 
 144      7EB70E85 
 144      CDE3
 145 00e2 5CE75C8D 		.ascii	"\\\347\\\215\224\251fR\037\031\015\206d\321\305\350"
 145      94A96652 
 145      1F190D86 
 145      64D1C5E8 
 146 00f2 67E9C288 		.ascii	"g\351\302\210.y\341:\350\334\004\325\340\204\207\340"
 146      2E79E13A 
 146      E8DC04D5 
 146      E08487E0 
 147 0102 14898B15 		.ascii	"\024\211\213\025?+\355\256\032\265\330#\353\334\014"
 147      3F2BEDAE 
 147      1AB5D823 
 147      EBDC0C
 148 0111 35E08559 		.ascii	"5\340\205Y1\021x\004.\326\017E?,Q\035ST\252\315;\336"
ARM GAS  /var/folders/_f/jzb7lsz153bclt069nvlpp5r0000gn/T//cc9aWMUH.s 			page 11


 148      31117804 
 148      2ED60F45 
 148      3F2C511D 
 148      5354AACD 
 149 0127 28A40018 		.ascii	"(\244\000\030\324\"\004\315T\000\015\331\200J\235\241"
 149      D42204CD 
 149      54000DD9 
 149      804A9DA1 
 150 0137 520F2E64 		.ascii	"R\017.d\023\305\017Q!i\003 \237\000QQ\241a\265]\002"
 150      13C50F51 
 150      21690320 
 150      9F005151 
 150      A161B55D 
 151 014c C5EDAFD1 		.ascii	"\305\355\257\321\300>&\177\226\225\376\344u\201\200"
 151      C03E267F 
 151      9695FEE4 
 151      758180
 152 015b 384F0C4E 		.ascii	"8O\014N\223\260\027\360\207\276\304\014\332p\364|\325"
 152      93B017F0 
 152      87BEC40C 
 152      DA70F47C 
 152      D5
 153 016c 449F5824 		.ascii	"D\237X$I\325\312\325-\253\326M\022\274\256\312\240\027"
 153      49D5CAD5 
 153      2DABD64D 
 153      12BCAECA 
 153      A017
 154 017e A24216F0 		.ascii	"\242B\026\360\243\320\323\230PY\373\257)\331p\334,\224"
 154      A3D0D398 
 154      5059FBAF 
 154      29D970DC 
 154      2C94
 155 0190 C42E6B59 		.ascii	"\304.kY]\010;J\255)\304z\261\317\014l+\025\302N\224"
 155      5D083B4A 
 155      AD29C47A 
 155      B1CF0C6C 
 155      2B15C24E 
 156 01a5 886FB0D4 		.ascii	"\210o\260\324\032\003Mw\264\225Jd\327\212\373\374\277"
 156      1A034D77 
 156      B4954A64 
 156      D78AFBFC 
 156      BF
 157 01b6 9D6715C4 		.ascii	"\235g\025\304\253\347\333/\231P\312\243\252\332.\235"
 157      ABE7DB2F 
 157      9950CAA3 
 157      AADA2E9D 
 158 01c6 CBF01CE5 		.ascii	"\313\360\034\345^\304\344\356Lk\211\313\325z)\304L$"
 158      5EC4E4EE 
 158      4C6B89CB 
 158      D57A29C4 
 158      4C24
 159 01d8 F60A5C98 		.ascii	"\366\012\\\230m\032\033\036p\020\311\034<\300@\213\316"
 159      6D1A1B1E 
 159      7010C91C 
 159      3CC0408B 
 159      CE
 160 01e9 211231D4 		.ascii	"!\0221\324\327\317~-\330fb\007\004{\241(\354\007\301"
ARM GAS  /var/folders/_f/jzb7lsz153bclt069nvlpp5r0000gn/T//cc9aWMUH.s 			page 12


 160      D7CF7E2D 
 160      D8666207 
 160      047BA128 
 160      EC07C1
 161 01fc 5EC42781 		.ascii	"^\304'\201\301\233\030\3367\024\007\376\255\300K\204"
 161      C19B18DE 
 161      371407FE 
 161      ADC04B84 
 162 020c 7F27F0CB 		.ascii	"\177'\360\313E@Ix\277\344|\343h\033\264\0114^K\224\351"
 162      45404978 
 162      BFE47CE3 
 162      681BB409 
 162      345E4B94 
 163 0221 69AD9E03 		.ascii	"i\255\236\003\245\026\227G\333C\272\355\340\202\335"
 163      A5169747 
 163      DB43BAED 
 163      E082DD
 164 0230 4E71903E 		.ascii	"Nq\220>\200b\010\215\3051\207\217B\310J\254\016\304"
 164      8062088D 
 164      C531878F 
 164      42C84AAC 
 164      0EC4
 165 0242 2EB17CDF 		.ascii	".\261|\337\343`u\012\226L\254\256\025\254H<\254n\301"
 165      E360750A 
 165      964CACAE 
 165      15AC483C 
 165      AC6EC1
 166 0255 B2112B28 		.ascii	"\262\021+(j\033\272v\277(A\324\026\257\240\236%\233"
 166      6A1BBA76 
 166      BF2841D4 
 166      16AFA09E 
 166      259B
 167 0267 9371A043 		.ascii	"\223q\240C\002m'\364'\264I\254A(\321Z\006\3049\241\341"
 167      026D27F4 
 167      27B449AC 
 167      4128D15A 
 167      06C439A1 
 168 027c 37C317EA 		.ascii	"7\303\027\352x\301\037\265L\305\363`\237\243\263\014"
 168      78C11FB5 
 168      4CC5F360 
 168      9FA3B30C 
 169 028c 6128A054 		.ascii	"a(\240T\363\354\324-;\331p$2\370\014N\354\352\273=y"
 169      F3ECD42D 
 169      3BD97024 
 169      32F80C4E 
 169      ECEABB3D 
 170 02a1 79B3E892 		.ascii	"y\263\350\222\031\364\202S\347\233\3300x4\375\270\340"
 170      19F48253 
 170      E79BD830 
 170      7834FDB8 
 170      E0
 171 02b2 31BACA81 		.ascii	"1\272\312\201\256p<Q\207\335ne\371s0+\373d\366\261\364"
 171      AE703C51 
 171      87DD6E65 
 171      F973302B 
 171      FB64F6B1 
 172 02c7 CCE4BDEE 		.ascii	"\314\344\275\356\024w\212\222\233\247d\235\310Q\316"
ARM GAS  /var/folders/_f/jzb7lsz153bclt069nvlpp5r0000gn/T//cc9aWMUH.s 			page 13


 172      14778A92 
 172      9BA7649D 
 172      C851CE
 173 02d6 E49ECDCF 		.ascii	"\344\236\315\317S\3223\322R\222\225\324\324CJ\306\321"
 173      53D233D2 
 173      529295D4 
 173      D4434AC6 
 173      D1
 174 02e7 B473FB28 		.ascii	"\264s\373(\223\231\227\237\231\223s\332}\212\375\003"
 174      9399979F 
 174      999373DA 
 174      7D8AFD03 
 175 02f7 68033BA6 		.ascii	"h\003;\246"
 176              		.text
 177              		.section	.gnu.lto_VectorB0.221a13412d0f5ace,"",%progbits
 178 0000 789C8591 		.ascii	"x\234\205\221\315K\002a\020\306\337\231ue\301Kt)<t\365"
 178      CD4B0261 
 178      10C6DF99 
 178      7565C14B 
 178      74293C74 
 179 0015 B65BFA27 		.ascii	"\266[\372'TD\240t\320S\027\351\343\240 \030)\335\026"
 179      5444A074 
 179      D05317E9 
 179      E3A02018 
 179      29DD16
 180 0028 5732E810 		.ascii	"W2\350\020i\021!Dy\210H\263\264O\360\326\376\005\205"
 180      69112144 
 180      798848B3 
 180      B44FF0D6 
 180      FE0585
 181 003b 147891BA 		.ascii	"\024x\221\272\030\324-\361\020[\230\315\273\225De-\273"
 181      18D42DF1 
 181      105B98CD 
 181      BB954465 
 181      2DBB
 182 004d CCEE3CBF 		.ascii	"\314\356<\277}f\036^\201\375\274\354\364\364!c#TA`\200"
 182      7D661E5E 
 182      81FDBCEC 
 182      F4F42163 
 182      23544160 
 183 0062 A90BC6E2 		.ascii	"\251\013\306\342\022\002\360\027\006,\206\020\203\007"
 183      1202F017 
 183      062C8610 
 183      8307
 184 0070 AC23A4F4 		.ascii	"\254#\244\364|\332\346\330\3214\355q\365\\\\\3505\350"
 184      7CDAE6D8 
 184      D134ED71 
 184      F55C5CE8 
 184      35E8
 185 0082 B706BEDB 		.ascii	"\267\006\276\333\300.8\0301\365D\263b\263&\210\351j"
 185      C02E3818 
 185      31F544B3 
 185      62B32688 
 185      E96A
 186 0094 7ECA9005 		.ascii	"~\312\220\005+P\241F\261[\327Z\255\355\314RY\224\030"
 186      2B50A146 
 186      B15BD75A 
ARM GAS  /var/folders/_f/jzb7lsz153bclt069nvlpp5r0000gn/T//cc9aWMUH.s 			page 14


 186      ADEDCC52 
 186      599418
 187 00a7 AB91CAA7 		.ascii	"\253\221\312\247\334!\362*T!\241?U\200\363\334k\353"
 187      DC21F22A 
 187      5421A13F 
 187      5580F3DC 
 187      6BEB
 188 00b9 6AB980EA 		.ascii	"j\271\200\352\213\266\250I\006B\003\271G\016T.\255'"
 188      8BB6A849 
 188      064203B9 
 188      470E542E 
 188      AD27
 189 00cb AF4B0249 		.ascii	"\257K\002Ii.!\237\304\273\267\265\313\262t\217\3241"
 189      692E219F 
 189      C4BBB7B5 
 189      CBB2748F 
 189      D431
 190 00dd 3F73C9B5 		.ascii	"?s\311\265\022l\302F<\305)\001\366@\205<\330M-S\313"
 190      126CC246 
 190      3CC52901 
 190      F640853C 
 190      D84D2D53 
 191 00f2 A66D6440 		.ascii	"\246md@!\020\366\2112\207\302\001\250\006ZX\025\204"
 191      2110F689 
 191      3287C201 
 191      A8065A58 
 191      1584
 192 0104 5F97101B 		.ascii	"_\227\020\033\334\032\012\264\204\201V\302\346\365\347"
 192      DC1A0AB4 
 192      848156C2 
 192      E6F5E7
 193 0113 9E4EA440 		.ascii	"\236N\244@d\361\013\371\332\221\264\020y\330&-\235\362"
 193      64F10BF9 
 193      DA91B410 
 193      79D8262D 
 193      9DF2
 194 0125 8B841DFD 		.ascii	"\213\204\035\375\225\377{\340\343N\201O\332\201O\377"
 194      95FF7BE0 
 194      E34E814F 
 194      DA814FFF 
 195 0135 0D6CA5A9 		.ascii	"\015l\245\251g\037\313\335@\\_\0317I\306\217\017\370"
 195      671FCBDD 
 195      405C5F19 
 195      3749C68F 
 195      0FF8
 196 0147 B1D1F061 		.ascii	"\261\321\360aYV\332\367` 8\031\034\363\372\235\375\262"
 196      5956DAF7 
 196      60203819 
 196      1CF3FA9D 
 196      FDB2
 197 0159 4B7629E1 		.ascii	"Kv)\341\210\022\230\010)3\341\331hD\361\372<.\247\342"
 197      88129808 
 197      2933E1D9 
 197      6844F1FA 
 197      3C2EA7E2 
 198 016d 760F29BE 		.ascii	"v\017)\276Q\317\334\000W\374\221\250?\024\232\226\247"
 198      51CFDC00 
ARM GAS  /var/folders/_f/jzb7lsz153bclt069nvlpp5r0000gn/T//cc9aWMUH.s 			page 15


 198      57FC91A8 
 198      3F149A96 
 198      A7
 199 017e D81B5122 		.ascii	"\330\033Q\"\3210"
 199      D130
 200              		.text
 201              		.section	.gnu.lto_.symbol_nodes.221a13412d0f5ace,"",%progbits
 202 0000 789C558F 		.ascii	"x\234U\217\311\015\302@\014E\377|\223\220\215\032\350"
 202      C90DC240 
 202      0C45FF7C 
 202      93908D1A 
 202      E8
 203 0011 82F68C10 		.ascii	"\202\366\214\020'N4\000\212PJ\211\340F\015,a\017 \032"
 203      274E3400 
 203      8A504A89 
 203      E0460D2C 
 203      610F201A 
 204 0025 400C0907 		.ascii	"@\014\011\0073\227\247\367,\217d\0010ph\037_T`\272\006"
 204      3397A7F7 
 204      2C8F6401 
 204      3070681F 
 204      5F5460BA 
 205 003a 54DD6C11 		.ascii	"T\335l\021\201\007\252\373\005\314s\037**\377\302\236"
 205      8107AAFB 
 205      05CC731F 
 205      2A2AFFC2 
 205      9E
 206 004b 2A360427 		.ascii	"*6\004'\"\367\315\335\251\235v\200\3410\202{P\003\353"
 206      22F7CDDD 
 206      A99D7680 
 206      E130827B 
 206      5003EB
 207 005e 4F6A68BD 		.ascii	"Ojh\275\246v\255\337\250\221\365+5\266~\241&\326\317"
 207      A676ADDF 
 207      A891F52B 
 207      35B67EA1 
 207      26D6CF
 208 0071 D4D4FA91 		.ascii	"\324\324\372\221\232\031\027tQl\337N\020b\3340@\265"
 208      9A191774 
 208      516CDF4E 
 208      1062DC30 
 208      40B5
 209 0083 F1F4C78F 		.ascii	"\361\364\307\217V\313P\030\241\232\324}\221\036\212"
 209      56CB5018 
 209      A19AD47D 
 209      911E8A
 210 0092 6F970C65 		.ascii	"o\227\014eC\207]\303\264\335\223\244\375Gb\224\236\370"
 210      43875DC3 
 210      B4DD93A4 
 210      FD476294 
 210      9EF8
 211 00a4 009C5659 		.ascii	"\000\234VY\343"
 211      E3
 212              		.text
 213              		.section	.gnu.lto_.refs.221a13412d0f5ace,"",%progbits
 214 0000 789C6366 		.ascii	"x\234cf``\340d\200\000&f&\026F&\026V\006\000\001`\000"
 214      6060E064 
ARM GAS  /var/folders/_f/jzb7lsz153bclt069nvlpp5r0000gn/T//cc9aWMUH.s 			page 16


 214      80002666 
 214      26164626 
 214      16560600 
 215 0017 24       		.ascii	"$"
 216              		.text
 217              		.section	.gnu.lto_.decls.221a13412d0f5ace,"",%progbits
 218 0000 789CCD59 		.ascii	"x\234\315YkPTI\226\256\254,\012\252(\300\300^\3335f"
 218      6B505449 
 218      96AEAC2C 
 218      0AAA28C0 
 218      C05EDB35 
 219 0015 B71D27D6 		.ascii	"\267\035'\326\355\231i-\004\235\351\211\215\335n-\320"
 219      ED99692D 
 219      049DE989 
 219      8DDD6E2D 
 219      D0
 220 0026 2656BA89 		.ascii	"&V\272\211\302\236\230\230\331\210\032\304\262!\006"
 220      C29E9898 
 220      D9881AC4 
 220      B22106
 221 0035 C10574ED 		.ascii	"\301\005t\355_{\005Z\220\207 \242\202\212\226<\004A"
 221      5F7B055A 
 221      908720A2 
 221      828A963C 
 221      0441
 222 0047 04446D9F 		.ascii	"\004Dm\237\200(\210\017\020\025\001\337\210\017P\004"
 222      8028880F 
 222      101501DF 
 222      880F5004 
 223 0057 415179D7 		.ascii	"AQy\327\236\314\274\267\356\255k\241=\023\273\021{\303"
 223      9ECCBCB7 
 223      EEAD6BA1 
 223      3D13BB11 
 223      7BC3
 224 0069 C3BD27F3 		.ascii	"\303\275'\363\313/O\236\223\217\223%V(\024?S*\024Vx"
 224      CB2F4F9E 
 224      938F9325 
 224      5628143F 
 224      532A1456 
 225 007e 5A3E5128 		.ascii	"Z>Q(\016\252\025\012'(\013\004\201bE9H\225\202=n g@"
 225      0EAA150A 
 225      27280B04 
 225      81624539 
 225      4895823D 
 226 0096 CE81D483 		.ascii	"\316\201\324\2034\200\\\004\271\014\322\004r\035\344"
 226      34805C04 
 226      B90CD204 
 226      721DE4
 227 00a5 06C82D90 		.ascii	"\006\310-\220; \367@:@\020\310#\205\375Cx4|?\356 :\276"
 227      3B20F740 
 227      3A4010C8 
 227      2385FD43 
 227      78347C3F 
 228 00bd AF7F06F0 		.ascii	"\257\177\006\360\257@\364 ^ \265<\336\235o\343\015e"
 228      AF40F420 
 228      5E20B53C 
 228      DE9D6FE3 
ARM GAS  /var/folders/_f/jzb7lsz153bclt069nvlpp5r0000gn/T//cc9aWMUH.s 			page 17


 228      0D65
 229 00cf F3413E07 		.ascii	"\363A>\007\371\027\220/\021\263a\021bv\370\302{1b\366"
 229      F917902F 
 229      11B36111 
 229      6276F8C2 
 229      7B3162F6 
 230 00e3 F8C37B29 		.ascii	"\370\303{)R\274\363\020\373\265\223\364\375sx\377\023"
 230      52BCF310 
 230      FBB593F4 
 230      FD7378FF 
 230      13
 231 00f4 BCBBE11D 		.ascii	"\274\273\341\035\000\357j\336\017\236\360\375\367\210"
 231      00EF6ADE 
 231      0F9EF0FD 
 231      F788
 232 0102 7D9FE36D 		.ascii	"}\237\343m\221?\365\274\217\010/\341\331\006\370L\236"
 232      913FF5BC 
 232      8F082FE1 
 232      D906F84C 
 232      9E
 233 0113 2B0FDEB9 		.ascii	"+\017\336\271\210\365A\370\255P\226\217X\277WA\\A\376"
 233      88F541F8 
 233      AD50968F 
 233      58BF5741 
 233      5C41FE
 234 0126 1BF41F40 		.ascii	"\033\364\037@v\203\314\002\231\012\362w 3\371\276?\006"
 234      7683CC02 
 234      990AF277 
 234      2033F9BE 
 234      3F06
 235 0138 F904643A 		.ascii	"\371\004d:oG=\357s\371C\342\342\314\333Q\200X\374N\203"
 235      6F473DEF 
 235      73F943E2 
 235      E2CCDB51 
 235      8058FC4E 
 236 014d B42BEC7D 		.ascii	"\264+\354}\352\314c;\370X\235\343\343v\213\217\243\243"
 236      EACC633B 
 236      F8589DE3 
 236      E3768B8F 
 236      A3A3
 237 015f B80D28D1 		.ascii	"\270\015(\321\361\203\203\215\256\335J\344\256\235I"
 237      F183838D 
 237      AEDD4AE4 
 237      AE9D49
 238 016e D413190D 		.ascii	"\324\023\031\015YjPuZ\025Q\253\253\206\352\265X\211"
 238      596A5075 
 238      5A1551AB 
 238      AB86EAB5 
 238      5889
 239 0180 C8775ED6 		.ascii	"\310w^\326\203\026\355g\305\034\307%r5\355H\244HI\354"
 239      8316ED67 
 239      C51CC725 
 239      7235ED48 
 239      A44849EC 
 240 0194 B8A0C59E 		.ascii	"\270\240\305\236\024\264~\337\311\024gh\377s-\255\272"
 240      14B47EDF 
 240      C9146768 
ARM GAS  /var/folders/_f/jzb7lsz153bclt069nvlpp5r0000gn/T//cc9aWMUH.s 			page 18


 240      FF732DAD 
 240      BA
 241 01a5 BF73385F 		.ascii	"\277s8_CU2%=\240H\331\360\204\313sG\263\265\371@\324"
 241      43553225 
 241      3DA048D9 
 241      F084CB73 
 241      47B3B5F9 
 242 01bb 7F3AA3FE 		.ascii	"\177:\243\376g\034\247BeH\213J\020F\305\3503b*iM\236"
 242      671CA742 
 242      65488B4A 
 242      1046C5E8 
 242      33622A69 
 243 01d1 448E8BE5 		.ascii	"D\216\213\345\322\3438M\203\273\002\025\242\031\250"
 243      D2E3384D 
 243      83BB0215 
 243      A219A8
 244 01e0 08CD50A0 		.ascii	"\010\315P\240\203h6 (\026\035\200\302R(\004\342\272"
 244      83683620 
 244      28161D80 
 244      C2522804 
 244      E2BA
 245 01f2 B1AA7827 		.ascii	"\261\252x'\244\235\355\270Q\205\203F\324\204\361\270"
 245      A49DEDB8 
 245      51858346 
 245      D484F1B8 
 246 0202 8C69C484 		.ascii	"\214i\304\204r0a\277h\002X\304l \0250\222\206\222\234"
 246      723061BF 
 246      680258C4 
 246      6C201530 
 246      9286929C 
 247 0216 3FE36B88 		.ascii	"?\343k\210\014R\365pW\371Q\0174{\306\014:\210D\356K"
 247      0C52F570 
 247      57F9510F 
 247      347BC60C 
 247      3A8844EE 
 248 022b 74141A1F 		.ascii	"t\024\032\037BX\342\332,(\037\372\202T\300\247\013}"
 248      4258E2DA 
 248      2C281FFA 
 248      8254C0A7 
 248      0B7D
 249 023d 53C3FA33 		.ascii	"S\303\37238<]\201>\233\201~\011VU\202U\244J\201\216"
 249      383C5D81 
 249      3E9B817E 
 249      09565582 
 249      55A44A81 
 250 0252 804D87E9 		.ascii	"\200M\207\351@P\347\226\201\215NZ\036\235\370!\364\361"
 250      4050E796 
 250      818D4E5A 
 250      1E9DF821 
 250      F4F1
 251 0264 8AF46177 		.ascii	"\212\364aw\032\300\257\210\332\336\260}\001\215\237"
 251      1AC0AF88 
 251      DADEB07D 
 251      018D9F
 252 0273 8668F95B 		.ascii	"\206h\371[\267\035p\242\252\013Q\307\342z\337`\302\314"
 252      B71D70A2 
 252      AA0B51C7 
ARM GAS  /var/folders/_f/jzb7lsz153bclt069nvlpp5r0000gn/T//cc9aWMUH.s 			page 19


 252      E27ADF60 
 252      C2CC
 253 0285 F10E820A 		.ascii	"\361\016\202\012\233\213\024\350$\345\376t\006:\301"
 253      9B8B14E8 
 253      24E5FE74 
 253      063AC1
 254 0294 A8B7B674 		.ascii	"\250\267\266t$\253=\323)\234\343f\":\314c\000?N\341"
 254      24AB3DD3 
 254      299CE366 
 254      223ACC63 
 254      003F4EE1 
 255 02a8 A790A7D0 		.ascii	"\247\220\247\320\210\240\257\235\031\343\\\244\350\037"
 255      88A0AF9D 
 255      19E35CA4 
 255      E81F
 256 02b6 DF87AE1B 		.ascii	"\337\207\256\033\316<\246\325%\211\261B\247\221\247"
 256      CE3CA6D5 
 256      2589B142 
 256      A791A7
 257 02c5 C4962AA4 		.ascii	"\304\226*\244\243\336\2077\240O\216v\266\250>\336\312"
 257      A3DE8737 
 257      A04F8E76 
 257      B6A83EDE 
 257      CA
 258 02d6 1B3E4585 		.ascii	"\033>E\205\002\247I\260\325\350c\370\373'\025c.\315"
 258      02A749B0 
 258      D5E863F8 
 258      FB271563 
 258      2ECD
 259 02e8 79D6E681 		.ascii	"y\326\346\201\333h\250P\213%\266\036\317\334\315\325"
 259      DB68A850 
 259      8B25B61E 
 259      CFDCCDD5 
 260 02f8 94F7F716 		.ascii	"\224\367\367\026v\372d\247[b\271\011\253\025qJ\322\012"
 260      76FA64A7 
 260      5B62B909 
 260      AB15714A 
 260      D20A
 261 030a D5D802AE 		.ascii	"\325\330\002\256 \337,\340g\320\314\017vYk\327\245\345"
 261      20DF2CE0 
 261      67D0CC0F 
 261      76596BD7 
 261      A5E5
 262 031c D9BE582D 		.ascii	"\331\276X->\311\326\311\261\223\361]\256\320eG9\227"
 262      3EC9D6C9 
 262      B193F15D 
 262      AED06547 
 262      3997
 263 032e CD59941C 		.ascii	"\315Y\224\034L|\350\015\032\240\263\222\336\316\012"
 263      4C7CE80D 
 263      1AA0B392 
 263      DECE0A
 264 033d BD9DA3BD 		.ascii	"\275\235\243\275]\337\221q\030\341k\214\341d\372\226"
 264      5DDF9171 
 264      18E16B8C 
 264      E164FA96 
 265 034d 073A60B0 		.ascii	"\007:`\260\224[v\225\252\033\270\032\253\365\013JP'"
ARM GAS  /var/folders/_f/jzb7lsz153bclt069nvlpp5r0000gn/T//cc9aWMUH.s 			page 20


 265      945B7695 
 265      AA1BB81A 
 265      ABF50B4A 
 265      5027
 266 035f 21A81308 		.ascii	"!\250\023\010\352)\301`Ms+\306\367\030Al\345\231\004"
 266      EA29C160 
 266      4D732BC6 
 266      F718416C 
 266      E59904
 267 0372 574AD031 		.ascii	"WJ\3201\\\262\242&\236\033\263Z15\032\235\227P\234\027"
 267      5CB2A226 
 267      9E1BB35A 
 267      31351A9D 
 267      97509C17 
 268 0386 281A2845 		.ascii	"(\032(E\334\203d\253\012w1\212'#\261\025\316d\024\\"
 268      DC8364AB 
 268      0A77318A 
 268      2723B115 
 268      CE64145C 
 269 039a 7F62EAC1 		.ascii	"\177b\352\301\205\233\343\322\363\271\016\253\365\023"
 269      859BE3D2 
 269      F3B90EAB 
 269      F513
 270 03a8 C67241C2 		.ascii	"\306rA\302rA`\271HY6Z\373\216i\361aLY\362\317\264=s"
 270      724160B9 
 270      4859365A 
 270      FB8E69F1 
 270      614C59F2 
 271 03c0 A22CE569 		.ascii	"\242,\345ie\207\224\331\334^\346~\306rI\302rI`\271L"
 271      658794D9 
 271      DC5EE67E 
 271      C67249C2 
 271      724960B9 
 272 03d5 59EE1FD8 		.ascii	"Y\356\037\330\325\256\304\303\214%\243)i3b,\211\245"
 272      D5AEC4C3 
 272      8C25A329 
 272      6933622C 
 272      89A5
 273 03e7 07918CA5 		.ascii	"\007\221\214\245Q\302\322(\2604Q\226\304\322\362S\032"
 273      51C2D228 
 273      B0345196 
 273      C4D2F253 
 273      1A
 274 03f8 95922D62 		.ascii	"\225\222-b\022-(\333\321|`\247\316Vv\005\321\302\322"
 274      122D28DB 
 274      D17C60A7 
 274      CE567605 
 274      D1C2D2
 275 040b B4D7E774 		.ascii	"\264\327\347t\223\006\373*\015v3\342\243}\250\245d\267"
 275      9306FB2A 
 275      0D7633E2 
 275      A37DA8A5 
 275      64B7
 276 041d 1667AAD8 		.ascii	"\026g\252\330\004\253^_\244f\2665V\014\351$\266A+tM"
 276      04AB5E5F 
 276      A466B635 
 276      560CE924 
ARM GAS  /var/folders/_f/jzb7lsz153bclt069nvlpp5r0000gn/T//cc9aWMUH.s 			page 21


 276      B6412B74 
 277 0432 62DB35C1 		.ascii	"b\3335\301\266\353\324\266\302\236\023\305\032\374\220"
 277      B6EBD4B6 
 277      C29E13C5 
 277      1AFC90
 278 0441 B19CBB51 		.ascii	"\261\234\273Q\244g$}\225\335\0012g\267HHZ\004\222\033"
 278      A467247D 
 278      95DD0132 
 278      67B74848 
 278      5A04921B 
 279 0455 94242B29 		.ascii	"\224$+)+Qg\267\212\310\242\023-oe\253\010\220\326\361"
 279      2B5167B7 
 279      8AC8A213 
 279      2D6F65AB 
 279      0890D6F1 
 280 0469 EC57880E 		.ascii	"\354W\210\016\033\312xW\364\247\224<\323L:\352v:\352"
 280      1BCA7857 
 280      F4A7943C 
 280      D34C3AEA 
 280      763AEA
 281 047c 3661D48D 		.ascii	"6a\324\215\365[^{\340\243N\324\336\3017m\031\356|\\"
 281      F55B5E7B 
 281      E0A34ED4 
 281      DEC1376D 
 281      19EE7C5C 
 282 0490 7F1CFC47 		.ascii	"\177\034\374G\311\250\241\025\272)1\370\246`\360-j\360"
 282      C9A8A115 
 282      BA2931F8 
 282      A660F02D 
 282      6AF0
 283 04a2 C5BA37DD 		.ascii	"\305\2727\335\256x\224\261\024\326\\h\300|\\{\337\211"
 283      AE7894B1 
 283      14D65C68 
 283      C07C5C7B 
 283      DF89
 284 04b4 EB6D09CB 		.ascii	"\353m\011\313m\201\345\016e\371\361B\355c\214\323\325"
 284      6D81E50E 
 284      65F9F142 
 284      ED638CD3 
 284      D5
 285 04c5 94E540F6 		.ascii	"\224\345@\366\203$6;,'\0126\314\224,\227\273\022\206"
 285      8324363B 
 285      2C270A36 
 285      CC942C97 
 285      BB1286
 286 04d8 BB02C33D 		.ascii	"\273\002\303=\312\260\377D\353[\017\\\300\030r\006\007"
 286      CAB0FF44 
 286      EB5B0F5C 
 286      C0187206 
 286      07
 287 04e9 5E216134 		.ascii	"^!a4\375\362\321\334\227\260\334\027X:(\313\343\214"
 287      FDF2D1DC 
 287      97B0DC17 
 287      583A28CB 
 287      E38C
 288 04fb ADFD181F 		.ascii	"\255\375\030\037e,\235\355\243\233\\q5SjO?x\356\361"
 288      652C9DED 
ARM GAS  /var/folders/_f/jzb7lsz153bclt069nvlpp5r0000gn/T//cc9aWMUH.s 			page 22


 288      A39B5C71 
 288      35536A4F 
 288      3F78EEF1 
 289 050f 49A33A07 		.ascii	"I\243:\007\366~\330\330H\321\243\326\3341\364\213\275"
 289      F67ED8D8 
 289      48D1A3D6 
 289      DC31F48B 
 289      BD
 290 0520 5CB3A5BF 		.ascii	"\\\263\245\277\267kb\306z\330\212\3229b*\335\371\036"
 290      B76B62C6 
 290      7AD88AD2 
 290      39622ADD 
 290      F91E
 291 0532 402FB00C 		.ascii	"@/\260\014%\033f'\351\013=D0\013\036\241_\000A\375\323"
 291      251B6627 
 291      E90B3D44 
 291      300B1EA1 
 291      5F0041FD 
 292 0547 AA4D3ABA 		.ascii	"\252M:\272\323sjBX^]\262QC7\367?\323.\217'\344\250p"
 292      D3736A42 
 292      585E5DB2 
 292      514337F7 
 292      3FD32E8F 
 293 055f 1BEBBFB7 		.ascii	"\033\353\277\2676\177\035\331\350\343~\332I\010-\342"
 293      367F1DD9 
 293      E8E37EDA 
 293      49082DE2 
 294 056f B3ADAF31 		.ascii	"\263\255\2571~\310\232\357\030.\333\357\212\273x%\373"
 294      7EC89AEF 
 294      182EDBEF 
 294      8ABB7825 
 294      FB
 295 0580 FC6D15EE 		.ascii	"\374m\025\356aJ\312\225\2264\015\356g\312\276\314\267"
 295      614ACA95 
 295      96340DEE 
 295      67CABECC 
 295      B7
 296 0591 1B3DF06B 		.ascii	"\033=\360k\246\\\352\034z\245\243\346L!\352\360h\313"
 296      A65CEA1C 
 296      7AA5A3E6 
 296      4C21EAF0 
 296      68CB
 297 05a3 4D251E62 		.ascii	"M%\036bu\027[\037\344:\3411\246d\277\275\\\357A\201"
 297      75175B1F 
 297      E43AE131 
 297      A664BFBD 
 297      5CEF4181 
 298 05b7 D389FA76 		.ascii	"\323\211\372vg\\\234\007\216u\246u\226\302q\253;Nd\212"
 298      675C9C07 
 298      8E75A675 
 298      96C271AB 
 298      3B4E648A 
 299 05cb 909BE858 		.ascii	"\220\233\350Xn\262\353\314\263\253n8\225\325\275\352"
 299      6EB2EBCC 
 299      B3AB6E38 
 299      95D5BDEA 
 300 05db 8C9D4078 		.ascii	"\214\235@x3S\212:\2332\334(\360S\242\356\311\0346\340"
ARM GAS  /var/folders/_f/jzb7lsz153bclt069nvlpp5r0000gn/T//cc9aWMUH.s 			page 23


 300      33538A3A 
 300      9B32DC28 
 300      F053A2EE 
 300      C91C36E0 
 301 05ef ADACEAC4 		.ascii	"\255\254\352\304@\362\240\013\316f\312\375\267\367k"
 301      40F2A00B 
 301      CE66CAFD 
 301      B7F76B
 302 05fe 9D29CE8B 		.ascii	"\235)\316\213\236o\247veh\230Ci\365\246\203\371\257"
 302      9E6FA776 
 302      65689843 
 302      69F5A683 
 302      F9AF
 303 0610 986198B2 		.ascii	"\230a\230\262\356\275s\371=\247\345\270pZ\2161\007\346"
 303      EEBD73F9 
 303      3DA7E5B8 
 303      705A8E31 
 303      07E6
 304 0622 F434177B 		.ascii	"\3644\027{\210\347_\014\335_F\001\336G\341\023\364\374"
 304      88E75F0C 
 304      DD5F4601 
 304      DE47E113 
 304      F4FC
 305 0634 1B17CEBF 		.ascii	"\033\027\316\277\3557\212\372\235\245\350\356\367\241"
 305      ED378AFA 
 305      9DA5E8EE 
 305      F7A1
 306 0642 93B665D6 		.ascii	"\223\266e\326#\234\303Fqc\375\223V%\336\313\224Cy\005"
 306      239CC346 
 306      7163FD93 
 306      5625DECB 
 306      94437905 
 307 0656 47D924F8 		.ascii	"G\331$\370\222\016\241\355\352\015g\274\217\367\037"
 307      920EA1ED 
 307      EA0D67BC 
 307      8FF71F
 308 0665 9F1AE858 		.ascii	"\237\032\350Xjp\341Hj\215\026\027\263\272\361\222GC"
 308      6A70E148 
 308      6A8D1617 
 308      B3BAF192 
 308      4743
 309 0677 4A5CC694 		.ascii	"J\\\306\224\256\252\347\234\222\002\003\211z\2577\365"
 309      AEAAE79C 
 309      92020389 
 309      7AAF37F5 
 310 0687 BE0B3E64 		.ascii	"\276\013>d\337\201;\353 )\271\302\352<\271S\222\224"
 310      DF813BEB 
 310      2029B9C2 
 310      EA3CB953 
 310      9294
 311 0699 BC537E49 		.ascii	"\274S~I}\262>\247\240\003\363\243\264\010>\331\250d"
 311      7DB23EA7 
 311      A003F3A3 
 311      B4083ED9 
 311      A864
 312 06ab 19860225 		.ascii	"\031\206\002%+=\2056\004=\320\036\177\305U\212\356~"
 312      2B3D8536 
ARM GAS  /var/folders/_f/jzb7lsz153bclt069nvlpp5r0000gn/T//cc9aWMUH.s 			page 24


 312      043DD01E 
 312      7FC5558A 
 312      EE7E
 313 06bd 1FBAF14D 		.ascii	"\037\272\361MQ\216\032\037cV&\236\312\334\307\334\360"
 313      518E1A1F 
 313      6356269E 
 313      CADCC7DC 
 313      F0
 314 06ce 0750A7DD 		.ascii	"\007P\247\335\276\222P\346\206f\261g\352,\3113{\226"
 314      BE9250E6 
 314      8666B167 
 314      EA2CC933 
 314      7B96
 315 06e0 858B8FEB 		.ascii	"\205\213\217\353\037?\335\341\273\271p\003\327\340E"
 315      1F3FDDE1 
 315      BBB97003 
 315      D7E045
 316 06ef 3BD9A0C4 		.ascii	";\331\240\304h\233r\252\270H\022\224\244\307_\301\037"
 316      689B72AA 
 316      B8481294 
 316      A4C75FC1 
 316      1F
 317 0700 05C15BD2 		.ascii	"\005\301[\322*\340\030\305\024\373\203\034\033O\261"
 317      2AE018C5 
 317      14FB831C 
 317      1B4FB1
 318 070f 85C806B6 		.ascii	"\205\310\006\266\226\251y\336WH\206\035D\366\274\243"
 318      96A979DE 
 318      5748861D 
 318      44F6BCA3 
 319 071f 3668AF1C 		.ascii	"6h\257\034\332'\203&\211&\014\311\261o\221\314\204\011"
 319      DA278326 
 319      89260CC9 
 319      B16F91CC 
 319      8409
 320 0731 1BEF4B39 		.ascii	"\033\357K9v@\216\035\267a\373\035c\251\015\233\371\251"
 320      76408E1D 
 320      B761FB1D 
 320      63A90D9B 
 320      F9A9
 321 0743 FA658C02 		.ascii	"\372e\214\002=\206\372'\264\212\240a'Ay\312\331(K9\013"
 321      3D86FA27 
 321      B48AA061 
 321      274179CA 
 321      D9284B39 
 322 0758 6D07D90D 		.ascii	"m\007\331\015\222\015\222\001\262\007d+H&\310f\220\235"
 322      920D9201 
 322      B207642B 
 322      4826C866 
 322      909D
 323 076a 20B9205B 		.ascii	" \271 [@v\201X@\366\202\354\000I\007I\003\311\007\311"
 323      40768158 
 323      40F682EC 
 323      00490749 
 323      03C907C9 
 324 077e 51CEA21B 		.ascii	"Q\316\242\033-5p\310f\3403\271\201\237\312\306\362\302"
 324      2D3570C8 
ARM GAS  /var/folders/_f/jzb7lsz153bclt069nvlpp5r0000gn/T//cc9aWMUH.s 			page 25


 324      66E033B9 
 324      819FCAC6 
 324      F2C2
 325 0790 067DEA10 		.ascii	"\006}\352\020*\272s\304\206|.G\236\220{h\223\350\372"
 325      2ABA73C4 
 325      867C2E47 
 325      9E907B68 
 325      93E8FA
 326 07a3 38C7D117 		.ascii	"8\307\321\027y\023E\354k\307\321\227\020'\213\340a9"
 326      791345EC 
 326      6BC7D197 
 326      10278BE0 
 326      6139
 327 07b5 78C42EFE 		.ascii	"x\304.\376\353-;*T\004\233\242\364D\251\274\021\302"
 327      EB2D3B2A 
 327      54049BA2 
 327      F444A9BC 
 327      11C2
 328 07c7 DA409B64 		.ascii	"\332@\233dF\014\333\006\327"
 328      460CDB06 
 328      D7
 329 07d0 E3787022 		.ascii	"\343xp\"t\314\006}\341x\006\332\314]oIa&X\341\274\342"
 329      74CC067D 
 329      E17806DA 
 329      CC5D6F49 
 329      612658E1 
 330 07e6 7813842D 		.ascii	"x\023\204-\2137W2\266Tql\353\345N\213\225/\231\215\""
 330      8B375732 
 330      B654716C 
 330      EBE54E8B 
 330      952F998D 
 331 07fb F88DE3C9 		.ascii	"\370\215\343\311M-&\367\255\216\27625\207\010D!\234"
 331      4D2D26F7 
 331      AD8EBE32 
 331      35870844 
 331      219C
 332 080d CB0ADB5C 		.ascii	"\313\012\333\\\351\310\256x\004\211\204\245\026Q\256"
 332      E9C8AE78 
 332      048984A5 
 332      1651AE
 333 081c 44C7EB9A 		.ascii	"D\307\353\232u\014w\306\363\375\307'0\232:\333\321\344"
 333      750C77C6 
 333      F3FDC727 
 333      309A3ADB 
 333      D1E4
 334 082e 46FB604E 		.ascii	"F\373`N\377_\317o:\240\235\025:\030P\001t\325%^@\311"
 334      FF5FCF6F 
 334      3AA09D15 
 334      3A185001 
 334      74D5255E 
 335 0844 F8147CF2 		.ascii	"\370\024|\362vzO\375\200\263]\232W \031\024\214G\311"
 335      767A4FFD 
 335      80B35D9A 
 335      57201914 
 335      8C47C9
 336 0857 2E4BF096 		.ascii	".K\360\226\034\304\356\354 \336\321\366x\020\323\255"
 336      1CC4EEEC 
ARM GAS  /var/folders/_f/jzb7lsz153bclt069nvlpp5r0000gn/T//cc9aWMUH.s 			page 26


 336      20DED1F6 
 336      7810D3AD 
 337 0867 5149D4DD 		.ascii	"QI\324\335\335\333vh\304M\226]\352\212`\"\355\247\256"
 337      DDDB7668 
 337      C44D965D 
 337      EA8A6022 
 337      EDA7AE
 338 087a 29966CB2 		.ascii	")\226l\262D!\233xM\351ug\312\3679=\257\363:z\020\345"
 338      44219B78 
 338      4DE97567 
 338      CAF7393D 
 338      AFF33A7A 
 339 0890 73A6C9F9 		.ascii	"s\246\311\371\017\307\216\261C\206&%\371\371\375\333"
 339      0FC78EB1 
 339      43862625 
 339      F9F9FDDB 
 340 08a0 DC263F1F 		.ascii	"\334&?\037\016\012\347C\251\222\036\020\275q=\245\357"
 340      0E0AE743 
 340      A9921E10 
 340      BD713DA5 
 340      EF
 341 08b1 5C314BC0 		.ascii	"\\1K\300\232\003\324\2322j\315AfM\031\265\346^VM\222"
 341      9A03D49A 
 341      326ACD41 
 341      664D19B5 
 341      E65E564D 
 342 08c6 CACE1724 		.ascii	"\312\316\027$\325\023{(\347}QN}Q\265\273aB\213c]\330"
 342      D5137B28 
 342      E77D514E 
 342      7D51B5BB 
 342      61428B63 
 343 08dc CDACA73B 		.ascii	"\315\254\247;V\303.\203\245W\017\004\234)\200\375\237"
 343      56C32E83 
 343      A5570F04 
 343      9C2980FD 
 343      9F
 344 08ed 648B684F 		.ascii	"d\213hO\315\024\312R\241\024S=\370f\251\336!%I\365\012"
 344      CD14CA52 
 344      A114533D 
 344      F866A9DE 
 344      212549F5 
 345 0902 BA4B5E60 		.ascii	"\272K^`|\211\021\275\274\336>\344B\211\312\323^\354"
 345      7C8911BD 
 345      BCDE3EE4 
 345      4289CAD3 
 345      5EEC
 346 0914 C330DF58 		.ascii	"\3030\337X\302\270\210\262TJX*\005\226\303\224\345A"
 346      C2B888B2 
 346      544A582A 
 346      0596C394 
 346      E541
 347 0926 CB8D662D 		.ascii	"\313\215f-\276\303X\366>\275\231\246\305/\230\322{~"
 347      BEC358F6 
 347      3EBD99A6 
 347      C52F98D2 
 347      7B7E
 348 0938 A2D209F2 		.ascii	"\242\322\011\362st\224\266\200\222\204M/s\235\231\265"
ARM GAS  /var/folders/_f/jzb7lsz153bclt069nvlpp5r0000gn/T//cc9aWMUH.s 			page 27


 348      737494B6 
 348      8092844D 
 348      2F739D99 
 348      B5
 349 0949 7D95E5FF 		.ascii	"}\225\345\377QQ(Z\233\256\242\035\035\021:B?*U\012\242"
 349      5151285A 
 349      9BAEA21D 
 349      1D113A42 
 349      3F2A550A 
 350 095e B2BE8ED1 		.ascii	"\262\276\216\321\276\036\265\014pZ<>\031\375\255C\007"
 350      BE1EB50C 
 350      705A3C3E 
 350      19FDAD43 
 350      07
 351 096f A75376CB 		.ascii	"\247Sv\313\351#\374\0251.q\021K\275\217\333\210O\020"
 351      E923FC15 
 351      312E7111 
 351      4BBD8FDB 
 351      884F10
 352 0982 E2E302F1 		.ascii	"\342\343\002\361I\345d\267\252\333\225\023}\036\223"
 352      49E564B7 
 352      AADB9513 
 352      7D1E93
 353 0991 5E254E2B 		.ascii	"^%N+\311U\342\224\222\277JLt\244q\032\234\240\231\304"
 353      C955E294 
 353      92BF4A4C 
 353      74A4711A 
 353      9CA099C4 
 354 09a5 B2B82D35 		.ascii	"\262\270-5\203\210y\267\364\306\363\177\263y\267v\012"
 354      838879B7 
 354      F4C6F37F 
 354      B379B776 
 354      0A
 355 09b6 21425536 		.ascii	"!BU6\343\252\211qU\202q5\3248k\356\223A\204;\031wuI"
 355      E3AA8971 
 355      55827135 
 355      D4386BEE 
 355      9341843B 
 356 09ce 43AA5A08 		.ascii	"C\252Z\010\370\243o\337\015\370\031I\250\316\010D\265"
 356      F8A36FDF 
 356      0DF81949 
 356      A8CE0844 
 356      B5
 357 09df 9468E4FC 		.ascii	"\224h\344\374\231d%~\303\210\006rw\226\251\230\267\252"
 357      9964257E 
 357      C3880672 
 357      7796A998 
 357      B7AA
 358 09f1 2A6DDE52 		.ascii	"*m\336R2o\235\225\220\234\025H\316Q\222\332\274\266"
 358      326F9D95 
 358      909C1548 
 358      CE5192DA 
 358      BCB6
 359 0a03 EDCE3859 		.ascii	"\355\3168Y\313H\036\2275\273\011\263\246L>k\352$,u\002"
 359      CB481E97 
 359      35BB09B3 
 359      A64C3E6B 
ARM GAS  /var/folders/_f/jzb7lsz153bclt069nvlpp5r0000gn/T//cc9aWMUH.s 			page 28


 359      EA242C75 
 360 0a18 4B3D65D9 		.ascii	"K=e\331~\345\202'\336\255\235\304]#\311\035\365:a\236"
 360      7EE58227 
 360      DEAD9DC4 
 360      5D23C91D 
 360      F53A619E 
 361 0a2c 8C399A27 		.ascii	"\2149\232'\347m\036k \036;/\260_\240\354\273\233\357"
 361      E76D1E6B 
 361      201E3B2F 
 361      B05FA0EC 
 361      BB9BEF
 362 0a3f 3E55E1CA 		.ascii	">U\341\312\311\350\367\276\270\234\317\026\215\245\367"
 362      C9E8F7BE 
 362      B89CCF16 
 362      8DA5F7
 363 0a4e 9D8972D1 		.ascii	"\235\211r\321\306|\2110_\024\230/S\346w\227j\265\335"
 363      C67C8930 
 363      5F14982F 
 363      53E67797 
 363      6AB5DD
 364 0a61 526DE497 		.ascii	"Rm\344\227j#]\252\235]]\261l\333\252\241?V\035\256\256"
 364      6A235DAA 
 364      9D5D5DB1 
 364      6CDBAAA1 
 364      3F561DAE 
 365 0a76 7CC9EE13 		.ascii	"|\311\356\023\211\354\032\322\324\266\321\011W3;c\233"
 365      89EC1AD2 
 365      D4B6D109 
 365      57333B63 
 365      9B
 366 0a87 9F3FF4C0 		.ascii	"\237?\364\300\227\230\322~\257\243\306\02571\205K\353"
 366      9798D27E 
 366      AFA3C615 
 366      3731854B 
 366      EB
 367 0a98 8AC7B895 		.ascii	"\212\307\270\225)\0333\342\272\\\360m\246\224\035\032"
 367      291B33E2 
 367      BA5CF06D 
 367      A6941D1A 
 368 0aa8 DDA3C1F7 		.ascii	"\335\243\301\367\231\222S_wM\215\273\371\310\264\036"
 368      9992535F 
 368      774D8DBB 
 368      F9C8B41E 
 369 0ab8 FD351E60 		.ascii	"\3755\036`\337\371\355i\2730\036a\312pS\327\021\214"
 369      DFF9ED69 
 369      BB301E61 
 369      CA7053D7 
 369      118C
 370 0aca E35DA972 		.ascii	"\343]\251r\275(=\321\005\2472\245\211\313Jw\307\333"
 370      BD283DD1 
 370      05A732A5 
 370      89CB4A77 
 370      C7DB
 371 0adc 98527C6F 		.ascii	"\230R|o4\316\011[\230r\276\240l\217\032\027\361J\317"
 371      34CE095B 
 371      9872BEA0 
 371      6C8F1A17 
ARM GAS  /var/folders/_f/jzb7lsz153bclt069nvlpp5r0000gn/T//cc9aWMUH.s 			page 29


 371      F14ACF
 372 0aef 1BC859CA 		.ascii	"\033\310Y\312\231\"l\244:\266\221>)\255\317s\307\307"
 372      99226CA4 
 372      3AB6913E 
 372      29ADCF73 
 372      C7C7
 373 0b01 58DDCDC2 		.ascii	"X\335\315\302\204-.\270\226)um\033\236\252\361E\246"
 373      842D2EB8 
 373      9629756D 
 373      1B9EAAF1 
 373      45A6
 374 0b13 588F665D 		.ascii	"X\217f]p\303\327\230\262\243!\266\316\011\337aJ\352"
 374      70C3D798 
 374      B2A321B6 
 374      CE09DF61 
 374      4AEA
 375 0b25 234B9E0B 		.ascii	"#K\236\013~\302\224\354\336'ij\334\317\224\321\211\375"
 375      7EC294EC 
 375      DE27696A 
 375      DCCF94D1 
 375      89FD
 376 0b37 2FDCF008 		.ascii	"/\334\360\010SJ\012\271i8^\307FZ|\257\310\003obJk\335"
 376      534A0AB9 
 376      69385EC7 
 376      465A7CAF 
 376      C8036F62 
 377 0b4e AD3B6E38 		.ascii	"\255;n8\213);\323\257e3w\207\022usA&$\305\271\254n\317"
 377      8B293BD3 
 377      AF653377 
 377      87127573 
 377      412624C5 
 378 0b66 A643C3EC 		.ascii	"\246C\303\354W\341\325tY\3257\345jp!\253\033I\251\254"
 378      57E1D574 
 378      59D537E5 
 378      6A7021AB 
 378      1B49A9AC 
 379 0b7a 57E212A6 		.ascii	"W\342\022\246T\334\350n\323R\340:z\233\273^\275_\207"
 379      54DCE86E 
 379      D352E03A 
 379      7A9BBB5E 
 379      BD5F87
 380 0b8d 8FB03AE1 		.ascii	"\217\260:\341\266\245\343o[\317*'\036:\341\223\264r"
 380      B6A5E36F 
 380      5BCF2A27 
 380      1E3AE193 
 380      B472
 381 0b9f 66FD60F2 		.ascii	"f\375`\362Ig!a\267\317\330%\271;M\3357\275\032\373z"
 381      49672161 
 381      B7CFD825 
 381      B93B4DDD 
 381      37BD1AFB 
 382 0bb4 73812D75 		.ascii	"s\201-u\207K&\032{_\212}\245\322\226Z\\\225ce9a\362"
 382      874B261A 
 382      7B5F8A7D 
 382      A5D2965A 
 382      5C956365 
 383 0bcb 111B7440 		.ascii	"\021\033t@\016})O\261D\332Gr\254\335\355\201\343,\326"
ARM GAS  /var/folders/_f/jzb7lsz153bclt069nvlpp5r0000gn/T//cc9aWMUH.s 			page 30


 383      0E7D294F 
 383      B144DA47 
 383      72ACDDED 
 383      81E32CD6 
 384 0bdf 4A9A37C1 		.ascii	"J\2327\301\005\006=\343\261\266\324\255G\306\273Q\264"
 384      05063DE3 
 384      B1B6D4AD 
 384      47C6BB51 
 384      B4
 385 0bf0 A14FCEDB 		.ascii	"\241O\316\333k\2276\001q\322\021\033\361\0139q\277<"
 385      6B973601 
 385      71D2111B 
 385      F10B3971 
 385      BF3C
 386 0c02 3115899F 		.ascii	"1\025\211\237;&~'\317o\002\256+\264j\214\317\203\266"
 386      3B267E27 
 386      CF6F02AE 
 386      2BB46A8C 
 386      CF83B6
 387 0c15 E0D9E835 		.ascii	"\340\331\3505\344/\023 \311\030r\036\220M \351 i \211"
 387      E42F1320 
 387      C918721E 
 387      904D20E9 
 387      20692089 
 388 0c29 20835017 		.ascii	" \203P\027\013\357\015 \011 \031 \251 ) V\250\213\207"
 388      0BEF0D20 
 388      09201920 
 388      A9202920 
 388      56A88B87 
 389 0c3d F74690B7 		.ascii	"\367F\220\267\360\235\004\357qx\257\207\367\017 q C"
 389      F09D04EF 
 389      7178AF87 
 389      F70F2071 
 389      2043
 390 0c4f A08F820C 		.ascii	"\240\217\202\014\203\214\200\274\001\341\260\344>0*"
 390      838C80BC 
 390      01E1B0E4 
 390      3E302A
 391 0c5e BAFE897C 		.ascii	"\272\376\211|$\362L\270]\304^s\030}I\022\332'b\037\310"
 391      24F24CB8 
 391      5DC45E73 
 391      187D4912 
 391      DA27621F 
 392 0c73 B1B132DE 		.ascii	"\261\2612\336\024\321\233\257\034O\025[\230b-c\214\230"
 392      14D19BAF 
 392      1C4F155B 
 392      98622D63 
 392      8C98
 393 0c85 1C975D8E 		.ascii	"\034\227]\216\015\226X\321-Zq\313\361\334\226\336\363"
 393      0D9658D1 
 393      2D5A71CB 
 393      F1DC96DE 
 393      F3
 394 0c96 44F05339 		.ascii	"D\360S9\370\211\034\374B\004w:\036\237\364V(\202\273"
 394      F8891CFC 
 394      4204773A 
 394      1E9FF456 
ARM GAS  /var/folders/_f/jzb7lsz153bclt069nvlpp5r0000gn/T//cc9aWMUH.s 			page 31


 394      2882BB
 395 0ca9 1D338BF3 		.ascii	"\0353\213\363\373\2518\277o\313\247\341[\331r|&\362"
 395      FBA938BF 
 395      6FCBA7E1 
 395      5BD9727C 
 395      26F2
 396 0cbb DE91F3DA 		.ascii	"\336\221\363\332]y\300o\367D\277\265\313\261\366\327"
 396      5D79C06F 
 396      F744BFB5 
 396      CBB1F6D7 
 397 0ccb 58306248 		.ascii	"X0bH4\342\241\334\010\371%mD4\342\261\343\305+\361\304"
 397      34E2A1DC 
 397      08F9256D 
 397      4434E2B1 
 397      E3C52BF1 
 398 0ce0 4D117C5D 		.ascii	"M\021|]\016>!\263\270W\264\270C\216\275/'~.\022\337"
 398      0E3E21B3 
 398      B857B4B8 
 398      438EBD2F 
 398      277E2E12 
 399 0cf5 730C162D 		.ascii	"s\014\026-\276-bo\310\261\362_\012\356\212\3306\307"
 399      BE2D626F 
 399      C8B1F25F 
 399      0AEE8AD8 
 399      36C7
 400 0d07 6E13B177 		.ascii	"n\023\261wDl\253c^\211\301\267Dp\213cOH\300=\"\370\256"
 400      446CAB63 
 400      5E89C1B7 
 400      44708B63 
 400      4F48C03D 
 401 0d1e E3403330 		.ascii	"\343@30\275\0025V\256 \377\0117\366\316\245\016.i\267"
 401      BD023556 
 401      AE20FF09 
 401      37F6CEA5 
 401      0E2E69B7 
 402 0d32 122E156B 		.ascii	"\022.\025ke\2274agB[aC\372\377\2629\321\221\244\036"
 402      65973461 
 402      67425B61 
 402      43FAFFB2 
 402      39D191A4 
 403 0d47 2197B94C 		.ascii	"!\227\271L<\0255\3332::.\3412\327\3327t\312\311.+\""
 403      3C1535DB 
 403      323A3A2E 
 403      E132D7DA 
 403      3774CAC9 
 404 0d5e 60312BDA 		.ascii	"`1+\332\206YV\004o\222\373\025\217<u\302\311n,\233("
 404      86595604 
 404      6F92FB15 
 404      8F3C75C2 
 404      C96E2C9B 
 405 0d73 ADBBE586 		.ascii	"\255\273\345\206w0\245gK\317\270;\336\313\224S\373\022"
 405      7730A567 
 405      4BCFB83B 
 405      DECB9453 
 405      FB12
 406 0d85 AA5C7111 		.ascii	"\252\\q\021U\324\227R\316]$\207\351T\376\327\256\216"
 406      55D49752 
ARM GAS  /var/folders/_f/jzb7lsz153bclt069nvlpp5r0000gn/T//cc9aWMUH.s 			page 32


 406      CE5D2487 
 406      E954FED7 
 406      AE8E
 407 0d97 A2928B3A 		.ascii	"\242\222\213:\341\274\334\2011\312\301\357\013\334\356"
 407      E1BCDC81 
 407      31CAC1EF 
 407      0BDCEE
 408 0da6 12E11701 		.ascii	"\022\341\027\001r^\332a%;\2464\032\342\357\226\004M"
 408      725EDA61 
 408      253BA634 
 408      1AE2EF96 
 408      044D
 409 0db8 42B10742 		.ascii	"B\261\007Ba\001w\355\002\331\015\262S\272\177\357\261"
 409      610177ED 
 409      02D90DB2 
 409      53BA7FEF 
 409      B1
 410 0dc9 7590EDD8 		.ascii	"u\220\355\330\030\361\256\277\263\204\334\365\001\342"
 410      18F1AEBF 
 410      B384DCF5 
 410      01E2
 411 0dd7 E8AE9F23 		.ascii	"\350\256\237#\031V\226\234I<\332a\012\265^}\233\344"
 411      1956969C 
 411      493CDA61 
 411      0AB55E7D 
 411      9BE4
 412 0de9 81664FA5 		.ascii	"\201fO\245\234\373\377\335\005\345\002t;\266\305\207"
 412      9CFBFFDD 
 412      05E50274 
 412      3BB6C587 
 413 0df9 74401F47 		.ascii	"t@\037G\243B{a0\037\032\030\371I5q\377\022\273\270\346"
 413      A3427B61 
 413      301F1A18 
 413      F9493571 
 413      FF12BBB8 
 414 0e0e DAC5358F 		.ascii	"\332\3055\217\217k\036\215k\312\256\266\034\373\377"
 414      8F6B1E8D 
 414      6BCAAEB6 
 414      1CFBFF
 415 0e1d B9B96A97 		.ascii	"\271\271j\227\033\347\363\350|\212\276\334QqVi\207n"
 415      1BE7F3E8 
 415      7C8ABEDC 
 415      51715669 
 415      876E
 416 0e2f B74317F0 		.ascii	"\267C\027\360h\362vY\023\026\021\343\343m\212Q/\371"
 416      68F27659 
 416      131611E3 
 416      E36D8A51 
 416      2FF9
 417 0e41 FADB9906 		.ascii	"\372\333\231\006\205\326d\022JL\3725\321Q\372\360\310"
 417      85D66412 
 417      4A4CFA35 
 417      D151FAF0 
 417      C8
 418 0e52 90E070BD 		.ascii	"\220\340p\275\301\034\036\036\034\245\377.$dNp\324\252"
 418      C11C1E1E 
 418      1CA5FF2E 
ARM GAS  /var/folders/_f/jzb7lsz153bclt069nvlpp5r0000gn/T//cc9aWMUH.s 			page 33


 418      24644E70 
 418      D4AA
 419 0e64 39119111 		.ascii	"9\021\221\021\3469\346\340\345as\346\377N\357\3555o"
 419      E639E6E0 
 419      E56173E6 
 419      FF4EEFED 
 419      356F
 420 0e76 81D7EFBC 		.ascii	"\201\327\357\274\027\350\355j\364a\021!\341kV\230\365"
 420      17E8ED6A 
 420      F4611121 
 420      E16B5698 
 420      F5
 421 0e87 AB824342 		.ascii	"\253\202CB\303\"\314z\323\012\363\312\3405\3411\246"
 421      C322CC7A 
 421      D30AF3CA 
 421      E035E131 
 421      A6
 422 0e98 98EF579B 		.ascii	"\230\357W\233\243\347\206*\226\375\357\360G\177\037"
 422      A3E7862A 
 422      96FDEFF0 
 422      477F1F
 423 0ea7 AD3745C7 		.ascii	"\2557E\307\254\000\253\201T\025\022\032\034\365\017"
 423      AC00AB81 
 423      5415121A 
 423      1CF50F
 424 0eb6 D131A6F0 		.ascii	"\3211\246\360\360\025\246hs\324Z\263\011*\314QQkV\307"
 424      F015A668 
 424      73D45AB3 
 424      092ACC51 
 424      516B56C7 
 425 0eca CC5D1D1C 		.ascii	"\314]\035\034\0253\327\313o\356\\\275\355\237!4ly\330"
 425      1533D7CB 
 425      6FEE5CBD 
 425      ED9F2134 
 425      6C79D8
 426 0edd 3741266F 		.ascii	"7A&o\257\271>s}\364\221\321\372P0gudTL\264>hY\200\217"
 426      AFB93E73 
 426      7DF491D1 
 426      FA503067 
 426      7564544C 
 427 0ef7 B77EE952 		.ascii	"\267~\351R_\3752\377\200\265\363H\215\2111\317\015Q"
 427      5FFD32FF 
 427      80B5F348 
 427      8D8931CF 
 427      0D51
 428 0f09 4C73DC87 		.ascii	"Ls\334\207+_\034\026\021\026\343\362{sHLd\324\"\257"
 428      2B5F1C16 
 428      1116E3F2 
 428      7B73484C 
 428      64D422AF 
 429 0f1d E9A615CB 		.ascii	"\351\246\025\313\2773\205\204\232C\376b\202\361\376"
 429      BF338584 
 429      9A43FE62 
 429      82F1FE
 430 0f2c C5B4322A 		.ascii	"\305\2642*r\225),:\312\347\375\246D\305\330F\031\022"
 430      7295292C 
 430      3ACAE7FD 
ARM GAS  /var/folders/_f/jzb7lsz153bclt069nvlpp5r0000gn/T//cc9aWMUH.s 			page 34


 430      A644C5D8 
 430      461912
 431 0f3f BAC2BC7C 		.ascii	"\272\302\274|\315w0B\317\220\320\240\357\243\227\205"
 431      CD773042 
 431      CF90D0A0 
 431      EFA39785 
 432 0f4f AD32477D 		.ascii	"\2552G}\025\034\261\"\334\034\345?\357\257\240\001w"
 432      151CB122 
 432      DC1CE53F 
 432      EFAFA001 
 432      77
 433 0f60 01C90C89 		.ascii	"\001\311\014\211Ek\"\354l\232\022\2616,\304/\"xy\270"
 433      456B22EC 
 433      6C9A12B1 
 433      362CC42F 
 433      227879B8 
 434 0f74 99D9FFAF 		.ascii	"\231\331\377\257?\325_!\221\253VEF\350\027\032\003\014"
 434      3FD55F21 
 434      91AB5645 
 434      46E8171A 
 434      030C
 435 0f86 01EBF484 		.ascii	"\001\353\364\204\206\230k\"\225\246\260\250\3774\231"
 435      86986B22 
 435      95A6B0A8 
 435      FF3499
 436 0f95 57878547 		.ascii	"W\207\205G~\267\306\374\305\373\011"
 436      7EB7C6FC 
 436      C5FB09
 437 0fa0 791AC6C9 		.ascii	"y\032\306\311\223\205\204\206DF\231Mk\177\273\012(\247"
 437      93858486 
 437      4446994D 
 437      6B7FBB0A 
 437      28A7
 438 0fb2 9862A282 		.ascii	"\230b\242\202C\314\304XS\2709x\255\371\257q#m\012$\037"
 438      43CCC458 
 438      53B83978 
 438      ADF9AF71 
 438      236D0A24 
 439 0fc7 49634248 		.ascii	"IcBH\010\235\264\320LBJ\035\"\351\216\026\272\230L+"
 439      089DB4D0 
 439      4C424A1D 
 439      22E98E16 
 439      BA984C2B 
 440 0fdb D7448498 		.ascii	"\327D\204\230Ln\302\307\334\317\347{\375F#\204[\001"
 440      4C6EC2C7 
 440      DCCFE77B 
 440      FD462384 
 440      5B01
 441 0fed 93601559 		.ascii	"\223`\025YAa\253L1\330`\234\007\342\255\012\0120\030"
 441      4161AB4C 
 441      31D8609C 
 441      07E2AD0A 
 441      0A3018
 442 1000 55BEFE7E 		.ascii	"U\276\376~Fe\220\021\373-1:\031\014\001\306y\364\257"
 442      46659011 
 442      FB2D313A 
 442      190C01C6 
ARM GAS  /var/folders/_f/jzb7lsz153bclt069nvlpp5r0000gn/T//cc9aWMUH.s 			page 35


 442      79F4AF
 443 1013 B7CA60F0 		.ascii	"\267\312`\3603b\303\327\313p`\220\001/4\032\261\321"
 443      3362C3D7 
 443      CB706090 
 443      012F341A 
 443      B1D1
 444 1025 003A3458 		.ascii	"\000:4X\344\273\314\210}I\313\200\205F\3457\254\225"
 444      E4BBCC88 
 444      7D49CB80 
 444      8546E537 
 444      AC95
 445 1037 0FE0FF60 		.ascii	"\017\340\377`\364\375[\347\261\315:\022\236\310\350"
 445      F4FD5BE7 
 445      B1CD3A12 
 445      9EC8E8
 446 1046 E070984F 		.ascii	"\340p\230OKa\012,\206\031\340\037d\\\360a^\322\010\334"
 446      4B610A2C 
 446      8619E01F 
 446      645CF061 
 446      5ED208DC 
 447 105a 3A27228C 		.ascii	":'\"\214}\223\240\320i)\241\361\244q\267\233Zn\301\341"
 447      7D93A0D0 
 447      6929A1F1 
 447      A471B79B 
 447      5A6EC1E1 
 448 106e FF15FC7D 		.ascii	"\377\025\374}4,\216p\330\02146\000\3701\332\034cZ\264"
 448      342C8E70 
 448      D8113436 
 448      00F831DA 
 448      1C635AB4 
 449 1082 30C82FD0 		.ascii	"0\310/\320\350\277\364'M\017\363\272\03029\364\206\200"
 449      E8BFF427 
 449      4D0FF3BA 
 449      183239F4 
 449      8680
 450 1094 20FF20BD 		.ascii	" \377 \275\001f\207\336_\010\362\252\350\260h\023\354"
 450      016687DE 
 450      5F08F2AA 
 450      E8B06813 
 450      EC
 451 10a5 2560D654 		.ascii	"%`\326Tb\3367\366\313\345#~\314\337\322\211/\230K\355"
 451      62DE37F6 
 451      CBE5237E 
 451      CCDFD289 
 451      2F984BED 
 452 10b9 B72BFA88 		.ascii	"\267+\372\210\032([\036\256\222BW\243\301`Z\006\333"
 452      1A285B1E 
 452      AE924257 
 452      A3C1605A 
 452      06DB
 453 10cb 99AF79A5 		.ascii	"\231\257y\245\322`t\016\\\272\324\260x\211QE\376`\203"
 453      D260740E 
 453      5CBAD4B0 
 453      78895145 
 453      FE6083
 454 10de BFD165E1 		.ascii	"\277\321e\341W\213\346\031\203\226\321\017o\341\303"
 454      578BE619 
ARM GAS  /var/folders/_f/jzb7lsz153bclt069nvlpp5r0000gn/T//cc9aWMUH.s 			page 36


 454      8396D10F 
 454      6FE1C3
 455 10ed 877C688C 		.ascii	"\207|h\214~A~\306\337\373\371z\271,\014\024@\201\014"
 455      7E417EC6 
 455      DFFBF97A 
 455      B92C0C14 
 455      40810C
 456 1100 64AB9BE7 		.ascii	"d\253\233\347L\010\374\2766\222\2677\377\366\201\267"
 456      4C08FCBE 
 456      3692B737 
 456      FFF681B7 
 457 1110 0DE1ED4C 		.ascii	"\015\341\355LZ\323\232@\212\260\325\370hH\333\245\201"
 457      5AD39A40 
 457      8AB0D5F8 
 457      6848DBA5 
 457      81
 458 1121 A48CB4B6 		.ascii	"\244\214\264\266}\371\260/\0017_C\030\370\332@\001'"
 458      7DF9B02F 
 458      01375F43 
 458      18F8DA40 
 458      0127
 459 1133 D42E8009 		.ascii	"\324.\200\011Hfb\220X\364\033\247\240 \303\022\243\026"
 459      48666290 
 459      58F41BA7 
 459      A020C312 
 459      A316
 460 1145 06EBEF1D 		.ascii	"\006\353\357\035D\206\372\201\211(\011X\32026\031\027"
 460      4486FA81 
 460      89280958 
 460      D0323619 
 460      17
 461 1156 CF5FB78E 		.ascii	"\317_\267\216M\303\225\363\275~\273n\035\004\312\335"
 461      4DC395F3 
 461      BD7EBB6E 
 461      1D04CADD 
 462 1166 77D19200 		.ascii	"w\321\222\000\303\267\202;\325\376\276\206o|\375\324"
 462      C3B7823B 
 462      D5FEBE86 
 462      6F7CFDD4 
 463 1176 C4B8C57F 		.ascii	"\304\270\305\177$/\357\305\177\374\037:r\240\323"
 463      242FEFC5 
 463      7FFC1F3A 
 463      72A0D3
 464              		.text
 465              		.section	.gnu.lto_.symtab.221a13412d0f5ace,"",%progbits
 466 0000 73745F6C 		.ascii	"st_lld_serve_interrupt\000\000\000\000\000\000\000\000"
 466      6C645F73 
 466      65727665 
 466      5F696E74 
 466      65727275 
 467 001e 00000000 		.ascii	"\000\000\000\000\304\000\000\000st_lld_init\000\000"
 467      C4000000 
 467      73745F6C 
 467      6C645F69 
 467      6E697400 
 468 0033 00000000 		.ascii	"\000\000\000\000\000\000\000\000\000\000\306\000\000"
 468      00000000 
ARM GAS  /var/folders/_f/jzb7lsz153bclt069nvlpp5r0000gn/T//cc9aWMUH.s 			page 37


 468      0000C600 
 468      00
 469 0040 00566563 		.ascii	"\000VectorB0\000\000\000\000\000\000\000\000\000\000"
 469      746F7242 
 469      30000000 
 469      00000000 
 469      000000
 470 0053 0000C800 		.ascii	"\000\000\310\000\000\000_dbg_check_lock_from_isr\000"
 470      00005F64 
 470      62675F63 
 470      6865636B 
 470      5F6C6F63 
 471 0072 00020000 		.ascii	"\000\002\000\000\000\000\000\000\000\000\000\312\000"
 471      00000000 
 471      000000CA 
 471      00
 472 007f 00006368 		.ascii	"\000\000chSysTimerHandlerI\000\000\002\000\000\000\000"
 472      53797354 
 472      696D6572 
 472      48616E64 
 472      6C657249 
 473 009a 00000000 		.ascii	"\000\000\000\000\000\314\000\000\000_dbg_check_unlo"
 473      00CC0000 
 473      005F6462 
 473      675F6368 
 473      65636B5F 
 474 00b2 636B5F66 		.ascii	"ck_from_isr\000\000\002\000\000\000\000\000\000\000"
 474      726F6D5F 
 474      69737200 
 474      00020000 
 474      00000000 
 475 00c7 0000CE00 		.ascii	"\000\000\316\000\000\000nvicEnableVector\000\000\002"
 475      00006E76 
 475      6963456E 
 475      61626C65 
 475      56656374 
 476 00e0 00000000 		.ascii	"\000\000\000\000\000\000\000\000\000\323\000\000\000"
 476      00000000 
 476      00D30000 
 476      00
 477 00ed 5F706F72 		.ascii	"_port_irq_epilogue\000\000\002\000\000\000\000\000\000"
 477      745F6972 
 477      715F6570 
 477      696C6F67 
 477      75650000 
 478 0108 000000D5 		.ascii	"\000\000\000\325\000\000\000_trace_isr_leave\000\000"
 478      0000005F 
 478      74726163 
 478      655F6973 
 478      725F6C65 
 479 0121 02000000 		.ascii	"\002\000\000\000\000\000\000\000\000\000\332\000\000"
 479      00000000 
 479      0000DA00 
 479      00
 480 012e 005F6462 		.ascii	"\000_dbg_check_leave_isr\000\000\002\000\000\000\000"
 480      675F6368 
 480      65636B5F 
ARM GAS  /var/folders/_f/jzb7lsz153bclt069nvlpp5r0000gn/T//cc9aWMUH.s 			page 38


 480      6C656176 
 480      655F6973 
 481 014a 00000000 		.ascii	"\000\000\000\000\000\334\000\000\000_dbg_check_ente"
 481      00DC0000 
 481      005F6462 
 481      675F6368 
 481      65636B5F 
 482 0162 725F6973 		.ascii	"r_isr\000\000\002\000\000\000\000\000\000\000\000\000"
 482      72000002 
 482      00000000 
 482      00000000 
 482      00
 483 0173 DE000000 		.ascii	"\336\000\000\000_trace_isr_enter\000\000\002\000\000"
 483      5F747261 
 483      63655F69 
 483      73725F65 
 483      6E746572 
 484 018c 00000000 		.ascii	"\000\000\000\000\000\000\000\340\000\000\000"
 484      000000E0 
 484      000000
 485              		.text
 486              		.section	.gnu.lto_.opts,"",%progbits
 487 0000 272D6666 		.ascii	"'-ffp-contract=off' '-fno-trapv' '-mcpu=cortex-m4' "
 487      702D636F 
 487      6E747261 
 487      63743D6F 
 487      66662720 
 488 0033 272D6D74 		.ascii	"'-mthumb' '-mfloat-abi=hard' '-mfpu=fpv4-sp-d16' '-"
 488      68756D62 
 488      2720272D 
 488      6D666C6F 
 488      61742D61 
 489 0066 67676462 		.ascii	"ggdb' '-O2' '-fomit-frame-pointer' '-falign-functio"
 489      2720272D 
 489      4F322720 
 489      272D666F 
 489      6D69742D 
 490 0099 6E733D31 		.ascii	"ns=16' '-ffunction-sections' '-fdata-sections' '-fn"
 490      36272027 
 490      2D666675 
 490      6E637469 
 490      6F6E2D73 
 491 00cc 6F2D636F 		.ascii	"o-common' '-flto' '-fsingle-precision-constant'\000"
 491      6D6D6F6E 
 491      2720272D 
 491      666C746F 
 491      2720272D 
 492              		.text
 493              		.comm	__gnu_lto_v1,1,1
 494              		.comm	__gnu_lto_slim,1,1
 495              		.ident	"GCC: (GNU Tools for ARM Embedded Processors) 4.9.3 20150529 (release) [ARM/embedded-4_9-br
ARM GAS  /var/folders/_f/jzb7lsz153bclt069nvlpp5r0000gn/T//cc9aWMUH.s 			page 39


DEFINED SYMBOLS
                            *ABS*:0000000000000000 hal_st_lld.c
                            *COM*:0000000000000001 __gnu_lto_v1
                            *COM*:0000000000000001 __gnu_lto_slim

NO UNDEFINED SYMBOLS
