ARM GAS  /var/folders/_f/jzb7lsz153bclt069nvlpp5r0000gn/T//cczbQq7w.s 			page 1


   1              		.syntax unified
   2              		.cpu cortex-m4
   3              		.eabi_attribute 27, 1
   4              		.eabi_attribute 28, 1
   5              		.fpu fpv4-sp-d16
   6              		.eabi_attribute 20, 1
   7              		.eabi_attribute 21, 1
   8              		.eabi_attribute 23, 3
   9              		.eabi_attribute 24, 1
  10              		.eabi_attribute 25, 1
  11              		.eabi_attribute 26, 1
  12              		.eabi_attribute 30, 2
  13              		.eabi_attribute 34, 1
  14              		.eabi_attribute 18, 4
  15              		.thumb
  16              		.file	"hal_st.c"
  17              		.text
  18              	.Ltext0:
  19              		.section	.gnu.lto_.profile.6061e6d132a2af79,"",%progbits
  20 0000 789C6366 		.ascii	"x\234cf```a\200\000F\006\177\025\000\0016\000|"
  20      60606061 
  20      80004606 
  20      7F150001 
  20      36007C
  21              		.text
  22              		.section	.gnu.lto_.jmpfuncs.6061e6d132a2af79,"",%progbits
  23 0000 789C6366 		.ascii	"x\234cf\300\016\212\2414;\210`\004\202zF\246\217L\214"
  23      C00E8AA1 
  23      343B8860 
  23      04827A46 
  23      A68F4C8C 
  24 0014 D3FAAFEC 		.ascii	"\323\372\257\354`\256\375\3350\243\201\343'\023\303"
  24      60AEFDDD 
  24      30A381E3 
  24      2713C3
  25 0023 5F2690E4 		.ascii	"_&\220\344r\306Z\006f\006\006\026\354\212\030\37721"
  25      72C65A06 
  25      66060616 
  25      EC8A18FF 
  25      3231
  26 0035 0215AD00 		.ascii	"\002\025\255\000*b\003\322\330\344\201\2460\256\004"
  26      2A6203D2 
  26      D8E481A6 
  26      30AE04
  27 0044 CA733030 		.ascii	"\312s00p\002\015\004\000A\313\037R"
  27      70020D04 
  27      0041CB1F 
  27      52
  28              		.text
  29              		.section	.gnu.lto_.inline.6061e6d132a2af79,"",%progbits
  30 0000 789C6366 		.ascii	"x\234cf\300\016\346Biv\006\006\026\036F\006& \223m\201"
  30      C00EE642 
  30      69760606 
  30      161E4606 
  30      2620936D 
  31 0015 3C886260 		.ascii	"<\210b`\344\002\021\014<\274@a\276\015\271pq&n\2200"
  31      E402110C 
ARM GAS  /var/folders/_f/jzb7lsz153bclt069nvlpp5r0000gn/T//cczbQq7w.s 			page 2


  31      3CBC4061 
  31      BE0DB970 
  31      71266E90 
  32 002a 33030B33 		.ascii	"3\003\0133P\202\351\002?\\\202\205\201\213\033(\304"
  32      5082E902 
  32      3F5C8285 
  32      818B1B28 
  32      C4
  33 003b 35C10F4D 		.ascii	"5\301\017M-\033.\011\016LC8\031\330X\201Bl\037\364\340"
  33      2D1B2E09 
  33      0E4C4338 
  33      19D85881 
  33      426C1FF4 
  34 0050 420C00D9 		.ascii	"B\014\000\331'\014\317"
  34      270CCF
  35              		.text
  36              		.section	.gnu.lto_.pureconst.6061e6d132a2af79,"",%progbits
  37 0000 789C6366 		.ascii	"x\234cf``\340g\200\000v\006\011F)f)\026)6)\016)N)\000"
  37      6060E067 
  37      80007606 
  37      09462966 
  37      29162936 
  38 001a 07AE00ED 		.ascii	"\007\256\000\355"
  39              		.text
  40              		.section	.gnu.lto_stInit.6061e6d132a2af79,"",%progbits
  41 0000 789C6366 		.ascii	"x\234cf\300\004R@\274\010\210\015\201\230\221\231\201"
  41      C0045240 
  41      BC08880D 
  41      81989199 
  41      81
  42 0011 9169C239 		.ascii	"\221i\3029\006\206F\016&FF\020\203\201\221\241\236\211"
  42      0686460E 
  42      26464610 
  42      838191A1 
  42      9E89
  43 0023 B19EF125 		.ascii	"\261\236\361%\323G&\306\011\007V\317\340V_\332\320\320"
  43      D34726C6 
  43      090756CF 
  43      E0565FDA 
  43      D0D0
  44 0035 F0A169A3 		.ascii	"\360\241i\243D\253\304O&\006\206\317L\020c\030\2273"
  44      44ABC44F 
  44      260686CF 
  44      4C106318 
  44      9733
  45 0047 AA3300D5 		.ascii	"\2523\000\325|l\371{\235\233\255\005\250F\000\"\307"
  45      7C6CF97B 
  45      9D9BAD05 
  45      A8460022 
  45      C7
  46 0058 B882918D 		.ascii	"\270\202\221\215\021H\257\027:\320\360\377\377\343\251"
  46      1148AF17 
  46      3AD0F0FF 
  46      FFE3A9
  47 0067 7336B330 		.ascii	"s6\263030<\001J\201\314\177\312\304\004\242\231\357"
  47      33303C01 
  47      4A81CC7F 
ARM GAS  /var/folders/_f/jzb7lsz153bclt069nvlpp5r0000gn/T//cczbQq7w.s 			page 3


  47      CAC404A2 
  47      99EF
  48 0079 30361FD8 		.ascii	"06\037\330x\214\021\244\030d\312\274\313}\353\230j\177"
  48      788C11A4 
  48      1864CABC 
  48      CB7DEB98 
  48      6A7F
  49 008b 37743470 		.ascii	"7t4p\374db\374\314\0044\200q%c-\303O\240\362{\214\215"
  49      FC6462FC 
  49      CC043480 
  49      7125632D 
  49      C34FA0F2 
  50 00a2 0736BB81 		.ascii	"\0076\273\201U2\200\014b\004\031\0004N_O\017\201\234"
  50      5532800C 
  50      62041900 
  50      344E5F4F 
  50      0F819C
  51 00b5 33329332 		.ascii	"32\2232\375\203\343\215\014\364\214\365\214\365\363"
  51      FD83E38D 
  51      0CF48CF5 
  51      8CF5F3
  52 00c4 8BF53312 		.ascii	"\213\3653\022s\364\213\213\222At|q\211^2\003\000\267"
  52      73F48B8B 
  52      9241747C 
  52      71895E32 
  52      0300B7
  53 00d7 9447A8   		.ascii	"\224G\250"
  54              		.text
  55              		.section	.gnu.lto_stStartAlarm.6061e6d132a2af79,"",%progbits
  56 0000 789C9D53 		.ascii	"x\234\235S[KTQ\024\336\337>g\316\214\216\204\364$>X"
  56      5B4B5451 
  56      14DEDF3E 
  56      67CE8C8E 
  56      84F4243E 
  57 0015 20E24BCE 		.ascii	" \342K\316\361\362\007\202\352!Pz\320wQ\023\024\014"
  57      F1F20782 
  57      EA21507A 
  57      D0775113 
  57      140C
  58 0027 C591E845 		.ascii	"\305\221\350E<\243\243\024\224J\226\015\206]\020\363"
  58      3CA3A314 
  58      944A960D 
  58      865D10F3 
  59 0037 96F7BC67 		.ascii	"\226\367\274g\215\332E0\223\250\224Lj \305\242\360\016"
  59      8DDA4530 
  59      93A8944C 
  59      6A20C5A2 
  59      F00E
  60 0049 3A86D9DA 		.ascii	":\206\331\332{\306J\015\302\206\231\331g\357\365\255"
  60      7BC64A0D 
  60      C28699D9 
  60      67EFF5AD 
  61 0059 EF5B6B7F 		.ascii	"\357[k\177\353(l\377'\216~\321*c\005\264\302\304\300"
  61      EB286CFF 
  61      278E7ED1 
  61      2A6305B4 
  61      C2C4C0
ARM GAS  /var/folders/_f/jzb7lsz153bclt069nvlpp5r0000gn/T//cczbQq7w.s 			page 4


  62 006c CB5F32E6 		.ascii	"\313_2\346\260p\256\364\2071#P\235\324\231\021\244@"
  62      B070AEF4 
  62      87312350 
  62      9DD49911 
  62      A440
  63 007e F51DAB80 		.ascii	"\365\035\253\200x``\005\\QQ\200/|\231\243\334\335\344"
  63      78606005 
  63      5C515180 
  63      2F7C99A3 
  63      DCDDE4
  64 0091 B246D61A 		.ascii	"\262F\326\032\206\261\264\322\025R\034\342\345\214\255"
  64      86B1B4D2 
  64      15521CE2 
  64      E58CAD
  65 00a0 721F3FEA 		.ascii	"r\037?\352\020I\220\262\322\342+Pb\301\350\271\257e"
  65      104990B2 
  65      D2E22B50 
  65      62C1E8B9 
  65      AF65
  66 00b2 6DDCFA99 		.ascii	"m\334\372\231{9\216\212m\377\325Q\227&\266\\\025\333"
  66      7B398E8A 
  66      6DFFD551 
  66      9726B65C 
  66      15DB
  67 00c4 CDEBA345 		.ascii	"\315\353\243E\246\210\032\303(t\017v\030\307U/WP\017"
  67      A6881AC3 
  67      28740F76 
  67      18C7552F 
  67      57500F
  68 00d7 85F8D080 		.ascii	"\205\370\320\200P4\"\224\321\021C\023\"\004|\331\271"
  68      50342294 
  68      D1114313 
  68      22047CD9 
  68      B9
  69 00e8 3565D59C 		.ascii	"5e\325\234\244\035\274\265#\213\373\320@\013\035\264"
  69      A41DBCB5 
  69      238BFBD0 
  69      400B1DB4 
  70 00f8 1E761BDB 		.ascii	"\036v\033\333\3335u/z\324@\023D\222F\351\252Y\37416"
  70      DB35752F 
  70      7AD44013 
  70      449246E9 
  70      AA59FC31 
  71 010d 4B68D1CF 		.ascii	"Kh\321\317\034\347bU\2461\334\33578\336\271\201]\314"
  71      1CE76255 
  71      A631DCDD 
  71      3738DEB9 
  71      815DCC
  72 0120 9EDA8510 		.ascii	"\236\332\205\020I\272\312\261[\323]ieh\026\001\276\247"
  72      49BACAB1 
  72      5BD35D69 
  72      65681601 
  72      BEA7
  73 0132 18861668 		.ascii	"\030\206\026hTC+\264u\256Qla\354y\211I\264i\242\260"
  73      54432BB4 
  73      75AE516C 
  73      61EC7989 
ARM GAS  /var/folders/_f/jzb7lsz153bclt069nvlpp5r0000gn/T//cczbQq7w.s 			page 5


  73      49B469A2 
  74 0147 215BFD38 		.ascii	"![\3758;\361\312\"\217\230\330\336\230\370\332\310\253"
  74      3BF1CA22 
  74      8F98D8DE 
  74      98F8DAC8 
  74      AB
  75 0158 71D3516E 		.ascii	"q\323QnX\274\\C\033\265\333N\355\212\330z\305l\363\241"
  75      58BC5C43 
  75      1BB5DB4E 
  75      ED8AD87A 
  75      C56CF3A1 
  76 016c A826C3E9 		.ascii	"\250&\303\351X\332\254\232\317Q\274\334\214\016Tc\205"
  76      58DAAC9A 
  76      CF51BCDC 
  76      8C0E5463 
  76      85
  77 017d 3A904AE8 		.ascii	":\220J\350D\024\233F\321F\3117\325'j\366\351VM\315\255"
  77      44149B46 
  77      D146C937 
  77      D5276AF6 
  77      E9564DCD 
  78 0192 294244A5 		.ascii	")BD\245\033|@to\341|726\023#\032\"\024A\034\367\006"
  78      1B7C4074 
  78      6FE17C37 
  78      32361323 
  78      1A221441 
  79 01a9 2E9B2584 		.ascii	".\233%\204\310\272\204\"\023w\242\260\3760e\006\252"
  79      C8BA8422 
  79      1377A2B0 
  79      FE306506 
  79      AA
  80 01ba 008A1A6E 		.ascii	"\000\212\032n\275.m\341\371\337\215\213\242<\313*\305"
  80      BD2E6DE1 
  80      F9DF8D8B 
  80      A23CCB2A 
  80      C5
  81 01cb 19BA912F 		.ascii	"\031\272\221/B\225eoz\025\012\271D(@\030\261\253\277"
  81      4295656F 
  81      7A150AB9 
  81      44284018 
  81      B1ABBF
  82 01de 00B96D28 		.ascii	"\000\271m(\273\326\213_\375\005\242\007\371\350\365"
  82      BBD68B5F 
  82      FD05A207 
  82      F9E8F5
  83 01ed F7777BB6 		.ascii	"\367w{\266\336e%\002\232\235\000\364\021J\212\242\037"
  83      DE652502 
  83      9A9D00F4 
  83      114A8AA2 
  83      1F
  84 01fe F95E6E95 		.ascii	"\371^n\225\325\250\322\241I\024\006\013\374\274c\372"
  84      D5A8D2A1 
  84      4914060B 
  84      FCBC63FA 
  85 020e 120FBF4B 		.ascii	"\022\017\277KS\342i\035Iw;\357\030?\266\267\361\227"
  85      53E2691D 
  85      49773BEF 
ARM GAS  /var/folders/_f/jzb7lsz153bclt069nvlpp5r0000gn/T//cczbQq7w.s 			page 6


  85      183FB6B7 
  85      F197
  86 0220 59F14FE1 		.ascii	"Y\361O\341\000\302\327\351\232\311\340\312\276\301\367"
  86      00C2D7E9 
  86      9AC9E0CA 
  86      BEC1F7
  87 022f ED9E3D06 		.ascii	"\355\236=\006\317-\204\010\210\337du\237\227\017\245"
  87      CF2D8408 
  87      88DF6475 
  87      9F970FA5 
  88 023f 9783D00E 		.ascii	"\227\203\320\016`S\367\247\013TP\020\036I\233\340#!"
  88      6053F7A7 
  88      0B545010 
  88      1E499BE0 
  88      2321
  89 0251 CC50C55A 		.ascii	"\314P\305Z-\327\233\011\343>&l|\214(\204S\272\214\303"
  89      2DD79B09 
  89      E33E266C 
  89      7C8C2884 
  89      53BA8CC3 
  90 0265 0DDD5FE8 		.ascii	"\015\335_\350R\333\202+\347@\232\356#\202oH\352q?\337"
  90      52DB822B 
  90      E7409AEE 
  90      23826F48 
  90      EA713FDF 
  91 0279 30A2FE74 		.ascii	"0\242\376t\302L:#\224(\371\027\377\213\377\311\316\330"
  91      C24C3A23 
  91      9428F917 
  91      FF8BFFC9 
  91      CED8
  92 028b 49FEA792 		.ascii	"I\376\247\222\177\3023R\026$\371I\367\031%~\200\303"
  92      7FC23352 
  92      1624F949 
  92      F719257E 
  92      80C3
  93 029d 53BC6891 		.ascii	"S\274h\221.2\361\242A\330GY\272\315\366\373{\"#35\363"
  93      2E32F1A2 
  93      41D84759 
  93      BACDF6FB 
  93      7B222333 
  94 02b3 4C62726C 		.ascii	"Lbrl\264-\316\026\247g\333\365\214\224,\335\236\233"
  94      B42DCE16 
  94      A767DBF5 
  94      8C942CDD 
  94      9E9B
  95 02c5 26D6647B 		.ascii	"&\326d{\236-\215\231SR\355y\231\347\322O\375;/';7\317"
  95      9E2D8D99 
  95      5352ED79 
  95      99E7D24F 
  95      FD3B2F27 
  96 02dc AE272625 		.ascii	"\256'&%\304\305\352\361\361'\365\244\323\011\347c\374"
  96      C4C5EAF1 
  96      F127F5A4 
  96      D309E763 
  96      FC
  97 02ed 4CC95959 		.ascii	"L\311YYgm\031\354'w\037\250\341"
  97      676D19EC 
ARM GAS  /var/folders/_f/jzb7lsz153bclt069nvlpp5r0000gn/T//cczbQq7w.s 			page 7


  97      27771FA8 
  97      E1
  98              		.text
  99              		.section	.gnu.lto_stStopAlarm.6061e6d132a2af79,"",%progbits
 100 0000 789C6366 		.ascii	"x\234cf\300\004R@\254\317\310\300P\016\244\031\231\031"
 100      C0045240 
 100      ACCFC8C0 
 100      500EA419 
 100      9919
 101 0012 1899269C 		.ascii	"\030\231&\234c`h\344`bd\0041\030\030\031\352\231\030"
 101      636068E4 
 101      60626404 
 101      31181819 
 101      EA9918
 102 0025 EB195F32 		.ascii	"\353\031_2}db\234p`\365\014n\365\245\015\015\015\037"
 102      7D64629C 
 102      7060F50C 
 102      6EF5A50D 
 102      0D0D1F
 103 0038 2EED9468 		.ascii	".\355\224h\225\370\311\304\300\360\231\011b\014\343"
 103      95F8C9C4 
 103      C0F09909 
 103      620CE3
 104 0047 72467506 		.ascii	"rFu\006\240\232\217-\177\257s\263\265\000\325\010@\344"
 104      A09A8F2D 
 104      7FAF73B3 
 104      B500D508 
 104      40E4
 105 0059 185730B2 		.ascii	"\030W0\262\001\215gX/t\240\341\377\377\305szv\26303"
 105      018D6758 
 105      2F74A0E1 
 105      FFFFC573 
 105      7A76B330 
 106 006e 303C014A 		.ascii	"0<\001J\201\314\177\312\304\004\242\231o1\036\372\260"
 106      81CC7FCA 
 106      C404A299 
 106      6F311EFA 
 106      B0
 107 007f 63EB9F8D 		.ascii	"c\353\237\215;\030Q\314x\360\364\263\004\330\204\317"
 107      3B1851CC 
 107      78F0F4B3 
 107      04D884CF 
 108 008f 4C8CE8A6 		.ascii	"L\214\350\2463\256dd\003\032\277\212\221\015(\361\356"
 108      33AE6464 
 108      031ABF8A 
 108      910D28F1 
 108      EE
 109 00a0 F4F136D6 		.ascii	"\364\3616\326\027L?\231\030\201r\015, \265\367\237\234"
 109      174C3F99 
 109      1881720D 
 109      2C20B5F7 
 109      9F9C
 110 00b2 BFC80116 		.ascii	"\277\310\001\026b\000q\247\237\177\275\212i.\343\354"
 110      620071A7 
 110      9F7FBD8A 
 110      692EE3EC 
 111 00c2 C6090D1C 		.ascii	"\306\011\015\034?\231\230\030W3J1\256a\224\002\313}"
ARM GAS  /var/folders/_f/jzb7lsz153bclt069nvlpp5r0000gn/T//cczbQq7w.s 			page 8


 111      3F999818 
 111      57334A31 
 111      AE619402 
 111      CB7D
 112 00d4 9FFC642D 		.ascii	"\237\374d-\237\356\352\206\226\306\017\257~<\256`\374"
 112      9FEEEA86 
 112      96C60FAF 
 112      7E3CAE60 
 112      FC
 113 00e5 C9C4CCB8 		.ascii	"\311\304\314\270\226q.\343'\240+\301\3260\256c\324E"
 113      96712EE3 
 113      27A02BC1 
 113      D630AE63 
 113      D445
 114 00f7 3612E803 		.ascii	"6\022\350\003\306\365@\315\367\030\033\037\264~\343"
 114      C6F540CD 
 114      F7181B1F 
 114      B47EE3
 115 0106 00B91014 		.ascii	"\000\271\020\024\010O\200v\001}\003\324\245\257\247"
 115      084F8076 
 115      017D03D4 
 115      A5AFA7
 116 0115 8740CE19 		.ascii	"\207@\316\031\231I\231\376\301\361F\006z\306z\306\372"
 116      994999FE 
 116      C1F14606 
 116      7AC67AC6 
 116      FA
 117 0126 F9C5FA19 		.ascii	"\371\305\372\031\2119\372\305E\311 :\276\270D/\231\301"
 117      8939FAC5 
 117      45C9203A 
 117      BEB8442F 
 117      99C1
 118 0138 95B0FA82 		.ascii	"\225\260\372\202\374\242\222b\375\340\020_c#}\037\037"
 118      FCA29262 
 118      FDE0105F 
 118      63237D1F 
 118      1F
 119 0149 17FD104F 		.ascii	"\027\375\020O\3372C\250\011\36199)z\031\014\000\325"
 119      DF3243A8 
 119      09F13939 
 119      297A190C 
 119      00D5
 120 015b 5E94A3   		.ascii	"^\224\243"
 121              		.text
 122              		.section	.gnu.lto_stSetAlarm.6061e6d132a2af79,"",%progbits
 123 0000 789C9552 		.ascii	"x\234\225R\317KTQ\024\276\337\275o\336\214\216\204\264"
 123      CF4B5451 
 123      14BEDFBD 
 123      6FDE8C8E 
 123      84B4
 124 0012 1A5C4820 		.ascii	"\032\\H \342&\347\245\363\017\004\325\"PZ\350^\324\004"
 124      E226E7A5 
 124      F30F04D5 
 124      22505AE8 
 124      5ED404
 125 0025 05437124 		.ascii	"\005Cq$\332\014\276\321Q\012L%\313\006\305~ \232?RK"
 125      DA0CBED1 
ARM GAS  /var/folders/_f/jzb7lsz153bclt069nvlpp5r0000gn/T//cczbQq7w.s 			page 9


 125      510A4C25 
 125      CB06C57E 
 125      209A3F52 
 126 003a CB9CB1C9 		.ascii	"\313\234\261\311)\027\011b\022\225\206D\315b\314\302"
 126      29170962 
 126      12958644 
 126      CD62CCC2 
 127 004a 084D4947 		.ascii	"\010MIG\321\351\3347Sa\006\321\343\275w\357\271\347"
 127      D1E9DC37 
 127      536106D1 
 127      E3BD77EF 
 127      B9E7
 128 005c BBE79CEF 		.ascii	"\273\347\234\357|G\260\203\217\203\276J\301X\015\255"
 128      7C47B083 
 128      8F83BE4A 
 128      C1580DAD 
 129 006c 3031F096 		.ascii	"01\360\226\027\214\271-\234\013\177*\323\023\225y\215"
 129      178CB92D 
 129      9C0B7F2A 
 129      D3139579 
 129      8D
 130 007d E949024A 		.ascii	"\351I\002J\354X\001\344\206\201\325p\241\240\006\237"
 130      EC5801E4 
 130      8681D570 
 130      A1A0069F 
 131 008d F91A474B 		.ascii	"\371\032GKp\300k\315\350\326u}u$`\253\267E8c\353<\026"
 131      70C06BCD 
 131      E8D6757D 
 131      752460AB 
 131      B7453863 
 132 00a4 1F779041 		.ascii	"\037w\220A\220\346\246\372\313\020\331`\264\367\015"
 132      90E6A6FA 
 132      CB10D960 
 132      B4F70D
 133 00b3 6DCC5A3F 		.ascii	"m\314Z?\361\010\307\021i\372\257L{UirE\232\333\327\246"
 133      F108C711 
 133      69FAAF4C 
 133      7B556972 
 133      459ADBD7 
 134 00c8 EB4CE95D 		.ascii	"\353L\351]\272^\033\234\030\321\217+\021.\320\013A\361"
 134      BA5E1B9C 
 134      18D18F2B 
 134      112ED00B 
 134      41F1
 135 00da D08714F4 		.ascii	"\320\207\024\364#\205\321\021\303\000\322%|\315\263"
 135      2385D111 
 135      C300D225 
 135      7CCDB3
 136 00e9 BB60553D 		.ascii	"\273`U=\224;y\367gZ\334\205\012Z\350`\370pP\217F\273"
 136      943B79F7 
 136      675ADC85 
 136      0A5AE860 
 136      F870508F 
 137 00ff 7A1A2715 		.ascii	"z\032'\025\213\011\362\222J\327\025\263\3741\026&\264"
 137      8B09F292 
 137      4AD715B3 
 137      FC311626 
ARM GAS  /var/folders/_f/jzb7lsz153bclt069nvlpp5r0000gn/T//cczbQq7w.s 			page 10


 137      B4
 138 0110 E4B3C4B9 		.ascii	"\344\263\304\271\\\305\"\236\215\371\002\263\243[\330"
 138      5CC5229E 
 138      8DF902B3 
 138      A35BD8
 139 011f 1739D4BD 		.ascii	"\0279\324\275c3\202\256s\354\317\031l\2632\014J\007"
 139      633382AE 
 139      73ECCF19 
 139      6CB3320C 
 139      4A07
 140 0131 FFA31886 		.ascii	"\377\243\030\206!\250T\3030\324M\256\222\357\353\314"
 140      21A854C3 
 140      30D44DAE 
 140      92EFEBCC 
 141 0141 F30693A4 		.ascii	"\363\006\223\244i\"\267nP\375\020\236{i1\216\2304\257"
 141      6922B76E 
 141      50FD109E 
 141      7B69318E 
 141      9834AF
 142 0154 CFADF4F3 		.ascii	"\317\255\364\363Nt\270[tK\204\253\270Gt\357\023]\351"
 142      4E74B85B 
 142      744B84AB 
 142      B84774EF 
 142      135DE9
 143 0167 DB6C0D0F 		.ascii	"\333l\015\017\036\312\034\320=\356\325\355\366\345J"
 143      1ECA1CD0 
 143      3DEED5ED 
 143      F6E54A
 144 0176 11E1668C 		.ascii	"\021\341f\214\240\023\337\210\201\221\011\243\310d\213"
 144      A013DF88 
 144      819109A3 
 144      C8648B
 145 0185 A8DB6AF8 		.ascii	"\250\333j\370\242\304\222\232cy\333\027\2266\204L\242"
 145      A2C4929A 
 145      6379DB17 
 145      9636844C 
 145      A2
 146 0196 50071F50 		.ascii	"P\007\037P\2707\360\274\235\232\371\236%\011\021\212"
 146      B837F0BC 
 146      9D9AF99E 
 146      2509118A 
 147 01a6 20EE9E89 		.ascii	" \356\236\211F\263\001\241`\017eF&{\"\230?U\274\203"
 147      46B301A1 
 147      600F6546 
 147      267B2298 
 147      3F55BC83 
 148 01ba 2281B286 		.ascii	"\"\201\262\206\033\257\232\206\270kG\277(\313\263\254"
 148      1BAF9A86 
 148      B86B47BF 
 148      28CBB3AC 
 149 01ca 939F610C 		.ascii	"\223\237a\014.\351jk~=.\310\345\225\256\004)\304>~\011"
 149      2EE96A6B 
 149      7E3D2EC8 
 149      E595AE04 
 149      29C43E7E 
 150 01df 86D9D77C 		.ascii	"\206\331\327|u\034\277\370%\342\021\\\030\217\363\273"
 150      751CBFF8 
ARM GAS  /var/folders/_f/jzb7lsz153bclt069nvlpp5r0000gn/T//cczbQq7w.s 			page 11


 150      25E2115C 
 150      188FF3BB 
 151 01ef 19EEF55A 		.ascii	"\031\356\365Z)\000\315N\002|\2042\222\302\017W\204["
 151      2900CD4E 
 151      027C8432 
 151      92C20F57 
 151      845B
 152 0201 8D6A1443 		.ascii	"\215j\024C\241y\324&K\374\262{\361\022O\273MS\022Z\231"
 152      A179D426 
 152      4BFCB27B 
 152      F1124FBB 
 152      4D53125A 
 153 0216 2A097A6E 		.ascii	"*\011zn\351{\321(\3762+\361)\234@\332&\265\231\004n"
 153      E97BD128 
 153      FE322BF1 
 153      299C40DA 
 153      26B59904 
 154 022b F3053A46 		.ascii	"\363\005:FC\177\010\274\264c\223\220\270\310\312\001"
 154      437F08BC 
 154      B4639390 
 154      B8C8CA01 
 155 023b 2D1F1B5A 		.ascii	"-\037\033Z\006\240\376\207Lc\037/PAIxb\310\204X\020"
 155      06A0FE87 
 155      4C631F2F 
 155      50414978 
 155      62C88458 
 156 0250 C23C6DDD 		.ascii	"\302<m\335\350\346\332 a\202G\245\214\223\310D\032]"
 156      E8E6DA20 
 156      618247A5 
 156      8C93C844 
 156      1A5D
 157 0262 37FC0842 		.ascii	"7\374\010B\223\205\276\207;T\277g1\272\300\344\240B"
 157      9385BE87 
 157      3B54BF67 
 157      31BAC0E4 
 157      A042
 158 0274 D2A7BE6A 		.ascii	"\322\247\276jv\373\357\367DiYQ\331\231\274\202\354c"
 158      76FBEFF7 
 158      44695951 
 158      D999BC82 
 158      EC63
 159 0286 7687DDA1 		.ascii	"v\207\335\241U8\265\322\302r\315YU,\327\002g\265\275"
 159      5538B5D2 
 159      C272CD59 
 159      552CD702 
 159      67B5BD
 160 0299 98990B8B 		.ascii	"\230\231\013\213\234\325e\347JN\375\373^eEU\265S\313"
 160      9CD565E7 
 160      4A4EFDFB 
 160      5E654555 
 160      B553CB
 161 02ac CBCF7564 		.ascii	"\313\317udk99'\265\374\323\271\347\263\342\221\012\312"
 161      6B393927 
 161      B5FCD3B9 
 161      E7B3E291 
 161      0ACA
 162 02be CBCFDA4B 		.ascii	"\313\317\332K\331\017\351\277cv"
ARM GAS  /var/folders/_f/jzb7lsz153bclt069nvlpp5r0000gn/T//cczbQq7w.s 			page 12


 162      D90FE9BF 
 162      6376
 163              		.text
 164              		.section	.gnu.lto_stGetAlarm.6061e6d132a2af79,"",%progbits
 165 0000 789C9552 		.ascii	"x\234\225R\317KTQ\024>\337\275o\236\243\023\021\255"
 165      CF4B5451 
 165      143EDFBD 
 165      6F9EA313 
 165      11AD
 166 0012 D285042D 		.ascii	"\322\205\004-\\\315\274r\376\204\012\012\224\026\272"
 166      5CCDBC72 
 166      FE840A0A 
 166      9416BA
 167 0021 97B2C508 		.ascii	"\227\262\305\010\003\212#\265\032|S\203\264\220\224"
 167      038A23B5 
 167      1A7C5383 
 167      B49094
 168 0030 141B0D2D 		.ascii	"\024\033\015-\030\246\374\221Ni\232\216\005VP\201\230"
 168      18A6FC91 
 168      4E699A8E 
 168      05565081 
 168      98
 169 0041 88E58484 		.ascii	"\210\345\204\204\271\030\373Mh\012:\205\330\271w\246"
 169      B918FB4D 
 169      680A3A85 
 169      D8B977A6 
 170 0051 6272113D 		.ascii	"br\021=\336\273\367\235\373}\357;\347;\347I\332}y\371"
 170      DEBBF79D 
 170      FB7DEF3B 
 170      E73BE749 
 170      DA7D79F9 
 171 0065 F92E88CE 		.ascii	"\371.\210\316\363\016\007A\264\276 \0129\205\220\211"
 171      F30E0741 
 171      B4BE200A 
 171      39859089 
 172 0075 62B20B8C 		.ascii	"b\262\013\214\005\213\354=\022F\346\330\000\324\013"
 172      058BEC3D 
 172      1246E6D8 
 172      00D40B
 173 0084 811A8534 		.ascii	"\201\032\2054\320\210\217bM`bhc\306\365A\244\005\035"
 173      D0888F62 
 173      4D606268 
 173      63C6F541 
 173      A4051D
 174 0097 240E1357 		.ascii	"$\016\023W\236GL\025\302Par!\222\314/\211\331\366\205"
 174      9E474C15 
 174      C2506172 
 174      2192CC2F 
 174      89D9F685 
 175 00ab D5E1397F 		.ascii	"\325\3419\177g\373\015F\004\255\013\302-\024\241\027"
 175      67FB0D46 
 175      04AD0BC2 
 175      2D14A117 
 176 00bb 454AAF0F 		.ascii	"EJ\257\017%\212\273\026\336N\272\314\260m\333\373\266"
 176      258ABB16 
 176      DE4EBACC 
 176      B06DDBFB 
ARM GAS  /var/folders/_f/jzb7lsz153bclt069nvlpp5r0000gn/T//cczbQq7w.s 			page 13


 176      B6
 177 00cc B9282631 		.ascii	"\271(&1\326\017\023\274\361A|\377\224\275\263\023\355"
 177      D60F13BC 
 177      F1417CFF 
 177      94BDB313 
 177      ED
 178 00dd 699E37F2 		.ascii	"i\2367\362$\261\214\203\027i\252\205(\305dU\334\012"
 178      24B18C83 
 178      1769AA85 
 178      28C56455 
 178      DC0A
 179 00ef ABF32E17 		.ascii	"\253\363.\027\361xlbtfd\0139\302\313\261h\241\326\\"
 179      F1786C62 
 179      7466640B 
 179      39C2CBB1 
 179      68A1D65C 
 180 0103 17C84D39 		.ascii	"\027\310M9\325\341\"\014(@\374U\013\3416L.a\020\346"
 180      D5E1220C 
 180      2840FC55 
 180      0BE1364C 
 180      2E6110E6 
 181 0117 A67030F6 		.ascii	"\246p0\366u\372Y\223CY4\030\266\265\315\267\251\331"
 181      75FA5993 
 181      43593418 
 181      B6B5CDB7 
 181      A9D9
 182 0129 39A73E22 		.ascii	"9\247>\"\025^\235\375\334/\272q-\324j;\323\302\201!"
 182      155E9DFD 
 182      DC2FBA71 
 182      2DD46A3B 
 182      D3C28121 
 183 013d F61A575E 		.ascii	"\366\032W^\031\333lK\015\356u\017\330\341\320\352\247"
 183      19DB6C4B 
 183      0DEE750F 
 183      D8E1D0EA 
 183      A7
 184 014e AEF77532 		.ascii	"\256\367u2-L\334A7\276\261\003\235\011w\341\246E\\\334"
 184      2D4CDC41 
 184      37BEB103 
 184      9D0977E1 
 184      A6455CDC 
 185 0162 6AFA6264 		.ascii	"j\372bd\222f\363v%W6\244J\"\271}\303,\367\012\341\327"
 185      9266F376 
 185      255736A4 
 185      4A22B97D 
 185      C32CF70A 
 186 0178 4FA69F96 		.ascii	"O\246\237\226*C\314bJ\350\346ds\236\246\260\330\210"
 186      2A43CC62 
 186      4AE8E664 
 186      739EA6B0 
 186      D888
 187 018a EEAEEA89 		.ascii	"\356\256\352\211\244D\261|\003C\021U\015=\363\227\207"
 187      A444B17C 
 187      03431155 
 187      0D3DF397 
 187      87
 188 019b 44F0877D 		.ascii	"D\360\207}I\225\227\267\256\331\367\020TPG\313\313q"
ARM GAS  /var/folders/_f/jzb7lsz153bclt069nvlpp5r0000gn/T//cczbQq7w.s 			page 14


 188      499597B7 
 188      AED9F710 
 188      545047CB 
 188      CB71
 189 01ad C9504441 		.ascii	"\311PDAN5\207\034\177N\035\366\265\264\217\343\267\277"
 189      4E35871C 
 189      7F4E1DF6 
 189      B5B48FE3 
 189      B7BF
 190 01bf 7C8C2288 		.ascii	"|\214\"\210\261\254\277\353\251\336\210\213\005\016"
 190      B1ACBFEB 
 190      A9DE888B 
 190      050E
 191 01cd 3019F799 		.ascii	"0\031\367\231\245\223b\034\301\264(\320\325\030\277"
 191      A593621C 
 191      C1B428D0 
 191      D518BF
 192 01dc 2694E81C 		.ascii	"&\224\350\034\215{s\347\223\212\";\037c\327\030&\364"
 192      8D7B73E7 
 192      938A223B 
 192      1F63D718 
 192      26F4
 193 01ee 1812CAAB 		.ascii	"\030\022\312\253\374\217&/\275;a\244\205\013\223\272"
 193      FC8F262F 
 193      BD3B61A4 
 193      850B93BA 
 194 01fe C9C8E830 		.ascii	"\311\310\3500\347Q\333FLX\203\314\231*RCx\0007\016\361"
 194      E751DB46 
 194      4C5883CC 
 194      992A5243 
 194      7800370E 
 195 0213 E71AC743 		.ascii	"\347\032\307CX\264\204\320\362J\2640\323^\356\021\377"
 195      58B484D0 
 195      F24AB430 
 195      D35EEE11 
 195      FF
 196 0224 6550B573 		.ascii	"eP\265sS,\217\347\317}\324Ws\246\346TEU\351a\217\327"
 196      532C8FE7 
 196      CF7DD457 
 196      73A6E654 
 196      4555E961 
 197 023a E3B56A03 		.ascii	"\343\265j\003\226\357\264\337\012\324W\253\275*\320"
 197      96EFB4DF 
 197      0AD457AB 
 197      BD2AD0
 198 0249 E0A9A6E3 		.ascii	"\340\251\246\343\377\346\327\325\3267\004\254\212\312"
 198      FFE6D7D5 
 198      D63704AC 
 198      8ACA
 199 0257 726FA955 		.ascii	"ro\251UVv\314\252<Y~\356HV\241\312\357?\353\361\321"
 199      5676CCAA 
 199      3C597EEE 
 199      4856A1CA 
 199      EF3FEBF1 
 200 026c 4FD9DB3A 		.ascii	"O\331\333:\006"
 200      06
 201              		.text
ARM GAS  /var/folders/_f/jzb7lsz153bclt069nvlpp5r0000gn/T//cczbQq7w.s 			page 15


 202              		.section	.gnu.lto_stGetCounter.6061e6d132a2af79,"",%progbits
 203 0000 789C854F 		.ascii	"x\234\205O\337+\203Q\030~\237\363\315\327D\222;\256"
 203      DF2B8351 
 203      187E9FF3 
 203      CDD74492 
 203      3BAE
 204 0012 DCED6ADF 		.ascii	"\334\355j\337\207\375\011\270\220-\212\373\345\307\305"
 204      87FD09B8 
 204      902D8AFB 
 204      E5C7C5
 205 0021 D457D326 		.ascii	"\324W\323&.\235O\313\365B\231\264(\204\3156\024E)\271"
 205      2E9D4FCB 
 205      F54299B4 
 205      2884CD36 
 205      144529B9 
 206 0035 A1C47231 		.ascii	"\241\304r1+\027HS~\245\315\324\232\022\347,%\\8\235"
 206      2B174853 
 206      7EA5CDD4 
 206      9A12E72C 
 206      255C389D 
 207 0049 D3FB3EE7 		.ascii	"\323\373>\347y{\237\347Q\350\357\251\023\257\035D#\242"
 207      797B9FE7 
 207      51E8EFA9 
 207      13AF1D44 
 207      23A2
 208 005b 4221B0E0 		.ascii	"B!\260\340)\221ie\200l\0104\3120\212{\226c\330\211\277"
 208      29916965 
 208      806C0834 
 208      CA308A7B 
 208      9663D889 
 209 0070 9E54DCB1 		.ascii	"\236T\334\261\"\243z\022pw\342(\244J\010\213\204\351"
 209      22A37A12 
 209      7077E228 
 209      A44A088B 
 209      84E9
 210 0082 F350BADC 		.ascii	"\363P\272\334\266\304\371Xv3e\314L\315\013\206Q\236"
 210      B6C4F958 
 210      763365CC 
 210      4CCD0B86 
 210      519E
 211 0094 11965187 		.ascii	"\021\226Q\207\025H!\254\302&gs\201\367t\205\032\340"
 211      154821AC 
 211      C2266773 
 211      81F77485 
 211      1AE0
 212 00a6 9C57CB09 		.ascii	"\234W\313\011AD\240\012\023\224\250\331\347\037\037"
 212      4144A00A 
 212      1394A8D9 
 212      E71F1F
 213 00b5 0B734F29 		.ascii	"\013sO)\213\302H.\240\214x\322\312\255\000\242*\027"
 213      8BC2482E 
 213      A08C78D2 
 213      CAAD00A2 
 213      2A17
 214 00c7 38D8DED9 		.ascii	"8\330\336\331\332\333\250\374\261\347z1\212\322\226"
 214      DADBA8FC 
 214      B1E77A31 
ARM GAS  /var/folders/_f/jzb7lsz153bclt069nvlpp5r0000gn/T//cczbQq7w.s 			page 16


 214      8AD296
 215 00d6 3CC36F05 		.ascii	"<\303o\005D\241\012\2115\250\005&s<\037\037\216\227"
 215      44A10A89 
 215      35A80526 
 215      733C1F1F 
 215      8E97
 216 00e8 49E38AA0 		.ascii	"I\343\212\240y\311\374U&yf-}\221\204\323\311\307\010"
 216      79C9FC55 
 216      2679662D 
 216      7D9184D3 
 216      C9C708
 217 00fb 0B63D60C 		.ascii	"\013c\326\014rk\221Y\020\023\011\3422\201\340\012\223"
 217      726B9159 
 217      101309E2 
 217      3281E00A 
 217      93
 218 010c 9958953D 		.ascii	"\231X\225=\312\003f\366\341\355\246\023EV\206\004\302"
 218      CA0366F6 
 218      E1EDA613 
 218      45568604 
 218      C2
 219 011d 78113E4B 		.ascii	"x\021>KJX\207\235.a^/Ek\245\243\202L!b@\332\027\255"
 219      4A58879D 
 219      2E615E2F 
 219      456BA5A3 
 219      824C2162 
 220 0135 AE69DFB7 		.ascii	"\256i\337\267\3313\320;\320\321\345nj\320\034\232C\367"
 220      D933D03B 
 220      D0D1E56E 
 220      6AD01C9A 
 220      43F7
 221 0147 FA754F8F 		.ascii	"\372uO\217\241\373}}\262\272\375CZ\037\265\376??\350"
 221      A1FB7D7D 
 221      B2BAFD43 
 221      5A1FB5FE 
 221      3F3FE8
 222 015a F50DF9F5 		.ascii	"\365\015\371\365\256n\227\243Iw:[\364\3566\327p\343"
 222      AE6E97A3 
 222      49773A5B 
 222      F4EE36D7 
 222      70E3
 223 016c D706B761 		.ascii	"\327\006\267a\364k\036\372\004D3\236\207"
 223      F46B1EFA 
 223      0444339E 
 223      87
 224              		.text
 225              		.section	.gnu.lto_stIsAlarmActive.6061e6d132a2af79,"",%progbits
 226 0000 789C6366 		.ascii	"x\234cf\300\004R@\\\307\310\300P\016\244\031\231\031"
 226      C0045240 
 226      5CC7C8C0 
 226      500EA419 
 226      9919
 227 0012 1899269C 		.ascii	"\030\231&\234c`h\344`bd\0041\030\030\031\352\231\030"
 227      636068E4 
 227      60626404 
 227      31181819 
 227      EA9918
ARM GAS  /var/folders/_f/jzb7lsz153bclt069nvlpp5r0000gn/T//cczbQq7w.s 			page 17


 228 0025 EB195F32 		.ascii	"\353\031_2}db<\263\363\337eF\365\245\015\015M\037&\335"
 228      7D64623C 
 228      B3F3DF65 
 228      46F5A50D 
 228      0D4D1F26 
 229 003a BCC1DD2A 		.ascii	"\274\301\335*\361\223\211\201\3413\023\003\243\216\024"
 229      F1938981 
 229      E1331303 
 229      A38E14
 230 0049 A326C81C 		.ascii	"\243&\310\034\306\345\214\352\014@\205\037[\376^\347"
 230      C6E58CEA 
 230      0C40851F 
 230      5BFE5EE7 
 231 0059 666B6968 		.ascii	"fkihh\020\000\311\003%V0\262\001\355`X/t\240\341\377"
 231      681000C9 
 231      03255630 
 231      B201ED60 
 231      582F74A0 
 232 006f FFC5F3CE 		.ascii	"\377\305\363\316\334daeb\370\311\004\264\020H\2600\200"
 232      DC646165 
 232      62F8C904 
 232      B41048B0 
 232      3080
 233 0081 0C627802 		.ascii	"\014bx\002$@v>eb\002\321\314\267\030\017m\333\271\365"
 233      2440763E 
 233      656202D1 
 233      CCB7180F 
 233      6DDBB9F5 
 234 0095 ECE61F8C 		.ascii	"\354\346\037\214(F>x\272I\022l\340g&Ft\313\030W2\262"
 234      28463E78 
 234      BA49126C 
 234      E0672646 
 234      74CB1857 
 235 00ab 016D5BC5 		.ascii	"\001m[\305\310\366\235\011\344\342w\247\217\267\261"
 235      C8F69D09 
 235      E4E277A7 
 235      8FB7B1
 236 00ba BE60FAC9 		.ascii	"\276`\372\311\304\004\224n`\001)\277\377\344\374E\016"
 236      C404946E 
 236      600129BF 
 236      FFE4FC45 
 236      0E
 237 00cb B0100388 		.ascii	"\260\020\003\210;\375\374\353ULs\031g7Nh\340\370\311"
 237      3BFDFCEB 
 237      554C7319 
 237      67374E68 
 237      E0F8C9
 238 00de C4CCB89A 		.ascii	"\304\314\270\232Q\212q\015\243\024X\356\373\344'k\371"
 238      518A710D 
 238      A31458EE 
 238      FBE4276B 
 238      F9
 239 00ef 745737B4 		.ascii	"tW7\2644~x5\353y\001\363O&\026\306\265\214s\031?\001"
 239      347E7835 
 239      EB7901F3 
 239      4F2616C6 
 239      B58C7319 
ARM GAS  /var/folders/_f/jzb7lsz153bclt069nvlpp5r0000gn/T//cczbQq7w.s 			page 18


 240 0105 B5826D62 		.ascii	"\265\202mb\\\307\250\313p\213\261\371G\333\033\026\210"
 240      5CC7A8CB 
 240      708BB1F9 
 240      47DB1B16 
 240      88
 241 0116 A5CC107B 		.ascii	"\245\314\020{g]\177\372\205\031d\011#0t\326\003\215"
 241      675D7FFA 
 241      85196409 
 241      233074D6 
 241      038D
 242 0128 032ADAD4 		.ascii	"\003*\332\324.\003Q\303\002T\006T\323\270lw\017;X\015"
 242      2E0351C3 
 242      02540654 
 242      D3B86C77 
 242      0F3B580D 
 243 013c D0B40D40 		.ascii	"\320\264\015@5\367\030\033\037<\331\304\010\362\032"
 243      35F7181B 
 243      1F3CD9C4 
 243      08F21A
 244 014b 50113840 		.ascii	"P\0218@\030A\001\001\264M_O\017\201\23432\2232\375\203"
 244      18410101 
 244      B44D5F4F 
 244      0F819C33 
 244      329332FD 
 245 0160 E38D0CF4 		.ascii	"\343\215\014\364\214\365\214\365\363\213\3653\022s\364"
 245      8CF58CF5 
 245      F38BF533 
 245      1273F4
 246 016f 8B8B9241 		.ascii	"\213\213\222At|q\211^2\203+a\365\005\371E%\305\372\301"
 246      747C7189 
 246      5E32832B 
 246      61F505F9 
 246      4525C5FA 
 247 0184 21BEC646 		.ascii	"!\276\306F\372>>.\372!\236\276e\206P\023\342srR\364"
 247      FA3E3E2E 
 247      FA219EBE 
 247      65865013 
 247      E2737252 
 248 0199 3218003A 		.ascii	"2\030\000:\320\255["
 248      D0AD5B
 249              		.text
 250              		.section	.gnu.lto_.symbol_nodes.6061e6d132a2af79,"",%progbits
 251 0000 789C558C 		.ascii	"x\234U\214\315\015\202P\020\204gg\001\011\266C\177\303"
 251      CD0D8250 
 251      10846767 
 251      0109B643 
 251      7FC3
 252 0012 C102ACC0 		.ascii	"\301\002\254\300p\260\005\333\260\006\023\005\004\177"
 252      70B005DB 
 252      B0061305 
 252      047F
 253 0020 4A20BE3C 		.ascii	"J \276<<\274\267\227\311|\363e\035\300\025\377\343\235"
 253      3CBCB797 
 253      C97CF365 
 253      1DC015FF 
 253      E39D
 254 0032 028EA14B 		.ascii	"\002\216\241K8\3655\370\240,\005\345\233\350)\347@1"
ARM GAS  /var/folders/_f/jzb7lsz153bclt069nvlpp5r0000gn/T//cczbQq7w.s 			page 19


 254      38F535F8 
 254      A02C05E5 
 254      9BE829E7 
 254      4031
 255 0044 33C74033 		.ascii	"3\307@3\363C\213\346D\025\331\360%\343\360\244\312\354"
 255      F3438BE6 
 255      4415D9F0 
 255      25E3F0A4 
 255      CAEC
 256 0056 C54C5529 		.ascii	"\305LU)\260\205\332m\000]\027\372\213\252\223\356hp"
 256      B085DA6D 
 256      005D17FA 
 256      8BAA93EE 
 256      6870
 257 0068 BEADE6B6 		.ascii	"\276\255\346\266\307\341\322z\261E\025\003?\2230:="
 257      C7E1D27A 
 257      B1451503 
 257      3F93303A 
 257      3D
 258              		.text
 259              		.section	.gnu.lto_.refs.6061e6d132a2af79,"",%progbits
 260 0000 789C6366 		.ascii	"x\234cf``\020`\200\000FF&&\026F\026&V\026F6&v\026\006"
 260      60601060 
 260      80004646 
 260      26261646 
 260      16265616 
 261 001a 00034700 		.ascii	"\000\003G\000B"
 261      42
 262              		.text
 263              		.section	.gnu.lto_.decls.6061e6d132a2af79,"",%progbits
 264 0000 789CB558 		.ascii	"x\234\265XkPTG\026\276}{x\015\003\270XeR\374\361\221"
 264      6B505447 
 264      16BE7D7B 
 264      780D03B8 
 264      586552FC 
 265 0016 2ACAA422 		.ascii	"*\312\244\"\203\230d\327\332\332J\314h%\331\212\211"
 265      839864D7 
 265      DADA4ACC 
 265      6825D98A 
 265      89
 266 0027 05A62A55 		.ascii	"\005\246*U\3711!H\002U\010.3\2466\377.\217\204\227("
 266      F9312148 
 266      0255082E 
 266      33A636FF 
 266      2E8F8497 
 267 003c 12358012 		.ascii	"\0225\200\022GQD@^\212\310C@\014\017\203\012*\002F\243"
 267      47514440 
 267      5E8AC843 
 267      400C0F83 
 267      0A2A0246 
 268 0051 2311312A 		.ascii	"#\0211*:`\344\341k\366\364\351{g\356\214h6\373\270\345"
 268      3A60E4E1 
 268      6BF6F4E9 
 268      7B67EE8C 
 268      6836FBB8 
 269 0066 61FA747F 		.ascii	"a\372t\177\375\235\357\364\343v_\251 \010\345\242 \330"
 269      FD9DEFF4 
ARM GAS  /var/folders/_f/jzb7lsz153bclt069nvlpp5r0000gn/T//cczbQq7w.s 			page 20


 269      E3765FA9 
 269      2008E5A2 
 269      20D8
 270 0078 E1F9FB6C 		.ascii	"\341\371\373lA\330A\005\301\033\352V\201A\265P\013\326"
 270      41D84105 
 270      C11BEA56 
 270      8141B550 
 270      0BD6
 271 008a 24F0C707 		.ascii	"$\360\307\007\254\025\254\007\354\014\3309\260~\260"
 271      AC15AC07 
 271      EC0CD839 
 271      B07EB0
 272 0099 41302BD8 		.ascii	"A0+\330\020\330\010\030P\010\267\300\356\200\215\011"
 272      10D80818 
 272      5008B7C0 
 272      EE808D09 
 273 00a9 AE4FABDC 		.ascii	"\256O\253\334\316\370\307\301\216\312\365\242\3346$"
 273      CEF8C7C1 
 273      8ECAF5A2 
 273      DC3624
 274 00b8 3CFDB078 		.ascii	"<\375\260x~r\037\1770\035X7\330|\2607\210 \274\0066"
 274      7E721F7F 
 274      301D5837 
 274      D87CB037 
 274      8820BC06 
 275 00cd 01E53F13 		.ascii	"\001\345?\023\256\367\020\3300\303\022\036k!\374\352"
 275      AEF710D8 
 275      30C3121E 
 275      6B21FCEA 
 276 00dd C1E68379 		.ascii	"\301\346\203y\310|L\357R\302\365\376\025~\211\254Y\375"
 276      C87C4CEF 
 276      52C2F5FE 
 276      157E89AC 
 276      59FD
 277 00ef B01C3572 		.ascii	"\260\0345r\\u\034\"s\2122\346o\344i\315\347\376\200"
 277      5C751C22 
 277      738A32E6 
 277      6FE469CD 
 277      E7FE80
 278 0102 6636BE8D 		.ascii	"f6\276\215*\315\242J\263\207\314\245\326\373\246\254"
 278      2ACDA24A 
 278      B387CCA5 
 278      D6FBA6AC 
 279 0112 F78E5BCC 		.ascii	"\367\216[\314~9\316\177\033\257\337-\33629\236\373\\"
 279      7E39CE7F 
 279      1BAFDF2D 
 279      DE32399E 
 279      FB5C
 280 0124 B279F774 		.ascii	"\262y\367t\213\347>N\257\310\374\014k\230a\234X\034"
 280      8BE73E4E 
 280      AFC8FC0C 
 280      6B98619C 
 280      581C
 281 0136 16F3E20C 		.ascii	"\026\363\342\014Z\325\343\254\350q\177\306D\322UV\370"
 281      5AD5E3AC 
 281      E8717FC6 
 281      44D25556 
ARM GAS  /var/folders/_f/jzb7lsz153bclt069nvlpp5r0000gn/T//cczbQq7w.s 			page 21


 281      F8
 282 0147 29150914 		.ascii	")\025\011\0245\277\354\250:\034@\202\203\202\264{$I"
 282      35BFECA8 
 282      3A1C4082 
 282      8382B47B 
 282      2449
 283 0159 4A97DE22 		.ascii	"J\227\336\"eDK\366\021\252\352\221\007\365So\262\006"
 283      65444BF6 
 283      11AAEA91 
 283      07F5536F 
 283      B206
 284 016b 287AE36F 		.ascii	"(z\343o\272$%K\266\\\211\276(\220W\203\310\313A\002"
 284      BA24254B 
 284      B65C89BE 
 284      28905783 
 284      C8CB4102 
 285 017f 2921C1D8 		.ascii	")!\301\330$\220R\022D\366\223 \026i\350\333\261\014"
 285      24905212 
 285      44F69320 
 285      1669E8DB 
 285      B10C
 286 0191 0FAD8C4E 		.ascii	"\017\255\214N\377=\364\366\234\263\371\272\033\"\361"
 286      FF3DF4F6 
 286      9CB3F9BA 
 286      1B22F1
 287 01a0 D7C630F7 		.ascii	"\327\3060\367v\215\245\303\033\\\235\326\217\271\365"
 287      768DA5C3 
 287      1B5C9DD6 
 287      8FB9F5
 288 01af 15BF9DF2 		.ascii	"\025\277\235\362\305\326y\314m\310\355\312\363\304V"
 288      C5D679CC 
 288      6DC8EDCA 
 288      F3C456
 289 01be 0D7327BF 		.ascii	"\015s'\277\266eh\321\325\241;^\366P\303\002KRN\212\344"
 289      B66568D1 
 289      D5A13B5E 
 289      F650C302 
 289      4B524E8A 
 290 01d3 D3E50F0D 		.ascii	"\323\345\017\015\244\022BUA(\201\324`\350\205A\244\232"
 290      A4124255 
 290      412881D4 
 290      60E88541 
 290      A49A
 291 01e5 473EB9A9 		.ascii	"G>\271\251}P\027\230\203pI\232Gp\024\016\000\274\002"
 291      7D501798 
 291      8370499A 
 291      4770140E 
 291      00BC02
 292 01f8 E10749A0 		.ascii	"\341\007I\240\322\211\241\313n\324V\212jt\371\363\320"
 292      D289A1CB 
 292      6ED4568A 
 292      6A74F9F3 
 292      D0
 293 0209 53D7B38A 		.ascii	"S\327\263\2125\272L6\006\262\224C$P\245\245\226\260"
 293      35BA4C36 
 293      06B29443 
 293      2450A5A5 
ARM GAS  /var/folders/_f/jzb7lsz153bclt069nvlpp5r0000gn/T//cczbQq7w.s 			page 22


 293      96B0
 294 021b A580BF80 		.ascii	"\245\200\277\200No\332R\354\203Y~\314:\217\344\224T"
 294      4E6FDA52 
 294      EC83597E 
 294      CC3A8FE4 
 294      9454
 295 022d EA302D5F 		.ascii	"\3520-_\346f?\030;\345\217\256\226\271\017\246;\223"
 295      E6663F18 
 295      3BE58FAE 
 295      96B90FA6 
 295      3B93
 296 023f 3C9F9D65 		.ascii	"<\237\235e\275\222\345\021\236eWji\217\237{\226\207"
 296      BD92E511 
 296      9E65576A 
 296      698F9F7B 
 296      9687
 297 0251 015E87F0 		.ascii	"\001^\207\360\006\324]\257\350~r\333~\"\300=\313g\242"
 297      06D45DAF 
 297      E87E72DB 
 297      7E22C03D 
 297      CB67A2
 298 0264 4F4E74DF 		.ascii	"ONt\337\363w\311\262\321%\313&9\313&\314\262\361\341"
 298      F377C9B2 
 298      D125CB26 
 298      39CB26CC 
 298      B2F1E1
 299 0277 509FE685 		.ascii	"P\237\346\205\255\262\360Y\032\262j\216\012{\224\274"
 299      ADB2F059 
 299      1AB26A8E 
 299      0A7B94BC 
 300 0287 007F3FD1 		.ascii	"\000\177?\321pfK]\352\270\206z\261\345J\212\362\256"
 300      70664B5D 
 300      EAB8867A 
 300      B1E54A8A 
 300      F2AE
 301 0299 F6695F2D 		.ascii	"\366i_-\305\245\332j#\316%}\275b\270@\234\367\275d\251"
 301      C5A5DA6A 
 301      23CE257D 
 301      BD62B840 
 301      9CF7BD64 
 302 02ae B21DC8F9 		.ascii	"\262\035\310\371\206\346K\226d\351\211\335N\220\214"
 302      86E64B96 
 302      64E989DD 
 302      4E908C
 303 02bd 34134A5A 		.ascii	"4\023JZ\310\253(\240Y^\333\244\225\314\203\216\247\277"
 303      C8AB28A0 
 303      595EDBA4 
 303      95CC838E 
 303      A7BF
 304 02cf B71C0AA0 		.ascii	"\267\034\012\240+\220\275\245y\252CK?\304\362\206t\353"
 304      2B90BDA5 
 304      79AA434B 
 304      3FC4F286 
 304      74EB
 305 02e1 092DFD18 		.ascii	"\011-\375\030\313I\305\215\033\274`\324\347k1\326\225"
 305      CB49C58D 
 305      1BBC60D4 
ARM GAS  /var/folders/_f/jzb7lsz153bclt069nvlpp5r0000gn/T//cczbQq7w.s 			page 23


 305      E76B31D6 
 305      95
 306 02f2 EDD37B7C 		.ascii	"\355\323{|\320eg@\000T\211]\327\245\"\177\022\214\233"
 306      D0656740 
 306      0054895D 
 306      D7A5227F 
 306      128C9B
 307 0305 C8D65D34 		.ascii	"\310\326]4\364n\012\354\244N\030\257\343\216\310\330"
 307      F46E0AEC 
 307      A44E18AF 
 307      E38EC8D8 
 308 0315 9B3DE9CE 		.ascii	"\233=\351\3161\022\034I\223\016\330\020\363\265\210"
 308      31121C49 
 308      930ED810 
 308      F3B588
 309 0324 253F4065 		.ascii	"%?@e;N\231\330\376\2509\325\203h\203g\356tb\206N(!+"
 309      3B4E99D8 
 309      FEA839D5 
 309      83688367 
 309      EE746286 
 310 033c 2D778E24 		.ascii	"-w\216$iH\027HhsJ\350$Ze\304\304\321\212\334Z\242H>"
 310      69481748 
 310      68734AE8 
 310      245A65C4 
 310      C4D18ADC 
 311 0354 B27F7255 		.ascii	"\262\177rU2H\356\006\3741'\276\213<W\363\2173j&\325"
 311      3248EE06 
 311      FC3127BE 
 311      8B3C57F3 
 311      8F336A26 
 312 0369 D99733BC 		.ascii	"\331\2273\2744\360\016B\272Op{^\030\314X\370\314\371"
 312      34F00E42 
 312      BA4F707B 
 312      5E18CC58 
 312      F8CCF9
 313 037c 3E85F37D 		.ascii	">\205\363}\222\310\023^\333\320{[K\273\361\005Ez\252"
 313      92C8135E 
 313      DBD07B5B 
 313      4BBBF105 
 313      457AAA
 314 038f 5B067C61 		.ascii	"[\006|ab\2550\261\227]&\026z\221\323\252\211=\255Ll"
 314      62AD30B1 
 314      975D2616 
 314      7A91D3AA 
 314      893DAD4C 
 315 03a4 0F4EECA6 		.ascii	"\017N\354\246\254\233_\213t\220\263t'\035O\362D\026"
 315      AC9B5F8B 
 315      7490B374 
 315      271D4FF2 
 315      4416
 316 03b6 CBA922CF 		.ascii	"\313\251\"\317.\251\325n\177\023WF\257\212\240W!8\203"
 316      2EA9D56E 
 316      7F135746 
 316      AF8AA057 
 316      213883
 317 03c9 045525B6 		.ascii	"\004U%\266f?z\215\023\\\3327p\236\313\260\334r\0200"
 317      663F7A8D 
ARM GAS  /var/folders/_f/jzb7lsz153bclt069nvlpp5r0000gn/T//cczbQq7w.s 			page 24


 317      135CDA37 
 317      709ECBB0 
 317      DC721030 
 318 03dd 05675504 		.ascii	"\005gU\004g\025\202sHp\344l\337\244\227:i6\034\316\254"
 318      67158273 
 318      4870E46C 
 318      DFA4973A 
 318      69361CCE 
 319 03f2 FB5C56F9 		.ascii	"\373\\V\371\001\353\324-\035\275\313\243\345\347o\017"
 319      01EBD42D 
 319      1DBDCBA3 
 319      E5E76F0F 
 320 0402 C360D6AC 		.ascii	"\303`\326\254\341\016\235\304\303a\017r^\025\357\274"
 320      E10E9DC4 
 320      C3610F72 
 320      5E15EFBC 
 321 0412 12AF1FE3 		.ascii	"\022\257\037\343\331\212\373o\020\372\200S\224\364W"
 321      D98AFB6F 
 321      10FA8053 
 321      94F457
 322 0421 8FCB82CB 		.ascii	"\217\313\202\313\366*\202\031\301\200\212`@!\030D\202"
 322      F62A8219 
 322      C1808A60 
 322      40211844 
 322      82
 323 0432 EFB675EF 		.ascii	"\357\266u\357\360\242i\024O\206k\323\227'\275H\220O"
 323      F0A26914 
 323      4F866BD3 
 323      9727BD48 
 323      904F
 324 0444 70107BE9 		.ascii	"p\020{\351_$>B\032\276\306\223sf\375\303\361\032\277"
 324      5F243E42 
 324      1ABEC693 
 324      7366FDC3 
 324      F11ABF
 325 0457 042B8035 		.ascii	"\004+\2005\011\344'\310\353gy\371\261c\004j\311\205"
 325      09E427C8 
 325      EB6779F9 
 325      B163046A 
 325      C985
 326 0469 A78E114E 		.ascii	"\247\216\021N\004\241\316\265n\264{\250\307\206\341"
 326      04A1CEB5 
 326      6EB47BA8 
 326      C786E1
 327 0478 9D6373D9 		.ascii	"\235cs\331elv\227\264\237\364\247\331\250\213\324_\254"
 327      656C7697 
 327      B49FF4A7 
 327      D9A88BD4 
 327      5FAC
 328 048a 9CF4E283 		.ascii	"\234\364\342\203s\242=\2725Uzd\267\247xc\027rE\225\333"
 328      73A23DBA 
 328      35557A64 
 328      B7A77863 
 328      17724595 
 329 049f 1525372B 		.ascii	"\025%7+\346v\256 \367\020\241\205\234\243n\373\364\026"
 329      E676AE20 
 329      F710A185 
ARM GAS  /var/folders/_f/jzb7lsz153bclt069nvlpp5r0000gn/T//cczbQq7w.s 			page 25


 329      9CA36EFB 
 329      F416
 330 04b1 CA3824DB 		.ascii	"\3128$\333\205\321\"]^\215\324\206<\204\340\242\270"
 330      85D1225D 
 330      5E8DD486 
 330      3C84E0A2 
 330      B8
 331 04c2 AAA2B9AA 		.ascii	"\252\242\271\252\320\014!M^f^\272\316\3455W\3562\251"
 331      D00C214D 
 331      5E665EBA 
 331      CEE53557 
 331      EE32A9
 332 04d5 BFF0D71C 		.ascii	"\277\360\327\034 \355\217\363\357\021\334\005P'\357"
 332      20ED8FF3 
 332      EF11DC05 
 332      5027EF
 333 04e4 02DB86B2 		.ascii	"\002\333\206\262\233>\317\334\006\303\230\3645e\033"
 333      9B3ECFDC 
 333      06C398F4 
 333      35651B
 334 04f3 547E7B75 		.ascii	"T~{u\334\233\336\345\212\367\325\016W\021T\\5\275\311"
 334      DC9BDEE5 
 334      8AF7D50E 
 334      5711545C 
 334      35BDC9
 335 0506 942FED52 		.ascii	"\224/\355Rv\001t\"\327Uz\257+zGP\357p\356V\033\245%"
 335      76017422 
 335      D7557AAF 
 335      2B7A4750 
 335      EF70EE56 
 336 051d 1A2479F8 		.ascii	"\032$y\370S]\276\037\255\346Nr\367\261N\315\334\026"
 336      535DBE1F 
 336      ADE64E72 
 336      F7B14ECD 
 336      DC16
 337 052f 4D214C0A 		.ascii	"M!L\012\034H\370\316\263\326Y}^\332%\365Zl\007\306;"
 337      1C48F8CE 
 337      B3D6597D 
 337      5EDA25F5 
 337      5A6C07C6 
 338 0544 48528E25 		.ascii	"HR\216%9Gb\353\006O,X[lk\251\016\272_Y,r\223\314\025"
 338      394762EB 
 338      064F2C58 
 338      5B6C6BA9 
 338      0EBA5F59 
 339 055d C82DF212 		.ascii	"\310-\362\022\020T\334h\177\354CO\361\000\367k+\273"
 339      1054DC68 
 339      7FEC434F 
 339      F100F76B 
 339      2BBB
 340 056f FDE75EC4 		.ascii	"\375\347^\304\000\215<\300\301\212\366j\015\006\260"
 340      008D3CC0 
 340      C18AF66A 
 340      0D06B0
 341 057e 8C16499A 		.ascii	"\214\026I\232.)\325j\267\317\305\223\202\261\303\266"
 341      2E29D56A 
 341      B7CFC593 
ARM GAS  /var/folders/_f/jzb7lsz153bclt069nvlpp5r0000gn/T//cczbQq7w.s 			page 26


 341      82B1C3B6 
 342 058e 511D30B7 		.ascii	"Q\0350\267\221}\224\261\337Av\353\350x\236'\035\341"
 342      917D94B1 
 342      DF4176EB 
 342      E8789E27 
 342      1DE1
 343 05a0 EC590F4E 		.ascii	"\354Y\017NO\350\346\336W\263\027\224\337\375Af\317\336"
 343      4FE8E6DE 
 343      57B31794 
 343      DFFD4166 
 343      CFDE
 344 05b2 FB347BBF 		.ascii	"\3734{\277\013\373]d\2671\3661d\277\234\327\232\351"
 344      0BFB5D64 
 344      B731F631 
 344      64BF9CD7 
 344      9AE9
 345 05c4 7A4CB3A5 		.ascii	"zL\263\245\340\234\235q\371\000\033\307\003\254\343"
 345      E09C9D71 
 345      F9001BC7 
 345      03ACE3
 346 05d3 D7E68DFC 		.ascii	"\327\346\215\374\252\"y\262\330U-e\031>x0\177\312\334"
 346      AA2279B2 
 346      D8552D65 
 346      193E7830 
 346      7FCADC
 347 05e6 B6FAB442 		.ascii	"\266\372\264B\015M\362@\251\243m{\376\311\016\351\224"
 347      0D4DF240 
 347      A9A36D7B 
 347      FEC90EE9 
 347      94
 348 05f7 7FEF050E 		.ascii	"\177\357\005\016=R\363\355\367)\315\346\335\013\246"
 348      3D52F3ED 
 348      F729CDE6 
 348      DD0BA6
 349 0606 2BF7FBD2 		.ascii	"+\367\373\322\315\262\223\337yQC\267rg\317\326m\345"
 349      CDB293DF 
 349      795143B7 
 349      7267CFD6 
 349      6DE5
 350 0618 1E18D41B 		.ascii	"\036\030\324\033\247\257\247o\223\017-\340m\305[&3\002"
 350      A7AFA76F 
 350      930F2DE0 
 350      6DC55B26 
 350      3302
 351 062a E84EEE74 		.ascii	"\350N\356t\017M\335\343\267\210Y\314\235~\330wA\244"
 351      0F4DDDE3 
 351      B78859CC 
 351      9D7ED877 
 351      41A4
 352 063c BB79DB8F 		.ascii	"\273y\333\217\375Ww{\320b\356\344O\236\354\010@\340"
 352      FD57777B 
 352      D062EEE4 
 352      4F9EEC08 
 352      40E0
 353 064e 8B788BDA 		.ascii	"\213x\213\332\236\222\022@\313y\233e\337c\273?\255\341"
 353      9E921240 
 353      CB799B65 
ARM GAS  /var/folders/_f/jzb7lsz153bclt069nvlpp5r0000gn/T//cczbQq7w.s 			page 27


 353      DF63BB3F 
 353      ADE1
 354 0660 8E7219D3 		.ascii	"\216r\031\323\361\313\330\216c7\317\370\321:\336vo("
 354      F1CBD88E 
 354      6337CFF8 
 354      D13ADE76 
 354      6F28
 355 0672 F909A18D 		.ascii	"\371\011\241\215\334)\031:\235\353\207\300\205\314\335"
 355      DC29193A 
 355      9DEB87C0 
 355      85CCDD
 356 0681 B965DA40 		.ascii	"\271e\332@[xS\303X\326o\336\3648w\256L^i\363B\\(s\267"
 356      5B7853C3 
 356      58D66FDE 
 356      F43877AE 
 356      4C5E69F3 
 357 069a 36EDC8E5 		.ascii	"6\355\310\345\327 \011\2337V\354\271\307\205Qd\335u"
 357      D720099B 
 357      3756ECB9 
 357      C7855164 
 357      DD75
 358 06ac E9247DF6 		.ascii	"\351$}\366\305g\203(_|\262D\034\317\302[\275\245\252"
 358      C5678328 
 358      5F7CB244 
 358      1CCFC25B 
 358      BDA5AA
 359 06bf AB8C19CF 		.ascii	"\253\214\031\317\305L1\210<Fx\266\030\250tb\350\357"
 359      C54C3188 
 359      3C4678B6 
 359      18A87462 
 359      E8EF
 360 06d1 CE97D8BC 		.ascii	"\316\227\330\274\324\350\211\347\2413\267m\351 \264"
 360      D4E889E7 
 360      A133B76D 
 360      E920B4
 361 06e0 9367713E 		.ascii	"\223gq>\351z\277H\273\271SS\264\3670_\023oa\012\003"
 361      E97ABF48 
 361      BBB95353 
 361      B4F7305F 
 361      136F610A 
 362 06f5 67CE7BD1 		.ascii	"g\316{\321^y\374\252s\246\371E\356]\346\236\250\315"
 362      5E79FCAA 
 362      73A6F945 
 362      EE5DE69E 
 362      A8CD
 363 0707 6ED5D23E 		.ascii	"n\325\322>\336\366\270\354\332\224H/pg\244\371\266$"
 363      DEF6B8EC 
 363      DA94482F 
 363      7067A4F9 
 363      B624
 364 0719 22701573 		.ascii	"\"p\025s/\217f_\361\246\227\\\003\370\363\000\231Y\325"
 364      2F8F665F 
 364      F1A6975C 
 364      03F8F300 
 364      9959D5
 365 072c 76AF670F 		.ascii	"v\257g\017J\2762(/\343\230$\025\356\265R9K\2132&y\220"
 365      4ABE3228 
ARM GAS  /var/folders/_f/jzb7lsz153bclt069nvlpp5r0000gn/T//cczbQq7w.s 			page 28


 365      2FE39824 
 365      15EEB552 
 365      394B8B32 
 366 0743 E5034417 		.ascii	"\345\003D\027`\226\371J\226c\203\251=\276j\364\304\363"
 366      6096F94A 
 366      966383A9 
 366      3DBE6AF4 
 366      C4F3
 367 0755 D0A7264A 		.ascii	"\320\247&J\012=\351\020W\251\334hux\243\235s\261'\255"
 367      0A3DE910 
 367      57A9DC68 
 367      7578A39D 
 367      73B127AD 
 368 0769 D28F2CE0 		.ascii	"\322\217,\340\317\354\005\252'x\201EJM\261\365\324Y"
 368      CFEC05AA 
 368      27788145 
 368      4A4DB1F5 
 368      D459
 369 077b 976FDEF7 		.ascii	"\227o\336\367\215\324\025\212A\266\212\224\354\025g"
 369      8DD4158A 
 369      41B68A94 
 369      EC1567
 370 078a 3BF7CC36 		.ascii	";\367\3146\221E|\005\376\010\014o\331T\275\2465\225"
 370      91457C05 
 370      FE080C6F 
 370      D954BDA6 
 370      3595
 371 079c 22768B3B 		.ascii	"\"v\213;\366[\304V\022\007\330^\351)\363&\273cS\334"
 371      F65BC456 
 371      1207D85E 
 371      E929F326 
 371      BB6353DC 
 372 07b0 781F3AA0 		.ascii	"x\037:\240\217\210\033\224/\004'4\323)!\315\235\366"
 372      8F881B94 
 372      2F042734 
 372      D32921CD 
 372      9DF6
 373 07c2 1B77094F 		.ascii	"\033w\011O\034\274I\356X\311\035\373\330\201"
 373      1CBC49EE 
 373      58C91DFB 
 373      D881
 374 07d0 B5BB6B90 		.ascii	"\265\273k\220\234r7\313K\365-\263@\356A\373o(\217\241"
 374      9C7237CB 
 374      4BF52DB3 
 374      40EE41FB 
 374      6F288FA1 
 375 07e4 E1C5426A 		.ascii	"\341\305Bj\304`\262O\\@\212\301\016\200\225\200\355"
 375      C460B24F 
 375      5C408AC1 
 375      0E809580 
 375      ED
 376 07f5 02AB00DB 		.ascii	"\002\253\000\333\003V\004f\001+\005\253\006\333\015"
 376      03560466 
 376      012B05AB 
 376      06DB0D
 377 0804 56065609 		.ascii	"V\006V\011V\005\266\037l'\330\367`\007\301\312\305\005"
 377      5605B61F 
ARM GAS  /var/folders/_f/jzb7lsz153bclt069nvlpp5r0000gn/T//cczbQq7w.s 			page 29


 377      6C27D8F7 
 377      6007C1CA 
 377      C505
 378 0816 78C2A0C0 		.ascii	"x\302\240\300)\207\300)w\201\013\335r\271\353\200N\316"
 378      2987C029 
 378      77810BDD 
 378      72B9EB80 
 378      4ECE
 379 0828 08750EE7 		.ascii	"\010u\016\347\003\007\362\241;\222/7\025\353F\347\320"
 379      0307F2A1 
 379      3B922F37 
 379      15EB46E7 
 379      D0
 380 0839 E7CE3CFB 		.ascii	"\347\316<\373N\336t'6u\346\331W\021g9\301\351\356\340"
 380      4EDE7427 
 380      3675E6D9 
 380      57116739 
 380      C1E9EEE0 
 381 084d 0C17E224 		.ascii	"\014\027\342$KA\265\206a\267\213\201d\207\214U\366\006"
 381      4B41B586 
 381      61B78B81 
 381      64878C55 
 381      F606
 382 085f 29741331 		.ascii	")t\0231\355Hnz\346\344\234\320G\016\350\223\231W\240"
 382      ED486E7A 
 382      E6E49CD0 
 382      470EE893 
 382      9957A0
 383 0872 436E9265 		.ascii	"Cn\222e\003\227\260\021$l\222%(\257,Y\256*\267lgn9\356"
 383      0397B011 
 383      246C9225 
 383      28AF2C59 
 383      AE2AB76C 
 384 088a B96D7607 		.ascii	"\271mv\007g8\301_\317\274\270Q1\273\370Y\357TzJ\204"
 384      6738C15F 
 384      CFBCB851 
 384      31BBF859 
 384      EF547A4A 
 385 089f 4104E542 		.ascii	"A\004\345B\"8\326\2125\277\372\032\201\373{\033A\256"
 385      2238D68A 
 385      35BFFA1A 
 385      81FB7B1B 
 385      41AE
 386 08b1 EF66DED7 		.ascii	"\357f\336\327<0|\237t\332\352\237P2;x\246\305MjaM\377"
 386      3C307C9F 
 386      74DAEA9F 
 386      50323B78 
 386      A6C54D6A 
 387 08c8 BFD73726 		.ascii	"\277\3277&\264\275Z\007\011\035\202P\367\235\237E,?"
 387      B4BD5A07 
 387      091D8250 
 387      F79D9F45 
 387      2C3F
 388 08da E5C3F3E8 		.ascii	"\345\303\363\350\316\2161/\327\257{UR\0029,\362k\003"
 388      CE8E312F 
 388      D7AF7B55 
 388      5202392C 
ARM GAS  /var/folders/_f/jzb7lsz153bclt069nvlpp5r0000gn/T//cczbQq7w.s 			page 30


 388      F26B03
 389 08ed FCB2AF64 		.ascii	"\374\262\257dk\365q\321\005=\354r\311\250\223\321u\210"
 389      6BF571D1 
 389      053DEC72 
 389      C9A893D1 
 389      7588
 390 08ff DE259D28 		.ascii	"\336%\235(\364\241\345\236\374 =<0\342\0077\300\326"
 390      F4A1E59E 
 390      FC203D3C 
 390      30E20737 
 390      C0D6
 391 0911 2AB8B38E 		.ascii	"*\270\263\216\353\312k$~\367%I\251\004/\277GD\347-\020"
 391      EBCA6B24 
 391      7EF72549 
 391      A9042FBF 
 391      4744E72D 
 392 0926 CAFC1658 		.ascii	"\312\374\026X/\262[\340\266\332\221\010z\234\363\334"
 392      2FB25BE0 
 392      B6DA9108 
 392      7A9CF3DC 
 393 0936 4DEE4DE1 		.ascii	"M\356M\341<\226\013lf\361\376\234.\362\357\251\006\025"
 393      3C960B6C 
 393      66F1FE9C 
 393      2EF2EFA9 
 393      0615
 394 0948 4783C2D1 		.ascii	"G\203\302\321\210\034E\367\353\352<h?'\251/\330\231"
 394      881C45F7 
 394      EBEA3C68 
 394      3F27A92F 
 394      D899
 395 095a 16C049A6 		.ascii	"\026\300I\246]H\330\235\251IE\322\244\220\034E\222\237"
 395      5D48D89D 
 395      A94945D2 
 395      A4901C45 
 395      929F
 396 096c CF9496FA 		.ascii	"\317\224\226\372\323\033\234\244\343\316\351\037\265"
 396      D31B9CA4 
 396      E3CEE91F 
 396      B5
 397 0979 9C24FFA0 		.ascii	"\234$\377\240\273\222f\025I\263B\322\202$]\226\311\237"
 397      BB926615 
 397      49B342D2 
 397      82245D96 
 397      C99F
 398 098b 03E83427 		.ascii	"\003\3504'InH*\366@\022\353\201\203\270\276\370\315"
 398      496E482A 
 398      F64012EB 
 398      8183B8BE 
 398      F8CD
 399 099d F86DFCD8 		.ascii	"\370m\374\330iU\261\264*,\307\220\345\310\304\331\""
 399      6955B1B4 
 399      2A2CC790 
 399      E5C8C4D9 
 399      22
 400 09ae 3F9AC9FF 		.ascii	"?\232\311\377_a`\244j\320\227Kit\311\207\221\264\251"
 400      5F6160A4 
 400      6AD0974B 
ARM GAS  /var/folders/_f/jzb7lsz153bclt069nvlpp5r0000gn/T//cczbQq7w.s 			page 31


 400      6974C987 
 400      91B4A9
 401 09c1 48DA1492 		.ascii	"H\332\024\222\343\342<A\023\025\023\231\350i2\277\027"
 401      E3E23C41 
 401      13151399 
 401      E86932BF 
 401      17
 402 09d2 1F6BF67C 		.ascii	"\037k\366|\347\203\217\346\031\004}H\210\363\237!&\366"
 402      E7838FE6 
 402      19047D48 
 402      88F39F21 
 402      26F6
 403 09e4 B3D80F23 		.ascii	"\263\330\017#\214a\241!KB\226\350\023L\372\230\3108"
 403      8C61A121 
 403      4B4296E8 
 403      134CFA98 
 403      C838
 404 09f6 BD29318A 		.ascii	"\275)1\212\375\032M\346\220(\301\307\364\225\311\034"
 404      FD1A4DE6 
 404      9028C1C7 
 404      F495C91C 
 405 0a06 BB36DA68 		.ascii	"\2736\332h\366^\037\033o^\022f4k\215F\245h\324\2577"
 405      F65E1F1B 
 405      6F5E1266 
 405      346B8D46 
 405      A568D4AF 
 406 0a1b 25EAE312 		.ascii	"%\352\343\022\242\240\233!:..2Q\377ET\324\242\310\304"
 406      A2A09B21 
 406      3A2E2E32 
 406      51FF4554 
 406      D4A2C8C4 
 407 0a2f B58BE213 		.ascii	"\265\213\342\023\342\243\027EG~\026\273\350\265\245"
 407      E2A31745 
 407      477E16BB 
 407      E8B5A5
 408 0a3e FAB0D0C5 		.ascii	"\372\260\320\305\257\207.\015{]\357\322\242\217\215"
 408      AF872E0D 
 408      7B5DEFD2 
 408      A28F8D
 409 0a4d 8F8A5BBF 		.ascii	"\217\212[\277&Z\27762*&6>Zo\\\023\375y\344\3728\263"
 409      265ABF36 
 409      322A2636 
 409      3E5A6F5C 
 409      13FD79E4 
 410 0a64 D1FCD5BA 		.ascii	"\321\374\325\272hSH\214\260\372\177\303\0179\350!\235"
 410      6853488C 
 410      B0FA7FC3 
 410      0F39E821 
 410      9D
 411 0a75 35A01A48 		.ascii	"5\240\032H\303\236?\004\211fG\277\250\030\226:t\321"
 411      C39E3F04 
 411      896647BF 
 411      A818963A 
 411      74D1
 412 0a87 99CC11E6 		.ascii	"\231\314\021\346\310D\3632P\260\326\2279\011\353\260"
 412      C844F332 
 412      50B0D697 
ARM GAS  /var/folders/_f/jzb7lsz153bclt069nvlpp5r0000gn/T//cczbQq7w.s 			page 32


 412      3909EBB0 
 413 0a97 AC8572B4 		.ascii	"\254\205r\264Y)\276#\027uX4$\254\2177G'z\030\337NH\210"
 413      5929BE23 
 413      17755834 
 413      24AC8F37 
 413      47277A18 
 414 0aaf 0B805930 		.ascii	"\013\200Y0a\343\262(s\354\227\321@b\214\213[c\214\205"
 414      61E3B228 
 414      73EC97D1 
 414      40628C8B 
 414      5B638C85 
 415 0ac3 A959F1FB 		.ascii	"\251Y\361\373s\262.!\321l\322G\254^\271$L\377\376\373"
 415      73B22E21 
 415      D16CD247 
 415      AC5EB924 
 415      4CFFFEFB 
 416 0ad7 CBF5ABDF 		.ascii	"\313\365\253\337[\371\345by\226\030\017h\364\211\212"
 416      5BF9E562 
 416      7996180F 
 416      68F4898A 
 417 0ae7 89F8CAF4 		.ascii	"\211\370\312\364nd\2349\344\017$\010\035\275\215\306"
 417      6E649C39 
 417      E40F2408 
 417      1DBD8DC6 
 418 0af7 CFD7C747 		.ascii	"\317\327\307G\031\215~J!\344/\257\205.\365S\347,\250"
 418      198D7E4A 
 418      21E42FAF 
 418      852EF553 
 418      E72CA8
 419 0b0a DB16BFE1 		.ascii	"\333\026\277\341\353L\333\245%,\324\3279\012\002\224"
 419      EB4CDBA5 
 419      252CD4D7 
 419      390A0294 
 420 0b1a D7B25512 		.ascii	"\327\262U\022\273\326h\246\206\360\305`a\232\210\225"
 420      BBD668A6 
 420      86F0C560 
 420      619A8895 
 421 0b2a 8670CDF2 		.ascii	"\206p\315\362\367V\204\213\021\341t\305;\341\036\006"
 421      F756848B 
 421      11E174C5 
 421      3BE11E06 
 422 0b3a C3CAF0C5 		.ascii	"\303\312\360\305\3707Lc0\254\010\247\206\017V\323U\021"
 422      F8374C63 
 422      30AC08A7 
 422      860F56D3 
 422      5511
 423 0b4c 06BA2C3C 		.ascii	"\006\272,<\234\206\033\300\207\016o/_\035N\227\263\236"
 423      9C861BC0 
 423      870E6F2F 
 423      5F1D4E97 
 423      B39E
 424 0b5e 2B97858B 		.ascii	"+\227\205\213\037\362^K\000\377q\370\362\377t\364\034"
 424      1FF25E4B 
 424      00FF71F8 
 424      F2FF74F4 
 424      1C
 425 0b6f EA600CE6 		.ascii	"\352`\014\346(\323a2F2\355\306H\234\245@\271\332\304"
ARM GAS  /var/folders/_f/jzb7lsz153bclt069nvlpp5r0000gn/T//cczbQq7w.s 			page 33


 425      28D36132 
 425      4632EDC6 
 425      489CA540 
 425      B9DAC4
 426 0b82 0682B7FC 		.ascii	"\006\202\267\374\311Q\225\260\216\327\314Rj\242\315"
 426      C95195B0 
 426      8ED7CC52 
 426      6AA2CD
 427 0b91 AE155F28 		.ascii	"\256\025_(\025\201\252\212(\276*\376\005\313J)\017"
 427      1581AA8A 
 427      28BE2AFE 
 427      05CB4A29 
 427      0F
 428              		.text
 429              		.section	.gnu.lto_.symtab.6061e6d132a2af79,"",%progbits
 430 0000 7374496E 		.ascii	"stInit\000\000\000\000\000\000\000\000\000\000\000\000"
 430      69740000 
 430      00000000 
 430      00000000 
 430      0000
 431 0012 C0000000 		.ascii	"\300\000\000\000stStartAlarm\000\000\000\000\000\000"
 431      73745374 
 431      61727441 
 431      6C61726D 
 431      00000000 
 432 0028 00000000 		.ascii	"\000\000\000\000\000\000\317\000\000\000stStopAlarm"
 432      0000CF00 
 432      00007374 
 432      53746F70 
 432      416C6172 
 433 003d 00000000 		.ascii	"\000\000\000\000\000\000\000\000\000\000\000\000\321"
 433      00000000 
 433      00000000 
 433      D1
 434 004a 00000073 		.ascii	"\000\000\000stSetAlarm\000\000\000\000\000\000\000\000"
 434      74536574 
 434      416C6172 
 434      6D000000 
 434      00000000 
 435 005f 00000000 		.ascii	"\000\000\000\000\323\000\000\000stGetAlarm\000\000\000"
 435      D3000000 
 435      73744765 
 435      74416C61 
 435      726D0000 
 436 0074 00000000 		.ascii	"\000\000\000\000\000\000\000\000\000\326\000\000\000"
 436      00000000 
 436      00D60000 
 436      00
 437 0081 73744765 		.ascii	"stGetCounter\000\000\000\000\000\000\000\000\000\000"
 437      74436F75 
 437      6E746572 
 437      00000000 
 437      00000000 
 438 0097 0000D800 		.ascii	"\000\000\330\000\000\000stIsAlarmActive\000\000\000"
 438      00007374 
 438      4973416C 
 438      61726D41 
ARM GAS  /var/folders/_f/jzb7lsz153bclt069nvlpp5r0000gn/T//cczbQq7w.s 			page 34


 438      63746976 
 439 00af 00000000 		.ascii	"\000\000\000\000\000\000\000\000\000\340\000\000\000"
 439      00000000 
 439      00E00000 
 439      00
 440 00bc 73745F6C 		.ascii	"st_lld_init\000\000\002\000\000\000\000\000\000\000"
 440      6C645F69 
 440      6E697400 
 440      00020000 
 440      00000000 
 441 00d1 0000E200 		.ascii	"\000\000\342\000\000\000chSysHalt\000\000\002\000\000"
 441      00006368 
 441      53797348 
 441      616C7400 
 441      00020000 
 442 00e5 00000000 		.ascii	"\000\000\000\000\000\000\000\347\000\000\000"
 442      000000E7 
 442      000000
 443              		.text
 444              		.section	.gnu.lto_.opts,"",%progbits
 445 0000 272D6666 		.ascii	"'-ffp-contract=off' '-fno-trapv' '-mcpu=cortex-m4' "
 445      702D636F 
 445      6E747261 
 445      63743D6F 
 445      66662720 
 446 0033 272D6D74 		.ascii	"'-mthumb' '-mfloat-abi=hard' '-mfpu=fpv4-sp-d16' '-"
 446      68756D62 
 446      2720272D 
 446      6D666C6F 
 446      61742D61 
 447 0066 67676462 		.ascii	"ggdb' '-O2' '-fomit-frame-pointer' '-falign-functio"
 447      2720272D 
 447      4F322720 
 447      272D666F 
 447      6D69742D 
 448 0099 6E733D31 		.ascii	"ns=16' '-ffunction-sections' '-fdata-sections' '-fn"
 448      36272027 
 448      2D666675 
 448      6E637469 
 448      6F6E2D73 
 449 00cc 6F2D636F 		.ascii	"o-common' '-flto' '-fsingle-precision-constant'\000"
 449      6D6D6F6E 
 449      2720272D 
 449      666C746F 
 449      2720272D 
 450              		.text
 451              		.comm	__gnu_lto_v1,1,1
 452              		.comm	__gnu_lto_slim,1,1
 453              		.ident	"GCC: (GNU Tools for ARM Embedded Processors) 4.9.3 20150529 (release) [ARM/embedded-4_9-br
ARM GAS  /var/folders/_f/jzb7lsz153bclt069nvlpp5r0000gn/T//cczbQq7w.s 			page 35


DEFINED SYMBOLS
                            *ABS*:0000000000000000 hal_st.c
                            *COM*:0000000000000001 __gnu_lto_v1
                            *COM*:0000000000000001 __gnu_lto_slim

NO UNDEFINED SYMBOLS
