ARM GAS  /var/folders/_f/jzb7lsz153bclt069nvlpp5r0000gn/T//ccWqMwDq.s 			page 1


   1              		.syntax unified
   2              		.cpu cortex-m4
   3              		.eabi_attribute 27, 1
   4              		.eabi_attribute 28, 1
   5              		.fpu fpv4-sp-d16
   6              		.eabi_attribute 20, 1
   7              		.eabi_attribute 21, 1
   8              		.eabi_attribute 23, 3
   9              		.eabi_attribute 24, 1
  10              		.eabi_attribute 25, 1
  11              		.eabi_attribute 26, 1
  12              		.eabi_attribute 30, 2
  13              		.eabi_attribute 34, 1
  14              		.eabi_attribute 18, 4
  15              		.thumb
  16              		.file	"hal_pal_lld.c"
  17              		.text
  18              	.Ltext0:
  19              		.section	.gnu.lto_.profile.31daec8fbe5485f0,"",%progbits
  20 0000 789C6366 		.ascii	"x\234cf```c\200\000F\206\375\214+\031\001\004\364\001"
  20      60606063 
  20      80004686 
  20      FD8C2B19 
  20      0104F401 
  21 0014 75       		.ascii	"u"
  22              		.text
  23              		.section	.gnu.lto_.jmpfuncs.31daec8fbe5485f0,"",%progbits
  24 0000 789C6366 		.ascii	"x\234cf\300\016\"\2404\013\02031322\262\327\327\327"
  24      C00E22A0 
  24      340B1033 
  24      31333232 
  24      B2D7D7D7 
  25 0014 33C3188C 		.ascii	"3\303\030\214L\037\231\030\247\365_\331\301\\\373\273"
  25      4C1F9918 
  25      A7F55FD9 
  25      C15CFBBB 
  26 0024 614603C7 		.ascii	"aF\003\307O&\206\277L@\225\214\313\031k\031X\231\030"
  26      4F2686BF 
  26      4C40958C 
  26      CB196B19 
  26      589918
  27 0037 1999B1A9 		.ascii	"\031\231\261\251a\374\313\304\010T\263\002\250\206\001"
  27      61FCCBC4 
  27      0854B302 
  27      A88601
  28 0046 00E98A18 		.ascii	"\000\351\212\030L"
  28      4C
  29              		.text
  30              		.section	.gnu.lto_.inline.31daec8fbe5485f0,"",%progbits
  31 0000 789C6366 		.ascii	"x\234cf\300\016\026@i\026\006\006\216+\014\214\014L"
  31      C00E1640 
  31      69160606 
  31      8E2B0C8C 
  31      0C4C
  32 0012 5C771AB9 		.ascii	"\\w\032\271\030\330\026\3103\201D\231\030\3161\354e"
  32      18D816C8 
  32      33814499 
ARM GAS  /var/folders/_f/jzb7lsz153bclt069nvlpp5r0000gn/T//ccWqMwDq.s 			page 2


  32      18CE31EC 
  32      65
  33 0023 62646462 		.ascii	"bddbd``\316k9\257\300 1\347\"3\023\203\330\234]L, \005"
  33      646060CE 
  33      6B39AFC0 
  33      2031E722 
  33      331383D8 
  34 003d CC0C6646 		.ascii	"\314\014fF\214\314\214@i\240^\006\22026\233\017O\230"
  34      8CCC8C40 
  34      69A05E06 
  34      9032369B 
  34      0F4F98
  35 0050 200608DD 		.ascii	" \006\010\335\251ca`\373\240\307\301\300t\201\237\207"
  35      A9636160 
  35      FBA0C7C1 
  35      C074819F 
  35      87
  36 0061 81E741AC 		.ascii	"\201\347A\254\000\330&&n\220jV\006U\031\240\301P\255"
  36      00D82626 
  36      6E906A56 
  36      065519A0 
  36      C150AD
  37 0074 2C062B3A 		.ascii	",\006+:\241\332\270\036\230\002\265\235\221\341@R\314"
  37      A1DAB81E 
  37      9802B59D 
  37      91E14052 
  37      CC
  38 0085 00003182 		.ascii	"\000\0001\202\027 "
  38      1720
  39              		.text
  40              		.section	.gnu.lto_.pureconst.31daec8fbe5485f0,"",%progbits
  41 0000 789C6366 		.ascii	"x\234cf``\340d\200\000\026\006\011&)f)V)\000\002\305"
  41      6060E064 
  41      80001606 
  41      09262966 
  41      29562900 
  42 0016 0081     		.ascii	"\000\201"
  43              		.text
  44              		.section	.gnu.lto__pal_lld_init.31daec8fbe5485f0,"",%progbits
  45 0000 789C7D52 		.ascii	"x\234}RMkSA\024\2353\363\222<L5\301U\351F\241\213,J"
  45      4D6B5341 
  45      149D33F3 
  45      923C4C35 
  45      C155E946 
  46 0018 F224F909 		.ascii	"\362$\371\011\212\245Z\251R\367\305\217E\003\201\006"
  46      8AA55AA9 
  46      52F7C58F 
  46      45038106 
  47 0028 2BEE4A27 		.ascii	"+\356J'\311\263\251P\244f\025\321\010\025lck\023[\255"
  47      C9B3A950 
  47      A46615D1 
  47      08156C63 
  47      6B135BAD 
  48 003c 5ADDA452 		.ascii	"Z\335\244RH\225V\021\261\212\005\233E*u#\351\007\226"
  48      48955611 
  48      B18A059B 
  48      452A7523 
ARM GAS  /var/folders/_f/jzb7lsz153bclt069nvlpp5r0000gn/T//ccWqMwDq.s 			page 3


  48      E90796
  49 004f 504ABCF3 		.ascii	"PJ\274\363^\025\277p\230\367\346\316\235s\317=\367\316"
  49      5E15BF70 
  49      98F7E6CE 
  49      9D73CF3D 
  49      F7CE
  50 0061 08F6F768 		.ascii	"\010\366\367h\241\3576g\3548\255p2\360\301W\214\305"
  50      A1EF3667 
  50      EC38AD70 
  50      32F0C157 
  50      8CC5
  51 0073 740ECD36 		.ascii	"t\016\3156\204m\314\350\032\027\263/\030\223{\034\363"
  51      846DCCE8 
  51      1A17B32F 
  51      18937B1C 
  51      F3
  52 0084 1A93750E 		.ascii	"\032\223u\016@\371\031X/\027\232\003\275\\c\360\252"
  52      40F91958 
  52      2F179A03 
  52      BD5C63F0 
  52      AA
  53 0095 49E30B5F 		.ascii	"I\343\013_\343\030,\214\245\335\276;R\312Jj\242\376"
  53      E3182C8C 
  53      A5DDBE3B 
  53      52CA4A6A 
  53      A2FE
  54 00a7 727D95B2 		.ascii	"r}\225\262lp;+F\340c\204\331L\346\227\\\342\030\224"
  54      6C703B2B 
  54      46E06384 
  54      D94CE697 
  54      5CE21894 
  55 00bb 3D9DDB5C 		.ascii	"=\235\333\\p\257\362*\307A\265}\232\232K;\325\226\210"
  55      70AFF22A 
  55      C741B57D 
  55      9A9A4B3B 
  55      D59688
  56 00ce 69BB7D6D 		.ascii	"i\273}m\274\344i\034\2222^\032H\024\353\344\2344K\265"
  56      BCE4691C 
  56      92325E1A 
  56      4814EBE4 
  56      9C344BB5 
  57 00e2 DA812A17 		.ascii	"\332\201*\027\310B\020/\356\242\001\243h\330\255\213"
  57      C842102F 
  57      EEA201A3 
  57      68D8AD8B 
  58 00f2 42D6CC9D 		.ascii	"B\326\314\235\367n\247I\002\274\030C\243\235\034\367"
  58      F76EA749 
  58      02BC1843 
  58      A39D1CF7 
  59 0102 E0042DCA 		.ascii	"\340\004-\312\223\337_\220\265\332\306\354P\262\351"
  59      93DF5F90 
  59      B5DAC6EC 
  59      50B2E9
  60 0111 3A778129 		.ascii	":w\201)\237\323\3723V&0\025\272\3029-b\021\361B\246"
  60      9FD3FA33 
  60      56263015 
  60      BAC2392D 
ARM GAS  /var/folders/_f/jzb7lsz153bclt069nvlpp5r0000gn/T//ccWqMwDq.s 			page 4


  60      6211F142 
  61 0126 6FAF154C 		.ascii	"o\257\025L\307D\036\033~6\340R\362\004\221\215[iW\310"
  61      C7441E1B 
  61      7E36E052 
  61      F204918D 
  61      5B6957C8 
  62 013a A616898F 		.ascii	"\246\026\211\217\210W*\305S\012L\300[o\257\346x\317"
  62      88572AC5 
  62      530A4CC0 
  62      5B6FAFE6 
  62      78CF
  63 014c B6EC977A 		.ascii	"\266\354\227z\225k;\334\326\266\\~\375FW\341\232\265"
  63      956B3BDC 
  63      D6B65C7E 
  63      FD4657E1 
  63      9AB5
  64 015e CDC6CC9B 		.ascii	"\315\306\314\233\310\340FL*\224\0039\364 \257H\351l"
  64      C8E0464C 
  64      2A940339 
  64      F420AF48 
  64      E96C
  65 0170 A4F6755D 		.ascii	"\244\366u]7\374U\356\304}\302lq\354\3267\372|i\330\355"
  65      37FC55EE 
  65      C47DC26C 
  65      71ECD637 
  65      FA7C69D8 
  66 0185 6FAA92F4 		.ascii	"o\252\222\364\011\030\353Vk1\011\377\257\364.r= \"\322"
  66      0918EB56 
  66      6B3109FF 
  66      AFF42E72 
  66      3D2022D2 
  67 0199 14FDAFA0 		.ascii	"\024\375\257\240?\025<\374\267\202\251\337\024\230\311"
  67      3F153CFC 
  67      B782A9DF 
  67      1498C9
  68 01a8 992B1EA5 		.ascii	"\231+\036\245@\307#\245@\371\361\030~\370T\306D\252"
  68      40C723A5 
  68      40F9F118 
  68      7EF854C6 
  68      44AA
  69 01ba EF5BDACA 		.ascii	"\357[\332\312\272\305i\202\002\212\231\325I\315\352"
  69      BAC56982 
  69      028A99D5 
  69      49CDEA
  70 01c9 1A75FB09 		.ascii	"\032u\373\011\321/\202\377h*\201\254&j\214\036\226\352"
  70      D12F82FF 
  70      682A81AC 
  70      266A8C1E 
  70      96EA
  71 01db B897D96E 		.ascii	"\270\227\331n\260w0\027\022\373l&E\363\241\024\177i"
  71      B0773017 
  71      12FB6C26 
  71      45F3A114 
  71      7F69
  72 01ed 3D15E161 		.ascii	"=\025\341a\230\266\357\3743\240\356\201g\005\021\211"
  72      98B6EFFC 
  72      33A0EE81 
ARM GAS  /var/folders/_f/jzb7lsz153bclt069nvlpp5r0000gn/T//ccWqMwDq.s 			page 5


  72      67051189 
  73 01fd 7E173139 		.ascii	"~\02719\324\325}B\2540uT\305*T\231\330\3465\252\271"
  73      D4D57D42 
  73      AC307554 
  73      C52A5499 
  73      D8E635AA 
  74 0212 3910307E 		.ascii	"9\0200~\316\303\235\341\263\341\266\366\216\340\241"
  74      CEC39DE1 
  74      B3E1B6F6 
  74      8EE0A1
  75 0221 40281032 		.ascii	"@(\0202\272\272\215\3163\021#\332u\341b\267\321~\372"
  75      BABA8DCE 
  75      331123DA 
  75      75E162B7 
  75      D17EFA
  76 0234 442868B4 		.ascii	"D(h\264\266\0361\232O\266\264]\012\252\243\216(}\221"
  76      B61E319A 
  76      4FB6B45D 
  76      0AAAA38E 
  76      287D91
  77 0247 C8F9C039 		.ascii	"\310\371\3009\206\360wU\012\373("
  77      86F07755 
  77      0AFB28
  78              		.text
  79              		.section	.gnu.lto__pal_lld_setgroupmode.31daec8fbe5485f0,"",%progbits
  80 0000 789C9D57 		.ascii	"x\234\235WkPU\327\025>k\237\373\342>\300G\252\210\032"
  80      6B5055D7 
  80      153E6B9F 
  80      FBE23EC0 
  80      47AA881A 
  81 0014 1F48B031 		.ascii	"\037H\2601<\024c\215V\255\261\211\326\350\000B\247\323"
  81      3C14638D 
  81      56ADB189 
  81      D6E80042 
  81      A7D3
  82 0026 99CE18AD 		.ascii	"\231\316\030\255vt\012\205A\332i~tz\005\274\321\206"
  82      76740A85 
  82      41DA697E 
  82      747A05BC 
  82      D186
  83 0038 5A4AD336 		.ascii	"ZJ\3236U\230\230\320\010\212\025\337\024\214\210\226"
  83      559898D0 
  83      088A15DF 
  83      148C8896 
  84 0048 0252C550 		.ascii	"\002R\305P\022|\024\011\266\200X\021%\"\027,B\327Z\373"
  84      127C1409 
  84      B6805811 
  84      2522172C 
  84      42D75AFB 
  85 005c DC1782C3 		.ascii	"\334\027\202\303\340x\026g\257\363\255o\257o\355\265"
  85      E0781667 
  85      AFF3AD6F 
  85      AF6FEDB5 
  86 006c CFD95755 		.ascii	"\317\331WU\236\375w\022\257\344\011\212\262\027\377"
  86      9EFD7712 
  86      AFE4098A 
  86      B217FF
ARM GAS  /var/folders/_f/jzb7lsz153bclt069nvlpp5r0000gn/T//ccWqMwDq.s 			page 6


  87 007b 42800222 		.ascii	"B\200\002\"\253VQv\232\004\250\362F\025\272\335\241"
  87      AB565176 
  87      9A04A8F2 
  87      4615BADD 
  87      A1
  88 008c 8ADD6C25 		.ascii	"\212\335l%k\325\011\375\303\257\341\310\357\300b\034"
  88      6BD509FD 
  88      C3AFE1C8 
  88      EFC0621C 
  89 009c E985819F 		.ascii	"\351\205\201\237\031\371\231\001L2\304\350\2721\201"
  89      19F99901 
  89      4C32C4E8 
  89      BA3181
  90 00ab 55DEF809 		.ascii	"U\336\370\0113\003-\0144\273\334\026\327\215U\370g\030"
  90      33032D0C 
  90      34BBDC16 
  90      D78D55F8 
  90      6718
  91 00bd F1B92DB3 		.ascii	"\361\271-\263JA\200MN~\301\344\017@7\012(\277\024\252"
  91      4A41804D 
  91      4E7EC1E4 
  91      0F40370A 
  91      28BF14AA 
  92 00d1 4E6F309A 		.ascii	"No0\232\374\314\026\253\315\037p(\323\277+\272\004d"
  92      FCCC16AB 
  92      CD1F7028 
  92      D3BF2BBA 
  92      0464
  93 00e3 95177E60 		.ascii	"\225\027~`\011\375\304n\267?\314.\016\334\025\330'\024"
  93      09FDC46E 
  93      B73FCC2E 
  93      0EDC15D8 
  93      2714
  94 00f5 E5919000 		.ascii	"\345\221\220\000\310\207P\204\334r\026g\332\324\265"
  94      C8875084 
  94      DC721667 
  94      DAD4B5
  95 0104 A0E07DC9 		.ascii	"\240\340}\311\321\356+\226v\321'`&\015K\263\253?0\320"
  95      D1EE2B96 
  95      76D12760 
  95      260D4BB3 
  95      AB3F30D0 
  96 0118 50E868D8 		.ascii	"P\350h\330Pt\363\206\010\311\263\333\323\312\257\236"
  96      5074F386 
  96      08C9B3DB 
  96      D3CAAF9E 
  97 0128 B07F4BD7 		.ascii	"\260\177K\327'T(\000\025\371\340\020\004\301a\010R\320"
  97      27542800 
  97      15F9E010 
  97      04C16108 
  97      52D0
  98 013a A5402184 		.ascii	"\245@!\204 \372\343\306V\247\252F3\357\341\213%_\347"
  98      20FAE3C6 
  98      56A7AA46 
  98      33EFE18B 
  98      255FE7
  99 014d C0E6D2BC 		.ascii	"\300\346\322\274\006\253}M\237\320\301\221\241\221:"
ARM GAS  /var/folders/_f/jzb7lsz153bclt069nvlpp5r0000gn/T//ccWqMwDq.s 			page 7


  99      06AB7D4D 
  99      9FD0C191 
  99      A1913A
 100 015c 05FEC291 		.ascii	"\005\376\302\221w\372\356\346\333\324x\216|z\370\267"
 100      77FAEEE6 
 100      DBD4788E 
 100      7C7AF8B7 
 101 016c 3966197A 		.ascii	"9f\031z6\257\236C\365pth\250^\201\"\010!|\177\315\276"
 101      36AF9E43 
 101      F5707468 
 101      A85E8122 
 101      08217C7F 
 102 0182 12ABFA7D 		.ascii	"\022\253\372}\216u\034{\322\250\017\376\210b\317\245"
 102      8E751C7B 
 102      D2A80FFE 
 102      8862CFA5 
 103 0192 5759EDD5 		.ascii	"WY\355\325\366\214\346\301\301\031}\302\000\307|\031"
 103      F68CE6C1 
 103      C1197DC2 
 103      00C77C19 
 104 01a2 E43F0CF9 		.ascii	"\344?\014\3710+\347\261^\335\310\341\367\036\027\374"
 104      302BE7B1 
 104      5EDDC8E1 
 104      F71E17FC 
 105 01b2 DEC2E107 		.ascii	"\336\302\341\007\312\362\014^\301'F\010\316\353\376"
 105      CAF20C5E 
 105      C1274608 
 105      CEEBFE
 106 01c1 ACCBA4FE 		.ascii	"\254\313\244\376\210\203+\362\037\344\006\310\340\363"
 106      88832BF2 
 106      1FE406C8 
 106      E0F3
 107 01cf 3EC1A746 		.ascii	">\301\247F\010\376\270\250\344{\352O8\266\356TO\223"
 107      08FEB8A8 
 107      E47BEA4F 
 107      38B6EE54 
 107      4F93
 108 01e1 BF8CADF6 		.ascii	"\277\214\255\366\211=3Bl]\307\235\"?5\225\203\355\247"
 108      893D3342 
 108      6C5DC79D 
 108      223F3595 
 108      83EDA7
 109 01f4 B207FC64 		.ascii	"\262\007\374d\360%\237\340\277\216\020|)\247\276\314"
 109      F0259FE0 
 109      BF8E107C 
 109      29A7BECC 
 110 0204 ACBEC3C1 		.ascii	"\254\276\303\301wO\245\225h\222k|\202KG\010\356\312"
 110      774FA595 
 110      68926B7C 
 110      824B4708 
 110      EECA
 111 0216 787ACD62 		.ascii	"xz\315b\310\300\376\032\007\307!\030N\342u\032\257b"
 111      C8C0FE1A 
 111      07C72118 
 111      4EE2751A 
 111      AF62
 112 0228 BC4AF03A 		.ascii	"\274J\360:\013\301\262\337\340S0\200\242\230GB!\227"
ARM GAS  /var/folders/_f/jzb7lsz153bclt069nvlpp5r0000gn/T//ccWqMwDq.s 			page 8


 112      0BC1B2DF 
 112      E0533080 
 112      A2984742 
 112      2197
 113 023a F3D0913D 		.ascii	"\363\320\221=B\375\205Tq\362\3354\251\242\371Jz\215"
 113      42FD8554 
 113      71F2DD34 
 113      A9A2F94A 
 113      7A8D
 114 024c CFD29D1B 		.ascii	"\317\322\235\033.\025(c\212\262\316\302j\177\325\001"
 114      2E152863 
 114      8AB2CEC2 
 114      6A7FD501 
 115 025c CCD1DE5E 		.ascii	"\314\321\336^\032\311\024\345\245\330\255\031\007\354"
 115      1AC914E5 
 115      A5D8AD19 
 115      07EC
 116 026a 03838340 		.ascii	"\003\203\203@\014\347\207e(g\206_\333\013\177\007\352"
 116      0CE78765 
 116      2867865F 
 116      DB0B7F07 
 116      EA
 117 027b 1EC9F049 		.ascii	"\036\311\360IW\3569\233\244(\363\245\2700,\305E\246"
 117      57EE399B 
 117      A428F3A5 
 117      B8302CC5 
 117      45A6
 118 028d 6839D8B9 		.ascii	"h9\330\271\013\324LI\361\253\303\273\262AR\324\370R"
 118      0BD44C49 
 118      F1ABC3BB 
 118      B24152D4 
 118      F852
 119 029f FC6D588A 		.ascii	"\374mX\212\012\010.\232Pn\037\034|t\353\370{\363\016"
 119      0A082E9A 
 119      506E1F1C 
 119      7C74EBF8 
 119      7BF30E
 120 02b2 89EF02EF 		.ascii	"\211\357\002\357\012\004b\341poa\351p\237`\361\260\345"
 120      0A0462E1 
 120      706F61E9 
 120      709F60F1 
 120      B0E5
 121 02c4 B17C0685 		.ascii	"\261|\006\205\212g\006j\177\013c\254\270\035\2146\006"
 121      8A67066A 
 121      7F0B63AC 
 121      B81D8C36 
 121      06
 122 02d5 FAD36D00 		.ascii	"\372\323m\000\243\307\321\355x\016\231@\267\023\025"
 122      A3C7D1ED 
 122      780E9940 
 122      B71315
 123 02e4 2AFC0B40 		.ascii	"*\374\013@\334\223\3101\231L \231)hLA\\\321\251t;\215"
 123      DC93C831 
 123      994C2099 
 123      29684C41 
 123      5CD1A974 
 124 02fa CC74AECF 		.ascii	"\314t\256\317\213\364|\006\215g\222\231\305\212g\323"
ARM GAS  /var/folders/_f/jzb7lsz153bclt069nvlpp5r0000gn/T//ccWqMwDq.s 			page 9


 124      8BF47C06 
 124      8D679299 
 124      C58A67D3 
 125 030a 6D30673E 		.ascii	"m0g>\007h\357\207\020\352%2\241d\346\222y\231\314<2"
 125      0768EF87 
 125      10EA2532 
 125      A164E692 
 125      7999CC3C 
 126 031f AF900923 		.ascii	"\257\220\011#\023A&\222\314|2Qd\026\222y\225\314\"2"
 126      13412692 
 126      CC7C3251 
 126      64169279 
 126      95CC2232 
 127 0333 8BC9BC46 		.ascii	"\213\311\274Ff\011\231\245d\226\221YNf\005\231\225d"
 127      660999A5 
 127      64969159 
 127      4E660599 
 127      9564
 128 0345 5E27B38A 		.ascii	"^'\263\212\314\033d\336$\263\232\314\0322k\311\274E"
 128      CC1B64DE 
 128      24B39ACC 
 128      1A326BC9 
 128      BC45
 129 0357 661D99F5 		.ascii	"f\035\231\365d\242\271\2541\\\247X.\321\006\256N\034"
 129      64A2B9AC 
 129      315CA758 
 129      2ED106AE 
 129      4E1C
 130 0369 17319ECB 		.ascii	"\0271\236\313\252(-\330\272\370\372m\025\002\377\250"
 130      AA282DD8 
 130      BAF8FA6D 
 130      1502FFA8 
 131 0379 3721BDD7 		.ascii	"7!\275\327\321\271\1771\365\262SX\234\302\214\013\274"
 131      D1B97F31 
 131      F5B25358 
 131      9CC28C0B 
 131      BC
 132 038a F7E89F1F 		.ascii	"\367\350\237\037\005\320;\322\210\253\363w\\\310\006"
 132      05D03BD2 
 132      88ABF377 
 132      5CC806
 133 0399 10DCEC48 		.ascii	"\020\334\354H\203 \205\203z\366\377\\\006Ye\220\373"
 133      83208583 
 133      7AF6FF5C 
 133      06596590 
 133      FB
 134 03aa C56AC4C5 		.ascii	"\305j\304\305\254\304 D59Z@\202l\210C\320\276k\255\335"
 134      ACC42044 
 134      35395A40 
 134      826C8843 
 134      D0BE6BAD 
 135 03bf 2A814CB8 		.ascii	"*\201L\270\372U^\314'\211\331&\231\007\\\314\376\222"
 135      FA555ECC 
 135      2789D926 
 135      99075CCC 
 135      FE92
 136 03d1 F94FCECB 		.ascii	"\371O\316\313\2252\235@\005\252\2072\007 \016B<L\247"
ARM GAS  /var/folders/_f/jzb7lsz153bclt069nvlpp5r0000gn/T//ccWqMwDq.s 			page 10


 136      95329D40 
 136      05AA8732 
 136      07200E42 
 136      3C4CA7
 137 03e4 89294032 		.ascii	"\211)@2U\346hL\343$\323\261\363\205{\374\230\351m\005"
 137      55E6684C 
 137      E324D3B1 
 137      F3857BFC 
 137      98E96D05 
 138 03f8 2E0D651A 		.ascii	".\015e\032\2178\004u\324\357/\265r\216\330\2175^9\026"
 138      8F380475 
 138      D4EF2FB5 
 138      728ED88F 
 138      355E3916 
 139 040c 13F378C9 		.ascii	"\023\363x\311\\\353b\236 \231\013\316g\347\353\230\331"
 139      5CEB629E 
 139      20990BCE 
 139      67E7EB98 
 139      D9
 140 041d 8EDDF98F 		.ascii	"\216\335\371\217\241\324\023\021H\257\203\274\346{\300"
 140      A1D41311 
 140      48AF83BC 
 140      E67BC0
 141 042c D446052E 		.ascii	"\324F\005.{Q\227\020\365D\034\246\225\277od\217|\177"
 141      7B519710 
 141      F5441CA6 
 141      95BF6F64 
 141      8F7C7F
 142 043f 7CD972B5 		.ascii	"|\331r\265\316D\001\006\334GWxK\265\342\347\010?\223"
 142      CE440106 
 142      DC475778 
 142      4BB5E2E7 
 142      083F93
 143 0452 2A62C7F1 		.ascii	"*b\307\361\222:\361\241\034p\202zm\300u\320i\003.\257"
 143      923AF1A1 
 143      1C70827A 
 143      6DC075D0 
 143      69032EAF 
 144 0466 AA0D7815 		.ascii	"\252\015x\025\2056\300\216q\012\220\242\332r\226\313"
 144      8536C08E 
 144      710A90A2 
 144      DA7296CB 
 145 0476 7427A10B 		.ascii	"t'\241\013g\257\312m?!E\341\216\255\305\331\277\200"
 145      67AFCA6D 
 145      3F2145E1 
 145      8EADC5D9 
 145      BF80
 146 0488 8C1BE99B 		.ascii	"\214\033\351\2335\014\002v\036<\233id\000\246wU\356"
 146      350C0276 
 146      1E3C9B69 
 146      6400A677 
 146      55EE
 147 049a F83600A7 		.ascii	"\3706\000\247x\001\265\212h[N\335\2666\020\3302\242"
 147      7801B58A 
 147      685B4EDD 
 147      B63610D8 
 147      32A2
ARM GAS  /var/folders/_f/jzb7lsz153bclt069nvlpp5r0000gn/T//ccWqMwDq.s 			page 11


 148 04ac B138D929 		.ascii	"\2618\331)\342l\375u\011m\240\342J\213\016r\304\330"
 148      E26CFD75 
 148      096DA0E2 
 148      4A8B0E72 
 148      C4D8
 149 04be 2A62DB40 		.ascii	"*b\333@\207\353%\272\277\341\024\261\266\306\272\324"
 149      87EB25BA 
 149      BFE114B1 
 149      B6C6BAD4 
 150 04ce 36D06395 		.ascii	"6\320c\225Ef\011>\337`\353\240\000\003I\027G\310\023"
 150      4566093E 
 150      DF60EBA0 
 150      00034917 
 150      47C813
 151 04e1 6FCBAC7F 		.ascii	"o\313\254\177\033k\240Sv\207\312\346\035\310\311\202"
 151      1B6BA053 
 151      7687CAE6 
 151      1DC8C982 
 152 04f1 216F6DDC 		.ascii	"!om\334\346\264\265i'\323\026\346\0275&\370\031\245"
 152      E6B4B569 
 152      27D316E6 
 152      173526F8 
 152      19A5
 153 0503 3D19CBE5 		.ascii	"=\031\313\345\275\022F\\\211:\271\\\177pt\350$(\020"
 153      BD12465C 
 153      893AB95C 
 153      7F7074E8 
 153      242810
 154 0516 715A0FA7 		.ascii	"qZ\017\2475\275\333/\244w\012> \\\243\243B\363\004\361"
 154      35BDDB2F 
 154      A4770A3E 
 154      205CA3A3 
 154      42F304F1 
 155 052a CA4EE165 		.ascii	"\312N\341eD\007M\214N\031U\231\373M\011\232J\013Da\006"
 155      44074D8C 
 155      4E195599 
 155      FB4D099A 
 155      4A0B4461 
 156 053f 399E0673 		.ascii	"9\236\006s0n\252D}\016\3229\035\375n\232r\242\231.S"
 156      306EAA44 
 156      7D0ED239 
 156      1DFD6E9A 
 156      72A2992E 
 157 0554 AACDFD81 		.ascii	"\252\315\375\201D\274(\023w\357 #\356\240\177\272R\354"
 157      44BC2813 
 157      77EF2023 
 157      EEA07FBA 
 157      52EC
 158 0566 D6686620 		.ascii	"\326hf \316{\256\231\2703\320\353;\327,\364\273\347"
 158      CE7BAE99 
 158      B833D0EB 
 158      3BD72CF4 
 158      BBE7
 159 0578 BA4873CD 		.ascii	"\272Hs\315\222\262\032r\227K\304l\234\350zsZ\015\237"
 159      92B21A72 
 159      974BC46C 
 159      9CE87A73 
ARM GAS  /var/folders/_f/jzb7lsz153bclt069nvlpp5r0000gn/T//ccWqMwDq.s 			page 12


 159      5A0D9F
 160 058b 9B4CD8D0 		.ascii	"\233L\330\320\365\020D:}h0n\266\233\246\202h\202\021"
 160      F510443A 
 160      7D68306E 
 160      B69BA682 
 160      688211
 161 059e 70F14CD7 		.ascii	"p\361L\327\375\013F\211\010\361\356`\225?\256\247{?"
 161      FD0B4689 
 161      08F1EE60 
 161      953FAEA7 
 161      7B3F
 162 05b0 BC6FCB85 		.ascii	"\274o\313\205\375\370\271\360s\2129\36095\015}`.\277"
 162      FDF8B9F0 
 162      738A39F0 
 162      39350D7D 
 162      602EBF
 163 05c3 77C61456 		.ascii	"w\306\024Vh\317\300\007f\370\002r\341+>\322A\003\204"
 163      68CFC007 
 163      66F80272 
 163      E12B3ED2 
 163      410384
 164 05d6 D1B44F1C 		.ascii	"\321\264O\034\375\332\332\274\244\225\246\327\275Z\241"
 164      FDDADABC 
 164      A495A6D7 
 164      BD5AA1
 165 05e5 3813FAC9 		.ascii	"8\023\372\311\331\355h\321K\347\\\366\253\224Q\366\355"
 165      D9ED68D1 
 165      4BE75CF6 
 165      AB9451F6 
 165      ED
 166 05f6 49E4F39A 		.ascii	"I\344\363\232}\247\335^>\365\271\031\\\363dp\035\302"
 166      7DA7DD5E 
 166      3EF5B919 
 166      5CF36470 
 166      1DC2
 167 0608 908EA51D 		.ascii	"\220\216\245\035\357tI{y\324Zn0\023\020\323M\227\226"
 167      EF74497B 
 167      79D45A6E 
 167      301310D3 
 167      4D9796
 168 061b 0A2DC979 		.ascii	"\012-\311yZ\351{\035\335\232\226W\220\032\375RK\207"
 168      5AE97B1D 
 168      DD9A9657 
 168      901AFD52 
 168      4B87
 169 062d 060B63BF 		.ascii	"\006\013c\277n\254Z\376\345\311\240\221\264\204\311"
 169      6EAC5AFE 
 169      E5C9A091 
 169      B484C9
 170 063c 65726B89 		.ascii	"erk\211\030\265\226[\314\304g\237&\326\202\231\267h"
 170      18B5965B 
 170      CCC4679F 
 170      26D68299 
 170      B768
 171 064e 9947B29C 		.ascii	"\231G\262\234\010\231y\243\226\371|\366\353\307\232"
 171      089979A3 
 171      96F97CF6 
ARM GAS  /var/folders/_f/jzb7lsz153bclt069nvlpp5r0000gn/T//ccWqMwDq.s 			page 13


 171      EBC79A
 172 065d F9979EF9 		.ascii	"\371\227\236\371\232)\363\371\364\006\272\236\376\277"
 172      9A29F3F9 
 172      F406BA9E 
 172      FEBF
 173 066b BD4192DE 		.ascii	"\275A\222\336\302;@\341\267\242^\3515\253\370\370Jz"
 173      C23B40E1 
 173      B7A25EE9 
 173      35ABF8F8 
 173      4A7A
 174 067d FE6FA6C9 		.ascii	"\376o\246\311\307\274\321\373\253v\361\307\303\200\033"
 174      C7BCD1FB 
 174      AB76F1C7 
 174      C3801B
 175 068c FDB61B6D 		.ascii	"\375\266\033mP>\325\253\274\244\217\353\2642D\215\272"
 175      503ED5AB 
 175      BCA48FEB 
 175      B432448D 
 175      BA
 176 069d 0CFFE6B4 		.ascii	"\014\377\346\264\3507\011\374\307\265\244\256\005\\"
 176      E83709FC 
 176      C7B5A4AE 
 176      055C
 177 06ab 28B78157 		.ascii	"(\267\201Wa^Ej\364\373\026f\021\373\203\2700\037M\036"
 177      615E456A 
 177      F4FB1666 
 177      11FB83B8 
 177      301F4D1E 
 178 06bf A630339E 		.ascii	"\24603\236\233A\213'\203V*\314\"\026et\213\352q\211"
 178      9B418B27 
 178      83562ACC 
 178      22166574 
 178      8BEA7189 
 179 06d3 5A3C6A51 		.ascii	"Z<jQmL\251#\312;CE\275\366\214\250%H\215~_QK\331?fQ"
 179      6D4CA923 
 179      CA3B4345 
 179      BDF68CA8 
 179      25488D7E 
 180 06ee ED9E0CEE 		.ascii	"\355\236\014\356\222\250\245,\312D\353\312\015\333s"
 180      92A8A52C 
 180      CA44EBCA 
 180      0DDB73
 181 06fd 5B13B56C 		.ascii	"[\023\265l\324\242\376\313\224z\242\274\347jX\227\250"
 181      D4A2FECB 
 181      947AA2BC 
 181      E76A5897 
 181      A8
 182 070e E5DCB0CB 		.ascii	"\345\334\260\313|\267\332\012\366\013\331\260\303I\230"
 182      7CB7DA0A 
 182      F60BD9B0 
 182      C34998
 183 071d FEDCF93A 		.ascii	"\376\334\371:<\363\335'\011+X\202\237\2225M\256\313"
 183      3CF3DD27 
 183      092B5882 
 183      9F92354D 
 183      AECB
 184 072f 53978495 		.ascii	"S\227\204\225\243\226\320\351\241|0T\302\353,a\245\257"
ARM GAS  /var/folders/_f/jzb7lsz153bclt069nvlpp5r0000gn/T//ccWqMwDq.s 			page 14


 184      A396D0E9 
 184      A17C3054 
 184      C2EB2C61 
 184      A5AF
 185 0741 8455EC1F 		.ascii	"\204U\354\037\263\204\207\236\371\272H\302*\2057\325"
 185      B384879E 
 185      F9BA48C2 
 185      2A8537D5 
 186 0751 03F7A6F2 		.ascii	"\003\367\246\362\332Efe\267\277\0246\340j\2707F-\354"
 186      DA456665 
 186      B7BF1436 
 186      E06AB837 
 186      462DEC
 187 0764 2B4F0F3F 		.ascii	"+O\017?\032\332po>\323p\253\221\032\375\276\015\267"
 187      1ADA706F 
 187      3ED370AB 
 187      911AFDBE 
 187      0DB7
 188 0776 86FD636E 		.ascii	"\206\375cn\270nO\006\217I\352\032\026eq\213\032t\211"
 188      B86E4F06 
 188      8F49EA1A 
 188      1665718B 
 188      1A7489
 189 0789 5A3B6A51 		.ascii	"Z;jQ=\236\036v\016\025\365\3263\242\326!5\372}E\255"
 189      3D9E1E76 
 189      0E15F5D6 
 189      33A2D621 
 189      35FA7D45 
 190 079e 67FF9845 		.ascii	"g\377\230E\365z2\350#Q\353Y\224\225\317\214|&\255-X"
 190      F57A32E8 
 190      2351EB59 
 190      9495CF8C 
 190      7C26AD2D 
 191 07b3 284F70D1 		.ascii	"(Op\321x\312\303\263\210\373\020\312G\301h\371\212-"
 191      78CAC3B3 
 191      88FB10CA 
 191      47C168F9 
 191      8A2D
 192 07c5 7C3F5003 		.ascii	"|?P\003\271\316uHbS2"
 192      B9CE7548 
 192      625332
 193 07d0 AB98A4D1 		.ascii	"\253\230\244\321\321V\240\375d\210\301\217\2547\011"
 193      D156A0FD 
 193      6488C18F 
 193      AC3709
 194 07df 9F3463E4 		.ascii	"\2374c\344y\242\263`\211\004\305\342\327\313\347\270"
 194      79A2B360 
 194      8904C5E2 
 194      D7CBE7B8 
 195 07ef CF87D358 		.ascii	"\317\207\323X\211\352)X$Q\033\360K\341\203\342\363\354"
 195      89EA2958 
 195      24511BF0 
 195      4BE183E2 
 195      F3EC
 196 0801 06897A32 		.ascii	"\006\211z2W\202\342\260\265}@|\232\215#P\266\243\362"
 196      5782E2B0 
 196      B57D407C 
ARM GAS  /var/folders/_f/jzb7lsz153bclt069nvlpp5r0000gn/T//ccWqMwDq.s 			page 15


 196      9A8D2350 
 196      B6A3F2
 197 0814 50A444C5 		.ascii	"P\244D\305\313\227\177\335\276\203\351\362\345\217\007"
 197      CB977FDD 
 197      BE83E9F2 
 197      E58F07
 198 0823 D8275E41 		.ascii	"\330'^A|l\216gQ\376\3643\250\011v\226\377\261F\225\007"
 198      7C6C8E67 
 198      51FEF433 
 198      A8097696 
 198      FFB14695 
 199 0838 45FA8D04 		.ascii	"E\372\215\004\350\305\357\316\352\360\360\010\367\377"
 199      E8C5EFCE 
 199      EAF0F008 
 199      F7FF
 200 0846 55DBB66F 		.ascii	"U\333\266o\336\036\035\267qAdxTxTD\322\216\210m\233"
 200      DE1E1DB7 
 200      71416478 
 200      54785444 
 200      D28E886D 
 201 085b 12229293 		.ascii	"\022\"\222\223RRwD\304\305\257\217Z\020\261n\335\267"
 201      52527744 
 201      C4C5AF8F 
 201      5A10B16E 
 201      DDB7
 202 086d 2356C77C 		.ascii	"#V\307|'\372g\013\350\321\306d\274\022\022\266\204\377"
 202      27FA670B 
 202      E8D1C664 
 202      BC1212B6 
 202      84FF
 203 087f 50D1114A 		.ascii	"P\321\021J\227\270i\307\217u\211I[\266\352\311\244\030"
 203      97B869C7 
 203      8F758949 
 203      5BB6EAC9 
 203      A418
 204 0891 9252DF49 		.ascii	"\222R\337I\336\232bL\332\221\274u\353\226\024}\362O"
 204      DE9A624C 
 204      DA91BC75 
 204      EB96147D 
 204      F24F
 205 08a3 93B7A4E8 		.ascii	"\223\267\244\3506%\244\246\250\233\267\247\232\350\206"
 205      3625A4A6 
 205      A89BB7A7 
 205      9AE886
 206 08b2 2244E27C 		.ascii	"\"D\342|\221\270@$.\374?~Z\204#"
 206      91B84024 
 206      2EFC3F7E 
 206      5A8423
 207              		.text
 208              		.section	.gnu.lto__pal_lld_enablepadevent.31daec8fbe5485f0,"",%progbits
 209 0000 789C9D56 		.ascii	"x\234\235VkLTW\020>s\357\335\367\362\364\205X\225\210"
 209      6B4C5457 
 209      103E73EF 
 209      DDF7F2F4 
 209      85589588 
 210 0014 8AF5B15B 		.ascii	"\212\365\261[\241\255\375\331\244Ml\215\255Ml\232\306"
 210      A1ADFDD9 
ARM GAS  /var/folders/_f/jzb7lsz153bclt069nvlpp5r0000gn/T//ccWqMwDq.s 			page 16


 210      A44D6C8D 
 210      AD4D6C9A 
 210      C6
 211 0025 3FD64A8D 		.ascii	"?\326J\215\246\030\2144\246iJ\274\300\202\304\250\010"
 211      A6188C34 
 211      A6694ABC 
 211      C082C4A8 
 211      08
 212 0036 3516ABB4 		.ascii	"5\026\253\264\325\372F@@\021\204\326\255\255\200/\254"
 212      D5FA4640 
 212      401184D6 
 212      ADAD802F 
 212      AC
 213 0047 75014144 		.ascii	"u\001AD\254P\037\255\017\036)\254\025\2673\347\334e"
 213      AC501FAD 
 213      0F1E29AC 
 213      15B733E7 
 213      DC65
 214 0059 77313402 		.ascii	"w14\002a\207{\347\314\367\315wf\316\234Ef\317\376d\342"
 214      61877BE7 
 214      CCF7CD77 
 214      66CE9C45 
 214      66CFFE64 
 215 006e E78C95B1 		.ascii	"\347\214\225\261/\360/X\031H[\353\030K1J\222\342\032"
 215      2FF02F58 
 215      19485BEB 
 215      184B314A 
 215      92E21A
 216 0081 CB54B35C 		.ascii	"\313T\263\\5\217\251VYR2c\360MG\326\252\200N\004\351"
 216      358FA956 
 216      59523263 
 216      F04D47D6 
 216      AA804E04 
 217 0096 243D771B 		.ascii	"$=w\033\270[\017F\3416x\037\214\222\251j\022\256\233"
 217      B85B0F46 
 217      E136781F 
 217      8C92A96A 
 217      12AE9B
 218 00a9 5D765C37 		.ascii	"]v\\7\201E\270\315\336\007\013\000=0`\353%Y\321\351"
 218      8145B8CD 
 218      DE070B00 
 218      3D3060EB 
 218      2559D1E9 
 219 00bd 0D4693D9 		.ascii	"\015F\223\331\002\353\341\256\324)\301Vg~\256%f\237"
 219      02EBE1AE 
 219      D429C156 
 219      677EAE25 
 219      669F
 220 00cf AAAA8FBA 		.ascii	"\252\252\217\272\352#\322#\334\022c\335\222\020\015"
 220      EA23D223 
 220      DC1263DD 
 220      92100D
 221 00de 07200643 		.ascii	"\007 \006C\256\367\236\330\024$/\000\206\317\025\205"
 221      AEF79ED8 
 221      14242F00 
 221      86CF1585 
 222 00ee 3D172D77 		.ascii	"=\027-w$\267\004Q\364z2\2476WO\257\222B\257\015E\315"
ARM GAS  /var/folders/_f/jzb7lsz153bclt069nvlpp5r0000gn/T//ccWqMwDq.s 			page 17


 222      24B70451 
 222      F47A32A7 
 222      36574FAF 
 222      9242AF0D 
 223 0104 4DD2B41F 		.ascii	"M\322\264\037T5\325\331T\242\276\256\270%\031\016\202"
 223      5435D5D9 
 223      54A2BEAE 
 223      B825190E 
 223      82
 224 0115 8C7C7008 		.ascii	"\214|p\010\"\3410D2t1\310\207i\030\335|$g\243N^\304"
 224      22E13044 
 224      327431C8 
 224      876918DD 
 224      7C2467A3 
 225 012c 79535D37 		.ascii	"yS]7\273\004\262\255<\275\301\252\276\345\226\02482"
 225      BB04B2AD 
 225      3CBDC1AA 
 225      BEE59614 
 225      3832
 226 013e 18AA3028 		.ascii	"\030\2520(\340\320\333\356\273\007\202\344\305\034\332"
 226      E0D0DBEE 
 226      BB0782E4 
 226      C51CDA
 227 014d 7F387B97 		.ascii	"\1778{\227Y@+\322\0339T\007\205\203\241:\006E0\215\342"
 227      59402BD2 
 227      1B395407 
 227      8583A13A 
 227      0645308D 
 228 0162 CBF2EEF7 		.ascii	"\313\362\356\367\030\345\0179\366\341W\273\253!z7a+"
 228      18E50F39 
 228      F6E157BB 
 228      AB217A37 
 228      612B
 229 0174 D36BAC6A 		.ascii	"\323k\254j\255\352h\363x&\273%=\034\015d\020?\010i\354"
 229      ADEA68F3 
 229      7826BB25 
 229      3D1C0D64 
 229      103F0869 
 230 0189 AA5E227F 		.ascii	"\252^\"\177\304\321G\367=\336`\340hg\001n\327\361\275"
 230      C4D147F7 
 230      3DDE60E0 
 230      6867016E 
 230      D7F1BD
 231 019c FAD4E301 		.ascii	"\372\324\343\001\002\227\014\001\276\234\177*\027\344"
 231      02970C01 
 231      BE9C7F2A 
 231      17E4
 232 01aa 151C5DB9 		.ascii	"\025\034]\271\353\3705\235@W\005\242\217\015\201v\235"
 232      EBF8359D 
 232      405705A2 
 232      8F0D8176 
 232      9D
 233 01bb 2DBD0772 		.ascii	"-\275\007r\002Gg\346\336\312\320r\237\017D\227\015\201"
 233      024767E6 
 233      DECAD072 
 233      9F0F4497 
 233      0D81
ARM GAS  /var/folders/_f/jzb7lsz153bclt069nvlpp5r0000gn/T//ccWqMwDq.s 			page 18


 234 01cd AECECBDA 		.ascii	"\256\316\313\332\241\223\2238\372\353\366\272\353V\201"
 234      A1939338 
 234      FAEBF6BA 
 234      EB5681
 235 01dc BE16882E 		.ascii	"\276\026\210.\037\002\335\351\350o\264\350\035xNB\241"
 235      1F02DDE9 
 235      E86FB4E8 
 235      1D784E42 
 235      A1
 236 01ed 18A2A114 		.ascii	"\030\242\241\024?\307\361s\002?\025\020\335\357=6p\022"
 236      3FC7F173 
 236      023F1510 
 236      DDEF3D36 
 236      7012
 237 01ff F4C0987E 		.ascii	"\364\300\230~\210\240\242p\247\352\361t\267\354\331"
 237      88A0A270 
 237      A7EAF174 
 237      B7ECD9
 238 020e 1C5D21BD 		.ascii	"\034]!\275\242\000\365S\207\3551\350\031!\214\370h4"
 238      A200F553 
 238      87ED31E8 
 238      19218CF8 
 238      6834
 239 0220 913193B1 		.ascii	"\2211\223\261\220\011\002:/\301\364\030B&\224L\030#"
 239      9009023A 
 239      2FC1F418 
 239      4226944C 
 239      1823
 240 0232 C2704629 		.ascii	"\302pF)F\221c4\243Lc\210j,\032\3238FY#hi<\031:\003\306"
 240      46916334 
 240      A34C6388 
 240      6A2C1AD3 
 240      38465923 
 241 024d 09642602 		.ascii	"\011d&\002\235\204I\3648\231L\024\231)d\242\311L%3\235"
 241      9D8449F4 
 241      38994C14 
 241      992964A2 
 241      C94C2533 
 242 0262 4C0C9919 		.ascii	"L\014\231\031df\222\231Ef6\031\033\031;\231\271db\311"
 242      64669299 
 242      45663619 
 242      1B193B99 
 242      B96462C9 
 243 0276 C49161AC 		.ascii	"\304\221a\254\035k@\303\326!I\364Wn\206\324\326\015"
 243      1D6B40C3 
 243      D62149F4 
 243      576E86D4 
 243      D60D
 244 0288 FFE4BF4A 		.ascii	"\377\344\277Je\351\225t\275x\204\233!\255E/\336\365"
 244      65E99574 
 244      BD78849B 
 244      21AD452F 
 244      DEF5
 245 029a 58D89ABC 		.ascii	"X\330\232\274;%\012\215\220\011\030TB$F\261\006\220"
 245      3B250A8D 
 245      90091854 
 245      422446B1 
ARM GAS  /var/folders/_f/jzb7lsz153bclt069nvlpp5r0000gn/T//ccWqMwDq.s 			page 19


 245      0690
 246 02ac 781DB122 		.ascii	"x\035\261\"\030\204\210\323e\235\035\261\002cDL\351"
 246      188488D3 
 246      659D1DB1 
 246      0263444C 
 246      E9
 247 02bd FEA31B39 		.ascii	"\376\243\0339\306\254\3669T>z7\332/]6r\027oWVY\335."
 247      C6ACF639 
 247      543E7A37 
 247      DA2F5D36 
 247      72176F57 
 248 02d5 431EECC4 		.ascii	"C\036\354\304\236Z\240\012\233\371#5\023\027vl\257)"
 248      9E5AA00A 
 248      9BF92335 
 248      1317766C 
 248      AF29
 249 02e7 96E7E4AB 		.ascii	"\226\347\344\253\016\\\261\302O\220\007]|\332\341\024"
 249      0E5CB1C2 
 249      4F90075D 
 249      7CDAE114 
 250 02f7 CC21697D 		.ascii	"\314!i}\2324\023f\242\334\365\340h\2225\027\302S\366"
 250      9A341366 
 250      A2DCF5E0 
 250      68923517 
 250      C253F6
 251 030a 576E3250 		.ascii	"Wn2P\032\334+8\265\003\322\2013]5O&\231 B\315\317/\341"
 251      1ADC2B38 
 251      B503D281 
 251      335D354F 
 251      26992042 
 252 0322 672E0148 		.ascii	"g.\001H\302\351@\011\026\344\031$\301\342\227Sa%\261"
 252      C2E94009 
 252      16E41924 
 252      C1E29753 
 252      6125B1
 253 0335 720B28B4 		.ascii	"r\013(\264B\264\337^\331R(%\377\253f\252F\267\024\324"
 253      42B4DF5E 
 253      D9522825 
 253      FFAB66AA 
 253      46B714D4 
 254 0349 4D94F00B 		.ascii	"M\224\360\013$\323\322\366,W\271\214K\271\264\024Lg"
 254      24D3D2F6 
 254      2C57B98C 
 254      4BB9B414 
 254      4C67
 255 035b 35A064C1 		.ascii	"5\240d\301\374\365P\326\266r\324\2623e+E\205\300\257"
 255      FCF550D6 
 255      B672D4B2 
 255      33652B45 
 255      85C0AF
 256 036e 900C6734 		.ascii	"\220\014g4\311\337\265\037\314\265 \001^\217\301P\215"
 256      C9DFB51F 
 256      CCB52001 
 256      5E8FC150 
 256      8D
 257 037f 513C29D4 		.ascii	"Q<)\324@\262[\012\345jt\276vW\027|)\324\006\367JA\264"
 257      40B25B0A 
ARM GAS  /var/folders/_f/jzb7lsz153bclt069nvlpp5r0000gn/T//ccWqMwDq.s 			page 20


 257      E56A74BE 
 257      7657177C 
 257      29D406F7 
 258 0396 A11C6D43 		.ascii	"\241\034mC!\350B\262\226\364M]&^CU\355\363X\030\324"
 258      21E842B2 
 258      96F44D5D 
 258      265E4355 
 258      EDF35818 
 259 03ab 62160C6B 		.ascii	"b\026\014k\315\270\240\005\206b,\006n~\334y1\230\002"
 259      CDB8A005 
 259      86622C06 
 259      6E7EDC79 
 259      319802
 260 03be 0D660667 		.ascii	"\015f\006gEP_F\213V\3430\214\303\240\253m\251\347\370"
 260      45505F46 
 260      8B56E330 
 260      8CC3A0AB 
 260      6DA9E7F8 
 261 03d2 8D8CD301 		.ascii	"\215\214\323\001\3470\310{x*\350\360\204\011\342\326"
 261      E730C87B 
 261      782AE8F0 
 261      8409E2D6 
 262 03e2 82970528 		.ascii	"\202\227\005(\034O \202\276i\354\350\22193\316\372y"
 262      1C4F2082 
 262      BE69ECE8 
 262      913933CE 
 262      FA79
 263 03f4 3F502981 		.ascii	"?P)\201\302E\242\007\005\353\004h\224\000m)\334\333"
 263      C245A207 
 263      05EB0468 
 263      94006D29 
 263      DCDB
 264 0406 1DC233E1 		.ascii	"\035\3023\341\025~A\310\331\236\341\322\344\214\306"
 264      157E41C8 
 264      D99EE1D2 
 264      E48CC6
 265 0415 38FF6F04 		.ascii	"8\377o\004#^\326\027\375\230\217\023\363h&\006\242\340"
 265      235ED617 
 265      FD988F13 
 265      F3682606 
 265      A2E0
 266 0427 03011A23 		.ascii	"\003\001\032#\\\003\0031\326\177C&\334P\035\015\304"
 266      5C030331 
 266      D67F4326 
 266      DC501D0D 
 266      C4
 267 0438 18423D1E 		.ascii	"\030B=\036\3104\016\343\006hO\020\3558\032\221\223\235"
 267      C8340EE3 
 267      06684F10 
 267      ED381A91 
 267      939D
 268 044a 0FF75844 		.ascii	"\017\367XDD\004\322\354\255\360T\360\342\205\251\217"
 268      4404D2EC 
 268      ADF054F0 
 268      E285A98F 
 269 045a 06CF4818 		.ascii	"\006\317H\030o\252\272\255\376\276B\015WU\347\002\267"
 269      6FAABAAD 
ARM GAS  /var/folders/_f/jzb7lsz153bclt069nvlpp5r0000gn/T//ccWqMwDq.s 			page 21


 269      FEBE420D 
 269      5755E702 
 269      B7
 270 046b 140E97F0 		.ascii	"\024\016\227\360\220\376\246u\374Xn\366N\263vHG\301"
 270      90FEA675 
 270      FC586EF6 
 270      4EB37648 
 270      47C1
 271 047d 657E48B5 		.ascii	"e~H\265s\323x\250v\257\305^\240:R\234K\350\004\377\016"
 271      73D378A8 
 271      76AFC55E 
 271      A03A529C 
 271      4BE804FF 
 272 0492 73A86674 		.ascii	"s\250ft\202\257\200]\324\316\245mh<\212\021\372\322"
 272      82AF805D 
 272      D4CEA56D 
 272      683C8A11 
 272      FAD2
 273 04a4 5A329E44 		.ascii	"Z2\236D\010g$o\036\355*\255'\243\335 \234\023x0\025"
 273      0867246F 
 273      1EED2AAD 
 273      27A3DD20 
 273      9C137830 
 274 04b9 F574CECD 		.ascii	"\365t\316\315\027\3107H\342\370\377\227\350\032B\342"
 274      17C83748 
 274      E2F8FF97 
 274      E81A42E2 
 275 04c9 8B24B1DE 		.ascii	"\213$\261\336'\261\001\354\230L\250|Z\370\232H>\251"
 275      27B101EC 
 275      984CA87C 
 275      5AF89A48 
 275      3EA9
 276 04db 579AE87F 		.ascii	"W\232\350\177\027\031\361.j\30444zi\221Z\214\337\354"
 276      1719F12E 
 276      6AC43434 
 276      7A69915A 
 276      8CDFEC
 277 04ee E959660C 		.ascii	"\351Yf\014\237\367\342'9:\261<\371\271F>\305Hr\256\372"
 277      9FF7E227 
 277      393AB13C 
 277      F9B9463E 
 277      C54872AE 
 278 0503 AE9D2631 		.ascii	"\256\235&1\363=Z\275\242\220H\273\362r@+\302\363\262"
 278      F33D5ABD 
 278      A29048BB 
 278      F272402B 
 278      C2F3B2
 279 0516 36FB58AF 		.ascii	"6\373X\257\321~\243\270T\203Wjv\277$rL\031\006g\213"
 279      D17EA3B8 
 279      5483576A 
 279      76BF2472 
 279      4C190667 
 280 052b 8FF33A57 		.ascii	"\217\363:W\212\347\260]\343\321\356f\254\343\005\315"
 280      8AE7B05D 
 280      E3D1EE66 
 280      ACE305CD 
 281 053b 3315C9D1 		.ascii	"3\025\311\321?\"\365\255\276L7H\375T\256\336\250]+\230"
ARM GAS  /var/folders/_f/jzb7lsz153bclt069nvlpp5r0000gn/T//ccWqMwDq.s 			page 22


 281      3F22F5AD 
 281      BE4C3748 
 281      FD54AEDE 
 281      A85D2B98 
 282 054f A4B5486B 		.ascii	"\244\265Hk\326t\321\254\201\0316\342\014\267\015j\326"
 282      D674D1AC 
 282      811936E2 
 282      0CB70D6A 
 282      D6
 283 0560 74BF6699 		.ascii	"t\277f\231X\325$\321\254\247\336f\305\014C\330M\337"
 283      58D524D1 
 283      ACA7DE66 
 283      C50C43D8 
 283      4DDF
 284 0572 05FD4760 		.ascii	"\005\375G`\263f \321H\233u\313\307\332N\333\235\301"
 284      B36620D1 
 284      489B75CB 
 284      C7DA4EDB 
 284      9DC1
 285 0584 A59A99CB 		.ascii	"\245\232\231\313.\232\345\321J:s\030\234\035>\316?\007"
 285      2E9AE5D1 
 285      4A3A7318 
 285      9C1D3ECE 
 285      3F07
 286 0596 376BD633 		.ascii	"7k\3263\315\232\215\344\350\037\221\372\333\276LwH\375"
 286      CD9A8DE4 
 286      E81F91FA 
 286      DBBE4C77 
 286      48FD
 287 05a8 6CAEDEA2 		.ascii	"l\256\336\2425\013\277\255\253oi\337X\266a\260\336\345"
 287      350BBFAD 
 287      AB6F69DF 
 287      58B661B0 
 287      DEE5
 288 05ba AC32B1DE 		.ascii	"\2542\261\336\013\2544\216\254m\244\225\376\313\307"
 288      0BAC348E 
 288      AC6DA495 
 288      FECBC7
 289 05c9 FA3769B5 		.ascii	"\3727i\265\363\377'\262k4\201s\207Au\237S)D\365\300"
 289      F3FF27B2 
 289      6B348173 
 289      8741759F 
 289      532944F5 
 290 05de 5B606F39 		.ascii	"[`o9c\007\012\334\243\335\323qH\216\376\021\211~\350"
 290      63070ADC 
 290      A3DDD371 
 290      488EFE11 
 290      897EE8
 291 05f1 CBF48844 		.ascii	"\313\364\210D\307\261VHq\026\277\313\277w\031\375\237"
 291      C7B15648 
 291      7116BFCB 
 291      BF7719FD 
 291      9F
 292 0602 05546C9C 		.ascii	"\005Tl\234\227\3716\233}\340\367\215\225\253>^\265h"
 292      97F9369B 
 292      7DE0F78D 
 292      95AB3E5E 
ARM GAS  /var/folders/_f/jzb7lsz153bclt069nvlpp5r0000gn/T//ccWqMwDq.s 			page 23


 292      B568
 293 0614 F1D2D897 		.ascii	"\361\322\330\227lq\2668{b\222}\345\262\004\373\232\304"
 293      6C71B638 
 293      7B62927D 
 293      E5B204FB 
 293      9AC4
 294 0626 B59F25D9 		.ascii	"\265\237%\331\027\277\377N\\\254}\341\3027\355\363\337"
 294      17BFFF4E 
 294      5CAC7DE1 
 294      C237EDF3 
 294      DF
 295 0637 7B7BD1BA 		.ascii	"{{\321\272XZZ\272\006?\011\011\361\266\345L\241(y\315"
 295      585A5ABA 
 295      063F0909 
 295      F1B6E54C 
 295      A12879CD 
 296 064b B2786575 		.ascii	"\262xeub\374'\006|X\275,\351S\335\362\265\253\342?G"
 296      62FC2706 
 296      7C58BD2C 
 296      E953DDF2 
 296      B5ABE23F 
 297 0660 9BB86285 		.ascii	"\233\270b\205~\371Zr\031(\020\235\377\001\211\313vx"
 297      7EF95A72 
 297      1928109D 
 297      FF0189CB 
 297      7678
 298              		.text
 299              		.section	.gnu.lto__pal_lld_disablepadevent.31daec8fbe5485f0,"",%progbits
 300 0000 789CA555 		.ascii	"x\234\245UkLTG\024\276g\356\275\273\013\273<\004\241"
 300      6B4C5447 
 300      14BE67EE 
 300      BDBB0BBB 
 300      3C04A1
 301 0013 48B4D410 		.ascii	"H\264\324\020\265\251Y\266\225\246\351\2376M\332\304"
 301      B5A959B6 
 301      95A6E99F 
 301      364DDAC4 
 302 0023 B4B1B1A9 		.ascii	"\264\261\261\251\375\325\3760Tc5\325H\3004\215\011\361"
 302      FDD5FE30 
 302      546335D5 
 302      48C0348D 
 302      09F1
 303 0035 2EBB8235 		.ascii	".\273\2025*\210\306b\025\255\361-\012\202\202\274\252"
 303      2A88C662 
 303      15ADF12D 
 303      0A8282BC 
 303      AA
 304 0046 2BB58016 		.ascii	"+\265\200\026\261T`\025\021\261],V\260\274\014,\026"
 304      B1546015 
 304      11B15D2C 
 304      56B0BC0C 
 304      2C16
 305 0058 B6E7CC5C 		.ascii	"\266\347\314\\\205\245\253\011-\341\316\316\234{\276"
 305      85A5AB09 
 305      2DE1CECE 
 305      9C7BBE
 306 0067 EF9C39F3 		.ascii	"\357\2349\363\235\271\262\364\357\277E\370\274b\226"
ARM GAS  /var/folders/_f/jzb7lsz153bclt069nvlpp5r0000gn/T//ccWqMwDq.s 			page 24


 306      9DB9B2F4 
 306      EFBF45F8 
 306      BC6296
 307 0076 243BFE82 		.ascii	"$;\376\202Q\002\226\335\200\013\023cr\223M\322\202\015"
 307      510296DD 
 307      800B1363 
 307      72934DD2 
 307      820D
 308 0088 552F4A9A 		.ascii	"U/J\232Ef\212\343e\\\251[\347\342J\001U8\251`\020\023"
 308      45668AE3 
 308      655CA95B 
 308      E7E24A01 
 308      5538A960 
 309 009e 03004D24 		.ascii	"\003\000M$\22060YQ\015\260\001\356\263>\006\331\256"
 309      90363059 
 309      510DB001 
 309      EEB33E06 
 309      D9AE
 310 00b0 FC5CF3BC 		.ascii	"\374\\\363\274\303\232\246\365\026?\212\331\030\343"
 310      C39AA6F5 
 310      163F8AD9 
 310      18E3
 311 00be 659234C0 		.ascii	"e\2224\300D`8\012\363\320\345\366\320\271-!\362\007"
 311      4460380A 
 311      F3D0E5F6 
 311      D0B92D21 
 311      F207
 312 00d0 20E1BCBC 		.ascii	" \341\274\274`\360\252\271\213y\031\274D\313\212\234"
 312      60F0AAB9 
 312      8B7919BC 
 312      44CB8A9C 
 313 00e0 BA5C032D 		.ascii	"\272\\\003-\231B\313\226\302\326\233l\316AMKw\265\026"
 313      9942CB96 
 313      C2D69B6C 
 313      CE414D4B 
 313      77B516
 314 00f3 6BEF285E 		.ascii	"k\357(^&\3031\220\221\017\216C,\234\200X\011M\022\344"
 314      26C33190 
 314      910F8E43 
 314      2C9C8058 
 314      094D12E4 
 315 0107 C31CF46E 		.ascii	"\303\034\364n=\231\263Y\225\027s\336\364\246\273\375"
 315      3D99B359 
 315      951773DE 
 315      F4A6BBFD 
 316 0117 3A724420 		.ascii	":rD \02589\031\251Hp\012\346\220{i^\317\240I^\302\241"
 316      15383919 
 316      A948700A 
 316      E6907B69 
 316      5ECFA049 
 317 012e 7FED3850 		.ascii	"\177\3558P\003\361\007\020\332q2\263\326\242\325i\316"
 317      03F10710 
 317      DA7132B3 
 317      D6A2D569 
 317      CE
 318 013f 0E9F2FCE 		.ascii	"\016\237/\316\313T(\360g\020\177\010\271\374h\177\233"
 318      CB5428F0 
ARM GAS  /var/folders/_f/jzb7lsz153bclt069nvlpp5r0000gn/T//ccWqMwDq.s 			page 25


 318      67107F08 
 318      B9FC687F 
 318      9B
 319 0150 227FC6E1 		.ascii	"\"\177\306\341\233\035=\367\2029\334u\012#;\277\327"
 319      9B1D3DF7 
 319      8239DC75 
 319      0A233BBF 
 319      D7
 320 0161 C67C3E20 		.ascii	"\306|> \364\351g\240\3537\235\275\244\310I\034\375m"
 320      F4E967A0 
 320      EB379DBD 
 320      A4C8491C 
 320      FD6D
 321 0173 5E678949 		.ascii	"^g\211I\240\253\374\321\305\317@\3679G\335f\203\023"
 321      A0ABFCD1 
 321      C5CF40F7 
 321      3947DD66 
 321      8313
 322 0185 0B1E0E85 		.ascii	"\013\036\016\205\020\017E\370\234\201\370\321'u\207"
 322      100F45F8 
 322      9C81F8D1 
 322      277587
 323 0194 B3600049 		.ascii	"\263`\000I2Mz\211Hw\177\315\247\362\027<\354\351\303"
 323      324D7A89 
 323      48777FCD 
 323      A7F2173C 
 323      ECE9C3
 324 01a7 239946B1 		.ascii	"#\231F\261\347\363\265\376{.\011\024\027J!\036a\215"
 324      E7F3B5FE 
 324      7B2E0914 
 324      174A211E 
 324      618D
 325 01b9 F9177241 		.ascii	"\371\027rA^\303)*\367\226\334R\003\356\373\\@\2062\316"
 325      5EC3292A 
 325      F796DC52 
 325      03EEFB5C 
 325      408632CE 
 326 01cd 30F6A043 		.ascii	"0\366\240CS\345T\316\240u\215\325\263\200{/\017\310"
 326      53E554CE 
 326      A0758DD5 
 326      B3807B2F 
 326      0FC8
 327 01df 50C1196A 		.ascii	"P\301\031j\362\262v\253\362zQ=O\303m\213`\250\367g\250"
 327      F2B276AB 
 327      F27A513D 
 327      4FC36D8B 
 327      60A8F767 
 328 01f4 0CC85005 		.ascii	"\014\310P\005\361\205\021.\315\347\033h\036\310\232"
 328      F185112E 
 328      CDE71B68 
 328      1EC89A
 329 0203 7F99CD45 		.ascii	"\177\231\315EE`\211T\211\212\204\012Gu\030Q'\006\223"
 329      45608954 
 329      898A840A 
 329      47751851 
 329      270693
 330 0216 44D50BC2 		.ascii	"D\325\013\302\2511\230\0063\220\344,4\015\241!\224\206"
ARM GAS  /var/folders/_f/jzb7lsz153bclt069nvlpp5r0000gn/T//ccWqMwDq.s 			page 26


 330      A9319806 
 330      3390E42C 
 330      340DA121 
 330      9486
 331 0228 30CE17CE 		.ascii	"0\316\027\316k3\215\014\021|\223\2214\235N,Q4\213\346"
 331      6B338D0C 
 331      117C9391 
 331      349D4E2C 
 331      51348BE6 
 332 023c 79C7D074 		.ascii	"y\307\320t\006\015\244C\343L\032f\321\020G\303l\032"
 332      060DA443 
 332      E34C1A66 
 332      D11047C3 
 332      6C1A
 333 024e 24C983C7 		.ascii	"$\311\203\307G=\326\311\030\375\312\255P]Z\344\336!"
 333      473DD6C9 
 333      18FDCAAD 
 333      505D5AE4 
 333      DE21
 334 0260 D3890E31 		.ascii	"\323\211\0161\005\367{\346\310\351\315\012\265\213I"
 334      05F77BE6 
 334      C8E9CD0A 
 334      B58B49
 335 026f 1B766ABC 		.ascii	"\033vj\274e\356x\2565\232\270\211\253#\253\264a\257"
 335      65EE78AE 
 335      359AB889 
 335      AB23ABB4 
 335      61AF
 336 0281 310FF6D8 		.ascii	"1\017\366\3305\315\205\307\031\004?`\005\316S\005\360"
 336      35CD85C7 
 336      19043F60 
 336      05CE5305 
 336      F0
 337 0292 E5EE5DB5 		.ascii	"\345\356]\265E\2625_sb\211\202\341\002\344A?\357Tp\201"
 337      45B2355F 
 337      73628982 
 337      E102E441 
 337      3FEF5470 
 338 02a7 556A8174 		.ascii	"Uj\201t-\221\213\007+\202\341$\012\337\350\326\243\253"
 338      2D918B07 
 338      2B82E124 
 338      0ADFE8D6 
 338      A3AB
 339 02b9 53E3BEC8 		.ascii	"S\343\276\310\271\201\270\253\375\270\317\020\267\212"
 339      B981B8AB 
 339      FDB8CF10 
 339      B78A
 340 02c7 DCE9ED99 		.ascii	"\334\351\355\231-\225o\010r\343\0203\240\311\321f\020"
 340      2D956F08 
 340      72E31033 
 340      A0C9D166 
 340      10
 341 02d8 6B13F2D5 		.ascii	"k\023\362\325\346u\025\363\255\232A\202\037!\026\275"
 341      E67515F3 
 341      AD9A4182 
 341      1F2116BD 
 342 02e8 90867192 		.ascii	"\220\206q\222B\"1\021b0\343a\345\333\002\024\2049\013"
ARM GAS  /var/folders/_f/jzb7lsz153bclt069nvlpp5r0000gn/T//ccWqMwDq.s 			page 27


 342      42223111 
 342      6230E361 
 342      E5DB0214 
 342      84390B
 343 02fb 6AC770C6 		.ascii	"j\307p\306%=\355`n7I\315\340\274\351\210\325m\310n?"
 343      253DED60 
 343      6E3749CD 
 343      E0BCE988 
 343      D56DC86E 
 344 0310 52B9C548 		.ascii	"R\271\305H\354Xv\270\244\013\244\023\257\226&\233,r"
 344      EC5876B8 
 344      A40BA413 
 344      AF96269B 
 344      2C72
 345 0322 ABCA8649 		.ascii	"\253\312\206I\315\206\307L\347K\307I\007\317\033\015"
 345      CD86C74C 
 345      E74BC749 
 345      07CF1B0D 
 346 0332 D13F11A7 		.ascii	"\321?\021\247e\210\231)r\216A\254C\320\204\360\266\215"
 346      65889929 
 346      728E41AC 
 346      43D084F0 
 346      B68D
 347 0344 5BFA8378 		.ascii	"[\372\203x\030M\033\366\231%\250\301P\350\326\236\321"
 347      184D1BF6 
 347      9925A8C1 
 347      50E8D69E 
 347      D1
 348 0355 A63B86A2 		.ascii	"\246;\206\242/:n\035\351\273\032J\216\206`\011j\205"
 348      2F3A6E1D 
 348      E9BB1A4A 
 348      8E866009 
 348      6A85
 349 0367 D3704637 		.ascii	"\323pF7\010\2470\364C\247\033\035\351W\370\335I\322"
 349      08A730F4 
 349      43A71B1D 
 349      E957F8DD 
 349      49D2
 350 0379 AB4327AA 		.ascii	"\253C'\252\007:P6\350$\210\037V\275)@\341XT\004}\347"
 350      073A5036 
 350      E824881F 
 350      56BD2940 
 350      E1585404 
 351 038f EE1C9439 		.ascii	"\356\034\22493\266\303\345\011\240R\002\205\213@cU\353"
 351      33B6C3E5 
 351      09A05202 
 351      858B4063 
 351      55EB
 352 03a1 05689A00 		.ascii	"\005h\232\000m+84\020\306#\341e{E\244\263+\303\243\247"
 352      6D2B3834 
 352      10C623E1 
 352      657B45A4 
 352      B32BC3A3 
 353 03b6 13817E13 		.ascii	"\023\201~\023\357n#v\321\317\023\230\313\2109\202\364"
 353      EF6E2376 
 353      D1CF1398 
 353      CB883982 
ARM GAS  /var/folders/_f/jzb7lsz153bclt069nvlpp5r0000gn/T//ccWqMwDq.s 			page 28


 353      F4
 354 03c7 5351D47D 		.ascii	"SQ\324}\335(@\221\2108T\356+\347\273\264h\275\223\345"
 354      DD284091 
 354      883854EE 
 354      2BE7BBB4 
 354      68BD93E5 
 355 03db 6BE12AD2 		.ascii	"k\341*\322v6\367(\272\304\254^\026\002\365(\261\253"
 355      7636F728 
 355      BAC4AC5E 
 355      1602F528 
 355      B1AB
 356 03ed BAC4CEE6 		.ascii	"\272\304\316\346n\337\023\254K,\024\032\270\304\230"
 356      6EDF13AC 
 356      4B2C141A 
 356      B8C498
 357 03fc B814DDC7 		.ascii	"\270\024\335\307\353\016\231m\2474\247\335\365\026\351"
 357      EB0E996D 
 357      A734A7DD 
 357      F516E9
 358 040b EF1A5869 		.ascii	"\357\032Xis\244\277_\300&\344\326\255\210L\246\213\344"
 358      73A4BF5F 
 358      C026E4D6 
 358      AD884CA6 
 358      8BE4
 359 041d 1CEDFA11 		.ascii	"\034\355\372\021Darh\025\225x\262\307h\264\373\325\270"
 359      44617268 
 359      159578B2 
 359      C768B4FB 
 359      D5B8
 360 042f 8236152D 		.ascii	"\2026\025-\204\364x\237\372\324+L\227\216\"\225\304"
 360      84F4789F 
 360      FAD42B4C 
 360      978E2295 
 360      C4
 361 0440 C86DC063 		.ascii	"\310m\300cPF\373\256o+`i\217\265M\232\311\313\302\006"
 361      5046FBAE 
 361      6F2B6069 
 361      8FB54D9A 
 361      C9CBC206 
 362 0454 A817A011 		.ascii	"\250\027\240\021\322\350\325\256\254\2462\031_\345\322"
 362      D2E8D5AE 
 362      ACA63219 
 362      5FE5D2
 363 0463 ABF0517D 		.ascii	"\253\360Q}\013O+\021\316\227\307\263v\226\001U\"\233"
 363      0B4F2B11 
 363      CE97C7B3 
 363      76960155 
 363      229B
 364 0475 BCA6C1AF 		.ascii	"\274\246\301\257\220\006\327\365B\354\367\034\3135#"
 364      9006D7F5 
 364      42ECF71C 
 364      CB3523
 365 0484 017E6CC3 		.ascii	"\001~l\303\241\011\275xPh\2064/n\215\262Q\205\220\253"
 365      A109BD78 
 365      50688634 
 365      2F6E8DB2 
 365      518590AB 
ARM GAS  /var/folders/_f/jzb7lsz153bclt069nvlpp5r0000gn/T//ccWqMwDq.s 			page 29


 366 0498 4BFBFEDE 		.ascii	"K\373\376\336\241\347\0323\241\203\341\231\335k7Q\371"
 366      A1E71A33 
 366      A183E199 
 366      DD6B3751 
 366      F9
 367 04a9 5A786D65 		.ascii	"Zxme*\237\033\333\027\3137\222\341a\202g\206\336z\303"
 367      2A9F1BDB 
 367      17CB3792 
 367      E1618267 
 367      86DE7AC3 
 368 04bd 19F5BA05 		.ascii	"\031\365\272\005{3\006\355t\3409<\225)D\2721\036\351"
 368      7B3306ED 
 368      74E0393C 
 368      952944BA 
 368      311EE9
 369 04d0 269D592C 		.ascii	"&\235Y,\277v\266\217\312\202z\346\024\250Z9\225BT\267"
 369      BF76B68F 
 369      CA827AE6 
 369      14A85A39 
 369      954254B7 
 370 04e4 78D28E61 		.ascii	"x\322\216a\375\204g\361\254g\376\247\004\333\306YoS"
 370      FD8467F1 
 370      AC67FEA7 
 370      04DBC659 
 370      6F53
 371 04f6 82B3C4DE 		.ascii	"\202\263\304\336\333/\254\023\334q\374\332\021\233?"
 371      DB2FAC13 
 371      DC71FCDA 
 371      119B3F
 372 0505 1035899C 		.ascii	"\0205\211\234d<\343\3717e\373\370-|\207\370\343\004"
 372      643CE3F9 
 372      3765FBF8 
 372      2D7C87F8 
 372      E304
 373 0517 FFBD27FC 		.ascii	"\377\275'\374\263\361N\373?\374\035\3437\361]\342\237"
 373      B3F14EFB 
 373      3FFC1DE3 
 373      37F15DE2 
 373      9F
 374 0528 CD998A7C 		.ascii	"\315\231\212|\007\325\251s\375\306\271T\342\372\235"
 374      07D5A973 
 374      FDC6B954 
 374      E2FA9D
 375 0537 B84807E9 		.ascii	"\270H\007\351\275\275\265\257\353T~\232\217\034\245"
 375      BDBDB5AF 
 375      EB547E9A 
 375      8F1CA5
 376 0546 A813851D 		.ascii	"\250\023\205\035\311\227\307\354\316\275 \342\241\327"
 376      C997C7EC 
 376      CEBD20E2 
 376      A1D7
 377 0554 74F0A0B0 		.ascii	"t\360\240\260;\365pG}\017\373M6l\374(\270\207>\364Y"
 377      3BF57047 
 377      7D0FFB4D 
 377      366CFC28 
 377      B8873EF4 
 378 0569 10CD71A2 		.ascii	"\020\315q\242\372\326\021\263u\276\227E\303\037`\353"
ARM GAS  /var/folders/_f/jzb7lsz153bclt069nvlpp5r0000gn/T//ccWqMwDq.s 			page 30


 378      FAD611B3 
 378      75BE9745 
 378      C31F60EB 
 379 0579 E776E802 		.ascii	"\347v\350\002\353D\372h4\335\347wUz\362s\023\232\234"
 379      EB44FA68 
 379      34DDE777 
 379      557AF273 
 379      139A9C
 380 058c C19F8133 		.ascii	"\301\237\2013x\340\227\2013\363\3427a\224\301\013\320"
 380      78E09781 
 380      33F3E237 
 380      6194C10B 
 380      D0
 381 059d 4D191829 		.ascii	"M\031\030)\203\036\260\302\274X\336q\006\376\311n\007"
 381      831EB0C2 
 381      BC58DE71 
 381      06FEC96E 
 381      07
 382 05ae BBABE463 		.ascii	"\273\253\344c\361e\240\017:\220\025OwaB\202\355\351"
 382      F165A00F 
 382      3A90154F 
 382      77614282 
 382      EDE9
 383 05c0 FFBB2B57 		.ascii	"\377\273+W}\276j\361\222\245\013^MHLH\264\255M\265\255"
 383      7DBE6AF1 
 383      92A50B5E 
 383      4D484C48 
 383      B4AD4DB5 
 384 05d5 4C5A6D4B 		.ascii	"LZmK^\233\262.\325\266\344\223\017\023\027\330\026-"
 384      5E9BB22E 
 384      D5B6E493 
 384      0F1317D8 
 384      162D
 385 05e7 7ACFB6F0 		.ascii	"z\317\266\360\243\367\027\177\265\200^-M\306g\365\352"
 385      A3F7177F 
 385      B5805E2D 
 385      4DC667F5 
 385      EA
 386 05f8 E509CB24 		.ascii	"\345\011\313$\205\274\344\344\244\345F|\326$\245~\251"
 386      85BCE4E4 
 386      A4E5467C 
 386      D624A57E 
 386      A9
 387 0609 2228E535 		.ascii	"\"(\3455u\005\037\227\245\254Z\3765\216kW\2540,K!W#"
 387      75051F97 
 387      A5AC5AFE 
 387      358E6B57 
 387      AC302C4B 
 388 0620 0D68FC07 		.ascii	"\015h\374\007\210\324\367\356"
 388      88D4F7EE 
 389              		.text
 390              		.section	.gnu.lto_.symbol_nodes.31daec8fbe5485f0,"",%progbits
 391 0000 789C55CA 		.ascii	"x\234U\312\273\015\2000\020\003P\307\027\024f`X\216"
 391      BB0D8030 
 391      100350C7 
 391      17146660 
 391      588E
ARM GAS  /var/folders/_f/jzb7lsz153bclt069nvlpp5r0000gn/T//ccWqMwDq.s 			page 31


 392 0012 091013A0 		.ascii	"\011\020\023\240\260\013J\311\022\204\357\014\024\004"
 392      B00B4AC9 
 392      1284EF0C 
 392      1404
 393 0020 41415CB8 		.ascii	"AA\\\270\360\263\000\250\361\205\221\012t\023\240\212"
 393      F0B300A8 
 393      F185910A 
 393      7413A08A 
 394 0030 DE972866 		.ascii	"\336\227(frH\033\027\252\371\003W*\263\347Ax\252pK\225"
 394      72481B17 
 394      AAF90357 
 394      2AB3E741 
 394      78AA704B 
 395 0045 C149F380 		.ascii	"\301I\363\200\331\251\366\0054M\011\021\2071\204J\012"
 395      D9A9F605 
 395      344D0911 
 395      8731844A 
 395      0A
 396 0056 87D85E16 		.ascii	"\207\330^\0267 \240$5"
 396      3720A024 
 396      35
 397              		.text
 398              		.section	.gnu.lto_.refs.31daec8fbe5485f0,"",%progbits
 399 0000 789C6366 		.ascii	"x\234cf``\220d\200\000&\006FF&FFfFf&\026.fV&6iFF\015"
 399      60609064 
 399      80002606 
 399      46462646 
 399      46664666 
 400 001f 46464D06 		.ascii	"FFM\006\000\010w\000\274"
 400      00087700 
 400      BC
 401              		.text
 402              		.section	.gnu.lto_.decls.31daec8fbe5485f0,"",%progbits
 403 0000 789CAD58 		.ascii	"x\234\255XiPTW\026\356\373nw\323\264\015\246\324\304"
 403      69505457 
 403      16EEFB6E 
 403      77D3B40D 
 403      A6D4C4
 404 0013 A5A626C6 		.ascii	"\245\246&\306L9&\025m\267\214c\325T\305\0041\232H`\032"
 404      4C392615 
 404      6DB78C63 
 404      D554C504 
 404      319A4860 
 405 0028 3399547E 		.ascii	"3\231T~\364 \264J\015\202\2016e\346\327c\021\0217DQ"
 405      F420B44A 
 405      0D828136 
 405      65E6D763 
 405      11113744 
 406 003d 40D1465C 		.ascii	"@\321F\\X\224\315\035P\020\025\233ED\301]\264\301%*"
 406      5894CD1D 
 406      5010159B 
 406      4544C15D 
 406      B4C1252A 
 407 0051 028D4B70 		.ascii	"\002\215KpC\346\334{\337\353\367\272\3556V*]\034\372"
 407      43E6DC7B 
 407      DFEBF7BA 
 407      ED36562A 
ARM GAS  /var/folders/_f/jzb7lsz153bclt069nvlpp5r0000gn/T//ccWqMwDq.s 			page 32


 407      5D1CFA
 408 0064 DDFBBE7B 		.ascii	"\335\373\276{\316w\316=\347\276\363\032+\024\212\231"
 408      CE77CE3D 
 408      E7BEF31A 
 408      2B148A99 
 409 0074 9C42D10F 		.ascii	"\234B\321\017\037\337\341\012\305\004\245B\241\202\271"
 409      1FDFE10A 
 409      C504A542 
 409      A182B9
 410 0083 20109856 		.ascii	" \020\230V\354\007)W\260\017\231\257\004\361A\012\305"
 410      EC072957 
 410      B00F99AF 
 410      04F1410A 
 410      C5
 411 0094 70903F83 		.ascii	"p\220?\203|\010\202a\356\257\360\3751\310\347H\341\364"
 411      7C088261 
 411      EEAFF0FD 
 411      31C8E748 
 411      E1F4
 412 00a6 21786F41 		.ascii	"!xoA\237/\210\216\330\003\371\002p\237\201L\005\231"
 412      9F2F888E 
 412      D803F902 
 412      709F814C 
 412      0599
 413 00b8 001228D8 		.ascii	"\000\022(\330\373\024\256\247\200 a-\371v\325I\354\017"
 413      FB14AEA7 
 413      8020612D 
 413      F976D549 
 413      EC0F
 414 00ca 70D14980 		.ascii	"p\321I\200J\020/\220Z\030~\000\362\025H\037H=\210\032"
 414      4A102F90 
 414      5A187E00 
 414      F215481F 
 414      483D881A 
 415 00de E439C8AF 		.ascii	"\3449\310\257 v\220^\220\247 \217\005\033>.6\310\207"
 415      2076905E 
 415      90A7208F 
 415      051B3E2E 
 415      36C887
 416 00f1 F838C48D 		.ascii	"\3708\304\215\235w@\006\013v\276\022l\021\237\346\300"
 416      9D774006 
 416      0B76BE12 
 416      6C119FE6 
 416      C0
 417 0102 5C3062F6 		.ascii	"\\0b\366\276E,v\373\310}\270\216\004Y\010bD,\216_\303"
 417      BE452C76 
 417      FBC87DB8 
 417      8E045908 
 417      62442C8E 
 418 0118 F7372026 		.ascii	"\3677 &\220\257@\002\020\363\177\270\020S$\304T\376"
 418      90AF4002 
 418      10F37FB8 
 418      105324C4 
 418      54FE
 419 012a 21F11EE6 		.ascii	"!\361\036\346\201\217\234\213\234\007\341%\267Mx\221"
 419      818F9C8B 
 419      9C07E125 
ARM GAS  /var/folders/_f/jzb7lsz153bclt069nvlpp5r0000gn/T//ccWqMwDq.s 			page 33


 419      B74D7891 
 420 013a FD2C1378 		.ascii	"\375,\023x\271\333\007\215\007~\201H\332\037N!\355?"
 420      B9DB078D 
 420      077E8148 
 420      DA1F4E21 
 420      ED3F
 421 014c B976B7F7 		.ascii	"\271v\267\367=\034\262\026d\375\007s\010.\22577\027"
 421      3D1CB216 
 421      64FD0773 
 421      082E9537 
 421      3717
 422 015e 1F188846 		.ascii	"\037\030\210F\217\030\241\335\316\363|\022?\015\025"
 422      8F18A1DD 
 422      CEF37C12 
 422      3F0D15
 423 016d 202DDA85 		.ascii	" -\332\205\260lE:\314?\375\214\334\200K\015\375N\342"
 423      B06C453A 
 423      CC3FFD8C 
 423      DC804B0D 
 423      FD4EE2
 424 0180 F938DE9E 		.ascii	"\3718\336\236\312\343a\012\364\311\010\364\321\010\005"
 424      CAE3610A 
 424      F4C908F4 
 424      D10805
 425 018f CA45A3E9 		.ascii	"\312E\243\351-\005\312G#P\036\032A,\265\257\353Y\256"
 425      2D05CA47 
 425      23501E1A 
 425      412CB5AF 
 425      EB59AE
 426 01a2 D20AE8A4 		.ascii	"\322\012\350\244\337B7\254\330\232\301\335\345\220\257"
 426      DF4237AC 
 426      D89AC1DD 
 426      E590AF
 427 01b1 B68A9043 		.ascii	"\266\212\220C\031\275\0155\003a\254\323\016#\303\303"
 427      19BD0D35 
 427      0361ACD3 
 427      0E23C3C3 
 428 01c1 858F4F0F 		.ascii	"\205\217O\017\240\267G\222aY\2525]M\357*\311\360Z\323"
 428      A0B74792 
 428      6159AA35 
 428      5D4DEF2A 
 428      C9F05AD3 
 429 01d5 F9025F3A 		.ascii	"\371\002_:\034J\206\257n&=\242\226y>%\236\367\266\372"
 429      1C4A86AF 
 429      6E263DA2 
 429      96793E25 
 429      9EF7B6FA 
 430 01e9 C20D5404 		.ascii	"\302\015T\004\266\212\301\226\002\225R\333cF\240\022"
 430      B68AC196 
 430      029552DB 
 430      6346A012 
 431 01f9 66BAA028 		.ascii	"f\272\240(y\217nP\012\205\363\374HD\303\260\007\340"
 431      798F6E50 
 431      0A85F3FC 
 431      4844C3B0 
 431      07E0
 432 020b 8514BE17 		.ascii	"\205\024\276\027\015\022\027\021\364\211\214\272\010"
ARM GAS  /var/folders/_f/jzb7lsz153bclt069nvlpp5r0000gn/T//ccWqMwDq.s 			page 34


 432      0D121711 
 432      F4898CBA 
 432      08
 433 0218 3978F79B 		.ascii	"9x\367\233\300\335\325\211\273\006\350\222I\014\004"
 433      C0DDD589 
 433      BB06E892 
 433      490C04
 434 0227 26FBD020 		.ascii	"&\373\320 \031\225\375\210\245\014|\003\272\350L\366"
 434      1995FD88 
 434      A50C7C03 
 434      BAE84CF6 
 435 0237 8B81D449 		.ascii	"\213\201\324I+\215\301\255\274\265\375\230\2725\234"
 435      2B8DC1AD 
 435      BCB5FD98 
 435      BA359C
 436 0246 0C4B6B72 		.ascii	"\014KkrW\352<\273uHt\253\220\271u\274\366\312J\255\253"
 436      57EA3CBB 
 436      754874AB 
 436      90B975BC 
 436      F6CA4AAD 
 437 025b 5B07007E 		.ascii	"[\007\000~\220\302\017S\246\207D\246\351'2\037+]\375"
 437      90C20F53 
 437      A68744A6 
 437      E927321F 
 437      2B5DFD
 438 026e F2885E7E 		.ascii	"\362\210^~\265,\313\331\2572'\277\312\005\277\312\251"
 438      B52CCBD9 
 438      AF3227BF 
 438      CA05BFCA 
 438      A9
 439 027f 5FE52FDA 		.ascii	"_\345/\332[\224C\323\004\342\357(Q\320{2l\005\032\012"
 439      5B9443D3 
 439      04E2EF28 
 439      51D07B32 
 439      6C051A0A 
 440 0293 FF7F5032 		.ascii	"\377\177P2\315\355\271\027\313\275\260\027\365?'\275"
 440      CDEDB917 
 440      CBBDB017 
 440      F53F27BD 
 441 02a3 AD45FB49 		.ascii	"\255E\373I>M\316\252\273\234\224\3049w\272k\324#\267"
 441      3E4DCEAA 
 441      BB9C94C4 
 441      3977BA6B 
 441      D423B7
 442 02b6 F096627B 		.ascii	"\360\226b{Ej\"\316\340-q\374\253\376~D\225\241#\010"
 442      456A22CE 
 442      E02D71FC 
 442      ABFE7E44 
 442      95A12308 
 443 02ca A3A3E813 		.ascii	"\243\243\350\023J\340\210\220\315\250\022\215\204\205"
 443      4AE08890 
 443      CDA8128D 
 443      8485
 444 02d8 CF973627 		.ascii	"\317\2276'\012Y\306\021E\271\355\215\251>4\302c\310"
 444      0A59C611 
 444      45B9ED8D 
 444      A93E34C2 
ARM GAS  /var/folders/_f/jzb7lsz153bclt069nvlpp5r0000gn/T//ccWqMwDq.s 			page 35


 444      63C8
 445 02ea 7043FEDD 		.ascii	"pC\376\3350\034Fm\307\356,_\351\005w>\320R\21376=\333"
 445      301C466D 
 445      C7EE2C5F 
 445      E905773E 
 445      D0528B37 
 446 0301 EE4D87E4 		.ascii	"\356M\207\344\\\036H\246*\217>\255\321\342\037)ze\222"
 446      5C1E48A6 
 446      2A8F3EAD 
 446      D1E21F29 
 446      7A6592
 447 0314 AD568BFF 		.ascii	"\255V\213\377G\2569\353\035>\307\027\215\246E\325\264"
 447      47AE39EB 
 447      1D3EC717 
 447      8DA645D5 
 447      B4
 448 0325 6A872F8F 		.ascii	"j\207/\217\220\025bY\343`Eu\222O\222\024?\205# \350"
 448      90156259 
 448      E3604575 
 448      924F9214 
 448      3F852320 
 449 033a 1494C707 		.ascii	"\024\224\307\007Z\212E\307a\362\004\335N\356\344\313"
 449      5A8A45C7 
 449      61F204DD 
 449      4EEEE4CB 
 450 034a A3092AA4 		.ascii	"\243\011*\244\035\355~Q\235\233E\204\200\375\364\262"
 450      1DED7E51 
 450      9D9B4584 
 450      80FDF4B2 
 451 035a D4F7785E 		.ascii	"\324\367x^\211j\201\302I\211\202\025i\035\321\354\254"
 451      896A81C2 
 451      49898215 
 451      691DD1EC 
 451      AC
 452 036b DEBE84A4 		.ascii	"\336\276\204\244U\374\333\251%\005v51A\207\313\3501"
 452      55FCDBA9 
 452      25057635 
 452      314187CB 
 452      E831
 453 037d 8256EDCD 		.ascii	"\202V\355\315\314\324\340*6x\232\262c\207\022\237b\203"
 453      CCD4E02A 
 453      36789AB2 
 453      6387129F 
 453      6283
 454 038f ED691B76 		.ascii	"\355i\033v\253ht5dX\236\235\327\255\301g\330\275\312"
 454      AB687435 
 454      64589E9D 
 454      D7ADC167 
 454      D8BDCA
 455 03a2 DAD8D35A 		.ascii	"\332\330\323Z|\236\015\352\333\237>\322Q\340;dx55{\227"
 455      7C9E0DEA 
 455      DB9F3ED2 
 455      51E03B64 
 455      7835357B 
 456 03b7 2FBECCEE 		.ascii	"/\276\314\3565\276Jy\350\205[\235\201\276\014\230y\361"
 456      35BE4A79 
 456      E8855B9D 
ARM GAS  /var/folders/_f/jzb7lsz153bclt069nvlpp5r0000gn/T//ccWqMwDq.s 			page 36


 456      81BE0C98 
 456      79F1
 457 03c9 F6635620 		.ascii	"\366cV t7\323\3526\255Q\341\033\014\232\322\226\332"
 457      7437D3EA 
 457      36AD51E1 
 457      1B0C9AD2 
 457      96DA
 458 03db AC2437E5 		.ascii	"\254$7\345\2739\222\355\346\306\216\247\3734t\330\337"
 458      BB3992ED 
 458      E6C68EA7 
 458      FB3474D8 
 458      DF
 459 03ec 8F4970B7 		.ascii	"\217Ip\267\2656\265y\013{f_u\373\302\237H\310\256A\310"
 459      B536B579 
 459      0B7B665F 
 459      75FBC29F 
 459      48C8AE41 
 460 0401 2E49211B 		.ascii	".I!\033)\3375\010\226*\027\"u\036\202r\201D\352*Dj\244"
 460      29DF3508 
 460      962A1722 
 460      751E8272 
 460      8144EA2A 
 461 0418 10A9CB30 		.ascii	"\020\251\3130y\205\355\332\336\366\256\025ZQ\361\351"
 461      7985EDDA 
 461      DEF6AE15 
 461      5A51F1E9 
 462 0428 53ABE95E 		.ascii	"S\253\351^\\\007\305\027%\305\327\320\0335\267\272\325"
 462      5C07C517 
 462      25C5D7D0 
 462      1B35B7BA 
 462      D5
 463 0439 8C0E76AF 		.ascii	"\214\016v\257iG\370\021\363o\305\372\307\265\034\356"
 463      6947F811 
 463      F36FC5FA 
 463      C7B51CEE 
 464 0449 65E77A72 		.ascii	"e\347zre\305\0204j\360\250\321\026\320g\357[\321=3>"
 464      65C51034 
 464      6AF0A8D1 
 464      16D067EF 
 464      5BD13D33 
 465 045e 9E5F3F8C 		.ascii	"\236_?\214\232\275\001f\333\321`I\373\030R\202\037\303"
 465      9ABD0166 
 465      DBD16049 
 465      FB185282 
 465      1FC3
 466 0470 3FC55A5A 		.ascii	"?\305ZZ\237\026~Z\264BV\235\004\014\246\321-`\321\206"
 466      9F167E5A 
 466      B442569D 
 466      040CA6D1 
 466      2D60D186 
 467 0484 46A19B68 		.ascii	"F\241\233h\024\345Jt[\216\304\253s\307S\2756\267z\317"
 467      14E54A74 
 467      5B8EC4AB 
 467      73C753BD 
 467      36B77ACF 
 468 0498 1315340F 		.ascii	"\023\0254\017m\3459HC\020\012\2614\035\351Ww\277\246"
 468      6DE53948 
ARM GAS  /var/folders/_f/jzb7lsz153bclt069nvlpp5r0000gn/T//ccWqMwDq.s 			page 37


 468      43100AB1 
 468      341DE957 
 468      77BFA6
 469 04ab 538D4F60 		.ascii	"S\215O`\312}\345\223\203Wuh\324\250!\224\274\255,\247"
 469      CA7DE593 
 469      83577568 
 469      D4A82194 
 469      BCAD2CA7 
 470 04bf 51C75BC7 		.ascii	"Q\307[\307\323\354m\001\023w\321\020)9%\352\026b\341"
 470      D3EC6D01 
 470      1377D110 
 470      293925EA 
 470      1662E1
 471 04d2 E84D5555 		.ascii	"\350MUU\034cq\33334U8\205\246\231\345^\0220\361\362"
 471      1C6371DB 
 471      33345538 
 471      85A699E5 
 471      5E1230F1 
 472 04e7 1E787907 		.ascii	"\036xy\007\274\374E\360\222R?\034\357\0055\014\220\327"
 472      BCFC45F0 
 472      92523F1C 
 472      EF05350C 
 472      90D7
 473 04f9 B96F5BD3 		.ascii	"\271o[\323\275b\340\020\320\031\353Q\247\302I!\254Y"
 473      BD62E010 
 473      D019EB51 
 473      A7C24921 
 473      AC59
 474 050b 7769DB2B 		.ascii	"wi\333+-\256\241\376\242c\317\255\025J\\\317\006\374"
 474      2DAEA1FE 
 474      A263CFAD 
 474      154A5CCF 
 474      06FC
 475 051d 2B6B9F0F 		.ascii	"+k\237\017>\313\006\342\023O\307\236xY\255\315\017|"
 475      3ECB06E2 
 475      134FC79E 
 475      7859ADCD 
 475      0F7C
 476 052f F0057A4F 		.ascii	"\360\005zOW`\277R\240\"[,~ Z\011\361\266B!Z\365\020"
 476      5760BF52 
 476      A0225B2C 
 476      7E205A09 
 476      F1B64221 
 477 0546 AD260841 		.ascii	"\255&\010A\017\204\302\021\2023\224T\021\222\266\232"
 477      0F84C211 
 477      82339454 
 477      1192B69A 
 478 0556 A784AB00 		.ascii	"\247\204\253\000p\214\336\353\021\266\372\005\004\341"
 478      708CDEEB 
 478      11B6FA05 
 478      04E1
 479 0564 31707E0E 		.ascii	"1p~\016\362+\210\035\344!\310#\220g O@zA\236:R!!\336"
 479      F22B881D 
 479      E421C823 
 479      9067204F 
 479      407A419E 
 480 057d 5294A316 		.ascii	"R\224\243\026,\237u\265|\016\3116\012\240\207\034\320"
ARM GAS  /var/folders/_f/jzb7lsz153bclt069nvlpp5r0000gn/T//ccWqMwDq.s 			page 38


 480      2C9F75B5 
 480      7C0EC936 
 480      0AA0871C 
 480      D0
 481 058e 66F75046 		.ascii	"f\367PF\222b\013\034\330\006W\354\030g\255V\007\362"
 481      92620B1C 
 481      D80657EC 
 481      1867AD56 
 481      07F2
 482 05a0 812BB2D0 		.ascii	"\201+\262\320U\353\036\007\266\321}\230$\265\265\016"
 482      55EB1E07 
 482      B6D17D98 
 482      24B5B50E 
 483 05b0 68A72BB4 		.ascii	"h\247+\264\313\005Z\347\200v\273\207:\030\304\332*s"
 483      CB055AE7 
 483      8076BB87 
 483      3A18C4DA 
 483      2A73
 484 05c2 4C550918 		.ascii	"LU\011\030\335\207\034\351pO\327\241\327\266[\266\255"
 484      DD871CE9 
 484      704FD7A1 
 484      D7B65BB6 
 484      AD
 485 05d3 A7DD46A1 		.ascii	"\247\335F\241H\252\263\274\0345$k\217\233B\3436\356"
 485      48AAB3BC 
 485      1C35246B 
 485      8F9B42E3 
 485      36EE
 486 05e5 3DD60B67 		.ascii	"=\326\013g\321`\212\253\017\325\240>PT-\235Cd\021\375"
 486      D1608AAB 
 486      0FD5A03E 
 486      50542D9D 
 486      436411FD 
 487 05f9 B84B0FF4 		.ascii	"\270K\017\364\022\262\342\367f\010\344\357\263\272\304"
 487      12B2E2F7 
 487      6608E4EF 
 487      B3BAC4
 488 0608 653EF82A 		.ascii	"e>\370*\313m{\307\371\223*\247\366\241O\346\223\002"
 488      CB6D7BC7 
 488      F9932AA7 
 488      F6A14FE6 
 488      9302
 489 061a F5239D40 		.ascii	"\365#\235@\012h7\345<\231\202t\243=\241Q,7Z\266\200"
 489      0A6837E5 
 489      3C998274 
 489      A33DA151 
 489      2C375AB6 
 490 062f 1EB48D45 		.ascii	"\036\264\215E]\237C9\"\236\323\241W\222\203\375\254"
 490      5D9F4339 
 490      229ED3A1 
 490      579283FD 
 490      AC
 491 0640 2BA17C52 		.ascii	"+\241|R\3175\354\035\200\013\225\364\221]x\350F\267"
 491      CF35EC1D 
 491      800B95F4 
 491      915D78E8 
 491      46B7
ARM GAS  /var/folders/_f/jzb7lsz153bclt069nvlpp5r0000gn/T//ccWqMwDq.s 			page 39


 492 0652 4638A56D 		.ascii	"F8\245m\311\247\264\020\301\004N\213\3428\307\322Z\364"
 492      C9A7B410 
 492      C1044E8B 
 492      E238C7D2 
 492      5AF4
 493 0664 C667763C 		.ascii	"\306gv<\347\3669Y\\]\375..g6\022\263_\346\371\0106,"
 493      E7F63959 
 493      5C5DFD2E 
 493      2E673612 
 493      B35FE6F9 
 494 067b 6BBC105A 		.ascii	"k\274\020Z\006\026\226\276\265\205D\367\026ZZ\236\037"
 494      061696BE 
 494      B58544F7 
 494      165A5A9E 
 494      1F
 495 068c C74A688D 		.ascii	"\307Jh\215\250\272\037h7\274fM\327\021/:G\234H\342\350"
 495      A8BA1F68 
 495      37BC664D 
 495      D7112F3A 
 495      479C48E2 
 496 06a1 645B4BA7 		.ascii	"d[K\247\231\316\221\230,gsI\3357\356#\217}\331\012\216"
 496      99CE9198 
 496      2C677349 
 496      DD37EE23 
 496      8F7DD90A 
 497 06b6 F465C99C 		.ascii	"\364e\311\234\320\230\2359V\2216\020\237P\262\207\362"
 497      D0989D39 
 497      56913610 
 497      9F50B287 
 497      F2
 498 06c7 F5EC7503 		.ascii	"\365\354u\003\205\006\354\241S\003\006\253\320JNj\300"
 498      8506ECA1 
 498      530306AB 
 498      D04A4E6A 
 498      C0
 499 06d8 E09A3560 		.ascii	"\340\2325`\2538\322\200\355\273\260\366\027\214\257"
 499      AB38D280 
 499      EDBBB0F6 
 499      178CAF
 500 06e7 B090B4F5 		.ascii	"\260\220\264\3657\333\260\370pl<\323\375\3178\330\263"
 500      37DBB0F8 
 500      706C3CD3 
 500      FDCF38D8 
 500      B3
 501 06f8 14E0BCFA 		.ascii	"\024\340\274\372\255\303\262\306}X\236$\332.\371\340"
 501      ADC3B2C6 
 501      7D589E24 
 501      DA2EF9E0 
 502 0708 5BCC4C43 		.ascii	"[\314LC\375\225\0001\360y\020\370u`a\355[[Huoa\333\372"
 502      FD950031 
 502      F07910F8 
 502      756061ED 
 502      5B5B4875 
 503 0720 523BA201 		.ascii	"R;\242\001]\347\010|Ye\353Q\025\235#N\254gA\256\266"
 503      5DE7087C 
 503      5965EB51 
 503      159D234E 
ARM GAS  /var/folders/_f/jzb7lsz153bclt069nvlpp5r0000gn/T//ccWqMwDq.s 			page 40


 503      AC6741AE 
 504 0735 161FF375 		.ascii	"\026\037\363uD>\215M&X7ey\356\2107\322\310o\020#\237"
 504      443E8D4D 
 504      26583765 
 504      79EE8837 
 504      D2C86F10 
 505 074b F420B64B 		.ascii	"\364 \266K\215\037\262\310_l\331Y\345%D\376z\262<\362"
 505      8D1FB2C8 
 505      5F6CD959 
 505      E52544FE 
 505      7AB23CF2 
 506 075f B00AA5CB 		.ascii	"\260\012\245\313\"\237.F>\203F~\363\253\265>\016n\214"
 506      229F2E46 
 506      3E83467E 
 506      F3ABB53E 
 506      0E6E8C
 507 0772 6F46FEFE 		.ascii	"oF\376\376e\330A-\223Q+j\333\223\255\365Hm3\245\266"
 507      65D8412D 
 507      93512B6A 
 507      DB93ADF5 
 507      486D33A5 
 508 0787 49A4B63B 		.ascii	"I\244\266;\365\321Z-NVQj\275Y\267\3124\224\232\245`"
 508      F5D15A2D 
 508      4E56516A 
 508      BD59B7CA 
 508      34949AA5 
 509 079c 97DACA57 		.ascii	"\227\332\312W\365\367\177F\026\240,\031\253,\221\325"
 509      F5F77F46 
 509      16A02C19 
 509      AB2C91D5 
 510 07ac 16CA2A3D 		.ascii	"\026\312*=9=I\347t\022\220\367\016\311\336VN'\024l\177"
 510      393D49E7 
 510      741290F7 
 510      0EC9DE56 
 510      4E27146C 
 511 07c1 5FC62316 		.ascii	"_\306#\026p\230\023\034\260\257,\270\357\355\221"
 511      7098131C 
 511      B0AF2CB8 
 511      EFED91
 512 07d0 6B36E56A 		.ascii	"k6\345j\021\271\026\255k{\250\3019\214\353\256\375\267"
 512      11B916AD 
 512      6B7BA8C1 
 512      398CEBAE 
 512      FDB7
 513 07e2 8B1170B5 		.ascii	"\213\021p\265\361\366\326\375\305\276\351\245|u\002"
 513      F1F6D6FD 
 513      C5BEE9A5 
 513      7C7502
 514 07f1 FF12E288 		.ascii	"\377\022\342\210\3102\264M\306x\233\3108\2072\276\235"
 514      C832B44D 
 514      C6789BC8 
 514      388732BE 
 514      9D
 515 0802 9A66C7F8 		.ascii	"\232f\307\370\032Ss\2553c\2257\276\315\006\211E9U\332"
 515      1A5373AD 
 515      33639537 
 515      BECD0689 
ARM GAS  /var/folders/_f/jzb7lsz153bclt069nvlpp5r0000gn/T//ccWqMwDq.s 			page 41


 515      453955DA 
 516 0816 F71FA9B2 		.ascii	"\367\037\251\262\340E\031^\363\310T\311\315\325\231"
 516      E045195E 
 516      F3C854C9 
 516      CDD599
 517 0825 BA0FB3F9 		.ascii	"\272\017\263\371&\213\275bC=\212M\261\304\245\360$,"
 517      268BBD62 
 517      433D8A4D 
 517      B1C4A5F0 
 517      242C
 518 0837 F43D703B 		.ascii	"\364=p;X\201\315\221\275>\356 \266\320N\356}\005\332"
 518      5881CD91 
 518      BD3EEE20 
 518      B6D04EEE 
 518      7D05DA
 519 084a C57D080A 		.ascii	"\305}\010\012\372z\257\274T\342\225jj \357YK)z?SM\014"
 519      FA7AAFBC 
 519      54E2956A 
 519      6A20EF59 
 519      4B297A3F 
 520 0861 943103C5 		.ascii	"\2241\003\305\315\027\217j\250\001\333\365]K\247U%X"
 520      CD178F6A 
 520      A801DBF5 
 520      5D4BA755 
 520      2558
 521 0873 6836D0D7 		.ascii	"h6\320\3271\242\036\242,{\213\313\245\352\363\210\372"
 521      31A21EA2 
 521      2C7B8BCB 
 521      A5EAF388 
 521      FA
 522 0884 7CAABE34 		.ascii	"|\252\2764g\307\001o\332OO#\332\2164\264-W\341}\314"
 522      67C7016F 
 522      DA4F4F23 
 522      DA8E34B4 
 522      2D57E17D 
 523 0899 5AF59943 		.ascii	"Z\365\231C\033X\300\003\305x\367V\236\354Q{\214w!\215"
 523      1B58C003 
 523      C578F756 
 523      9EEC517B 
 523      8C77218D 
 524 08ad F71E31DE 		.ascii	"\367\0361\336\315\217/\256G\270\222)\333\275\356`\225"
 524      CD8F2FAE 
 524      47B89229 
 524      DBBDEE60 
 524      95
 525 08be F30B23A0 		.ascii	"\363\013#\240ek\2139\331\211\277\251i\177\225\217\313"
 525      656B8B39 
 525      D989BFA9 
 525      697F958F 
 525      CB
 526 08cf 912F87A3 		.ascii	"\221/\207\243R\250Ii\005=>\262\312\213\337\315\345!"
 526      52A84969 
 526      053D3EB2 
 526      CA8BDFCD 
 526      E521
 527 08e1 3025305F 		.ascii	"0%0_$Uw1'\235\371\267\367\227\347\351p\034{\271LX\265"
 527      24557731 
ARM GAS  /var/folders/_f/jzb7lsz153bclt069nvlpp5r0000gn/T//ccWqMwDq.s 			page 42


 527      279DF9B7 
 527      F797E7E9 
 527      701C7BB9 
 528 08f8 FE1BBC94 		.ascii	"\376\033\274\224^+\343.\2578\241v\264\314\266\323;\330"
 528      5E2BE32E 
 528      AF38A176 
 528      B4CCB6D3 
 528      3BD8
 529 090a 0397A8DA 		.ascii	"\003\227\250\332\013\252\016pn\333\016G\303\014\217"
 529      0BAA0E70 
 529      6EDB0E47 
 529      C30C8F
 530 0919 C9026E84 		.ascii	"\311\002n\204\320:\0200yF\036\002\216\373\271Q\350 "
 530      D03A1030 
 530      79461E02 
 530      8EFBB951 
 530      E820
 531 092b 2735CCB6 		.ascii	"'5\314\266\313'\231f\210\350>\267\212eO\362\262\035"
 531      CB279966 
 531      88E83EB7 
 531      8A654FF2 
 531      B21D
 532 093d E4490E90 		.ascii	"\344I\016\220\327\237\344\317\2664\3324h\360hw\014P"
 532      D79FE4CF 
 532      B634DA34 
 532      68F06877 
 532      0C50
 533 094f 1918F644 		.ascii	"\031\030\366D\202*\276j\322\240\303\000\330-E\211X\021"
 533      822ABE6A 
 533      D2A0C300 
 533      D82D4589 
 533      5811
 534 0961 A3545FBF 		.ascii	"\243T_\277{\030M\011\236\276\265\245UlN\365\246}(O\343"
 534      7B184D09 
 534      9EBEB5A5 
 534      556C4EF5 
 534      A67D284F 
 535 0976 76C91657 		.ascii	"v\311\026W\307\372R\372\026\334z)n\253\332\363\217\022"
 535      C7FA52FA 
 535      16DC7A29 
 535      6EABDAF3 
 535      8F12
 536 0988 4739E147 		.ascii	"G9\341G\211#\034=67m\336\2209P\372\231\301L\211\224"
 536      89231C3D 
 536      36376DDE 
 536      903950FA 
 536      99C14C89 
 537 099d 03F50A8E 		.ascii	"\003\365\012\216\300+\271A\342\"\372t\353-\270\253\301"
 537      C02BB941 
 537      E222FA74 
 537      EB2DB8AB 
 537      C1
 538 09ae CBD986A5 		.ascii	"\313\331\206\245\266&\244\250 \325mPK\245?\306\222\203"
 538      B626A4A8 
 538      20D56D50 
 538      4BA53FC6 
 538      9283
ARM GAS  /var/folders/_f/jzb7lsz153bclt069nvlpp5r0000gn/T//ccWqMwDq.s 			page 43


 539 09c0 8F95122C 		.ascii	"\217\225\022,BU\314\027\231\252*V\266\350\030M\364\372"
 539      4255CC17 
 539      99AA2A56 
 539      B6E8184D 
 539      F4FA
 540 09d2 FCDE465F 		.ascii	"\374\336F_\247\374#\253$\236\325,M\3107I\224K\325\227"
 540      A7FC23AB 
 540      249ED52C 
 540      4DC83749 
 540      944BD597 
 541 09e6 D4388DD9 		.ascii	"\3248\215\331\3158\2308\024oc\327/.\366Y\274\361N6\250"
 541      CD389838 
 541      146F63D7 
 541      2F2EF659 
 541      BCF14E36 
 542 09fb 8BED3CE0 		.ascii	"\213\355<\340\203\363\331\300\332S\004\275{\021\033"
 542      83F3D9C0 
 542      DA5304BD 
 542      7B111B
 543 0a0a 74263EBD 		.ascii	"t&>\275\351\203\367\261Af\327\236L\016\227\321\201f"
 543      E983F7B1 
 543      4166D79E 
 543      4C0E97D1 
 543      8166
 544 0a1c 57C2BD0A 		.ascii	"W\302\275\012o$4\355\203I{g\357;\362\370\037y\245<i"
 544      6F2434ED 
 544      83497B67 
 544      EF3BF2F8 
 544      1F79A53C 
 545 0a31 07498777 		.ascii	"\007I\207w\002<9\353>\341h\227\271\265H\3542k\\\221"
 545      023C39EB 
 545      3EE16897 
 545      B9B548EC 
 545      326B5C91 
 546 0a45 AEBD6B9E 		.ascii	"\256\275k\236\003ju\205\272\366\344[\034\320\223n\355"
 546      036A7585 
 546      BAF6E45B 
 546      1CD0936E 
 546      ED
 547 0a56 CB9AE75C 		.ascii	"\313\232\347\\\007\364\224{\0022l\276\003[\353\236\201"
 547      07F4947B 
 547      02326CBE 
 547      035BEB9E 
 547      81
 548 0a67 2CDF3715 		.ascii	",\3377\025\221|?\373Z\276\313\273Q\351\244<+dx\023d"
 548      917C3FFB 
 548      5ABECBBB 
 548      51E9A43C 
 548      2B647813 
 549 0a7c 781D64F8 		.ascii	"x\035d\370i\220z\220F\220\006\2203\234\330zrW\316\035"
 549      69907A90 
 549      46900690 
 549      339CD87A 
 549      7257CE1D 
 550 0a90 5CA516FB 		.ascii	"\\\245\026\373\336\202(\015j\206\265\307\245\344?\313"
 550      DE82280D 
 550      6A86B5C7 
ARM GAS  /var/folders/_f/jzb7lsz153bclt069nvlpp5r0000gn/T//ccWqMwDq.s 			page 44


 550      A5E43FCB 
 551 0aa0 B9E97B45 		.ascii	"\271\351{EK\350\034\030x{c\250\351Z\374\005\265S\242"
 551      4BE81C18 
 551      787B63A8 
 551      E95AFC05 
 551      B553A2
 552 0ab3 3573F2D6 		.ascii	"5s\362\326\266EH\264\026\232h\015\266\222\343\234\023"
 552      B64548B4 
 552      169A680D 
 552      B692E39C 
 552      13
 553 0ac4 3ADBE958 		.ascii	":\333\351X</\240\317St\315\351\263\267\020-M\013\375"
 553      3C2FA0CF 
 553      5374CDE9 
 553      B3B7102D 
 553      4D0BFD
 554 0ad7 BD23FB66 		.ascii	"\275#\373f]=+\305\277\220\341\035\373\341l%\216\323"
 554      5D3D2BC5 
 554      BF90E11D 
 554      FBE16C25 
 554      8ED3
 555 0ae9 D0ACBB9E 		.ascii	"\320\254\273\236W\220\212\360Z6\330\372\274;\037\341"
 555      57908AF0 
 555      5A36D8FA 
 555      BC3B1FE1 
 556 0af9 7436100B 		.ascii	"t6\020\013\332W(\350\325\205\333\037\261_Z1\375I,\373"
 556      DA5728E8 
 556      D585DB1F 
 556      B15F5A31 
 556      FD492CFB 
 557 0b0d 5A03F65C 		.ascii	"Z\003\366\\\320\255bA_c\005\235\325\321\224\357T\320"
 557      D0AD6241 
 557      5F63059D 
 557      D5D194EF 
 557      54D0
 558 0b1f E455FD2A 		.ascii	"\344U\375*T!\333\337\353\264\240[\305\202\336x>\327"
 558      5421DBDF 
 558      EBB4A05B 
 558      C582DE78 
 558      3ED7
 559 0b31 EE2547D7 		.ascii	"\356%G\327\277\011\335\\\370\314\256\301\233\031\355"
 559      BF09DD5C 
 559      F8CCAEC1 
 559      9B19ED
 560 0b40 E41525FD 		.ascii	"\344\025%\375^\236y\265\211\274>\242\264b\263v\330\260"
 560      5E9E79B5 
 560      89BC3EA2 
 560      B462B376 
 560      D8B0
 561 0b52 60C822D2 		.ascii	"`\310\"\322\222\016\351vj\250M4\324u\264\353\2257\316"
 561      920EE976 
 561      6AA84D34 
 561      D475B4EB 
 561      9537CE
 562 0b65 61864AAC 		.ascii	"a\206J\254;31\336M\007^=\005\367\372tH*\327X\333\203"
 562      3B3331DE 
 562      4D075E3D 
ARM GAS  /var/folders/_f/jzb7lsz153bclt069nvlpp5r0000gn/T//ccWqMwDq.s 			page 45


 562      05F7FA74 
 562      482AD758 
 563 0b7b 92ED080E 		.ascii	"\222\355\010\016\237j\204n\300\011b\2034\352\200\015"
 563      9F6A846E 
 563      C0096283 
 563      34EA800D 
 564 0b8b 167D78AD 		.ascii	"\026}x\255\006\273J\302\304\312\276%`=\276@\336\227"
 564      06BB4AC2 
 564      C4CABE25 
 564      603DBE40 
 564      DE97
 565 0b9d B0975DB1 		.ascii	"\260\227]\261\316?vX:K\224\004\012~\240\233\002\324"
 565      CE3F7658 
 565      3A4B9404 
 565      0A7EA09B 
 565      02D4
 566 0baf F1007079 		.ascii	"\361\000py\177\264tHj\257\270U++\302\273%a\344\027\252"
 566      7FB47448 
 566      6AAFB855 
 566      2B2BC2BB 
 566      2561E417 
 567 0bc4 8E3756E1 		.ascii	"\2167V\341\005\260t\221\036\262\035Ba\334\207\302\370"
 567      05B07491 
 567      1EB21D42 
 567      61DC87C2 
 567      F8
 568 0bd5 050AE11E 		.ascii	"\005\012\341\036\310m\220\273 w\244\012\\\333c+\324"
 568      C86D90BB 
 568      2077A40A 
 568      5CDB632B 
 568      D4
 569 0be6 8915D85D 		.ascii	"\211\025\330]\242\203:\357\204\225\227\244\032\354p"
 569      A2833AEF 
 569      849597A4 
 569      1AEC70
 570 0bf5 5783A21D 		.ascii	"W\203\242\035\364\000\324\277\235)t\340\271m\257\322"
 570      F400D4BF 
 570      9D2974E0 
 570      B96DAFD2 
 571 0c05 A9A23A9D 		.ascii	"\251\242:\235\352\257K\250(\362\255\014]\020\022\355"
 571      EAAF4BA8 
 571      28F2AD0C 
 571      5D1012ED 
 572 0c15 635C1412 		.ascii	"c\\\024\022a\214\210\0103\206G\206\233\325_~\363\355"
 572      618C8808 
 572      33864786 
 572      9BD55F7E 
 572      F3ED
 573 0c27 483FC597 		.ascii	"H?\305\227\343\306\351\035\177~\013\302\347\206\007"
 573      E3C6E91D 
 573      7F7E0BC2 
 573      E78607
 574 0c36 061B278E 		.ascii	"\006\033'\216\0377i\334$}T\214~AH\204~QT\2649F\037<"
 574      1F3769DC 
 574      247D548C 
 574      7E414884 
 574      7E5154B4 
ARM GAS  /var/folders/_f/jzb7lsz153bclt069nvlpp5r0000gn/T//ccWqMwDq.s 			page 46


 575 0c4e 2760D244 		.ascii	"'`\322D\375\354\331\323\365_\006\315\012\374i\"\271"
 575      FDECD9D3 
 575      F55F06CD 
 575      0AFC6922 
 575      B9
 576 0c5f 252A1C17 		.ascii	"%*\034\027\252\320\305\230\027N\232h\234\277(<\312h"
 576      AAD0C598 
 576      174E9A68 
 576      9CBF283C 
 576      CA68
 577 0c71 D62C0E8F 		.ascii	"\326,\016\2174\303\310\2545\032\305K\243~qL\264>\"*"
 577      34C3C8AC 
 577      351AC54B 
 577      A37E714C 
 577      B43E222A 
 578 0c85 1434FA99 		.ascii	"\0244\372\231\"\"B\242\365\363CC\307\206D/\034\033\031"
 578      222242A2 
 578      F5F34343 
 578      C786442F 
 578      1C1B19
 579 0c98 15691A6B 		.ascii	"\025i\032k\012\231\033>v\362T\375\304\361\023>\035?"
 579      0A991B3E 
 579      76F254FD 
 579      C4F1133E 
 579      1D3F
 580 0caa 75E2A77A 		.ascii	"u\342\247z\247;\372\360\310\320\210\305a&\375\302\220"
 580      A73BFAF0 
 580      C8D088C5 
 580      6126FDC2 
 580      90
 581 0cbb D005E191 		.ascii	"\320\005\341\221&\2751\3144/dq\204\331h\376y\221)f\334"
 581      26BD31CC 
 581      342F6471 
 581      84D968FE 
 581      79912966 
 582 0cd0 02C59C3F 		.ascii	"\002\305\234?F\177\314\3171zc\2149\014X\203RU@\340t"
 582      467FCCCF 
 582      317A638C 
 582      390C5883 
 582      525540E0 
 583 0ce5 7F833A70 		.ascii	"\177\203:p\316\367A\376\006\257\300\340 \177\377\351"
 583      CEF741FE 
 583      06AFC0E0 
 583      207FFFE9 
 584 0cf5 0655D0B7 		.ascii	"\006U\320\267A\323\015x\026H\340t\003\372\216z;\341"
 584      41D30D78 
 584      1648E074 
 584      03FA8E7A 
 584      3BE1
 585 0d07 6F0E6FC9 		.ascii	"o\016o\311%\2161\231U\241\021\246\220\350\031\277;\300"
 585      258E3199 
 585      55A111A6 
 585      90E819BF 
 585      3BC0
 586 0d19 52448109 		.ascii	"RD\201\011\232\251\374\"\330`P\315\016\364\373\332\240"
 586      9AA9FC22 
 586      D86050CD 
ARM GAS  /var/folders/_f/jzb7lsz153bclt069nvlpp5r0000gn/T//ccWqMwDq.s 			page 47


 586      0EF4FBDA 
 586      A0
 587 0d2a FC7C8661 		.ascii	"\374|\206a6\3717S\033\036EV\207\207\031\315\177\314"
 587      36F93753 
 587      1B1E4556 
 587      878719CD 
 587      7FCC
 588 0d3c 4E2E50E8 		.ascii	"N.P\350\230\312\205!1\377\205\235\014\217Z\030\025f"
 588      98CA8521 
 588      31FF859D 
 588      0C8F5A18 
 588      1566
 589 0d4e 329ADF75 		.ascii	"2\232\337u$\017x6?:j\361\"2\357\015\330\2200b\335'<"
 589      240F7836 
 589      3F3A6AF1 
 589      2232EF0D 
 589      D8903062 
 590 0d65 CAF49329 		.ascii	"\312\364\223)\322\314\320C\035hSd\310\334\010\023\200"
 590      D2CCD043 
 590      1D685364 
 590      C8DC0813 
 590      80
 591 0d76 E8DD618E 		.ascii	"\350\335a\216\371\260\360\030\371\015\357\320\005\301"
 591      F9B0F018 
 591      F90DEFD0 
 591      05C1
 592 0d84 3FC7CC0C 		.ascii	"?\307\314\014\2110\217{\263\033\321f\307V\205.\000\266"
 592      89308F7B 
 592      B31BD166 
 592      C756852E 
 592      00B6
 593 0d96 1AA371DE 		.ascii	"\032\243q\336\342\310P\243\321G\274\030\367\367\311"
 593      E2C850A3 
 593      D147BC18 
 593      F7F7C9
 594 0da5 93A60CF3 		.ascii	"\223\246\014\363@@!\207M\236:\334\023\037\205\026n\320"
 594      40402187 
 594      4D9E3ADC 
 594      131F8516 
 594      6ED0
 595 0db7 2B700D2E 		.ascii	"+p\015.!\253\"\346\206\204BD&\377v\230E\202B\\\201%"
 595      21AB22E6 
 595      86844244 
 595      26FF7698 
 595      4582425C 
 596 0dcd 173A1787 		.ascii	"\027:\027\207D\317\037@\315Q\2651:\377\177\317\231e"
 596      44CF1F40 
 596      CD51B531 
 596      3AFF7FCF 
 596      9965
 597 0ddf 9C03D93B 		.ascii	"\234\003\331;\3354\017\317\0120`\377\000\203\3220'\330"
 597      DD340FCF 
 597      0A3060FF 
 597      0083D230 
 597      27D8
 598 0df1 A09C01FF 		.ascii	"\240\234\001\377T\301\337\315\3627pA\206\351o\266\027"
 598      54C1DFCD 
ARM GAS  /var/folders/_f/jzb7lsz153bclt069nvlpp5r0000gn/T//ccWqMwDq.s 			page 48


 598      F2377041 
 598      86E96FB6 
 598      17
 599 0e02 1AB57061 		.ascii	"\032\265paT\244\336\264\304\014\373\312\266v\306\344"
 599      54A4DEB4 
 599      C40CFBCA 
 599      B676C6E4 
 600 0e12 254B58F2 		.ascii	"%KX\362\314\233<~\312\222%`\3377\370\373`\277\031_\212"
 600      CC9B3C7E 
 600      CA922560 
 600      DF37F8FB 
 600      60BF195F 
 601 0e27 E6D40160 		.ascii	"\346\324\001`+ \010\007\005\370\251\011\015?\203\306"
 601      2B200807 
 601      05F8A909 
 601      0D3F83C6 
 602 0e37 E01FEC6F 		.ascii	"\340\037\354o\370\227\377t\225_@\220\237\341\377`!\243"
 602      F897FF74 
 602      955F4090 
 602      9FE1FF60 
 602      21A3
 603 0e49 E3       		.ascii	"\343"
 604              		.text
 605              		.section	.gnu.lto_.symtab.31daec8fbe5485f0,"",%progbits
 606 0000 5F70616C 		.ascii	"_pal_lld_init\000\000\000\000\000\000\000\000\000\000"
 606      5F6C6C64 
 606      5F696E69 
 606      74000000 
 606      00000000 
 607 0017 0000BF00 		.ascii	"\000\000\277\000\000\000_pal_events\000\000\000\000"
 607      00005F70 
 607      616C5F65 
 607      76656E74 
 607      73000000 
 608 002c 00000000 		.ascii	"\000\000\000\000\000\000\000\000A\001\000\000_pal_l"
 608      00000000 
 608      41010000 
 608      5F70616C 
 608      5F6C
 609 003e 6C645F73 		.ascii	"ld_setgroupmode\000\000\000\000\000\000\000\000\000"
 609      65746772 
 609      6F75706D 
 609      6F646500 
 609      00000000 
 610 0056 0000000D 		.ascii	"\000\000\000\015\001\000\000_pal_lld_enablepadevent"
 610      0100005F 
 610      70616C5F 
 610      6C6C645F 
 610      656E6162 
 611 0074 00000000 		.ascii	"\000\000\000\000\000\000\000\000\000\000\000\000\031"
 611      00000000 
 611      00000000 
 611      19
 612 0081 0100005F 		.ascii	"\001\000\000_pal_lld_disablepadevent\000\000\000\000"
 612      70616C5F 
 612      6C6C645F 
 612      64697361 
ARM GAS  /var/folders/_f/jzb7lsz153bclt069nvlpp5r0000gn/T//ccWqMwDq.s 			page 49


 612      626C6570 
 613 00a0 00000000 		.ascii	"\000\000\000\000\000\000\000\000\036\001\000\000chS"
 613      00000000 
 613      1E010000 
 613      636853
 614 00af 79734861 		.ascii	"ysHalt\000\000\002\000\000\000\000\000\000\000\000\000"
 614      6C740000 
 614      02000000 
 614      00000000 
 614      0000
 615 00c1 23010000 		.ascii	"#\001\000\000"
 616              		.text
 617              		.section	.gnu.lto_.opts,"",%progbits
 618 0000 272D6666 		.ascii	"'-ffp-contract=off' '-fno-trapv' '-mcpu=cortex-m4' "
 618      702D636F 
 618      6E747261 
 618      63743D6F 
 618      66662720 
 619 0033 272D6D74 		.ascii	"'-mthumb' '-mfloat-abi=hard' '-mfpu=fpv4-sp-d16' '-"
 619      68756D62 
 619      2720272D 
 619      6D666C6F 
 619      61742D61 
 620 0066 67676462 		.ascii	"ggdb' '-O2' '-fomit-frame-pointer' '-falign-functio"
 620      2720272D 
 620      4F322720 
 620      272D666F 
 620      6D69742D 
 621 0099 6E733D31 		.ascii	"ns=16' '-ffunction-sections' '-fdata-sections' '-fn"
 621      36272027 
 621      2D666675 
 621      6E637469 
 621      6F6E2D73 
 622 00cc 6F2D636F 		.ascii	"o-common' '-flto' '-fsingle-precision-constant'\000"
 622      6D6D6F6E 
 622      2720272D 
 622      666C746F 
 622      2720272D 
 623              		.text
 624              		.comm	__gnu_lto_v1,1,1
 625              		.comm	__gnu_lto_slim,1,1
 626              		.ident	"GCC: (GNU Tools for ARM Embedded Processors) 4.9.3 20150529 (release) [ARM/embedded-4_9-br
ARM GAS  /var/folders/_f/jzb7lsz153bclt069nvlpp5r0000gn/T//ccWqMwDq.s 			page 50


DEFINED SYMBOLS
                            *ABS*:0000000000000000 hal_pal_lld.c
                            *COM*:0000000000000001 __gnu_lto_v1
                            *COM*:0000000000000001 __gnu_lto_slim

NO UNDEFINED SYMBOLS
