ARM GAS  /var/folders/_f/jzb7lsz153bclt069nvlpp5r0000gn/T//ccYy44la.s 			page 1


   1              		.syntax unified
   2              		.cpu cortex-m4
   3              		.eabi_attribute 27, 1
   4              		.eabi_attribute 28, 1
   5              		.fpu fpv4-sp-d16
   6              		.eabi_attribute 20, 1
   7              		.eabi_attribute 21, 1
   8              		.eabi_attribute 23, 3
   9              		.eabi_attribute 24, 1
  10              		.eabi_attribute 25, 1
  11              		.eabi_attribute 26, 1
  12              		.eabi_attribute 30, 2
  13              		.eabi_attribute 34, 1
  14              		.eabi_attribute 18, 4
  15              		.thumb
  16              		.file	"ll_driver.c"
  17              		.text
  18              	.Ltext0:
  19              		.section	.gnu.lto_.profile.d73085240cd0011c,"",%progbits
  20 0000 789C6366 		.ascii	"x\234cf```a\200\000F\2060E\000\001A\000\200"
  20      60606061 
  20      80004686 
  20      30450001 
  20      410080
  21              		.text
  22              		.section	.gnu.lto_.jmpfuncs.d73085240cd0011c,"",%progbits
  23 0000 789C6366 		.ascii	"x\234cf\300\016b\2414+\02032322\262\3273223\2273020"
  23      C00E62A1 
  23      342B1033 
  23      32333232 
  23      B2D73332 
  24 001b 97338208 		.ascii	"\2273\202\010&\240\314\001\006.&\234\222\017\030\270"
  24      26A0CC01 
  24      062E269C 
  24      920F18B8 
  25 002b 4072F58C 		.ascii	"@r\365\214`\011\206\005\214\\,H\334\003\214\\\014\000"
  25      60098605 
  25      8C5C2C48 
  25      DC038C5C 
  25      0C00
  26 003d A56C099E 		.ascii	"\245l\011\236"
  27              		.text
  28              		.section	.gnu.lto_.inline.d73085240cd0011c,"",%progbits
  29 0000 789C6366 		.ascii	"x\234cf\300\016\016AiV\006\006f&F\006& \223m\201<\210"
  29      C00E0E41 
  29      69560606 
  29      66264606 
  29      2620936D 
  30 0017 626064E0 		.ascii	"b`d\340\026cd\004R\314\016,0a\306\027\354,\020\022\244"
  30      16636404 
  30      52CC0E2C 
  30      3061C617 
  30      EC2C1012 
  31 002c 825D18A8 		.ascii	"\202]\030\250k\202\037\0102\301\025'\020V\314\314\300"
  31      6B821F08 
  31      32C11527 
  31      1056CCCC 
ARM GAS  /var/folders/_f/jzb7lsz153bclt069nvlpp5r0000gn/T//ccYy44la.s 			page 2


  31      C0
  32 003d 290251BC 		.ascii	")\002Q\274\200\021\207jVA\240\003&\370\261\300U\036"
  32      8011876A 
  32      5641A003 
  32      26F8B1C0 
  32      551E
  33 004f 20A09201 		.ascii	" \240\222\001\000Br\026f"
  33      00427216 
  33      66
  34              		.text
  35              		.section	.gnu.lto_.pureconst.d73085240cd0011c,"",%progbits
  36 0000 789C6366 		.ascii	"x\234cf``\340f\200\000V\006\006FI&IfI\026I\000\003\034"
  36      6060E066 
  36      80005606 
  36      06464926 
  36      49664916 
  37 0018 0082     		.ascii	"\000\202"
  38              		.text
  39              		.section	.gnu.lto_ll_driver_init.d73085240cd0011c,"",%progbits
  40 0000 789C6366 		.ascii	"x\234cf\300\004R@\334\013\304j@\314\310\314\300\310"
  40      C0045240 
  40      DC0BC46A 
  40      40CCC8CC 
  40      C0C8
  41 0012 34E11C03 		.ascii	"4\341\034\003C#\007\023##\210\301\300\310P\317\304X"
  41      43230713 
  41      232388C1 
  41      C0C850CF 
  41      C458
  42 0024 CFF892E9 		.ascii	"\317\370\222\351#\023\343\231\235\377.3\252/mhh\372"
  42      2313E399 
  42      9DFF2E33 
  42      AA2F6D68 
  42      68FA
  43 0036 70E8F8DD 		.ascii	"p\350\370\335\200\003\214?\231\030\030>310\352H1j\202"
  43      80038C3F 
  43      9918183E 
  43      333130EA 
  43      48316A82 
  44 004a CC615CCE 		.ascii	"\314a\\\316\250\316\000T\370\261\345\357un\266\226\206"
  44      A8CE0054 
  44      F8B1E5EF 
  44      756EB696 
  44      86
  45 005b 86060190 		.ascii	"\206\006\001\220<Pb\005#\033#\220^/t\240\341\377\377"
  45      3C506205 
  45      231B2390 
  45      5E2F74A0 
  45      E1FFFF
  46 006e C773DFA8 		.ascii	"\307s\337\250\003E\237\0001\310\216\247LL \232\371\036"
  46      03459F00 
  46      31C88EA7 
  46      4C4C209A 
  46      F91E
  47 0080 63E381DF 		.ascii	"c\343\201\337< \245@#.\316Z\326\314\377\202\011h\003"
  47      3C20A540 
  47      232ECE5A 
ARM GAS  /var/folders/_f/jzb7lsz153bclt069nvlpp5r0000gn/T//ccYy44la.s 			page 3


  47      D6CCFF82 
  47      096803
  48 0093 2303E34A 		.ascii	"#\003\343JF\220\351O\230\030A\352\200\272T\364\364\364"
  48      4690E94F 
  48      981841EA 
  48      80BA54F4 
  48      F4F4
  49 00a5 21282931 		.ascii	"!()19;5/E\277\270(Y?'\007\210\342S\2122\313R\213\364"
  49      393B352F 
  49      45BFB828 
  49      593F2707 
  49      88E2538A 
  50 00be 921900C3 		.ascii	"\222\031\000\303\001?r"
  50      013F72
  51              		.text
  52              		.section	.gnu.lto_ll_read.d73085240cd0011c,"",%progbits
  53 0000 789C6590 		.ascii	"x\234e\220\317KTQ\024\307\317\367\3347\3634\177\024"
  53      CF4B5451 
  53      14C7CFF7 
  53      DC37F334 
  53      7F14
  54 0012 2D05A145 		.ascii	"-\005\241E\303,\304\031\267\355Z\366_\31043\013I\014"
  54      C32CC419 
  54      B7ED5AF6 
  54      5FC83433 
  54      0B490C
  55 0025 4671E1C6 		.ascii	"Fq\341\306\327c\024W\022\226 \250\204\250d\3713\305"
  55      D7631457 
  55      129620A8 
  55      84A864F9 
  55      33C5
  56 0037 2041D28D 		.ascii	" A\322\215&\342\257F\034\024\177,R\260\205\320\2249"
  56      26E2AF46 
  56      1C147F2C 
  56      52B085D0 
  56      9439
  57 0049 3E30EC9C 		.ascii	">0\354\234y-\304.\367\276{\277\367\235\317\371\236{"
  57      792DC42E 
  57      F7BE7BBF 
  57      F79DCFF9 
  57      9E7B
  58 005b 0CFD3F2A 		.ascii	"\014\375?*de@\364Hv\030\002\277\\'zQ\304\200\036\010"
  58      646540F4 
  58      48761802 
  58      BF5C277A 
  58      51C4801E 
  59 0070 D4CA68C5 		.ascii	"\324\312h\305w\3161>M\234\257\225\234\262\307\364\200"
  59      77CE313E 
  59      4D9CAF95 
  59      9CB2C7F4 
  59      80
  60 0081 44CE757D 		.ascii	"D\316u}\351\011\252\204\2452\273\323\223-\016\017;\216"
  60      E909AA84 
  60      A532BBD3 
  60      932D0E0F 
  60      3B8E
  61 0093 FBC35D59 		.ascii	"\373\303]Y*m{\3421\323/&\274E\005F\240>x\207\260D\316"
ARM GAS  /var/folders/_f/jzb7lsz153bclt069nvlpp5r0000gn/T//ccYy44la.s 			page 4


  61      2A6D7BE2 
  61      31D32F26 
  61      BC450546 
  61      A03E7887 
  62 00aa 9F66AECA 		.ascii	"\237f\256\312M\030J\375^\375:P\036\032\024j\341\363"
  62      4D184AFD 
  62      5EFD3A50 
  62      1E1A146A 
  62      E1F3
  63 00bc B4F3D8F2 		.ascii	"\264\363\330\362\330\340=\314MN\256\010\243\010I\364"
  63      D8E03DCC 
  63      4D4EAE08 
  63      A30849F4 
  64 00cc 40B673C4 		.ascii	"@\266s\3046U\005\362u\346\302\275\343\223\007>ia\354"
  64      365505F2 
  64      75E6C2BD 
  64      E393073E 
  64      6961EC
  65 00df 366911C6 		.ascii	"6i\021\306}r\333\355\260MM\201\334No>\367\301+\037d"
  65      7D72DBED 
  65      B04D4D81 
  65      DC4E6F3E 
  65      F7C12B1F 
  66 00f4 4CDC0645 		.ascii	"L\334\006EL\"\244\321\271\364\237lI0\3558\316=}\216"
  66      4C22A4D1 
  66      B9F49F6C 
  66      4930ED38 
  66      CE3D7D8E 
  67 0108 BC620A41 		.ascii	"\274b\012Ai\030M\336_p\256\257\277-/v\007\264]R\241"
  67      69184DDE 
  67      5F70AEAF 
  67      BF2D2F76 
  67      07B45D52 
  68 011d 11306041 		.ascii	"\0210`A-\003P\336.d\242cY\332\315\023\021\262\233=\270"
  68      2D0350DE 
  68      2E64A263 
  68      59DACD13 
  68      11B29B3D 
  69 0132 1F734395 		.ascii	"\037sC\225\232(\317F<\216\2167\266\212\264\225\206\324"
  69      9A28CF46 
  69      3C8E8E37 
  69      B68AB495 
  69      86D4
  70 0144 72F6F2CD 		.ascii	"r\366\362\315YY?z\341\261\0040>h\367\344\276\357\374"
  70      59593F7A 
  70      E1B10430 
  70      3E68F7E4 
  70      BEEFFC
  71 0157 D5EEDDEA 		.ascii	"\325\356\335\352*1\3014\372\361S\253!\314\240\232\366"
  71      2A31C134 
  71      FAF153AB 
  71      21CCA09A 
  71      F6
  72 0168 D1EED87E 		.ascii	"\321\356\330~>[R\222Py\266\362\034\360\330\246C\340"
  72      3E5B5292 
  72      5079B6F2 
  72      1CF0D8A6 
ARM GAS  /var/folders/_f/jzb7lsz153bclt069nvlpp5r0000gn/T//ccYy44la.s 			page 5


  72      43E0
  73 017a DF2FD25A 		.ascii	"\337/\322Z\2405\010\3720\022\211\372\363i,\376,\331"
  73      A03508FA 
  73      301289FA 
  73      F3692CFE 
  73      2CD9
  74 018c 908836A6 		.ascii	"\220\2106\246\342\321\372z\231\265\211T]s2\025\211\223"
  74      E2D1FA7A 
  74      99B58954 
  74      5D733215 
  74      8993
  75 019e 49A49AAD 		.ascii	"I\244\232\255D\254)V\254\237\332\306\272\226\344_\305"
  75      44AC2956 
  75      AC9FDAC6 
  75      BA96E45F 
  75      C5
  76 01af 1BAEE8   		.ascii	"\033\256\350"
  77              		.text
  78              		.section	.gnu.lto_ll_write.d73085240cd0011c,"",%progbits
  79 0000 789C6590 		.ascii	"x\234e\220\317K[A\020\307\347;\373\222\247\265\332\322"
  79      CF4B5B41 
  79      10C7E73B 
  79      FB92A7B5 
  79      DAD2
  80 0012 A350F060 		.ascii	"\243P\360`\310AL\274z\363\330\377Bb\222\203TZ\210\305"
  80      C8414CBC 
  80      7AF3D8FF 
  80      42629283 
  80      545A88C5 
  81 0026 83179F21 		.ascii	"\203\027\237!JO\"\326\203\240\241\210\370\243\332&\255"
  81      4A4F22D6 
  81      83A0A188 
  81      F8A3DA26 
  81      AD
  82 0037 A5851604 		.ascii	"\245\205\026\004\365 \226\266\376\212\030\024\321\213"
  82      F52096B6 
  82      FE8A1814 
  82      D18B
  83 0045 057B108C 		.ascii	"\005{\020\214U\343\003Eg\362z\020]v\337\356w\337|\346"
  83      55E30345 
  83      67F27A10 
  83      5D76DFEE 
  83      77DF7CE6 
  84 0059 3B3B86EE 		.ascii	";;\206\356\217jY9\0205\312\016C\340\376\025\242\356"
  84      8F6A5939 
  84      1035CA0E 
  84      43E0FE15 
  84      A2EE
  85 006b 3206F440 		.ascii	"2\006\364@\240.F\027\376r\201\361-s\372\273\342\220"
  85      A02E4617 
  85      FE7281F1 
  85      2D73FABB 
  85      E290
  86 007d 5DA61A12 		.ascii	"]\246\032\022\371}`y\310\257\022\226\312\374\326P\276"
  86      F97D6079 
  86      C8AF1296 
  86      CAFCD650 
ARM GAS  /var/folders/_f/jzb7lsz153bclt069nvlpp5r0000gn/T//ccYy44la.s 			page 6


  86      BE
  87 008e 3C38EE38 		.ascii	"<8\3568\311\343\305\037K\017{\236\271\314\364\217\011"
  87      C9E3C51F 
  87      4B0F7B9E 
  87      B9CCF48F 
  87      09
  88 009f 93A8C614 		.ascii	"\223\250\306\024\324\007\357\020\224\310\271\303\334"
  88      D407EF10 
  88      94C8B9C3 
  88      DC
  89 00ac 65950942 		.ascii	"e\225\011B\251\263\237\033\243U\2011\241\346\227g\235"
  89      A9B39F1B 
  89      A3558131 
  89      A1E69767 
  89      9D
  90 00bd 26CB6583 		.ascii	"&\313e\203i\230\333\234\\\021f\020\220\350\321|\337"
  90      6998DB9C 
  90      5C116610 
  90      90E8D17C 
  90      DF
  91 00ce 946DEA4A 		.ascii	"\224m\352J\344`\356<\371\300#\367<\322\302\373\273\244"
  91      E460EE3C 
  91      F9C023F7 
  91      3CD2C2FB 
  91      BBA4
  92 00e0 45F8E091 		.ascii	"E\370\340\221\233\311\327\266i(\221\233\251\265\227"
  92      9BC9D7B6 
  92      6928919B 
  92      A9B597
  93 00ef 1E78E581 		.ascii	"\036x\345\201\214\314]PD\026\001\215.\244\256\362\025"
  93      8CCC5D50 
  93      4416018D 
  93      2EA4AEF2 
  93      15
  94 0100 FE94E338 		.ascii	"\376\224\3438\217\3659\362\212\217\360K\303(\373d\336"
  94      8FF539F2 
  94      8A8FF04B 
  94      C328FB64 
  94      DE
  95 0111 B9BE1EFB 		.ascii	"\271\276\036\373\265\220\366i\273\244B#\240\317\202"
  95      B590F669 
  95      BBA44223 
  95      A0CF82
  96 0120 5AFAA0BC 		.ascii	"Z\372\240\274]\312D\007\262\264\233\177D\310nv\220\374"
  96      5DCA4407 
  96      B2B49B7F 
  96      44C86E76 
  96      90FC
  97 0132 5A9878AA 		.ascii	"Z\230x\252\211\212l\304c\377`u\275L[iH-\277\\\274=\252"
  97      898A6CC4 
  97      63FF6075 
  97      BD4C5B69 
  97      482DBF5C 
  98 0149 4C63182E 		.ascii	"Lc\030.K\000\343\223vO\356GN\337l?\252\257\023\023\314"
  98      4B00E393 
  98      764FEE47 
  98      4EDF6C3F 
ARM GAS  /var/folders/_f/jzb7lsz153bclt069nvlpp5r0000gn/T//ccYy44la.s 			page 7


  98      AAAF1313 
  99 015e 228D13AD 		.ascii	"\"\215\023\255\206\360\031\365\264\213^\307\366\362"
  99      86F019F5 
  99      B48B5EC7 
  99      F6F2
 100 016c D9929284 		.ascii	"\331\222\222\204*\262Ud\237\3136\355\001\377\177\221"
 100      2AB25564 
 100      9FCB36ED 
 100      01FF7F91 
 101 017c D602AD41 		.ascii	"\326\002\255A\320\332P(\354\315\226H\364y\374E,\334"
 101      D0DA5028 
 101      ECCD9648 
 101      F479FC45 
 101      2CDC
 102 018e 9E8886DB 		.ascii	"\236\210\206\333\332d6\307\022\255\035\361D(J&\226\350"
 102      DA6436C7 
 102      12AD1DF1 
 102      44284A26 
 102      96E8
 103 01a0 B0629157 		.ascii	"\260b\221W\221r\3754\267\267v\306o\000\037T\257\002"
 103      9172FD34 
 103      B7B776C6 
 103      6F001F54 
 103      AF02
 104              		.text
 105              		.section	.gnu.lto_ll_data_readable.d73085240cd0011c,"",%progbits
 106 0000 789C654F 		.ascii	"x\234eOMKBQ\020\2353W_\206e\321R\010Z$B\242\376\205"
 106      4D4B4251 
 106      109D3357 
 106      5F8665D1 
 106      52085A24 
 107 0018 966DFA0D 		.ascii	"\226m\372\015Q\352\"\222\026/p\353Kl\037\265\021J\""
 107      51EA2292 
 107      162F70EB 
 107      4B6C1FB5 
 107      114A22
 108 002b 22FA3285 		.ascii	"\"\3722\205\240\240 p\025\201TT\220\025Q\213\014l\021"
 108      A0A02070 
 108      15815454 
 108      9015518B 
 108      0C6C11
 109 003e 6419F6A0 		.ascii	"d\031\366\240\260\271\330\"\3502\303\3343\3149sF\321"
 109      B0B9D822 
 109      E832C3DC 
 109      33CC3973 
 109      46D1
 110 0050 FFE7951C 		.ascii	"\377\347\225\034\006\321\200T(\002\317\236\022M\273"
 110      06D18054 
 110      2802CF9E 
 110      124DBB
 111 005f 18D01F02 		.ascii	"\030\320\037\002%\031I<s\215\261\237\257\237\270\253"
 111      2519493C 
 111      738DB19F 
 111      AF9FB8AB 
 112 006f 6C33F591 		.ascii	"l3\365\221\300\203\271\343\214\241!\034\032\226\257"
 112      C083B9E3 
 112      8CA1211C 
ARM GAS  /var/folders/_f/jzb7lsz153bclt069nvlpp5r0000gn/T//ccYy44la.s 			page 8


 112      1A96AF
 113 007e 32E576FF 		.ascii	"2\345v\377\252e\245^S\245\243\216\231!\233\231\336\231"
 113      AA65A55E 
 113      53A5A38E 
 113      99219B99 
 113      DE99
 114 0090 B0062FD6 		.ascii	"\260\006/\326\241\367`\003~\231<\254^~y\224\037\232"
 114      A1F76003 
 114      7E993CAC 
 114      5E7E7994 
 114      1F9A
 115 00a2 F551BA58 		.ascii	"\365Q\272X\366\370V\204U\274\336\261\006\0356+lB\375"
 115      F6F85684 
 115      55BCDEB1 
 115      061D362B 
 115      6C42FD
 116 00b5 E5498BB0 		.ascii	"\345I\213\260\005\237\036\257\245\277\313n#mYV\267\326"
 116      059F1EAF 
 116      A5BFCB6E 
 116      236D5956 
 116      B7D6
 117 00c7 16C91C0C 		.ascii	"\026\311\034\014qO\205\236\242\325l>\346s\001C\254\313"
 117      714F859E 
 117      A2D56C3E 
 117      E6730143 
 117      ACCB
 118 00d9 B4129EC3 		.ascii	"\264\022\236\303I\332\004U$\3655O\002\244\252[\244\366"
 118      49DA0455 
 118      24F5354F 
 118      02A4AA5B 
 118      A4F6
 119 00eb 6AB95ECD 		.ascii	"j\271^\315m\260\022\331\207\312\331\271K\237\242Ho\331"
 119      6DB012D9 
 119      87CAD9B9 
 119      4B9FA248 
 119      6FD9
 120 00fd FD5C7AE9 		.ascii	"\375\\z\351\314b\0016;\033\314\330\326\356\245\277X"
 120      CC620136 
 120      3B1BCCD8 
 120      D6EEA5BF 
 120      58
 121 010e 9FBFE90A 		.ascii	"\237\277\351\012\006D\030yd\361\246\015\020\012\010"
 121      06441879 
 121      64F1A60D 
 121      100A08
 122 011d D21DD256 		.ascii	"\322\035\322V[KO\030\212\204e\263A\367\300o\223\264"
 122      5B4B4F18 
 122      8A8465B3 
 122      41F7C06F 
 122      93B4
 123 012f 0BE8ED42 		.ascii	"\013\350\355B\352\017\205\302\255\030\033\215L\304&"
 123      EA0F85C2 
 123      AD181B8D 
 123      4CC426
 124 013e A3E12933 		.ascii	"\243\341)3\022\216\307%F\242\346x\"f\206\"\244\242f"
 124      128EC725 
 124      46A2E678 
ARM GAS  /var/folders/_f/jzb7lsz153bclt069nvlpp5r0000gn/T//ccYy44la.s 			page 9


 124      22668622 
 124      A4A266
 125 0151 E207BFA1 		.ascii	"\342\007\277\241~\337"
 125      7EDF
 126              		.text
 127              		.section	.gnu.lto_ll_data_writeable.d73085240cd0011c,"",%progbits
 128 0000 789C654F 		.ascii	"x\234eOMKBQ\020\235s\257\276\014\373\242\245\020\264"
 128      4D4B4251 
 128      109D73AF 
 128      BE0CFBA2 
 128      A510B4
 129 0013 488444FD 		.ascii	"H\204D\375\013-\333\364\033\242\324E$-^\340\326\227"
 129      0B2DDBF4 
 129      1BA2D445 
 129      242D5EE0 
 129      D697
 130 0025 D83E6A23 		.ascii	"\330>j#\224DH\364\255\020\024\024\004\322\"\002\251"
 130      944448F4 
 130      AD101414 
 130      04D22202 
 130      A9
 131 0036 A82031A2 		.ascii	"\250 1\2426\006\006\005Y\206=(l\006[\004]f\230{\206"
 131      36060605 
 131      59863D28 
 131      6C065B04 
 131      5D66987B 
 132 004b 3967CE68 		.ascii	"9g\316h\372\377<\234# \032\344\012MPs\347D3.\005\310"
 132      FAFF3C9C 
 132      23201AE4 
 132      0A4D5073 
 132      E744332E 
 133 0061 87400985 		.ascii	"\207@\011\205\004\236TM\341 W?sW\225\255\250\237\030"
 133      049E544D 
 133      E120573F 
 133      735795AD 
 133      A89F18
 134 0074 1ECE9FA6 		.ascii	"\036\316\237\246\015\201p\010,\335\244K\355\276U\313"
 134      0D817008 
 134      2CDDA44B 
 134      EDBE55CB 
 135 0084 4ABE1E17 		.ascii	"J\276\036\027O:f\207m\245\350]\021\326\340\301:d\017"
 135      4F3A6687 
 135      6DA5E85D 
 135      11D6E0C1 
 135      3A640F
 136 0097 36E0E3C9 		.ascii	"6\340\343\311\243\352\365W\227\366AX\037\305\253\225"
 136      A3EAF557 
 136      97F64158 
 136      1FC5AB95 
 137 00a7 2E6F9659 		.ascii	".o\226Y\205\362\2565\344\260\225\306&\364_\036\267\010"
 137      85F2AE35 
 137      E4B095C6 
 137      26F45F1E 
 137      B708
 138 00b9 5BF0CA78 		.ascii	"[\360\312x-\365]r\033)\313\262zD\233%\267a\260{\312"
 138      2DF55D72 
 138      1B29CBB2 
ARM GAS  /var/folders/_f/jzb7lsz153bclt069nvlpp5r0000gn/T//ccYy44la.s 			page 10


 138      7A449B25 
 138      B761B07B 
 139 00ce F716AC66 		.ascii	"\367\026\254f3\233\177\366\033l\235\2475\363\034N\022"
 139      339B7FF6 
 139      1B6C9DA7 
 139      35F31C4E 
 139      12
 140 00df 1354E194 		.ascii	"\023T\341\224k\036\031p\325\267H\356\327r}\302m(\315"
 140      6B1E1970 
 140      D5B748EE 
 140      D7727DC2 
 140      6D28CD
 141 00f2 B20F958B 		.ascii	"\262\017\225\213K\227\234\242I\266\354}.\277tf\260\010"
 141      4B979CA2 
 141      49B6EC7D 
 141      2EBF7466 
 141      B008
 142 0104 5B391B4A 		.ascii	"[9\033JaG\334s\177\251\276P\356\016\370Y\0309d\360&"
 142      6147DC73 
 142      7FA9BE50 
 142      EE0EF859 
 142      183964F0 
 143 0119 06087904 		.ascii	"\006\010y\004\350\016)\253\255\245\307\014M\314\262"
 143      E80E29AB 
 143      ADA5C70C 
 143      4DCCB2
 144 0128 9541F7C0 		.ascii	"\225A\367\300o\223\304\005d;\223\006\202\301P+\306\307"
 144      6F93C405 
 144      643B9306 
 144      82C1502B 
 144      C6C7
 145 013a C293D1A9 		.ascii	"\302\223\321\251Hh\332\014\207b1\216\321\2109\021\217"
 145      4868DA0C 
 145      8762318E 
 145      D1883911 
 145      8F
 146 014b 9AC130E9 		.ascii	"\232\3010\351\210\031\377\001\024\232\177#"
 146      8819FF01 
 146      149A7F23 
 147              		.text
 148              		.section	.gnu.lto_.symbol_nodes.d73085240cd0011c,"",%progbits
 149 0000 789C55C7 		.ascii	"x\234U\3071\021\200\000\014\004\301K\362\005z1\360\026"
 149      31118000 
 149      0C04C14B 
 149      F2057A31 
 149      F016
 150 0012 50C0A088 		.ascii	"P\300\240\210\012\001(a(HA\256\271\331\002V\272\304"
 150      0A012861 
 150      284841AE 
 150      B9D90256 
 150      BAC4
 151 0024 B09D60B3 		.ascii	"\260\235`\263\037\013\031\216\341t\016\227kX\326\337"
 151      1F0B198E 
 151      E1740E97 
 151      6B58D6DF 
 152 0034 0AAEFB09 		.ascii	"\012\256\373\011\224\375\352\353;/\327\232 \037"
 152      94FDEAEB 
ARM GAS  /var/folders/_f/jzb7lsz153bclt069nvlpp5r0000gn/T//ccYy44la.s 			page 11


 152      3B2FD79A 
 152      201F
 153              		.text
 154              		.section	.gnu.lto_.refs.d73085240cd0011c,"",%progbits
 155 0000 789C6366 		.ascii	"x\234cf```d\200\002\000\000=\000\005"
 155      60606064 
 155      80020000 
 155      3D0005
 156              		.text
 157              		.section	.gnu.lto_.decls.d73085240cd0011c,"",%progbits
 158 0000 789CAD55 		.ascii	"x\234\255U{LSW\030\277_o\241\017:\3008\301\220\375\201"
 158      7B4C5357 
 158      18BF5F6F 
 158      A10F3AC0 
 158      38C190FD 
 159 0015 64216E11 		.ascii	"d!n\021\352\334L\364\257\231\271d[b\366H\346_nij[G\263"
 159      EADC4CF4 
 159      AF99B964 
 159      5B62F648 
 159      E65F6E69 
 160 002d DA6E6DD9 		.ascii	"\332nm\331\346\177W\360\201\2041\207Sp3\254\013\365"
 160      E67F57F0 
 160      81843187 
 160      537033AC 
 160      0BF5
 161 003f 818A14E7 		.ascii	"\201\212\024\347\024| 8\305:\360\301t\023\344aAa\210"
 161      147C2038 
 161      C53AF0C1 
 161      7413E461 
 161      416188
 162 0052 0F2A2894 		.ascii	"\017*(\224\315\330}\347\234{{[,\213&\273\351\327{\276"
 162      CDD87DE7 
 162      9C7B7B5B 
 162      2C8B26BB 
 162      E9D77BBE 
 163 0066 EF7EE777 		.ascii	"\357~\347w\276\337\357;\367\\\236\343\270\257\200\343"
 163      BEDFEF3B 
 163      F75C9EE3 
 163      B8AF80E3 
 164 0076 C2787DAC 		.ascii	"\302x}\254\341\270\205\012\216K\304\330\373\234|%\240"
 164      E1B8850A 
 164      8E4BC4D8 
 164      FB9C7C25 
 164      A0
 165 0087 D5A105D1 		.ascii	"\325\241\005\321F\321\306\321B\334\223\027\311A(\256"
 165      46D1C6D1 
 165      42DC9317 
 165      C94128AE 
 166 0097 5AF4418C 		.ascii	"Z\364A\214M\275\010\216\032-\031M\207V\2176\214\346"
 166      4DBD088E 
 166      1A2D194D 
 166      87568F36 
 166      8CE6
 167 00a9 47EB471B 		.ascii	"G\353G\033B\353\022\347_\023\357\30188\243\317\2003"
 167      42EB12E7 
 167      5F13EFC1 
 167      3838A3CF 
ARM GAS  /var/folders/_f/jzb7lsz153bclt069nvlpp5r0000gn/T//ccYy44la.s 			page 12


 167      8033
 168 00bb 20DE47E3 		.ascii	" \336G\343\340\020>\25288}\"F\2678wP\274\217\307\301"
 168      E0103EAA 
 168      38387D22 
 168      46B73877 
 168      50BC8FC7 
 169 00d0 083D2546 		.ascii	"\010=%F\257x\217\247\337}\005\224ok\335\241\342\025"
 169      AF788FA7 
 169      DF7D0594 
 169      6F6BDDA1 
 169      E215
 170 00e2 8063E5CD 		.ascii	"\200c\345\315\311\336\011\025dh\2623*\0045T\203\206"
 170      C9DE0915 
 170      6468B233 
 170      2A043554 
 170      8386
 171 00f4 DB280805 		.ascii	"\333(\010\005B\260`s\352\347\034\314\313\200\22728\330"
 171      42B06073 
 171      EAE71CCC 
 171      CB809732 
 171      38D8
 172 0106 0BD9F411 		.ascii	"\013\331\364\021\007{ \003\366A\006\347\025\004\241"
 172      077B2003 
 172      F64106E7 
 172      1504A1
 173 0115 485842A2 		.ascii	"HXB\242\260\033\370(\374\012\2143 \\\251\341\300\203"
 173      B01BF828 
 173      FC0A8C33 
 173      205CA9E1 
 173      C083
 174 0127 F349430A 		.ascii	"\363IC\012H\326f\022\367h\231\277\"\021]\235VI\334\313"
 174      48D66612 
 174      F76899BF 
 174      22115D9D 
 174      5649DCCB 
 175 013b 4DA5E184 		.ascii	"M\245\341\204\364\255\010%l.\024R\225\024m?\256P\203"
 175      F4AD0825 
 175      6C2E1452 
 175      95146D3F 
 175      AE5083
 176 014e 2B707000 		.ascii	"+pp\000\322\361\177\205\222\025]t\266\250D\303\253I"
 176      D2F17F85 
 176      92155D74 
 176      B6A844C3 
 176      AB49
 177 0160 D15055D1 		.ascii	"\321PU\321wE;o/\255\241)\244\220\231\215\335=\325\246"
 177      77453B6F 
 177      2FADA129 
 177      A490998D 
 177      DD3DD5A6 
 178 0174 C8AC147C 		.ascii	"\310\254\024|\276`c\250C'\370\205\246p\370u\012\005"
 178      BE6063A8 
 178      4327F885 
 178      A670F875 
 178      0A05
 179 0186 B5C0830F 		.ascii	"\265\300\203\017\346\221L2\246S\240\0162q\332\311\306"
 179      E6914C32 
ARM GAS  /var/folders/_f/jzb7lsz153bclt069nvlpp5r0000gn/T//ccYy44la.s 			page 13


 179      A653A00E 
 179      3271DAC9 
 179      C6
 180 0197 508B965F 		.ascii	"P\213\226_J\261K\212\002\347\264\3742:^\273\353X\211"
 180      4AB14B8A 
 180      02E7B4FC 
 180      323A5EBB 
 180      EB5889
 181 01aa 0AEB9DA3 		.ascii	"\012\353\235\243\245\350\327\177\230\364j\250K6r\012"
 181      A5E8D77F 
 181      98F46AA8 
 181      4B36720A 
 182 01ba 8614FE41 		.ascii	"\206\024\376A\241*\031\262\265D\217`mU\377\333\205("
 182      A12A19B2 
 182      B5448F60 
 182      6D55FFDB 
 182      8528
 183 01cc CA11D0C2 		.ascii	"\312\021\320\302\317\221\325\350lr\025\021a\221\250"
 183      CF91D5E8 
 183      6C721511 
 183      6191A8
 184 01db C69FCC45 		.ascii	"\306\237\314Eh\302a\324v\216\226\346\302!\014\376\202"
 184      68C261D4 
 184      768E96E6 
 184      C2210CFE 
 184      82
 185 01ec 41043EF3 		.ascii	"A\004>\363\250q]\002h\263\343Oj\2103\211\2260\262\276"
 185      A8715D02 
 185      68B3E34F 
 185      6A883389 
 185      9630B2BE 
 186 0200 2C4D1094 		.ascii	",M\020\224P\217%\034\224K\300\212\"\032\035k\253\256"
 186      508F251C 
 186      944BC08A 
 186      221A1D6B 
 186      ABAE
 187 0212 55D09E08 		.ascii	"U\320\236\010\212\350\036\351X\217\036\373\012\267$"
 187      8AE81EE9 
 187      588F1EFB 
 187      0AB724
 188 0221 F2257477 		.ascii	"\362%tw@\345\370\306\371|\005\033o\350\031\351\177\216"
 188      40E5F8C6 
 188      F97C051B 
 188      6FE819E9 
 188      7F8E
 189 0233 F732A773 		.ascii	"\3672\247s\362\366\260\206\3671\247\274\275\343\210"
 189      F2F6B086 
 189      F731A7BC 
 189      BDE388
 190 0242 923FC99C 		.ascii	"\222?\311\234\342\256\3526\025\177V\021#`\032\023\260"
 190      E2AEEA36 
 190      157F5611 
 190      23601A13 
 190      B0
 191 0253 B4F5FB66 		.ascii	"\264\365\373f\236\272a\362XQv\343\301N\220H\006\313"
 191      9EBA61F2 
 191      585176E3 
ARM GAS  /var/folders/_f/jzb7lsz153bclt069nvlpp5r0000gn/T//ccYy44la.s 			page 14


 191      C14E9048 
 191      06CB
 192 0265 047E7664 		.ascii	"\004~vd\313\235A\206i\"\303S\310\360W\211am\3257/\020"
 192      CB9D4186 
 192      6922C353 
 192      C8F05789 
 192      616DD537 
 193 027b 86A79161 		.ascii	"\206\247\221a\263\3140-BP\021\270\272\363\203\370\240"
 193      B3CC302D 
 193      425011B8 
 193      BAF383F8 
 193      A0
 194 028c 67A7031D 		.ascii	"g\247\003\035Y\337:\213\200\266 h\223\014z:J\266\256"
 194      59DF3A8B 
 194      80B62068 
 194      930C7A3A 
 194      4AB6AE
 195 029f EE92EF40 		.ascii	"\356\222\357@W,\267\203&\313\273\325\017:1\263\250\306"
 195      572CB783 
 195      26CBBBD5 
 195      0F3A31B3 
 195      A8C6
 196 02b1 775CA3C4 		.ascii	"w\\\243\304]I\273\260\202n\365\212=\247\2354\204ip\016"
 196      5D49BBB0 
 196      826EF58A 
 196      3DA79D34 
 196      8469700E 
 197 02c5 682CD07F 		.ascii	"h,\320\177\257\"\211ogJy\267n\333\237@\273\240&\356"
 197      AF22896F 
 197      674A79B7 
 197      6EDB9F40 
 197      BBA026EE 
 198 02d9 F0E06E23 		.ascii	"\360\340n#\337\303\036\365\216m[\306\017\263qk\177h"
 198      DFC31EF5 
 198      8E6D5BC6 
 198      0FB3716B 
 198      7F68
 199 02eb 4C47D352 		.ascii	"LG\323R\211\353;\024\334\245\341'\331\263\241\372\352"
 199      89EB3B14 
 199      DCA5E127 
 199      D9B3A1FA 
 199      EA
 200 02fc BA44BE94 		.ascii	"\272D\276\224\247\316\366\211\266\226\024\2328\233\270"
 200      A7CEF689 
 200      B696149A 
 200      389BB8
 201 030b 87CF7CED 		.ascii	"\207\317|\355M\344\275\364\231b\340r`\273:\276B\177"
 201      4DE4BDF4 
 201      9962E072 
 201      60BB3ABE 
 201      427F
 202 031d 4CA75067 		.ascii	"L\247PgM\031U\350\012R\272,+\324\022\245\320\241\342"
 202      4D1955E8 
 202      0A52BA2C 
 202      2BD412A5 
 202      D0A1E2
 203 0330 1F0734FC 		.ascii	"\037\0074\374\005\272\306\214{\033w\354J\202,\2352+"
ARM GAS  /var/folders/_f/jzb7lsz153bclt069nvlpp5r0000gn/T//ccYy44la.s 			page 15


 203      05BAC68C 
 203      7B1B77EC 
 203      4A822C9D 
 203      322B
 204 0342 3D7D6656 		.ascii	"=}fV\226R\247\313\302+\333\203K\006\033j\313u\345B\240"
 204      9652A7CB 
 204      C22BDB83 
 204      4B061B6A 
 204      CB75E542 
 205 0357 09E80B7F 		.ascii	"\011\350\013\177\022\321z`\246T\301\\\"\346~\")\027"
 205      12D17A60 
 205      A654C15C 
 205      22E67E22 
 205      2917
 206 0369 2D36C990 		.ascii	"-6\311\220\305\356`b+\330\220hL\200\003\275\307\315"
 206      C5EE6062 
 206      2BD89068 
 206      4C8003BD 
 206      C7CD
 207 037b 4DEB78E8 		.ascii	"M\353x\350\307P\253\210\032ye\332\350\304\227\011n\324"
 207      C750AB88 
 207      1A7965DA 
 207      E8C49709 
 207      6ED4
 208 038d 89531FD3 		.ascii	"\211S\037\323\303.z\342\004@\371_I\3354\251\223&}K\223"
 208      C32E7AE2 
 208      0440F95F 
 208      49DD34A9 
 208      93267D4B 
 209 03a2 0461899B 		.ascii	"\004a\211\233\203\243\230q\214\254tB\\\032%\202\277"
 209      83A39871 
 209      8CAC7442 
 209      5C1A2582 
 209      BF
 210 03b3 50CFEB90 		.ascii	"P\317\353\220\005W\321\256\241\015\240\335D\033D\353"
 210      0557D1AE 
 210      A10DA0DD 
 210      441B44EB 
 211 03c3 45BB0159 		.ascii	"E\273\001YT>R\276g\370\240\260\004\313\357\303\362\333"
 211      543E52BE 
 211      67F8A0B0 
 211      04CBEFC3 
 211      F2DB
 212 03d5 A796FFBB 		.ascii	"\247\226\377\273\\>\245\332}\220R}O\007\215SS\347F2"
 212      5C3EA5DA 
 212      7D90527D 
 212      4F078D53 
 212      53E74632 
 213 03e9 257D7EC3 		.ascii	"%}~\303b\243\305D\012Q\204\372\230\230\321\011]1\011"
 213      62A3C544 
 213      0A5184FA 
 213      9898D109 
 213      5D3109
 214 03fc FD2C81AE 		.ascii	"\375,\201\256{\307\367Q\323Z\236n\203?c\033\307*d\235"
 214      7BC7F751 
 214      D35A9E6E 
 214      833F631B 
ARM GAS  /var/folders/_f/jzb7lsz153bclt069nvlpp5r0000gn/T//ccYy44la.s 			page 16


 214      C72A649D 
 215 0410 A3A94372 		.ascii	"\243\251Cr7.L\255\361b,\035\317uF\235\344\236\217\337"
 215      372E4CAD 
 215      F1622C1D 
 215      CF75469D 
 215      E49E8FDF 
 216 0424 3919D873 		.ascii	"9\031\330sK\326\351R|`\226L6n\240\353}5\311\340\244"
 216      4BD6E952 
 216      7C60964C 
 216      366EA0EB 
 216      7D35C9E0 
 217 0439 B33F724C 		.ascii	"\263?rL\374]\031\252Q\301\314\354\270=\274\205}{\326"
 217      FC5D19AA 
 217      51C1CCEC 
 217      B83DBC85 
 217      7D7BD6
 218 044c 1ED2E5EE 		.ascii	"\036\322\345\356&\002\014\341\304\343\362;BV\227\336"
 218      26020CE1 
 218      C4E3F23B 
 218      425697DE 
 219 045c 917F7AAE 		.ascii	"\221\177z\256u$\307\234\"C1\033{\370\351O\221\333\354"
 219      7524C79C 
 219      2243311B 
 219      7BF8E94F 
 219      91DBEC
 220 046f 14293AB1 		.ascii	"\024):\261\357h\012\015\342\\\270\303\2027\266\226t"
 220      EF680A0D 
 220      E25CB8C3 
 220      8237B696 
 220      74
 221 0480 42FAB45B 		.ascii	"B\372\264[\370\036\335\302wA\374\264\372\032\332}\032"
 221      F81EDDC2 
 221      7741FCB4 
 221      FA1ADA7D 
 221      1A
 222 0491 BE40490F 		.ascii	"\276@I\017\216\366\232:\257\012?\241\036\374\204n\266"
 222      8EF69A3A 
 222      AF0A3FA1 
 222      1EFC846E 
 222      B6
 223 04a2 6E173C05 		.ascii	"n\027<\005\302\3430\036\327d\022\214D}CG\244oh\220~"
 223      C2E3301E 
 223      D764128C 
 223      447D4347 
 223      A46F6890 
 224 04b7 43B7789A 		.ascii	"C\267x\232\367&\360\305\014\344R\211\277OIA<m\244Y\302"
 224      F726F0C5 
 224      0CE45289 
 224      BF4F4941 
 224      3C6DA459 
 225 04cc A37098A7 		.ascii	"\243p\230\247\010\367\243\020\356K\010\243\024\241\257"
 225      08F7A310 
 225      EE4B08A3 
 225      14A1AF
 226 04db F4512544 		.ascii	"\364Q%D\2300\306\02775\377\224<=\221\007\224\310\230"
 226      9830C617 
 226      3735FF94 
ARM GAS  /var/folders/_f/jzb7lsz153bclt069nvlpp5r0000gn/T//ccYy44la.s 			page 17


 226      3C3D9107 
 226      94C898
 227 04ee 44A467BC 		.ascii	"D\244g\274\340R\022\277\205\325\260iGaY\012\253\241"
 227      E05212BF 
 227      85D5B069 
 227      4761590A 
 227      ABA1
 228 0500 43AE0167 		.ascii	"C\256\001g\300\303\250\032\036J5\214\323\032\256n\362"
 228      C0C3A81A 
 228      1E4A358C 
 228      D31AAE6E 
 228      F2
 229 0511 FB75BC97 		.ascii	"\373u\274\227!l(\255/\025Yt\307\"LD!LH\010!\310\344"
 229      216C28AD 
 229      2F155974 
 229      C7224C44 
 229      214C4808 
 230 0528 120C6F38 		.ascii	"\022\014o8\034\266d\233\315`vZ\277\2608\015V\273\325"
 230      1CB6649B 
 230      CD60765A 
 230      BFB0380D 
 230      56BBD5
 231 053b 9DF8D6BB 		.ascii	"\235\370\326\273\3133\227r/\346\346\352\331o\245\321"
 231      CB339772 
 231      2FE6E6EA 
 231      D96FA5D1 
 232 054b F4A9C56E 		.ascii	"\364\251\305n\326\273\234&\275\315\246\217d\347\232"
 232      D6BB9C26 
 232      BDCDA68F 
 232      64E79A
 233 055a 3875BED5 		.ascii	"8u\276\325\356~u\201\301\2555\030\244\241A\237\357r"
 233      EE7E7581 
 233      C1AD3518 
 233      A4A1419F 
 233      EF72
 234 056c EA6D0E93 		.ascii	"\352m\016\223\321\246_j\261\331\214N\375'&S\216\321"
 234      D1A65F6A 
 234      B1D98C4E 
 234      FD272653 
 234      8ED1
 235 057e B93AC7EE 		.ascii	"\271:\307\356\260[r,\306\225\326\234\327\026\353\027"
 235      B05B722C 
 235      C695D69C 
 235      D716EB17 
 236 058e CC7F65E1 		.ascii	"\314\177e\341\374\305\013\026\352c\236\350\255v\223"
 236      FCC50B16 
 236      EA639EE8 
 236      AD7693
 237 059d 2DDF6CD1 		.ascii	"-\337l\321\2576\232\362\254v\213\336`\266\2542\346\333"
 237      AF369AF2 
 237      AC768BDE 
 237      60B6AC32 
 237      E6DB
 238 05af DC06F79A 		.ascii	"\334\006\367\232\317,\256\334<\356\303\377\007\337\265"
 238      CF2CAEDC 
 238      3CEEC3FF 
 238      07DFB5
ARM GAS  /var/folders/_f/jzb7lsz153bclt069nvlpp5r0000gn/T//ccYy44la.s 			page 18


 239 05be C6A537B8 		.ascii	"\306\2457\270\334f\254\032A\223d\015\334QcWRD\230U\216"
 239      DC66AC1A 
 239      4193640D 
 239      DC516357 
 239      52449855 
 240 05d3 64ABCBE0 		.ascii	"d\253\313\340Zc7\3459\035vG\276KE\010/2\2705\214\372"
 240      5A6337E5 
 240      391D7647 
 240      BE4B4508 
 240      2F32B835 
 241 05e9 2236D169 		.ascii	"\"6\321i1\232\015\253\362\355:\034\177\351\264\272-"
 241      319A0DAB 
 241      F2ED3A1C 
 241      7FE9B4BA 
 241      2D
 242 05fa C4210A9B 		.ascii	"\304!\012\233\034v\267\323a#\356\363d\001\243\333H\223"
 242      1C76B7D3 
 242      6123EEF3 
 242      6401A3DB 
 242      4893
 243 060c 8D2B6D34 		.ascii	"\215+m4g\226\024\244\263\244\250r\371\362w\336|\262"
 243      679614A4 
 243      B3A4A872 
 243      F9F277DE 
 243      7CB2
 244 061e 151209A2 		.ascii	"\025\022\011\242\011\352Cd\321\232\362\214v\273\305"
 244      09EA4364 
 244      D19AF28C 
 244      76BBC5
 245 062d 66B09AE7 		.ascii	"f\260\232\347N\233\037\323\276<N%\026\254\226\212M\235"
 245      4E9B1FD3 
 245      BE3C4E25 
 245      16AC968A 
 245      4D9D
 246 063f 5AD98C27 		.ascii	"Z\331\214'\252\372\027\007\205\232\235"
 246      AAFA1707 
 246      859A9D
 247              		.text
 248              		.section	.gnu.lto_.symtab.d73085240cd0011c,"",%progbits
 249 0000 6C6C5F64 		.ascii	"ll_driver_init\000\000\000\000\000\000\000\000\000\000"
 249      72697665 
 249      725F696E 
 249      69740000 
 249      00000000 
 250 0018 0000B100 		.ascii	"\000\000\261\000\000\000ll_read\000\000\000\000\000"
 250      00006C6C 
 250      5F726561 
 250      64000000 
 250      0000
 251 002a 00000000 		.ascii	"\000\000\000\000\000\000\000\360\000\000\000ll_writ"
 251      000000F0 
 251      0000006C 
 251      6C5F7772 
 251      6974
 252 003c 65000000 		.ascii	"e\000\000\000\000\000\000\000\000\000\000\000\000\362"
 252      00000000 
 252      00000000 
ARM GAS  /var/folders/_f/jzb7lsz153bclt069nvlpp5r0000gn/T//ccYy44la.s 			page 19


 252      00F2
 253 004a 0000006C 		.ascii	"\000\000\000ll_data_readable\000\000\000\000\000\000"
 253      6C5F6461 
 253      74615F72 
 253      65616461 
 253      626C6500 
 254 0063 00000000 		.ascii	"\000\000\000\000\000\000\366\000\000\000ll_data_wri"
 254      0000F600 
 254      00006C6C 
 254      5F646174 
 254      615F7772 
 255 0078 74656162 		.ascii	"teable\000\000\000\000\000\000\000\000\000\000\000\000"
 255      6C650000 
 255      00000000 
 255      00000000 
 255      0000
 256 008a F8000000 		.ascii	"\370\000\000\000"
 257              		.text
 258              		.section	.gnu.lto_.opts,"",%progbits
 259 0000 272D6666 		.ascii	"'-ffp-contract=off' '-fno-trapv' '-mcpu=cortex-m4' "
 259      702D636F 
 259      6E747261 
 259      63743D6F 
 259      66662720 
 260 0033 272D6D74 		.ascii	"'-mthumb' '-mfloat-abi=hard' '-mfpu=fpv4-sp-d16' '-"
 260      68756D62 
 260      2720272D 
 260      6D666C6F 
 260      61742D61 
 261 0066 67676462 		.ascii	"ggdb' '-O2' '-fomit-frame-pointer' '-falign-functio"
 261      2720272D 
 261      4F322720 
 261      272D666F 
 261      6D69742D 
 262 0099 6E733D31 		.ascii	"ns=16' '-ffunction-sections' '-fdata-sections' '-fn"
 262      36272027 
 262      2D666675 
 262      6E637469 
 262      6F6E2D73 
 263 00cc 6F2D636F 		.ascii	"o-common' '-flto' '-fsingle-precision-constant'\000"
 263      6D6D6F6E 
 263      2720272D 
 263      666C746F 
 263      2720272D 
 264              		.text
 265              		.comm	__gnu_lto_v1,1,1
 266              		.comm	__gnu_lto_slim,1,1
 267              		.ident	"GCC: (GNU Tools for ARM Embedded Processors) 4.9.3 20150529 (release) [ARM/embedded-4_9-br
ARM GAS  /var/folders/_f/jzb7lsz153bclt069nvlpp5r0000gn/T//ccYy44la.s 			page 20


DEFINED SYMBOLS
                            *ABS*:0000000000000000 ll_driver.c
                            *COM*:0000000000000001 __gnu_lto_v1
                            *COM*:0000000000000001 __gnu_lto_slim

NO UNDEFINED SYMBOLS
