ARM GAS  /var/folders/_f/jzb7lsz153bclt069nvlpp5r0000gn/T//ccBzhvor.s 			page 1


   1              		.syntax unified
   2              		.cpu cortex-m4
   3              		.eabi_attribute 27, 1
   4              		.eabi_attribute 28, 1
   5              		.fpu fpv4-sp-d16
   6              		.eabi_attribute 20, 1
   7              		.eabi_attribute 21, 1
   8              		.eabi_attribute 23, 3
   9              		.eabi_attribute 24, 1
  10              		.eabi_attribute 25, 1
  11              		.eabi_attribute 26, 1
  12              		.eabi_attribute 30, 2
  13              		.eabi_attribute 34, 1
  14              		.eabi_attribute 18, 4
  15              		.thumb
  16              		.file	"memstreams.c"
  17              		.text
  18              	.Ltext0:
  19              		.section	.gnu.lto_.profile.8294d95e713126a3,"",%progbits
  20 0000 789C6366 		.ascii	"x\234cf```a\200\000F\206\000K\000\001M\000\222"
  20      60606061 
  20      80004686 
  20      004B0001 
  20      4D0092
  21              		.text
  22              		.section	.gnu.lto_.jmpfuncs.8294d95e713126a3,"",%progbits
  23 0000 789C6366 		.ascii	"x\234cf\300\016\354\2414+\003\023##s}=#\020\32431\003"
  23      C00EECA1 
  23      342B0313 
  23      2323737D 
  23      3D2310D4 
  24 0017 49F67AC6 		.ascii	"I\366z\306zf\346rFF\260<3\\\010\310\206\010\262\260"
  24      7A66E672 
  24      4646B03C 
  24      335C08C8 
  24      8608B2B0 
  25 002b 8014F3D7 		.ascii	"\200\024\363\327\003\001\003\000\323a\007\002"
  25      03010300 
  25      D3610702 
  26              		.text
  27              		.section	.gnu.lto_.inline.8294d95e713126a3,"",%progbits
  28 0000 789C6366 		.ascii	"x\234cf\300\016\212\031!4+\003\003/\017#3\003#\003\263"
  28      C00E8A19 
  28      21342B03 
  28      032F0F23 
  28      33032303 
  29 0015 03884800 		.ascii	"\003\210H\000\021\012\\l\023\364\0308.\350110\276`g"
  29      110A5C6C 
  29      13F41838 
  29      2EE83131 
  29      30BE6067 
  30 0029 81902082 		.ascii	"\201\220 \202\003\314\344``Y \317\303\300x\203]\200"
  30      03CCE460 
  30      605920CF 
  30      C3C07883 
  30      5D80
  31 003b 094C3230 		.ascii	"\011L20m\340\227\000\231\306\310\300\303\0151\014lN"
ARM GAS  /var/folders/_f/jzb7lsz153bclt069nvlpp5r0000gn/T//ccBzhvor.s 			page 2


  31      6DE09700 
  31      99C6C8C0 
  31      C30D310C 
  31      6C4E
  32 004d 0323C434 		.ascii	"\003#\3044\346\016q\006\366\037jXLc\236!\216\3334&\006"
  32      E60E7106 
  32      F61F6A58 
  32      4C639E21 
  32      8EDB3426 
  33 0062 41494616 		.ascii	"AIF\026$\323\230\030\301v0+p\003\2650p|\300\351>\246"
  33      24D39818 
  33      C176302B 
  33      7003B530 
  33      707CC0E9 
  34 0078 0BFC3C20 		.ascii	"\013\374< ce@\\\005\260\240\002HP\003d,\013/\003\003"
  34      6365405C 
  34      05B0A002 
  34      48500364 
  34      2C0B2F03 
  35 008d F3043F10 		.ascii	"\363\004?\020d\206\333\000\361<\325-`a\340`gd`b\355"
  35      6486DB00 
  35      F13CD52D 
  35      6061E060 
  35      67646062 
  36 00a2 5067E05E 		.ascii	"Pg\340^\341\306\004\016r\000\014\0123\273"
  36      E1C6040E 
  36      72000C0A 
  36      33BB
  37              		.text
  38              		.section	.gnu.lto_.pureconst.8294d95e713126a3,"",%progbits
  39 0000 789C6366 		.ascii	"x\234cf``\340f\200\000V\006)F)&)f)\026)\000\004\026"
  39      6060E066 
  39      80005606 
  39      29462926 
  39      29662916 
  40 0018 00A0     		.ascii	"\000\240"
  41              		.text
  42              		.section	.gnu.lto__put.8294d95e713126a3,"",%progbits
  43 0000 789C8D53 		.ascii	"x\234\215S\337KSQ\034?\237s\356\356\2666\177\020B\260"
  43      DF4B5351 
  43      1C3F9F73 
  43      EEEEB636 
  43      7F1042B0 
  44 0014 870A4424 		.ascii	"\207\012D$\312-\262\267 \014\241\327\036\372\003BCp"
  44      CA2DB2B7 
  44      200CA1D7 
  44      1EFA0342 
  44      4370
  45 0026 E0485A0F 		.ascii	"\340HZ\017\275y\247\303\210z\220i\241\231\231Hf\371"
  45      BD79A7C3 
  45      887A9069 
  45      A1999948 
  45      66F9
  46 0038 AB699ADA 		.ascii	"\253i\232\332\257\005\375\220\230\251\017\225\375\240"
  46      AF05FD90 
  46      98A90F95 
  46      FDA0
ARM GAS  /var/folders/_f/jzb7lsz153bclt069nvlpp5r0000gn/T//ccBzhvor.s 			page 3


  47 0046 0CCC2C88 		.ascii	"\014\314,\210\232\012kP\255\357\367\336\221J\017y\331"
  47      9A0A6B50 
  47      ADEFF7DE 
  47      914A0F79 
  47      D9
  48 0057 CE39F77B 		.ascii	"\3169\367{\317\347\327\367\236\253\304\277\327^\372"
  48      CFE7D7F7 
  48      9EABC4BF 
  48      D75EFA
  49 0066 4F29210E 		.ascii	"O)!\016\322\014\233\200lx&D\310!\245\326\016alR\211"
  49      D20C9B80 
  49      6C782644 
  49      C821A5D6 
  49      0E616C52 
  50 007b B810865B 		.ascii	"\270\020\206[A\263\352\032\300\013\001Q#\225\206\032"
  50      41B3EA1A 
  50      C00B0151 
  50      2395861A 
  51 008b 7C960989 		.ascii	"|\226\011\211\261\376\225I\327\242LI\261]\320\355xd"
  51      B1FE9549 
  51      D7A24C49 
  51      B15DD0ED 
  51      7864
  52 009d A259E75B 		.ascii	"\242Y\347[h|\373\246!\375%\273\360\212a\030\337\007"
  52      687CFBA6 
  52      21FD25BB 
  52      F08A6118 
  52      DF07
  53 00af A3275B9A 		.ascii	"\243'[\232.\323\023)\226\245\300Ux\320\015\017\363]"
  53      2ED31329 
  53      96A5C055 
  53      78D00D0F 
  53      F35D
  54 00c1 43216D8D 		.ascii	"C!m\215\314\266\332\325~0\352\333\322\364\220,\3504"
  54      CCB6DAD5 
  54      7E30EADB 
  54      D2F4902C 
  54      E834
  55 00d3 8CDAD8D8 		.ascii	"\214\332\330\330\240Q\242\245\244\302u\250\2650*\011"
  55      A051A2A5 
  55      A4C275A8 
  55      B5302A09 
  56 00e3 F4A08076 		.ascii	"\364\240\200v_Z|;\012u\300DNO\237n\202\205\234\3547"
  56      5F5A7C3B 
  56      0A75C044 
  56      4E4F9F6E 
  56      82859CEC 
  57 00f8 4A90921A 		.ascii	"J\220\222\032z-\344.\017v0N\023\350C\001oN=\374t\312"
  57      7A2DE42E 
  57      0F76304E 
  57      13E84301 
  57      6F4E3DFC 
  58 010e AD4A4D60 		.ascii	"\255JM`\375\271\256F[~\007\001\347\316v>u\033\023Fx"
  58      FDB9AE46 
  58      5B7E0701 
  58      E7CE763E 
  58      751B1346 
ARM GAS  /var/folders/_f/jzb7lsz153bclt069nvlpp5r0000gn/T//ccBzhvor.s 			page 4


  59 0123 2E9DDE96 		.ascii	".\235\336\226\2226\364\257W\266.\202$\302\277^\272\364"
  59      9236F4AF 
  59      57B62E82 
  59      24C2BF5E 
  59      BAF4
  60 0135 3065CBC5 		.ascii	"0e\313\305\000\3629\025\205\271\001\0354\017l\216\031"
  60      00F23915 
  60      85B9011D 
  60      340F6C8E 
  60      19
  61 0146 E9F4F2A3 		.ascii	"\351\364\362\243\320\031_\213\314\006\351R\0066l\243"
  61      D0195F8B 
  61      CC06E952 
  61      06366CA3 
  62 0156 A5AEF360 		.ascii	"\245\256\363`\247\301\356\340\301\011\266\344\342\242"
  62      A7C1EEE0 
  62      C109B6E4 
  62      E2A2
  63 0164 9B0721E6 		.ascii	"\233\007!\346\211\213\233\375\221\272E\263z\201\332"
  63      898B9BFD 
  63      91BA45B3 
  63      7A81DA
  64 0173 58CBE33C 		.ascii	"X\313\343<\223\235\264\222\224\3765jG\242O:\024\327"
  64      939DB492 
  64      94FE356A 
  64      47A24F3A 
  64      14D7
  65 0185 92D24686 		.ascii	"\222\322F\206\336\317O\3158\270\3676\323\337\360\217"
  65      DECF4FCD 
  65      38B8F736 
  65      D3DFF08F 
  66 0195 F6AF596D 		.ascii	"\366\257Ymh\245&8\010\200(\233\247\372\305\225\306W"
  66      68A52638 
  66      0880289B 
  66      A7FAC595 
  66      C657
  67 01a7 39453B53 		.ascii	"9E;S\322\211A\264a\211m\013\014\241\310\244\354\330"
  67      D28941B4 
  67      61896D0B 
  67      0CA1C8A4 
  67      ECD8
  68 01b9 6211EA1B 		.ascii	"b\021\352\033c\270i2pb\014\023\303s\204g\353<\031KI"
  68      63B86932 
  68      70620C13 
  68      C3738467 
  68      EB3C194B 
  69 01ce 4E223884 		.ascii	"N\"8\204\022t\226\224\3518\036\3128\266oD\300\216\021"
  69      12749694 
  69      E9381ECA 
  69      38B66F44 
  69      C08E11
  70 01e1 53C06CED 		.ascii	"S\300l\355-\323b]s}\\Z\024\204\261\263\010\021\237\377"
  70      2DD3625D 
  70      737D5C5A 
  70      1484B1B3 
  70      08119FFF 
  71 01f5 B0956B6B 		.ascii	"\260\225kk\273`_\327\205\220a\304\024\275}Ba\224e0F"
ARM GAS  /var/folders/_f/jzb7lsz153bclt069nvlpp5r0000gn/T//ccBzhvor.s 			page 5


  71      BB605FD7 
  71      859061C4 
  71      14BD7D42 
  71      61946530 
  72 020a CC49E934 		.ascii	"\314I\3514S'\342\0172\266\\\377\265\325Co\334\301\331"
  72      5327E20F 
  72      32B65CFF 
  72      B5D5436F 
  72      DCC1D9
  73 021d C757B3DF 		.ascii	"\307W\263\337\266\254Et\213\304m\361\314\\\350\252\313"
  73      B6AC4574 
  73      8BC46DF1 
  73      CC5CE8AA 
  73      CB
  74 022e 612B4E08 		.ascii	"a+N\010\334!\022\222\212 \343s\203\"wWE\356\241\210"
  74      DC211292 
  74      8A20E373 
  74      83227757 
  74      45EEA188 
  75 0242 A8CD866A 		.ascii	"\250\315\206j\346\251x\207P\256H\362\303\005\200\240"
  75      E6A97887 
  75      50AE48F2 
  75      C30580A0 
  76 0252 0BDD7D5D 		.ascii	"\013\335}]Y\254'\177\2473\027}\246\367\341\221?\243"
  76      59AC277F 
  76      A733177D 
  76      A6F7E191 
  76      3FA3
  77 0264 796B5B43 		.ascii	"yk[C\355D\014\036\325;\344\246\243\006&\243\322>\257"
  77      ED440C1E 
  77      D53BE4A6 
  77      A30626A3 
  77      D23EAF
  78 0277 D7F7F757 		.ascii	"\327\367\367WZ\351/\367\037:|d\317no\261\267\330w,\350"
  78      5AE92FF7 
  78      1F3A7C64 
  78      CF6E6FB1 
  78      B7D8772C 
  79 028c AB2CABF2 		.ascii	"\253,\253\362U\371\313}\301\023\307+\312\002A_\240\""
  79      55F9CB7D 
  79      C113C72B 
  79      CA02415F 
  79      A022
  80 029e 90597A8F 		.ascii	"\220Yz\217\012\351\257F\271\012\004\253\377\000\246"
  80      0AE9AF46 
  80      B90A04AB 
  80      FF00A6
  81 02ad 8367E5   		.ascii	"\203g\345"
  82              		.text
  83              		.section	.gnu.lto__get.8294d95e713126a3,"",%progbits
  84 0000 789C8D53 		.ascii	"x\234\215S\337KSQ\034?\237s\357v77SBz\330K\201\210D"
  84      DF4B5351 
  84      1C3F9F73 
  84      EF763737 
  84      53427AD8 
  85 0018 BA45F626 		.ascii	"\272E\366&H!\364\332C\177@h\010\016\034I\366\320\233"
  85      4821F4DA 
ARM GAS  /var/folders/_f/jzb7lsz153bclt069nvlpp5r0000gn/T//ccBzhvor.s 			page 6


  85      437F4068 
  85      080E1C49 
  85      F6D09B
  86 002b 471D0A3D 		.ascii	"G\035\012=\204\314\004\233\251\211e\226\277J\235\251"
  86      84CC049B 
  86      A9896596 
  86      BF4A9DA9 
  87 003b 152D0891 		.ascii	"\025-\010\221(\313\310\262\0223J\263\350\327T\262=\324"
  87      28CBC8B2 
  87      12334AB3 
  87      E8D754B2 
  87      3DD4
  88 004d FA7EEF5D 		.ascii	"\372~\357]\246\364\220\227\335s\356\371\356|~|?\367"
  88      A6F49097 
  88      DD73EEF9 
  88      EE7C7E7C 
  88      3FF7
  89 005f 5C4DFC7B 		.ascii	"\\M\374{\355\247\273[\023\342\020\315\260\011\310\372"
  89      EDA7BB5B 
  89      13E210CD 
  89      B009C8FA 
  90 006f 4921AA1C 		.ascii	"I!\252\034R\352m\020*E\213=\020B\2715\350V]\007\370"
  90      52EA6D10 
  90      2A458B3D 
  90      1042B935 
  90      E8565D07 
  91 0084 4140544A 		.ascii	"A@TJMG%>\310\230\304h\337\352C\327\222\214K\261K\320"
  91      4D47253E 
  91      C898C468 
  91      DFEA43D7 
  91      928C4BB1 
  92 009a 722C34D1 		.ascii	"r,4\321d\347%t^\276\252O|\334\226}I)\365\355\311\340"
  92      64E72574 
  92      5EBEAA4F 
  92      7CDC967D 
  92      4929F5ED 
  93 00b0 A973672F 		.ascii	"\251sg/\320?R\254H\201\313\360\240\013\036\346\273\202"
  93      D03F52AC 
  93      4881CBF0 
  93      A00B1EE6 
  93      BB82
  94 00c2 6CDA1A9A 		.ascii	"l\332\032\232i6\264\0020\352\353\362\343A\231\325\241"
  94      6936B402 
  94      30EAEBF2 
  94      E34199D5 
  94      A1
  95 00d3 54757474 		.ascii	"Tutt@\035\320\343R\303Uh\033aT\022\350F\026oo]\232\035"
  95      401DD0E3 
  95      52C35568 
  95      1B615412 
  95      E846166F 
  96 00eb 8176D084 		.ascii	"\201v\320\204^<3\324(3\333\011:\337\372v\334\245\232"
  96      5E3C33D4 
  96      2833DB09 
  96      3ADFFA76 
  96      DCA59A
  97 00fe 54703E91 		.ascii	"Tp>\221\330\031\227:z,\206\034\017v{\222\011\020 ~\357"
ARM GAS  /var/folders/_f/jzb7lsz153bclt069nvlpp5r0000gn/T//ccBzhvor.s 			page 7


  97      D819973A 
  97      7A2C861C 
  97      0F767B92 
  97      0910207E 
  98 0113 7D9D5B2B 		.ascii	"}\235[+4\301\265\215\235\0156\013\334\326q\337\255&"
  98      34C1B58D 
  98      9D0D360B 
  98      DCD671DF 
  98      AD26
  99 0125 FE806DE8 		.ascii	"\376\200m\350\333,\277\016\217\005\177>w\331\203\324"
  99      DB2CBF0E 
  99      8F057F3E 
  99      77D983D4 
 100 0135 603A7A91 		.ascii	"`:z\221\211~dr{\324\3255\330A\023W\373\267GU\"\2612"
 100      897E6472 
 100      7BD4D535 
 100      D8411357 
 100      FBB74755 
 101 014c 3955971F 		.ascii	"9U\227\037\226\251 \363\324\020\273\267\321\243\335"
 101      96A920F3 
 101      D410BBB7 
 101      D1A3DD
 102 015b CE834183 		.ascii	"\316\203A\203\341\340\301)\030\222\302E7\357\024\342"
 102      E1E0C129 
 102      1892C245 
 102      37EF14E2 
 103 016b 1DDD9CFC 		.ascii	"\035\335\234\374\002-h\326\236\241:zg<\303T \2755\212"
 103      022D68D6 
 103      9EA13A7A 
 103      673CC354 
 103      20BD358A 
 104 017f E225AA87 		.ascii	"\342%\252\207cO\3335\256\255I\033\031{\375\356\321\224"
 104      634FDB35 
 104      AEAD491B 
 104      197BFDEE 
 104      D194
 105 0191 835F84CD 		.ascii	"\203_\204\315\364\031\371\321\3669\265\005\315\210K"
 105      F419F9D1 
 105      F639B505 
 105      CD884B
 106 01a0 0701709D 		.ascii	"\007\001p\235\233\240\372\371\325\206\027i\271{\342"
 106      9BA0FAF9 
 106      D5861769 
 106      B97BE2
 107 01af D28901B4 		.ascii	"\322\211\001\264`\231\255\013\014\"\327\244|\263\303"
 107      6099AD0B 
 107      0C22D7A4 
 107      7CB3C3
 108 01be 22B46F8D 		.ascii	"\"\264o\215a\310d\0003D\210a\032\301\231\032O\322\022"
 108      61C86400 
 108      33448861 
 108      1AC1991A 
 108      4FD212
 109 01d1 9198992D 		.ascii	"\221\230\231-\220[:X\232\351x\372n\322\261\261\025\001"
 109      905B3A58 
 109      9AE978FA 
 109      6ED2B1B1 
ARM GAS  /var/folders/_f/jzb7lsz153bclt069nvlpp5r0000gn/T//ccBzhvor.s 			page 8


 109      1501
 110 01e3 03C3A680 		.ascii	"\003\303\246\200\031\357\015\323bMS\355'iQ\020\306`"
 110      19EF0DD3 
 110      624D53ED 
 110      27695110 
 110      C660
 111 01f5 1122FE7E 		.ascii	"\021\"\376~:\307\25297\006al\012\242J\251\250A\307\202"
 111      3AC7AA39 
 111      3706616C 
 111      0AA24AA9 
 111      A841C782 
 112 0209 80186125 		.ascii	"\200\030a%\214\022\271\240l\225\313L\266\227\223u\262"
 112      8C12B9A0 
 112      6C95CB4C 
 112      B6979375 
 112      B2
 113 021a 46A87631 		.ascii	"F\250v1\\`\021\246XYL\205;k\322\230\323\011\2011B\223"
 113      5C6011A6 
 113      58594C85 
 113      3B6BD298 
 113      D3098131 
 114 0230 6808BCE5 		.ascii	"h\010\274\345\277}t\323Qq0\360\346\337\260n!\227\250"
 114      BF7D74D3 
 114      517130F0 
 114      E6DFB06E 
 114      2197A8
 115 0243 9964AEEE 		.ascii	"\231d\256\356K\330nI\271Y\235\363\322\315\227>\207\252"
 115      4BD86E49 
 115      B9599DF3 
 115      D2CD973E 
 115      87AA
 116 0255 74B1C6FB 		.ascii	"t\261\306\373\027\001b[\354\352\355Le\013\362W\"y\321"
 116      1701625B 
 116      ECEAED4C 
 116      650BF257 
 116      2279D1
 117 0268 27791B1E 		.ascii	"'y\033\036\331\023\311 \2646\033q\323\311\001\203)\260"
 117      D913C920 
 117      B4361B71 
 117      D3C90183 
 117      29B0
 118 027a 7CAFD7B7 		.ascii	"|\257\327\267\376+,\365\027\373\017\0379\272o\2577\317"
 118      FE2B2CF5 
 118      17FB0F1F 
 118      39BA6FAF 
 118      37CF
 119 028c 9BE73B5E 		.ascii	"\233\347;^\341+-*\363\225\371\213}\025'O\224\024\005"
 119      E12B2D2A 
 119      F395F98B 
 119      7D15274F 
 119      941405
 120 029f 2A7C8192 		.ascii	"*|\201\222@\362\321{LH\1779\212\265@E\371o\214\365\\"
 120      40F2D17B 
 120      4C487F39 
 120      8AB54045 
 120      F96F8CF5 
 121 02b4 EA       		.ascii	"\352"
ARM GAS  /var/folders/_f/jzb7lsz153bclt069nvlpp5r0000gn/T//ccBzhvor.s 			page 9


 122              		.text
 123              		.section	.gnu.lto__reads.8294d95e713126a3,"",%progbits
 124 0000 789C8D52 		.ascii	"x\234\215RKOSA\030\235ofz{\013%\240\013\027M|DB\210"
 124      4B4F5341 
 124      189D6F66 
 124      7A7B0B25 
 124      A00B174D 
 125 0018 31F41A59 		.ascii	"1\364\032Y\232\030\215\306\350\312\205?\300\200\222"
 125      9A188DC6 
 125      E8CA853F 
 125      C08092
 126 0027 D0842AB1 		.ascii	"\320\204*\261n\011\027\250\225\225\321\242\011\011\342"
 126      6E0917A8 
 126      9595D1A2 
 126      0909E2
 127 0036 23065F68 		.ascii	"#\006_h\021\020\004,\320\005A\027\276\255<\014Q\211"
 127      1110042C 
 127      D0054117 
 127      BEAD3C0C 
 127      5189
 128 0048 E023D194 		.ascii	"\340#\321\224\227\251\225h\375\276\031\004\037\013\271"
 128      97A99568 
 128      FDBE1904 
 128      1F0BB9
 129 0057 B977E6CE 		.ascii	"\271w\346\3167s\316\234sf\004\373\367)\304OH\306\366"
 129      3773CE9C 
 129      736604FB 
 129      F729C44F 
 129      48C6F6
 130 006a 600F0E06 		.ascii	"`\017\016\006\374\344#\306\252L\316E\334bv\206\214\256"
 130      FCE423C6 
 130      AA4CCE45 
 130      DC627686 
 130      8CAE
 131 007c 61B65B80 		.ascii	"a\266[\200\324e\011@?\014X%\027\022*\341#\237\346\320"
 131      D4650940 
 131      3F0C5825 
 131      17122AE1 
 131      239FE6D0 
 132 0090 1D997B98 		.ascii	"\035\231{\230\371\201\2478[\307p\330\023\276_o\320\020"
 132      F981A738 
 132      5BC770D8 
 132      13BE5F6F 
 132      D010
 133 00a2 240D8787 		.ascii	"$\015\207\207\352\207]\371M\266]=\025N\334s\037\333"
 133      EA875DF9 
 133      4DB65D3D 
 133      154EDC73 
 133      1FDB
 134 00b4 9DE29CCD 		.ascii	"\235\342\234\315r\006W\300\003W\301Ct\327 \037W\206"
 134      720657C0 
 134      0357C143 
 134      74D7201F 
 134      5786
 135 00c6 471A9C62 		.ascii	"G\032\234b+\020(1\363\244\235\347]BP,\332fo\223).\340"
 135      2B102831 
 135      F3A49DE7 
ARM GAS  /var/folders/_f/jzb7lsz153bclt069nvlpp5r0000gn/T//ccBzhvor.s 			page 10


 135      5D42502C 
 135      DA666F93 
 136 00dd 3A88DF61 		.ascii	":\210\337aXb\320\014y\270:\022\015N\031b\273B\216\007"
 136      5862D00C 
 136      79B83A12 
 136      0D4E1962 
 136      BB428E07 
 137 00f1 6B47DC1A 		.ascii	"kG\334\0329\252\221\022n\374\215\224\014n*d|\344mH\212"
 137      39AA9112 
 137      6EFC8D94 
 137      0C6E2A64 
 137      7CE46D48 
 138 0106 9D0AD9D1 		.ascii	"\235\012\331\321\033\031\314\326\310O\032\211\314\177"
 138      1B19CCD6 
 138      C84F1A89 
 138      CC7F
 139 0114 2371D002 		.ascii	"#q\320\002y\264<5\360\376\270[\354R\320\320\231\313"
 139      79B43C35 
 139      F0FEB85B 
 139      EC52D0D0 
 139      99CB
 140 0126 758EDC8B 		.ascii	"u\216\334\213\010}\363\355\331\301X\360\202\375#\235"
 140      087DF3ED 
 140      D9C158F0 
 140      82FD239D 
 141 0136 861477C0 		.ascii	"\206\024w\300\255?\011\364\203\210\351\340\367\341L"
 141      AD3F09F4 
 141      8388E9E0 
 141      F7E14C
 142 0145 2368DB76 		.ascii	"#h\333v\016\264B.\005\2029\264\201\001\330\267\254\214"
 142      0EB4422E 
 142      058239B4 
 142      8101D8B7 
 142      AC8C
 143 0157 D9E9F46C 		.ascii	"\331\351\364l4\321\265~E6\250\0359\220W\211\012\014"
 143      34D1B57E 
 143      4536A81D 
 143      39905789 
 143      0A0C
 144 0169 07350635 		.ascii	"\0075\0065N\240)\223\014\271\250\311\000\262\345\246"
 144      4EA02993 
 144      0CB9A8C9 
 144      00B2E5A6 
 145 0179 A92C6A18 		.ascii	"\251,j\030\233@Z:\261I\024\216\275\030\202\352\330\227"
 145      9B405A3A 
 145      B149148E 
 145      BD1882EA 
 145      D897
 146 018b 26501BE1 		.ascii	"&P\033\341\266I,\277\204\352\316\326>\017\225\222\\"
 146      B6492CBF 
 146      84EACED6 
 146      3E0F9592 
 146      5C
 147 019c A2B4D713 		.ascii	"\242\264\327\023\217\237\232t~\016\245\264\343\353\371"
 147      8F9F9A74 
 147      7E0EA5B4 
 147      E3EBF9
ARM GAS  /var/folders/_f/jzb7lsz153bclt069nvlpp5r0000gn/T//ccBzhvor.s 			page 11


 148 01ab CF598DD0 		.ascii	"\317Y\215\320\200v\234\270\036\332\311\006\326\317\316"
 148      80769CB8 
 148      1EDAC906 
 148      D6CFCE
 149 01ba D58D6617 		.ascii	"\325\215f\027l\244\224nC#\314\220\001\006\035P\240\030"
 149      6CA4946E 
 149      4323CC90 
 149      01061D50 
 149      A018
 150 01cc C7576942 		.ascii	"\307WiB\307\362\030:\025\003y\207;\212\241\346th\200"
 150      C7F2183A 
 150      15037987 
 150      3B8AA1E6 
 150      746880
 151 01df 6B0A9285 		.ascii	"k\012\222\205D\354\005\004\037\324x\026kN\025\345$\336"
 151      44EC0504 
 151      1FD47816 
 151      6B4E15E5 
 151      24DE
 152 01f1 82B8A57C 		.ascii	"\202\270\245|\315\257V\2660\221$Y\307)\371\313s\016"
 152      CDAF56B6 
 152      30912459 
 152      C729F9CB 
 152      730E
 153 0203 D365D06E 		.ascii	"\323e\320n\3737h\026s9\342$t)q\352\200\272\265\270\372"
 153      FB376816 
 153      7339E224 
 153      742971EA 
 153      80BAB5B8 
 154 0218 505C680A 		.ascii	"P\\h\012\027\262\220\2701\010\331N*\021\366\334\363"
 154      17B290B8 
 154      3108D94E 
 154      2A11F6DC 
 154      F3
 155 0229 13115E31 		.ascii	"\023\021^1o\327\332f\212\233\263\344\013z\240\202%y"
 155      6FD7DA66 
 155      8A9BB3E4 
 155      0B7AA082 
 155      2579
 156 023b 8642E05E 		.ascii	"\206B\340^.\245d\272\177\255\246q\377WI3^\025\223\242"
 156      2EA564BA 
 156      7FADA671 
 156      FF574933 
 156      5E1593A2 
 157 024f BABB1455 		.ascii	"\272\273\024UT\253\011\033\232$\013y\026<\206\325\021"
 157      54AB091B 
 157      9A240B79 
 157      163C86D5 
 157      11
 158 0260 2F9FB477 		.ascii	"/\237\264w\211\264\017\012\220\212\275\202\252\330\251"
 158      89B40F0A 
 158      908ABD82 
 158      AAD8A9
 159 026f 41D0CC38 		.ascii	"A\320\3148\361\016\0003\347\330\030b,\001x\263\200\322"
 159      F10E0033 
 159      E7D81862 
 159      2C0178B3 
ARM GAS  /var/folders/_f/jzb7lsz153bclt069nvlpp5r0000gn/T//ccBzhvor.s 			page 12


 159      80D2
 160 0281 C554B678 		.ascii	"\305T\266x\275\326\342\273\243\324W\354\333\273o\377"
 160      BDD6E2BB 
 160      A3D457EC 
 160      DBBB6FFF 
 161 0291 E64DDE42 		.ascii	"\346M\336Bo\241u8`\225\026\225Ye\276b+p\364HI\221?`"
 161      6FA17538 
 161      60951695 
 161      5965BE62 
 161      2B70F448 
 162 02a9 F94BFC0B 		.ascii	"\371K\374\013\277\336\003\214\373\312yq9\034\022\376"
 162      BFDE038C 
 162      FBCA7971 
 162      391C12FE 
 163 02b9 40F94F0A 		.ascii	"@\371O\012\351k\254"
 163      E96BAC
 164              		.text
 165              		.section	.gnu.lto__writes.8294d95e713126a3,"",%progbits
 166 0000 789C8D52 		.ascii	"x\234\215R\335KTA\024\2373w\356\335\273\353.J/\301\226"
 166      DD4B5441 
 166      149F3377 
 166      EEDDBBEB 
 166      2E4A2FC1 
 167 0015 1188F810 		.ascii	"\021\210\370\020\356\215|\014\242(\242\236z\350\017"
 167      EE8D7C0C 
 167      A228A29E 
 167      7AE80F
 168 0024 082DC105 		.ascii	"\010-\301\005\267\244\355U\272\352\266\371\024\261\026"
 168      B7A4ED55 
 168      BAEAB6F9 
 168      14B116
 169 0033 08662561 		.ascii	"\010f%a_\326\232\332nik\354CT\017\366a\231k\321'i\031"
 169      5FD69ADA 
 169      6E696BEC 
 169      43540FF6 
 169      61996BD1 
 170 004a 21F905EB 		.ascii	"!\371\005\353Er;g\306\264\354!/\273gf\316\234\337o~"
 170      45723B67 
 170      C6B4EC21 
 170      2FBB6766 
 170      CE9CDF6F 
 171 005f BF33A3B1 		.ascii	"\2773\243\261\177\2772\374s\301\330^\034Ag\300O?e\254"
 171      7FBF32FC 
 171      73C1D85E 
 171      1C4167C0 
 171      4F3F65AC 
 172 0073 CEE45C1B 		.ascii	"\316\344\\\033\262\230\355\021\251\015\314\366j TZ\000"
 172      B298ED11 
 172      A90DCCF6 
 172      6A20545A 
 172      00
 173 0084 D084013B 		.ascii	"\320\204\001;\3165\001\307\341\033\237\342\320\033\237"
 173      CE3501C7 
 173      E11B9FE2 
 173      D01B9F
 174 0093 7D9237CE 		.ascii	"}\2227\316\035\31662\\\366\305\0367\033\264\004A\313"
 174      1DCE3632 
ARM GAS  /var/folders/_f/jzb7lsz153bclt069nvlpp5r0000gn/T//ccBzhvor.s 			page 13


 174      5CF6C51E 
 174      371BB404 
 174      41CB
 175 00a5 CC7073C6 		.ascii	"\314ps\306]\322n\333\365\223\323\337\037yO\354q8g3\234"
 175      5DD26EDB 
 175      F593D3DF 
 175      1F794FEC 
 175      71386733 
 176 00ba C115F0C3 		.ascii	"\301\025\360\303U\360\023\3355(\301\312\330H\213K\333"
 176      55F013DD 
 176      3528C1CA 
 176      D8488B4B 
 176      DB
 177 00cb 0604FA31 		.ascii	"\006\004\3721\375\274\207\027_BP\272\277\333\336.\034"
 177      FDBC8717 
 177      5F4250BA 
 177      BFDBDE2E 
 177      1C
 178 00dc AEC175D0 		.ascii	"\256\301u\320\376\204a\212A\007\024cu<\025\2314\264"
 178      FE84618A 
 178      41071463 
 178      753C1599 
 178      34B4
 179 00ee 1D12F929 		.ascii	"\035\022\371)\3228\342U\310q\205\024pc%R0\270)\221C"
 179      D238E255 
 179      C8718514 
 179      70632552 
 179      30B82991 
 180 0103 239FA342 		.ascii	"#\237\243B\333%\221\211\376\370\303|\205\234WHd^\211"
 180      DB259189 
 180      FEF8C37C 
 180      859C5748 
 180      645E89
 181 0116 C4452714 		.ascii	"\304E'\024S\271\363\340\353I\257\266[B\243g/7\351Em"
 181      53B9F3E0 
 181      EB49AFB6 
 181      5B42A367 
 181      2F37E945 
 182 012b 08FD38FE 		.ascii	"\010\3758\376\342P:r\321^\310\345\300\341:\334\372\233"
 182      E2503A72 
 182      D15EC8E5 
 182      C0E13ADC 
 182      FA9B
 183 013d 407D8898 		.ascii	"@}\210\230\212\374\314\344\031\021\333\266\013\240\013"
 183      8AFCCCE4 
 183      1911DBB6 
 183      0BA00B
 184 014c 8AA821D8 		.ascii	"\212\250!\330\207n0\000\307\3165i;\227\233\351\\\230"
 184      876E3000 
 184      C7CE3569 
 184      3B979BE9 
 184      5C98
 185 015e 5B07F920 		.ascii	"[\007\371 O\344@^\005*0t\012\006\005\027\320\226\211"
 185      4FE4405E 
 185      052A3074 
 185      0A060517 
 185      D09689
ARM GAS  /var/folders/_f/jzb7lsz153bclt069nvlpp5r0000gn/T//ccBzhvor.s 			page 14


 186 0171 53979B82 		.ascii	"S\227\233\202\007\310\226\227\266|\024\030\033EZ\272"
 186      07C89697 
 186      B67C1418 
 186      1B455ABA 
 187 0181 B131148E 		.ascii	"\2611\024\216\2436\014\365\351\301v\220\007\341\261"
 187      A3360CF5 
 187      E9C17690 
 187      07E1B1
 188 0190 594CBF81 		.ascii	"YL\277\201\372dW\302O\251,\027(\355\303\350\263A\223"
 188      FA6457C2 
 188      4FA92C17 
 188      28EDC3E8 
 188      B34193
 189 01a3 EE4F974A 		.ascii	"\356O\227J\023s\027&|\255\320\202vL\254\207\036\262"
 189      13731726 
 189      7CADD082 
 189      764CAC87 
 189      1EB2
 190 01b5 81F973B3 		.ascii	"\201\371s\263M\257\363K7Q\227nC+L\223\001\006\011(\225"
 190      4DAFF34B 
 190      3751976E 
 190      432B4C93 
 190      01060928 
 191 01ca 8C6D6B15 		.ascii	"\214mk\025\241\276:\206\244d \357pG24\234\211\016pE"
 191      A1BE3A86 
 191      A46420EF 
 191      70473234 
 191      9C890E70 
 192 01df 41B29088 		.ascii	"A\262\220\210\275\202\310@\203\177)\347\222\255\034"
 192      BD82C840 
 192      837F29E7 
 192      92AD1C
 193 01ee C3573064 		.ascii	"\303W0dI_\231Bi\013;\222%\353\270%~{.`*\015\312m\262"
 193      495F9942 
 193      690B3B92 
 193      25EBB825 
 193      7E7B2E60 
 194 0207 50B198AB 		.ascii	"P\261\230\253\021\347\202\273R\234\274\240^%\2569:\273"
 194      11E782BB 
 194      529CBCA0 
 194      5E25AE39 
 194      3ABB
 195 0219 28CE9D25 		.ascii	"(\316\235%\230\316\336B\324vQ\212\260\347_\236\212\363"
 195      98CEDE42 
 195      D476518A 
 195      B0E75F9E 
 195      8AF3
 196 022b DA79BBD1 		.ascii	"\332y\273\3216\035\356\236!_\320\007\265L\226{P\206"
 196      361DEE9E 
 196      215FD007 
 196      B54C967B 
 196      5086
 197 023d C33D52C9 		.ascii	"\303=R\311Tr\275\242\361\376WI\007>\025\223Zuo\271U"
 197      5472BDA2 
 197      F1FE5749 
 197      073E1593 
 197      5A756FB9 
ARM GAS  /var/folders/_f/jzb7lsz153bclt069nvlpp5r0000gn/T//ccBzhvor.s 			page 15


 198 0252 29A52666 		.ascii	")\245&f(\022\037\362,z\214\311+^=i\3772\351}(E*\366"
 198      28121FF2 
 198      2C7A8CC9 
 198      2B5E3D69 
 198      FF32E97D 
 199 026a 1EEAD2EF 		.ascii	"\036\352\322\357|\212\030\363_\000\260\345\034\203\241"
 199      7C8A18F3 
 199      5F00B0E5 
 199      1C83A1
 200 0279 A526001F 		.ascii	"\245&\000\037\026Ps\261)[\003\001k\351\267\263*X\021"
 200      165073B1 
 200      295B0301 
 200      6BE9B7B3 
 200      2A5811
 201 028c DCB7FFC0 		.ascii	"\334\267\377\300\226\315\201\262@\231u$lU\225W[\325"
 201      96CD81B2 
 201      40997524 
 201      6C559557 
 201      5BD5
 202 029e C10A2B7C 		.ascii	"\301\012+|\354hey(l\205*C\213\323\300A\306\2035\274"
 202      EC686579 
 202      286C852A 
 202      438BD3C0 
 202      41C68335 
 203 02b3 A2060E6B 		.ascii	"\242\006\016k\241p\315/\231\017k5"
 203      A170CD2F 
 203      990F6B35 
 204              		.text
 205              		.section	.gnu.lto_msObjectInit.8294d95e713126a3,"",%progbits
 206 0000 789C9591 		.ascii	"x\234\225\221\317KTQ\024\307\357\367\3367\317\007c\030"
 206      CF4B5451 
 206      14C7EFF7 
 206      DE37CF07 
 206      6318
 207 0012 ADC4551B 		.ascii	"\255\304U\033\221\010g\"\227\201D-\252M\021\375\001"
 207      91086722 
 207      9781442D 
 207      AA4D11FD 
 207      01
 208 0023 A131E280 		.ascii	"\2411\342\200\203\341\024D \336\021C\002A\351\207\015"
 208      83E11444 
 208      20DE1143 
 208      0241E987 
 208      0D
 209 0034 D4D04222 		.ascii	"\324\320B\"\315\362g\226?2_\331\"\027iB`\026\250\320"
 209      CDF26796 
 209      3F325FD9 
 209      22176942 
 209      6016A8D0 
 210 0048 48B63067 		.ascii	"H\2660gR\262W\210\235sg\220\260\026\371x\217{\317;\347"
 210      52B25788 
 210      9D736790 
 210      B016F978 
 210      8F7BCF3B 
 211 005d FBB9E77E 		.ascii	"\373\271\347~\217\022\177?\005\364]RB\234\246\025J@"
 211      8F127F3F 
 211      05F45D52 
ARM GAS  /var/folders/_f/jzb7lsz153bclt069nvlpp5r0000gn/T//ccBzhvor.s 			page 16


 211      429CA615 
 211      4A40
 212 006f B64C0A11 		.ascii	"\266L\012\021s$\300\033\001Q'Q\207/2-\321\342v\306\375"
 212      7324C01B 
 212      01512751 
 212      872F322D 
 212      D1E276C6 
 213 0084 45F7B4D6 		.ascii	"E\367\264\326\251\372\221\374+\371\236\024bUf0\270\217"
 213      A9FA91FC 
 213      2BF99E14 
 213      62556630 
 213      B88F
 214 0096 222AF15E 		.ascii	"\"*\361^}n\314U\245\020\264\037\352Z{\343_\222\236\304"
 214      7D6ECC55 
 214      A510B41F 
 214      EA5A7BE3 
 214      5F929EC4 
 215 00aa 5E0E87AF 		.ascii	"^\016\207\257\275\216\333\034J\213\303\351\305\205T"
 215      BD8EDB1C 
 215      4A8BC3E9 
 215      C58554
 216 00b9 4E619BD6 		.ascii	"Na\233\326\365\356D\237>lyR\241\035\212x\350@\001\036"
 216      F5EE449F 
 216      3E6C7952 
 216      A11D8A78 
 216      E840011E 
 217 00cd A040D02F 		.ascii	"\240@\320/\201N\024R\365\247\261\236\237~u\304pg\256"
 217      814E1452 
 217      F5A7B19E 
 217      9F7E75C4 
 217      7067AE
 218 00e0 362D6595 		.ascii	"6-e\225\363\031\245\205\207\333\225\226\300#\243|;\021"
 218      F319A585 
 218      87DB9596 
 218      C023A37C 
 218      3B11
 219 00f2 FB98A74E 		.ascii	"\373\230\247N\030\345\332\312\370\373\\\243\\\230\035"
 219      18E5DACA 
 219      F8FB5CA3 
 219      5C981D
 220 0101 9FCCD5C7 		.ascii	"\237\314\325\307=\351C\327v\251O\240\333H\307\227\373"
 220      3DE943D7 
 220      76A94FA0 
 220      DB48C797 
 220      FB
 221 0112 6F429D34 		.ascii	"oB\2354R}k5\341d\016\235\312\034\352C\317?\224\275("
 221      527D6B35 
 221      E1640E9D 
 221      CA1CEA43 
 221      CF3F94BD 
 222 0127 E4F274C3 		.ascii	"\344\362t\303\306\214\337n \253vg,B\037l\320\332\275"
 222      C68CDF6E 
 222      20AB7667 
 222      2C421F6C 
 222      D0DABD
 223 013a C7D59B9B 		.ascii	"\307\325\233\233m]M\243\226\237<\246\333Y\340Nm\360"
 223      6D5D4DA3 
ARM GAS  /var/folders/_f/jzb7lsz153bclt069nvlpp5r0000gn/T//ccBzhvor.s 			page 17


 223      969F3CA6 
 223      DB59E04E 
 223      6DF0
 224 014c A10E0C40 		.ascii	"\241\016\014@$I\302\366/J\311\253\372\200\372\357\215"
 224      2449C2F6 
 224      2F4AC9AB 
 224      FA80FAEF 
 224      8D
 225 015d 738952A6 		.ascii	"s\211R\246\020}>95\355\260\22547\012\007~\334]\336\225"
 225      107D3E39 
 225      35EDB095 
 225      34370A07 
 225      7EDC5DDE 
 226 0172 C0ED98D6 		.ascii	"\300\355\230\326\256\355I{]J\364SC\234\273\263v}6\257"
 226      AEED497B 
 226      5D4AF453 
 226      439CBBB3 
 226      767D36AF 
 227 0186 78BF2773 		.ascii	"x\277's\360\030\011|3\343\302\000\212)\327\332\374n"
 227      F018097C 
 227      33E3C200 
 227      8A29D7DA 
 227      FC6E
 228 0198 50D5FED2 		.ascii	"P\325\376\322q\355P~\203S\177\302sL\330\321|c\020\014"
 228      71ED507E 
 228      83537FC2 
 228      734CD8D1 
 228      7C63100C 
 229 01ac 6FE12A07 		.ascii	"o\341*\007OP\213\247Y\370\335d{\334o\000\356>>\201\013"
 229      4F508BA7 
 229      59F8DD64 
 229      7BDC6F00 
 229      EE3E3E81 
 230 01c1 893E845A 		.ascii	"\211>\204ZA\035\267\366~M\253l\307\377\325\242\205a"
 230      411DB7F6 
 230      7E4DAB6C 
 230      C7FFD5A2 
 230      8561
 231 01d3 D322FB84 		.ascii	"\323\"\373\204\021\024\257\323\024\231\223\336!\307"
 231      1114AFD3 
 231      149993DE 
 231      21C7
 232 01e1 87678663 		.ascii	"\207g\206c|\037e\216\235\351ge\247\234\347\206\243\230"
 232      7C1F658E 
 232      9DE96765 
 232      A79CE786 
 232      A398
 233 01f3 33C61C87 		.ascii	"3\306\034\2079\251\324\2169\256\341X\314ya\254\3372"
 233      39A9D48E 
 233      39AEE158 
 233      CC7961AC 
 233      DF32
 234 0205 D947BF5E 		.ascii	"\331G\277^\222`\0161w\372\030Sy@I\362\200\346N\0278"
 234      92600E31 
 234      77FA1853 
 234      794049F2 
 234      80E64E17 
ARM GAS  /var/folders/_f/jzb7lsz153bclt069nvlpp5r0000gn/T//ccBzhvor.s 			page 18


 235 021a 140804B7 		.ascii	"\024\010\004\267\336\243\225\341\362\360\2513g\017\036"
 235      DEA395E1 
 235      F2F0A933 
 235      670F1E
 236 0229 0894044A 		.ascii	"\010\224\004J\202\325\321`eYU\260*\\\036\214^\250\011"
 236      82D5D160 
 236      655955B0 
 236      2A5C1E8C 
 236      5EA809
 237 023c 9545A2C1 		.ascii	"\225E\242\301H(\222\335\006\316\011\025\211\236\267"
 237      482892DD 
 237      06CE0915 
 237      899EB7
 238 024b CB2F5654 		.ascii	"\313/VT\204j\254h\370rH\205\252\243\277\001\002\321"
 238      846AAC68 
 238      F8724885 
 238      AAA3BF01 
 238      02D1
 239 025d 52D3     		.ascii	"R\323"
 240              		.text
 241              		.section	.gnu.lto_.symbol_nodes.8294d95e713126a3,"",%progbits
 242 0000 789C55CA 		.ascii	"x\234U\312\275\011\200@\024\003\340\230\347\211\205"
 242      BD098040 
 242      1403E098 
 242      E78985
 243 000f 3B386A04 		.ascii	";8j\004A,\035@\344J\247q\011\317?p\010\205\323\342\322"
 243      412C1D40 
 243      E44AA771 
 243      09CF3F70 
 243      0885D3E2 
 244 0024 04BEC400 		.ascii	"\004\276\304\000\264\370\302\215\002\206\005\2200\316"
 244      B4F8C28D 
 244      02860590 
 244      30CE
 245 0032 7D05EE54 		.ascii	"}\005\356T\226J\240\230\312JY*'\225\3772\371\022\356"
 245      964AA098 
 245      CA4A592A 
 245      2795FF32 
 245      F912EE
 246 0045 20FCFBCA 		.ascii	" \374\373\312.\312\305\001MS\302X twm\026\033\017zL"
 246      2ECAC501 
 246      4D53C258 
 246      2074776D 
 246      161B0F7A 
 247 005a 2774     		.ascii	"'t"
 248              		.text
 249              		.section	.gnu.lto_.refs.8294d95e713126a3,"",%progbits
 250 0000 789C6366 		.ascii	"x\234cf``\020`\200\000F\026&VF\026V&f&&&\006&F\006\000"
 250      60601060 
 250      80004616 
 250      26564616 
 250      56266626 
 251 001b 03590038 		.ascii	"\003Y\0008"
 252              		.text
 253              		.section	.gnu.lto_.decls.8294d95e713126a3,"",%progbits
 254 0000 789CAD57 		.ascii	"x\234\255W{L\224\331\025\377\356w\347\001\303\010&\266"
 254      7B4C94D9 
ARM GAS  /var/folders/_f/jzb7lsz153bclt069nvlpp5r0000gn/T//ccBzhvor.s 			page 19


 254      15FFEE77 
 254      E701C308 
 254      26B6
 255 0012 686CB21A 		.ascii	"hl\262\03265\333V\031Vw75\375\243nHV\333\304\352v\267"
 255      3635DB56 
 255      19567737 
 255      35FDA36E 
 255      4856DBC4 
 256 0029 FD67B399 		.ascii	"\375g\263\231\3420\31043\003\231\031jmb\3721\242\"*"
 256      E230C834 
 256      33039919 
 256      6A6D62FA 
 256      31A2222A 
 257 003d F2105111 		.ascii	"\362\020Q\021\035^\272(\213\017@Ep\001\021\027\034\025"
 257      1D5EBA28 
 257      8B0F4045 
 257      70011117 
 257      1C15
 258 004f 105F3C14 		.ascii	"\020_<\024\020\005_\010\"\253<\204\351\271\367~\363"
 258      10055F08 
 258      22AB3C84 
 258      E9B9F77E 
 258      F3
 259 0060 C281B69B 		.ascii	"\302\201\266\233\235pf\276{\3569\277s\356\357\234\357"
 259      9D7066BE 
 259      7BEE39BF 
 259      73EEEF9C 
 259      EF
 260 0071 7C1F98E3 		.ascii	"|\037\230\3438%\317q\016\370\314\016\3428\2149N\006"
 260      3825CF71 
 260      0EF8CC0E 
 260      E2388C39 
 260      4E06
 261 0083 BAB59CFB 		.ascii	"\272\265\234\373C\3265 u \315 \255 r\304q\363@\340\217"
 261      43D63520 
 261      7520CD20 
 261      AD2072C4 
 261      71F340E0 
 262 0098 7B0F715E 		.ascii	"{\017q^\037b\253\000\011$\330 \245 k@*\310&\330\256"
 262      1F62AB00 
 262      0924D820 
 262      A5206B40 
 262      2AC826D8 
 263 00ad 821F3B88 		.ascii	"\202\037;\210\003\244\001\004Br\243 \343 #\314\204b"
 263      03A40104 
 263      4272A320 
 263      E32023CC 
 263      8462
 264 00bf 4CFDD4FD 		.ascii	"L\375\324\375\010\\\2029\341\201[\347\003\267y\012n"
 264      085C8239 
 264      E1815BE7 
 264      03B7790A 
 264      6E
 265 00d0 83886BF7 		.ascii	"\203\210k\367\300%\230\013\340\372\227\350]\\^\304\230"
 265      C025980B 
 265      E0FA97E8 
 265      5D5C5EC4 
ARM GAS  /var/folders/_f/jzb7lsz153bclt069nvlpp5r0000gn/T//ccBzhvor.s 			page 20


 265      98
 266 00e1 87DEC526 		.ascii	"\207\336\305&\\\005\370\300n\361\221\263'\276'\037\274"
 266      5C05F8C0 
 266      6EF191B3 
 266      27BE271F 
 266      BC
 267 00f2 88E30B9F 		.ascii	"\210\343\013\237\324\301\237c\365r\306 \270v1\026\301"
 267      D4C19F63 
 267      F572C620 
 267      B8763116 
 267      C1
 268 0103 7D093208 		.ascii	"}\0112\010\"\005\031\0231\235\370\023\"/\362ij\371\222"
 268      22051913 
 268      319DF813 
 268      222FF269 
 268      6AF992
 269 0116 47E5C5C3 		.ascii	"G\345\305\303\327\002\036\363(P\261\220,\317\247\325"
 269      D7021EF3 
 269      2850B190 
 269      2CCFA7D5 
 270 0126 EF93C152 		.ascii	"\357\223\301R\251\220\220e\351\345\316k\2630\217\310"
 270      A9909065 
 270      E9E5CE6B 
 270      B3308FC8 
 271 0136 75DEBEEE 		.ascii	"u\336\276\356\233\212\305\307\004AH\024\252\253\221"
 271      9B8AC5C7 
 271      04414814 
 271      AAAB91
 272 0145 1BA2A2CF 		.ascii	"\033\242\242\317\332*\307A\324h\344i\337s\204\347\322"
 272      DA2AC741 
 272      D468E469 
 272      DF7384E7 
 272      D2
 273 0156 EBE27BB5 		.ascii	"\353\342{\265\033\000J\246\000\027a\204\364 \3727\250"
 273      1B004AA6 
 273      00176184 
 273      F420FA37 
 273      A8
 274 0167 1B5A1A9B 		.ascii	"\033Z\032\233\244TOTr\260\344G/\235;!C\212E\211\304"
 274      A4544F54 
 274      72B0E447 
 274      2F9D3B21 
 274      438A4589 
 275 017c 3265B3E0 		.ascii	"2e\263\340_\037\310\241\243h>\372\006\315\347\320I\264"
 275      5F1FC8A1 
 275      A3683EFA 
 275      06CDE7D0 
 275      49B4
 276 018e 088CD131 		.ascii	"\010\214\3211\264\230C\337\202\262\030\224\371`8\330"
 276      B49843DF 
 276      82B21894 
 276      F96038D8 
 277 019e 30D98D04 		.ascii	"0\331\215\004A\202N \005*B\230Z\300Ae\012gj|kY\316\371"
 277      41824E20 
 277      052A4298 
 277      5AC04165 
 277      0A676A7C 
ARM GAS  /var/folders/_f/jzb7lsz153bclt069nvlpp5r0000gn/T//ccBzhvor.s 			page 21


 278 01b6 40B44841 		.ascii	"@\264HA\315\267?j\37491?\015\346\307\335\346\340\315"
 278      CDB73F6A 
 278      FC39313F 
 278      0DE6C7DD 
 278      E6E0CD
 279 01c9 EC7D473F 		.ascii	"\354}G?\345#: \347\336\350IBN\344\342\276;\357\021\344"
 279      E5233A20 
 279      E7DEE849 
 279      424EE4E2 
 279      BE3BEF11 
 280 01de 52402E74 		.ascii	"R@.t#\237\236\031\271\304'2\312l\276{V\202s\030\351"
 280      239F9E19 
 280      B9C42732 
 280      CA6CBE7B 
 280      56827318 
 281 01f3 49ED8557 		.ascii	"I\355\205W\345\270\220-\342\217T\354\224\003s\301\012"
 281      E5B8902D 
 281      E28F54EC 
 281      940373C1 
 281      0A
 282 0204 CA7BB2FD 		.ascii	"\312{\262\375@\015\246K\007\331\346\323z\206\013\020"
 282      400DA64B 
 282      07D9E6D3 
 282      7A860B10 
 283 0214 63D12A0C 		.ascii	"c\321*\014\246\011x\036\207\026\317G\277\202P\347!T"
 283      A609781E 
 283      8716CF47 
 283      BF8250E7 
 283      2154
 284 0226 B018EA2C 		.ascii	"\260\030\352,\204:\347\242p\254\213RX\016\231\237qg"
 284      843AE7A2 
 284      70AC8B52 
 284      580E999F 
 284      7167
 285 0238 1EECA6B0 		.ascii	"\036\354\246\260\353N\301\347\276A+\247\003\335\276"
 285      EB4EC1E7 
 285      BE412BA7 
 285      03DDBE
 286 0247 C54E89AE 		.ascii	"\305N\211\256\000\32027h9r\241\242CC\007\222\375$\320"
 286      00D03237 
 286      683972A1 
 286      A2434307 
 286      92FD24D0 
 287 025b FBD4E82B 		.ascii	"\373\324\350+\332l[\317\\\357ET\267F\211. \252\263\355"
 287      DA6C5BCF 
 287      5CEF4554 
 287      B746892E 
 287      20AAB3ED 
 288 026f 29BACDCF 		.ascii	")\272\315\317\315\020\371\233\315(v2\310\241*4\027\276"
 288      CD10F99B 
 288      CD287632 
 288      C8A12A34 
 288      17BE
 289 0281 BF035B86 		.ascii	"\277\003[\206\272\243\263I\211K\030[\017\212'*\321\302"
 289      BAA3B349 
 289      894B185B 
 289      0F8A272A 
ARM GAS  /var/folders/_f/jzb7lsz153bclt069nvlpp5r0000gn/T//ccBzhvor.s 			page 22


 289      D1C2
 290 0293 4342F5C9 		.ascii	"CB\365\311\301\221'\017bS7\013\371B\227\303\261\200"
 290      C191270F 
 290      6253370B 
 290      F94297C3 
 290      B180
 291 02a5 7AA16A57 		.ascii	"z\241jW^\034\271\246y\241\032\264\020\034/6\236\333"
 291      5E1CB9A6 
 291      79A11AB4 
 291      101C2F36 
 291      9EDB
 292 02b7 EBCA83A5 		.ascii	"\353\312\203\245VV\265\277\333o\3724ji\032\027\235i"
 292      5656B5BF 
 292      DB6FFA34 
 292      6A691A17 
 292      9D69
 293 02c9 EC6CABCC 		.ascii	"\354l\253\314\016\300\303,\215\214\207\255M~4\015[v"
 293      0EC0C32C 
 293      8D8C87AD 
 293      4D7E340D 
 293      5B76
 294 02db 9EAC5EA8 		.ascii	"\236\254^\250v8~O\034\320%\217\014.93\250\243\031T\036"
 294      76387E4F 
 294      1CD0258F 
 294      0C2E3933 
 294      A8A31954 
 295 02f0 3925C5A3 		.ascii	"9%\305\243\336E_\305\212\336\2315\232\357O\227\344\356"
 295      DE455FC5 
 295      8ADE9935 
 295      9AEF4F97 
 295      E4EE
 296 0302 0922156A 		.ascii	"\011\"\025j<^\322\255t\226\350\235.\273\002UZ%V\351"
 296      3C5ED2AD 
 296      7496E89D 
 296      2EBB0255 
 296      5A2556E9 
 297 0316 7B50D63B 		.ascii	"{P\326;\253\224\270\353\331F\253\260\0025\300Q.\273"
 297      AB94B8EB 
 297      D946ABB0 
 297      0235C051 
 297      2EBB
 298 0328 ABB4CA5D 		.ascii	"\253\264\312]\244\366\216\235{\2202\311\015K\213\345"
 298      A4F68E9D 
 298      7B9032C9 
 298      0D4B8BE5 
 299 0338 3EB61D29 		.ascii	">\266\035)E\313\347\2439\003JJY\203\253\234\326\304"
 299      45CBE7A3 
 299      39034A4A 
 299      5983AB9C 
 299      D6C4
 300 034a A1515662 		.ascii	"\241QVb\260CWY=[\323\007F\344Nn\2571\335\303\374\026"
 300      B0435759 
 300      3D5BD307 
 300      46E44E6E 
 300      AF31DDC3 
 301 0360 BBD293DC 		.ascii	"\273\322\223\334\006\257(\215\224\334\353Nr\363&\206"
 301      06AF288D 
ARM GAS  /var/folders/_f/jzb7lsz153bclt069nvlpp5r0000gn/T//ccBzhvor.s 			page 23


 301      94DCEB4E 
 301      72F32686 
 302 0370 3331BE8F 		.ascii	"31\276\217)97\007\223\262\002\305\032\027\336\017\332"
 302      29393707 
 302      93B202C5 
 302      1A17DE0F 
 302      DA
 303 0381 2FD8ACC2 		.ascii	"/\330\254\302$\314\031\352\205\232<\030nr2\334L\031"
 303      24CC19EA 
 303      859A3C18 
 303      6E7232DC 
 303      4C19
 304 0393 DEDD525F 		.ascii	"\336\335R_.U\210M\235\370_\232\032\354{\312\362\012"
 304      2E55884D 
 304      9DF85F9A 
 304      1AEC7BCA 
 304      F20A
 305 03a5 03BDA8B8 		.ascii	"\003\275\250\270\341\225d\313\214T\024\357z\022\317"
 305      E19564CB 
 305      8C5414EF 
 305      7A12CF
 306 03b4 4E0D76E8 		.ascii	"N\015v\350&;v\345\325\234\335.*n1]zM\2335pz*\356P*n"
 306      263B76E5 
 306      D59CDD2E 
 306      2A6E315D 
 306      7A4D9B35 
 307 03cf 3BA9C8CF 		.ascii	";\251\310\317\255\377^\212\0371*\332j\306O\310Y\237"
 307      ADFF5E8A 
 307      1F312ADA 
 307      6AC64FC8 
 307      599F
 308 03e1 759E1656 		.ascii	"u\236\026V$\010o\035\016L<\320]\017\032\356:ih\2454"
 308      24086F1D 
 308      0E4C3CD0 
 308      5D0F1AEE 
 308      3A6968A5 
 309 03f6 5C6A6E3F 		.ascii	"\\jn?.\243\323\337\306\232\325~\356\236\202\216\377"
 309      2EA3D3DF 
 309      C69AD57E 
 309      EE9E828E 
 309      FF
 310 0407 9F916547 		.ascii	"\237\221eG\343\205=R\334\317\002\234JHk\237\205\307"
 310      E3853D52 
 310      DCCF029C 
 310      4A486B9F 
 310      85C7
 311 0419 D822B9A7 		.ascii	"\330\"\271\247k\\\201\267I\350\242\274v\342\260\277"
 311      6B5C81B7 
 311      49E8A2BC 
 311      76E2B0BF 
 312 0429 173924AC 		.ascii	"\0279$\254;\355N\02797o\014\010\030g2\267\342\332\354"
 312      3BED4E17 
 312      39376F0C 
 312      08186732 
 312      B7E2DAEC 
 313 043d 34A5975B 		.ascii	"4\245\227[\243\227[\267\313mg\376\301g\0018\233\271"
 313      A3975BB7 
ARM GAS  /var/folders/_f/jzb7lsz153bclt069nvlpp5r0000gn/T//ccBzhvor.s 			page 24


 313      CB6D67FE 
 313      C1670138 
 313      9BB9
 314 044f E567EC2D 		.ascii	"\345g\354-\222\322\034\375h\233uO\266H\275P\252\274"
 314      92D21CFD 
 314      689B754F 
 314      B648BD50 
 314      AABC
 315 0461 501EBA50 		.ascii	"P\036\272P\016\324\244\236\014\302\271\014\345n]\373"
 315      0ED4A49E 
 315      0CC2B90C 
 315      E56E5DFB 
 316 0471 E1202FB7 		.ascii	"\341 /\267Z/\267^\227[ji\3376\005>\302\334\354\017F"
 316      5A2FB75E 
 316      975B6A69 
 316      DF36053E 
 316      C2DCEC0F 
 317 0486 5E2969F0 		.ascii	"^)i\360\331\260\224_\256h\272%A!!!sB\026\205\330\000"
 317      D9B0945F 
 317      AE68BA25 
 317      41212121 
 317      73421685 
 318 049c 6CB0EDD4 		.ascii	"l\260\355\324\310/\240\015/\"Z\272\373@\375s4\307}7"
 318      C82FA00D 
 318      2F225ABA 
 318      FB40FD73 
 318      34C77D37 
 319 04b0 7E40B07F 		.ascii	"~@\260\177\015_\034\261\026\300\222\227\221X\250o\252"
 319      0D5F1CB1 
 319      16C09297 
 319      9158A86F 
 319      AA
 320 04c1 E563E4CB 		.ascii	"\345c\344\313\024\250D]>A\217\022{.\225\266\216 \254"
 320      14A8445D 
 320      3E418F12 
 320      7B2E95B6 
 320      8E20AC
 321 04d4 B070A80D 		.ascii	"\260p\250\015\366\333\311\376=\321\001\232\000\275\200"
 321      F6DBC9FE 
 321      3DD1019A 
 321      00BD80
 322 04e3 FE7E8242 		.ascii	"\376~\202B\3203\220~\220\001\220\247(\2046\205G\034"
 322      D033907E 
 322      900190A7 
 322      28843685 
 322      471C
 323 04f5 E01E3D98 		.ascii	"\340\036=\230\032\247\307\235\022\231 ]\023a~\304\200"
 323      1AA7C79D 
 323      1299205D 
 323      13617EC4 
 323      80
 324 0506 737617E7 		.ascii	"sv\027\347B\351\232<\"\253\017#\334\243G\276QX\272\300"
 324      42E99A3C 
 324      22AB0F23 
 324      DCA347BE 
 324      5158BAC0 
 325 051a 68517A66 		.ascii	"hQzf\255\377\0341o\333tys\323&\015\020\267\337\224\012"
ARM GAS  /var/folders/_f/jzb7lsz153bclt069nvlpp5r0000gn/T//ccBzhvor.s 			page 25


 325      ADFF1C31 
 325      6FDB7479 
 325      73D3260D 
 325      10B7DF94 
 326 052f 72AF5A0E 		.ascii	"r\257Z\016z\004\344\320KW-\217\347\354\352\234\205{"
 326      7A04E4D0 
 326      4B572D8F 
 326      E7ECEA9C 
 326      857B
 327 0541 592D7BAA 		.ascii	"Y-{\252N\216\005\340\247l\321\324\020\337\036\204_\262"
 327      4E8E05E0 
 327      A76CD1D4 
 327      10DF1E84 
 327      5FB2
 328 0553 456D7F49 		.ascii	"Em\177I\006\302\257\331\242\250\257\244\015\3431\272"
 328      06C2AFD9 
 328      A2A8AFA4 
 328      0DE331BA 
 329 0563 900FE70E 		.ascii	"\220\017\347\016\346c4\007*\016\005\367E6\207\336\210"
 329      E6633407 
 329      2A0E05F7 
 329      453687DE 
 329      88
 330 0574 4CBF05A6 		.ascii	"L\277\005\246\307 \321\021\220Q\220q\220\011\017\246"
 330      C720D111 
 330      90519071 
 330      90090FA6 
 331 0584 6DFBF308 		.ascii	"m\373\363\010Gd8\276\202\203\276\231\246\242\036E!\035"
 331      476438BE 
 331      8283BE99 
 331      A6A21E45 
 331      211D
 332 0596 353CD5B4 		.ascii	"5<\325\264\307\273O\272\366\3256*\005\300\205C\243!"
 332      C7BB4FBA 
 332      F6D5362A 
 332      05C08543 
 332      A321
 333 05a8 9FB86EDB 		.ascii	"\237\270n\333\375=\221\325\011\230\342\376\340\033\227"
 333      FD3D91D5 
 333      0998E2FE 
 333      E01B97
 334 05b7 E540AB9D 		.ascii	"\345@\253\235\234'\023\020\261\361Uo\017\244\327S\221"
 334      9C271310 
 334      B1F1556F 
 334      0FA4D753 
 334      91
 335 05c8 3C3A199E 		.ascii	"<:\031\236V%\215C[\340\305i\016\301\264\035\300\010"
 335      56258D43 
 335      5BE0C569 
 335      0EC1B41D 
 335      C008
 336 05da 39C0B6C3 		.ascii	"9\300\266\303\375\374!\001\350\307g+O\002\251\377\013"
 336      FDFC2101 
 336      E8C7672B 
 336      4F02A9FF 
 336      0B
 337 05eb C1647825 		.ascii	"\301dx%<\274\356=\262\035^]!\3603\215\354\336\334\242"
ARM GAS  /var/folders/_f/jzb7lsz153bclt069nvlpp5r0000gn/T//ccBzhvor.s 			page 26


 337      3CBCEE3D 
 337      B21D5E5D 
 337      21F0338D 
 337      ECDEDCA2 
 338 05ff DB72972E 		.ascii	"\333r\227.\236\247\312\323g\266\227\272\037iV\246\274"
 338      9EA7CAD3 
 338      67B697BA 
 338      1F6956A6 
 338      BC
 339 0610 329AFA86 		.ascii	"2\232\372\206y\003\"\332\314\224\337\265\357\350\017"
 339      790322DA 
 339      CC94DFB5 
 339      EFE80F
 340 061f F21CE46B 		.ascii	"\362\034\344k\203=Bo\341\311\034O\340\3059>Tw\325\036"
 340      833D426F 
 340      E1C91C4F 
 340      E0C5393E 
 340      5477D51E 
 341 0633 88E3A56C 		.ascii	"\210\343\245l\274=(|\315\303\034\267\301#m\373\3530"
 341      BC3D287C 
 341      CDC31CB7 
 341      C1236DFB 
 341      EB30
 342 0645 8F471A78 		.ascii	"\217G\032x\241\255\274{\226\3035\233\345\333x2\313/"
 342      A1ADBC7B 
 342      96C3359B 
 342      E5DB7832 
 342      CB2F
 343 0657 E4D70EFA 		.ascii	"\344\327\016\372\343d\206r\376E\307\233@\274\227-\372"
 343      E3648672 
 343      FE45C79B 
 343      40BC972D 
 343      FA
 344 0668 73CBFB95 		.ascii	"s\313\373\225\013\016I\263\005?\032o<\247 \017\323\214"
 344      0B0E49B3 
 344      053F1A6F 
 344      3CA7200F 
 344      D38C
 345 067a 93F80554 		.ascii	"\223\370\005T\263\347\350\356\323\263@\203\266\003\376"
 345      B3E7E8EE 
 345      D3B34083 
 345      B603FE
 346 0689 0E9217B9 		.ascii	"\016\222\027\271%~(\264*\2102\021\002\241\235\354`\267"
 346      257E28B4 
 346      2A883211 
 346      02A19DEC 
 346      60B7
 347 069b D3CF6E65 		.ascii	"\323\317ne\276k\203\251\325\353\336\376SR\027Q\311\314"
 347      BE6B83A9 
 347      D5EBDEFE 
 347      53521751 
 347      C9CC
 348 06ad EA55FD93 		.ascii	"\352U\375\223\3072\252\374L\211v3\335\266\353Y\273\225"
 348      C732AAFC 
 348      4C897633 
 348      DDB6EB59 
 348      BB95
ARM GAS  /var/folders/_f/jzb7lsz153bclt069nvlpp5r0000gn/T//ccBzhvor.s 			page 27


 349 06bf CEE75D0A 		.ascii	"\316\347]\012\323\335\277\266\267M\341I\023l\2114\241"
 349      D3DDBFB6 
 349      B74DE149 
 349      136C8934 
 349      A1
 350 06d0 5D6082D2 		.ascii	"]`\202\322(S\251N\246:l\311\025<\266\261c\245\034\353"
 350      2853A94E 
 350      A63A6CC9 
 350      153CB6B1 
 350      63A51CEB 
 351 06e4 2893E1A3 		.ascii	"(\223\341\243lq\331Z\332\241\300'\330\342`B\327\035"
 351      6C71D95A 
 351      DAA1C027 
 351      D8E26042 
 351      D71D
 352 06f6 9A7906A5 		.ascii	"\232y\006\245\210<x\006\312\223\374\211f\0179\313^\026"
 352      883C7806 
 352      CA93FC89 
 352      660F39CB 
 352      5E16
 353 0708 BDA0A8C4 		.ascii	"\275\240\250\304\341\017Tw\245\014>/\253\3744us\012"
 353      E10F5477 
 353      A50C3E2F 
 353      ABFC3475 
 353      730A
 354 071a 7B43DC2C 		.ascii	"{C\334,\330~C\"\243t'\333(\223$\223\356$|\037%|\240"
 354      D87E4322 
 354      A37427DB 
 354      28932493 
 354      EE247C1F 
 355 0731 6674126D 		.ascii	"ft\022m\032\207\177\207\240R/\376\306\2063<Wi\300\314"
 355      1A877F87 
 355      A0522FFE 
 355      C686333C 
 355      5769C0CC 
 356 0745 F8FA8C00 		.ascii	"\370\372\214\000\272Y\275\211N\323fq\243\340HZ\212\214"
 356      BA59BD89 
 356      4ED36671 
 356      A3E0485A 
 356      8A8C
 357 0757 6DECC274 		.ascii	"m\354\302tB\326\210;\367\277\031\375V\301v\2620}(\324"
 357      42D6883B 
 357      F7BF19FD 
 357      56C176B2 
 357      307D28D4 
 358 076b 893BFDF1 		.ascii	"\211;\375\361o{\371OJ\205D\333\007t\264\221YH\336\345"
 358      6F7BF94F 
 358      4A8544DB 
 358      0774B491 
 358      5948DEE5 
 359 077f C83CDCCF 		.ascii	"\310<\334\317o\2423\361\000\374\222\271\230\005\277"
 359      6FA233F1 
 359      00FC92B9 
 359      9805BF
 360 078e 301BD141 		.ascii	"0\033\321A~\023\315\343y\325-\376\375\034\241\311V}"
 360      7E13CDE3 
 360      79D52DFE 
ARM GAS  /var/folders/_f/jzb7lsz153bclt069nvlpp5r0000gn/T//ccBzhvor.s 			page 28


 360      FD1CA1C9 
 360      567D
 361 07a0 C54A5E0B 		.ascii	"\305J^\013h3Q\224!v\323y\214\256!\362v\200\262\371O"
 361      68335194 
 361      2176D379 
 361      8CAE21F2 
 361      7680B2F9 
 362 07b5 3874887F 		.ascii	"8t\210\177\237\274\012\337-~,\361\272\207\010-\356F"
 362      9FBC0ADF 
 362      2D7E2CF1 
 362      BA87082D 
 362      EE46
 363 07c7 3ECCEE21 		.ascii	">\314\356!\362\013\326\215-"
 363      F20BD68D 
 363      2D
 364 07d0 AD03014E 		.ascii	"\255\003\001Nk+\261\366\352z\250-k]\237\246+=M?\233"
 364      6B2BB1F6 
 364      EA7AA82D 
 364      6B5D9FA6 
 364      2B3D4D3F 
 365 07e5 E9D67C55 		.ascii	"\351\326|U\323~\205\351r\340\206\313e\265|y=3\214\352"
 365      D37E85E9 
 365      72E086CB 
 365      65B57C79 
 365      3D338CEA 
 366 07f9 6CA0CB63 		.ascii	"l\240\313c\272\222,\373\333\300\231\272\253\200vW>\355"
 366      BA922CFB 
 366      DBC099BA 
 366      AB807657 
 366      3EED
 367 080b 2EBA901A 		.ascii	".\272\220\032\314\353\325\026\331\312?\375ea8'\327\031"
 367      CCEBD516 
 367      D9CA3FFD 
 367      65613827 
 367      D719
 368 081d 2DCB96AA 		.ascii	"-\313\226\252-\376j\265x\245V\305\231M*}\214&B\257\012"
 368      2DFE6AB5 
 368      78A556C5 
 368      994D2A7D 
 368      8C2642AF 
 369 0832 D7EAF511 		.ascii	"\327\352\365\021&\325z\215fI\204\311\260\304\030c\324"
 369      26D57A8D 
 369      664984C9 
 369      B0C41863 
 369      D4
 370 0843 2ED146AC 		.ascii	".\321F\254\323-\371h\271ji\330\207\037\207-_\372\261"
 370      D32DF968 
 370      B96A69D8 
 370      871F872D 
 370      5FFAB1
 371 0856 CA6B47A5 		.ascii	"\312kG\2453j\364q\221Z\225!B\023\2553jU\352HmTD\234"
 371      336AF471 
 371      915A9521 
 371      4213AD33 
 371      6A55EA48 
 372 086e DEA2B66C 		.ascii	"\336\242\266l\214\325\232C\243\271/\177\032|\363F\263"
 372      8CD59A43 
ARM GAS  /var/folders/_f/jzb7lsz153bclt069nvlpp5r0000gn/T//ccBzhvor.s 			page 29


 372      A3B92F7F 
 372      1A7CF346 
 372      B3
 373 087f 4A6DB644 		.ascii	"Jm\266DB\326\000\372\307\320P\225\353/<Z\267N\267\346"
 373      42D600FA 
 373      C7D05095 
 373      EB2F3C5A 
 373      B74EB7E6 
 374 0893 0BF5D2B0 		.ascii	"\013\365\322\260\320e\241\313T1f\225&\306`\2101\252"
 374      D065A1CB 
 374      54316695 
 374      26C66088 
 374      31AA
 375 08a5 62634C16 		.ascii	"bcL\026\263\352\323?\257\016_\375O\242\213\325\351\265"
 375      B3EAD33F 
 375      AF0E5FFD 
 375      4FA28BD5 
 375      E9B5
 376 08b7 26B36A65 		.ascii	"&\263jex\270J\023\355\314O\036\007\220\277\245\214\210"
 376      78B84A13 
 376      EDCC4F1E 
 376      0790BFA5 
 376      8C88
 377 08c9 5712756C 		.ascii	"W\022ul\234\345w3G\210\206\323\350u\353Tf\213I\033a"
 377      9CE57733 
 377      478886D3 
 377      E875EB54 
 377      668B491B 
 378 08de 30AB0C5A 		.ascii	"0\253\014Z\203x\031\252\341$\352\365Z\213\314\254\373"
 378      837819AA 
 378      E124EAF5 
 378      5A8BCCAC 
 378      FB
 379 08ef 97566DF9 		.ascii	"\227Vm\371\372\377=>A\005\213)4|\024\272\034\002\273"
 379      FAFF3D3E 
 379      41058B29 
 379      347C14BA 
 379      1C02BB
 380 0902 C8B04402 		.ascii	"\310\260D\002\315\220\274L\0151#\315r\365\006\223\316"
 380      CD90BC4C 
 380      0D3123CD 
 380      72F50693 
 380      CE
 381 0913 A2352B57 		.ascii	"\2425+Wk\0151\246\215_\320L\310\202]\375u\365\227A:"
 381      6B0D31A6 
 381      8D5FD04C 
 381      C8825DFD 
 381      75F59741 
 382 0928 A3D91261 		.ascii	"\243\331\022a\324h\3251QQf\255EJ\035$\304\033\303i1"
 382      D468D531 
 382      515166AD 
 382      454A1D24 
 382      C41BC369 
 383 093d 24FCE34F 		.ascii	"$\374\343O\034\315\341\177\030,\262uqQQZ\223\204\234"
 383      1CCDE17F 
 383      182CB275 
 383      7151515A 
ARM GAS  /var/folders/_f/jzb7lsz153bclt069nvlpp5r0000gn/T//ccBzhvor.s 			page 30


 383      93849C
 384 0950 1B6B63CC 		.ascii	"\033kc\3142\026Ii0\257Y\367w\255\306\362\007\243\316"
 384      32164969 
 384      30AF59F7 
 384      77ADC6F2 
 384      07A3CE
 385 0963 22871319 		.ascii	"\"\207\023\031\343\364zy\224q\2419V\253A\037\312\000"
 385      E3F47A79 
 385      9471A139 
 385      56AB411F 
 385      CA00
 386 0975 4713BB11 		.ascii	"G\023\273\0216,\321\246\230\015\022\2756\"j\315O\324"
 386      362CD1A6 
 386      980D12BD 
 386      36226ACD 
 386      4FD4
 387 0987 321693CE 		.ascii	"2\026\223\316\270\036\262\373\017 \370\244\325"
 387      B81EB2FB 
 387      0F20F8A4 
 387      D5
 388              		.text
 389              		.section	.gnu.lto_.symtab.8294d95e713126a3,"",%progbits
 390 0000 6D734F62 		.ascii	"msObjectInit\000\000\000\000\000\000\000\000\000\000"
 390      6A656374 
 390      496E6974 
 390      00000000 
 390      00000000 
 391 0016 00000701 		.ascii	"\000\000\007\001\000\000"
 391      0000
 392              		.text
 393              		.section	.gnu.lto_.opts,"",%progbits
 394 0000 272D6666 		.ascii	"'-ffp-contract=off' '-fno-trapv' '-mcpu=cortex-m4' "
 394      702D636F 
 394      6E747261 
 394      63743D6F 
 394      66662720 
 395 0033 272D6D74 		.ascii	"'-mthumb' '-mfloat-abi=hard' '-mfpu=fpv4-sp-d16' '-"
 395      68756D62 
 395      2720272D 
 395      6D666C6F 
 395      61742D61 
 396 0066 67676462 		.ascii	"ggdb' '-O2' '-fomit-frame-pointer' '-falign-functio"
 396      2720272D 
 396      4F322720 
 396      272D666F 
 396      6D69742D 
 397 0099 6E733D31 		.ascii	"ns=16' '-ffunction-sections' '-fdata-sections' '-fn"
 397      36272027 
 397      2D666675 
 397      6E637469 
 397      6F6E2D73 
 398 00cc 6F2D636F 		.ascii	"o-common' '-flto' '-fsingle-precision-constant'\000"
 398      6D6D6F6E 
 398      2720272D 
 398      666C746F 
 398      2720272D 
 399              		.text
ARM GAS  /var/folders/_f/jzb7lsz153bclt069nvlpp5r0000gn/T//ccBzhvor.s 			page 31


 400              		.comm	__gnu_lto_v1,1,1
 401              		.comm	__gnu_lto_slim,1,1
 402              		.ident	"GCC: (GNU Tools for ARM Embedded Processors) 4.9.3 20150529 (release) [ARM/embedded-4_9-br
ARM GAS  /var/folders/_f/jzb7lsz153bclt069nvlpp5r0000gn/T//ccBzhvor.s 			page 32


DEFINED SYMBOLS
                            *ABS*:0000000000000000 memstreams.c
                            *COM*:0000000000000001 __gnu_lto_v1
                            *COM*:0000000000000001 __gnu_lto_slim

NO UNDEFINED SYMBOLS
