ARM GAS  /var/folders/_f/jzb7lsz153bclt069nvlpp5r0000gn/T//ccJK8u3t.s 			page 1


   1              		.syntax unified
   2              		.cpu cortex-m4
   3              		.eabi_attribute 27, 1
   4              		.eabi_attribute 28, 1
   5              		.fpu fpv4-sp-d16
   6              		.eabi_attribute 20, 1
   7              		.eabi_attribute 21, 1
   8              		.eabi_attribute 23, 3
   9              		.eabi_attribute 24, 1
  10              		.eabi_attribute 25, 1
  11              		.eabi_attribute 26, 1
  12              		.eabi_attribute 30, 2
  13              		.eabi_attribute 34, 1
  14              		.eabi_attribute 18, 4
  15              		.thumb
  16              		.file	"nullstreams.c"
  17              		.text
  18              	.Ltext0:
  19              		.section	.gnu.lto_.profile.74a4237378728d21,"",%progbits
  20 0000 789C6366 		.ascii	"x\234cf```a\200\000F\006n6\000\000\220\000\032"
  20      60606061 
  20      80004606 
  20      6E360000 
  20      90001A
  21              		.text
  22              		.section	.gnu.lto_.jmpfuncs.74a4237378728d21,"",%progbits
  23 0000 789C6366 		.ascii	"x\234cf\300\016T\2414+\0033###\013\003C=#\210\001\022"
  23      C00E54A1 
  23      342B0333 
  23      2323230B 
  23      03433D23 
  24 0017 626202D3 		.ascii	"bb\002\323\314 \222\005(V\317\000\000\031\346\001O"
  24      CC209205 
  24      2856CF00 
  24      0019E601 
  24      4F
  25              		.text
  26              		.section	.gnu.lto_.inline.74a4237378728d21,"",%progbits
  27 0000 789C6366 		.ascii	"x\234cf\300\016b\2414+\003\0033\023#\003\023\220\311"
  27      C00E62A1 
  27      342B0303 
  27      33132303 
  27      1390C9
  28 0013 B6401E44 		.ascii	"\266@\036D10b\2100a\2100c\210\2600\2600\003E\030_\260"
  28      31306288 
  28      30618830 
  28      6388B030 
  28      B0300345 
  29 002a 33B077A8 		.ascii	"3\260w\250\203\205\030\000\352\223\005^"
  29      83851800 
  29      EA93055E 
  30              		.text
  31              		.section	.gnu.lto_.pureconst.74a4237378728d21,"",%progbits
  32 0000 789C6366 		.ascii	"x\234cf``\340f\200\000V\006\006F\006&\006f\006\026)"
  32      6060E066 
  32      80005606 
  32      06460626 
ARM GAS  /var/folders/_f/jzb7lsz153bclt069nvlpp5r0000gn/T//ccJK8u3t.s 			page 2


  32      06660616 
  33 0015 0001A600 		.ascii	"\000\001\246\0008"
  33      38
  34              		.text
  35              		.section	.gnu.lto_writes.74a4237378728d21,"",%progbits
  36 0000 789C6366 		.ascii	"x\234cf\300\004R@\034\300\310\300\340\006\244\031\231"
  36      C0045240 
  36      1CC0C8C0 
  36      E006A419 
  36      99
  37 0011 19189926 		.ascii	"\031\030\231&\234c`h\344`bd\0041\030\030\031\352\231"
  37      9C636068 
  37      E4606264 
  37      04311818 
  37      19EA99
  38 0024 18EB195F 		.ascii	"\030\353\031_2}db\334\271\356\313Y\356\027L?\231\030"
  38      327D6462 
  38      DCB9EECB 
  38      59EE174C 
  38      3F9918
  39 0037 141880DC 		.ascii	"\024\030\200\334]\223N\314`\003q\031Y@\334\353\327f"
  39      5D934ECC 
  39      60037119 
  39      5940DCEB 
  39      D766
  40 0049 5CE7545F 		.ascii	"\\\347T_\332\320\320\364\341\322\353\343<\255\036?\231"
  40      DAD0D0F4 
  40      E1D2EBE3 
  40      3CAD1E3F 
  40      99
  41 005a 98183E33 		.ascii	"\230\030>310.g\224b\\\301\010\262\207q%\243:P\345\244"
  41      31302E67 
  41      94625CC1 
  41      08B28771 
  41      25A33A50 
  42 0070 1BB3D999 		.ascii	"\033\263\331\231\355\031A\232\336\177\272\260\231Iu"
  42      ED19419A 
  42      DE7FBAB0 
  42      994975
  43 007f 3150D381 		.ascii	"1P\323\201=\233\032\034X~213\256bdF\326\006\024b`\\"
  43      3D9B1A1C 
  43      587E3231 
  43      33AE6264 
  43      46D60614 
  44 0096 CDA80A54 		.ascii	"\315\250\012T\275nO\313\0076f'\260\316\207-\0357x :"
  44      BD6E4FCB 
  44      07366627 
  44      B0CE872D 
  44      1D377820 
  45 00ab EF4374B2 		.ascii	"\357Ct\2620\256A\327\311\302\300\270\026\254\363\312"
  45      30AE41D7 
  45      C9C2C0B8 
  45      16ACF3CA 
  46 00bb 8DC76D2C 		.ascii	"\215\307m,\314\256`\235[\367\256;\306\017\321\371\013"
  46      CCAE609D 
  46      5BF7AE3B 
  46      C60FD1F9 
ARM GAS  /var/folders/_f/jzb7lsz153bclt069nvlpp5r0000gn/T//ccJK8u3t.s 			page 3


  46      0B
  47 00cc A2136832 		.ascii	"\242\023h2\272N g=\243*H\371\307\226\277\327\271\331"
  47      BA4E2067 
  47      3DA32A48 
  47      F9C796BF 
  47      D7B9D9
  48 00df 5A1A1A1A 		.ascii	"Z\032\032\032\004@\336\001\372b\003#\0330\300\030\326"
  48      0440DE01 
  48      FA620323 
  48      1B30C018 
  48      D6
  49 00f0 0B1D68F8 		.ascii	"\013\035h\370\377\377\361\276=\272\314\214\214`\325"
  49      FFFFF1BE 
  49      3DBACC8C 
  49      8C60D5
  50 00ff 0C4F80F2 		.ascii	"\014O\200\362\240`{\012\324\017\244\231\35716\036\270"
  50      A0607B0A 
  50      D40FA499 
  50      EF31361E 
  50      B8
  51 0110 CA0BD2F0 		.ascii	"\312\013\322\360\235\011\244\345\011\220\004\212\003"
  51      9D09A4E5 
  51      0990048A 
  51      03
  52 011d 55D9E8E9 		.ascii	"U\331\350\351\351\303\221sFfR\246\177p\274\221\201\236"
  52      E9C39173 
  52      466652A6 
  52      7F70BC91 
  52      819E
  53 012f B19EB17E 		.ascii	"\261\236\261~~\261~Fb\216~Nf\222~qIQjbn\261~^iN\016"
  53      7EB17E46 
  53      628E7E4E 
  53      66927E71 
  53      49516A62 
  54 014a 94AD97CC 		.ascii	"\224\255\227\314\300\224Y\300\224T\300\230\007\000["
  54      C09459C0 
  54      9454C098 
  54      07005B
  55 0159 A48A83   		.ascii	"\244\212\203"
  56              		.text
  57              		.section	.gnu.lto_reads.74a4237378728d21,"",%progbits
  58 0000 789C6366 		.ascii	"x\234cf\300\004R@\034\305\310\300\340\006\244\031\231"
  58      C0045240 
  58      1CC5C8C0 
  58      E006A419 
  58      99
  59 0011 19189926 		.ascii	"\031\030\231&\234c`h\344`bd\0041\030\030\031\352\231"
  59      9C636068 
  59      E4606264 
  59      04311818 
  59      19EA99
  60 0024 18EB195F 		.ascii	"\030\353\031_2}db\334\271\356\313Y\356\027L?\231\030"
  60      327D6462 
  60      DCB9EECB 
  60      59EE174C 
  60      3F9918
  61 0037 141880DC 		.ascii	"\024\030\200\334]\223N\314`\003q\031Y@\334\353\327f"
ARM GAS  /var/folders/_f/jzb7lsz153bclt069nvlpp5r0000gn/T//ccJK8u3t.s 			page 4


  61      5D934ECC 
  61      60037119 
  61      5940DCEB 
  61      D766
  62 0049 5CE7545F 		.ascii	"\\\347T_\332\320\320\364\341\322\333\343<\255\036?\231"
  62      DAD0D0F4 
  62      E1D2DBE3 
  62      3CAD1E3F 
  62      99
  63 005a 98183E33 		.ascii	"\230\030>310.g\224b\\\301\010\262\207q%\243:P\345\244"
  63      31302E67 
  63      94625CC1 
  63      08B28771 
  63      25A33A50 
  64 0070 1BB3D999 		.ascii	"\033\263\331\231\355\031A\232\336\177\272\260\231Iu"
  64      ED19419A 
  64      DE7FBAB0 
  64      994975
  65 007f 3150D381 		.ascii	"1P\323\201\335\233\032\034X~213\256bdF\326\006\024b"
  65      DD9B1A1C 
  65      587E3231 
  65      33AE6264 
  65      46D60614 
  66 0094 605CCDA8 		.ascii	"`\\\315\250\012T\275nO\313\0076f'\260\316\207-\0357"
  66      0A54BD6E 
  66      4FCB0736 
  66      6627B0CE 
  66      872D1D37 
  67 00a8 78203A6F 		.ascii	"x :o@t\2620\256A\327\311\302\300\270\026\254\363\312"
  67      4074B230 
  67      AE41D7C9 
  67      C2C0B816 
  67      ACF3CA
  68 00bb 8DC76D2C 		.ascii	"\215\307m,\314\256`\235[\367\256;\306\017\321\371\032"
  68      CCAE609D 
  68      5BF7AE3B 
  68      C60FD1F9 
  68      1A
  69 00cc A2136832 		.ascii	"\242\023h2\272N g=\243*H\371\307\226\277\327\271\331"
  69      BA4E2067 
  69      3DA32A48 
  69      F9C796BF 
  69      D7B9D9
  70 00df 5A1A1A1A 		.ascii	"Z\032\032\032\004@\336\001\372b\003#\0330\300\030\326"
  70      0440DE01 
  70      FA620323 
  70      1B30C018 
  70      D6
  71 00f0 0B1D68F8 		.ascii	"\013\035h\370\377\177\361\3663\372@\321'@\014\012\260"
  71      FF7FF1F6 
  71      33FA40D1 
  71      27400C0A 
  71      B0
  72 0101 A7409D40 		.ascii	"\247@\235@\232\371\036c\343\201\357\274 \245@#\356?"
  72      9AF91E63 
  72      E381EFBC 
  72      20A54023 
ARM GAS  /var/folders/_f/jzb7lsz153bclt069nvlpp5r0000gn/T//ccJK8u3t.s 			page 5


  72      EE3F
  73 0113 397F9103 		.ascii	"9\177\221\003\024R@E\214\033\301A\361\204\211\021\244"
  73      14524045 
  73      8C1BC141 
  73      F1848911 
  73      A4
  74 0124 0E2860A3 		.ascii	"\016(`\243\247\247\017G\316\031\231I\231\376\301\361"
  74      A7A70F47 
  74      CE199949 
  74      99FEC1F1 
  75 0134 46067AC6 		.ascii	"F\006z\306z\306\372\371\305\372\031\2119\3729\231I\372"
  75      7AC6FAF9 
  75      C5FA1989 
  75      39FA3999 
  75      49FA
  76 0146 C52545A9 		.ascii	"\305%E\251\211\271\305\372y\24599P\266^2\003Sf\001S"
  76      89B9C5FA 
  76      79A53939 
  76      50B65E32 
  76      03536601 
  77 015b 5201631E 		.ascii	"R\001c\036\000\325\322\217\245"
  77      00D5D28F 
  77      A5
  78              		.text
  79              		.section	.gnu.lto_put.74a4237378728d21,"",%progbits
  80 0000 789C654F 		.ascii	"x\234eO\277KBQ\030\375\316}\017\023\214\210F'\027\221"
  80      BF4B4251 
  80      18FDCE7D 
  80      0F138C88 
  80      46271791 
  81 0014 20DE8B5C 		.ascii	" \336\213\\\203$\227\266\206\376\200\320\010|\360\372"
  81      832497B6 
  81      86FE80D0 
  81      087CF0FA 
  82 0024 41D6EC35 		.ascii	"A\326\3545lh\023\011\012\202\226\010\373\251T\21359"
  82      6C681309 
  82      0A829608 
  82      FBA9548B 
  82      3539
  83 0036 5583A54D 		.ascii	"U\203\245M\005EA\031XKY-o\010\373\256F\004]\356\307"
  83      05454119 
  83      584B592D 
  83      6F08FBAE 
  83      46045DEE 
  84 004b F79D8F73 		.ascii	"\367\235\217s\356=G\243\377\307\313\345\003Q\230;4\202"
  84      EE3D47A3 
  84      FFC7CBE5 
  84      0351983B 
  84      3482
  85 005d 485F1025 		.ascii	"H_\020%\335\002P\003\201\022\002\011<\213\272\300Q\356"
  85      DD025003 
  85      81120209 
  85      3C8BBAC0 
  85      51EE
  86 006f F3DC5313 		.ascii	"\363\334S\023\216 \0371<\316\234\255\270\024\204\256"
  86      8E201F31 
  86      3CCE9CAD 
ARM GAS  /var/folders/_f/jzb7lsz153bclt069nvlpp5r0000gn/T//ccJK8u3t.s 			page 6


  86      B81484AE 
  87 007f E04DBAF1 		.ascii	"\340M\272\361\322\021\330\220R\276=\224O\333\027\206"
  87      D211D890 
  87      52BE3D94 
  87      4FDB1786 
  88 008f 1C21E843 		.ascii	"\034!\350C\020\262\360b\023\352\037l!\300\314\314\365"
  88      10B2F062 
  88      13EA1F6C 
  88      21C0CCCC 
  88      F5
  89 00a0 6A9B3600 		.ascii	"j\2336\000%z}\257\034\012\377\272\224\363\305\302\201"
  89      257A7DAF 
  89      1C0AFFBA 
  89      94F3C5C2 
  89      81
  90 00b1 0CE98ED0 		.ascii	"\014\351\216\320\260\015\355\257\214W\204\035\370\231"
  90      B00DEDAF 
  90      8C57841D 
  90      F899
  91 00bf BD56BB2D 		.ascii	"\275V\273-@\033l*+\225\305%\264\224\245\234\014\301"
  91      401B6C2A 
  91      2B95C525 
  91      B494A59C 
  91      0CC1
  92 00d1 113A765B 		.ascii	"\021:v[\312\036/\272\225N'\354\301\257\310\365\324\327"
  92      CA1E2FBA 
  92      954E27EC 
  92      C1AFC8F5 
  92      D4D7
  93 00e3 95C79562 		.ascii	"\225\307\225bo\235\312\022;\311\301\305\241)\337U\224"
  93      6F9DCA12 
  93      3BC9C1C5 
  93      A129DF55 
  93      94
  94 00f4 8DC663B6 		.ascii	"\215\306c\266\264\257\363\272\312\245R?\261s\356\332"
  94      B4AFF3BA 
  94      CAA5523F 
  94      B173EEDA 
  95 0104 1D92C5E5 		.ascii	"\035\222\305\345\023(2?r_-_\272U^f!\337\014T\025PD^"
  95      1328323F 
  95      725F2D5F 
  95      BA555E66 
  95      21DF0C54 
  96 011c F41B86F9 		.ascii	"\364\033\206\371{\3031+j\015\217\214\366\365\032A#h"
  96      7BC3312B 
  96      6A0D8F8C 
  96      F6F51A41 
  96      2368
  97 012e 4EC5CD58 		.ascii	"N\305\315X\3046m+j\306gg\306#\023qsr\316\266\177fc\214"
  97      C4366D2B 
  97      6AC66767 
  97      C6231371 
  97      7372CEB6 
  98 0146 84358DE8 		.ascii	"\2045\215\3507\233S{("
  98      379B537B 
  98      28
  99              		.text
ARM GAS  /var/folders/_f/jzb7lsz153bclt069nvlpp5r0000gn/T//ccJK8u3t.s 			page 7


 100              		.section	.gnu.lto_get.74a4237378728d21,"",%progbits
 101 0000 789C6366 		.ascii	"x\234cf\300\004R@\374\022\210\035\201\230\221\231\201"
 101      C0045240 
 101      FC12881D 
 101      81989199 
 101      81
 102 0011 9169C239 		.ascii	"\221i\3029\006\206F\016&FF\020\203\201\221\241\236\211"
 102      0686460E 
 102      26464610 
 102      838191A1 
 102      9E89
 103 0023 B19EF125 		.ascii	"\261\236\361%\323G&\306\235\353\276\234\345~\301\364"
 103      D34726C6 
 103      9DEBBE9C 
 103      E57EC1F4 
 104 0033 93894181 		.ascii	"\223\211A\201\001\310\3355\351\304\0146\020\227\221"
 104      01C8DD35 
 104      E9C40C36 
 104      109791
 105 0042 05C4BD3D 		.ascii	"\005\304\275=\341\377+>\365\245\015\015\015\037\036"
 105      E1FF2B3E 
 105      F5A50D0D 
 105      0D1F1E
 106 0051 6DAC9839 		.ascii	"m\254\2309e\001P\206\211\3413\023\003\343rF)\306\025"
 106      65015086 
 106      89E13313 
 106      03E37246 
 106      29C615
 107 0064 8C208B18 		.ascii	"\214 \213\030W2\252\003\225N\2721\233\235\331\236\021"
 107      5732AA03 
 107      954EBA31 
 107      9B9DD99E 
 107      11
 108 0075 A4EBFDA7 		.ascii	"\244\353\375\247\013\233\231T\027744\035\330\261\251"
 108      0B9B9954 
 108      17373434 
 108      1DD8B1A9 
 109 0085 C181E527 		.ascii	"\301\201\345'\0233\343*Ffdm@!\006\306\325\214\252 \345"
 109      1333E32A 
 109      4666646D 
 109      402106C6 
 109      D58CAA20 
 110 009a 1F5BFE5E 		.ascii	"\037[\376^\347fk\001Z\"\0002\032h\342\032F6F \275^\350"
 110      E7666B01 
 110      5A220032 
 110      1A68E21A 
 110      46364620 
 111 00b1 40C3FFFF 		.ascii	"@\303\377\377\213\347\355\331\314\002\024~\002\304 "
 111      8BE7EDD9 
 111      CC02147E 
 111      02C420
 112 00c0 E73F05BA 		.ascii	"\347?\005\272\000H3\337cl<\260\365\030#H1\320\220%\027"
 112      004833DF 
 112      636C3CB0 
 112      F5182348 
 112      31D09025 
 113 00d5 EF5F6406 		.ascii	"\357_d\0069\234\211\205\201q-\330aO\230\030A\012\201"
ARM GAS  /var/folders/_f/jzb7lsz153bclt069nvlpp5r0000gn/T//ccJK8u3t.s 			page 8


 113      399C8985 
 113      81712DD8 
 113      614F9818 
 113      410A81
 114 00e8 DA6CF4F4 		.ascii	"\332l\364\364\364\341\3109#3)\323?8\336\310@\317X\317"
 114      F4E1C839 
 114      233329D3 
 114      3F38DEC8 
 114      40CF58CF 
 115 00fc 583FBF58 		.ascii	"X?\277X?#1G?'3I\277\270\244(51\267X?\2574'\007\312\326"
 115      3F233147 
 115      3F273349 
 115      BFB8A428 
 115      3531B758 
 116 0117 4B6660CA 		.ascii	"Kf`\312,\000\000\202\273iG"
 116      2C000082 
 116      BB6947
 117              		.text
 118              		.section	.gnu.lto_nullObjectInit.74a4237378728d21,"",%progbits
 119 0000 789C658F 		.ascii	"x\234e\217\317KTQ\024\307\317\367\334\347c`\210\302"
 119      CF4B5451 
 119      14C7CFF7 
 119      DCE76360 
 119      88C2
 120 0012 95CC42DC 		.ascii	"\225\314B\334\210\213\360\275\320\215\013\3010p\353"
 120      888BF0BD 
 120      D08D0BC1 
 120      3070EB
 121 0021 C23F4034 		.ascii	"\302?@4\004\007&\223F\227\203w\006\303U8j\350\210\212"
 121      04072693 
 121      46978377 
 121      06C35538 
 121      6AE8888A 
 122 0035 0B097F95 		.ascii	"\013\011\177\225\226!j\270xK]\230\010\222\250P\233\021"
 122      96216AB8 
 122      784B5D98 
 122      0892A850 
 122      9B11
 123 0047 6C216489 		.ascii	"l!d\211\372\010\261sF\011\301\307}\334s\356\371\336"
 123      FA08B173 
 123      4609C1C7 
 123      7DDC73EE 
 123      F9DE
 124 0059 CFF77B0D 		.ascii	"\317\367{\015\335\377b\362\367\201\250^v\030\002g\277"
 124      DDFF62F2 
 124      F781A85E 
 124      76180267 
 124      BF
 125 006a 12A5230C 		.ascii	"\022\245#\014hA\240\036F\017~\362)#\033\314\347\242"
 125      6841A01E 
 125      460F7EF2 
 125      29231BCC 
 125      E7A2
 126 007c 15EFACB5 		.ascii	"\025\357\254\265\2772+%\257KB&\372\3037\030L\243B$\033"
 126      BF322B25 
 126      AF4B4226 
 126      FAC33718 
ARM GAS  /var/folders/_f/jzb7lsz153bclt069nvlpp5r0000gn/T//ccJK8u3t.s 			page 9


 126      4CA34224 
 127 0091 87236FD8 		.ascii	"\207#o\330\324\201\244^[8\333\212\036s\310(\323\366"
 127      D481A45E 
 127      5B38DB8A 
 127      1E73C828 
 127      D3F6
 128 00a3 CBE046CE 		.ascii	"\313\340F\316\325\226\035m/\323\243\003N\371\224\265"
 128      D5961D6D 
 128      2FD3A303 
 128      4EF994B5 
 129 00b3 996073C9 		.ascii	"\231`s\311>uB6\230\201\021\036f\021\303\034b$G\204y"
 129      3E754236 
 129      9881111E 
 129      6611C31C 
 129      62244784 
 130 00c8 94ABFCB4 		.ascii	"\224\253\374\264\367j/\352\366\212\367\243\033O\274"
 130      F76A2FEA 
 130      F68AF7A3 
 130      1B4FBC
 131 00d7 872BB169 		.ascii	"\207+\261i\2618\260\327\327S\323\353+\216#\241UNy\021"
 131      B138B0D7 
 131      D753D3EB 
 131      2B8E23A1 
 131      554E7911 
 132 00eb 68FA2366 		.ascii	"h\372#f\335\315\0012\347}\337\306j\364\216\260~\344"
 132      DDCD0132 
 132      E77DDFC6 
 132      6AF48EB0 
 132      7EE4
 133 00fd B777229A 		.ascii	"\267w\"\232\304\220\242\227/'O\036L`,mm\340\206\354"
 133      C490A297 
 133      2F274F1E 
 133      4C602C6D 
 133      6DE086EC 
 134 0111 5C30E383 		.ascii	"\\0\343\203\330\353l\374lh\377a\345\343\220\213\260"
 134      D8EB6CFC 
 134      6C68FF61 
 134      E5E3908B 
 134      B0
 135 0122 8009FC2E 		.ascii	"\200\011\374.\274\026\213\250\224\331p\377\356\252I"
 135      BC168BA8 
 135      94D970FF 
 135      EEAA49
 136 0131 FDB5391B 		.ascii	"\375\2659\033\221\371\225\216\356\302\213\012\355l\377"
 136      91F9958E 
 136      EEC28B0A 
 136      ED6CFF
 137 0140 DB55283C 		.ascii	"\333U(<\253*\027\037\221\302\247[\370d~&\027-\000\202"
 137      AB2A171F 
 137      91C2A75B 
 137      F8647E26 
 137      172D0082 
 138 0154 52755812 		.ascii	"RuX\022\241\320?#E\337\221\016.\0324\257\032\346\031"
 138      A1D03F23 
 138      45DF910E 
 138      2E1A34AF 
 138      1AE619
ARM GAS  /var/folders/_f/jzb7lsz153bclt069nvlpp5r0000gn/T//ccJK8u3t.s 			page 10


 139 0167 FA0E71A8 		.ascii	"\372\016q\250\365<\377\377z\326\036o\215765W=\361\252"
 139      F53CFFFF 
 139      7AD61E6F 
 139      8D373635 
 139      573DF1AA 
 140 017b BD6AFF65 		.ascii	"\275j\377e\322ooI\370\211x\253\237\354z\325\326\362"
 140      D26F6F49 
 140      F88978AB 
 140      9FEC7AD5 
 140      D6F2
 141 018d 22E97774 		.ascii	"\"\351wt'\022\267\265\367\234LG\262\363\037\022\247"
 141      2712B7B5 
 141      F79C4C47 
 141      B2F31F12 
 141      A7
 142 019e A103     		.ascii	"\241\003"
 143              		.text
 144              		.section	.gnu.lto_.symbol_nodes.74a4237378728d21,"",%progbits
 145 0000 789C6366 		.ascii	"x\234cf``Hf\200\002\246\307L\365\014\014\023\31610\324"
 145      60604866 
 145      8002A6C7 
 145      4CF50C0C 
 145      13CE3130 
 146 0015 D733CC59 		.ascii	"\3273\314Y\321\301\303\300\364\204\251\236\021U\344"
 146      D1C1C3C0 
 146      F484A99E 
 146      1155E4
 147 0024 29533D13 		.ascii	")S=\023\252\3103\246zfT\221\027L\365,0\221y\0138\030"
 147      AAC833A6 
 147      7A665491 
 147      174CF52C 
 147      3091790B 
 148 003a 589F3331 		.ascii	"X\23731,\000\251\002\000\016\361\035\376"
 148      2C00A902 
 148      000EF11D 
 148      FE
 149              		.text
 150              		.section	.gnu.lto_.refs.74a4237378728d21,"",%progbits
 151 0000 789C6366 		.ascii	"x\234cf``\020`\200\000F\026&VF\026V&\006&F&&&f\006\000"
 151      60601060 
 151      80004616 
 151      26564616 
 151      56260626 
 152 001b 03470038 		.ascii	"\003G\0008"
 153              		.text
 154              		.section	.gnu.lto_.decls.74a4237378728d21,"",%progbits
 155 0000 789CAD56 		.ascii	"x\234\255V}PTU\024\177g\337~\300\262\2023\2266\3264"
 155      7D505455 
 155      147F67DF 
 155      7EC0B282 
 155      339636D6 
 156 0015 8CCD30D5 		.ascii	"\214\3150\325(\217\260\234\234q\246\032\376\260\232"
 156      288FB09C 
 156      9C71A61A 
 156      FEB09A
 157 0024 31ACAC7F 		.ascii	"1\254\254\177\232f\203u\225m\226\305a\037Y\3158=\261"
 157      9A668375 
ARM GAS  /var/folders/_f/jzb7lsz153bclt069nvlpp5r0000gn/T//ccJK8u3t.s 			page 11


 157      956D96C5 
 157      611F59CD 
 157      383DB1
 158 0037 8C188480 		.ascii	"\214\030\204\200\374\2002\226@\212@\300ruQT\0241t\345"
 158      FC803296 
 158      408A40C0 
 158      72755154 
 158      143174E5 
 159 004b 4B404052 		.ascii	"K@@R\276D\324\024\020\321 \215\355\334\373\336\333\267"
 159      BE44D414 
 159      10D1208D 
 159      EDDCFBDE 
 159      DBB7
 160 005d 4B8B4D53 		.ascii	"K\213MSo\366\356\336{\3569\277\363\365\273\367-\313"
 160      6FF6EEDE 
 160      7BEE39BF 
 160      F3F5BBF7 
 160      2DCB
 161 006f 30CC7BC0 		.ascii	"0\314{\3000\036|V\2060L\242\212a\264([\315(\217\006"
 161      301E7C56 
 161      86304CA2 
 161      8A61B428 
 161      5BCD288F 
 162 0084 C7511CF5 		.ascii	"\307Q\034\3658:pt\343\370\003\0070\362\227\362\034\225"
 162      383A7074 
 162      E3F80307 
 162      30F297F2 
 162      1C95
 163 0096 F4437118 		.ascii	"\364Cq\030p\354\305\021\213\303%\355\203\2443\363\251"
 163      70ECC511 
 163      8BC325ED 
 163      83A433F3 
 163      A9
 164 00a7 9FC5EE98 		.ascii	"\237\305\356\230\217]}\000\273\216\031v-\222\235\323"
 164      8F5D7D00 
 164      BB8E1976 
 164      2D929DD3 
 165 00b7 C7AE2380 		.ascii	"\307\256#\200\035\311A\035\300N\266\351\016`Cr\3261"
 165      1DC9411D 
 165      C04EB6E9 
 165      0E604372 
 165      D631
 166 00c9 626D64BB 		.ascii	"bmd\273\2738&p\214\342\030\221l\307\245\337\331jtK\005"
 166      BB382670 
 166      8CE21891 
 166      6CC7A5DF 
 166      D96A744B 
 167 00de D515138D 		.ascii	"\325\025\023\215!WU\020\252\017'\313C9\015\273\264\270"
 167      21575510 
 167      AA0F27CB 
 167      43390DBB 
 167      B4B8
 168 00f0 34E8D564 		.ascii	"4\350\325dYS\262O\303\252\200L\213v\365\267\353\027"
 168      5953B24F 
 168      C3AA804C 
 168      8B76F5B7 
 168      EB17
ARM GAS  /var/folders/_f/jzb7lsz153bclt069nvlpp5r0000gn/T//ccJK8u3t.s 			page 12


 169 0102 FF280842 		.ascii	"\377(\010B\232P\333\000\012\302\346\222\303\031:4yY"
 169      9A50DB00 
 169      0AC2E692 
 169      C3193A34 
 169      7959
 170 0114 4F97BD5F 		.ascii	"O\227\275_O\025\007\323%\351d\030\212T\315e?\367\033"
 170      4F1507D3 
 170      25E96418 
 170      8A54CD65 
 170      3FF71B
 171 0127 401F9126 		.ascii	"@\037\221&\010\251\302\227[\204\340\206P\006\276\207"
 171      08A9C297 
 171      5B84E086 
 171      5006BE87 
 172 0137 85F0032C 		.ascii	"\205\360\003,d\240\002\"P\031~\204\305\014\224\241\260"
 172      64A00222 
 172      50197E84 
 172      C50C94A1 
 172      B0
 173 0148 1C85C5E8 		.ascii	"\034\205\305\350f\354\207\256\246\005\202\240\206\275"
 173      66EC87AE 
 173      A60582A0 
 173      86BD
 174 0156 A0875260 		.ascii	"\240\207R`\251\006\246@\374\314p=_t\235\351\316?\316"
 174      A906A640 
 174      FCCC703D 
 174      5F749DE9 
 174      CE3FCE
 175 0169 D2A58786 		.ascii	"\322\245\207\206\274\263\265\353\240\232\265\321yzO"
 175      BCB3B5EB 
 175      A09AB5D1 
 175      797A4F
 176 0178 E9591DFB 		.ascii	"\351Y\035\373\001\231\253r\006'\366\200\034\317X\216"
 176      0199AB72 
 176      0627F680 
 176      1CCF588E 
 177 0188 C03EC2C0 		.ascii	"\300>\302\300\342\205\360\024\006\263\037\203\231/\005"
 177      E285F014 
 177      06B31F83 
 177      992F05
 178 0197 5389C154 		.ascii	"S\211\301T\311\301\244\355\311z\214\004\3633\006\363"
 178      C9C1A4ED 
 178      C97A8C04 
 178      F33306F3 
 179 01a7 9312CC7C 		.ascii	"\223\022\314|o0\252\276\316=\257\007\006=0\033h\303"
 179      6F30AABE 
 179      CE3DAF07 
 179      063D301B 
 179      68C3
 180 01b9 E7EE8709 		.ascii	"\347\356\207\011\250\023A\367)\240\350\303\233bV[C\265"
 180      A81341F7 
 180      29A0E8C3 
 180      9B62565B 
 180      43B5
 181 01cb 462F81A6 		.ascii	"F/\201\246\375\003(\352\017:\213JC\015\351J\245\341"
 181      FD0328EA 
 181      0F3A8B4A 
ARM GAS  /var/folders/_f/jzb7lsz153bclt069nvlpp5r0000gn/T//ccJK8u3t.s 			page 13


 181      430DE94A 
 181      A5E1
 182 01dd 2082CBC5 		.ascii	" \202\313\305f\300\005\006\011\371\306T\341\250A\215"
 182      66C00506 
 182      09F9C654 
 182      E1A8418D 
 183 01ed A78C16F8 		.ascii	"\247\214\026\370\035\332\357\212m\3276\353\250\014\365"
 183      1DDAEF8A 
 183      6DD736EB 
 183      A80CF5
 184 01fc A01A4412 		.ascii	"\240\032D\022\234-\314\022\205\261\0068$\312r\217_H"
 184      9C2DCC12 
 184      85B10638 
 184      24CA728F 
 184      5F48
 185 020e 0D5DB01D 		.ascii	"\015]\260\035\223 n\346\212MR\274\324\300\002\374>\014"
 185      93206EE6 
 185      8A4D52BC 
 185      D4C002FC 
 185      3E0C
 186 0220 6AD155F9 		.ascii	"j\321U\371\227\007\357\352X\247H\244\003wO\275\034\376"
 186      9707EFEA 
 186      58A748A4 
 186      03774FBD 
 186      1CFE
 187 0232 ADD05235 		.ascii	"\255\320R5v\277\2643,Op\244\012\323\036l\0301\202#\336"
 187      76BFB433 
 187      2C4F70A4 
 187      0AD31E6C 
 187      18318223 
 188 0247 2A30642E 		.ascii	"*0d.\236\202\243\020\216v=\277f|\005~\2319\375|\036"
 188      9E82A310 
 188      8E763DBF 
 188      667C057E 
 188      9939FD7C 
 189 025c 7B6066A9 		.ascii	"{`f\251i\343SAT\206zP+f\321\235;:\351\315\354\270(\273"
 189      69E35341 
 189      54867A50 
 189      2B66D19D 
 189      3B3AE9CD 
 190 0274 5CDCE636 		.ascii	"\\\334\3466\314\236Y\035\315\354\204\234\331\265\222"
 190      CC9E591D 
 190      CDEC849C 
 190      D9B592
 191 0283 CE2321EC 		.ascii	"\316#!\354\224\230\331/uU\347\201\246\346\270\371\223"
 191      9498D92F 
 191      7555E781 
 191      A6E6B8F9 
 191      93
 192 0294 F0E2A7C2 		.ascii	"\360\342\247\302}\217\207%\026p\322'\255\223rZ\3654"
 192      7D8F8725 
 192      1670D227 
 192      AD93725A 
 192      F534
 193 02a6 ADFDA77A 		.ascii	"\255\375\247z\033\347\260\036\021\341\360pj\267\216"
 193      1BE7B01E 
 193      11E1F070 
ARM GAS  /var/folders/_f/jzb7lsz153bclt069nvlpp5r0000gn/T//ccJK8u3t.s 			page 14


 193      6AB78E
 194 02b5 FD8CA58B 		.ascii	"\375\214\245\213\311\353\3037\200\335&.*.\326mDjk\365"
 194      C9EBC337 
 194      80DD262E 
 194      2A2ED66D 
 194      446A6BF5 
 195 02c9 24B04972 		.ascii	"$\260Ir\264\340\023\024\237nkn\321P9\021\351\010\017"
 195      B4E01314 
 195      9F6E6B6E 
 195      D1503911 
 195      E9080F
 196 02dc A74EBA2A 		.ascii	"\247N\272*\265\"\021\205\277\237\266\263H\033\255D\233"
 196      B5221185 
 196      BF9FB6B3 
 196      481BAD44 
 196      9B
 197 02ed D3283CE3 		.ascii	"\323(<\343%\370P\001%\270\033\323mP\270\250U\010\336"
 197      25F85001 
 197      25B81BD3 
 197      6D50B8A8 
 197      5508DE
 198 0300 ED2C3C14 		.ascii	"\355,<\024\012\021z\221\272\303\315\224\272M\250\376"
 198      0A117A91 
 198      BAC3CD94 
 198      BA4DA8FE 
 199 0310 8BA2EE96 		.ascii	"\213\242\356\226\251\033\330{c\000\357\210\374\335\271"
 199      A91BD87B 
 199      6300EF88 
 199      FCDDB9
 200 031f C1749091 		.ascii	"\301t\220\221+ov>N\220[\020\371\224\202\334\364`\344"
 200      2B6F763E 
 200      4E905B10 
 200      F99482DC 
 200      F460E4
 201 0332 E680C8F0 		.ascii	"\346\200\310\360\355x~\246\330v\247\227\012[\0174]\001"
 201      ED787EA6 
 201      D876A797 
 201      0A5B0F34 
 201      5D01
 202 0344 B9EBAD62 		.ascii	"\271\353\255b\327\035_\225\237W\371v\275\305\257\353"
 202      D71D5F95 
 202      9F57F976 
 202      BDC5AFEB 
 203 0354 6DB4EBE7 		.ascii	"m\264\353\347\344\256\347\037\317\256\012c\007\304\316"
 203      E4AEE71F 
 203      CFAE0A63 
 203      07C4CE
 204 0363 8C9EB99A 		.ascii	"\214\236\271\232\245\222\010}\272\300\227\320h\005\355"
 204      A592087D 
 204      BAC097D0 
 204      6805ED
 205 0372 3E9D6F97 		.ascii	">\235o\227;\337A;\177\242\331\265\303\033\207\030\232"
 205      3BDF413B 
 205      7FA2D9B5 
 205      C31B8718 
 205      9A
 206 0383 F3585E7F 		.ascii	"\363X^\177\320\354at\3220\316\313ad\357\037\376\\\317"
ARM GAS  /var/folders/_f/jzb7lsz153bclt069nvlpp5r0000gn/T//ccJK8u3t.s 			page 15


 206      D0EC6174 
 206      D230CECB 
 206      6164EF1F 
 206      FE5CCF
 207 0396 5E11C3A8 		.ascii	"^\021\303\250,\353\276b\020\311\227Y\244m\020j=\236"
 207      2CEBBE62 
 207      10C99759 
 207      A46D106A 
 207      3D9E
 208 03a8 17880174 		.ascii	"\027\210\001t\371D\320%G\320M#\250\331\366M\236\226"
 208      F944D025 
 208      47D04D23 
 208      A8D9F64D 
 208      9E96
 209 03ba BD2E029C 		.ascii	"\275.\002\234l\355)\323\3227\201\203\256\267\273]\027"
 209      6CED29D3 
 209      D2378183 
 209      AEB7BB5D 
 209      17
 210 03cb F5F455F0 		.ascii	"\365\364U\360\020Y\016\235\273\223\251c\357\210\272"
 210      10590E9D 
 210      BB93A963 
 210      EF88BA
 211 03da 99837DF7 		.ascii	"\231\203}\367\364\354\0265]T\327\375Y\020\354w0\311"
 211      F4EC1635 
 211      5D54D7FD 
 211      5910EC77 
 211      30C9
 212 03ec 4956A2EE 		.ascii	"IV\242\356\365\036\314\366s\243\002\313\346\212f\025"
 212      F51ECCF6 
 212      73A302CB 
 212      E68A6615 
 213 03fc 75BB730C 		.ascii	"u\273s\014~fu~f\375^\263\214\342o~\013a\363D\263\342"
 213      7E66757E 
 213      66FD5EB3 
 213      8CE26F7E 
 213      0B61F344 
 214 0412 ED3BCA35 		.ascii	"\355;\31254\254 z\256\373\247\3334~(m~(\227\275(]\365"
 214      34AC207A 
 214      AEFBA7DB 
 214      347E286D 
 214      7E2897BD 
 215 0429 3D05617E 		.ascii	"=\005a~\232\235~\232C^M\367\300\344m\003u1\027\227\272"
 215      9A9D7E9A 
 215      435E4DF7 
 215      C0E46D03 
 215      75311797 
 216 043e CAFCD6CF 		.ascii	"\312\374\326\317\202a\336\"|\"\026e\323\336\010\302"
 216      8261DE22 
 216      7C221665 
 216      D3DE08C2 
 217 044e 8B3C033D 		.ascii	"\213<\003=h\373+!\337E,\3610\314#e\206\033H\304\253"
 217      68FB2B21 
 217      DF452CF1 
 217      30CC2365 
 217      861B48C4 
 218 0463 B008AEE3 		.ascii	"\260\010\256\343\370\015\307M\034\327`\021-\273\003"
ARM GAS  /var/folders/_f/jzb7lsz153bclt069nvlpp5r0000gn/T//ccJK8u3t.s 			page 16


 218      F80DC74D 
 218      1CD76011 
 218      2DBB03
 219 0472 9D8F1DDD 		.ascii	"\235\217\035\335\347z\024Ir\002\350\315rI2\365\022\371"
 219      E77A1449 
 219      7202E8CD 
 219      724932F5 
 219      12F9
 220 0484 4912CBD3 		.ascii	"I\022\313\323\013%m\0015UZ\022\033\355\243\237\346\025"
 220      0B256D01 
 220      35555A12 
 220      1BEDA39F 
 220      E615
 221 0496 08A48AD5 		.ascii	"\010\244\212\325\206\276\200\240\337\303\014U\2540\014"
 221      86BE80A0 
 221      DFC30C55 
 221      AC300C
 222 04a5 CC541D54 		.ascii	"\314T\035TP\311q\354\273\031\025D\024\030\231C\2147"
 222      50C971EC 
 222      BB191544 
 222      14189943 
 222      8C37
 223 04b7 93BE9112 		.ascii	"\223\276\221\022mC\024\2510ey\000\024\321#!\347\231"
 223      6D4314A9 
 223      30657900 
 223      14D12321 
 223      E799
 224 04c9 F1A6E079 		.ascii	"\361\246\340yR\355\034\263\325\216\231\265p\344Ex\366"
 224      52ED1CB3 
 224      D58E99B5 
 224      70E44578 
 224      F6
 225 04da E079FF46 		.ascii	"\340y\377F\217\3708d`\324\333\276\262\302m\275s\330"
 225      8FF83864 
 225      60D4DBBE 
 225      B2C26DBD 
 225      73D8
 226 04ec 1E4A17F6 		.ascii	"\036J\027\366R\343\221\342\020l^D\266t\250\210s\305"
 226      52E391E2 
 226      106C5E44 
 226      B674A888 
 226      73C5
 227 04fe EA96D4B5 		.ascii	"\352\226\324\265\333\330\265q\237.\365\245\0156\033"
 227      DBD8B571 
 227      9F2EF5A5 
 227      0D361B
 228 050d 04CC0E61 		.ascii	"\004\314\016aa\014C\274\025\270G\264D\323\321Ad\177"
 228      610C43BC 
 228      15B847B4 
 228      44D3D141 
 228      647F
 229 051f 4689F05E 		.ascii	"F\211\360^\313\257\276]\023\004\363\002\372\206;\350"
 229      CBAFBE5D 
 229      1304F302 
 229      FA863BE8 
 230 052f 32907B0A 		.ascii	"2\220{\012\231n\012\202\011\334\274\240\\\200\304\203"
 230      996E0A82 
ARM GAS  /var/folders/_f/jzb7lsz153bclt069nvlpp5r0000gn/T//ccJK8u3t.s 			page 17


 230      09DCBCA0 
 230      5C80C483 
 231 053f 5C8CECC3 		.ascii	"\\\214\354\303\256\025~\265\230\360\253\305]\345\304"
 231      AE157EB5 
 231      98F0ABC5 
 231      5DE5C4
 232 054e 6D7635A9 		.ascii	"mv5\251\351\035\2032\371UX\223\336\032\342{\311\254"
 232      E91D8332 
 232      F9555893 
 232      DE1AE27B 
 232      C9AC
 233 0560 9EEF633B 		.ascii	"\236\357c;I\357\230\337\345;\246}w}\232\232\355\025"
 233      49EF98DF 
 233      E53BA67D 
 233      777D9A9A 
 233      ED15
 234 0572 CF9E23B7 		.ascii	"\317\236#\267\337\031\206w\214\003\257\272/F\242|\256"
 234      DF198677 
 234      8C03AFBA 
 234      2F46A27C 
 234      AE
 235 0583 3AB48229 		.ascii	":\264\202)\237\213fJ\276h\376\240\027\315\255\255\016"
 235      9F8B664A 
 235      BE68FEA0 
 235      17CDADAD 
 235      0E
 236 0594 77E8A67B 		.ascii	"w\350\246{\370\327\261ow\321\243\224\243\370R\247\016"
 236      F8D7B16F 
 236      77D1A394 
 236      A3F852A7 
 236      0E
 237 05a5 AA06860E 		.ascii	"\252\006\206\016\204\321\255\332M\224\221\365\322\306"
 237      84D1ADDA 
 237      4D9491F5 
 237      D2C6
 238 05b3 CE1ED775 		.ascii	"\316\036\327u\02072X\312\262\016i\247\361\323\251\255"
 238      10373258 
 238      CAB20E69 
 238      A7F1D3A9 
 238      AD
 239 05c4 1A71278F 		.ascii	"\032q'\217\245g\243[\332)\026.\224\033\226\355\027\322"
 239      A567A35B 
 239      DA29162E 
 239      941B96ED 
 239      17D2
 240 05d6 1C4F527A 		.ascii	"\034ORz\020>\221\377\224\204S\367`\023\345\325}\374"
 240      103E91FF 
 240      948453F7 
 240      6013E5D5 
 240      7DFC
 241 05e8 25DCFA13 		.ascii	"%\334\372\023\177\221_0\015\233\210\351\327\236\234"
 241      7F915F30 
 241      0D9B88E9 
 241      D79E9C
 242 05f7 12D51385 		.ascii	"\022\325\023\205B\213\243\326\235J^\33643\2122&&\346"
 242      428BA3D6 
 242      9D4A5EDE 
ARM GAS  /var/folders/_f/jzb7lsz153bclt069nvlpp5r0000gn/T//ccJK8u3t.s 			page 18


 242      34338A32 
 242      2626E6
 243 060a E52C4324 		.ascii	"\345,C$\370\355\201e\014\010\252'\030\255\335\362\261"
 243      F8ED8165 
 243      0C08AA27 
 243      18ADDDF2 
 243      B1
 244 061b D9C86B57 		.ascii	"\331\310kW\276\366Vx\014\363.\227bO\346\254I\2468+\027"
 244      BEF65678 
 244      0CF32E97 
 244      624FE6AC 
 244      49A6382B 
 245 0630 63B65AE3 		.ascii	"c\266Z\343\222\271\365&\323\222\270\344\304%\266$\233"
 245      92B9F526 
 245      D392B8E4 
 245      C425B624 
 245      9B
 246 0641 7989392E 		.ascii	"y\2119.\336\262\344\331\345\\t\3243\317E-\217~\216\263"
 246      DEB2E4D9 
 246      E55C74D4 
 246      33CF452D 
 246      8F7E8EB3 
 247 0655 5AE28906 		.ascii	"Z\342\211\006\347\247\301=\033\271<r)g\261\231\254)"
 247      E7A7C13D 
 247      1BB93C72 
 247      2967B199 
 247      AC29
 248 0667 6BCD9C9D 		.ascii	"k\315\234\235_\273\326\274.2\201\321\245Xl\374\363F"
 248      5FBBD6BC 
 248      2E3281D1 
 248      A5586CFC 
 248      F346
 249 0679 3ED86894 		.ascii	">\330h\224f\306\177\353\317\337\217\354!1\316\224`\261"
 249      66C67FEB 
 249      CFDF8FEC 
 249      2131CE94 
 249      60B1
 250 068b 993923FA 		.ascii	"\2319#\372\211K\261\362F\376\243\015f;z\\\363\377\340"
 250      894BB1F2 
 250      46FEA30D 
 250      663B7A5C 
 250      F3FFE0
 251 069e DB3FB273 		.ascii	"\333?\262sFL\003\203FP\355\306d\013o\266\257\210\214"
 251      464C0383 
 251      4650EDC6 
 251      640B6FB6 
 251      AF888C
 252 06b1 E4BC9F98 		.ascii	"\344\274\237\230\004K\274%\366MctT\344RL=\311\316%\240"
 252      044BBC25 
 252      F64D6374 
 252      54E4524C 
 252      3DC9CE25 
 253 06c6 4B521D3B 		.ascii	"KR\035;\237l\216K\264s\266\024\253U\232G\232\030\015"
 253      9F6C8E4B 
 253      B473B614 
 253      AB559A47 
 253      9A180D
ARM GAS  /var/folders/_f/jzb7lsz153bclt069nvlpp5r0000gn/T//ccJK8u3t.s 			page 19


 254 06d9 4ED6DA35 		.ascii	"N\326\3325\211\366\365F^\207\260K\243iY\244\331\253"
 254      89F6F546 
 254      5E87B04B 
 254      A36959A4 
 254      D9AB
 255 06eb 0F863625 		.ascii	"\017\2066%%&&\331\270\015I\311\274\235{\351\215U1\253"
 255      252626D9 
 255      B80D49C9 
 255      BC9D7BE9 
 255      8D5531AB 
 256 06ff 3E24B20D 		.ascii	">$\262\015\026\2539\331\316\255\214\211\341L\011r\005"
 256      16AB39D9 
 256      CEAD8C89 
 256      E14C0972 
 256      05
 257 0710 D80D293C 		.ascii	"\330\015)<\273\336\314\353_C\377oR\377s\224\351\333"
 257      BBDECCEB 
 257      5F43FF6F 
 257      52FF7394 
 257      E9DB
 258 0722 ABD68459 		.ascii	"\253\326\204Ylv>\316f2\033\223\326\255\263\233y\015"
 258      6C763ECE 
 258      66321B93 
 258      D6ADB39B 
 258      790D
 259 0734 CD4E4DE2 		.ascii	"\315NM\342\373\017\031\242\343\017\022\371P\"\212\215"
 259      FB0F19A2 
 259      E30F12F9 
 259      50228A8D 
 260 0744 7FDF6CE2 		.ascii	"\177\337l\342_\261Y\370\277\000jeF\231"
 260      5FB159F8 
 260      BF006A65 
 260      4699
 261              		.text
 262              		.section	.gnu.lto_.symtab.74a4237378728d21,"",%progbits
 263 0000 6E756C6C 		.ascii	"nullObjectInit\000\000\000\000\000\000\000\000\000\000"
 263      4F626A65 
 263      6374496E 
 263      69740000 
 263      00000000 
 264 0018 0000FA00 		.ascii	"\000\000\372\000\000\000"
 264      0000
 265              		.text
 266              		.section	.gnu.lto_.opts,"",%progbits
 267 0000 272D6666 		.ascii	"'-ffp-contract=off' '-fno-trapv' '-mcpu=cortex-m4' "
 267      702D636F 
 267      6E747261 
 267      63743D6F 
 267      66662720 
 268 0033 272D6D74 		.ascii	"'-mthumb' '-mfloat-abi=hard' '-mfpu=fpv4-sp-d16' '-"
 268      68756D62 
 268      2720272D 
 268      6D666C6F 
 268      61742D61 
 269 0066 67676462 		.ascii	"ggdb' '-O2' '-fomit-frame-pointer' '-falign-functio"
 269      2720272D 
 269      4F322720 
ARM GAS  /var/folders/_f/jzb7lsz153bclt069nvlpp5r0000gn/T//ccJK8u3t.s 			page 20


 269      272D666F 
 269      6D69742D 
 270 0099 6E733D31 		.ascii	"ns=16' '-ffunction-sections' '-fdata-sections' '-fn"
 270      36272027 
 270      2D666675 
 270      6E637469 
 270      6F6E2D73 
 271 00cc 6F2D636F 		.ascii	"o-common' '-flto' '-fsingle-precision-constant'\000"
 271      6D6D6F6E 
 271      2720272D 
 271      666C746F 
 271      2720272D 
 272              		.text
 273              		.comm	__gnu_lto_v1,1,1
 274              		.comm	__gnu_lto_slim,1,1
 275              		.ident	"GCC: (GNU Tools for ARM Embedded Processors) 4.9.3 20150529 (release) [ARM/embedded-4_9-br
ARM GAS  /var/folders/_f/jzb7lsz153bclt069nvlpp5r0000gn/T//ccJK8u3t.s 			page 21


DEFINED SYMBOLS
                            *ABS*:0000000000000000 nullstreams.c
                            *COM*:0000000000000001 __gnu_lto_v1
                            *COM*:0000000000000001 __gnu_lto_slim

NO UNDEFINED SYMBOLS
