ARM GAS  /var/folders/_f/jzb7lsz153bclt069nvlpp5r0000gn/T//cc7rbpKn.s 			page 1


   1              		.syntax unified
   2              		.cpu cortex-m4
   3              		.eabi_attribute 27, 1
   4              		.eabi_attribute 28, 1
   5              		.fpu fpv4-sp-d16
   6              		.eabi_attribute 20, 1
   7              		.eabi_attribute 21, 1
   8              		.eabi_attribute 23, 3
   9              		.eabi_attribute 24, 1
  10              		.eabi_attribute 25, 1
  11              		.eabi_attribute 26, 1
  12              		.eabi_attribute 30, 2
  13              		.eabi_attribute 34, 1
  14              		.eabi_attribute 18, 4
  15              		.thumb
  16              		.file	"queue.c"
  17              		.text
  18              	.Ltext0:
  19              		.section	.gnu.lto_.profile.dcaedcf149ff1aa5,"",%progbits
  20 0000 789C6366 		.ascii	"x\234cf```c\200\000F\206O\214\253\030\001\005\302\001"
  20      60606063 
  20      80004686 
  20      4F8CAB18 
  20      0105C201 
  21 0014 A9       		.ascii	"\251"
  22              		.text
  23              		.section	.gnu.lto_.jmpfuncs.dcaedcf149ff1aa5,"",%progbits
  24 0000 789C6D4C 		.ascii	"x\234mL9\016\2000\014\263\343Babg\345\221\035\263\362"
  24      390E8030 
  24      0CB3E342 
  24      616267E5 
  24      911DB3F2 
  25 0014 6CA2A403 		.ascii	"l\242\244\003Hx\361)\013\377\270'\3570R\356l\014\034"
  25      4878F129 
  25      0BFFB827 
  25      EF3052EE 
  25      6C0C1C
  26 0027 1EB04A9A 		.ascii	"\036\260J\232\006\001\2159\264\251\224\255\312\346\344"
  26      06018D39 
  26      B4A994AD 
  26      CAE6E4
  27 0036 35345E27 		.ascii	"54^'>\011\322\306u\217\347\245\236\327\242^\264E\351"
  27      3E09D2C6 
  27      758FE7A5 
  27      9ED7A25E 
  27      B445E9
  28 0049 780023DD 		.ascii	"x\000#\335\017\030"
  28      0F18
  29              		.text
  30              		.section	.gnu.lto_.inline.dcaedcf149ff1aa5,"",%progbits
  31 0000 789C8551 		.ascii	"x\234\205Q=K\003A\020}3\267\311m>\274\030\002\206D\363"
  31      3D4B0341 
  31      107D33B7 
  31      C96D3EBC 
  31      18028644 
  32 0015 51042C02 		.ascii	"Q\004,\002\026V\"\0106\266V\376\200\224\346_\254`\221"
  32      16562208 
ARM GAS  /var/folders/_f/jzb7lsz153bclt069nvlpp5r0000gn/T//cc7rbpKn.s 			page 2


  32      36B656FE 
  32      8094E65F 
  32      AC6091
  33 0028 42219D9D 		.ascii	"B!\235\235\004\004?\032k\301&e0\205X\010v\022\211\344"
  33      04043F1A 
  33      6BC12665 
  33      30855808 
  33      761289E4 
  34 003c 2C2C2C04 		.ascii	",,,\004\265rgW\305\200\340-\274y\274\331773\033\340"
  34      B5726757 
  34      C580E02D 
  34      BC79BCD9 
  34      3737331B 
  35 0051 EF6F997D 		.ascii	"\357o\231}L\001\215\011\021x\365\260WBtn\002\227 \314"
  35      4C018D09 
  35      1178F5B0 
  35      5742746E 
  35      029720CC 
  36 0065 DFCE5AB5 		.ascii	"\337\316Z\265\331\035>\0222\375Q\325\311\214\312k\302"
  36      D91D3E12 
  36      32FD51D5 
  36      C98CCA6B 
  36      C2
  37 0076 DE2604EB 		.ascii	"\336&\004\353j\341(^D\366\371*\305\2408T\036\345V\""
  37      6AE1285E 
  37      44F6F92A 
  37      C5A03854 
  37      1EE55622 
  38 008a 025477D3 		.ascii	"\002Tw\323\237 \313\340\007~\012\003T\346\210\235U\240"
  38      9F20CBE0 
  38      077E0A03 
  38      54E6889D 
  38      55A0
  39 009c 15469315 		.ascii	"\025F\223\025\244\207M+\215\224\362(\240\035\325P\273"
  39      A4874D2B 
  39      8D94F228 
  39      A01DD550 
  39      BB
  40 00ad 85AC540B 		.ascii	"\205\254T\013,\262T\372)\213_\\\216B.\242\024m\2770"
  40      2CB254FA 
  40      298B5F5C 
  40      8E422EA2 
  40      146DBF30 
  41 00c1 DD8FAF6F 		.ascii	"\335\217\257ot\314\357\322-\235P\031\324v\001SI\262"
  41      74CCEFD2 
  41      2D9D5019 
  41      D4760153 
  41      49B2
  42 00d3 C95351DB 		.ascii	"\311SQ\333.\260$w\216/\367BIZ+\235\211\332v\301N+\353"
  42      2EB02477 
  42      8E2FF742 
  42      495A2B9D 
  42      89DA76C1 
  43 00ea 8098B4A5 		.ascii	"\200\230\264\245\311^\215\241z5c\321\324\2144:\256\032"
  43      C95E8DA1 
  43      7A3563D1 
  43      D48C343A 
ARM GAS  /var/folders/_f/jzb7lsz153bclt069nvlpp5r0000gn/T//cc7rbpKn.s 			page 3


  43      AE1A
  44 00fc 5DD7487C 		.ascii	"]\327H|4\014\325m\373_\004<\216\214vL\226\202|\311\217"
  44      340CD56D 
  44      FB5F043C 
  44      8E8C764C 
  44      96827CC9 
  45 0111 DF124032 		.ascii	"\337\022@2\037\35732o\033V\273\223\355\005\235\242\022"
  45      1FEF3332 
  45      6F1B56BB 
  45      93ED059D 
  45      A212
  46 0123 AA9DE03C 		.ascii	"\252\235\340<I\024\312\336\003\267\267\260\3209`\314"
  46      4914CADE 
  46      03B7B7B0 
  46      D03960CC 
  47 0133 74B6ACD6 		.ascii	"t\266\254\326w\033\267(\240\035\265\17749\267\263\020"
  47      771BB728 
  47      A01DB57F 
  47      3439B7B3 
  47      10
  48 0144 99F49451 		.ascii	"\231\364\224Q\017\326\240\007K\377\371\354\020\312?"
  48      0FD6A007 
  48      4BFFF9EC 
  48      10CA3F
  49 0153 AF21F53D 		.ascii	"\257!\365=\254\177\334\340\242\350\036\027\237!+_\337"
  49      AC7FDCE0 
  49      A2E81E17 
  49      9F212B5F 
  49      DF
  50              		.text
  51              		.section	.gnu.lto_.pureconst.dcaedcf149ff1aa5,"",%progbits
  52 0000 789C6366 		.ascii	"x\234cf``\020f\200\000N\006)F)&Kf)\026)V)6)v)\016V\000"
  52      60601066 
  52      80004E06 
  52      29462926 
  52      4B662916 
  53 001e 0DD00138 		.ascii	"\015\320\0018"
  54              		.text
  55              		.section	.gnu.lto_remove_pos_circular.dcaedcf149ff1aa5,"",%progbits
  56 0000 789C8D56 		.ascii	"x\234\215V\355STU\030?\317\271w\357\275\373\302\012"
  56      ED535455 
  56      183FCFB9 
  56      77EFBDFB 
  56      C20A
  57 0012 08CCB8C3 		.ascii	"\010\314\270\303\312\313\302\242\323\000}\354[\366\251"
  57      CACBC2A2 
  57      D3007DEC 
  57      5BF6A9
  58 0021 E9BF8888 		.ascii	"\351\277\210\210\017M3\2259~\366\002\233\024\243\345"
  58      0F4D3395 
  58      397EF602 
  58      9B14A3E5 
  59 0031 9016054C 		.ascii	"\220\026\005L\220`&&B\311\213%.F,*b8dZ\014aQI\345$\311"
  59      90602626 
  59      42C98B25 
  59      2E462C2A 
  59      6238645A 
ARM GAS  /var/folders/_f/jzb7lsz153bclt069nvlpp5r0000gn/T//cc7rbpKn.s 			page 4


  60 004c B8D08BDB 		.ascii	"\270\320\213\333\363<\347\002\313\202\016;p\3569\277"
  60      F33CE702 
  60      CB820E3B 
  60      70EE39BF 
  61 005c FB7B5ECE 		.ascii	"\373{^\316\363\266\253\211\365\237#\370\377\214[\210"
  61      F3B6AB89 
  61      F59F23F8 
  61      FF8C5B88 
  62 006c 127C8257 		.ascii	"\022|\202W\200<4.D\265%AW\033Mm\206,]j\007bB\330\036"
  62      803C342E 
  62      44B52541 
  62      571B4D6D 
  62      862C5D6A 
  63 0085 57C414B6 		.ascii	"W\304\024\266\317\005\246\"\030j3d\231\322P\004\213"
  63      CF05A622 
  63      186A3364 
  63      99D25004 
  63      8B
  64 0096 0996748F 		.ascii	"\011\226t\217\004\361\344\271\3648\236\334\340Qt\017"
  64      04F1E4B9 
  64      F4389EDC 
  64      E051740F 
  65 00a6 006D0488 		.ascii	"\000m\004\210}R\323]\206i\271=\260O\323\005\330\370"
  65      7D52D35D 
  65      8669B93D 
  65      B04FD305 
  65      D8F8
  66 00b8 49679F4C 		.ascii	"Ig\237L\001\011\374\230|\230\223\363\022\016E;\033\275"
  66      0109FC98 
  66      7C9893F3 
  66      120E453B 
  66      1BBD
  67 00ca 251DC8B8 		.ascii	"%\035\310\270{m\3404\330\207\237]\222B\334\223\352\016"
  67      7B6DE034 
  67      D8879F5D 
  67      9242DC93 
  67      EA0E
  68 00dc F0119420 		.ascii	"\360\021\224 \251\375\366\273\277\201\226\017\002\367"
  68      A9FDF6BB 
  68      BF81960F 
  68      02F7
  69 00ea 03A716AE 		.ascii	"\003\247\026\256xo\313%\011\371t<\3330\332h\320Q\352"
  69      786FCB25 
  69      09F9743C 
  69      DB30DA68 
  69      D051EA
  70 00fd 748CFCDB 		.ascii	"t\214\374\333\322\344/>j\3335\321\271\036{\227\276$"
  70      D2E42F3E 
  70      6ADB35D1 
  70      B91E7B97 
  70      BE24
  71 010f 35380E1A 		.ascii	"58\016\032\352\203\217!\000'  \020\022\320\011\305\310"
  71      EA838F21 
  71      00272020 
  71      1012D009 
  71      C5C8
  72 0121 EE7C2B72 		.ascii	"\356|+r\020\264B\326{\360\357\372c>\222\264\243\213"
ARM GAS  /var/folders/_f/jzb7lsz153bclt069nvlpp5r0000gn/T//cc7rbpKn.s 			page 5


  72      10B442D6 
  72      7BF0EFFA 
  72      633E92B4 
  72      A38B
  73 0133 4A528793 		.ascii	"JR\207\223\251\222x\231O\240\230\350\363\221\377\276"
  73      A9927899 
  73      4FA098E8 
  73      F391FFBE 
  74 0143 F51A11BE 		.ascii	"\365\032\021\276\031{\013\247\300\000|\340\273?\336"
  74      197B0BA7 
  74      C0007CE0 
  74      BB3FDE
  75 0152 EF9B7385 		.ascii	"\357\233s\205\332H\325IT\025i\265\037$\022\260\201B"
  75      DA48D549 
  75      541569B5 
  75      1F2412B0 
  75      8142
  76 0164 E7925D10 		.ascii	"\347\222]\020\352\312\214\332\211\304\321\301\003\347"
  76      EACA8CDA 
  76      89C4D1C1 
  76      03E7
  77 0172 F49DC046 		.ascii	"\364\235\300Ft\240\325\000r\325$\323\026-n\\\\\036\\"
  77      74A0D500 
  77      72D524D3 
  77      162D6E5C 
  77      5C1E5C
  78 0185 A497763E 		.ascii	"\244\227v>\332\245\321\316\217\213\221\316\222\031t"
  78      DAA5D1CE 
  78      8F8B91CE 
  78      921974
  79 0194 CE24F656 		.ascii	"\316$\366Vz\235EK6a9\304\331F/\370.\271\204\005\331"
  79      7A9D454B 
  79      366139C4 
  79      D9462FF8 
  79      2EB98405 
  80 01a9 FC76E2E4 		.ascii	"\374v\342\344\3219\237v\005\264+$v\210_\027\021\275"
  80      D1399F76 
  80      05B42B24 
  80      76885F17 
  80      11BD
  81 01bb 98963007 		.ascii	"\230\2260\007A\314\342\215\261\026~\226\022\037\332"
  81      41CCE28D 
  81      B1167E96 
  81      121FDA
  82 01ca 75A8C9A0 		.ascii	"u\250\311\240\230\334\034\031>\341\335q\014\357\335"
  82      98DC1C19 
  82      3EE1DD71 
  82      0CEFDD
  83 01d9 3AD5B15F 		.ascii	":\325\261_\007\212\264s\305\323\260\203.\"\220\032m"
  83      078AB473 
  83      C5D3B083 
  83      2E22901A 
  83      6D
  84 01ea 89A52179 		.ascii	"\211\245!y\241\256\353{S\013s\354\377\231n\357ws\300"
  84      A1AEEB7B 
  84      530B73EC 
  84      FF996EEF 
ARM GAS  /var/folders/_f/jzb7lsz153bclt069nvlpp5r0000gn/T//cc7rbpKn.s 			page 6


  84      7773C0
  85 01fd ECF7EC56 		.ascii	"\354\367\354V\371z4\221x\222\302\325\275Q\270\326\006"
  85      F97A3491 
  85      7892C2D5 
  85      BD51B8D6 
  85      06
  86 020e 1F7A20C4 		.ascii	"\037z \304\261G#\237b\006\360\030'\017\3217M`\325j\337"
  86      B147239F 
  86      6206F018 
  86      270FD137 
  86      4D60D56A 
  87 0223 414DEFFC 		.ascii	"AM\357\374\257\025\3642.\335(\374\303\354\325\011\213"
  87      AF15F432 
  87      2EDD28FC 
  87      C3ECD509 
  87      8B
  88 0234 2A46635D 		.ascii	"*Fc]g\026?\270\223\326\002M\350\255\031\227\006|F\206"
  88      67163FB8 
  88      93D6024D 
  88      E8AD1997 
  88      067C4686 
  89 0248 106F5E78 		.ascii	"\020o^x\373\346\226\322\3070\020p\006Z\340/\256H\350"
  89      FBE696D2 
  89      C7301070 
  89      065AE02F 
  89      AE48E8
  90 025b 8552811A 		.ascii	"\205R\201\032\247\353fAi\364\304% R\333h\250\263\027"
  90      A7EB6641 
  90      69F4C425 
  90      2052DB68 
  90      A8B317
  91 026e 8D204A50 		.ascii	"\215 JP\303\3761M\201>D`g \231\227\306<\037)\273\357"
  91      C3FE314D 
  91      813E4460 
  91      67209997 
  91      C63C1F29 
  92 0284 51903FD9 		.ascii	"Q\220?\3319W\252s\026\312@\0379\007\375\350\017\011"
  92      3957AA73 
  92      16CA401F 
  92      3907FDE8 
  92      0F09
  93 0296 36B46591 		.ascii	"6\264e\221d\022\257\032K.\227\271^\207;\200\\T\255\374"
  93      6412AF1A 
  93      4B2E97B9 
  93      5E873B80 
  93      5C54ADFC 
  94 02aa B9DFDCE3 		.ascii	"\271\337\334\343\270\235\216nCQ\000\363!W\303\226\316"
  94      B89D8E6E 
  94      435100F3 
  94      2157C396 
  94      CE
  95 02bb 61D305B6 		.ascii	"a\323\005\2661\345\024\253\211a\266\325\333\026T\222"
  95      31E514AB 
  95      8961B6D5 
  95      DB165492 
  96 02cb E62362F6 		.ascii	"\346#b\366\341\357\303?\372)f:\234\345\230\001\305\354"
  96      E1EFC33F 
ARM GAS  /var/folders/_f/jzb7lsz153bclt069nvlpp5r0000gn/T//cc7rbpKn.s 			page 7


  96      FA29663A 
  96      9CE59801 
  96      C5EC
  97 02dd 738E199A 		.ascii	"s\216\031\232_\220J\005\272gB8 \276\201\310x\255\177"
  97      5F904A05 
  97      BA674238 
  97      20BE81C8 
  97      78AD7F
  98 02f0 0523B2F8 		.ascii	"\005#\262\370\005\320]]\366k\350\216\326\350E\177\\"
  98      05D05D5D 
  98      F66BE88E 
  98      D6E8457F 
  98      5C
  99 0301 5462E441 		.ascii	"Tb\344A\367\235\247(\321q\231\261\271\264}\261\232\266"
  99      F79DA728 
  99      D17199B1 
  99      B9B47DB1 
  99      9AB6
 100 0313 732A6D83 		.ascii	"s*m\203\365\2306V\221\211.\250DN:\310V\004\331MC\235"
 100      F5983656 
 100      91892EA8 
 100      444E3AC8 
 100      5604D94D 
 101 0329 B310A284 		.ascii	"\263\020\242\2044-\265\273y\276\320\340\332\"`\020\226"
 101      342DB5BB 
 101      79BED0E0 
 101      DA226010 
 101      96
 102 033a F3C8B46C 		.ascii	"\363\310\264lt\007\311\234\307\372)]\2019\353R\227\341"
 102      7407C99C 
 102      C7FA295D 
 102      8139EB52 
 102      97E1
 103 034c A4E3FC4A 		.ascii	"\244\343\374J\352\202DMI]\200\271\331\0167\312\251\313"
 103      EA82444D 
 103      495D80B9 
 103      D90E37CA 
 103      A9CB
 104 035e E19EE98B 		.ascii	"\341\236\351\213\201\303_m\262\231\251\216\331]VR\223"
 104      81C35F6D 
 104      B299A98E 
 104      D95D5652 
 104      93
 105 036f 0D619361 		.ascii	"\015a\223a\243%\013$a\222\317\330\315\020\242\274cz"
 105      A3250B24 
 105      6192CFD8 
 105      CD10A2BC 
 105      637A
 106 0381 51DBD291 		.ascii	"Q\333\322\221wnx\251\363jf\006k/\373\354Q;2\223H\344"
 106      776E78A9 
 106      F36A6606 
 106      6B2FFBEC 
 106      513B3293 
 107 0397 6D30361D 		.ascii	"m06\035\033\027P~H\331HQ\220\334\272\017\223\376\322"
 107      1B17507E 
 107      48D94851 
 107      90DCBA0F 
ARM GAS  /var/folders/_f/jzb7lsz153bclt069nvlpp5r0000gn/T//cc7rbpKn.s 			page 8


 107      93FED2
 108 03aa 91A63A33 		.ascii	"\221\246:3V\332\263{\266b\315\020\2309\377\323H\222"
 108      56DAB37B 
 108      B662CD10 
 108      9839FFD3 
 108      4892
 109 03bc 2B9B9903 		.ascii	"+\233\231\003|_\362\215,t9#\341\236\204\324Q\015_\321"
 109      7C5FF28D 
 109      2C743923 
 109      E19E84D4 
 109      510D5FD1 
 110 03d0 A4481921 		.ascii	"\244H\031!\303\304\037\341\021\022\243\364\345&7\242"
 110      C3C41FE1 
 110      1112A3F4 
 110      E52637A2 
 111 03e0 7B4D2362 		.ascii	"{M#b\2260\342.\252\270QN\322E'\241\323u#\315O(\361\355"
 111      9630E22E 
 111      AAB8514E 
 111      D24527A1 
 111      D37523CD 
 112 03f8 7119744A 		.ascii	"q\031tJ\204\317y\250\021\321\225\221\300`>\"\253#\201"
 112      84CF79A8 
 112      11D19591 
 112      C0603E22 
 112      AB2381
 113 040b A102E6E5 		.ascii	"\241\002\346\345;#\201\241\302u\246\261>\012\234\372"
 113      3B2381A1 
 113      C275A6B1 
 113      3E0A9CFA 
 114 041b B8943406 		.ascii	"\270\2244\006b\251\265\244\250y\016\3652\227R\241r\341"
 114      62A9B5A4 
 114      A8790EF5 
 114      329752A1 
 114      72E1
 115 042d 41D36150 		.ascii	"A\323aP\352\261\271\203\313S\000\001\012\004\202\234"
 115      EAB1B983 
 115      CB530001 
 115      0A04829C 
 116 043d 1D33690A 		.ascii	"\0353i\0120\034\344)p+WI\026\241\265\370kw\337\360P"
 116      301CE429 
 116      702B5749 
 116      16A1B5F8 
 116      6B77DFF0 
 117 0452 883C3E0A 		.ascii	"\210<>\012\321\305\305\211~c\305\270N!\032c\343W\310"
 117      D1C5C589 
 117      7E63C5B8 
 117      4E211A63 
 117      E357C8
 118 0465 4FECF531 		.ascii	"O\354\3651\354u\026\016\242\274\352\365 \326\242\213"
 118      EC75160E 
 118      A2BCEAF5 
 118      20D6A28B 
 119 0475 7A3D641C 		.ascii	"z=d\034w\243U\313\351\365\301\372\353\315\026\245$."
 119      77A355CB 
 119      E9F5C1FA 
 119      EBCD16A5 
 119      242E
ARM GAS  /var/folders/_f/jzb7lsz153bclt069nvlpp5r0000gn/T//cc7rbpKn.s 			page 9


 120 0487 8B89CC7E 		.ascii	"\213\211\314~c\2472\022F\220\306\007]\235\241G\031\037"
 120      63A73212 
 120      4690C607 
 120      5D9DA147 
 120      191F
 121 0499 E79B87C9 		.ascii	"\347\233\207\311\376\215\332\370\233.\325\240a\222\027"
 121      FE8DDAF8 
 121      9B2ED5A0 
 121      619217
 122 04a8 7C51B798 		.ascii	"|Q\267\230\224\252\012\377\254v\336n\333\334\210\273"
 122      94AA0AFF 
 122      AC76DE6E 
 122      DBDC88BB 
 123 04b8 BA3AE2BE 		.ascii	"\272:\342\276^\036q\223\232R\021@-\313>\336\362o\320"
 123      5E1E7193 
 123      9A521140 
 123      2DCB3EDE 
 123      F26FD0
 124 04cb EAC6C3F5 		.ascii	"\352\306\303\365N\260^\376Mq\015JQ\027\373\351\241\320"
 124      4EB05EFE 
 124      4D710D4A 
 124      5117FBE9 
 124      A1D0
 125 04dd 4C437574 		.ascii	"LCut\342i\365uG\337\302\200 \022\203ee\345\352\357\271"
 125      E269F575 
 125      47DFC280 
 125      20128365 
 125      65E5EAEF 
 126 04f2 8ACA17AB 		.ascii	"\212\312\027\253^z\276|\317\253\225\345\273\367V\355"
 126      5E7ABE7C 
 126      CFAB95E5 
 126      BBF756ED 
 127 0502 AD2AAB14 		.ascii	"\255*\253\024\260[{\345\345=\360\302\377L6%T"
 127      B05B7BE5 
 127      E53DF0C2 
 127      FF4C3625 
 127      54
 128              		.text
 129              		.section	.gnu.lto_remove_from_q.dcaedcf149ff1aa5,"",%progbits
 130 0000 789C8555 		.ascii	"x\234\205U\355S\224U\024\277\347\336\335\347\331g\237"
 130      ED539455 
 130      14BFE7DE 
 130      DDE7D967 
 130      9F
 131 0011 5D205E04 		.ascii	"] ^\004yS\"\322\306\001>\364\241\232i\306\276\325\227"
 131      795322D2 
 131      C6013EF4 
 131      A19A69C6 
 131      BED597
 132 0024 FE8622E4 		.ascii	"\376\206\"\344\203\325h\012\316\364\315\007\330\264"
 132      83D5680A 
 132      CEF4CD07 
 132      D8B4
 133 0032 981A19B2 		.ascii	"\230\032\031\262\242\200\302\300R)\020\223\027-`\361"
 133      A280C2C0 
 133      52291093 
 133      172D60F1 
ARM GAS  /var/folders/_f/jzb7lsz153bclt069nvlpp5r0000gn/T//cc7rbpKn.s 			page 10


 134 0042 0510D1C6 		.ascii	"\005\020\321\306\306\300\267\001\034\210Q\303\031\010"
 134      C6C0B701 
 134      1C8851C3 
 134      1908
 135 0050 C69591DC 		.ascii	"\306\225\221\334\3169wc\226\227lg\367\356\275g\177\277"
 135      CE397763 
 135      96976C67 
 135      F7EEBD67 
 135      7FBF
 136 0062 737EF777 		.ascii	"s~\367w\317sW\211\325\257\363\370\3512\205x\031\277"
 136      CF735789 
 136      D5AFF3F8 
 136      E9328578 
 136      19BF
 137 0074 214680AC 		.ascii	"!F\200\254\274,D\251G\202\255'\012\\4\351\365\270\244"
 137      BC2C44A9 
 137      4782AD27 
 137      0A5C34E9 
 137      F5B8A4
 138 0087 FAB85F08 		.ascii	"\372\270_\010\307\353\016\230\302\361\271\301\320\000"
 138      C7EB0E98 
 138      C2F1B9C1 
 138      D000
 139 0095 034C0D30 		.ascii	"\003L\0150\245\347\362 \001\274g\024\002<\322\212^Z"
 139      A5E7F220 
 139      01BC6714 
 139      023CD28A 
 139      5E5A
 140 00a7 3A0F7875 		.ascii	":\017xu\342^\217-}:\237\237\363\371t\032\360\003\320"
 140      E25E8F2D 
 140      7D3A9F9F 
 140      F3F9741A 
 140      F003D0
 141 00ba B700B157 		.ascii	"\267\000\261W*\227\3330=\226\327\366\371a\257\313\026"
 141      2A97DB30 
 141      3D96D7F6 
 141      F961AFCB 
 141      16
 142 00cb E0E02B8E 		.ascii	"\340\340+\216e\233\321\013W\364\342\256\234\225P\031"
 142      659BD10B 
 142      57F4E2AE 
 142      9C955019 
 143 00db 6CAAB637 		.ascii	"l\252\2667\035\306\340\314\267]\307\3019\370\346\202"
 143      1DC6E0CC 
 143      B75DC7C1 
 143      39F8E682 
 144 00eb 14624EEA 		.ascii	"\024bN\352=\303\367\260\011AGg\353+Am\004\201\363S\315"
 144      3DC3F7B0 
 144      09414767 
 144      EB2B416D 
 144      0481F353 
 145 0100 F397EC3B 		.ascii	"\363\227\354;rA\302FZ\236\256\032\2506h)]\264\034\236"
 145      7241C246 
 145      5A9EAE1A 
 145      A8366829 
 145      5DB41C9E 
 146 0114 183C69E5 		.ascii	"\030<i\34548NY\360\306\011\347\025\327\202Tp\004\024"
ARM GAS  /var/folders/_f/jzb7lsz153bclt069nvlpp5r0000gn/T//cc7rbpKn.s 			page 11


 146      34384E59 
 146      F0C609E7 
 146      15D78254 
 146      700414
 147 0127 E683A390 		.ascii	"\346\203\243\220\012\307 U`H@\023\344 \272\361\316\027"
 147      0AC72055 
 147      60484013 
 147      E420BAF1 
 147      CE17
 148 0139 F7406DE1 		.ascii	"\367@m\341\274\201\305\272\232\030f\216\37791\342s^"
 148      BC81C5BA 
 148      9A18668E 
 148      FF3931E2 
 148      735E
 149 014b 5B902EF8 		.ascii	"[\220.\370a%\0257\360#S{gf:cU.S+\246\032\247c\211\352"
 149      61251537 
 149      F023537B 
 149      67663A63 
 149      552E532B 
 150 0165 8C4F9F1D 		.ascii	"\214O\237\035f\252\033\232WR\335\002Z\230Z\031\276\235"
 150      66AA1B9A 
 150      5752DD02 
 150      5A985A19 
 150      BE9D
 151 0177 AD9E67E6 		.ascii	"\255\236g\346\344p\333\264\301\314\372\373\015\006\363"
 151      E470DBB4 
 151      C1CCFAFB 
 151      0D06F3
 152 0186 8EAFC16B 		.ascii	"\216\257\301k\205\034B\317\006\376\036\261\215\000\033"
 152      851C42CF 
 152      06FE1EB1 
 152      8D001B
 153 0195 C80EC109 		.ascii	"\310\016\301\0110\000\277[\342\203N8\334\320r\253\307"
 153      3000BF5B 
 153      E2834E38 
 153      DCD072AB 
 153      C7
 154 01a6 F534305C 		.ascii	"\36540\\\362\250\270\244\0014\232@\021\013H\277\227"
 154      F2A8B8A4 
 154      01349A40 
 154      110B48BF 
 154      97
 155 01b7 4CB07190 		.ascii	"L\260q\220>\232\371q0b\200L\211\245i\034\223\343yL\340"
 155      3E9AF971 
 155      3062804C 
 155      89A5691C 
 155      93E3794C 
 156 01cc 1489044B 		.ascii	"\024\211\004K\342\351:\242%\323:\205f\353iF2\2154\376"
 156      E2E93AA2 
 156      25D33A85 
 156      66EB6946 
 156      328D34FE 
 157 01e0 399D1467 		.ascii	"9\235\024g\320\220IC\026\007\205\230D\271\226\370CJ"
 157      D0904943 
 157      16078598 
 157      44B996F8 
 157      434A
ARM GAS  /var/folders/_f/jzb7lsz153bclt069nvlpp5r0000gn/T//cc7rbpKn.s 			page 12


 158 01f2 61A96128 		.ascii	"a\251a({\212\266s\275\357\3341{\363w\264\371[\207\367"
 158      7B8AB673 
 158      BDEFDC31 
 158      7BF377B4 
 158      F95B87F7 
 159 0206 B980DC8D 		.ascii	"\271\200\334\215\034\373O\260\231t\012\204\006\307\372"
 159      1CFB4FB0 
 159      99740A84 
 159      06C7FA
 160 0215 FD089EDF 		.ascii	"\375\010\236\337\337r\323T/\260k\217F\033;\255\354C"
 160      DF72D354 
 160      2FB06B8F 
 160      461B3BAD 
 160      EC43
 161 0227 D4495F3A 		.ascii	"\324I_:\365\362\303`8\274\225\254;\271\334:\375Z\356"
 161      F5F2C360 
 161      38BC95AC 
 161      3BB9DC3A 
 161      FD5AEE
 162 023a 1BB44136 		.ascii	"\033\264A6\333\206E\332\321<\\\206$.P\232\022\330\345"
 162      DB8645DA 
 162      D13C5C86 
 162      242E509A 
 162      12D8E5
 163 024d EA0694B5 		.ascii	"\352\006\224\265\267N\026,\2532\3363\321\347s\006\234"
 163      B74E162C 
 163      AB32DE33 
 163      D1E77306 
 163      9C
 164 025e C07838BC 		.ascii	"\300x8\274\341I\205\026>\373\374\232M\224\262\361\356"
 164      E1498516 
 164      3EFBFC9A 
 164      4D94B2F1 
 164      EE
 165 026f F28B5194 		.ascii	"\362\213Q\224U\235\264\006%z/\377\215o:\020\370\004"
 165      559DB406 
 165      257A2FFF 
 165      8D6F3A10 
 165      F804
 166 0281 D44BECC3 		.ascii	"\324K\354\303\364W\035w\335\254\260\376^\203\021\245"
 166      F4571D77 
 166      DDACB0FE 
 166      5E8311A5 
 167 0291 EFF4FF1A 		.ascii	"\357\364\377\032\021\234\353W\320\011\331p\012??\223"
 167      119CEB57 
 167      D009D970 
 167      0A3F3F93 
 168 02a1 27E8C69C 		.ascii	"'\350\306\234\204\225m\006\277\220U+<\354 |\027{\330"
 168      84956D06 
 168      BF90552B 
 168      3CEC207C 
 168      177BD8
 169 02b4 0D464826 		.ascii	"\015FH&\342\357c\223\277^\361\320sh2\274\355\3417\367"
 169      E2EF6393 
 169      BF5EF1D0 
 169      736832BC 
 169      EDE137F7 
ARM GAS  /var/folders/_f/jzb7lsz153bclt069nvlpp5r0000gn/T//cc7rbpKn.s 			page 13


 170 02c8 FD755053 		.ascii	"\375uPS\3528\036l\220\220\264\240\207\224@\020\352@"
 170      EA381E6C 
 170      9090B4A0 
 170      87944010 
 170      EA40
 171 02da A0C9A3FB 		.ascii	"\240\311\243\373\373j_\324\364u!\231\204\241\362jC\257"
 171      FB6A5FD4 
 171      F4752199 
 171      84A1F26A 
 171      43AF
 172 02ec 93312346 		.ascii	"\2231#F)T\265oH\351`\012F\340\271\324h\334z\306\245"
 172      2954B56F 
 172      48E9600A 
 172      46E0B9D4 
 172      68DC7AC6 
 173 0301 50B6075E 		.ascii	"P\266\007^\035J\215V\242\326P\342A\032\364\262\2223"
 173      1D4A8D56 
 173      A2D650E2 
 173      411AF4B2 
 173      9233
 174 0313 11255587 		.ascii	"\021%U\207\022\211\274\02649\002=\213PL\256\025=\256"
 174      1289BC16 
 174      3439023D 
 174      8B504CAE 
 174      153DAE
 175 0326 3908BA5A 		.ascii	"9\010\272Z\032\012\207gR\261K%\005\310\027\014r3\271"
 175      1A0A8767 
 175      52B14B25 
 175      05C8170C 
 175      7233B9
 176 0339 04DE8D80 		.ascii	"\004\336\215\200\355\213\026r\230vX\326~;]3\323\261"
 176      ED8B1672 
 176      987658D6 
 176      7E3B5D33 
 176      D3B1
 177 034b 5AE88399 		.ascii	"Z\350\203\231\217\274\244\323\362\221\316\013\017\257"
 177      8FBCA4D3 
 177      F291CE0B 
 177      0FAF
 178 0359 741A4BC5 		.ascii	"t\032K\305\335\344\3309.~\236t\376\016\201\241\362\030"
 178      DDE4D839 
 178      2E7E9E74 
 178      FE0E81A1 
 178      F218
 179 036b 4D4E423E 		.ascii	"MNB>\035\350\024\340,\313Bei\352\010=\\n\0210\251\201"
 179      1DE814E0 
 179      2CCB4265 
 179      69EA083D 
 179      5C6E1130 
 180 0381 BB2B866B 		.ascii	"\273+\206k=t@!\231AX\226}\025t$\023\203\360l*\357\234"
 180      3D744021 
 180      99415896 
 180      7D157424 
 180      1383F06C 
 181 0398 434FAADD 		.ascii	"CO\252\335\307\033\317\344-\031:;\246\372m\003uKH\306"
 181      C71BCFE4 
 181      2D193A3B 
ARM GAS  /var/folders/_f/jzb7lsz153bclt069nvlpp5r0000gn/T//cc7rbpKn.s 			page 14


 181      A6FA6D03 
 181      754B48C6 
 182 03ac 8724502A 		.ascii	"\207$P*\332?=Lx]`\220\301\246\270iF\266\317Qv\272\275"
 182      DA3F3D4C 
 182      785D6090 
 182      C1A6B869 
 182      46B6CF51 
 183 03c3 75B15769 		.ascii	"u\261Wi\2527\372\240\\\313\016\012\357\001/)\350'\005"
 183      AA37FAA0 
 183      5CCB0E0A 
 183      EF012F29 
 183      E82705
 184 03d6 18AF9DFF 		.ascii	"\030\257\235\377\364zl\356\026\272\311\007P\316_\374"
 184      F47A6CEE 
 184      16BAC907 
 184      50CE5FFC 
 185 03e6 D7001720 		.ascii	"\327\000\027 W\267\321U\2513\332!<p\335\035\274\366"
 185      57B7D155 
 185      A933DA21 
 185      3C70DD1D 
 185      BCF6
 186 03f8 85288D1D 		.ascii	"\205(\215\035\351\016\016\371\227W\301\003\366E\016"
 186      E90E0EF9 
 186      9757C103 
 186      F6450E
 187 0407 7830D20B 		.ascii	"x0\322\013\017*\206\"\002cWac\"\330\213\221\363\270"
 187      0F2A8622 
 187      02635761 
 187      6322D88B 
 187      91F3B8
 188 041a 56FE7624 		.ascii	"V\376v$-\242\365y\240Wq>\034\342\215\306\255h\202G4"
 188      2DA2F579 
 188      A057713E 
 188      1CE28DC6 
 188      AD688247 
 189 042f 9B0A9197 		.ascii	"\233\012\221\227\312'\016\274\256\261\212\254\020l\221"
 189      CA270EBC 
 189      AEB18AAC 
 189      106C91
 190 043e 457E2229 		.ascii	"E~\")\013\243\236\305\216w1\344\025#B[\374\370k<\034"
 190      0BA39EC5 
 190      8E7731E4 
 190      1523425B 
 190      FCF86B3C 
 191 0453 6624E0CF 		.ascii	"f$\340\317\3776\331\322\215\225\300\031l1&\2246\231"
 191      FF36D9D2 
 191      8D95C019 
 191      6C312694 
 191      3699
 192 0465 A34A4439 		.ascii	"\243JD9.\005W\216Y\252+\265F\031\222&6\237\304\377\367"
 192      2E05578E 
 192      59AA2BB5 
 192      46199226 
 192      369FC4FF 
 193 047a 29C0B021 		.ascii	")\300\260!;qL\360VS\007\371H\000\202\342\020n\003\006"
 193      3B714CF0 
 193      565307F9 
ARM GAS  /var/folders/_f/jzb7lsz153bclt069nvlpp5r0000gn/T//cc7rbpKn.s 			page 15


 193      480082E2 
 193      106E0306 
 194 048e FC785F8F 		.ascii	"\374x_\217Bi\360\321\253\372\322\244\233\034\204\205"
 194      4269F0D1 
 194      ABFAD2A4 
 194      9B1C8485 
 195 049e B932F2F2 		.ascii	"\2712\362\362\362\365\373\255\202\302w\212vl\313/\336"
 195      F2F5FBAD 
 195      82C2778A 
 195      766CCB2F 
 195      DE
 196 04af 5D98BF6B 		.ascii	"]\230\277kO\321\236\242\274B\341-\334\271\243\244\350"
 196      4FD19EA2 
 196      BC42E12D 
 196      DCB9A3A4 
 196      E8
 197 04c0 FD9237B6 		.ascii	"\375\2227\266o\203]\356\342\222\202\335%\0121\260]\275"
 197      6F835DEE 
 197      E29282DD 
 197      250A31B0 
 197      5DBD
 198 04d2 B7B3F81F 		.ascii	"\267\263\370\037\036\355\252M"
 198      1EEDAA4D 
 199              		.text
 200              		.section	.gnu.lto_q_remove.part.3.dcaedcf149ff1aa5,"",%progbits
 201 0000 789C8D54 		.ascii	"x\234\215TIOTY\024>\347\3367\277W\205q\341\242\322\246"
 201      494F5459 
 201      143EE7DE 
 201      37BF5785 
 201      71E1A2D2 
 202 0015 8D488C03 		.ascii	"\215H\214\003\260q\347\306e\377\213\216\"\013c\202q"
 202      B071E7C6 
 202      65FF8B8E 
 202      220B6382 
 202      71
 203 0026 4A7A63BC 		.ascii	"Jzc\274P\345\020\026\306\340\242\235\260[\205\240bS"
 203      50E51016 
 203      C6E0A29D 
 203      B05B85A0 
 203      6253
 204 0038 CE53B774 		.ascii	"\316S\267t\201&\342H\300\241m%8A+\032\215\010ZVhS}\316"
 204      8126E248 
 204      C0A16D25 
 204      38412B1A 
 204      8D085A56 
 205 0050 BDCF066D 		.ascii	"\275\317\006m\322\341\245\352\016\347\236\357;\3379"
 205      D2E1A5EA 
 205      0EE79EEF 
 205      3BDF39
 206 005f E7BE27E1 		.ascii	"\347\276'\341\277O\013\375w\331\000\0254c\0020\332~"
 206      BF4F0BFD 
 206      77D90015 
 206      34630230 
 206      DA7E
 207 0071 8B16110A 		.ascii	"\213\026\021\012=\013\364y\256\365\244\260\216\012P"
 207      3D0BF479 
 207      AEF5A4B0 
ARM GAS  /var/folders/_f/jzb7lsz153bclt069nvlpp5r0000gn/T//cc7rbpKn.s 			page 16


 207      8E0A50
 208 0080 813D701D 		.ascii	"\201=p\035@E\026\206\306n\243\303\213\016\317\021\256"
 208      40451686 
 208      C66EA3C3 
 208      8B0ECF11 
 208      AE
 209 0091 3E0A3CF6 		.ascii	">\012<\366\213\\!'n=\303\323\341\371\"\270u\215\355"
 209      8B5C2127 
 209      6E3DC3D3 
 209      E1F922B8 
 209      758DED
 210 00a4 61A7247B 		.ascii	"a\247${`\340\030\"\362\014\010\033#!-\333q=?\010q\243"
 210      60E01822 
 210      F20C081B 
 210      23212DDB 
 210      713D3F08 
 211 00ba F401153D 		.ascii	"\364\001\025=\323\264V\307H\036\022\303\002\317\267"
 211      D3B456C7 
 211      481E12C3 
 211      02CFB7
 212 00c9 8DDE0C5F 		.ascii	"\215\336\014_\210\202\200Y@\333\013\015];\035\336\242"
 212      88828059 
 212      40DB0B0D 
 212      5D3B1DDE 
 212      A2
 213 00da C5DBB1E6 		.ascii	"\305\333\261\346\267C\316\334fB\276m\350\271\023m\372"
 213      B743CEDC 
 213      6642BE6D 
 213      E8B9136D 
 213      FA
 214 00eb AE20048C 		.ascii	"\256 \004\214\010\300\026L\341!Lq\250\3038\227<\233"
 214      08C0164C 
 214      E1214C71 
 214      A8C33897 
 214      3C9B
 215 00fd 5EFCF812 		.ascii	"^\374\370\022\345,dT\346\357\306=\311\262\203J\325\345"
 215      E52C6454 
 215      E6EFC63D 
 215      C9B2834A 
 215      D5E5
 216 010f B227D412 		.ascii	"\262'\324\022\253 $\036A9\021G&\300V,#\357\303\303?"
 216      AB20241E 
 216      41391147 
 216      26C0562C 
 216      23EFC3C3 
 217 0124 6F47395B 		.ascii	"oG9[#\357=\273v\3127\310.\203\264\360\350\327H\013\360"
 217      23EF3DBB 
 217      76CA37C8 
 217      2E83B4F0 
 217      E8D7480B 
 218 0139 172C63F7 		.ascii	"\027,c\367\341\314\247?B'\243\023#\037\022\323\206\016"
 218      E1CCA73F 
 218      4227A313 
 218      231F12D3 
 218      860E
 219 014b 027062D9 		.ascii	"\002pb\331\223\335M\242t\277R\365\271\367\235u\221\252"
 219      93DD4DA2 
ARM GAS  /var/folders/_f/jzb7lsz153bclt069nvlpp5r0000gn/T//cc7rbpKn.s 			page 17


 219      74BF52F5 
 219      B9F79D75 
 219      91AA
 220 015d FD582CBA 		.ascii	"\375X,\272\005ak\371\013S8/\025w\016\263XJ\376\243["
 220      05616BF9 
 220      0B53382F 
 220      15770EB3 
 220      584AFEA3 
 221 0172 B20F5D59 		.ascii	"\262\017]Y\256e\214\3657\235\363\031\253\036_l\276\022"
 221      AE658CF5 
 221      379DF319 
 221      AB1E5F6C 
 221      BE12
 222 0184 A92E9579 		.ascii	"\251.\225y\\,~K\311\343\261/\325\304\024\307\2614;]"
 222      5C2C7E4B 
 222      C9E3B12F 
 222      D5C414C7 
 222      B1343B5D 
 223 0198 A962F179 		.ascii	"\251b\361y_\331\014D\316Lh\253$\275$\230\006\233\007"
 223      5FD90C44 
 223      CE4C68AB 
 223      24BD2498 
 223      069B07
 224 01ab 0759BAAB 		.ascii	"\007Y\272\253\217<N\305\247\001\003^\20548\021\017\011"
 224      8F3C4EC5 
 224      A701035E 
 224      85343811 
 224      0F09
 225 01bd F64C6A9F 		.ascii	"\366Lj\237\022^\002\014\320\377\222\240)\242I\016\222"
 225      125E020C 
 225      D0FF92A0 
 225      29A2490E 
 225      92
 226 01ce 89A60758 		.ascii	"\211\246\007Xwf\270\277W~Y\007F\3512\220\252\023\350"
 226      7766B8BF 
 226      577E5907 
 226      46E93290 
 226      AA13E8
 227 01e1 E405D7E2 		.ascii	"\344\005\327\342\321@w\217\307]\225\300\351\235\376"
 227      D140778F 
 227      C75D95C0 
 227      E99DFE
 228 01f0 F8D3EB44 		.ascii	"\370\323\353D#\356\251U\312+\0107/\020Or.tt\340\325"
 228      23EEA955 
 228      CA2B0837 
 228      2F104F72 
 228      2E7474E0 
 229 0205 E5A7C9F2 		.ascii	"\345\247\311\362Vb\312\315\347tOa#\276\023:\307\323"
 229      5662CACD 
 229      E7744F61 
 229      23BE133A 
 229      C7D3
 230 0217 580EF7B0 		.ascii	"X\016\367\260N-f^\016\223gi0H\244\035WA\313\351\031"
 230      4E2D665E 
 230      0E936769 
 230      3048A41D 
 230      5741CBE9 
ARM GAS  /var/folders/_f/jzb7lsz153bclt069nvlpp5r0000gn/T//cc7rbpKn.s 			page 18


 231 022c 1026A89C 		.ascii	"\020&\250\234J\224\005\034\340\314x\200\263\024\200"
 231      4A94051C 
 231      E0CC7880 
 231      B31480
 232 023b 599E7C63 		.ascii	"Y\236|cH\254)\223\234\323$\310$\347\211\344.fn\246k"
 232      48AC2993 
 232      9CD324C8 
 232      24E789E4 
 232      2E666EA6 
 233 0250 6225C4A3 		.ascii	"b%\304\243{4H\363n]\265\366\372\336\205\346\320\346"
 233      7B3448F3 
 233      6E5DB5F6 
 233      FADE85E6 
 233      D0E6
 234 0262 C33E7479 		.ascii	"\303>ty\307\224\373nok\023\033\306\324V\016\346\215"
 234      C794FB6E 
 234      6F6B131B 
 234      C6D4560E 
 234      E68D
 235 0274 30235EC0 		.ascii	"0#^\300\015\220\027\344\214y\216o\027\204\257\331lh"
 235      0D9017E4 
 235      8C798E6F 
 235      1784AFD9 
 235      6C68
 236 0286 B902B20F 		.ascii	"\271\002\262\0177\345\032\257G\223\022\004#\\ \374U"
 236      37E51AAF 
 236      47931204 
 236      235C20FC 
 236      55
 237 0297 1330BA20 		.ascii	"\0230\272 B\015u\200^R\323\277GO\245\221\342\375\177"
 237      420D7580 
 237      5E52D3BF 
 237      474FA591 
 237      E2FD7F
 238 02aa B27B4777 		.ascii	"\262{Gw\374Y\302\311Z\370\233NV\337\366\213\246b\375"
 238      FC59C2C9 
 238      5AF89B4E 
 238      56DFF68B 
 238      A662FD
 239 02bd 5B3ED7DD 		.ascii	"[>\327\335\247(dI\357t\314> b\262\262\323\207\300\230"
 239      A7286449 
 239      EF74CC3E 
 239      2062B2B2 
 239      D387C098 
 240 02d1 C289F7C1 		.ascii	"\302\211\367\301\232\344>D\004\303v\216\213\277S(\215"
 240      9AE43E44 
 240      04C3768E 
 240      8BBF5328 
 240      8D
 241 02e2 ADEF8B65 		.ascii	"\255\357\213eF\223\271;\261{\216\335\251\370\367\323"
 241      4693B93B 
 241      B17B8EDD 
 241      A9F8F7D3 
 242 02f2 6BE25804 		.ascii	"k\342X\004\210\213\357\002}\307t\316O\026\231\303\304"
 242      888BEF02 
 242      7DC774CE 
 242      4F1699C3 
ARM GAS  /var/folders/_f/jzb7lsz153bclt069nvlpp5r0000gn/T//cc7rbpKn.s 			page 19


 242      C4
 243 0303 94DBDBA1 		.ascii	"\224\333\333\2413\226\234q\247i\357\215t{\2341a\022"
 243      33969C71 
 243      A769EF8D 
 243      747B9C31 
 243      6112
 244 0315 71080FBA 		.ascii	"q\010\017\272-\212\220n\330\374\246\365\016\232\343"
 244      2D8A906E 
 244      D8FCA6F5 
 244      0E9AE3
 245 0324 2479E09C 		.ascii	"$y\340\234\024]\\1~m\223\332\335\207\006W\322\205\236"
 245      145D5C31 
 245      7E6D93DA 
 245      DD870657 
 245      D2859E
 246 0337 06C6EA9A 		.ascii	"\006\306\352\232\3137\307\000K\246\254\356\322\270\272"
 246      CB37C700 
 246      4BA6ACEE 
 246      D2B8BA
 247 0346 CB9FD5CD 		.ascii	"\313\237\325\315\370W\\\011k\373\013i%\304}\272\214"
 247      F8575C09 
 247      6BFB0B69 
 247      25C47DBA 
 247      8C
 248 0357 49EF5082 		.ascii	"I\357P\202^\344\000\206\034z\221C~\221\373\261\326|"
 248      5EE40086 
 248      1C7A9143 
 248      7E91FBB1 
 248      D67C
 249 0369 97A98BB4 		.ascii	"\227\251\213\264\247\316\316\254\250\2504\277eK\253"
 249      A7CECEAC 
 249      A8A834BF 
 249      654BAB
 250 0378 5656D72C 		.ascii	"VV\327,\257\\\273\246\252r\365\372\352\365\325\025U"
 250      AF5CBBA6 
 250      AA72F5FA 
 250      EAF5D515 
 250      55
 251 0389 80AB83AA 		.ascii	"\200\253\203\252U5\353\252\177X\367\375\212\345\270"
 251      5535EBAA 
 251      7F58F7FD 
 251      8AE5B8
 252 0398 E21FEF7A 		.ascii	"\342\037\357z\373I"
 252      FB49
 253              		.text
 254              		.section	.gnu.lto_q_remove.dcaedcf149ff1aa5,"",%progbits
 255 0000 789C8D53 		.ascii	"x\234\215S\355KSQ\030?\317\271\257\356.[\201\021B\""
 255      ED4B5351 
 255      183FCFB9 
 255      AFEE2E5B 
 255      81114222 
 256 0014 992994EE 		.ascii	"\231)\224\356k\037\375\030\375\023QsA\004\206\246\320"
 256      6B1FFD18 
 256      FD135173 
 256      410486A6 
 256      D0
 257 0025 17D9D5CD 		.ascii	"\027\331\325\315^ BFe!\226YVZ\2724\2654\253E\022b\232"
ARM GAS  /var/folders/_f/jzb7lsz153bclt069nvlpp5r0000gn/T//cc7rbpKn.s 			page 20


 257      5E204246 
 257      65219659 
 257      565ABA34 
 257      B534AB45 
 258 003c 48A66B4A 		.ascii	"H\246kJ\371\262\201\026\201k\221\016\253\365<\367^\263"
 258      F9B28116 
 258      816B910E 
 258      ABF53CF7 
 258      5EB3
 259 004e 170BC7EE 		.ascii	"\027\013\307\356\271\367\234\363\374^\236\337\271W`"
 259      B9F79CF3 
 259      FC5E9EDF 
 259      B95760
 260 005d 7FFF0EE1 		.ascii	"\177\377\016\341uFdl7\336!\205\001\257~\311X\205\312"
 260      7546646C 
 260      37DE2185 
 260      01AF7EC9 
 260      5885CA
 261 0070 B9DA9BC1 		.ascii	"\271\332\233\301t\2330\352d\272]\340\2421\223\214\231"
 261      749B30EA 
 261      64BA5DE0 
 261      A231938C 
 261      99
 262 0081 08AA5924 		.ascii	"\010\252Y$qy!\015\227\225\372=\270,\203b.+\346>\250"
 262      7179210D 
 262      9795FA3D 
 262      B82C8362 
 262      2E2BE63E 
 263 0096 007467C0 		.ascii	"\000tg\300<\\\020%YQ\301#x<\363<\306\241\273\365\363"
 263      3C5C1025 
 263      5951C123 
 263      783CF33C 
 263      C6A1BBF5 
 264 00ab 9036C713 		.ascii	"\2206\307\023\234e2\234\366\370\373/\3124\005\221\246"
 264      9C65329C 
 264      F6F8FB2F 
 264      CA340591 
 264      A6
 265 00bc CB8D0BF3 		.ascii	"\313\215\013\363rN\243\256\353\013\376\221Q{\325\336"
 265      724EA3AE 
 265      EB0BFE91 
 265      517BD5DE 
 266 00cc 04E72CCE 		.ascii	"\004\347,\316\031\334\204t\270\005\351D\332\0049Xy}"
 266      19DC8474 
 266      B805E944 
 266      DA043958 
 266      797D
 267 00de AEE63D08 		.ascii	"\256\346=\010\231@(\337\327\272\332\324\354k\272^\031"
 267      994028DF 
 267      D7BADAD4 
 267      EC6BBA5E 
 267      19
 268 00ef 0CB4EB05 		.ascii	"\014\264\353\005b\202\013\320\014\302\2578\\bp\033\262"
 268      62820BD0 
 268      0CC2AF38 
 268      5C62701B 
 268      B2
ARM GAS  /var/folders/_f/jzb7lsz153bclt069nvlpp5r0000gn/T//cc7rbpKn.s 			page 21


 269 0100 B1BA2956 		.ascii	"\261\272)V_\015\302v\00396;\320\221b\"\373M\244\010"
 269      5F0DC276 
 269      0339363B 
 269      D0916222 
 269      FB4DA408 
 270 0114 77FE448A 		.ascii	"w\376D\212\014Z \233\312c\276o\343\232\354C{\016r\205"
 270      0C5A209B 
 270      CA63BE6F 
 270      E39AEC43 
 270      7B0E7285 
 271 0128 665A4106 		.ascii	"fZA\006\274\0076\007\365dr\266epBt\010@B\"\002\271D"
 271      BC073607 
 271      F56472B6 
 271      65704274 
 271      08404222 
 272 013f 834C8302 		.ascii	"\203L\203\002\304a\243G\215\006;\015\214E\360\212\312"
 272      C461A347 
 272      8D063B0D 
 272      8C45F08A 
 272      CA
 273 0150 2C8ACF51 		.ascii	",\212\317QY\030\203\312M$\363\346y_\263\226{\003e\364"
 273      591883CA 
 273      4D24F3E6 
 273      795FB396 
 273      7B0365F4 
 274 0164 4BD5D48D 		.ascii	"K\325\324\215ud\020\200\\\342fa\250\374\262\217-r\021"
 274      75641080 
 274      5CE26661 
 274      A8FCB28F 
 274      2D7211
 275 0177 8B5FCC2C 		.ascii	"\213_\314,\305\355\224\240\344 l8\334^\241\325Am\205"
 275      C5ED94A0 
 275      E4206C38 
 275      DC5EA1D5 
 275      416D85
 276 018a AE4F9D8E 		.ascii	"\256O\235\216j\250\262\210i\334\245\350\240\015\352"
 276      6AA8B288 
 276      69DCA5E8 
 276      A00DEA
 277 0199 80A148B0 		.ascii	"\200\241H\260f@ \347\277IMM6F\012\324_\304\332Q\014"
 277      664020E7 
 277      BF494D4D 
 277      36460AD4 
 277      5FC4DA51 
 278 01ae 05096030 		.ascii	"\005\011`0'\316_\010iYW1\253\251\371Pa\320W\257\177"
 278      27CE5F08 
 278      69595731 
 278      ABA9F950 
 278      61D057AF 
 279 01c3 4F26618D 		.ascii	"O&a\215\254-\374=\310\"\016\366\032|!o\340\234L\212"
 279      AC2DFC3D 
 279      C8220EF6 
 279      1A7C216F 
 279      E09C4C8A 
 280 01d7 6819B2CC 		.ascii	"h\031\262\314\212(*\371E\001[\351j\033,17%\224y\027"
 280      8A282AF9 
 280      45015BE9 
ARM GAS  /var/folders/_f/jzb7lsz153bclt069nvlpp5r0000gn/T//cc7rbpKn.s 			page 22


 280      6A1B2C31 
 280      37259479 
 281 01ec 191E51A9 		.ascii	"\031\036Q\251\0374\202\323\316\245+\0377`?($S'\035$"
 281      1F3482D3 
 281      CEA52B1F 
 281      37603F28 
 281      2453271D 
 282 0201 80EB0D1F 		.ascii	"\200\353\015\037\372fR\363va\177\320\211m}\342\206f"
 282      FA6652F3 
 282      76617FD0 
 282      896D7DE2 
 282      8666
 283 0213 17E45138 		.ascii	"\027\344Q8]\323i&\241\274>\206\373\006\003\035$<@\006"
 283      5DD36926 
 283      A1BC3E86 
 283      FB06031D 
 283      243C4006 
 284 0227 743CE4DD 		.ascii	"t<\344\335bYB\022\313\257\310\206A\230\204\223\301\016"
 284      62594212 
 284      CBAFC886 
 284      41988493 
 284      C10E
 285 0239 1BED11C7 		.ascii	"\033\355\021\307\345Wg[y\371\262~J\307\344\2248Q@7\224"
 285      E557675B 
 285      79F9B27E 
 285      4AC7E494 
 285      38514037 
 286 024e E3D12828 		.ascii	"\343\321((e\242\023\\5\340\022{\306\015x\370\277\360"
 286      65A2135C 
 286      35E0127B 
 286      C60D78F8 
 286      BFF0
 287 0260 9E9F704C 		.ascii	"\236\237pL\312\202SK\261q\277`Z\262\255\257\251\207"
 287      CA82534B 
 287      B171BF60 
 287      5AB2ADAF 
 287      A987
 288 0272 AB4DF59A 		.ascii	"\253M\365\232M\205\274\031\026\003\354\\9\004\231M0"
 288      4D85BC19 
 288      1603EC5C 
 288      3904994D 
 288      30
 289 0283 F310261B 		.ascii	"\363\020&\033$sW[\037\377#\203\337\370\012\036\033\261"
 289      2473575B 
 289      1FFF2383 
 289      DFF80A1E 
 289      1BB1
 290 0295 7BFD2722 		.ascii	"{\375'\"\226E;\262\220\006\022\373\2477Z\357\332\012"
 290      96453BB2 
 290      900612FB 
 290      A7375AEF 
 290      DA0A
 291 02a7 27BE9AC1 		.ascii	"'\276\232\301\255\377\346}\262\352;\010y\310e\370T\314"
 291      ADFFE67D 
 291      B2EA3B08 
 291      79C865F8 
 291      54CC
ARM GAS  /var/folders/_f/jzb7lsz153bclt069nvlpp5r0000gn/T//cc7rbpKn.s 			page 23


 292 02b9 F4AA1C6B 		.ascii	"\364\252\034kf\227\022'#\360\324\310\016sW\022\334f"
 292      66971227 
 292      23F0D4C8 
 292      0E735712 
 292      DC66
 293 02cb C054FAAE 		.ascii	"\300T\372\256\336B\205\203\301\016j9\202\304Q\031k\267"
 293      DE428583 
 293      C10E6A39 
 293      82C45119 
 293      6BB7
 294 02dd E5E73BCD 		.ascii	"\345\347;\315\377\301\003\256#\356\242B\347\261\022"
 294      FFC103AE 
 294      23EEA242 
 294      E7B112
 295 02ec 97B3B8CC 		.ascii	"\227\263\270\314]\346\316w1(\266\271\216\026\225\272"
 295      5DE6CE77 
 295      3128B6B9 
 295      8E1695BA 
 296 02fc 8F97EE3F 		.ascii	"\217\227\356?\\\370\003\330K\232A"
 296      5CF803D8 
 296      4B9A41
 297              		.text
 298              		.section	.gnu.lto_q_init.dcaedcf149ff1aa5,"",%progbits
 299 0000 789C9D52 		.ascii	"x\234\235RKOSA\024\236sg\356-\322\362\210\033\223\033"
 299      4B4F5341 
 299      149E7367 
 299      EE2DD2F2 
 299      881B931B 
 300 0014 1F440417 		.ascii	"\037D\004\027\206\022]\271\364'\270pO\004\256\211AH"
 300      86125DB9 
 300      F427B870 
 300      4F04AE89 
 300      4148
 301 0026 782D74C3 		.ascii	"x-t\303-4\032\023\027\004\023%V\202E\012\202P\220\012"
 301      2D341A13 
 301      17041325 
 301      5682450A 
 301      8250900A 
 302 003a CA43EDC2 		.ascii	"\312C\355\302(D\360\225(\352\002\324P\303C\223\202\015"
 302      2844F095 
 302      28EA02D4 
 302      50C34393 
 302      820D
 303 004c D0A8D473 		.ascii	"\320\250\324sf*A\324D\235\364f\356\231~\337w\277\363"
 303      662A41D4 
 303      449DF466 
 303      EE997EDF 
 303      77BFF3
 304 005f 9DE1ECD7 		.ascii	"\235\341\354\327u\004\237\235\202\261\203\270\203\203"
 304      75049F9D 
 304      82B183B8 
 304      8383
 305 006d 8156FF98 		.ascii	"\201V\377\2301O\212\246\031c\214\331\251\374\341\004"
 305      314F8AA6 
 305      19638CD9 
 305      A9FCE104 
 306 007d 6E2E9E2C 		.ascii	"n.\236,\205*\205f\324s,u\373\021\225:\030\212e\000\320"
ARM GAS  /var/folders/_f/jzb7lsz153bclt069nvlpp5r0000gn/T//cc7rbpKn.s 			page 24


 306      852A8566 
 306      D4732C75 
 306      FB11953A 
 306      188A6500 
 307 0092 0B0356A3 		.ascii	"\013\003V\243q\241\033P\003s\332\242\006\203\301\330"
 307      71A11B50 
 307      0373DAA2 
 307      0683C1D8 
 308 00a2 8473568B 		.ascii	"\204sV\213k,\213a9\3240\332hP\011\202\312/\201\350\234"
 308      6B2C8B61 
 308      39D430DA 
 308      68500982 
 308      CA2F81E8 
 309 00b7 B13760DB 		.ascii	"\2617`\333v\264\245#r8,\342\232\306>k\014\332\301\204"
 309      76B4A523 
 309      72382CE2 
 309      9AC63E6B 
 309      0CDAC184 
 310 00cb 6B609260 		.ascii	"k`\222`\007\354Ed\353\354\305y\340Y@,\357\327&_z\316"
 310      07EC4564 
 310      EBECC579 
 310      E059402C 
 310      EFD7265F 
 311 00e1 55DBAE0D 		.ascii	"U\333\256\015w\367\331\207\220\304\241\023\370F\036"
 311      77F7D987 
 311      90C4A113 
 311      F8461E
 312 00f0 1E31B80E 		.ascii	"\0361\270\0169\210\236\237|7\352\344\273%\263m5\330"
 312      39889E9F 
 312      7C37EAE4 
 312      BB25B36D 
 312      35D8
 313 0102 E154CC31 		.ascii	"\341T\3141\305\024\320\265\231)\030tK\346\363\236\320"
 313      C514D0B5 
 313      99291874 
 313      4BE6F39E 
 313      D0
 314 0113 401ACF95 		.ascii	"@\032\317\225\314\245\336\217\307\024qA\021u\010n&\352"
 314      CCA5DE8F 
 314      C7147141 
 314      1175086E 
 314      26EA
 315 0125 0C7A2087 		.ascii	"\014z \207\320\313\301@\257\203\357\227\314\346\270"
 315      D0CBC140 
 315      AF83EF97 
 315      CCE6B8
 316 0134 FF92C8F6 		.ascii	"\377\222\310\366#\365\355\304\323\342\260\367\212\275"
 316      23F5EDC4 
 316      D3E2B0F7 
 316      8ABD
 317 0142 96480009 		.ascii	"\226H\000\011\364\376,\240\0262\026\275\337&\235\206"
 317      F4FE2CA0 
 317      163216BD 
 317      DF269D86 
 318 0152 1753C984 		.ascii	"\027S\311\204\033\220M\201`\016}`\000\356=[\303v\"\021"
 318      1B904D81 
 318      600E7D60 
ARM GAS  /var/folders/_f/jzb7lsz153bclt069nvlpp5r0000gn/T//cc7rbpKn.s 			page 25


 318      00EE3D5B 
 318      C3762211 
 319 0166 0AAC356E 		.ascii	"\012\2545n\203\014\300\257b\363\344W\000\365\253\003"
 319      830CC0AF 
 319      62F3E457 
 319      00F5AB03 
 320 0176 5930E8D8 		.ascii	"Y0\350\330I\216\\\364\306\330\014>4\236\010\026\270"
 320      498E5CF4 
 320      C6D80C3E 
 320      349E0816 
 320      B8
 321 0187 F317E07D 		.ascii	"\363\027\340}U\027:@\232+\032\307ON\317<y\226Bs\301"
 321      55173A40 
 321      9A2B1AC7 
 321      4F4ECF3C 
 321      79964273 
 322 019c FB00A1A4 		.ascii	"\373\000\241\244\231\010\206\210SW\350\012\005\026\033"
 322      99088688 
 322      5357E80A 
 322      05161B
 323 01ab C11CC137 		.ascii	"\301\034\3017\327\301\202%\306\223\340NPh\035\321\236"
 323      D7C18225 
 323      C693E04E 
 323      50681DD1 
 323      9E
 324 01bc B6E1730E 		.ascii	"\266\341s\016B\353\210\356_G\353,6\306\370K\250\015"
 324      42EB88EE 
 324      5F47EB2C 
 324      36C6F84B 
 324      A80D
 325 01ce FBFC124D 		.ascii	"\373\374\022M\255\"\203\275\201\332\2513\3131\256\024"
 325      AD2283BD 
 325      81DAA933 
 325      CB31AE14 
 326 01de 8CE45183 		.ascii	"\214\344Q\203\304\240\\\377j\363\247\264&\360yl\233"
 326      C4A05CFF 
 326      6AF3A7B4 
 326      26F0796C 
 326      9B
 327 01ef AE0B5952 		.ascii	"\256\013YR\036\360\277\226\205\373\357\323\363\366a"
 327      1EF0BF96 
 327      85FBEFD3 
 327      F3F661
 328 01fe CB30004D 		.ascii	"\3130\000M\260D\2711\270\005y\250C\"\321h\273\37372"
 328      B044B931 
 328      B80579A8 
 328      4322D168 
 328      BBFB3732 
 329 0212 BBFE2C73 		.ascii	"\273\376,s[\312P\3560\010y\220mJ/\376\364\17733$U\344"
 329      5BCA50EE 
 329      30087990 
 329      6D4A2FFE 
 329      F47F3333 
 330 0229 14877FA8 		.ascii	"\024\207\177\250\3245\234~\020\321U\223N\225\324\264"
 330      D4359C7E 
 330      10D15593 
 330      4E95D4B4 
ARM GAS  /var/folders/_f/jzb7lsz153bclt069nvlpp5r0000gn/T//cc7rbpKn.s 			page 26


 331 0239 2FDEBA45 		.ascii	"/\336\272E&\225\300\225\301`\004L\025\307L2O\027b\377"
 331      2695C095 
 331      C160044C 
 331      15C74C32 
 331      4F1762FF 
 332 024d 278D3BD2 		.ascii	"'\215;\322\000'\003w)\015\027\211\\X\354\332\376\027"
 332      00270377 
 332      290D1789 
 332      5C58ECDA 
 332      FE17
 333 025f 329763E7 		.ascii	"2\227c\347_g\220\214\003\356I\031A2a\222\341r\222\206"
 333      5F67908C 
 333      03EE4919 
 333      41326192 
 333      E1729286 
 334 0273 BC5253E0 		.ascii	"\274RS\340\311d+\024\325\007\000\3105\371\370Y\023\366"
 334      C9642B14 
 334      D50700C8 
 334      35F9F859 
 334      13F6
 335 0285 98FA4809 		.ascii	"\230\372H\011\026\032\025\271\246\240\233\010\004\307"
 335      161A15B9 
 335      A6A09B08 
 335      04C7
 336 0293 2C76B8DD 		.ascii	",v\270\335\371\352Wx\264\250\304*+\316\257\254(\312"
 336      F9EA5778 
 336      B4A8C42A 
 336      2BCEAFAC 
 336      28CA
 337 02a5 2FAFB6AA 		.ascii	"/\257\266\252-w\021\203r^j\225\246V\036?e\025\024\236"
 337      2D771183 
 337      725E6A95 
 337      A6561E3F 
 337      6515149E 
 338 02b9 ACB22A1D 		.ascii	"\254\262*\035e\325\245\005\326\211\252\357\217Y~\251"
 338      65D5A505 
 338      D689AAEF 
 338      8F597EA9 
 339              		.text
 340              		.section	.gnu.lto_q_enqueue.dcaedcf149ff1aa5,"",%progbits
 341 0000 789C9553 		.ascii	"x\234\225S[O\023A\024\2363\273-\205^l5\361\241\211J"
 341      5B4F1341 
 341      149E33BB 
 341      2D855E6C 
 341      35F1A189 
 342 0015 440423D0 		.ascii	"D\004#\320\007}V\236}\362\037\030-}0& \012\211oLK\203"
 342      077D569E 
 342      7DF21F18 
 342      2D7D3026 
 342      200A896F 
 343 002c 3C2246C4 		.ascii	"<\"F\304\000\241\250UA.\212\200\200\002\025\211\301"
 343      00A1A855 
 343      412E8A80 
 343      80021589 
 343      C1
 344 003d 788B092A 		.ascii	"x\213\011*\020\002\210\324\200V\245B\204F\264\2363["
 344      100288D4 
ARM GAS  /var/folders/_f/jzb7lsz153bclt069nvlpp5r0000gn/T//cc7rbpKn.s 			page 27


 344      8056A542 
 344      8446B49E 
 344      335B
 345 004f 6E0A4637 		.ascii	"n\012F7\355\354\316\331\371.\347\333\031\205\375y\355"
 345      EDECCED9 
 345      F92EE7DB 
 345      1985FD79 
 345      ED
 346 0060 C77F4865 		.ascii	"\307\177He,\015\357\240c\300K\2363\3466p\256V\003\023"
 346      2C0DEFA0 
 346      63C04B9E 
 346      33E63670 
 346      AE560313 
 347 0074 094AF829 		.ascii	"\011J\370)c\302\244\200\252\325U\000z`\300\012\270\242"
 347      63C2A480 
 347      AAD55500 
 347      7A60C00A 
 347      B8A2
 348 0086 42014CF3 		.ascii	"B\001L\3630\207\216\306\271g\306)\036\341,\221\341\264"
 348      30878EC6 
 348      B967C629 
 348      1EE12C91 
 348      E1B4
 349 0098 B3B4BF5C 		.ascii	"\263\264\277\\OSPi\372\335?3\255O\361\013!fz\033\202"
 349      4F535069 
 349      FADD3F33 
 349      AD4FF10B 
 349      21667A1B 
 350 00ad 87036A84 		.ascii	"\207\003j\204s6\313\031\\\007;\334\000;\321\325B\012"
 350      7336CB19 
 350      5C073BDC 
 350      003BD1D5 
 350      420A
 351 00bf AEBC3A75 		.ascii	"\256\274:u\361\003(\211@(\357bU\205%\371\212\020\236"
 351      F1032889 
 351      4028EF62 
 351      558525F9 
 351      8A109E
 352 00d2 407BB3C8 		.ascii	"@{\263\310D\220\002u\240\254\306a\211\301MH\306\325"
 352      44900275 
 352      A0ACC661 
 352      89C14D48 
 352      C6D5
 353 00e4 B5615F09 		.ascii	"\265a_\011(;%\362\261\267$\030\257!\373\033E&D\270\012"
 353      283B25F2 
 353      B1B72418 
 353      AF21FB1B 
 353      452644B8 
 354 00f9 F51A32CD 		.ascii	"\365\0322\315\016{\010\2472h\200dZ\034\366\376xc\324"
 354      0E7B08A7 
 354      32688064 
 354      5A1CF6FE 
 354      7863D4
 355 010c 7BD19C95 		.ascii	"{\321\234\225<\241\225F\320\003\336\2336\007D4\372\256"
 355      3CA19546 
 355      D003DE9B 
 355      36074434 
ARM GAS  /var/folders/_f/jzb7lsz153bclt069nvlpp5r0000gn/T//cc7rbpKn.s 			page 28


 355      FAAE
 356 011e 61D1B105 		.ascii	"a\321\261\005\020\201\034$\245\243G=\015q4\030h\210"
 356      10811C24 
 356      A5A3473D 
 356      0D713418 
 356      6888
 357 0130 A7C18883 		.ascii	"\247\301\210\203\316\204\003\230\351\311\002$`\2457"
 357      CE840398 
 357      E9C90224 
 357      60A537
 358 013f 361A189B 		.ascii	"6\032\030\233\304?E\027\304\011\336\225\327\340\261"
 358      C43F4517 
 358      C409DE95 
 358      D7E0B1
 359 014e 9181A147 		.ascii	"\221\201\241G}u\306\324kh\3007\342/R\201\232\322.h\202"
 359      7D75C6D4 
 359      6B68C037 
 359      E22F5281 
 359      9AD22E68 
 360 0163 54D264C3 		.ascii	"T\322d\303\340\371v\210\315s\335\352l\3652\333\317\376"
 360      E0F97688 
 360      CD73DDEA 
 360      6CF532DB 
 360      CFFE
 361 0175 FA62A882 		.ascii	"\372b\250\202\012\267\020\343\241\223(4\217FoQ\246p"
 361      0AB710E3 
 361      A1932834 
 361      8F466F51 
 361      A670
 362 0187 1BEB0C55 		.ascii	"\033\353\014U\002c\333\250\2475R\343#\376\311L\303*"
 362      0263DBA8 
 362      A73552E3 
 362      23FEC94C 
 362      C32A
 363 0199 A9669442 		.ascii	"\251f\224B\271e)Z\376dba\326$\245\254$5<\334\3546\376"
 363      B965295A 
 363      FE646261 
 363      D624A5AC 
 363      24353CDC 
 364 01b0 2E75474A 		.ascii	".uGJ\265\254\225Zf\303\222\204F.\224\015\032\223j\360"
 364      B5AC955A 
 364      66C39284 
 364      462E940D 
 364      1A936AF0 
 365 01c4 8B8C8F0E 		.ascii	"\213\214\217\016f\005\274>\3613\032\205u\276h\314M+"
 365      6605BC3E 
 365      F1331A85 
 365      75BE68CC 
 365      4D2B
 366 01d6 2411C73A 		.ascii	"$\021\307:xqI\370xq \032=\2701\272-\206~\005\336\301"
 366      787149F8 
 366      7871201A 
 366      3DB831BA 
 366      2D867E05 
 367 01ec C29E7DE4 		.ascii	"\302\236}\344\010\263\303\236\344\353 6\215\233Z\301"
 367      08B3C39E 
 367      E4EB2036 
ARM GAS  /var/folders/_f/jzb7lsz153bclt069nvlpp5r0000gn/T//cc7rbpKn.s 			page 29


 367      8D9B5AC1 
 368 01fc 4EDBC25D 		.ascii	"N\333\302];\264\267q(26\371\342\245\201\332\305Pp\332"
 368      3BB4B771 
 368      283236F9 
 368      E2A581DA 
 368      C55070DA 
 369 0210 BA50FDC9 		.ascii	"\272P\375\311\214\355\242\3158\352\364.\011`\375\362"
 369      8CEDA2CD 
 369      38EAF42E 
 369      0960FDF2 
 370 0220 C7BE094B 		.ascii	"\307\276\011K\372^\354\037\332\261\355\257\\jv@:fWX"
 370      FA5EEC1F 
 370      DAB1EDAF 
 370      5C6A7640 
 370      3A665758 
 371 0234 5A34C735 		.ascii	"Z4\3075F\003\222\302.;\025[\212\006\024\255\030/\353"
 371      460392C2 
 371      2E3B155B 
 371      8A0614AD 
 371      182FEB
 372 0247 3A4AB9F4 		.ascii	":J\271\364\2559\366U\226\2040W:\032\033\211u\256\210"
 372      AD39F655 
 372      96843057 
 372      3A1A1B89 
 372      75AE88
 373 025a DD8374E4 		.ascii	"\335\203t\344\"\226\266s\0074f\343_\034W\316\235\037"
 373      2296B673 
 373      073466E3 
 373      5F1C57CE 
 373      9D1F
 374 026c DA44243A 		.ascii	"\332D$:\270/Ih{C\227t\354\031=;\000\032\205I\343,,\327"
 374      B82F4968 
 374      7B439774 
 374      EC193D3B 
 374      001A8549 
 375 0284 6B7333B2 		.ascii	"ks3\262b\225\026\225\325l\215\231]\016I\267&$\362n\307"
 375      62951695 
 375      D56C8D99 
 375      5D0E49B7 
 375      2624F26E 
 376 0299 638528E8 		.ascii	"c\205(\350\226[\242\007\225\346\271E\232\014wo\327("
 376      965BA207 
 376      95E6B945 
 376      9A0C776F 
 376      D728
 377 02ab ADFF966B 		.ascii	"\255\377\226k@\272\224\207\361\301R\256\241X\2566d\321"
 377      40BA9487 
 377      F1C152AE 
 377      A158AE36 
 377      64D1
 378 02bd 72FDFF08 		.ascii	"r\375\377\010{Wx\037R\2046\271\035Ty\034G\301m\305}"
 378      7B57781F 
 378      528436B9 
 378      1D54791C 
 378      47C16DC5 
 379 02d2 8FD1BC07 		.ascii	"\217\321\274\007\200\335v^\371\005PG\011\345\340\311"
 379      80DD765E 
ARM GAS  /var/folders/_f/jzb7lsz153bclt069nvlpp5r0000gn/T//cc7rbpKn.s 			page 30


 379      F9055047 
 379      09E5E0C9 
 380 02e2 055A82B8 		.ascii	"\005Z\202\270m\031\031\016\355w\354\250\363\204+;\313"
 380      6D19190E 
 380      ED77ECA8 
 380      F3842B3B 
 380      CB
 381 02f3 71FA94D3 		.ascii	"q\372\224\323\221\233\357\312we8\031\344&8s\262\363"
 381      919BEFCA 
 381      77653819 
 381      E4263873 
 381      B2F3
 382 0305 5C67F28E 		.ascii	"\\g\362\216\034\317\372\005E\327\267~"
 382      1CCFFA05 
 382      45D7B77E 
 383              		.text
 384              		.section	.gnu.lto_q_dequeue.dcaedcf149ff1aa5,"",%progbits
 385 0000 789C9553 		.ascii	"x\234\225S\335O\023A\020\337\331\273\226~\267B|i$\022"
 385      DD4F1341 
 385      10DFD9BB 
 385      967EB742 
 385      7C692412 
 386 0014 2B42A2C0 		.ascii	"+B\242\300\213\177\000\217\306\177\302h\351\2031\301"
 386      8B7F008F 
 386      C67FC268 
 386      E98331C1 
 387 0024 A090F8C6 		.ascii	"\240\220\370\306\225V\214\211\017\244F\305 \221\212"
 387      95568C89 
 387      0FA446C5 
 387      20918A
 388 0033 5541054B 		.ascii	"UA\005K\001\001Q\253V\242\202\032\023E \004\001\213"
 388      010151AB 
 388      56A2821A 
 388      13452004 
 388      018B
 389 0045 01C5840A 		.ascii	"\001\305\204\012\021\032?\352\314n\011\210h\360\322"
 389      111A3FEA 
 389      CC6E0988 
 389      68F0D2
 390 0054 EEDDCECD 		.ascii	"\356\335\316\315\374>fn\025\366\347\265\033\377.\035"
 390      FC3E666E 
 390      15F6E7B5 
 390      1BFF2E1D 
 391 0064 63BBF00E 		.ascii	"c\273\360\016:\006\274\346\005c^\003\347j\215\3024\223"
 391      3A06BCE6 
 391      05635E03 
 391      E76A8DC2 
 391      3493
 392 0076 A2F533A6 		.ascii	"\242\3653\246Y\024Pe\\\005\240\007\006\254\222+*T\302"
 392      59145065 
 392      5C05A007 
 392      06AC922B 
 392      2A54C2
 393 0089 0C4F70E8 		.ascii	"\014Op\350nYxn\236\346I\316r\030n{\002Oj\365\264\005"
 393      6E59786E 
 393      9EE649CE 
 393      72186E7B 
ARM GAS  /var/folders/_f/jzb7lsz153bclt069nvlpp5r0000gn/T//cc7rbpKn.s 			page 31


 393      024F6AF5 
 394 009f 95B6DF42 		.ascii	"\225\266\337Bs3\372\274\220\246is\201\360k\313\361="
 394      7333FABC 
 394      90A66973 
 394      81F06BCB 
 394      F13D
 395 00b1 49CED93C 		.ascii	"I\316\331<gp\025\234p\015\234\004\327\004y\230yy\372"
 395      6770159C 
 395      700D9C04 
 395      D7047998 
 395      7979FA
 396 00c4 DC475072 		.ascii	"\334GPr\200\252\374\337\353\353l\271\215\232V\025\355"
 396      80AAFCDF 
 396      EBEB6CB9 
 396      8D9A5615 
 396      ED
 397 00d5 6AD38AD5 		.ascii	"j\323\212\325$W\240\031\224\325u\030bp\035r1\273)\321"
 397      2457A019 
 397      94D57518 
 397      62701D72 
 397      31BB29D1 
 398 00e9 5003CA36 		.ascii	"P\003\3126Q9\370\376Y\273QV>\225\225*\334X[\2512\270"
 398      5139F8FE 
 398      59BB5156 
 398      3E95952A 
 398      DC585BA9 
 399 00ff 09B9949E 		.ascii	"\011\271\224\236\360\377xk\326\373Q\236\203T\241\230"
 399      F0FF786B 
 399      D6FB519E 
 399      8354A198 
 400 010f 16D003DE 		.ascii	"\026\320\003\336[3\243Z*\325\3302\020Q7\003\226 \014"
 400      5B33A35A 
 400      2AD5D832 
 400      10513703 
 400      96200C
 401 0122 B1E9E851 		.ascii	"\261\351\350QO\020\031\364d\300\005\214\2645\341\242"
 401      4F1019F4 
 401      64C0058C 
 401      B435E1A2 
 402 0132 3303E15A 		.ascii	"3\003\341Z\351\215\215\026;-\016Z2i\311\242\205\261"
 402      E98D8D16 
 402      3B2D0E5A 
 402      3269C9A2 
 402      85B1
 403 0144 38FEA98F 		.ascii	"8\376\251\217S\270\301\2732\010U\233H\313p_\254\331"
 403      53B8C1BB 
 403      3208559B 
 403      48CB705F 
 403      ACD9
 404 0156 9C7F05B5 		.ascii	"\234\177\005\2654\214\206\252U \207\362\202V\310'v6"
 404      348C86AA 
 404      552087F2 
 404      8256C827 
 404      7636
 405 0168 02555FF7 		.ascii	"\002U_\367\262E\256\303\364\376\311\245y\0135Z\357\240"
 405      B245AEC3 
 405      F4FEC9A5 
ARM GAS  /var/folders/_f/jzb7lsz153bclt069nvlpp5r0000gn/T//cc7rbpKn.s 			page 32


 405      790B355A 
 405      EFA0
 406 017a EA919136 		.ascii	"\352\221\2216\257\271\036\352\274\2326~\322gC\246E\324"
 406      AFB91EEA 
 406      BC9A367E 
 406      D26743A6 
 406      45D4
 407 018c 7C8B3A0C 		.ascii	"|\213:\014a\250\007\2064\321\363}\012\031\374\215l|"
 407      61A80786 
 407      34D1F37D 
 407      0A19FC8D 
 407      6C7C
 408 019e 34142F36 		.ascii	"4\024/6\254\"kC2$\244\002\201\234<sv\310\354\012bK\307"
 408      AC226B43 
 408      3224A402 
 408      819C3C73 
 408      76C8EC0A 
 409 01b5 67864AA2 		.ascii	"g\206J\242\376\006\355g*\005\353\214$]\037\001\027a"
 409      FE06ED67 
 409      2A05EB8C 
 409      245D1F01 
 409      1761
 410 01c7 B037E01F 		.ascii	"\2607\340\037\362EN\351\211\021%\203KfL!\023~X\012z"
 410      F2454EE9 
 410      89112583 
 410      4B664C21 
 410      137E580A 
 411 01dc E90C0F04 		.ascii	"\351\014\017\004u\3625iz\027\177\371\312@\216P\012n"
 411      75F23569 
 411      7A177FF9 
 411      CA408E50 
 411      0A6E
 412 01ee 3B962E7E 		.ascii	";\226.~\266\242#\244\312 /\355D\201\361\013\013\247"
 412      B6A223A4 
 412      CA202FED 
 412      4481F10B 
 412      0BA7
 413 0200 87ED053B 		.ascii	"\207\355\005;i\262\035h\354\013\027\254\235P@\355\351"
 413      69B21D68 
 413      EC0B17AC 
 413      9D5040ED 
 413      E9
 414 0211 0C664BC0 		.ascii	"\014fK\300\214\177 \\\372\024\233\264\021\002\207\333"
 414      8C7F205C 
 414      FA149BB4 
 414      110287DB 
 415 0221 0281260E 		.ascii	"\002\201&\016]\022a\354DL\221\020\006D\301\210\2576"
 415      5D1261EC 
 415      444C9110 
 415      0644C188 
 415      AF36
 416 0233 6DC18832 		.ascii	"m\301\21021*\246`\222!\323j\331\352Z\331\010`\204n1"
 416      312AA660 
 416      9221D36A 
 416      D9EA5AD9 
 416      0860846E 
 417 0248 821E1A01 		.ascii	"\202\036\032\001\026\006&\354\351\011,\347\341\300\242"
ARM GAS  /var/folders/_f/jzb7lsz153bclt069nvlpp5r0000gn/T//cc7rbpKn.s 			page 33


 417      160626EC 
 417      E9092CE7 
 417      E1C0A2
 418 0257 8AC835A7 		.ascii	"\212\3105\247s\357`.B\013;\211\001o\272C\326\215\031"
 418      73EF602E 
 418      420B3B89 
 418      016FBA43 
 418      D68D19
 419 026a EA5D3174 		.ascii	"\352]1tW\030\362\005\252\227\015\331\020\005\266;e\237"
 419      5718F205 
 419      AA970DD9 
 419      1005B63B 
 419      659F
 420 027c B6CA987D 		.ascii	"\266\312\230}c\260\367\004\2548!\367%l{u<\015\353\020"
 420      63B0F704 
 420      AC3821F7 
 420      256C7B75 
 420      3C0DEB10 
 421 0290 C876612F 		.ascii	"\310va/h[\307\236\372w\334\350\212\334\007P\200XB\\"
 421      685BC79E 
 421      FA77DCE8 
 421      8ADC0750 
 421      8058425C 
 422 02a4 F8F9441A 		.ascii	"\370\371D\032;sc\362\036\012\030\372\204\341\321\262"
 422      3B7363F2 
 422      1E0A18FA 
 422      84E1D1B2 
 423 02b4 EB592E21 		.ascii	"\353Y.!\262\020\005v8e\367\255\377'/\266\202\373\230"
 423      B2100576 
 423      3865F7AD 
 423      FF272FB6 
 423      82FB98
 424 02c7 E465890F 		.ascii	"\344e\211\017X\025\347v\014\274\016<\213\250\375\003"
 424      5815E776 
 424      0CBC0E3C 
 424      8BA8FD03 
 425 02d7 0012F0D9 		.ascii	"\000\022\360\331\360\026\354\256\322\033\261\340\031"
 425      F016ECAE 
 425      D21BB1E0 
 425      19
 426 02e4 07CAC17E 		.ascii	"\007\312\301~e\027\026\026\311\337\201\375\356C\236"
 426      65171616 
 426      C9DF81FD 
 426      EE439E
 427 02f3 D292A2A3 		.ascii	"\322\222\242\243G\334Ee\025\236\012O\241\233A\231\311"
 427      47DC4565 
 427      159E0A4F 
 427      A19B4199 
 427      C9
 428 0304 7DB8B4DC 		.ascii	"}\270\264\334s\254|\337\301\222_\361\202\305L"
 428      73AC7CDF 
 428      C1925FF1 
 428      82C54C
 429              		.text
 430              		.section	.gnu.lto_q_front.dcaedcf149ff1aa5,"",%progbits
 431 0000 789C7D52 		.ascii	"x\234}R[KTQ\024\336\337\336g\2163s\306K\321\323\200"
 431      5B4B5451 
ARM GAS  /var/folders/_f/jzb7lsz153bclt069nvlpp5r0000gn/T//cc7rbpKn.s 			page 34


 431      14DEDFDE 
 431      678E3373 
 431      C64BD1D3 
 432 0015 20992994 		.ascii	" \231)\224\316K?\300\307\350OD\215\363\020\201e)\364"
 432      CE4B3FC0 
 432      C7E84F44 
 432      8DF31081 
 432      6529F4
 433 0028 E61E9DEA 		.ascii	"\346\036\235\352\245@\214J0K\263\311\264\324\274\214"
 433      A5408C4A 
 433      304BB3C9 
 433      B4D4BC8C 
 434 0038 A6050D24 		.ascii	"\246\005\015$\022IET\336\0203\323\320\"pR\322!kZ\353"
 434      12494554 
 434      DE1033D3 
 434      D0227052 
 434      D2216B5A 
 435 004d 9C09CCA2 		.ascii	"\234\011\314\242\303\314\331{\257\263\276\313Zk+\361"
 435      C3CCD97B 
 435      AFB3BECB 
 435      5A6B2BF1 
 436 005d F77380FE 		.ascii	"\367s\200\376'\225\020\373i\205K@\326\275\020\"\354"
 436      279510FB 
 436      69854B40 
 436      D6BD1022 
 436      EC
 437 006e 96D2A853 		.ascii	"\226\322\250SB{\225\036\023B\373\024\014'n\000\274\021"
 437      427B951E 
 437      1342FB14 
 437      0C276E00 
 437      BC11
 438 0080 10D55219 		.ascii	"\020\325R\031\250\306\262LH\014u\255=\267\226dR\212"
 438      A8C6B24C 
 438      480C75AD 
 438      3DB79664 
 438      528A
 439 0092 3C41C7E1 		.ascii	"<A\307\341\372\247\015&\037a\360\361{te\331,\214j\255"
 439      FAA70D26 
 439      1F61F0F1 
 439      7B7465D9 
 439      2C8C6AAD 
 440 00a6 57E6FBDE 		.ascii	"W\346\373\336\370\316\036LJ)V\245@\033\374\270\003?"
 440      F8CE1E4C 
 440      4A2956A5 
 440      401BFCB8 
 440      033F
 441 00b8 D3B5A390 		.ascii	"\323\265\243\2202o-]\375\004\225\007FE6\233\032\263"
 441      326F2D5D 
 441      FD049507 
 441      4645369B 
 441      1AB3
 442 00ca 0A5AB5AE 		.ascii	"\012Z\265\256\211w\365\352R#)\025:\240\266\342($p\027"
 442      8977F5EA 
 442      52232915 
 442      3AA0B6E2 
 442      28247017 
 443 00de 0594DD9E 		.ascii	"\005\224\335\236h\256\203\332m#\307?<\353\3678\310\307"
ARM GAS  /var/folders/_f/jzb7lsz153bclt069nvlpp5r0000gn/T//cc7rbpKn.s 			page 35


 443      68AE83DA 
 443      6D23C73F 
 443      3CEBF738 
 443      C8C7
 444 00f0 0ED2C0BD 		.ascii	"\016\322\300\275\355HC\240\023\005\234\236\210\374\230"
 444      ED4843A0 
 444      13059C9E 
 444      88FC98
 445 00ff B0CC08D9 		.ascii	"\260\314\010\331\313aWd\246\013&h\355\336\031\327\251"
 445      CB615764 
 445      A60B2668 
 445      EDDE19D7 
 445      A9
 446 0110 546BE785 		.ascii	"Tk\347\205A#\023\004!\032Vs\361\326d\212\014\336\271"
 446      41231304 
 446      211A5673 
 446      F1D6648A 
 446      0CDEB9
 447 0123 E9050F1F 		.ascii	"\351\005\017\037\275\364rY\260y\305\0021q\247\026\251"
 447      BDF47259 
 447      B079C502 
 447      3171A716 
 447      A9
 448 0134 565AD538 		.ascii	"VZ\3258jv\260\332\324\350H\207Ut\233\324\232g\242\347"
 448      6A76B0DA 
 448      D4E84887 
 448      55749BD4 
 448      9A67A2E7 
 449 0148 0C700DCE 		.ascii	"\014p\015\316\203n\0241\277\230F\315\267Cb]\272(}l~"
 449      836E1431 
 449      BF9846CD 
 449      B743625D 
 449      BA287D6C 
 450 015d 63D5C7AD 		.ascii	"c\325\307\2554s\030==\335\033\266\232\320\030\326z\356"
 450      3473183D 
 450      3DDD1BB6 
 450      9AD018D6 
 450      7AEE
 451 016f FA138BE4 		.ascii	"\372\023\213\344\327\311\325}\356!z\320\004A2\361\327"
 451      D7C9D57D 
 451      EE217AD0 
 451      044132F1 
 451      D7
 452 0180 A38A4BF8 		.ascii	"\243\212K\370Cln&\272P\352\336\"\326Kb$\310\000\233"
 452      436C6E26 
 452      BA50EADE 
 452      22D64B62 
 452      24C8009B 
 453 0194 3979F9CA 		.ascii	"9y\371\312\244\225\337BM\233[\236,\213G\232\365\317"
 453      A495DF42 
 453      4D9B5B9E 
 453      2C8B479A 
 453      F5CF
 454 01a6 540AFF68 		.ascii	"T\012\377hz\032\337\207|\346\020o\021\231\254m\273h"
 454      7A1ADF87 
 454      7CE6106F 
 454      1199AC6D 
ARM GAS  /var/folders/_f/jzb7lsz153bclt069nvlpp5r0000gn/T//cc7rbpKn.s 			page 36


 454      BB68
 455 01b8 B2225946 		.ascii	"\262\"YF\276\223\261HJtu\024\3252\3203\321\342r>\263"
 455      BE93B148 
 455      4A747514 
 455      D532D033 
 455      D1E2723E 
 456 01cd A7770B2F 		.ascii	"\247w\013/_\271\271\"\262B\307\330\306\215/\231T\021"
 456      5FB9B922 
 456      B242C7D8 
 456      C68D2F99 
 456      5411
 457 01df 4965702D 		.ascii	"Iep-\375,A\361kk\227\246\262\213\367\361\354bT\330W"
 457      FD2C41F1 
 457      6B6B97A6 
 457      B28BF7F1 
 457      EC6254D8 
 458 01f4 69AB0EA0 		.ascii	"i\253\016\240\230\3333\320\222\353\020f\374\207\341"
 458      98DB33D0 
 458      92EB1066 
 458      FC87E1
 459 0203 E6E791F9 		.ascii	"\346\347\221\371,f\220\030\264\031x\246x\3400\314\236"
 459      2C669018 
 459      B41978A6 
 459      78E030CC 
 459      9E
 460 0214 1F510E85 		.ascii	"\037Q\016\205\233X(R\333\220.\301C6)jO\301\353\204\274"
 460      9B582852 
 460      DB902EC1 
 460      4336296A 
 460      4FC1EB84 
 461 0229 5B6D1BDB 		.ascii	"[m\033\333m\023\201\007C\366\010\206y\004\004\254\177"
 461      6D138107 
 461      43F60886 
 461      790404AC 
 461      7F
 462 023a 9F9D9EC0 		.ascii	"\237\235\236\300\357<\032X\\\331\271V:\367!\345\022"
 462      EF3C1A58 
 462      5CD9B956 
 462      3AF721E5 
 462      12
 463 024b B5DD2BC3 		.ascii	"\265\335+\303\276\"\263\010\347\320\330\311\346G\000"
 463      BE22B308 
 463      E7D0D8C9 
 463      E64700
 464 025a 7BFDF251 		.ascii	"{\375\362Ql\027\366\370\325f\314G\327\011\234C]\310"
 464      6C17F6F8 
 464      D566CC47 
 464      D7099C43 
 464      5DC8
 465 026c 2D290938 		.ascii	"-)\0118\277\243G\202\307C\345e\201\323\247\202\201\212"
 465      BFA34782 
 465      C743E565 
 465      81D3A782 
 465      818A
 466 027e AA5055A8 		.ascii	"\252PU\250$(P\341\015\236(\257\014\235\251<|\254\354"
 466      242850E1 
 466      0D9E28AF 
ARM GAS  /var/folders/_f/jzb7lsz153bclt069nvlpp5r0000gn/T//cc7rbpKn.s 			page 37


 466      0C9DA93C 
 466      7CACEC
 467 0291 171D0D38 		.ascii	"\027\035\0158#"
 467      23
 468              		.text
 469              		.section	.gnu.lto_q_isempty.dcaedcf149ff1aa5,"",%progbits
 470 0000 789C658F 		.ascii	"x\234e\217\335+\303a\024\307\317\367<\277-\265H\256"
 470      DD2BC361 
 470      14C7CFF7 
 470      3CBF2DB5 
 470      48AE
 471 0012 F48B9AB4 		.ascii	"\364\213\232\264\226\260\375\013\256\375\027\314\256"
 471      96B0FD0B 
 471      AEFD17CC 
 471      AE
 472 001f 941AED7A 		.ascii	"\224\032\355z?3\271\225\033j-5\344}\223BsE\271p\341"
 472      3F33B995 
 472      1B6A2D35 
 472      E47D9342 
 472      7345B970 
 473 0034 25B9A015 		.ascii	"%\271\240\025\312KyI\031j~\2059\307\334yz\236\347<\347"
 473      CA4B7949 
 473      196A7E85 
 473      39C7DC79 
 473      7A9EE73C 
 474 0049 74CEE7FB 		.ascii	"t\316\347\373}\014\375_\266\234n\020\265H\204!\360\370"
 474      7D0CFD5F 
 474      B69C6E10 
 474      B5488421 
 474      F0F8
 475 005b 11D1700D 		.ascii	"\021\321p\015\003\372 P\202\221\300\003\227\030\007"
 475      03FA2050 
 475      8291C003 
 475      971807
 476 006a 85EF5304 		.ascii	"\205\357S\004\347\034'\371\222\335:\367\2156\272L\364"
 476      E71C27F9 
 476      92DD3AF7 
 476      8D36BA4C 
 476      F4
 477 007b C6840E1B 		.ascii	"\306\204\016\033m\312\301<\202\3227{?\371\010\343\007"
 477      6DCAC13C 
 477      82D2377B 
 477      3FF908E3 
 477      07
 478 008c C9BB907B 		.ascii	"\311\273\220{?\364\335\263\313\360k\272=\261?\345\325"
 478      3FF4DDB3 
 478      CBF06BBA 
 478      3DB13FE5 
 478      D5
 479 009d 942D4D53 		.ascii	"\224-MS\237\231t]`F\210;\205u\247\313r\331`\001F\231"
 479      9F99745D 
 479      6046883B 
 479      8575A7CB 
 479      72D96001 
 480 00b3 8BB0B104 		.ascii	"\213\260\261\004\233\244DXF@\333K\251\2573\2377\345"
 480      9BA44458 
 480      4640DB4B 
ARM GAS  /var/folders/_f/jzb7lsz153bclt069nvlpp5r0000gn/T//cc7rbpKn.s 			page 38


 480      A9AF339F 
 480      37E5
 481 00c5 384EBDEA 		.ascii	"8N\275\352\212\340\012\274\342\235\362\015;N\245r\223"
 481      8AE00ABC 
 481      E29DF20D 
 481      3B4EA572 
 481      93
 482 00d6 39D8B23C 		.ascii	"9\330\262<\342\\\332\215\014Z\026\251C\272\225K?s\307"
 482      E25CDA8D 
 482      0C5A16A9 
 482      43BA954B 
 482      3F73C7
 483 00e9 ACD11491 		.ascii	"\254\321\024\221\334,]\354\032\235.\263\021\360\325"
 483      DC2C5DEC 
 483      1A9D2EB3 
 483      11F0D5
 484 00f8 EDF1498D 		.ascii	"\355\361I\215\3322\244:\033\037\323\317\265\031\244"
 484      DA32A43A 
 484      1B1FD3CF 
 484      B519A4
 485 0107 E1B2A7CC 		.ascii	"\341\262\247\314\214U\361\241\365\354\323\336u]g\273"
 485      8C55F1A1 
 485      F5ECD3DE 
 485      755D67BB 
 486 0117 90914306 		.ascii	"\220\221C\006\257\012'\344\321IE\214\254\2155U\201\226"
 486      AF0A27E4 
 486      D149458C 
 486      AC8D3555 
 486      8196
 487 0129 30D16AD3 		.ascii	"0\321j\323%\360W\370\365\000\325\226\211\346P(\\\335"
 487      25F057F8 
 487      F500D596 
 487      89E65028 
 487      5CDD
 488 013b BD3D91FE 		.ascii	"\275=\221\376\350@_xh0\022\216\305\243\361h(B\210\375"
 488      E8405F78 
 488      6830128E 
 488      C5A3F168 
 488      284288FD 
 489 014f 00AE757A 		.ascii	"\000\256uz\012"
 489      0A
 490              		.text
 491              		.section	.gnu.lto_.symbol_nodes.dcaedcf149ff1aa5,"",%progbits
 492 0000 789C55CA 		.ascii	"x\234U\3121\016\202`\024\003\340\276W~\374%:x\342&\014"
 492      310E8260 
 492      1403E0BE 
 492      577EFC25 
 492      3A78E226 
 493 0015 C4D10B60 		.ascii	"\304\321\013`\010\367`app\360\020FW\235\030\334\300"
 493      08F76061 
 493      7070F010 
 493      46579D18 
 493      DCC0
 494 0027 04135F97 		.ascii	"\004\023_\227\346kJ\000\003\326x\026p\272\001\022\332"
 494      E66B4A00 
 494      03D67816 
 494      70BA0112 
ARM GAS  /var/folders/_f/jzb7lsz153bclt069nvlpp5r0000gn/T//cc7rbpKn.s 			page 39


 494      DA
 495 0038 EEB8836F 		.ascii	"\356\270\203oeq8\310\327\301\332>\303+\361w8w\213\241"
 495      657138C8 
 495      D7C1DA3E 
 495      C32BF177 
 495      38778BA1 
 496 004c 22984AC1 		.ascii	"\"\230J\301\205\312\340\244Mp\251\374o:P7\217\317\236"
 496      85CAE0A4 
 496      4D70A9FC 
 496      6F3A5037 
 496      8FCF9E
 497 005f 6EB83F5F 		.ascii	"n\270?_F\032\372\346\315o\217\227)qy\324\327)a\006\031"
 497      461AFAE6 
 497      CD6F8F97 
 497      297179D4 
 497      D7296106 
 498 0074 D93421   		.ascii	"\3314!"
 499              		.text
 500              		.section	.gnu.lto_.refs.dcaedcf149ff1aa5,"",%progbits
 501 0000 789C6366 		.ascii	"x\234cf```d\200\002\000\000=\000\005"
 501      60606064 
 501      80020000 
 501      3D0005
 502              		.text
 503              		.section	.gnu.lto_.decls.dcaedcf149ff1aa5,"",%progbits
 504 0000 789CAD96 		.ascii	"x\234\255\226kPT\347\031\307\317\263\357ao\\4cC:\314"
 504      6B5054E7 
 504      19C7CFB3 
 504      EF616F5C 
 504      3463433A 
 505 0015 744A980E 		.ascii	"tJ\230\016\323v\224\265i2\223|\252m:S\353\207N2S?\365"
 505      D37694B5 
 505      6932937C 
 505      AA6D3A53 
 505      EB874E32 
 506 002c C376B39C 		.ascii	"\303v\263\234$;\201\005v\227\316\230OGHF\223F\261\030"
 506      243B8105 
 506      7697CE98 
 506      4F474846 
 506      9346B118 
 507 0040 116B3544 		.ascii	"\021k5D\301\033\204 ^@\010\272\\\202\313M@\014\250\010"
 507      C11B8420 
 507      5E4008BA 
 507      5C82CB4D 
 507      400CA808 
 508 0054 2C280641 		.ascii	",(\006A#^\"\"\022\372\274\227\263{v\263\314\330\231"
 508      235E2222 
 508      12FABC97 
 508      B37B76B3 
 508      CCD899
 509 0067 BEC3B37B 		.ascii	"\276\303\263{\336\367<\357\377\371=\317{Y\210$I\271"
 509      DEF73CEF 
 509      FFF93DCF 
 509      7B598824 
 509      49B9
 510 0079 449296B0 		.ascii	"D\222\226\260\251VI\032\003I\302/\351\0154\034\226j"
 510      A956491A 
ARM GAS  /var/folders/_f/jzb7lsz153bclt069nvlpp5r0000gn/T//cc7rbpKn.s 			page 40


 510      0349C22F 
 510      E90D341C 
 510      966A
 511 008b D13AD1D6 		.ascii	"\321:\321\326K\274Y\320z\321\006\321\206\321\202h7\321"
 511      4BBC59D0 
 511      7AD106D1 
 511      86D18268 
 511      37D1
 512 009d 66D0EEA0 		.ascii	"f\320\356\240\335E{,\375\270\3219\361B7\011-A\350n@"
 512      DD457B2C 
 512      FDB8D139 
 512      F1423709 
 512      2D41E86E 
 513 00b2 3B83968C 		.ascii	";\203\226\214\326\201V\2076\217\366{\021\277\015\255"
 513      D6815687 
 513      368FF67B 
 513      11BF0DAD 
 514 00c2 1DAD19CD 		.ascii	"\035\255\031\315 t\026b\350\017\306\320?\243\213\221"
 514      20741662 
 514      E80FC6D0 
 514      3FA38B91 
 515 00d2 2C74EB84 		.ascii	",t\353\2046\215\005B\337 \346\307\322\2459&\35247\010"
 515      368D0542 
 515      DF20E6C7 
 515      D2A53926 
 515      EA343708 
 516 00e6 4DAA7D5F 		.ascii	"M\252}_\307\375\024\355\022\332\"Z\217\210#\243\235"
 516      C7FD14ED 
 516      12DA225A 
 516      8F8823A3 
 516      9D
 517 00f7 17EC5A1E 		.ascii	"\027\354Z\036Dh\016\212\\\242[P\344\021+\236\306\255"
 517      44680E8A 
 517      5CA25B50 
 517      E4112B9E 
 517      C6AD
 518 0109 C5FA01ED 		.ascii	"\305\372\001\355\212\320\324\342h1\202Rx\215\242\033"
 518      8AD0D4E2 
 518      68318252 
 518      788DA21B 
 519 0119 5D2F738C 		.ascii	"]/s\214\030t\255\327\213\0304^\234\320k\215\312\003"
 519      1874ADD7 
 519      8B18345E 
 519      9CD06B8D 
 519      CA03
 520 012b 8446749B 		.ascii	"\204Ft\233YF\267.\212\237\350\264Z\205\336L\014=\272"
 520      5946B72E 
 520      8A9FE8B4 
 520      5A85DE4C 
 520      0C3DBA
 521 013e 9F2CCBD4 		.ascii	"\237,\313\324\"Y\247\247\325\272Mpj\314 4\242\333\335"
 521      2259A7A7 
 521      D5BA4D70 
 521      6ACC2034 
 521      A2DBDD
 522 0151 FF41D7A0 		.ascii	"\377A\327\240\323\00517\272\321\375n\224\370~\210\336"
 522      D3053137 
ARM GAS  /var/folders/_f/jzb7lsz153bclt069nvlpp5r0000gn/T//cc7rbpKn.s 			page 41


 522      BAD1FD6E 
 522      94F87E88 
 522      DE
 523 0162 DBDA3ED3 		.ascii	"\333\332>\323xb\235\215{\006\330\335\177\271N&\006\240"
 523      78629D8D 
 523      7B06D8DD 
 523      7FB94E26 
 523      06A0
 524 0174 CF074BC7 		.ascii	"\317\007K\307/YW\037SUu\253\352\357\203\260\323\307"
 524      2F59571F 
 524      535575AB 
 524      EAEF83B0 
 524      D3C7
 525 0186 C347BB4D 		.ascii	"\303G\273M\3449\346\264\371P\343'\246)\003$[\331\253"
 525      E439E6B4 
 525      F950E327 
 525      A6290324 
 525      5BD9AB
 526 0199 ED5DFF6E 		.ascii	"\355]\377n&\254\273D_\033\212\257?\254\000\260\246o"
 526      26ACBB44 
 526      5F1B8AAF 
 526      3FAC00B0 
 526      A66F
 527 01ab 55D50275 		.ascii	"U\325\002u\266X%?\225`u\012\374*E\202/ \035\335\340"
 527      B658253F 
 527      9560750A 
 527      FC2A4582 
 527      2F201DDD 
 528 01c0 08AC96E0 		.ascii	"\010\254\226\340\030\244@%\244H\345\030l\266\361I\020"
 528      18A44025 
 528      A448E518 
 528      6CB6F149 
 528      10
 529 01d1 5455862A 		.ascii	"TU\206*\260\302Q \314\003\241i\004\016`\010\016U\274"
 529      B0C25120 
 529      CC03A169 
 529      040E6008 
 529      0E55BC
 530 01e4 195BF4CB 		.ascii	"\031[\364\313\345D\027\012\273\236\247\242\325(z8,\212"
 530      E544170A 
 530      BB9EA7A2 
 530      D5287A38 
 530      2C8A
 531 01f6 3142699D 		.ascii	"1Bi\235\251~\330\023\217\354I\326T\332m(\016\224\032"
 531      A97ED813 
 531      8FEC49D6 
 531      54DA6D28 
 531      0E941A
 532 0209 B19B6095 		.ascii	"\261\233`\225iw\370\332'\237B\302\3074\344\216B\325"
 532      6977F8DA 
 532      279F42C2 
 532      C734E48E 
 532      42D5
 533 021b 12486252 		.ascii	"\022HbR5\030\3438\306\220\240\026h\271\3317z\267\365"
 533      3518E338 
 533      C690A016 
 533      68B9D937 
ARM GAS  /var/folders/_f/jzb7lsz153bclt069nvlpp5r0000gn/T//cc7rbpKn.s 			page 42


 533      7AB7F5
 534 022e 0F571A99 		.ascii	"\017W\032\231V\031+\323\256\256\372\021+\023\373\011"
 534      56192BD3 
 534      AEAEFA11 
 534      2B13FB09 
 535 023e ED068ECC 		.ascii	"\355\006\216\3145\032I\037\260w\247\277\336Vn$\227Y"
 535      351A491F 
 535      B077A7BF 
 535      DE566E24 
 535      9759
 536 0250 C7303910 		.ascii	"\30709\020\334c\216\235[\375r\2715\035.f\271\325!\320"
 536      DC638E9D 
 536      5BFD72B9 
 536      351D2E66 
 536      B9D521D0 
 537 0264 E9706ED5 		.ascii	"\351pn\325\272\334\006F\006\036\031#\350\353\"\350\317"
 537      BADC0646 
 537      061E1923 
 537      E8EB22E8 
 537      CF
 538 0275 707AF4FC 		.ascii	"pz\364\374|h\373\021\023)\340[\340\300\255\343\273\011"
 538      7C68FB11 
 538      1329E05B 
 538      E0C0ADE3 
 538      BB09
 539 0287 D9C23B57 		.ascii	"\331\302;W\016\337\277h&;x\247|WIU\034K\310L\273\373"
 539      0EDFBF68 
 539      263B78A7 
 539      7C574955 
 539      1C4BC84C 
 540 029d A68F1E8A 		.ascii	"\246\217\036\212#%\374]_\307\346\341\025d/\357tM<~\220"
 540      2325FC5D 
 540      5FC7E6E1 
 540      15642FEF 
 540      744D3C7E 
 541 02b2 C01C5762 		.ascii	"\300\034Wb\3274^T\331\220\010i\253\322\322\322\323\322"
 541      D7345E54 
 541      D9900869 
 541      ABD2D2D2 
 541      D3D2
 542 02c4 CA287DE0 		.ascii	"\312(}\340\326E\262G-k\001\330`\205\263\210\337\002"
 542      D645B247 
 542      2D6B01D8 
 542      6085B388 
 542      DF02
 543 02d6 AB4264D0 		.ascii	"\253Bd\320\304\360j\350\247\364/tWw\250\352:\237\004"
 543      C4F06AE8 
 543      A7F42F74 
 543      5777A8EA 
 543      3A9F04
 544 02e9 27D0E124 		.ascii	"'\320\341${G\3351c\370\032\313\323\006i\320\216v\036"
 544      7B47DD31 
 544      63F81ACB 
 544      D30669D0 
 544      8E761E
 545 02fc AD19AD15 		.ascii	"\255\031\255\025\322X\005h\240\262\356Zu\335\007\204"
 545      D2580568 
ARM GAS  /var/folders/_f/jzb7lsz153bclt069nvlpp5r0000gn/T//cc7rbpKn.s 			page 43


 545      A0B2EE5A 
 545      75DD0784 
 546 030c 4639171D 		.ascii	"F9\027\035\305\317\224~\235\302]\013\202\201\332L?\272"
 546      C5CF947E 
 546      9DC25D0B 
 546      8281DA4C 
 546      3FBA
 547 031e 6255A021 		.ascii	"bU\240!\332\367\227!WZ\374\262s\252jf\020\222\250\273"
 547      DAF79721 
 547      575AFCB2 
 547      73AA6A66 
 547      1092A8BB 
 548 0332 683464B0 		.ascii	"h4d\260\243\332\030XK#6\306T\341i1\270\316\020\334W"
 548      A3DA1858 
 548      4B2336C6 
 548      54E16931 
 548      B8CE10DC 
 549 0347 B14BC022 		.ascii	"\261K\300\"\342\006\251\230h\273f\204\364U4x\260\307"
 549      E206A998 
 549      68BB6684 
 549      F4553478 
 549      B0C7
 550 0359 08D081BE 		.ascii	"\010\320\201\276\247\302\253NIX\213U-\010`\221\236\245"
 550      A7C2AB4E 
 550      49588B55 
 550      2D086091 
 550      9EA5
 551 036b 60B870CD 		.ascii	"`\270p\315\005\213\007\023#\266L\207\216J\202N\261\341"
 551      058B0713 
 551      23B64C87 
 551      8E4A824E 
 551      B1E1
 552 037d 3BD9866F 		.ascii	";\331\206o\351\255/\001\031o)\232\302\337\330\211\031"
 552      E9AD2F01 
 552      196F299A 
 552      C2DFD889 
 552      19
 553 038e 68EFE895 		.ascii	"h\357\350\225\331\020\272@\027\260\301\003\373\356\314"
 553      D910BA40 
 553      17B0C103 
 553      FBEECC
 554 039d 9B5ED8C5 		.ascii	"\233^\330\305\330\012\325\2252\274\221\254\323\354\201"
 554      D80AD595 
 554      32BC91AC 
 554      D3EC81
 555 03ac 17F0B31B 		.ascii	"\027\360\263\033d\2160\261\263#\220HZ\370F\232\035\377"
 555      648E30B1 
 555      B3239048 
 555      5AF8469A 
 555      1DFF
 556 03be ACC294BA 		.ascii	"\254\302\224\272_\365\327\314VW>\370{q\241Z\256\006"
 556      5FF5D7CC 
 556      56573EF8 
 556      7B71A15A 
 556      AE06
 557 03d0 97967EAE 		.ascii	"\227\226~\256\232\3514\270\020*\201D\237Y\026\320\013"
 557      9AE934B8 
ARM GAS  /var/folders/_f/jzb7lsz153bclt069nvlpp5r0000gn/T//cc7rbpKn.s 			page 44


 557      102A8144 
 557      9F5916D0 
 557      0B
 558 03e1 A9B1D9AA 		.ascii	"\251\261\331\252\212\033w\232\265\241>\216\366\271\277"
 558      8A1B779A 
 558      B5A13E8E 
 558      F6B9BF
 559 03f0 E37698B7 		.ascii	"\343v\230\267\237\017\336?Q;ee\203t3\\\344\203\363\307"
 559      9F0FDE3F 
 559      513B6565 
 559      8374335C 
 559      E483F3C7 
 560 0404 C68AE465 		.ascii	"\306\212\344e\223\270\304\222\030\320\222\270\331<R"
 560      93B8C492 
 560      18D092B8 
 560      D93C52
 561 0413 2593873C 		.ascii	"%\223\207<\211\302C\213]\026\226D\331\364Ac@\365/-\235"
 561      89C2438B 
 561      5D169644 
 561      D9F44163 
 561      40F52F2D 
 562 0428 5353E914 		.ascii	"SS\351\024\370F\227\3007Z\002\203,\201\303\237U\026"
 562      F84697C0 
 562      375A0283 
 562      2C81C39F 
 562      5516
 563 043a C921089E 		.ascii	"\311!\010\236\301\215\363\203\245a\332!\016V52Zj\324"
 563      C18DF383 
 563      A561DA21 
 563      0E563532 
 563      5A6AD4
 564 044d 836DD01F 		.ascii	"\203m\320\037\362+\014\354\262\006\366a\373\302\207"
 564      F22B0CEC 
 564      B206F661 
 564      FBC287
 565 045c 49A48030 		.ascii	"I\244\2000\260\212\335\323\223V\006\026\374\250br\235"
 565      B08ADDD3 
 565      93560616 
 565      FCA86272 
 565      9D
 566 046d FF03F5E9 		.ascii	"\377\003\365\351\322R!\335\3328\013\256\352\330\256"
 566      D25221DD 
 566      DA380BAE 
 566      EAD8AE
 567 047c 6A6CC3CF 		.ascii	"jl\303\317\310v\355Y\330F\031\333\210\3066pr\242\335"
 567      C876ED59 
 567      D84619DB 
 567      88C63670 
 567      72A2DD
 568 048f 428A39DB 		.ascii	"B\2129\333\367s{/\312\310VV\243\342EaP\351\277\210\006"
 568      F7737B2F 
 568      CAC85656 
 568      A3E24561 
 568      50E9BF88 
 569 04a4 3A03C674 		.ascii	":\003\306t\\c\032W0j\321\327k\213\336x\255\367\010\037"
 569      5C631A57 
 569      306AD1D7 
ARM GAS  /var/folders/_f/jzb7lsz153bclt069nvlpp5r0000gn/T//cc7rbpKn.s 			page 45


 569      6B8BDE78 
 569      ADF7081F 
 570 04b8 C24B1AC6 		.ascii	"\302K\032\3069\326\376\321\276\262\304\020\353\004\037"
 570      39D6FED1 
 570      BEB2C410 
 570      EB041F
 571 04c7 3C716F3C 		.ascii	"<qo<~Y\324\033\014\365\272\206:\264\245e\301B\366r\324"
 571      7E59D41B 
 571      0CF5BA86 
 571      3AB4A565 
 571      C142F672 
 572 04dc 9ACD97A7 		.ascii	"\232\315\227\247\342\031*?\321\264\212\204\316\200I"
 572      E2192A3F 
 572      D1B48A84 
 572      CE8049
 573 04eb 1DEAA486 		.ascii	"\035\352\244\206z\223\241\236\3343\344Ob\010\364R\346"
 573      7A93A19E 
 573      DC33E44F 
 573      6208F452 
 573      E6
 574 04fc ACDB6706 		.ascii	"\254\333g\006Z\023BX\337r\254}\335\365\217\310\262\\"
 574      5A134258 
 574      DF72AC7D 
 574      DDF58FC8 
 574      B25C
 575 050e B718D794 		.ascii	"\267\030\327\224\306\025(\354\276\231H\016p\256\336"
 575      C61528EC 
 575      BE99480E 
 575      70AEDE
 576 051d A94757E3 		.ascii	"\251GW\3438\327\3550\027\316\200i\035\327\264\3065\303"
 576      38D7ED30 
 576      17CE8069 
 576      1DD7B4C6 
 576      35C3
 577 052f B84A468F 		.ascii	"\270JF\217\177i!U\\\241\261\246\267-\211+|$v\356\357"
 577      7F692155 
 577      5CA1B1A6 
 577      B72D892B 
 577      7C2476EE 
 578 0544 D81ADCD6 		.ascii	"\330\032\334\326\011\334\326\004\3560\201o\233\212J"
 578      09DCD604 
 578      EE30816F 
 578      9B8A4A
 579 0553 E2C9692E 		.ascii	"\342\311i.\320\271\371\302c\302\005\366G\010|\247\023"
 579      D0B9F9C2 
 579      63C205F6 
 579      47087CA7 
 579      13
 580 0564 F84E13B8 		.ascii	"\370N\023\270\313\004v\227t\375\307D\3162\001\371\306"
 580      CB047697 
 580      74FDC744 
 580      CE3201F9 
 580      C6
 581 0575 FCE89C09 		.ascii	"\374\350\234\011R,\351)\245x\346\357\203E\332\302~$"
 581      522CE929 
 581      A578E6EF 
 581      8345DAC2 
ARM GAS  /var/folders/_f/jzb7lsz153bclt069nvlpp5r0000gn/T//cc7rbpKn.s 			page 46


 581      7E24
 582 0587 0B76ACCC 		.ascii	"\013v\254\314\013\375H>\300K\215\276\222\340\036\026"
 582      0BFD483E 
 582      C04B8DBE 
 582      92E01E16 
 583 0597 E6A1F889 		.ascii	"\346\241\370\211\334\252\256\243\2430+\344y+\305q.\204"
 583      DCAAAEA3 
 583      A3302BE4 
 583      792BC571 
 583      2E84
 584 05a9 A1BE1A6A 		.ascii	"\241\276\032j\372\002B\005\347\2130\324\264\363\237"
 584      FA024205 
 584      E78B30D4 
 584      B4F39F
 585 05b8 49FA7A53 		.ascii	"I\372zS\215p\301\037\261\202\177\257\025|\356Bmy\002"
 585      8D70C11F 
 585      B1827FAF 
 585      157CEE42 
 585      6D7902
 586 05cb 69E3D9F6 		.ascii	"i\343\331\366\224\234\352O`\331\006\033Z\025\3558\251"
 586      949CEA4F 
 586      60D9061B 
 586      5A15ED38 
 586      A9
 587 05dc C066C19C 		.ascii	"\300f\301\234.\3459-\345\307,\345\372\261\353\325+\""
 587      2EE5392D 
 587      E5C72CE5 
 587      FAB1EBD5 
 587      2B22
 588 05ee AE5D7AAE 		.ascii	"\256]z\256\302A\347\305\265;\317\256\335\201S\333\212"
 588      C241E7C5 
 588      B53BCFAE 
 588      DD8153DB 
 588      8A
 589 05ff 647281C7 		.ascii	"dr\201\307<\267\353d\023\255\260\277,x\266\260+A\025"
 589      3CB7EB64 
 589      13ADB0BF 
 589      2C78B6B0 
 589      2B4115
 590 0612 D7CB8BEC 		.ascii	"\327\313\213\354^\205'\272\230O\264\230\013\374\254"
 590      5E8527BA 
 590      984FB498 
 590      0BFCAC
 591 0621 6C6BE98F 		.ascii	"lk\351\217\374\337\206^H\341\230OE\314\247,fC\325tw"
 591      FCDF865E 
 591      48E1984F 
 591      45CCA72C 
 591      6643D574 
 592 0636 5284774F 		.ascii	"R\204wO\204\367\242\360^d\336\201O\033\352\015\021\336"
 592      84F7A2F0 
 592      5E64DE81 
 592      4F1BEA0D 
 592      11DE
 593 0648 5722BC7F 		.ascii	"W\"\274\177\020\336\364\333\224\357r\373^\265\373\214"
 593      10DEF4DB 
 593      94EF72FB 
 593      5EB5FB8C 
ARM GAS  /var/folders/_f/jzb7lsz153bclt069nvlpp5r0000gn/T//cc7rbpKn.s 			page 47


 594 0658 7FFACBC6 		.ascii	"\177\372\313\306\324\327%\213\335.\006\354\266|\257"
 594      D4D7258B 
 594      DD2E06EC 
 594      B67CAF
 595 0667 C79695E3 		.ascii	"\307\226\225\343td\331^W\262\262\034\036\333;N\347\032"
 595      7464D95E 
 595      57B2B21C 
 595      1EDB3B4E 
 595      E71A
 596 0679 87277B8D 		.ascii	"\207'{\215;\307\255\254Q\034o\271\326\274\374\232\355"
 596      3BC7ADAC 
 596      511C6FB9 
 596      D6BCFC9A 
 596      ED
 597 068a A5B5BF79 		.ascii	"\245\265\277ye\355k/\275b\213xcs\271\235Y\371\231\212"
 597      65ED6B2F 
 597      BD628B78 
 597      6373B99D 
 597      59F9998A 
 598 069e 2DDBE17C 		.ascii	"-\333\341|\327\345Vl\366L\345mG~\226\317\356\333\224"
 598      D7E5566C 
 598      F64CE56D 
 598      477E96CF 
 598      EEDB94
 599 06b1 AB7833DE 		.ascii	"\253x3\336\225\376\372\377\321\367n\362\332\354^_&B"
 599      95FEFAFF 
 599      D1F76EF2 
 599      DAEC5E5F 
 599      2642
 600 06c3 A3A8E9CD 		.ascii	"\243\250\351\315|%_\261\373\344\215\033\377\374\307"
 600      7C255FB1 
 600      FBE48D1B 
 600      FFFCC7
 601 06d2 5F6464D8 		.ascii	"_dd\330\370\337[\016\347{\212;34\2112 \017\305\2203"
 601      F8DF5B0E 
 601      E77B8A3B 
 601      33348932 
 601      200FC590 
 602 06e7 1D3E87D9 		.ascii	"\035>\207\331\351\310u8]\276Mqo{r\334>\331\2438<\262"
 602      E9C87538 
 602      5DBE4D71 
 602      6F7B72DC 
 602      3ED9A338 
 603 06fd D7F5BEF2 		.ascii	"\327\365\276\362\342\262\022y4\020\316_\345Q\262s\376"
 603      E2B21279 
 603      3410CE5F 
 603      E551B273 
 603      FE
 604 070e A1D87373 		.ascii	"\241\330ss\274v\247\313\343\314\307D~\366\243Y^\217"
 604      BC76A7CB 
 604      E3CCC744 
 604      7EF6A359 
 604      5E8F
 605 0720 53CC704A 		.ascii	"S\314pJ\211b\006\206\312\266\347\255\310\263\363~F\256"
 605      89620686 
 605      CAB6E7AD 
 605      C8B3F37E 
ARM GAS  /var/folders/_f/jzb7lsz153bclt069nvlpp5r0000gn/T//cc7rbpKn.s 			page 48


 605      46AE
 606 0732 C3E3CBF8 		.ascii	"\303\343\313\370\255Y\353\033\363\354.\267\313g\311"
 606      AD59EB1B 
 606      F3EC2EB7 
 606      CB67C9
 607 0741 B32B6E36 		.ascii	"\263+n6\025\2372\025\366d\312\2633\3168\373\037rr\262"
 607      159F3215 
 607      F664CAB3 
 607      33CE38FB 
 607      1F7272B2 
 608 0755 70DCE555 		.ascii	"p\334\345U\262s}\233\236\323\261da\321\035\236\377\002"
 608      B2737D9B 
 608      9ED3B164 
 608      61D11D9E 
 608      FF02
 609 0767 3E0B1D12 		.ascii	">\013\035\022"
 610              		.text
 611              		.section	.gnu.lto_.symtab.dcaedcf149ff1aa5,"",%progbits
 612 0000 715F7265 		.ascii	"q_remove\000\000\000\000\000\000\000\000\000\000\000"
 612      6D6F7665 
 612      00000000 
 612      00000000 
 612      000000
 613 0013 00E00000 		.ascii	"\000\340\000\000\000q_init\000\000\000\000\000\000\000"
 613      00715F69 
 613      6E697400 
 613      00000000 
 613      0000
 614 0025 00000000 		.ascii	"\000\000\000\000\000\346\000\000\000q_enqueue\000\000"
 614      00E60000 
 614      00715F65 
 614      6E717565 
 614      75650000 
 615 0039 00000000 		.ascii	"\000\000\000\000\000\000\000\000\000\000\353\000\000"
 615      00000000 
 615      0000EB00 
 615      00
 616 0046 00715F64 		.ascii	"\000q_dequeue\000\000\000\000\000\000\000\000\000\000"
 616      65717565 
 616      75650000 
 616      00000000 
 616      00000000 
 617 005a 0000ED00 		.ascii	"\000\000\355\000\000\000q_front\000\000\000\000\000"
 617      0000715F 
 617      66726F6E 
 617      74000000 
 617      0000
 618 006c 00000000 		.ascii	"\000\000\000\000\000\000\000\357\000\000\000q_isemp"
 618      000000EF 
 618      00000071 
 618      5F697365 
 618      6D70
 619 007e 74790000 		.ascii	"ty\000\000\000\000\000\000\000\000\000\000\000\000\370"
 619      00000000 
 619      00000000 
 619      0000F8
 620 008d 000000   		.ascii	"\000\000\000"
ARM GAS  /var/folders/_f/jzb7lsz153bclt069nvlpp5r0000gn/T//cc7rbpKn.s 			page 49


 621              		.text
 622              		.section	.gnu.lto_.opts,"",%progbits
 623 0000 272D6666 		.ascii	"'-ffp-contract=off' '-fno-trapv' '-mcpu=cortex-m4' "
 623      702D636F 
 623      6E747261 
 623      63743D6F 
 623      66662720 
 624 0033 272D6D74 		.ascii	"'-mthumb' '-mfloat-abi=hard' '-mfpu=fpv4-sp-d16' '-"
 624      68756D62 
 624      2720272D 
 624      6D666C6F 
 624      61742D61 
 625 0066 67676462 		.ascii	"ggdb' '-O2' '-fomit-frame-pointer' '-falign-functio"
 625      2720272D 
 625      4F322720 
 625      272D666F 
 625      6D69742D 
 626 0099 6E733D31 		.ascii	"ns=16' '-ffunction-sections' '-fdata-sections' '-fn"
 626      36272027 
 626      2D666675 
 626      6E637469 
 626      6F6E2D73 
 627 00cc 6F2D636F 		.ascii	"o-common' '-flto' '-fsingle-precision-constant'\000"
 627      6D6D6F6E 
 627      2720272D 
 627      666C746F 
 627      2720272D 
 628              		.text
 629              		.comm	__gnu_lto_v1,1,1
 630              		.comm	__gnu_lto_slim,1,1
 631              		.ident	"GCC: (GNU Tools for ARM Embedded Processors) 4.9.3 20150529 (release) [ARM/embedded-4_9-br
ARM GAS  /var/folders/_f/jzb7lsz153bclt069nvlpp5r0000gn/T//cc7rbpKn.s 			page 50


DEFINED SYMBOLS
                            *ABS*:0000000000000000 queue.c
                            *COM*:0000000000000001 __gnu_lto_v1
                            *COM*:0000000000000001 __gnu_lto_slim

NO UNDEFINED SYMBOLS
