ARM GAS  /var/folders/_f/jzb7lsz153bclt069nvlpp5r0000gn/T//ccKdTbcG.s 			page 1


   1              		.syntax unified
   2              		.cpu cortex-m4
   3              		.eabi_attribute 27, 1
   4              		.eabi_attribute 28, 1
   5              		.fpu fpv4-sp-d16
   6              		.eabi_attribute 20, 1
   7              		.eabi_attribute 21, 1
   8              		.eabi_attribute 23, 3
   9              		.eabi_attribute 24, 1
  10              		.eabi_attribute 25, 1
  11              		.eabi_attribute 26, 1
  12              		.eabi_attribute 30, 2
  13              		.eabi_attribute 34, 1
  14              		.eabi_attribute 18, 4
  15              		.thumb
  16              		.file	"stack.c"
  17              		.text
  18              	.Ltext0:
  19              		.section	.gnu.lto_.profile.21bc7c56725ea759,"",%progbits
  20 0000 789C6366 		.ascii	"x\234cf```a\200\000F\006Ws\000\0015\000\205"
  20      60606061 
  20      80004606 
  20      57730001 
  20      350085
  21              		.text
  22              		.section	.gnu.lto_.jmpfuncs.21bc7c56725ea759,"",%progbits
  23 0000 789C6D8A 		.ascii	"x\234m\212\301\015\3000\020\30204\312H\035-\317[\275"
  23      C10DC030 
  23      10C23034 
  23      CA481D2D 
  23      CF5BBD
  24 0013 5729F985 		.ascii	"W)\371\205\007\266\020\321=\357\346P\200YU\034I\226"
  24      07B610D1 
  24      3DEFE650 
  24      8059551C 
  24      4996
  25 0025 50167F59 		.ascii	"P\026\177Y\262qz64\236~\225>\325\326\007a"
  25      B2717A36 
  25      349E7E95 
  25      3ED5D607 
  25      61
  26              		.text
  27              		.section	.gnu.lto_.inline.21bc7c56725ea759,"",%progbits
  28 0000 789C6D51 		.ascii	"x\234mQ\261J\304P\020\234\335\274$/G\314\005\265\361"
  28      B14AC450 
  28      109CDDBC 
  28      242F47CC 
  28      05B5F1
  29 0013 38B85888 		.ascii	"8\270X\210\225\340\027H\012k\361\023l\024\363\027\261"
  29      95E01748 
  29      0A6BF113 
  29      6C14F317 
  29      B1
  30 0024 BB42C45A 		.ascii	"\273B\304Z,R\235\247\205?`\023\301NA\375\001\005\261"
  30      2C529DA7 
  30      853F6013 
  30      C14E41FD 
ARM GAS  /var/folders/_f/jzb7lsz153bclt069nvlpp5r0000gn/T//ccKdTbcG.s 			page 2


  30      0105B1
  31 0037 B8D6D24A 		.ascii	"\270\326\322Jw7\036(\230\220\331}\363\362vf\222\000"
  31      77371E28 
  31      9890D97D 
  31      F3F27666 
  31      9200
  32 0049 FF5F2FD4 		.ascii	"\377_/\324\325\020\350%\304,K\222\307\271f\204^\273"
  32      D510E825 
  32      C42C4B92 
  32      C7B96684 
  32      5EBB
  33 005b C590C681 		.ascii	"\305\220\306\201\237\372\251\276E\3102J\350\360\203"
  33      9FFAA9BE 
  33      45C8324A 
  33      E8F083
  34 006a E9F5FDF1 		.ascii	"\351\365\375\361\331\317\370\223\225\276\240\001\250"
  34      D9CFF893 
  34      95BEA001 
  34      A8
  35 0077 B2823F9B 		.ascii	"\262\202?\233:n\252le\205\367e\363\344\376\3546\320"
  35      3A6EAA6C 
  35      6585F765 
  35      F3E4FEEC 
  35      36D0
  36 0089 4DFE22D0 		.ascii	"M\376\"\320\245\322\007VTX$\240\247\304\017\242fd\372"
  36      A5D20756 
  36      545824A0 
  36      A7C40FA2 
  36      6664FA
  37 009c B5E07858 		.ascii	"\265\340xX;\017w\276R\373\302\233\341\0145I\033\234"
  37      3B0F77BE 
  37      52FBC29B 
  37      E10C3549 
  37      1B9C
  38 00ae EEE8CD58 		.ascii	"\356\350\315X\312)\222\323A\251\260\247P\310@*\264\323"
  38      CA2992D3 
  38      41A9B0A7 
  38      50C8402A 
  38      B4D3
  39 00c0 D1847E28 		.ascii	"\321\204~(\241\342v\215A\263\3301\342\351\206\323\326"
  39      A1E2768D 
  39      41B3D831 
  39      E2E986D3 
  39      D6
  40 00d1 1BE1552A 		.ascii	"\033\341U*\0055Q\316\206\3406]V(l]v\250\304\266BM\032"
  40      053551CE 
  40      86E0365D 
  40      56286C5D 
  40      76A8C4B6 
  41 00e8 5D662FA6 		.ascii	"]f/\246\024Z\352\243\311\315ql\301$\306\025\015\304"
  41      145AEAA3 
  41      C9CD716C 
  41      C124C615 
  41      0DC4
  42 00fa 4AF553E7 		.ascii	"J\365S\347\276:7\013\363p\"+b\341x=G\3640\314%\315$"
  42      BE3A370B 
  42      F370222B 
ARM GAS  /var/folders/_f/jzb7lsz153bclt069nvlpp5r0000gn/T//ccKdTbcG.s 			page 3


  42      62E1783D 
  42      47F430CC 
  43 0111 1337F1F5 		.ascii	"\0237\361\365\252\007\275\271B\235i\001\337%\233F\225"
  43      AA07BDB9 
  43      429D6901 
  43      DF259B46 
  43      95
  44 0122 1D551AB5 		.ascii	"\035U\032\265k_\302\301\005\226/(\335\257\301\256C\373"
  44      6B5FC2C1 
  44      05962F28 
  44      DDAFC1AE 
  44      43FB
  45 0134 BBDF7D18 		.ascii	"\273\337}\030M\212"
  45      4D8A
  46              		.text
  47              		.section	.gnu.lto_.pureconst.21bc7c56725ea759,"",%progbits
  48 0000 789C6366 		.ascii	"x\234cf``\340f\200\000V\006)F\011&)f)\026V\000\003\363"
  48      6060E066 
  48      80005606 
  48      29460926 
  48      29662916 
  49 0018 0089     		.ascii	"\000\211"
  50              		.text
  51              		.section	.gnu.lto_stack_init.part.0.21bc7c56725ea759,"",%progbits
  52 0000 789C9552 		.ascii	"x\234\225RKO\023a\024\375\316\367\315\243R\251\304\235"
  52      4B4F1361 
  52      14FDCEF7 
  52      CDA352A9 
  52      C49D
  53 0012 252644AC 		.ascii	"%&D\254l,\304\235K\177\202\377\200H\251\211\301\262"
  53      6C2CC49D 
  53      4B7F82FF 
  53      8048A989 
  53      C1B2
  54 0024 B075A11B 		.ascii	"\260u\241\033\246X\033c\\\230\232\020\242\020\250\012"
  54      A6581B63 
  54      5C989A10 
  54      A210A80A 
  55 0034 8A606941 		.ascii	"\212`iA\220\207\230.\\\260\301\327\002\002\013_i\021"
  55      9087982E 
  55      5CB0C1D7 
  55      02020B5F 
  55      6911
  56 0046 7C059058 		.ascii	"|\005\220X\032\324z\357\2141\210\013u2\323;\367\316"
  56      1AD47AEF 
  56      8C31880B 
  56      7532D33B 
  56      F7CE
  57 0058 39E79EEF 		.ascii	"9\347\236\357\336*\361\347u\220\236\270\022\3420E\350"
  57      DE2AF1E7 
  57      75909EB8 
  57      12E23045 
  57      E8
  58 0069 02DAE5C7 		.ascii	"\002\332\345\307\364\242A\332QBq\214\272\024\300/\002"
  58      F4A241DA 
  58      5142718C 
  58      BA14C02F 
ARM GAS  /var/folders/_f/jzb7lsz153bclt069nvlpp5r0000gn/T//ccKdTbcG.s 			page 4


  58      02
  59 007a A245930A 		.ascii	"\242E\223\012-X\226\253\022\343\251\365\031\367\222"
  59      2D5896AB 
  59      12E3A9F5 
  59      19F792
  60 0089 2C4A5125 		.ascii	",JQ%(\235HL\267\033\234B\343t\263ge\331\250\351\261"
  60      289D484C 
  60      B71B9C42 
  60      E374B367 
  60      65D9A8E9 
  61 009e 2C6B25D1 		.ascii	",k%\321\227?\232\325\212R\212\317R\340\026\274\270\015"
  61      973F9AD5 
  61      8A528ACF 
  61      52E016BC 
  61      B80D
  62 00b0 2FCBF5A1 		.ascii	"/\313\365\241\206\220\027of\272w\252*0\253=\275v\241"
  62      8690176F 
  62      66BA77AA 
  62      2A30AB3D 
  62      BD76A1
  63 00c3 CC77C3B2 		.ascii	"\314w\303\262Z\263SC\326\021\")\334\201\332\312\243"
  63      5AB35343 
  63      D6112229 
  63      DC81DACA 
  63      A3
  64 00d4 92403F7C 		.ascii	"\222@?|\204~7\367z\332\255\366\331\314\336\215T\237"
  64      847E37F7 
  64      7ADAADF6 
  64      D9CCDE8D 
  64      549F
  65 00e6 DB61CE3B 		.ascii	"\333a\316;L\015\003\333\231\232\300]\233\371|px\264"
  65      4C0D03DB 
  65      999AC05D 
  65      9BF97C70 
  65      78B4
  66 00f8 5C1DB099 		.ascii	"\\\035\260\231k\351\017\307\035\342\246C\324\221\332"
  66      6BE90FC7 
  66      1DE2A643 
  66      D491DA
  67 0107 4EA4D90C 		.ascii	"N\244\331\014\302\307\350/\251\236\264\251\016\331\314"
  67      C2C7E82F 
  67      A99EB4A9 
  67      0ED9CC
  68 0116 AE62F2AA 		.ascii	"\256b\362\252V\235$\352\253\231\247\215\331X\267\365"
  68      569D24EA 
  68      AB99A78D 
  68      D958B7F5 
  69 0126 BD54020B 		.ascii	"\275T\002\013\244\177\027p.b\254\306\276\315\271\215"
  69      A47F1770 
  69      2E62ACC6 
  69      BECDB98D 
  70 0136 184DA502 		.ascii	"\030M\245\002\031T\363@h\016C0@\201+\203\273-\253Tz"
  70      1954F340 
  70      680E4330 
  70      40812B83 
  70      BB2DAB54 
  71 014b BB24CB01 		.ascii	"\273$\313\001nI\"T\245\005\220o\015|n\235\355\030\364"
ARM GAS  /var/folders/_f/jzb7lsz153bclt069nvlpp5r0000gn/T//ccKdTbcG.s 			page 5


  71      6E492254 
  71      A505906F 
  71      0D7C6E9D 
  71      ED18F4
  72 015e 63988267 		.ascii	"c\230\202g*r\364\360zrt<\212*OE\216\0138\327\021\377"
  72      2A72F4F0 
  72      7A72743C 
  72      8A2A4F45 
  72      8E0B38D7 
  73 0174 14D359BE 		.ascii	"\024\323Y\276 e\201\272K$\316\217\215yxK$\201a\2626"
  73      206581BA 
  73      4B24CE8F 
  73      8D79784B 
  73      248161B2 
  74 0189 4B6BE6FE 		.ascii	"Kk\346\376\324\205@b\001\255m\231\201J.\021\372e\356"
  74      D4854062 
  74      01AD6D99 
  74      814A2E11 
  74      FA65EE
  75 019c C93317A3 		.ascii	"\3113\027\243\225\355~d\243\353cy'\256E-\313U\224f\201"
  75      95ED7E64 
  75      A3EB6379 
  75      27AE452D 
  75      CB559466 
  76 01b1 467C8F4F 		.ascii	"F|\217OG\237:\326\257\314\357\362\367\323\301x\323."
  76      479F3AD6 
  76      AFCCEFF2 
  76      F7D3C178 
  76      D32E
  77 01c3 8CA0136B 		.ascii	"\214\240\023k|8\201Q\370\013$@v\332\342\263#;\034;:"
  77      7C388151 
  77      F80B2440 
  77      76DAE2B3 
  77      233B1C3B 
  78 01d8 35DBFAA7 		.ascii	"5\333\372\247\321i5\367I\213P\355\361u8 \272\025A\331"
  78      D16935F7 
  78      498B50ED 
  78      F1753820 
  78      BA1541D9 
  79 01ec 5422E9F9 		.ascii	"T\"\351\371\351\351\237M\030\030\263M\200M\214\263\011"
  79      E9E99F4D 
  79      1818B34D 
  79      804D8CB3 
  79      09
  80 01fd 839556D2 		.ascii	"\203\225V\322\251=\177\227\272\376\376\321\033\317/"
  80      A93D7F97 
  80      BAFEFED1 
  80      1BCF2F
  81 020c 291D13B6 		.ascii	")\035\023\266\224\275\255I\370\011\020\355\235\274d"
  81      94BDAD49 
  81      F80910ED 
  81      9DBC64
  82 021b DACEA9F4 		.ascii	"\332\316\251\364\300v\336\232XMU\376\277\364\224-\255"
  82      C076DE9A 
  82      584D55FE 
  82      BFF4942D 
  82      AD
ARM GAS  /var/folders/_f/jzb7lsz153bclt069nvlpp5r0000gn/T//ccKdTbcG.s 			page 6


  83 022c 58FA21BB 		.ascii	"X\372!\273\344&y\312y\207/\020\255\020\005i\012\261"
  83      E42679CA 
  83      79872F10 
  83      AD100569 
  83      0AB1
  84 023e 0813FBBD 		.ascii	"\010\023\373\275\362k\023\355\031\374\215`{kk\353\234"
  84      F26B13ED 
  84      19FC8D60 
  84      7B6B6BEB 
  84      9C
  85 024f BBE158A0 		.ascii	"\273\341X\240)\330\334X\027>\025\250\013G(\251\015\010"
  85      29D8DC58 
  85      173E15A8 
  85      0B4728A9 
  85      0D08
  86 0261 84552818 		.ascii	"\204U(\030*\013\2378\033\254o8\023\011\206\315\346\323"
  86      2A0B9F38 
  86      1BAC6F38 
  86      130986CD 
  86      E6D3
  87 0273 A1FAE0C9 		.ascii	"\241\372\340\311\310\017\011\316E\362"
  87      C80F09CE 
  87      45F2
  88              		.text
  89              		.section	.gnu.lto_stack_init.21bc7c56725ea759,"",%progbits
  90 0000 789C6592 		.ascii	"x\234e\222\317k\023A\024\307\337wfv\223&\025\202\007"
  90      CF6B1341 
  90      14C7DF77 
  90      66769326 
  90      158207
  91 0013 0F01A518 		.ascii	"\017\001\245\030\322\336\022\364\344M\377\004\361\037"
  91      D2DE12F4 
  91      E44DFF04 
  91      F11F
  92 0021 28368D20 		.ascii	"(6\215 \232\036\232xP(\2356A\212\205*=\225\034\264\305"
  92      9A1E9A78 
  92      50289D36 
  92      418A852A 
  92      3D951CB4 
  93 0036 464DD524 		.ascii	"FM\325$m\265\240\250\304\213\024$\376\226*\210?\240"
  93      6DB5A0A8 
  93      C48B1424 
  93      FE962A88 
  93      3FA0
  94 0048 91B67868 		.ascii	"\221\266xh\033\251\015A\343\233\335Rj]vw\366\355~>o"
  94      1BA90D41 
  94      E39BDD52 
  94      6A5D7677 
  94      F6ED7E3E 
  95 005d E6BD5949 		.ascii	"\346\275YI\377\037'\370\032\024DGx\204\207 \256\274"
  95      FF1F27F8 
  95      1A144447 
  95      78848720 
  95      AEBC
  96 006f 201AF00A 		.ascii	" \032\360\012aoxH\373d\366\031\221n\225[\241rC%\354"
  96      616F7848 
  96      FB64F619 
ARM GAS  /var/folders/_f/jzb7lsz153bclt069nvlpp5r0000gn/T//ccKdTbcG.s 			page 7


  96      916E955B 
  96      A1724325 
  97 0084 470738B4 		.ascii	"G\0078\264\336E9\262`\033\0116`F\002\365\013\251,\033"
  97      DE4539B2 
  97      601B0936 
  97      604602F5 
  97      0BA92C1B 
  98 0098 FD58166B 		.ascii	"\375X\026k\002\017\012?+\376%Q\027\324F\034>\034\235"
  98      020F0A3F 
  98      2BFE2551 
  98      17D4461C 
  98      3E1C9D
  99 00ab 1FB34D08 		.ascii	"\037\263M\010e\302Fnu\331\356\310i\255WG\363\325\343"
  99      65C2466E 
  99      75D9EEC8 
  99      69AD5747 
  99      F3D5E3
 100 00be 65551782 		.ascii	"eU\027\202j\202p\023A\334B\320$\314\243\203\311K\223"
 100      6A827013 
 100      41DC42D0 
 100      24CCA383 
 100      C94B93
 101 00d1 D3E3ADB2 		.ascii	"\323\343\255\262\015\306\032+\255\017\371\302\327\265"
 101      0DC61A2B 
 101      AD0FF9C2 
 101      D7B5
 102 00df 1E2C3F9E 		.ascii	"\036,?\236\321\307X\222\230\202\334\351\361+\302m\204"
 102      D1C75892 
 102      9882DCE9 
 102      F12BC26D 
 102      84
 103 00f0 995E59F8 		.ascii	"\231^Y\3706\357\227\007\035\363\306f!\357w\315\217\256"
 103      36EF9707 
 103      1DF3C666 
 103      21EF77CD 
 103      8FAE
 104 0102 A97067B7 		.ascii	"\251pg\267\251\010w\035\363Mqvn\217lw\314\365\322\217"
 104      A908771D 
 104      F34D7176 
 104      6E8F6C77 
 104      CCF5D28F 
 105 0116 53AED870 		.ascii	"S\256\330pE\013\205\335\242E(\"l\350\215B\256\344\221"
 105      450B85DD 
 105      A2452822 
 105      6CE88D42 
 105      AEE491
 106 0129 871CF35A 		.ascii	"\207\034\363Z}\"\253B\023\254~\255\274\352.g\306\365"
 106      7D22AB42 
 106      13AC7EAD 
 106      BCEA2E67 
 106      C6F5
 107 013b 9F661326 		.ascii	"\237f\023&A\351\337\004\356\301\306Z\346\367\202\337"
 107      41E9DF04 
 107      EEC1C65A 
 107      E6F782DF 
 108 014b CE705702 		.ascii	"\316pW\002\230F\3104\204\3730\303=\346\261\270\267\254"
 108      9846C834 
ARM GAS  /var/folders/_f/jzb7lsz153bclt069nvlpp5r0000gn/T//ccKdTbcG.s 			page 8


 108      84FB30C3 
 108      3DE6B1B8 
 108      B7AC
 109 015d 9BCDDAE4 		.ascii	"\233\315\332\344\345th_\013xV\356\030\337$\314\242\025"
 109      E574685F 
 109      0B7856EE 
 109      18DF24CC 
 109      A215
 110 016f 4CD1169C 		.ascii	"L\321\026\234u\320\"{fS\252\214\360(\337#\363!]<l2\375"
 110      75D0227B 
 110      6653AA8C 
 110      F028DF23 
 110      F3215D3C 
 111 0186 129227FA 		.ascii	"\022\222'\372\262\370\362\265\327\354\206\342\374\263"
 111      B2F8F2B5 
 111      D7EC86E2 
 111      FCB3
 112 0194 5B4BA872 		.ascii	"[K\250r\353x\247]\272\327\205\325NX2|o\033V4|\324\260"
 112      EB78A75D 
 112      BAD785D5 
 112      4E58327C 
 112      6F1B5634 
 113 01ab 95F4145C 		.ascii	"\225\364\024\\\330bx\344y\366\2514\260\325\004\341\376"
 113      D86278E4 
 113      79F6A934 
 113      B0D504E1 
 113      FE
 114 01bc 366DD193 		.ascii	"6m\321\223v\371\011\027\003.j\376\220\253oG\012\242"
 114      76F90917 
 114      032E6AFE 
 114      90AB6F47 
 114      0AA2
 115 01ce AFA187B4 		.ascii	"\257\241\207\264\267.\354\232\340\"1\207>\342Yy\225"
 115      B72EEC9A 
 115      E0223187 
 115      3EE25979 
 115      95
 116 01df 9CAE2E3C 		.ascii	"\234\256.<\216k;E|\306@\200\2771\365\035@((7[8\217e"
 116      8E6B3B45 
 116      7CC64080 
 116      BF31F51D 
 116      40282837 
 117 01f7 1EB997A1 		.ascii	"\036\271\227\241\2402u\303\240\\\375\376H$\352\236]"
 117      A03275C3 
 117      A05CFDFE 
 117      4824EA9E 
 117      5D
 118 0208 276367E2 		.ascii	"'cg\342=\335\321do,\232Lq\020\211\021\2222\021O\370"
 118      3DDDD164 
 118      6F2C9A4C 
 118      71108911 
 118      9232114F 
 119 021d 92A72FC4 		.ascii	"\222\247/\304;\273\316\247\342IO\317\271Dg\374l\352"
 119      3BBBCEA7 
 119      E2494FCF 
 119      B94467FC 
 119      6CEA
ARM GAS  /var/folders/_f/jzb7lsz153bclt069nvlpp5r0000gn/T//ccKdTbcG.s 			page 9


 120 022f 2F8A3FEE 		.ascii	"/\212?\356a"
 120      61
 121              		.text
 122              		.section	.gnu.lto_stack_push.21bc7c56725ea759,"",%progbits
 123 0000 789C8D53 		.ascii	"x\234\215S[KTQ\024\336\337\271\315\231q\306\031\273"
 123      5B4B5451 
 123      14DEDFB9 
 123      CD9971C6 
 123      19BB
 124 0012 11138654 		.ascii	"\021\023\206Tb\020\243\017\275\213?\241_\020\330\344"
 124      6210A30F 
 124      BD8B3FA1 
 124      5F10D8E4 
 125 0022 539787AC 		.ascii	"S\227\207\254^=\216b\267\227\230\310\244\222\362FV^"
 125      5E3D8E62 
 125      B79798C8 
 125      A492F246 
 125      565E
 126 0034 A79CD2B4 		.ascii	"\247\234\322\264\306\022L\350BPY!\205\341\204R\202c"
 126      C6124CE8 
 126      42505921 
 126      85E18452 
 126      8263
 127 0046 820D19B6 		.ascii	"\202\015\031\266\326\336S\215I\3410\263\317^{\326\372"
 127      D6DE538D 
 127      49E130B3 
 127      CF5E7BD6 
 127      FA
 128 0057 D6F77D7B 		.ascii	"\326\367}{\035]\254\376\354\246_\330\020b'=a\012hg\237"
 128      1D5DACFE 
 128      ECA65FD8 
 128      1062273D 
 128      610A6867 
 129 006c 09516D6B 		.ascii	"\011Qmk\2321\352\027\216G\037+\025\216W\207\241\216"
 129      9A31EA17 
 129      8E471F2B 
 129      158E5787 
 129      A18E
 130 007e 0D803702 		.ascii	"\015\2007\002\242J\323\015TaFKi\350\357Zx\2323\255\245"
 130      A24AD30D 
 130      5461464B 
 130      69E8EF5A 
 130      789A33AD 
 131 0093 35512028 		.ascii	"5Q (\034\210>n\2608\204\301\341\367\266\271\031\253"
 131      1C883E6E 
 131      B03884C1 
 131      E1F7B6B9 
 131      19AB
 132 00a5 A8CD719C 		.ascii	"\250\315q\234\271\346\316\344\236\204\221\3264\361U"
 132      B9E6CEE4 
 132      9E8491D6 
 132      34F155
 133 00b4 13B88620 		.ascii	"\023\270\206 \332\021d\270\353(\242\314\323\255\275"
 133      DA1164B8 
 133      EB28A2CC 
 133      D3ADBD
 134 00c3 57BD7A01 		.ascii	"W\275z\001\270\252\241g\376\244\247\260\305q\"\211\241"
ARM GAS  /var/folders/_f/jzb7lsz153bclt069nvlpp5r0000gn/T//ccKdTbcG.s 			page 10


 134      B8AAA167 
 134      FEA4A7B0 
 134      C5712289 
 134      A1
 135 00d4 98534645 		.ascii	"\230SFE:n@\317\256\243#\201\233(\244\3543\257/\354\325"
 135      3A6E40CF 
 135      AEA32381 
 135      9B28A4EC 
 135      33AF2FEC 
 136 00e9 B7C9C258 		.ascii	"\267\311\302XK[\334-\311\224q\330z\276\276\303\224d"
 136      4B5BDC2D 
 136      C99471D8 
 136      7ABEBEC3 
 136      9464
 137 00fb 6C0E4F0C 		.ascii	"l\016O\014\217w\270\030\326ILD$\254\201\016\005\333"
 137      8F77B818 
 137      D6494C44 
 137      24AC810E 
 137      05DB
 138 010d 49B05D12 		.ascii	"I\260]\022\326\020\350F!\247\247j\177\214\347X\265\224"
 138      D610E846 
 138      21A7A76A 
 138      7F8CE758 
 138      B594
 139 011f 1E60CAC4 		.ascii	"\036`\312\304\264\007\026\350\331\275.\341,/\267\304"
 139      B40716E8 
 139      D9BD2EE1 
 139      2C2FB7C4 
 140 012f 9742EB41 		.ascii	"\227B\353A\025\204\302LL\332\232\026/.Z,\233wn\336y"
 140      1584C24C 
 140      4CDA9A16 
 140      2F2E5A2C 
 140      9B776EDE 
 141 0144 68717969 		.ascii	"hqyi\261}|\346\347%\300a\036-n!\246\010\233\215M\222"
 141      B17D7CE6 
 141      E725C061 
 141      1E2D6E21 
 141      A6089B8D 
 142 015a 35F4D4DF 		.ascii	"5\364\324\337!\022O\365m\346n\213\232ID>L=\177a\263"
 142      21124FF5 
 142      6DE66E8B 
 142      9A49443E 
 142      4C3D7F61 
 143 016f 0C5D30AF 		.ascii	"\014]0\257\276oWf}\215\270\204\264\346Y\244\346\275"
 143      BE6F5766 
 143      7D8DB884 
 143      B4E659A4 
 143      E6BD
 144 0181 6C239D37 		.ascii	"l#\2357\177\036\371\230\033\332E\350\210\241\021\363"
 144      7F1EF998 
 144      1BDA45E8 
 144      88A111F3 
 145 0191 4C59E016 		.ascii	"LY\340\026B\202\021'7(@km\010\267%\002\253E\037!\274"
 145      42821127 
 145      3728406B 
 145      6D08B725 
 145      02AB451F 
ARM GAS  /var/folders/_f/jzb7lsz153bclt069nvlpp5r0000gn/T//ccKdTbcG.s 			page 11


 146 01a7 42ED9B9A 		.ascii	"B\355\233\232`\206\022\201\310\361I\022\241\261R\311"
 146      60861281 
 146      C8F14912 
 146      A1B152C9 
 147 01b7 B7376EA8 		.ascii	"\2677n\250?]\377\201\277\274p\356\255\237\341-\304%"
 147      3F5DFF81 
 147      BFBC70EE 
 147      AD9FE12D 
 147      C425
 148 01c9 BC34F58E 		.ascii	"\2744\365\216$XS_\367\022\012\302V\252\177O\222IWr\227"
 148      2458535F 
 148      F7120AC2 
 148      56AA7F4F 
 148      92495772 
 149 01de 2028A9C1 		.ascii	" (\251\301R)njD\211RXS\276:\363P\315\251\245\366Y\037"
 149      52296E6A 
 149      44895258 
 149      53BE3AF3 
 149      50CDA9A5 
 150 01f5 77C8E14B 		.ascii	"w\310\341K\234g\303\004\372\225\003\321\246\215\234"
 150      9C67C304 
 150      FA9503D1 
 150      A68D9C
 151 0204 98EDA7B5 		.ascii	"\230\355\247\265\302\317j\232\213 \225\022<\006\230"
 151      C2CF6A9A 
 151      8B209512 
 151      3C0698
 152 0213 32EE114B 		.ascii	"2\356\021K\002\226mR\277\024z\327\242\320\306\240Th"
 152      02966D52 
 152      BF147AD7 
 152      A2D0C6A0 
 152      5468
 153 0225 308121A5 		.ascii	"0\201!\2450Z\367DS\020>\245p\264q:fH\205\020\270/\025"
 153      305AF744 
 153      53103EA5 
 153      70B4713A 
 153      66488510 
 154 023c 46A2C890 		.ascii	"F\242\310\220\314f\225\377\357{z\360\347\246\023\010"
 154      CC6695FF 
 154      EF7B7AF0 
 154      E7A61308 
 155 024c 11B4F272 		.ascii	"\021\264\362r\"\343\245_u\2728\236\\\320e'\232\365\341"
 155      22E3A55F 
 155      75BA389E 
 155      5CD06527 
 155      9AF5E1
 156 025f 955E0648 		.ascii	"\225^\006H\022%\252!\331\252\316\362\262\275\364*/M"
 156      1225AA21 
 156      D9AACEF2 
 156      B2BDF42A 
 156      2F4D
 157 0271 EEF130E3 		.ascii	"\356\3610\343\345\344\246\277\275\264Wy\271%\315\300"
 157      E5E4A6BF 
 157      BDB45779 
 157      B925CDC0 
 158 0281 013C925E 		.ascii	"\001<\222^\216H/\363\344\330\030r\316\337\243: \026"
 158      8E482FF3 
ARM GAS  /var/folders/_f/jzb7lsz153bclt069nvlpp5r0000gn/T//ccKdTbcG.s 			page 12


 158      E4D81872 
 158      CEDFA33A 
 158      2016
 159 0293 79C63E01 		.ascii	"y\306>\001\330\036\324\006;s\261#\250\1779D\257\004"
 159      D81ED406 
 159      3B73B123 
 159      A87F3944 
 159      AF04
 160 02a5 388574E5 		.ascii	"8\205t\345\027\027\227\250\357\276\362\360\201\212\303"
 160      171797A8 
 160      EFBEF2F0 
 160      818AC3
 161 02b4 FB4B2A8F 		.ascii	"\373K*\217\204K*\217RP\034\026\250\264\302\307\313\017"
 161      844B2A8F 
 161      52501C16 
 161      A8B4C2C7 
 161      CB0F
 162 02c6 1EABF809 		.ascii	"\036\253\370\011\250_\204\234"
 162      A85F849C 
 163              		.text
 164              		.section	.gnu.lto_stack_pop.21bc7c56725ea759,"",%progbits
 165 0000 789C8D53 		.ascii	"x\234\215S]O\023A\024\2353\263]\266\335\245-\372\326"
 165      5D4F1341 
 165      149D33B3 
 165      5DB6DDA5 
 165      2DFAD6
 166 0013 444344C2 		.ascii	"DCD\302\203\201\232\370\007|\364_\030E\237L|\000\337"
 166      83819AF8 
 166      077CF45F 
 166      18459F4C 
 166      7C00DF
 167 0026 D9021263 		.ascii	"\331\002\022c|0\230\230*\022?\000?\021(X\024\250Z\225"
 167      7C309898 
 167      2A123F00 
 167      3F112858 
 167      14A85A95 
 168 003a 441F0463 		.ascii	"D\037\004c\202A\215\201\204\200\221(\011\305\306\332"
 168      82418D81 
 168      84809128 
 168      09C5C6DA 
 169 004a A8C17B67 		.ascii	"\250\301{g\013\224\022\015\233\335\231;\323{\316=\367"
 169      0B94120D 
 169      9BDD993B 
 169      D37BCE3D 
 169      F7
 170 005b CC5489AD 		.ascii	"\314T\211\255\317\001\372\016\033BT\321\014\237\200"
 170      CF01FA0E 
 170      1B4254D1 
 170      0C9F80
 171 006a 3C3F2944 		.ascii	"<?)D\314\222\322H\355\026n@ME\205\353(\030\336\266\001"
 171      CC92D248 
 171      ED166E40 
 171      4D4585EB 
 171      2818DEB6 
 172 007f 7020209A 		.ascii	"p  \232\2442\320\204E\231\221\030\351\313N\330_d^\212"
 172      A432D084 
 172      45999118 
ARM GAS  /var/folders/_f/jzb7lsz153bclt069nvlpp5r0000gn/T//ccKdTbcG.s 			page 13


 172      E9CB4ED8 
 172      5F645E8A 
 173 0093 4A41CBD1 		.ascii	"JA\313\321\366Wq\223\2270x\371\253gy\321\254\351q]w"
 173      F6577193 
 173      973078F9 
 173      AB6779D1 
 173      ACE9715D 
 174 00a8 792E31E5 		.ascii	"y.1\345\234>\224\227R|\227\002\267\020\301mD\230\356"
 174      9C3E9497 
 174      527C9702 
 174      B710C16D 
 174      4498EE
 175 00bb 0E6A28F3 		.ascii	"\016j(\363lw\342\232\243*\301\250\370\300\312\231@u"
 175      6C77E29A 
 175      A32AC1A8 
 175      F8C0CA99 
 175      4075
 176 00cd 97EB36A7 		.ascii	"\227\3536\247S\203\356A#/\025\356B\025\343hK\340\036"
 176      5383EE41 
 176      232F15EE 
 176      4215E368 
 176      4BE01E
 177 00e0 AAB9E4D2 		.ascii	"\252\271\344\322hZ\252=\0329\230J\316\004=\344\254\207"
 177      685AAA3D 
 177      1A39984A 
 177      CE043DE4 
 177      AC87
 178 00f2 34D05B8A 		.ascii	"4\320[\2124\004\356\243\232\3233\255\177\246m\263\225"
 178      3404EEA3 
 178      9AD333AD 
 178      7FA66DB3 
 178      95
 179 0103 E4855915 		.ascii	"\344\205Y\025\211\351\203\011\232\373w\244\335\325\325"
 179      89E98309 
 179      9AFB77A4 
 179      DDD5D5
 180 0112 AEE4A721 		.ascii	"\256\344\247!c'\010B4\\\315G\241\317\344\301\242\301"
 180      63270842 
 180      345CCD47 
 180      A1CFE4C1 
 180      A2C1
 181 0124 F47314E0 		.ascii	"\364s\024\340\310\246\241\314\001\363\006)\264B\374"
 181      C8A6A1CC 
 181      01F30629 
 181      B442FC
 182 0133 4B98A30A 		.ascii	"K\230\243\012\032\374B\314\023;\273\267@\375\323\254"
 182      1AFC42CC 
 182      133BBBB7 
 182      40FDD3AC 
 183 0143 3EA27938 		.ascii	">\242y8\3632\246\270`N\372H\313\354\374\233\267\026"
 183      F332A6B8 
 183      604EFA48 
 183      CBECFC9B 
 183      B716
 184 0155 3BA7044B 		.ascii	";\247\004KK\376\274\272T\336\211\016\344e G\345\373"
 184      4BFEBCBA 
 184      54DE890E 
ARM GAS  /var/folders/_f/jzb7lsz153bclt069nvlpp5r0000gn/T//ccKdTbcG.s 			page 14


 184      E4652047 
 184      E5FB
 185 0167 D92CDABF 		.ascii	"\331,\332\277\361u|.X\273\217\3501\200N\254\260j\201"
 185      F1757C2E 
 185      58BB8FE8 
 185      31804EAC 
 185      B06A81
 186 017a 046AC53B 		.ascii	"\004j\305;\264\276o\211l\020\306n\216\235+cB\037%\014"
 186      B4BE6F89 
 186      6C10C66E 
 186      8E9D2B63 
 186      421F250C 
 187 018e 6AAFB9BE 		.ascii	"j\257\271\276\022SQ*\337\322\3366yi\277\227\275\246"
 187      1253512A 
 187      DFD2DE36 
 187      7969BF97 
 187      BDA6
 188 01a0 A023DFED 		.ascii	"\240#\337\355\327\200UzB\002C\004\"\241\355\340\264"
 188      D780557A 
 188      42024304 
 188      22A1EDE0 
 188      B4
 189 01b1 224D31D7 		.ascii	"\"M1\327M\033\377\326\365`CW\022\265D\317$\303\211\211"
 189      4D1BFFD6 
 189      F5604357 
 189      12B544CF 
 189      24C38989 
 190 01c5 4CA15BEB 		.ascii	"L\241[\353?\355]\311^\370\020b\032\023\303\232\206O"
 190      3FED5DC9 
 190      5EF81062 
 190      1A13C39A 
 190      864F
 191 01d7 030FA93D 		.ascii	"\003\017\251=\222|\261\355\233\364(\374\304Z|\333|t"
 191      927CB1ED 
 191      9BF428FC 
 191      C45A7CDB 
 191      7C74
 192 01e9 A68FB4DA 		.ascii	"\246\217\264\332\226\270\351\245\020\255E\211\\\373"
 192      96B8E9A5 
 192      10AD4589 
 192      5CFB
 193 01f7 47C0DBB2 		.ascii	"G\300\333\262\213m6Km\266\011\203\021\326\201Q*\255"
 193      8B6D364B 
 193      6DB60983 
 193      11D68151 
 193      2AAD
 194 0209 3BBF1E2C 		.ascii	";\277\036,\264\276\01636\301\012N89\351`\254\264\005"
 194      B4BE0E33 
 194      36C10A4E 
 194      3839E960 
 194      ACB405
 195 021c 1B29DD82 		.ascii	"\033)\335\202\276X\217\331\011[;\221Yw\"\270\035',<"
 195      BE588FD9 
 195      095B3B91 
 195      597722B8 
 195      1D272C3C 
 196 0230 D1348A69 		.ascii	"\3214\212i\236\2569\221-8\021\362\234\270<\275\220U"
ARM GAS  /var/folders/_f/jzb7lsz153bclt069nvlpp5r0000gn/T//ccKdTbcG.s 			page 15


 196      9EAE3991 
 196      2D3811F2 
 196      9CB83CBD 
 196      9055
 197 0242 DA09BAEA 		.ascii	"\332\011\272\352\351\315N\204\251\020%\026;QQ\334\222"
 197      E9CD4E84 
 197      A9102516 
 197      3B5151DC 
 197      92
 198 0253 55EA4439 		.ascii	"U\352D9a\360L;\361|\213\023\333j\275\034/\264f\2035"
 198      61F04C3B 
 198      F17C8B13 
 198      DB6ABD1C 
 198      2FB46683 
 199 0268 8F73EB15 		.ascii	"\217s\353\025\372\362\031\372\362\317 \026\0269>\332"
 199      FAF219FA 
 199      F2CF2016 
 199      16393EDA 
 200 0278 CF00AA22 		.ascii	"\317\000\252\"\362w\242\027\330\033Q\257\207\034\372"
 200      F277A217 
 200      D81B51AF 
 200      871CFA
 201 0287 A78093C8 		.ascii	"\247\200\223\310\264]uuQ\357=z\244\376\304\361\223\307"
 201      B45D7575 
 201      51EF3D7A 
 201      A4FEC4F1 
 201      93C7
 202 0299 A28D0DF5 		.ascii	"\242\215\015\365\321\306S\264\250\253\027hD\303_\237"
 202      D1C653B4 
 202      A8AB1768 
 202      44C35F9F 
 203 02a9 D986A6   		.ascii	"\331\206\246"
 204              		.text
 205              		.section	.gnu.lto_stack_get_sp.21bc7c56725ea759,"",%progbits
 206 0000 789C654F 		.ascii	"x\234eO\275K\302Q\024\275\347\276_\026Y\021\215F`\203"
 206      BD4BC251 
 206      14BDE7BE 
 206      5F165911 
 206      8D466083 
 207 0014 38844A63 		.ascii	"8\204Jc[\377JYS\320\220\015m>\305!\232B\032\214\220"
 207      5BFF4A59 
 207      53D0900D 
 207      6D3EC521 
 207      9A421A8C 
 208 0029 A40FFAF2 		.ascii	"\244\017\372\362\243\002\203\232\034\"Z*\202\240h(("
 208      A302839A 
 208      1C225A2A 
 208      82A06828 
 208      28
 209 003a 832202B5 		.ascii	"\203\"\002\265\300\034\302\356\245\206\240\307\273\334"
 209      C01CC2EE 
 209      A586A0C7 
 209      BBDC
 210 0048 77DEBDE7 		.ascii	"w\336\275\347\334s\015\375?\036\211!\020\365K\206!\360"
 210      DC730DFD 
 210      3F1E8921 
 210      10F54B86 
ARM GAS  /var/folders/_f/jzb7lsz153bclt069nvlpp5r0000gn/T//ccKdTbcG.s 			page 16


 210      21F0
 211 005a FC3951AC 		.ascii	"\3749Q\254\215\001}\020(\312\210\342\205\253\214\303"
 211      8D017D10 
 211      28CA88E2 
 211      85AB8CC3 
 212 006a FCC799FB 		.ascii	"\374\307\231\373\231\033L^\022x\224<M\271\024\302Q\230"
 212      991B4C5E 
 212      1278943C 
 212      4DB914C2 
 212      5198
 213 007c 3C39AAB4 		.ascii	"<9\252\264\370\327\255\215W\342\305\231\305\205\214"
 213      F8D7AD8D 
 213      57E2C599 
 213      C5858C
 214 008b 5498DE99 		.ascii	"T\230\336\231\260\001\0176\241\203\260\005\277\264\316"
 214      B0010F36 
 214      A183B005 
 214      BFB4CE
 215 009a ADED653A 		.ascii	"\255\355e:\214\027JK\355\326f\333}\253B+\335\354\333"
 215      8C174A4B 
 215      EDD666DB 
 215      7DAB422B 
 215      DDECDB
 216 00ad 61A7C106 		.ascii	"a\247\301\006\3330\177y\362E\330\201O\333\253\211\257"
 216      DB307F79 
 216      F245D881 
 216      4FDBAB89 
 216      AF
 217 00be 6BB72B61 		.ascii	"k\267+a\255\355Vm\221\314\302%\366\251\320S\262\315"
 217      ADED566D 
 217      91CCC225 
 217      F6A9D053 
 217      B2CD
 218 00d0 E6632E5B 		.ascii	"\346c.[t\0341/\355\206\324\000\225%t\225'\001\222\315"
 218      741C312F 
 218      ED86D400 
 218      95257495 
 218      270192CD 
 219 00e4 2DE207D5 		.ascii	"-\342\007\325\253A\345\325\331\210\344}\371\342\262"
 219      AB41E5D5 
 219      D988E47D 
 219      F9E2B2
 220 00f3 4DF730A4 		.ascii	"M\3670\244\023\212\237\313o\235i,\305\254-\3656\330"
 220      138A9FCB 
 220      6F9D692C 
 220      C5AC2DF5 
 220      36D8
 221 0105 A93323A7 		.ascii	"\2513#\247\356\245\266\362z\374\320\025\030\020]\344"
 221      EEA5B6F2 
 221      7AFCD015 
 221      18105DE4 
 222 0115 91464D0D 		.ascii	"\221FM\015\020\012\010\320\035b\266\365W\223t(t\230"
 222      100A08D0 
 222      1D62B6F5 
 222      57937428 
 222      7498
 223 0127 D4FB82C1 		.ascii	"\324\373\202\301\320\317\035\035\011O\214O\216\205\""
ARM GAS  /var/folders/_f/jzb7lsz153bclt069nvlpp5r0000gn/T//ccKdTbcG.s 			page 17


 223      D0CF1D1D 
 223      094F8C4F 
 223      8E8522
 224 0136 53E15064 		.ascii	"S\341PdZ@0L\210|\003\206\327v\361"
 224      5A40304C 
 224      887C0386 
 224      D776F1
 225              		.text
 226              		.section	.gnu.lto_.symbol_nodes.21bc7c56725ea759,"",%progbits
 227 0000 789C6366 		.ascii	"x\234cf``\210d\200\002&\226z\006\206\011\347\030\030"
 227      60608864 
 227      80022696 
 227      7A068609 
 227      E71818
 228 0013 EAEB19E7 		.ascii	"\352\353\031\347.\342``b\250g\204\362\031\346-\000\362"
 228      2EE26060 
 228      62A86784 
 228      F219E62D 
 228      00F2
 229 0025 19EB9950 		.ascii	"\031\353\231P\370L\365\314(|\346z\026d>3#\003C\323G"
 229      F84CF5CC 
 229      287CE67A 
 229      16643E33 
 229      230343D3 
 230 003a 3B060009 		.ascii	";\006\000\011S\026\327"
 230      5316D7
 231              		.text
 232              		.section	.gnu.lto_.refs.21bc7c56725ea759,"",%progbits
 233 0000 789C6366 		.ascii	"x\234cf```d\200\002\000\000=\000\005"
 233      60606064 
 233      80020000 
 233      3D0005
 234              		.text
 235              		.section	.gnu.lto_.decls.21bc7c56725ea759,"",%progbits
 236 0000 789CAD55 		.ascii	"x\234\255UkLTG\024\276\347\316.\260\313\012\032[mL\233"
 236      6B4C5447 
 236      14BEE7CE 
 236      2EB0CB0A 
 236      1A5B6D4C 
 237 0015 0069886D 		.ascii	"\000i\210m\224E[\233\372\243\251\251ij\375a\332D\177"
 237      94455B9B 
 237      FAA3A9A9 
 237      696AFD61 
 237      DA447F
 238 0028 35CD665D 		.ascii	"5\315f]V%]\221\260K\023\373\353\012Z\251Z\304\255\370"
 238      56255D91 
 238      B04B13FB 
 238      EB0A5AA9 
 238      5AC4ADF8 
 239 003c 7EAC2F8A 		.ascii	"~\254/\212\317\"\012*(\242(\002\013\202\242\240<\352"
 239      CF220A2A 
 239      28A22802 
 239      0B82A2A0 
 239      3CEA
 240 004e 222A228A 		.ascii	"\"*\"\212\213\240\"\210\33333w_zA\177\364\206\303\275"
 240      8BA02288 
 240      DB333377 
ARM GAS  /var/folders/_f/jzb7lsz153bclt069nvlpp5r0000gn/T//ccKdTbcG.s 			page 18


 240      5F7A417F 
 240      F486C3BD 
 241 0062 3373E63B 		.ascii	"3s\346;\337\371\316\231Y\"\340#\012\202\007\237\264"
 241      DFF9CE99 
 241      5922E023 
 241      0A82079F 
 241      B4
 242 0073 70419886 		.ascii	"pA\230\206\337!8\365\003\032A\313GkE\233%\360G\215\326"
 242      DF2138F5 
 242      031A41CB 
 242      476B459B 
 242      25F0478D 
 243 0088 8ED689F6 		.ascii	"\216\326\211\366\234N\200 \250@x\343\241>\032\264\010"
 243      9C4E8020 
 243      A84078E3 
 243      A13E1AB4 
 243      08
 244 0099 341DDA6C 		.ascii	"4\035\332l\031'_\306*CkF\253CS\241]G\273\211\326\200"
 244      19275FC6 
 244      2A436B46 
 244      AB4353A1 
 244      5D47BB89 
 245 00af D6C86119 		.ascii	"\326\310a\031\306\353\017\215\0336\002\256\0327\266"
 245      C6EB0F8D 
 245      1B3602AE 
 245      1A37B6
 246 00be C9BEA2EC 		.ascii	"\311\276\242\354\257\204C\271\217R\300y\"\343P^\321"
 246      AF8443B9 
 246      8F52C079 
 246      22E3505E 
 246      D1
 247 00cf 32CF2899 		.ascii	"2\317(\231k-\332y\201\353\343\345Iy\273e\356\3352\357"
 247      6B2DDA79 
 247      81EBE3E5 
 247      4979BB65 
 247      EEDD32EF 
 248 00e3 E70AF1E8 		.ascii	"\347\012\361\350B\204B\274\301\267\304\033\220c\252"
 248      428442BC 
 248      C1B7C41B 
 248      9063AA
 249 00f2 E5984AF1 		.ascii	"\345\230J\361\004\005\375iM\324\001\361f\311\361\232"
 249      0405FD69 
 249      4DD401F1 
 249      66C9F19A 
 250 0102 65F706F9 		.ascii	"e\367\006\371\255T\273\036\0216^\271qBED\240\337{6\265"
 250      AD54BB1E 
 250      11365EB9 
 250      71424544 
 250      A0DF7B36 
 251 0117 5DD34E3A 		.ascii	"]\323N: IR\206TZ\007~\247U\315\373\253C\311\030\346"
 251      20495286 
 251      545A077E 
 251      A755CDFB 
 251      AB43C918 
 252 012c B42CA778 		.ascii	"\264,\247xM\350}\021\306i\331R\246s\3139\302\206\036"
 252      4DE87D11 
 252      C669D952 
ARM GAS  /var/folders/_f/jzb7lsz153bclt069nvlpp5r0000gn/T//ccKdTbcG.s 			page 19


 252      A673CB39 
 252      C2861E
 253 013f BA2CDADB 		.ascii	"\272,\332\333\373\366\001hc3$)Mr\333%\362\201\000\223"
 253      FBF60168 
 253      63332429 
 253      4D72DB25 
 253      F2810093 
 254 0153 26C02713 		.ascii	"&\300'\023\0048\014\261\350\006\2710I\200\0030\001\016"
 254      04380CB1 
 254      E806B930 
 254      49800330 
 254      010E
 255 0165 C204612F 		.ascii	"\302\004a/\006s\027\017\270@\222Tp\010\264\260\037\010"
 255      0673170F 
 255      B8409254 
 255      7008B4B0 
 255      1F08
 256 0177 F340D234 		.ascii	"\363@\3224\002' \272\032\367\375\250\014\372\317p\240"
 256      022720BA 
 256      1AF7FDA8 
 256      0CFACF70 
 256      A0
 257 0188 83E9CEF7 		.ascii	"\203\351\316\367)\350\021\004\375\333\017\2121|i\235"
 257      29E81104 
 257      FDDB0F8A 
 257      317C699D 
 258 0198 3AD25713 		.ascii	":\322W\023\216\334#\264QtXd\257\330\024\202C\235VE\207"
 258      8EDC23B4 
 258      51745864 
 258      AFD81482 
 258      439D5645 
 259 01ad CD2D6BD6 		.ascii	"\315-k\326\203n\025\015\231\225.i*\"\030T\036\3068\212"
 259      836E150D 
 259      99952E69 
 259      2A221854 
 259      1EC6388A 
 260 01c1 3104C807 		.ascii	"1\004\310\007\035+\011\276\321;\373\3646\273\206aIL"
 260      1D2B09BE 
 260      D13BFBF4 
 260      36BB8661 
 260      494C
 261 01d3 26E7EDFE 		.ascii	"&\347\355\376^\035\003\033M\207\017o\027\364\250I\035"
 261      5E1D031B 
 261      4D870F6F 
 261      17F4A849 
 261      1D
 262 01e4 04AD45F0 		.ascii	"\004\255E\360\265-\215w\373\010s\025\351\260\267\253"
 262      B52D8D77 
 262      FB087315 
 262      E9B0B7AB 
 263 01f4 3B47435A 		.ascii	";GCZ\270kv\325\326\265j\362\200\017\262\332\354\365"
 263      B86B76D5 
 263      D6B56AF2 
 263      800FB2DA 
 263      ECF5
 264 0206 2AD20B41 		.ascii	"*\322\013Au\210\342u\330\330\325\177<\214\015=\036B"
 264      7588E275 
ARM GAS  /var/folders/_f/jzb7lsz153bclt069nvlpp5r0000gn/T//ccKdTbcG.s 			page 20


 264      D8D8D57F 
 264      3C8C0D3D 
 264      1E42
 265 0218 25DBDD5A 		.ascii	"%\333\335Z\327\246\201X-W\270\360.S\270\0043(\362\213"
 265      D7A68158 
 265      2D57B8F0 
 265      2E53B804 
 265      3328F28B 
 266 022c 11256BC1 		.ascii	"\021%k\301t\225\322%un\204\000\205\230\341\011\314\020"
 266      7495D225 
 266      756E8400 
 266      8598E109 
 266      CC10
 267 023e CEA0B451 		.ascii	"\316\240\264Q\262\264\3058y\032'\021\370\330\355\356"
 267      B2B4C538 
 267      791A2711 
 267      F8D8EDEE 
 268 024e D55A2FF0 		.ascii	"\325Z/\360`Y\3468\012\\\212\300\247\374\300%0\"\362"
 268      6059E638 
 268      0A5C8AC0 
 268      A7FCC025 
 268      3022F2
 269 0261 5965E415 		.ascii	"Ye\344\025\307vY\274\300\257V\256e\345;\217\300'\375"
 269      C77659BC 
 269      C0AF56AE 
 269      65E53B8F 
 269      C027FD
 270 0274 C0A52303 		.ascii	"\300\245#\003\237S\004\206\254\036\347\365\320\240R"
 270      9F530486 
 270      AC1EE7F5 
 270      D0A052
 271 0283 9E0F2A65 		.ascii	"\236\017*e\031/%=\002\245;\252T\304\301\317\303\356"
 271      192F253D 
 271      02A53BAA 
 271      54C4C1CF 
 271      C3EE
 272 0295 DFEF5FD3 		.ascii	"\337\357_\323\221\034>8[\322_\256%\007\371`M\206\253"
 272      911C3E38 
 272      5BD25FAE 
 272      2507F960 
 272      4D86AB
 273 02a8 524B8E8B 		.ascii	"RK\216\213A\225\210\346\225\270\265\365\305^\015\033"
 273      419588E6 
 273      95B8B5F5 
 273      C55E0D1B 
 274 02b8 D2AB3692 		.ascii	"\322\2536\222&VqO\332\023\341\253\205\275\374C\232\231"
 274      2656714F 
 274      DA13E1AB 
 274      85BDFC43 
 274      9A99
 275 02ca 13295CF2 		.ascii	"\023)\\\362g\026\035\230\030g)\370(B\025&\026-'V\201"
 275      67161D98 
 275      186729F8 
 275      28421526 
 275      162D2756 
 276 02df 93955CB1 		.ascii	"\223\225\\\261\213/K\226\253\275\007\343\215M5\012\233"
 276      8B2F4B96 
ARM GAS  /var/folders/_f/jzb7lsz153bclt069nvlpp5r0000gn/T//ccKdTbcG.s 			page 21


 276      ABBD07E3 
 276      8D4D350A 
 276      9B
 277 02f0 E4B36167 		.ascii	"\344\263agU\253F\012\345~\012N\377\331\020s\272\012"
 277      55AB460A 
 277      E57E0A4E 
 277      FFD91073 
 277      BA0A
 278 0302 06745ECA 		.ascii	"\006t^\312\236N^\214Z\364\277\350\367\257\206\0219_"
 278      9E4E5E8C 
 278      5AF4BFE8 
 278      F7AF8611 
 278      395F
 279 0314 56E40C03 		.ascii	"V\344\014\003\253\017t\207\004\025\2436\250\030u\276"
 279      AB0F7487 
 279      0415A336 
 279      A81875BE 
 280 0324 62EC6ACC 		.ascii	"b\354j\314\314\015%w\344b\344m_\241%\235|\2607{\303"
 280      CC0D2577 
 280      E462E46D 
 280      5FA1259D 
 280      7CB0377B 
 281 0339 21353B32 		.ascii	"!5;2atXW\271\2549\222<dk!UOK~\206\230\230\230\2611\261"
 281      61745857 
 281      B9AC3992 
 281      3C646B21 
 281      554F4B7E 
 282 0354 0E0C92D7 		.ascii	"\016\014\222\327\351\274\252\223*\342).\\A\3627`\254"
 282      E9BCAA93 
 282      2AE2292E 
 282      5C41F237 
 282      60AC
 283 0366 9FE3441A 		.ascii	"\237\343D\0321\217\306\025\250\263\303\231/\315XN`\226"
 283      318FC615 
 283      A8B3C399 
 283      2FCD584E 
 283      6096
 284 0378 16AEBEEE 		.ascii	"\026\256\276\356Z\317\330}\352s\255\366\271^Sv\345\260"
 284      5ACFD87D 
 284      EA73ADF6 
 284      B95E5376 
 284      E5B0
 285 038a EB504029 		.ascii	"\353P@)K\222f\330\0048\206\016\307\331\032uGa\240\011"
 285      4B9266D8 
 285      0438860E 
 285      C7D91A75 
 285      4761A009 
 286 039e 35BA0931 		.ascii	"5\272\0111p\035\255\001\255\021b\230\242,B%\217\200"
 286      701DAD01 
 286      AD116298 
 286      A22C4225 
 286      8F80
 287 03b0 DD091714 		.ascii	"\335\011\027\024\21132\264B\256\212\251at]\220K\343"
 287      893332B4 
 287      42AE8AA9 
 287      61745D90 
 287      4BE3
ARM GAS  /var/folders/_f/jzb7lsz153bclt069nvlpp5r0000gn/T//ccKdTbcG.s 			page 22


 288 03c2 BBBA4557 		.ascii	"\273\272EW_\303\216P\030\033\253D\003Z0\372\333\230"
 288      5FC38E50 
 288      181BAB44 
 288      035A30FA 
 288      DB98
 289 03d4 30F89A10 		.ascii	"0\370\232\020\200ft,\360\027\237F\363^\244\035\373\316"
 289      8066742C 
 289      F0179F46 
 289      F35EA41D 
 289      FBCE
 290 03e6 BA82CF57 		.ascii	"\272\202\317Ws\000W\001Z\345\253\262\225]\225\347kO"
 290      73005701 
 290      5AE5ABB2 
 290      955D95E7 
 290      6B4F
 291 03f8 6E0015FE 		.ascii	"n\000\025\376fS\355~bwmqKm.\237\302\333\024\376\005"
 291      6653ED7E 
 291      62776D71 
 291      4B6D2E9F 
 291      C2DB14FE 
 292 040d 3659595F 		.ascii	"6YY_\377-\233\303mp\213\317\225\333\323\276\031\237"
 292      FF2D9BC3 
 292      6D708BCF 
 292      95DBD3BE 
 292      199F
 293 041f CD724997 		.ascii	"\315rI\227F\253`v`\347\264\301x\374\357\002\025g\225"
 293      46AB6076 
 293      60E7B4C1 
 293      78FCEF02 
 293      156795
 294 0432 5370B383 		.ascii	"Sp\263\203\220\277\010\353\230\234\001{\2616j\207T\232"
 294      90BF08EB 
 294      989C017B 
 294      B1366A87 
 294      549A
 295 0444 E7AE397C 		.ascii	"\347\2569|U\334\234\345H\223^y< \211t\033\334\366%&"
 295      55DC9CE5 
 295      48935E79 
 295      3C208974 
 295      1BDCF625 
 296 0459 D06F9618 		.ascii	"\320o\226\030\264C\324\273\320\275\243@\367\356;\320"
 296      B443D4BB 
 296      D0BDA340 
 296      F7EE3BD0 
 297 0469 ED6074EF 		.ascii	"\355`t\357y\351v\235\034\332\031I\3128\335\033\3072"
 297      79E9769D 
 297      1CDA1949 
 297      CA38DD1B 
 297      C732
 298 047b 67235B47 		.ascii	"g#[G\236\264Yr\210\022^$H\0247\300\375\000\242\367\275"
 298      9EB45972 
 298      88125E24 
 298      481437C0 
 298      FD00A2F7 
 299 0490 443B19D1 		.ascii	"D;\031\321\374=\373\012\371O\320\014\0121t\375A\231"
 299      FC3DFB0A 
 299      F94FD00C 
ARM GAS  /var/folders/_f/jzb7lsz153bclt069nvlpp5r0000gn/T//ccKdTbcG.s 			page 23


 299      0A3174FD 
 299      4199
 300 04a2 865CE678 		.ascii	"\206\\\346x\275\007\245\365\2044\261\201j\307\201?n"
 300      BD07A5F5 
 300      8434B181 
 300      6AC7813F 
 300      6E
 301 04b3 A900CF47 		.ascii	"\251\000\317G\014\357\012\007\353\212\007H\2147\356"
 301      0CEF0A07 
 301      EB8A0748 
 301      8C37EE
 302 04c2 23B9251E 		.ascii	"#\271%\036cKtc+\270\003\232\322\355\331\337\360\336"
 302      634B7463 
 302      2BB8039A 
 302      D2EDD9DF 
 302      F0DE
 303 04d4 26C9710E 		.ascii	"&\311q\016\330\035J\373\222\272\373n\340\327\372\362"
 303      D81D4AFB 
 303      92BAFB6E 
 303      E0D7FAF2 
 304 04e4 06F6E5A3 		.ascii	"\006\366\345\2437\372\222\002\271\232\256&\224bw\323"
 304      37FA9202 
 304      B99AAE26 
 304      946277D3 
 305 04f4 C3FF5046 		.ascii	"\303\377PFQ:\226\330\303O:z\352B v,Cl\306V|\202\276"
 305      513A96D8 
 305      C34F3A7A 
 305      EA422076 
 305      2C436CC6 
 306 050c 5DFE567C 		.ascii	"]\376V|\344mE\245t\240\007\263\030.#Tfuc\306\272HV7"
 306      E46D45A5 
 306      74A007B3 
 306      182E2354 
 306      667563C6 
 307 0524 8ACAEB9B 		.ascii	"\212\312\353\233\271\321}F\355\253e/\257\345\312\234"
 307      B9D17D46 
 307      EDAB652F 
 307      AFE5CA9C 
 308 0534 137DA1C3 		.ascii	"\023}\241\303\026\363)+f\237\267\230\017.\224\347\207"
 308      16F3292B 
 308      669FB798 
 308      0F2E94E7 
 308      87
 309 0545 111717DF 		.ascii	"\021\027\027\337\341\334\226\302\212\351\256\251i\022"
 309      E1DC96C2 
 309      8AE9AEA9 
 309      6912
 310 0553 B1A0BCF5 		.ascii	"\261\240\274\365\330&x\026P\320g\336\202>g\005\035\312"
 310      D8267816 
 310      50D067DE 
 310      823E6705 
 310      1DCA
 311 0565 CA7A4448 		.ascii	"\312zDH\027\003\021\373\372Z\267\213\262\010\356\201"
 311      170311FB 
 311      FA5AB78B 
 311      B208EE81 
 312 0575 DA5A7681 		.ascii	"\332Zv\201\017 \345~\277\020OF\024\342\305\310B4>\335"
ARM GAS  /var/folders/_f/jzb7lsz153bclt069nvlpp5r0000gn/T//ccKdTbcG.s 			page 24


 312      0F20E57E 
 312      BF104F46 
 312      14E2C5C8 
 312      42343EDD 
 313 0589 541D1974 		.ascii	"T\035\031t\210\007\202\016\361\240\357^^\237\337\273"
 313      8807820E 
 313      F1A0EF5E 
 313      5E9FDFBB 
 314 0599 399CC983 		.ascii	"9\234\311\203s\262dg\326o8\025\352\223\354%\227l\260"
 314      73B26467 
 314      D66F3815 
 314      EA93EC25 
 314      976CB0
 315 05ac F0ACA41E 		.ascii	"\360\254\244\036V\262WL\262!\257dG\237\025\325\207\220"
 315      56B2574C 
 315      B221AF64 
 315      479F15D5 
 315      8790
 316 05be 9D2A2659 		.ascii	"\235*&YU\365\231l\342\325\254}b\200f\270\013<\001\232"
 316      55F5996C 
 316      E2D5AC7D 
 316      628066B8 
 316      0B3C019A 
 317 05d2 79BC9A49 		.ascii	"y\274\232I\"\325\354b\313\343U\221>\036\234[IM\373\345"
 317      22D5EC62 
 317      CBE35591 
 317      3E1E9C5B 
 317      494DFBE5 
 318 05e6 201AB302 		.ascii	" \032\263\002i\244\211\224\3062Q\246QTU\204\307p?\247"
 318      69A48994 
 318      C63251A6 
 318      51545584 
 318      C7703FA7 
 319 05fa 319497F1 		.ascii	"1\224\227\361\025c\341\312-\273\204\277\"R\251\307\363"
 319      1563E1CA 
 319      2DBB84BF 
 319      2252A9C7 
 319      F3
 320 060b 7518DD02 		.ascii	"u\030\335\002\351\242\237\003~s\016\313\031\207-\216"
 320      E9A29F03 
 320      7E730ECB 
 320      19872D8E 
 321 061b 3F5F8407 		.ascii	"?_\204\007)I\257\030\177\304\025\"\277\016\351;451\311"
 321      2949AF18 
 321      7FC41522 
 321      BF0EE93B 
 321      343531C9 
 322 062f F6A5C116 		.ascii	"\366\245\301\026\362\335\234yQ3\005\215\301 O\030\364"
 322      F2DD9C79 
 322      5133058D 
 322      C1204F18 
 322      F4
 323 0640 A9D614BD 		.ascii	"\251\326\024\275e\211\311h\321\3174[,\306\024\375B\223"
 323      6589C968 
 323      D1CF345B 
 323      2CC614FD 
 323      4293
ARM GAS  /var/folders/_f/jzb7lsz153bclt069nvlpp5r0000gn/T//ccKdTbcG.s 			page 25


 324 0652 69B23165 		.ascii	"i\2621e\361\344\244%I\346\311f\343\374\304\311\237O"
 324      F1E4A425 
 324      49E6C966 
 324      E3FCC4C9 
 324      9F4F
 325 0664 D74F8D9F 		.ascii	"\327O\215\2372-~\372\324i\372\240\025}b\222\311\222"
 325      322D7EFA 
 325      D469FAA0 
 325      157D6292 
 325      C992
 326 0676 9A60D62F 		.ascii	"\232`\326/6\232\026%&\231\365\206\004\363\002c\252\305"
 326      369A1625 
 326      2699F586 
 326      04F30263 
 326      AAC5
 327 0688 66B02D4D 		.ascii	"f\260-M6[\343\026\011s\377\037|\353R\253\336`\265% "
 327      365BE316 
 327      0973FF1F 
 327      7CEB52AB 
 327      DE60B525 
 328 069d 69040D37 		.ascii	"i\004\0157\031\027\343\310h\372\305`\033\365\253\321"
 328      1917E3C8 
 328      68FAC560 
 328      1BF5ABD1 
 329 06ad 926A362C 		.ascii	"\222j6,\260\030\027Z\015\2660\232\326\224/\0146-\317"
 329      B018175A 
 329      0DB6309A 
 329      D6942F0C 
 329      362DCF
 330 06c0 907E46C7 		.ascii	"\220~F\307\305\351\371\337|\334aNJ\360\241\262M\210"
 330      C5E9F9DF 
 330      7CDC614E 
 330      4AF0A1B2 
 330      4D88
 331 06d2 A7661FAA 		.ascii	"\247f\037\252y\337\317\231\313\000>\233\352\003\240"
 331      79DFCF99 
 331      CB003E9B 
 331      EA03A0
 332 06e1 9F1F0F0B 		.ascii	"\237\037\017\013@\263\304\214)\206*\301h3\212\326d\225"
 332      40B3C48C 
 332      29862AC1 
 332      68338AD6 
 332      6495
 333 06f3 35F137F3 		.ascii	"5\3617\363\360!\031kt\037\303\351'&%\332\342\222\215"
 333      F021196B 
 333      741FC3E9 
 333      272625DA 
 333      E2928D
 334 0706 29B6B8F8 		.ascii	")\266\270\370\217\336\330cM1\311\376&A\353\367g\331"
 334      8FDED863 
 334      4D31C9FE 
 334      2641EBF7 
 334      67D9
 335 0718 F3AC6D6A 		.ascii	"\363\254mj\366\226\027\223S\255\213\"\350b\212ya\242"
 335      F6961793 
 335      53AD8B22 
 335      E8628A79 
ARM GAS  /var/folders/_f/jzb7lsz153bclt069nvlpp5r0000gn/T//ccKdTbcG.s 			page 26


 335      61A2
 336 072a D5664E19 		.ascii	"\325fN\031\211\272\327\007\271h\344\355K\222u\374k\241"
 336      89BAD707 
 336      B968E4ED 
 336      4B9275FC 
 336      6BA1
 337 073c D966B026 		.ascii	"\331f\260&\377\007`\352IN"
 337      FF0760EA 
 337      494E
 338              		.text
 339              		.section	.gnu.lto_.symtab.21bc7c56725ea759,"",%progbits
 340 0000 73746163 		.ascii	"stack_init\000\000\000\000\000\000\000\000\000\000\000"
 340      6B5F696E 
 340      69740000 
 340      00000000 
 340      00000000 
 341 0015 00E90000 		.ascii	"\000\351\000\000\000stack_push\000\000\000\000\000\000"
 341      00737461 
 341      636B5F70 
 341      75736800 
 341      00000000 
 342 002a 00000000 		.ascii	"\000\000\000\000\000\000\367\000\000\000stack_pop\000"
 342      0000F700 
 342      00007374 
 342      61636B5F 
 342      706F7000 
 343 003e 00000000 		.ascii	"\000\000\000\000\000\000\000\000\000\000\000\000\001"
 343      00000000 
 343      00000000 
 343      01
 344 004b 00007374 		.ascii	"\000\000stack_get_sp\000\000\000\000\000\000\000\000"
 344      61636B5F 
 344      6765745F 
 344      73700000 
 344      00000000 
 345 0061 00000000 		.ascii	"\000\000\000\000\004\001\000\000"
 345      04010000 
 346              		.text
 347              		.section	.gnu.lto_.opts,"",%progbits
 348 0000 272D6666 		.ascii	"'-ffp-contract=off' '-fno-trapv' '-mcpu=cortex-m4' "
 348      702D636F 
 348      6E747261 
 348      63743D6F 
 348      66662720 
 349 0033 272D6D74 		.ascii	"'-mthumb' '-mfloat-abi=hard' '-mfpu=fpv4-sp-d16' '-"
 349      68756D62 
 349      2720272D 
 349      6D666C6F 
 349      61742D61 
 350 0066 67676462 		.ascii	"ggdb' '-O2' '-fomit-frame-pointer' '-falign-functio"
 350      2720272D 
 350      4F322720 
 350      272D666F 
 350      6D69742D 
 351 0099 6E733D31 		.ascii	"ns=16' '-ffunction-sections' '-fdata-sections' '-fn"
 351      36272027 
 351      2D666675 
ARM GAS  /var/folders/_f/jzb7lsz153bclt069nvlpp5r0000gn/T//ccKdTbcG.s 			page 27


 351      6E637469 
 351      6F6E2D73 
 352 00cc 6F2D636F 		.ascii	"o-common' '-flto' '-fsingle-precision-constant'\000"
 352      6D6D6F6E 
 352      2720272D 
 352      666C746F 
 352      2720272D 
 353              		.text
 354              		.comm	__gnu_lto_v1,1,1
 355              		.comm	__gnu_lto_slim,1,1
 356              		.ident	"GCC: (GNU Tools for ARM Embedded Processors) 4.9.3 20150529 (release) [ARM/embedded-4_9-br
ARM GAS  /var/folders/_f/jzb7lsz153bclt069nvlpp5r0000gn/T//ccKdTbcG.s 			page 28


DEFINED SYMBOLS
                            *ABS*:0000000000000000 stack.c
                            *COM*:0000000000000001 __gnu_lto_v1
                            *COM*:0000000000000001 __gnu_lto_slim

NO UNDEFINED SYMBOLS
