ARM GAS  /var/folders/_f/jzb7lsz153bclt069nvlpp5r0000gn/T//cc0Fl7q7.s 			page 1


   1              		.syntax unified
   2              		.cpu cortex-m4
   3              		.eabi_attribute 27, 1
   4              		.eabi_attribute 28, 1
   5              		.fpu fpv4-sp-d16
   6              		.eabi_attribute 20, 1
   7              		.eabi_attribute 21, 1
   8              		.eabi_attribute 23, 3
   9              		.eabi_attribute 24, 1
  10              		.eabi_attribute 25, 1
  11              		.eabi_attribute 26, 1
  12              		.eabi_attribute 30, 2
  13              		.eabi_attribute 34, 1
  14              		.eabi_attribute 18, 4
  15              		.thumb
  16              		.file	"button.c"
  17              		.text
  18              	.Ltext0:
  19              		.section	.gnu.lto_.profile.3ea68703c1fa9b7f,"",%progbits
  20 0000 789C6366 		.ascii	"x\234cf```a\200\000F\206h3\000\001`\000\232"
  20      60606061 
  20      80004686 
  20      68330001 
  20      60009A
  21              		.text
  22              		.section	.gnu.lto_.jmpfuncs.3ea68703c1fa9b7f,"",%progbits
  23 0000 789C6366 		.ascii	"x\234cf\300\016\202\2414;\0033###\210\005\246\230@\004"
  23      C00E82A1 
  23      343B0333 
  23      23232388 
  23      05A69840 
  24 0015 334888BD 		.ascii	"3H\210\275\276\276\236\005&\307\012\244\353\201\262"
  24      BEBE9E05 
  24      26C70AA4 
  24      EB81B2
  25 0024 20650C0D 		.ascii	" e\014\015\214\037\231\030\357?9\177\221\343\005\323"
  25      8C1F9918 
  25      EF3F397F 
  25      91E305D3 
  26 0034 4FB0D072 		.ascii	"O\260\320rF)\240,\033P3s}=\003\000S\014\013\236"
  26      4629A02C 
  26      1B503373 
  26      7D3D0300 
  26      530C0B9E 
  27              		.text
  28              		.section	.gnu.lto_.inline.3ea68703c1fa9b7f,"",%progbits
  29 0000 789C6366 		.ascii	"x\234cf\300\016\256Civ\006\006f&F\006& \223m\201<\210"
  29      C00EAE43 
  29      69760606 
  29      66264606 
  29      2620936D 
  30 0017 6260C410 		.ascii	"b`\304\020a\302\020af\020\344bda\312\370\310\304\270"
  30      61C21061 
  30      6610E462 
  30      6461CAF8 
  30      C8C4B8
  31 002a 6BD28919 		.ascii	"k\322\211\031l/\230~21\26200.g\224b`\312\004S s\030"
ARM GAS  /var/folders/_f/jzb7lsz153bclt069nvlpp5r0000gn/T//cc0Fl7q7.s 			page 2


  31      6C2F987E 
  31      3231B230 
  31      302E6794 
  31      6260CA04 
  32 0042 80DA4056 		.ascii	"\200\332@V@\3641\276`\027\200\220\014,\013\344\025\030"
  32      40F431BE 
  32      60178090 
  32      0C2C0BE4 
  32      1518
  33 0054 849AEC58 		.ascii	"\204\232\354X\030X\236\360\262\200\215d\301\260\204"
  33      18589EF0 
  33      B2808D64 
  33      C1B084
  34 0063 5542D60A 		.ascii	"UB\326\012(\"\375\343\022#\003\367\0127\210\343\270"
  34      2822FDE3 
  34      122303F7 
  34      0A3788E3 
  34      B8
  35 0074 60048708 		.ascii	"`\004\207\010\320a\023\374&\370\2611pq\002\225\261\337"
  35      D06113FC 
  35      26F8B131 
  35      70710295 
  35      B1DF
  36 0086 3063E0FD 		.ascii	"0c\340\375\021\012V\305\000\000PL\031\223"
  36      110A56C5 
  36      0000504C 
  36      1993
  37              		.text
  38              		.section	.gnu.lto_.pureconst.3ea68703c1fa9b7f,"",%progbits
  39 0000 789C6366 		.ascii	"x\234cf``\340g\200\000v\006\006F\006&\006f)\026\006"
  39      6060E067 
  39      80007606 
  39      06460626 
  39      06662916 
  40 0015 562B3629 		.ascii	"V+6)\000\004\034\000\235"
  40      00041C00 
  40      9D
  41              		.text
  42              		.section	.gnu.lto_ll_button_control.3ea68703c1fa9b7f,"",%progbits
  43 0000 789C6366 		.ascii	"x\234cf\300\004R@\034\311\310\300\340\012\244\031\231"
  43      C0045240 
  43      1CC9C8C0 
  43      E00AA419 
  43      99
  44 0011 19189926 		.ascii	"\031\030\231&\234c`h\344`bd\0041\030\030\031\352\231"
  44      9C636068 
  44      E4606264 
  44      04311818 
  44      19EA99
  45 0024 18EB195F 		.ascii	"\030\353\031_2}db\334\271\356\313Y\356\027L?\231\030"
  45      327D6462 
  45      DCB9EECB 
  45      59EE174C 
  45      3F9918
  46 0037 141880DC 		.ascii	"\024\030\200\334]\223N\314`\003q\031Y@\334\353\327f"
  46      5D934ECC 
  46      60037119 
ARM GAS  /var/folders/_f/jzb7lsz153bclt069nvlpp5r0000gn/T//cc0Fl7q7.s 			page 3


  46      5940DCEB 
  46      D766
  47 0049 5CE7545F 		.ascii	"\\\347T_\332\320\320\364\341\323\332S<\255\036?\231"
  47      DAD0D0F4 
  47      E1D3DA53 
  47      3CAD1E3F 
  47      99
  48 005a 98183E33 		.ascii	"\230\030>310.g\224b\\\301\010\262\207q%\243:P\345\325"
  48      31302E67 
  48      94625CC1 
  48      08B28771 
  48      25A33A50 
  49 0070 4D6F76F1 		.ascii	"Mov\3610\0331\202t-\2742\3552\233\352b\240\256\003\357"
  49      301B3182 
  49      742DBC32 
  49      ED329BEA 
  49      62A0AE03 
  50 0085 373538B0 		.ascii	"758\260\374dbf\\\305\310\214\254\017(\304\300\270\232"
  50      FC646266 
  50      5CC5C88C 
  50      AC0F28C4 
  50      C0B89A
  51 0098 5115A4FA 		.ascii	"Q\025\244\372z\337\012vfs\260\316)\227\2775qAt\366-"
  51      7ADF0A76 
  51      6673B0CE 
  51      2997BF35 
  51      714174F6 
  52 00ad 6603DAC6 		.ascii	"f\003\332\306\302\270\006]#\013\003\343Z\210\306+M\035"
  52      C2B8065D 
  52      230B03E3 
  52      5A88C62B 
  52      4D1D
  53 00bf ECCC3660 		.ascii	"\354\3146`\215WZ.\344C\364\255\005\353cb\\\207\256\017"
  53      8D575A2E 
  53      E443F4AD 
  53      05EB6362 
  53      5C87AE0F 
  54 00d3 C859CFA8 		.ascii	"\310Y\317\250\012R\374\261\345\357un\266\226\206\206"
  54      0A52FCB1 
  54      E5EF756E 
  54      B6968686 
  55 00e3 06019067 		.ascii	"\006\001\220g\200~\330\300\310\006\014.\206\365B\007"
  55      807ED8C0 
  55      C8060C2E 
  55      86F54207 
  56 00f3 1AFEFF5F 		.ascii	"\032\376\377_\374\344\340OV\240\360\023 \006\205\327"
  56      FCE4E04F 
  56      56A0F013 
  56      200685D7 
  57 0103 53A05620 		.ascii	"S\240V \315|\217\261\361\300w^\220Z\240\031\367\237"
  57      CD7C8FB1 
  57      F1C0775E 
  57      905AA019 
  57      F79F
  58 0115 9CBFC801 		.ascii	"\234\277\310\001\012(\240\"\306\215\340\220x\302\304"
  58      0A28A022 
  58      C68DE090 
ARM GAS  /var/folders/_f/jzb7lsz153bclt069nvlpp5r0000gn/T//cc0Fl7q7.s 			page 4


  58      78C2C4
  59 0124 08520714 		.ascii	"\010R\007\024\320\327\323\203\242\244\304\344\354\324"
  59      D0D7D383 
  59      A2A4C4E4 
  59      ECD4
  60 0132 BC14FD82 		.ascii	"\274\024\375\202\234\304\222\264\374\242\\\375\344\214"
  60      9CC492B4 
  60      FCA25CFD 
  60      E48C
  61 0140 CCA4CCFC 		.ascii	"\314\244\314\374b\375\342\242d\375\244\322\222\222\374"
  61      62FDE2A2 
  61      64FDA4D2 
  61      9292FC
  62 014f 3CBD6406 		.ascii	"<\275d\006\226\222\214\314b\226\224\304\222DN\020\021"
  62      96928CCC 
  62      629694C4 
  62      92444E10 
  62      11
  63 0160 5F9C5995 		.ascii	"_\234Y\225\012\000Q\223\220\264"
  63      0A005193 
  63      90B4
  64              		.text
  65              		.section	.gnu.lto_ll_button_data_available.3ea68703c1fa9b7f,"",%progbits
  66 0000 789C6366 		.ascii	"x\234cf\300\004R@\374\012\210\315\200\230\221\231\201"
  66      C0045240 
  66      FC0A88CD 
  66      80989199 
  66      81
  67 0011 9169C239 		.ascii	"\221i\3029\006\206F\016&FF\020\203\201\221\241\236\211"
  67      0686460E 
  67      26464610 
  67      838191A1 
  67      9E89
  68 0023 B19EF125 		.ascii	"\261\236\361%\323G&\306\235\353\276\234\345~\301\364"
  68      D34726C6 
  68      9DEBBE9C 
  68      E57EC1F4 
  69 0033 93894181 		.ascii	"\223\211A\201\001\310\3355\351\304\0146\020\227\221"
  69      01C8DD35 
  69      E9C40C36 
  69      109791
  70 0042 05C4BD7E 		.ascii	"\005\304\275~m\306uN\365\245\015\015M\037\036\255?\305"
  70      6DC6754E 
  70      F5A50D0D 
  70      4D1F1EAD 
  70      3FC5
  71 0054 D3EAF193 		.ascii	"\323\352\361\223\211\211\3413\023\003\343rF)\306\025"
  71      8989E133 
  71      1303E372 
  71      4629C615 
  72 0064 8C207B18 		.ascii	"\214 {\030W2\252\003U^\335\364f\027\017\263\021#H\327"
  72      5732AA03 
  72      555EDDF4 
  72      66170FB3 
  72      112348D7 
  73 0078 C22BD32E 		.ascii	"\302+\323.\263\251.\006\352:\360oS\203\003\313O&f\306"
  73      B3A92E06 
ARM GAS  /var/folders/_f/jzb7lsz153bclt069nvlpp5r0000gn/T//cc0Fl7q7.s 			page 5


  73      EA3AF06F 
  73      538303CB 
  73      4F2666C6 
  74 008c 558CCCC8 		.ascii	"U\214\314\310\372\200B\014\214\253\031UA\312?\266\374"
  74      FA80420C 
  74      8CAB1955 
  74      41CA3FB6 
  74      FC
  75 009d BDCECDD6 		.ascii	"\275\316\315\326\322\320\320 \0002\033h\344\032F6F "
  75      D2D0D020 
  75      00321B68 
  75      E41A4636 
  75      4620
  76 00af BD5EE840 		.ascii	"\275^\350@\303\377\377\213\217\035\234\314\306\010\024"
  76      C3FFFF8B 
  76      8F1D9CCC 
  76      C60814
  77 00be 7F02C420 		.ascii	"\177\002\304 \367?\005\272\001H3\337cl<0\361\030#H5"
  77      F73F05BA 
  77      014833DF 
  77      636C3C30 
  77      F1182348 
  78 00d3 D0948BB3 		.ascii	"\320\224\213\263\2265\363\203\\\316\304\310\300\270"
  78      9635F383 
  78      5CCEC4C8 
  78      C0B8
  79 00e1 16ECB427 		.ascii	"\026\354\264'@&P!P\233\276\236\036\024%%&g\247\346\245"
  79      40265021 
  79      509BBE9E 
  79      1E142525 
  79      2667A7E6 
  80 00f6 E817E424 		.ascii	"\350\027\344$\226\244\345\027\345\352'gd&e\346\027\353"
  80      96A4E517 
  80      E5EA2767 
  80      642665E6 
  80      17EB
  81 0108 171725EB 		.ascii	"\027\027%\353'\225\226\224\344\347\351%3\260\224dd\026"
  81      27959694 
  81      E4E7E925 
  81      33B09464 
  81      6416
  82 011a 030048AC 		.ascii	"\003\000H\254f\245"
  82      66A5
  83              		.text
  84              		.section	.gnu.lto_ll_button_data_writeable.3ea68703c1fa9b7f,"",%progbits
  85 0000 789C6366 		.ascii	"x\234cf\300\004R@\374\006\210\315\200\230\221\231\201"
  85      C0045240 
  85      FC0688CD 
  85      80989199 
  85      81
  86 0011 9169C239 		.ascii	"\221i\3029\006\206F\016&FF\020\203\201\221\241\236\211"
  86      0686460E 
  86      26464610 
  86      838191A1 
  86      9E89
  87 0023 B19EF125 		.ascii	"\261\236\361%\323G&\306\235\353\276\234\345~\301\364"
  87      D34726C6 
ARM GAS  /var/folders/_f/jzb7lsz153bclt069nvlpp5r0000gn/T//cc0Fl7q7.s 			page 6


  87      9DEBBE9C 
  87      E57EC1F4 
  88 0033 93894181 		.ascii	"\223\211A\201\001\310\3355\351\304\0146\020\227\221"
  88      01C8DD35 
  88      E9C40C36 
  88      109791
  89 0042 05C4BD7E 		.ascii	"\005\304\275~m\306uN\365\245\015\015M\0376m\\\3028s"
  89      6DC6754E 
  89      F5A50D0D 
  89      4D1F366D 
  89      5CC23873 
  90 0056 CA02A014 		.ascii	"\312\002\240\024\023\303g&\006\306\345\214R\214+\030"
  90      13C36726 
  90      06C6E58C 
  90      528C2B18 
  91 0066 413631AE 		.ascii	"A61\256dT\007\252\275\272\351\315.\036f#F\220\276\205"
  91      645407AA 
  91      BDBAE9CD 
  91      2E1E6623 
  91      4690BE85 
  92 007a 57A65D66 		.ascii	"W\246]fS]\014\324w\340\337\246\006\007\226\237L\314"
  92      535D0CD4 
  92      77E0DFA6 
  92      0607969F 
  92      4CCC
  93 008c 8CAB1899 		.ascii	"\214\253\030\231\221\365\001\205\030\030W3\252\202\224"
  93      91F50185 
  93      18185733 
  93      AA8294
  94 009b 7F6CF97B 		.ascii	"\177l\371{\235\233\255\245\241\241A\000d6\320\3105\214"
  94      9D9BADA5 
  94      A1A14100 
  94      6436D0C8 
  94      358C
  95 00ad 6C8C407A 		.ascii	"l\214@z\275\320\201\206\377\377\027\037;8\227\215\021"
  95      BDD08186 
  95      FFFF171F 
  95      3B38978D 
  95      11
  96 00be 28FE0488 		.ascii	"(\376\004\210A>x\012t\003\220f\276\307\330x`\3661F\220"
  96      413E780A 
  96      74039066 
  96      BEC7D878 
  96      60F63146 
  97 00d3 6AA029F7 		.ascii	"j\240)\367\237\234\277\310\361\002\354@\006\306\265"
  97      9F9CBFC8 
  97      F102EC40 
  97      06C6B5
  98 00e2 60A73D61 		.ascii	"`\247=ab\004)\004\012\350\353\351AQRbrvj^\212~ANbIZ"
  98      62042904 
  98      0AE8EBE9 
  98      41515262 
  98      72766A5E 
  99 00fd 7E51AE7E 		.ascii	"~Q\256~rFfRf~\261~qQ\262~RiII~\236^2\003KIFf1\000a\210"
  99      72466652 
  99      667EB17E 
  99      7151B27E 
ARM GAS  /var/folders/_f/jzb7lsz153bclt069nvlpp5r0000gn/T//cc0Fl7q7.s 			page 7


  99      52694949 
 100 011e 6825     		.ascii	"h%"
 101              		.text
 102              		.section	.gnu.lto_ll_button_read.3ea68703c1fa9b7f,"",%progbits
 103 0000 789C8D94 		.ascii	"x\234\215\224\373O\024W\024\307\357\271wv\3665+\213"
 103      FB4F1457 
 103      14C7EFB9 
 103      7776F635 
 103      2B8B
 104 0012 4AAAC644 		.ascii	"J\252\306D#!\232\030Xc\17701\376\320\237\032\375+\014"
 104      23219A18 
 104      58637F30 
 104      31FED09F 
 104      1AFD2B0C 
 105 0026 A046E203 		.ascii	"\240F\342\003\003\353/\376\342\260ll\023\2656\276\""
 105      03EB2FFE 
 105      E2B06C6C 
 105      13B536BE 
 105      22
 106 0037 556B115A 		.ascii	"Uk\021Z_\010\302\312kE\035\213\345!\253\270\272\210"
 106      5F08C2CA 
 106      6B451D8B 
 106      E521ABB8 
 106      BA88
 107 0049 7D44D142 		.ascii	"}D\321Bc\025\242\370\350:?X<\347\016nv\207H\330\354"
 107      6315A2F8 
 107      E83A3F58 
 107      3CE70E6E 
 107      768748D8 
 108 005e DE9D7BE6 		.ascii	"\336\235{\346|\357\371~\316\235;\202M\375|\211\277\012"
 108      7CEFF97E 
 108      CE9D3B82 
 108      4DFD7C89 
 108      BF0A
 109 0070 95B175F8 		.ascii	"\225\261u\370\017\016\006\374\373;\030pq.:\2260\335"
 109      0F0E06FC 
 109      FB3B1870 
 109      712E3A96 
 109      30DD
 110 0082 A3249633 		.ascii	"\243$\2263]\023\240Xa\005\200.\030\260\335\\(\260\033"
 110      5D13A058 
 110      6105802E 
 110      18B0DD5C 
 110      28B01B
 111 0095 FEE5E31C 		.ascii	"\376\345\343\034\332\353\337\336\366>\343&g\213\031"
 111      DAEBDFDE 
 111      F63EE326 
 111      678B19
 112 00a4 4EA3077B 		.ascii	"N\243\007{\216\2514\005\205\246\203\017\216\015\272"
 112      8EA93405 
 112      85A6830F 
 112      8E0DBA
 113 00b3 97FEACEB 		.ascii	"\227\376\254\353\241W\241H-T\035\376\011oq\366\2063"
 113      A157A148 
 113      2D541DFE 
 113      096F71F6 
 113      8633
ARM GAS  /var/folders/_f/jzb7lsz153bclt069nvlpp5r0000gn/T//cc0Fl7q7.s 			page 8


 114 00c5 38030BE0 		.ascii	"8\003\013\340,,\240\005\317\301R\314\035h\032\215jb"
 114      2C2CA005 
 114      CFC152CC 
 114      1D681A8D 
 114      6A62
 115 00d7 2590AE3A 		.ascii	"%\220\256:q\364\276\232W\203:c\264I\377J1\271\200\363"
 115      71F4BE9A 
 115      57833A63 
 115      B449FF4A 
 115      31B980F3 
 116 00eb 20D27518 		.ascii	" \322u\030bp\001\362({\360\273\263N\261J*\017\337\377"
 116      627001F2 
 116      287BF0BB 
 116      B34EB14A 
 116      2A0FDFFF 
 117 00ff 2FE4B194 		.ascii	"/\344\261\224{k\324\265&W\240\316.T\030\\\264\204\211"
 117      7B6BD4B5 
 117      2657A0CE 
 117      2E54185C 
 117      B48489
 118 0112 D0B74EB1 		.ascii	"\320\267N\261F\012\023\341\273\245\226\356\274\324q"
 118      460A13E1 
 118      BBA596EE 
 118      BCD471
 119 0121 A8B7EB70 		.ascii	"\250\267\353p\322\000y\224\374\343\263\277\332@|-\205"
 119      D2007994 
 119      FCE3B3BF 
 119      DA407C2D 
 119      85
 120 0132 6346B445 		.ascii	"cF\264E\313\255F\345P\325\337}\232\336\243\207\207&"
 120      CBAD46E5 
 120      50D5DF7D 
 120      9ADEA387 
 120      8726
 121 0144 261699DC 		.ascii	"&\026\231\334\001\2272W\260>\324\245\261\250\301\305"
 121      01973257 
 121      B03ED4A5 
 121      B1A8C1C5 
 122 0154 5A29EF8B 		.ascii	"Z)\357\213\264\276\362X\362\343\225\335ir\016M\237\221"
 122      B4BEF258 
 122      F2E395DD 
 122      69720E4D 
 122      9F91
 123 0166 8F873F0C 		.ascii	"\217\207?\014z\325\260\256\353~h\204\\\210@.\265\024"
 123      7AD5B0AE 
 123      EB7E6884 
 123      5C88402E 
 123      B514
 124 0178 3B791954 		.ascii	";y\031T`\214\177\2126\3146\364\211\211H,\336\272\242"
 124      608C7F8A 
 124      36CC36F4 
 124      8989482C 
 124      DEBAA2
 125 018b 3EF70B60 		.ascii	">\367\013`\024\303m\304\256\341nc\216\012\004\344D4"
 125      14C36DC4 
 125      AEE16E63 
 125      8E0A04E4 
ARM GAS  /var/folders/_f/jzb7lsz153bclt069nvlpp5r0000gn/T//cc0Fl7q7.s 			page 9


 125      4434
 126 019d D58583D3 		.ascii	"\325\205\203\323\015\324\030/\3155\032|\024\314\242"
 126      0DD4182F 
 126      CD351A7C 
 126      14CCA2
 127 01ac 2B3F0DD9 		.ascii	"+?\015\3314\235CWsi\310\241)c\303X\231\036\214\021\354"
 127      349D4357 
 127      7369C8A1 
 127      2963C358 
 127      991E8C11 
 128 01c1 0FFE8B3F 		.ascii	"\017\376\213? \3242\036\033w\220\231$w\240\337\307\303"
 128      20D4321E 
 128      1B779099 
 128      2477A0DF 
 128      C7C3
 129 01d3 FD71173D 		.ascii	"\375q\027=\024B\332o~\177j\314w\022\216W\350\272\261"
 129      1442DA6F 
 129      7E7F6ACC 
 129      77128E57 
 129      E8BAB1
 130 01e6 D5E4AE24 		.ascii	"\325\344\256$\356Q3\361\341\275\323/n>\235\225\277\334"
 130      EE5133F1 
 130      E1BDD32F 
 130      6E3E9D95 
 130      BFDC
 131 01f8 E46E6881 		.ascii	"\344nh\201\223\360\232\250\030\264B>{\000!}\275\004"
 131      93F09AA8 
 131      18B4423E 
 131      7B00217D 
 131      BD04
 132 020a 44E3B82E 		.ascii	"D\343\270.\005\214\326=\263d\010\271\322\353\240\012"
 132      058CD63D 
 132      B36408B9 
 132      D2EBA00A 
 133 021a DA70C501 		.ascii	"\332p\305\001\010?\254L\356S-+j\372\363\251\342C\320"
 133      083FAC4C 
 133      EE532D2B 
 133      6AFAF3A9 
 133      E243D0
 134 022d 3ED9D411 		.ascii	">\331\324\0214\326\261D\032o\354\257vZ\331\316\364\005"
 134      34D6B144 
 134      1A6FECAF 
 134      765AD9CE 
 134      F405
 135 023f 1D538C2F 		.ascii	"\035S\214/3\271\007]@t\322\370\211\267\207~\317\"\343"
 135      33B9075D 
 135      4074D2F8 
 135      89B7877E 
 135      CF22E3
 136 0252 5EB8228D 		.ascii	"^\270\"\215\203\265W\037\366\277\254\201\374\013\270"
 136      83B5571F 
 136      F6BFAC81 
 136      FC0BB8
 137 0261 57C66ADA 		.ascii	"W\306j\332\323\016\310\177\315\345^]E(,\371\360\233"
 137      D30EC87F 
 137      CDE55E5D 
 137      45282CF9 
ARM GAS  /var/folders/_f/jzb7lsz153bclt069nvlpp5r0000gn/T//cc0Fl7q7.s 			page 10


 137      F09B
 138 0273 51B02A62 		.ascii	"Q\260*b#\234\0249(\347\351\345\225)\345\347\233\\Kb"
 138      239C1439 
 138      28E7E9E5 
 138      9529E5E7 
 138      9B5C4B62 
 139 0287 93AE5179 		.ascii	"\223\256Qy\270\216\025Q\317d\353S\004\336\231[6\246"
 139      B88E1551 
 139      CF64EB53 
 139      04DE995B 
 139      36A6
 140 0299 B37C2365 		.ascii	"\263|#e\371Wi\271\362\321\236\230b\225\320\254*\265"
 140      F95769B9 
 140      F2D19E98 
 140      6295D0AC 
 140      2AB5
 141 02ab 478ED639 		.ascii	"G\216\3269\310\250\317\305\240\023\227\317\340\362a"
 141      C8A8CFC5 
 141      A01397CF 
 141      E0F261
 142 02ba 5E0657FC 		.ascii	"^\006W\374\207_*\263$\227<\001\303m/\257h6\256\233\222"
 142      875F2AB3 
 142      24973C01 
 142      C36D2FAF 
 142      6836AE9B 
 143 02cf EB37C9E5 		.ascii	"\3537\311\345\223\\\215\211O\\Y3\347\352\232\216\253"
 143      935C8D89 
 143      4F5C5933 
 143      E7EA9A8E 
 143      AB
 144 02e0 3BC5D563 		.ascii	";\305\325c\347\362[U\372\236\276\177\243I.?\203^;W6"
 144      E7F25B55 
 144      FA9EBE7F 
 144      A3492E3F 
 144      835E3B57 
 145 02f5 E66570F5 		.ascii	"\346ep\365\017u\036\220\351\012\247z\025\275m\367\334"
 145      0F751E90 
 145      E90AA77A 
 145      15BD6DF7 
 145      DC
 146 0306 36AE5B92 		.ascii	"6\256[\222\253Ore[\373\225\342\2323s\256\330t\\\267"
 146      AB4F7265 
 146      5BFB95E2 
 146      9A3373AE 
 146      D8745CB7 
 147 031a 535C77EC 		.ascii	"S\\w\354\\s\255*U\311X\227\334\000\337<\006\375v\256"
 147      5C73AD2A 
 147      55C95897 
 147      DC00DF3C 
 147      06FD76AE 
 148 032e 1CCCCBE0 		.ascii	"\034\314\313\340j8\365\356\177\220\\\202\352=i\177n"
 148      6A38F5EE 
 148      7F905C82 
 148      EA3D697F 
 148      6E
 149 033f 7A6C5C77 		.ascii	"zl\\w%W\\r\345\310\2439\320%\322\216fm\374q\\\310\243"
 149      25575C72 
ARM GAS  /var/folders/_f/jzb7lsz153bclt069nvlpp5r0000gn/T//cc0Fl7q7.s 			page 11


 149      E5C8A339 
 149      D025D28E 
 149      666DFC71 
 150 0356 89E7EE9E 		.ascii	"\211\347\356\236<w#xI\357\013L\366\3137S\022\201\036"
 150      3C772378 
 150      49EF0B4C 
 150      F6CB3753 
 150      12811E
 151 0369 4185F167 		.ascii	"A\205\361g\327\244\021\344\373\007\200N2\357\210\354"
 151      D7A411E4 
 151      FB07804E 
 151      32EF88EC 
 152 0379 2099A86B 		.ascii	" \231\250k^\210/\034 !\022\006\012\012&\277E\205\305"
 152      5E882F1C 
 152      20211206 
 152      0A0A26BF 
 152      4585C5
 153 038c 5B366EDF 		.ascii	"[6n\337\020\330\261\2650\270\251\264l[\240xsIQIiy\240"
 153      10D8B1B5 
 153      30B8A9B4 
 153      6C5BA078 
 153      73495149 
 154 03a3 BCAC3850 		.ascii	"\274\2548P\2643\030,\335^P\314\224\340\346\222reCa\260"
 154      B433182C 
 154      DD5E50CC 
 154      94E0E692 
 154      72654361 
 155 03b8 D04DC3FA 		.ascii	"\320M\303\372\362\222]\033\241\010\312>\002\312 Z\025"
 155      F2925D1B 
 155      A108CA3E 
 155      02CA205A 
 155      15
 156              		.text
 157              		.section	.gnu.lto_ll_button_write.3ea68703c1fa9b7f,"",%progbits
 158 0000 789C6366 		.ascii	"x\234cf\300\004R@\034\313\310\300\340\012\244\031\231"
 158      C0045240 
 158      1CCBC8C0 
 158      E00AA419 
 158      99
 159 0011 19189926 		.ascii	"\031\030\231&\234c`h\344`bd\0041\030\030\031\352\231"
 159      9C636068 
 159      E4606264 
 159      04311818 
 159      19EA99
 160 0024 18EB195F 		.ascii	"\030\353\031_2}db\334\271\356\313Y\356\027L?\231\030"
 160      327D6462 
 160      DCB9EECB 
 160      59EE174C 
 160      3F9918
 161 0037 141880DC 		.ascii	"\024\030\200\334]\223N\314`\003q\031Y@\334\353\327f"
 161      5D934ECC 
 161      60037119 
 161      5940DCEB 
 161      D766
 162 0049 5CE7545F 		.ascii	"\\\347T_\332\320\320\364\241i\373\022\306\231S\026\000"
 162      DAD0D0F4 
 162      A169FB12 
ARM GAS  /var/folders/_f/jzb7lsz153bclt069nvlpp5r0000gn/T//cc0Fl7q7.s 			page 12


 162      C6995316 
 162      00
 163 005a A598183E 		.ascii	"\245\230\030>310.g\224b\\\301\010\262\211q%\243:P\355"
 163      3331302E 
 163      6794625C 
 163      C108B289 
 163      7125A33A 
 164 0070 D54D6F76 		.ascii	"\325Mov\3610\0331\202\364-\2742\3552\233\352b\240\276"
 164      F1301B31 
 164      82F42DBC 
 164      32ED329B 
 164      EA62A0BE 
 165 0084 036F3735 		.ascii	"\003o758\260\374dbf\\\305\310\214\254\017(\304\300\270"
 165      38B0FC64 
 165      62665CC5 
 165      C88CAC0F 
 165      28C4C0B8 
 166 0098 9A5115A4 		.ascii	"\232Q\025\244\372z\337\012vfs\260\316)\227\2775qAt\366"
 166      FA7ADF0A 
 166      766673B0 
 166      CE2997BF 
 166      35714174 
 167 00ad 2C66F3F8 		.ascii	",f\363\370\311\304\302\270\006]#\013\003\343Z\210\306"
 167      C9C4C2B8 
 167      065D230B 
 167      03E35A88 
 167      C6
 168 00be 2B4D1DEC 		.ascii	"+M\035\354\3146`\215WZ.\344C\364\255\006\353cb\\\207"
 168      CC36608D 
 168      575A2EE4 
 168      43F4AD06 
 168      EB63625C 
 169 00d3 AE0FC859 		.ascii	"\256\017\310Y\317\250\012R\374\261\345\357un\266\226"
 169      CFA80A52 
 169      FCB1E5EF 
 169      756EB696 
 170 00e3 86860601 		.ascii	"\206\206\006\001\220g\200~\330\300\310\006\0140\206"
 170      9067807E 
 170      D8C0C806 
 170      0C3086
 171 00f2 F542071A 		.ascii	"\365B\007\032\376\377_|\377\340o6F\240\370\023 \006"
 171      FEFF5F7C 
 171      FFE06F36 
 171      46A0F813 
 171      2006
 172 0104 05D953A0 		.ascii	"\005\331S\240^ \315|\217\261\361\300\317c\214 \325@"
 172      5E20CD7C 
 172      8FB1F1C0 
 172      CF638C20 
 172      D540
 173 0116 53EE3F39 		.ascii	"S\356?9\177\221\343\0058D\030\0307\202\303\342\011\023"
 173      7F91E305 
 173      38441818 
 173      3782C3E2 
 173      0913
 174 0128 23482150 		.ascii	"#H!P@_O\017\212\222\022\223\263S\363R\364\013r\022K"
 174      405F4F0F 
ARM GAS  /var/folders/_f/jzb7lsz153bclt069nvlpp5r0000gn/T//cc0Fl7q7.s 			page 13


 174      8A921293 
 174      B353F352 
 174      F40B7212 
 175 013d D2F28B72 		.ascii	"\322\362\213r\365\22332\2232\363\213\365\213\213\222"
 175      F5933332 
 175      9332F38B 
 175      F58B8B92 
 176 014d F5934A4B 		.ascii	"\365\223JKJ\362\363\364\222\031XJ22\213YR\022K\0229"
 176      4AF2F3F4 
 176      9219584A 
 176      32328B59 
 176      52124B12 
 177 0162 41447C71 		.ascii	"AD|qfU*\000F!\221\330"
 177      66552A00 
 177      462191D8 
 178              		.text
 179              		.section	.gnu.lto_button_cb.3ea68703c1fa9b7f,"",%progbits
 180 0000 789C8D55 		.ascii	"x\234\215UoLSW\024\277\347\276\307k\241T\2209u\354\017"
 180      6F4C5357 
 180      14BFE7BE 
 180      C76BA154 
 180      903975EC 
 181 0015 24C43833 		.ascii	"$\30483\3419M0\373\260\270\205\017\213\311\330\214|"
 181      E1394D30 
 181      FBB0B885 
 181      0F8BC9D8 
 181      8C7C
 182 0027 5B9618A8 		.ascii	"[\226\030\250\235\022,5m]\364\203\361\025\3524a\032"
 182      9D122C35 
 182      6D5DF483 
 182      F115EA34 
 182      611A
 183 0039 879AA11B 		.ascii	"\207\232\241\033C\247\323m((**8\255\377\2001\304\177"
 183      43A7D36D 
 183      28282A2A 
 183      38ADFF80 
 183      31C47F
 184 004c 0C411814 		.ascii	"\014A\030\024\006\013Kd\003q@\307\\w\316}\305\225\202"
 184      060B4B64 
 184      037140C7 
 184      5C77CE7D 
 184      C59582
 185 005f 86A6BD7D 		.ascii	"\206\246\275}\367\334\363\373\235s~\367\336\363$6\371"
 185      F7DCF3FB 
 185      9D737EF7 
 185      DEF32436 
 185      F9
 186 0070 138FBF1C 		.ascii	"\023\217\277\034#c\013\2001\220\030\360]\215\214\271"
 186      23630B80 
 186      319018F0 
 186      5D8D8CB9 
 187 0080 8D1C801E 		.ascii	"\215\034\200\036\030\260-\034\266\300\357|\220\303."
 187      18B02D1C 
 187      B6C0EF7C 
 187      90C32E
 188 008f 6F699169 		.ascii	"oi\221i\3767\232\246\015t\327\272Wx\301\317\031\033"
 188      FE379AA6 
ARM GAS  /var/folders/_f/jzb7lsz153bclt069nvlpp5r0000gn/T//cc0Fl7q7.s 			page 14


 188      0D74D7BA 
 188      5778C1CF 
 188      191B
 189 00a1 E23A0F1C 		.ascii	"\342:\017\034\205\371\350\343\331\261\347=i10|<_\366"
 189      85F9E8E3 
 189      D9B1E73D 
 189      6931307C 
 189      3C5FF6
 190 00b4 E886A98F 		.ascii	"\350\206\251\217\3739$\322\264\252\260\256H\241)\227"
 190      FB3924D2 
 190      B4AAB0AE 
 190      48A12997 
 191 00c4 69AA75B7 		.ascii	"i\252u\267\3555\315;\244iy\336\262\012\355-\331\317"
 191      ED35CD3B 
 191      A46979DE 
 191      B20AED2D 
 191      D9CF
 192 00d6 25F81624 		.ascii	"%\370\026$\244\203\357 \036\276\207x\206&\006\2450\217"
 192      A483EF20 
 192      1EBE8778 
 192      862606A5 
 192      308F
 193 00e8 DC876BCF 		.ascii	"\334\207k\317\326\311R\252 n.\370\363\352\214\244\203"
 193      D6C952AA 
 193      206E2EF8 
 193      F3EA8CA4 
 193      83
 194 00f9 08F5D5FF 		.ascii	"\010\365\325\377\275\332\3539\240\375\033\010`22\034"
 194      BDDAEB39 
 194      A0FD1B08 
 194      6032321C 
 195 0109 9B48A07F 		.ascii	"\233H\240\177(\253\303\303\217e\351M\201.\0379\177!"
 195      28ABC3C3 
 195      8F65E94D 
 195      812E1F39 
 195      7F21
 196 011b 886E38F1 		.ascii	"\210n8\361\241\327=\216\216\2002\035\2750\036\026\204"
 196      A1D73D8E 
 196      8E80321D 
 196      BD301E16 
 196      84
 197 012c 608FF6F5 		.ascii	"`\217\366\365\237\223\2444\201m((\331\307EI^1\3377\322"
 197      9F93A434 
 197      816D2828 
 197      D9C74549 
 197      5E31DF37 
 198 0141 5013236A 		.ascii	"P\023#j\232K\323\177\002\356\355\006\242\326|-U\262"
 198      9A4BD37F 
 198      02EEED06 
 198      A2D67C2D 
 198      55B2
 199 0153 B748F3F8 		.ascii	"\267H\363\370\002\201\004?W\340\204N}\022\023\253\010"
 199      0281043F 
 199      57E0844E 
 199      7D1213AB 
 199      08
 200 0164 4D6CD0F3 		.ascii	"Ml\320\363\370\236I\361 \"\026\216C\022\224\343\357"
ARM GAS  /var/folders/_f/jzb7lsz153bclt069nvlpp5r0000gn/T//cc0Fl7q7.s 			page 15


 200      F89E49F1 
 200      2022168E 
 200      431294E3 
 200      EF
 201 0175 1424E9AA 		.ascii	"\024$\351\252\302iPpW\370\270\265<\316\253\005\002\247"
 201      C2695070 
 201      57F8B8B5 
 201      3CCEAB05 
 201      02A7
 202 0187 4AAA47E3 		.ascii	"J\252G\343a\256\004$\215\214\"\031\"p0*8D\032p\2102"
 202      61AE0424 
 202      8D8C2219 
 202      2270302A 
 202      38441A70 
 203 019d D2349286 		.ascii	"\3224\222\206(FP\023=\232i\230\211\203)\016\207h\306"
 203      28465013 
 203      3D9A6998 
 203      8983290E 
 203      8768C6
 204 01b0 7A3002ED 		.ascii	"z0\002\355p/\347\364/5C^,eT\252\325]\216\226\336\021"
 204      702FE7F4 
 204      2F35435E 
 204      2C6554AA 
 204      D55D8E96 
 205 01c6 E535EDF5 		.ascii	"\3455\355\365\177\246\010\251\006J\016\225\233\253+"
 205      7FA608A9 
 205      064A0E95 
 205      9BAB2B
 206 01d5 3421F6B2 		.ascii	"4!\366\262\200\344\347f83\225\330P\011I\210\354\332"
 206      80E4E766 
 206      383395D8 
 206      50094988 
 206      ECDA
 207 01e7 F1D72920 		.ascii	"\361\327) a\314\211\014\316\342j\033\344u_\252\377c"
 207      61CC890C 
 207      CEE26A1B 
 207      E4755FAA 
 207      FF63
 208 01f9 E9849A7D 		.ascii	"\351\204\232}\2368Q\344\020\20701\030\234\003%L!\337"
 208      9E3851E4 
 208      10873031 
 208      189C0325 
 208      4C21DF
 209 020c 6863A3C2 		.ascii	"hc\243\302\340<\371\363\260\245\213\237\324\276\310"
 209      E03CF9F3 
 209      B0A58B9F 
 209      D4BEC8
 210 021b A08A96A4 		.ascii	"\240\212\226\244\211K\336\3759\224\023\203jZ\224'\305"
 210      894BDEFD 
 210      39941383 
 210      6A5A9427 
 210      C5
 211 022c B94071E0 		.ascii	"\271@q\340\007R\032\330N:\346\235\017FwK\011%\274X+"
 211      07521AD8 
 211      4E3AE69D 
 211      0F46774B 
 211      0925BC58 
ARM GAS  /var/folders/_f/jzb7lsz153bclt069nvlpp5r0000gn/T//cc0Fl7q7.s 			page 16


 212 0241 4AF4F319 		.ascii	"J\364\363\031\204\330\3336\346\216\222Q1\270\010\011"
 212      84D8DB36 
 212      E68E9251 
 212      31B80809 
 213 0251 22ADFD5B 		.ascii	"\"\255\375[?\337\027\215\026\270\004\262(\220\341\221"
 213      3FDF178D 
 213      16B804B2 
 213      2890E191 
 214 0261 9071A17E 		.ascii	"\220q\241~\333\201a9\341\353 :\206|o=\250\251\212\024"
 214      DB816139 
 214      E1EB203A 
 214      867C6F3D 
 214      A8A98A14 
 215 0275 E8CB8486 		.ascii	"\350\313\204\206+ \263v\310\307zn*T\016\371|uwg\031"
 215      2B20B376 
 215      C8C77A6E 
 215      2A540EF9 
 215      7C757767 
 216 028a DF3CA66D 		.ascii	"\337<\246m\327\214~\036;\204\247\221\004\200\253\260"
 216      D78C7E1E 
 216      3B84A791 
 216      0480ABB0 
 217 029a 19B76B26 		.ascii	"\031\267k&\303\335\361]\277\363\2128\021xNF\260\312"
 217      C3DDF15D 
 217      BFF38A38 
 217      11784E46 
 217      B0CA
 218 02ac FB905779 		.ascii	"\373\220Wy\362\310\253d\032\341\024\271\263\347\346"
 218      F2C8AB64 
 218      1AE114B9 
 218      B3E7E6
 219 02bb 6D23692E 		.ascii	"m#i.\213\014\317\214\226\364\233\213\341\013<\332q\350"
 219      8B0CCF8C 
 219      96F49B8B 
 219      E10B3CDA 
 219      71E8
 220 02cd 0FD72849 		.ascii	"\017\327(I\264\177\371hwkL\362kxn\340:\024\303Cq\177"
 220      B47FF968 
 220      776B4CF2 
 220      6B786EE0 
 220      3A14C343 
 221 02e3 A1069291 		.ascii	"\241\006\222\221\361J%\350|\021\241|\206p\276\3470 "
 221      F14A25E8 
 221      7C11A17C 
 221      8670BEE7 
 221      3020
 222 02f5 D406F97A 		.ascii	"\324\006\371z\032\012*\215\311\245\232\007\027fA\235"
 222      1A0A2A8D 
 222      C9A59A07 
 222      1766419D 
 223 0305 A004A2FC 		.ascii	"\240\004\242\374QP\346\215S*\323\311\351y\250\027\004"
 223      5150E68D 
 223      532AD3C9 
 223      E979A817 
 223      04
 224 0316 E2F8FFA4 		.ascii	"\342\370\377\244\023t\030t\002\003r\340<\277C\321\347"
 224      13741874 
ARM GAS  /var/folders/_f/jzb7lsz153bclt069nvlpp5r0000gn/T//cc0Fl7q7.s 			page 17


 224      020372E0 
 224      3CBF43D1 
 224      E7
 225 0327 464C13AD 		.ascii	"FL\023\255d\032\015\232\"\321\212t\265\305}\0252en\304"
 225      641A0D9A 
 225      22D18A74 
 225      B5C57D15 
 225      32656EC4 
 226 033b 4D6DC018 		.ascii	"Mm\300\030\350R\261\355Z0\221(\364C'\367\221\352O\015"
 226      E852B1ED 
 226      5A309128 
 226      F44327F7 
 226      91EA4F0D 
 227 034f C20943DD 		.ascii	"\302\011C\335@\247f\340B\337r\3227JD\3366\274'B\007"
 227      40A766E0 
 227      42DF72D2 
 227      374A44DE 
 227      36BC2742 
 228 0364 9982A642 		.ascii	"\231\202\246BA\022R\212\033\217\330\013O+\307\014\215"
 228      4112528A 
 228      1B8FD80B 
 228      4F2BC70C 
 228      8D
 229 0375 A21C89CA 		.ascii	"\242\034\211\312\271\011\311\310#$\031<\366\206Nk\236"
 229      B909C9C8 
 229      2324193C 
 229      F6864E6B 
 229      9E
 230 0386 8E2866B8 		.ascii	"\216(f\270%Xdb\271\255\213R\3305+\230\310\256\202\374"
 230      25586462 
 230      B9AD8B52 
 230      D8352B98 
 230      C8AE82FC 
 231 039a 3140FD31 		.ascii	"1@\3751\017\205|\261Q<\344\021\344z\207\002\232\311"
 231      0F857CB1 
 231      513CE411 
 231      E47A8702 
 231      9AC9
 232 03ac 7BE0C4F1 		.ascii	"{\340\304\361\005S\272\317\326\335\025r\277\013\311"
 232      0553BACF 
 232      D6DD1572 
 232      BF0BC9
 233 03bb A1BB3E1B 		.ascii	"\241\273>\033MMB\273\274\302\301\343/=+\232\201\340"
 233      4D4D42BB 
 233      BCC2C1E3 
 233      2F3D2B9A 
 233      81E0
 234 03cd 3F879457 		.ascii	"?\207\224W\366\262^\336\314\351\224g\202fQ\236\221X"
 234      F6B25EDE 
 234      CCE99467 
 234      8266519E 
 234      9158
 235 03df EE050FCD 		.ascii	"\356\005\017\315\3019:C\\hJ\246\360\2038\007C@K8a4\264"
 235      C1393A43 
 235      5C684AA6 
 235      F0833807 
 235      43404B38 
ARM GAS  /var/folders/_f/jzb7lsz153bclt069nvlpp5r0000gn/T//cc0Fl7q7.s 			page 18


 236 03f6 0AC24822 		.ascii	"\012\302H\"\274\217\204\355\260U\213!>\206\204\2140"
 236      BC8F84ED 
 236      B0558B21 
 236      3E86848C 
 236      30
 237 0407 98B61F7B 		.ascii	"\230\266\037{6\335B\177cO\352\304fr->\330\225\224I\335"
 237      36DD427F 
 237      634FEAC4 
 237      66722D3E 
 237      D8959449 
 238 041c A24D748B 		.ascii	"\242Mt\213\366\251\357\254A,\303/\377\337\331\330I]"
 238      F6A9EFAC 
 238      412CC32F 
 238      FFDFD9D8 
 238      495D
 239 042e B47A7A5D 		.ascii	"\264zz]\264Ct\321'\205\233\321\324\371\324.:\332\330"
 239      B44374D1 
 239      27859BD1 
 239      D4F9D42E 
 239      3ADAD8
 240 0441 AB88A486 		.ascii	"\253\210\244\206P\303\260\276X\323\204}\321GK\221a}"
 240      50C3B0BE 
 240      58D3847D 
 240      D1474B91 
 240      617D
 241 0453 712087A2 		.ascii	"q \207\2420\350\232\272/v\213J\177\015\351\213\207\373"
 241      30E89ABA 
 241      2F768B4A 
 241      7F0DE98B 
 241      87FB
 242 0465 7D55CA78 		.ascii	"}U\312x\313\353\024-\257G\264\274\360\376\326\213\375"
 242      CBEB142D 
 242      AF47B4BC 
 242      F0FED68B 
 242      FD
 243 0476 0D7B498B 		.ascii	"\015{I\213\270:$5\275\356/\267\216(\251\247\265\355"
 243      B83A2435 
 243      BDEE2FB7 
 243      8E28A9A7 
 243      B5ED
 244 0488 B86B98EC 		.ascii	"\270k\230\354o\220\312:\300\355\353\375@l\013\243\367"
 244      6F90CA3A 
 244      C0EDEBFD 
 244      406C0BA3 
 244      F7
 245 0499 11D07B08 		.ascii	"\021\320{\010Y\324\224\224\3407+\323\222c\315]\255\256"
 245      59D49494 
 245      E0372BD3 
 245      9263CD5D 
 245      ADAE
 246 04ab 5F97E9FA 		.ascii	"_\227\351\372\310\356\260\251\226\265\331Y\331v\247"
 246      C8EEB0A9 
 246      96B5D959 
 246      D976A7
 247 04ba EA7458D4 		.ascii	"\352tX\324\254\015.\227=7\305\302\244L\307\032E\237"
 247      AC0D2E97 
 247      3D37C5C2 
ARM GAS  /var/folders/_f/jzb7lsz153bclt069nvlpp5r0000gn/T//cc0Fl7q7.s 			page 19


 247      A44CC71A 
 247      459F
 248 04cc 45385D99 		.ascii	"E8]\231.\253ds\2561de:\255+\034\331\313\236\220\341"
 248      2EAB6473 
 248      AE316465 
 248      3AAD2B1C 
 248      D9CB9E90 
 249 04e1 378DE0EF 		.ascii	"7\215\340\357g\254Z\274(eI\312\022\025\211,v\233\315"
 249      67AC5ABC 
 249      286549CA 
 249      1215892C 
 249      769BCD
 250 04f4 9EABAEB7 		.ascii	"\236\253\256\267;\\N\365\355\225\351i\351\0331\210\305"
 250      3B5C4EF5 
 250      ED95E969 
 250      E91B3188 
 250      C5
 251 0505 EEB0AEFA 		.ascii	"\356\260\256\372x\251-e-{wZx\353F\027\241\325\264\364"
 251      78A92D65 
 251      2D7B775A 
 251      78EB4617 
 251      A1D5B4F4 
 252 0519 8CE5196A 		.ascii	"\214\345\031j\032\302\325\345\271\226u\033V[U\213\315"
 252      1AC2D5E5 
 252      B996751B 
 252      565B558B 
 252      CD
 253 052a 99ED5CB5 		.ascii	"\231\355\\\265\306bA\262\327\237M\346p\251\331\343\250"
 253      C66241B2 
 253      D79F4DE6 
 253      70A9D9E3 
 253      A8
 254 053b B5CE4D4E 		.ascii	"\265\316MND\304\246g\254L\244R\326;\262\027&\316[\304"
 254      44C4A667 
 254      AC4CA452 
 254      D63BB217 
 254      26CE5BC4 
 255 054f B883196C 		.ascii	"\270\203\031lV\233\335\261\211\375\007\250\323C\036"
 255      569BDDB1 
 255      89FD07A8 
 255      D3431E
 256              		.text
 257              		.section	.gnu.lto_ll_button_init.3ea68703c1fa9b7f,"",%progbits
 258 0000 789C95D2 		.ascii	"x\234\225\322\317k\023A\024\007\360\371\316n\266\201"
 258      CF6B1341 
 258      1407F0F9 
 258      CE6EB681 
 259 0010 602B9E24 		.ascii	"`+\236$^\274\204\"\232,x\020\364\242G\377\004\361 4"
 259      5EBC8422 
 259      9A2C7810 
 259      F4A247FF 
 259      04F12034 
 260 0024 A9623136 		.ascii	"\251b16\222F\017b\351\246\215\324\223\210B\021M\024"
 260      92460F62 
 260      E9A68DD4 
 260      93884211 
 260      4D14
ARM GAS  /var/folders/_f/jzb7lsz153bclt069nvlpp5r0000gn/T//cc0Fl7q7.s 			page 20


 261 0036 2CFEACA6 		.ascii	",\376\254\246\332\032kj\325\215\006#R\225\322\203U\244"
 261      DA1A6B6A 
 261      D58D0623 
 261      5295D283 
 261      55A4
 262 0048 82A6A288 		.ascii	"\202\246\242\210\2324\2455\024[\337\2334 \021\204,\273"
 262      9A34A535 
 262      145BDF9B 
 262      34201184 
 262      2CBB
 263 005a CCCEEE7B 		.ascii	"\314\316\356{\237\367fv5\361\357\341\246kL\023b\033"
 263      9FF76676 
 263      35F1EFE1 
 263      A66B4C13 
 263      621B
 264 006c 8DD004E4 		.ascii	"\215\320\004\344\251WBD\235\022\340\033\001\321%\321"
 264      A9574244 
 264      9D12E01B 
 264      01D125D1 
 265 007c 85AFB228 		.ascii	"\205\257\262(1\236^\232D\363e\313\352.\314\216L\271"
 265      319E5E9A 
 265      44F365CB 
 265      EA2ECC8E 
 265      4CB9
 266 008e 8EAF2D4B 		.ascii	"\216\257-K!JR`\223\033\033\330\301U4S\334@\377\324\264"
 266      214A5260 
 266      931B1BD8 
 266      C1553453 
 266      DC40FFD4 
 267 00a3 4BDB0C41 		.ascii	"K\333\014A\367\351\344\334K\327\027Y\226X\317\323\321"
 267      F7E9E4DC 
 267      4BD71759 
 267      9658CFD3 
 267      D1
 268 00b4 D3CFCF1A 		.ascii	"\323\317\317\032<\225:O{\213?c\360\364\223h\277\030"
 268      3C953A4F 
 268      7B8B3F63 
 268      F0F49368 
 268      BF18
 269 00c6 B276E865 		.ascii	"\262v\350e\251\341\03246\257\303\215\033p\013z$0\000"
 269      A9E11A34 
 269      36AFC38D 
 269      1B700B7A 
 269      243000
 270 00d9 0F45BFCF 		.ascii	"\017E\277\317\225\372\032\265-\312\315\215\307\326U"
 270      95FA1AB5 
 270      2DCACD8D 
 270      C7D655
 271 00e8 12172B89 		.ascii	"\022\027+\211:n\326&\352\002\267\340\341\350b\354\367"
 271      3A6ED626 
 271      EA02B7E0 
 271      E1E862EC 
 271      F7
 272 00f9 1B9711B3 		.ascii	"\033\227\021\263,k57L\235&a\200\306\3015\266\265\274"
 272      2C6B3537 
 272      4C9D2661 
 272      80C6C135 
ARM GAS  /var/folders/_f/jzb7lsz153bclt069nvlpp5r0000gn/T//cc0Fl7q7.s 			page 21


 272      B6B5BC
 273 010c FC299B49 		.ascii	"\374)\233I5\300Ek\246B\032T\226\310S\034o\301\214\224"
 273      35C0456B 
 273      A6421A54 
 273      96C8531C 
 273      6FC18C94 
 274 0120 3C6AEFD0 		.ascii	"<j\357\320\335W\314g\034\234J\344\207\374\353\011'\257"
 274      DD57CC67 
 274      1C9C4AE4 
 274      87FCEB09 
 274      27AF
 275 0132 84F68EA6 		.ascii	"\204\366\216\246\251_\027\277\257J\340|\324\262l\243"
 275      A95F17BF 
 275      AF4AE07C 
 275      D4B26CA3 
 276 0142 2C1D0B52 		.ascii	",\035\013Rb\220\272\340w\227\276e?6z7\226\245\201\333"
 276      6290BAE0 
 276      7797BE65 
 276      3F367A37 
 276      96A581DB 
 277 0156 4860961B 		.ascii	"H`\226\033\020\270\003\357\002%\023[(\314\024\253\354"
 277      10B803EF 
 277      0225135B 
 277      28CC14AB 
 277      EC
 278 0167 FF9CF8DC 		.ascii	"\377\234\370\334\231\267M\354\010\014)\207W\200ax\377"
 278      99B74DEC 
 278      080C2987 
 278      57806178 
 278      FF
 279 0178 6E871FDD 		.ascii	"n\207\037\335\245\004r\347{?\307\367\324\3436 \245\\"
 279      A50472E7 
 279      7B3FC7F7 
 279      D4E33620 
 279      A55C
 280 018a 85DC53EE 		.ascii	"\205\334S\356\205\311\223I\331\271h\235\260\354\255"
 280      85C99349 
 280      D9B9689D 
 280      B0ECAD
 281 0199 1450E29A 		.ascii	"\024P\342\232\030Ag\305\377\021\337U\237\177_\371\032"
 281      184167C5 
 281      FF11DF55 
 281      9F7F5FF9 
 281      1A
 282 01aa FBE95ADF 		.ascii	"\373\351Z\337\247|\252\215\321\252?\037\337]\237\377"
 282      A77CAA8D 
 282      D1AA3F1F 
 282      DF5D9FFF 
 283 01ba 40F93AFB 		.ascii	"@\371:\373c\265\276\251|\252\215\207U\177)~\264\036"
 283      63B5BEA9 
 283      7CAA8D87 
 283      557F297E 
 283      B41E
 284 01cc DF8947CA 		.ascii	"\337\211G\312w\260\377\270\326\337N\001%\256\015\273"
 284      77B0FFB8 
 284      D6DF4E01 
 284      25AE0DBB 
ARM GAS  /var/folders/_f/jzb7lsz153bclt069nvlpp5r0000gn/T//cc0Fl7q7.s 			page 22


 285 01dc EA3F4B1C 		.ascii	"\352?K\034\253\317\317(\337`\377I\255\277S\371T\033"
 285      ABCFCF28 
 285      DF60FF49 
 285      ADBF53F9 
 285      541B
 286 01ee 4FC99F46 		.ascii	"O\311\237F\324\036\316a\205\2378w\245\247I}~\010d\331"
 286      D41ECE61 
 286      859F3877 
 286      A5A7497D 
 286      7E0864D9 
 287 0202 A5FF17FC 		.ascii	"\245\377\027\374\337\322~\232>\337\312\351o\011\034"
 287      DFD27E9A 
 287      3EDFCAE9 
 287      6F091C
 288 0211 D8DBDE6A 		.ascii	"\330\333\336j\036\012\266D\366\205\302\007\315\300\376"
 288      1E0AB644 
 288      F685C207 
 288      CDC0FE
 289 0220 367F5BA8 		.ascii	"6\177[\250\303\354\010\007L\377\341H$\324\356\013\010"
 289      C3EC0807 
 289      4CFFE148 
 289      24D4EE0B 
 289      08
 290 0231 2D186CD5 		.ascii	"-\030l\325\375\255\341#\177\000\324\201l\216"
 290      FDADE123 
 290      7F00D481 
 290      6C8E
 291              		.text
 292              		.section	.gnu.lto_.symbol_nodes.3ea68703c1fa9b7f,"",%progbits
 293 0000 789C55C8 		.ascii	"x\234U\310\315\011\302@\000D\341\267\263Y\263\007{\260"
 293      CD09C240 
 293      0044E1B7 
 293      B359B307 
 293      7BB0
 294 0012 D4C951F0 		.ascii	"\324\311Q\360\222\002Dr\264\000\261\002\317\326 \030"
 294      92024472 
 294      B400B102 
 294      CFD62018 
 295 0022 7FA2D620 		.ascii	"\177\242\326 \006T\310\316ex_\004\366\374\246^\206\366"
 295      0654C8CE 
 295      65785F04 
 295      F6FCA65E 
 295      86F6
 296 0034 0836EBED 		.ascii	"\0106\353\355r\216.r(\345*\253\224\233\034K\271\313"
 296      728E2E72 
 296      28E52AAB 
 296      949B1C4B 
 296      B9CB
 297 0046 55296739 		.ascii	"U)g9\375e\323e4\310\263)\204\247\\\177\201\246\031\373"
 297      FD65D365 
 297      34C8B329 
 297      84A75C7F 
 297      81A619FB 
 298 005a 21E749C7 		.ascii	"!\347I\307\224\351O\357\020S\315a\365ZT\211\335x\360"
 298      94E94FEF 
 298      1053CD61 
 298      F55A5489 
ARM GAS  /var/folders/_f/jzb7lsz153bclt069nvlpp5r0000gn/T//cc0Fl7q7.s 			page 23


 298      DD78F0
 299 006d 014BA237 		.ascii	"\001K\24277"
 299      37
 300              		.text
 301              		.section	.gnu.lto_.refs.3ea68703c1fa9b7f,"",%progbits
 302 0000 789C6366 		.ascii	"x\234cf``\020b\200\000V6&\006f&f\026&\026V&F6&&v\006"
 302      60601062 
 302      80005636 
 302      26066626 
 302      66162616 
 303 001c 00046E00 		.ascii	"\000\004n\000N"
 303      4E
 304              		.text
 305              		.section	.gnu.lto_.decls.3ea68703c1fa9b7f,"",%progbits
 306 0000 789CAD5A 		.ascii	"x\234\255Z{PSY\232\317\311\311\203\304\000\335\255\323"
 306      7B505359 
 306      9ACFC9C9 
 306      83C400DD 
 306      ADD3
 307 0012 ED5ABB55 		.ascii	"\355Z\273U6\273K\271[\323\306\321\236\231\356\177vz"
 307      36BB4BB9 
 307      5BD3C6D1 
 307      9E99EE7F 
 307      767A
 308 0024 DAEE19ED 		.ascii	"\332\356\031\355\261WW\273kkkf+\023 *3@\350$\332\355"
 308      B15757BB 
 308      6B6B6B66 
 308      2B13202A 
 308      3340E824 
 309 003a FEB317F1 		.ascii	"\376\263\027\361\011>h|\200\264\217(\240 \240A|\240"
 309      093E687C 
 309      80B48F28 
 309      A020A041 
 309      7CA0
 310 004c 22C407C8 		.ascii	"\"\304\007\310C@\005EA0\202\200\200@\360\011\310c\277"
 310      43400545 
 310      41308280 
 310      8040F009 
 310      C863BF
 311 005f 73CEBDB9 		.ascii	"s\316\275\2717!\330\355\324\246\374\314\375\316\375"
 311      3721D8ED 
 311      D4A6FCCC 
 311      FDCEFD
 312 006e CEEF7B9F 		.ascii	"\316\357{\237s\356\015X&\223\335\223\313d\343\360q\317"
 312      73EE0D58 
 312      2693DD93 
 312      CB64E3F0 
 312      71CF
 313 0080 92C9FE59 		.ascii	"\222\311\376Y#\223\005\300\330\022 \030\226\025\000"
 313      239305C0 
 313      D8122018 
 313      961500
 314 008f BD2F631F 		.ascii	"\275/c\037\270%\033\000z\012\364\034\350%\320\020\320"
 314      B8251B00 
 314      7A0AF41C 
 314      E825D010 
 314      D0
ARM GAS  /var/folders/_f/jzb7lsz153bclt069nvlpp5r0000gn/T//cc0Fl7q7.s 			page 24


 315 00a0 28500592 		.ascii	"(P\005\222\311\256\001\325 \331\204\017\231\243\004"
 315      C9AE01D5 
 315      20D9840F 
 315      99A304
 316 00af 0A02D201 		.ascii	"\012\002\322\001]\000r\021\275\374}\304\313\370~\210"
 316      5D007211 
 316      BDFC7DC4 
 316      CBF87E88 
 317 00bf 1E859F79 		.ascii	"\036\205\237y\302\234\247~\346<\377\2219\317\375\314"
 317      C29CA77E 
 317      E63CFF91 
 317      39CFFDCC 
 318 00cf 79C9CBFB 		.ascii	"y\311\313\373\263\357\012b\376\277\013\324\016\264\030"
 318      B3EF0A62 
 318      FEBF0BD4 
 318      0EB418
 319 00de E8328C15 		.ascii	"\3502\214\025\0015\300\365\027@\030\250\023\250\004"
 319      0135C0F5 
 319      174018A8 
 319      13A804
 320 00ed C64E21A6 		.ascii	"\306N!\246\347\245\037=C?!\016C~\346\221\370\376\235"
 320      E7A51F3D 
 320      433F210E 
 320      437EE691 
 320      F8FE9D
 321 0100 8CE54498 		.ascii	"\214\345D\230K\354\250\205\011\245\360\235\011\337\037"
 321      4BECA885 
 321      09A5F09D 
 321      09DF1F
 322 010f F376CEE4 		.ascii	"\363v\316\344m*\000\376\030b:n\303w\023\320=\240J\336"
 322      6D2A00FE 
 322      18623A6E 
 322      C37713D0 
 322      3DA04ADE 
 323 0123 F68F8034 		.ascii	"\366\217\2004@3\020\313q>|\347\002i\341\372\034|\177"
 323      403310CB 
 323      713E7CE7 
 323      0269E1FA 
 323      1C7C7F
 324 0136 00749AF7 		.ascii	"\000t\232\367\347,\320\001\240C@v\2403@Y\274,\261\255"
 324      E72CD001 
 324      A0434076 
 324      A0334059 
 324      BC2CB1AD 
 325 014a 05AE5B81 		.ascii	"\005\256[\201\332\201\272\371\032x\314\327C?\320\023"
 325      DA81BAF9 
 325      1A78CCD7 
 325      433FD013 
 326 015a 3F3541EA 		.ascii	"?5A\352\205\324S\251\304'\204X\274\307y\377\272\200"
 326      85D453A9 
 326      C4278458 
 326      BCC779FF 
 326      BA80
 327 016c BA81D47C 		.ascii	"\272\201\324||\357\003=\006j\005\352\005\352\003\352"
 327      7CEF033D 
 327      066A05EA 
 327      05EA03EA 
ARM GAS  /var/folders/_f/jzb7lsz153bclt069nvlpp5r0000gn/T//cc0Fl7q7.s 			page 25


 328 017c 0052F178 		.ascii	"\000R\361x\0032\261&\205\032\365\375\014\310\321\211"
 328      0332B126 
 328      851AF5FD 
 328      0CC8D189 
 329 018c F4CCD39A 		.ascii	"\364\314\323\232Gr\024\244\375\204\260\031\273v\347"
 329      477214A4 
 329      FD84B019 
 329      BB76E7
 330 019b 2A81D569 		.ascii	"*\201\325i\003\010;\\z{\023\306rD\256\323S\037\324k"
 330      03083B5C 
 330      7A7B13C6 
 330      7244AED3 
 330      531FD46B 
 331 01af 7F7E94E3 		.ascii	"\177~\224\343\270M\234\363#\021a\247\273\360\216\006"
 331      B84D9CF3 
 331      231161A7 
 331      BBF08E06 
 332 01bf 07519981 		.ascii	"\007Q\231\201\352}W\202\360{\364:\356\360\371-j\200"
 332      EA7D5782 
 332      F07BF43A 
 332      EEF0F92D 
 332      6A80
 333 01d1 0AD152B1 		.ascii	"\012\321R\261\241\215\233\327i);.|\210\230\274r\375"
 333      A18D9BD7 
 333      69293B2E 
 333      7C8898BC 
 333      72FD
 334 01e3 F7993AA4 		.ascii	"\367\231:\244\015\335\304qk9{<\367v\\\376\337\313\320"
 334      0DDDC471 
 334      6B397B3C 
 334      F7765CFE 
 334      DFCBD0
 335 01f6 11340365 		.ascii	"\0214\003e\241\0312\344@\2410\005\035E?\227\241<\030"
 335      A11932E4 
 335      40A13005 
 335      1D453F97 
 335      A13C18
 336 0209 3C068319 		.ascii	"<\006\203\031`\203\273\362E\331\337s\234\002\035GZ\224"
 336      6083BBF2 
 336      45D9DF73 
 336      9C021D47 
 336      5A94
 337 021b 8B309580 		.ascii	"\2130\225\200\250\021m\3140y\363\251\212Q\345\344\310"
 337      A8116DCC 
 337      3079F3A9 
 337      8A51E5E4 
 337      C8
 338 022c 2726434E 		.ascii	"'&CN(\335\361.A\316\007\344\034\021\031\024y\240\343"
 338      28DDF12E 
 338      41CE07E4 
 338      1C111914 
 338      79A0E3
 339 023f 132EB4E1 		.ascii	"\023.\264\341\311\241ON\006}\374j\362\317\010t\001@"
 339      C9A14F4E 
 339      067DFC6A 
 339      F2CF0874 
 339      0140
ARM GAS  /var/folders/_f/jzb7lsz153bclt069nvlpp5r0000gn/T//cc0Fl7q7.s 			page 26


 340 0251 678BD0F9 		.ascii	"g\213\320\371\0024\271\001\261:{\354Y\365\024\232\224"
 340      0234B901 
 340      B13A7BEC 
 340      59F5149A 
 340      94
 341 0262 992474E7 		.ascii	"\231$t\347\222\313SU4)\012\302\226\024\017\226i\361"
 341      92CB5355 
 341      34290AC2 
 341      96140F96 
 341      69F1
 342 0274 08A251DE 		.ascii	"\010\242Q\336\262\311U\241\305\353\345^!\177\237\205"
 342      B2C955A1 
 342      C5EBE55E 
 342      217F9F85 
 343 0284 FCFE0F43 		.ascii	"\374\376\017C\031\032\312\222h\007\023\303\313;\270"
 343      191ACA92 
 343      680713C3 
 343      CB3BB8
 344 0293 F42014AA 		.ascii	"\364 \024\252e!Lf!,\002k\012Ek\336\347\215\241\316%"
 344      65214C66 
 344      212C026B 
 344      0A456BDE 
 344      E78DA1CE 
 345 02a8 C5739AF2 		.ascii	"\305s\232\362 \031:\005n\234&\276\235\007\337\336\347"
 345      20193A05 
 345      6E9C26BE 
 345      9D07DFDE 
 345      E7
 346 02b9 7D3B0B83 		.ascii	"};\013\203\347`\020\200KG\212\327y\202=aR\261\237I,"
 346      E7601080 
 346      4B478AD7 
 346      79823D61 
 346      52B19F49 
 347 02ce D6EB9369 		.ascii	"\326\353\223i\254/\200\011gD\023\212\304X\243\363\327"
 347      AC2F8009 
 347      6744138A 
 347      C458A3F3 
 347      D7
 348 02df B28FCB69 		.ascii	"\262\217\313i08\271L\022\034\035\013\316\376\027\033"
 348      3038B94C 
 348      121C1D0B 
 348      CEFE171B 
 349 02ef E7E024E6 		.ascii	"\347\340$\346\377\206\346\376\326@\274\2271)\273\253"
 349      FF86E6FE 
 349      D640BC97 
 349      3129BBAB 
 350 02ff F6AA7116 		.ascii	"\366\252q\026e\024\017\207Z^\252\321\014M\350\214T."
 350      65140F87 
 350      5A5EAAD1 
 350      0C4DE88C 
 350      542E
 351 0311 0095228D 		.ascii	"\000\225\"\215l#1\324\2756\351\255od\350\3473\320\277"
 351      6C2331D4 
 351      BD36E9AD 
 351      6F64E8E7 
 351      33D0BF
 352 0324 80956560 		.ascii	"\200\225e`%\271%CW\300\306\253\274\215\233\270O\310"
ARM GAS  /var/folders/_f/jzb7lsz153bclt069nvlpp5r0000gn/T//cc0Fl7q7.s 			page 27


 352      25B92543 
 352      57C0C6AB 
 352      BC8D9BB8 
 352      4FC8
 353 0336 28BA8CB0 		.ascii	"(\272\214\260\244uRa\234\001\201\252\273C=\335\032|"
 353      A4755261 
 353      9C0181AA 
 353      BB433DDD 
 353      1A7C
 354 0348 8CE975B5 		.ascii	"\214\351u\265\366\245N\301\027\030\323\335q\304\210"
 354      F6A54EC1 
 354      1718D3DD 
 354      71C488
 355 0357 2BD875CB 		.ascii	"+\330u\313\323\335\213\360mv]\325:\370TG\235x\213\260"
 355      D3DD8BF0 
 355      6D765DD5 
 355      3AF85447 
 355      9D788BB0 
 356 036b 8E93EEC3 		.ascii	"\216\223\356\303\032\334\316\356=*\314\316W\341a\306"
 356      1ADCCEEE 
 356      3D2ACCCE 
 356      57E161C6 
 357 037b EC7979AD 		.ascii	"\354yy\255,\230\012N'\354\351\322\255\031*\234\204\231"
 357      2C980A4E 
 357      27ECE9D2 
 357      AD192A9C 
 357      8499
 358 038d 8737EE9C 		.ascii	"\2077\356\234Q\340]\214Ih\312\276\246\306\373\260W!"
 358      51E05D8C 
 358      4968CABE 
 358      A6C6FBB0 
 358      5721
 359 039f BCCB0A61 		.ascii	"\274\313\012a[U\332ELY\326s\311m\3172\221\220,w2\207"
 359      5B55DA45 
 359      4C59D673 
 359      C96DCF32 
 359      91902C77 
 360 03b5 A77B6270 		.ascii	"\247{bp\033b\360.\237\251:\210B\275\247\337\206]\210"
 360      1B62F02E 
 360      9FA93A88 
 360      42BDA7DF 
 360      865D88
 361 03c8 64EA1664 		.ascii	"d\352\026d\352\246\230\251w\305\246p5d\376\207\177\320"
 361      EAA698A9 
 361      77C5A670 
 361      3564FE87 
 361      7FD0
 362 03da 3B938126 		.ascii	";\223\201&\254\257\242\375\320\000\2407D\320[\222Vk"
 362      ACAFA2FD 
 362      D000A037 
 362      44D05B92 
 362      566B
 363 03ec AF73ED09 		.ascii	"\257s\355\011\360\017\3338\031\354\361#\254\315\356"
 363      F00FDB38 
 363      19ECF123 
 363      ACCDEE
 364 03fb 02EC7511 		.ascii	"\002\354u\021\266ARU'\023\016\264k\360\021\026\256\246"
ARM GAS  /var/folders/_f/jzb7lsz153bclt069nvlpp5r0000gn/T//cc0Fl7q7.s 			page 28


 364      B6415255 
 364      27130EB4 
 364      6BF01116 
 364      AEA6
 365 040d 7B5B7622 		.ascii	"{[v\"]\202X\272\324 \241ze\350\036\322\361\3236\345"
 365      5D8258BA 
 365      D420A17A 
 365      65E81ED2 
 365      F1D336E5 
 366 0421 398A340A 		.ascii	"9\2124\0128\013\320\212\375#\355\307\324\254+\026:\004"
 366      380BD08A 
 366      FD23EDC7 
 366      D4AC2B16 
 366      3A04
 367 0433 62A81991 		.ascii	"b\250\031\221\261\267\3736\356=<\005\205\350\024!\357"
 367      B1B7FB36 
 367      EE3D3C05 
 367      85E81421 
 367      EF
 368 0444 BD373524 		.ascii	"\27575$D\241\323\205\300'\324\016*\334\335y)\272\024"
 368      44A1D385 
 368      C027D40E 
 368      2ADCDD79 
 368      29BA14
 369 0457 CEE544B4 		.ascii	"\316\345D\264\254\312\301\276v4U\360i\026\321w\212h"
 369      ACCAC1BE 
 369      763455F0 
 369      6916D177 
 369      8A68
 370 0469 9549ED21 		.ascii	"\225I\355!\022\242=.f\217\234]\0223\010\260\253\245"
 370      12A23D2E 
 370      668F9C5D 
 370      123308B0 
 370      ABA5
 371 047b 28C2B90E 		.ascii	"(\302\271\016\243.\030\252\340Q=\035\230E'\376+\301"
 371      A32E18AA 
 371      E0513D1D 
 371      984527FE 
 371      2BC1
 372 048d DD052122 		.ascii	"\335\005!\"\270o\261\266\023a\333\320{\360\377\003\244"
 372      B86FB1B6 
 372      1361DBD0 
 372      7BF0FF03 
 372      A4
 373 049e 789DD043 		.ascii	"x\235\320C*\364\210\012}O\2058\356\023\233\014\225\200"
 373      2AF4880A 
 373      7D4F8538 
 373      EE139B0C 
 373      9580
 374 04b0 849368BA 		.ascii	"\204\223h\272\310\253\206\240\243~\310P'\012A\367\201"
 374      C8AB86A0 
 374      A37EC850 
 374      270A41F7 
 374      81
 375 04c1 5A817A81 		.ascii	"Z\201z\201\036\003\365\001u\000\365\240\020\232\020"
 375      1E03F501 
 375      7500F5A0 
ARM GAS  /var/folders/_f/jzb7lsz153bclt069nvlpp5r0000gn/T//cc0Fl7q7.s 			page 29


 375      109A10
 376 04d0 62BEBDFB 		.ascii	"b\276\275\373\004\367\011\230\337\015\346\327\370\232"
 376      04F70998 
 376      DF0DE6D7 
 376      F89A
 377 04de 5F2B9A4F 		.ascii	"_+\232O]\275w\202\272\272X\207.\371\212\316\362H\012"
 377      5DBD7782 
 377      BABA5887 
 377      2EF98ACE 
 377      F2480A
 378 04f1 F1690163 		.ascii	"\361i\001c\245\301\004\027$\016u\261`J\005\332\274\004"
 378      A5C10417 
 378      240E75B1 
 378      604A05DA 
 378      BC04
 379 0503 BA9900D5 		.ascii	"\272\231\000\325\373\330\361'g\034\246\205\325\344\235"
 379      FBD8F127 
 379      671CA685 
 379      D5E49D
 380 0512 386621CB 		.ascii	"8f!\313\034\025}$f\243\312\327\306k\336\356\330\357"
 380      1C157D24 
 380      66A3CAD7 
 380      C66BDEEE 
 380      D8EF
 381 0524 33D7896C 		.ascii	"3\327\211l\245\377\314\211\300\366.1N\325\376\201\231"
 381      A5FFCC89 
 381      C0F62E31 
 381      4ED5FE81 
 381      99
 382 0535 30690557 		.ascii	"0i\005W\323\222\000\"!\343{@\334\266\367\015\347u \334"
 382      D3920022 
 382      21E37B40 
 382      DCB6F70D 
 382      E77520DC 
 383 0549 C4AF1747 		.ascii	"\304\257\027G\016\026kg\356\347\256;\334\315\375M\323"
 383      0E166B67 
 383      EEE7AE3B 
 383      DCCDFD4D 
 383      D3
 384 055a F670F6B5 		.ascii	"\366p\366\265\334\030\331\240i\254\334\236\026\222\221"
 384      DC18D9A0 
 384      69ACDC9E 
 384      169291
 385 0569 6BB6530D 		.ascii	"k\266S\015\240\231d1\276\234w1\020\357SP\224\253\347"
 385      A0996431 
 385      BE9C7731 
 385      10EF5350 
 385      94ABE7
 386 057c B8BE608A 		.ascii	"\270\276`\212b\037#6r#\343\343\230\006\363\211\004\341"
 386      621F2336 
 386      7223E3E3 
 386      9806F389 
 386      04E1
 387 058e 8980F094 		.ascii	"\211\200\360\224\"\344\015\034)A\3704\217\360\252\270"
 387      22E40D1C 
 387      2941F834 
 387      8FF0AAB8 
ARM GAS  /var/folders/_f/jzb7lsz153bclt069nvlpp5r0000gn/T//cc0Fl7q7.s 			page 30


 388 059e 0A3184C4 		.ascii	"\0121\204\304tU9\347\034\037\377\015\005x&\001x&\000"
 388      745539E7 
 388      1C1FFF0D 
 388      05782601 
 388      782600
 389 05b1 3CA700BD 		.ascii	"<\247\000\275\017\363\306\325\270\226\001\354?\270\363"
 389      0FF3C6D5 
 389      B89601EC 
 389      3FB8F3
 390 05c0 07150038 		.ascii	"\007\025\0008\035\366T\017\000\361\341\205\004\340\205"
 390      1DF6540F 
 390      00F1E185 
 390      04E085
 391 05cf 00F09202 		.ascii	"\000\360\222\002\034\350\310uhp\013\003Hk\3379\227\031"
 391      1CE8C875 
 391      68700B03 
 391      486BDF39 
 391      9719
 392 05e1 50E8357F 		.ascii	"P\3505\177P2\177P\230?D\347_\252-\334\215\350\002\260"
 392      50327F50 
 392      983F44E7 
 392      5FAA2DDC 
 392      8DE802B0 
 393 05f5 58C72F09 		.ascii	"X\307/\011/KJ\007T\357Izh\311\273\222\202zE[h\230\266"
 393      2F4B4A07 
 393      54EF497A 
 393      68C9BB92 
 393      827A455B 
 394 060c 10397365 		.ascii	"\0209se\214\273t\270\217\351\277\2253pS\001\006\330"
 394      8CBB74B8 
 394      8FE9BF95 
 394      33705301 
 394      06D8
 395 061e 1DAEE25C 		.ascii	"\035\256\342\\\301\000\230\200F$\006\214\010\006\214"
 395      C1009880 
 395      4624068C 
 395      08068C
 396 062d 5203C61C 		.ascii	"R\003\306\034\361;Tx\220\002\310\207\367\017\346\251"
 396      F13B5478 
 396      9002C887 
 396      F70FE6A9 
 397 063d D1D450BF 		.ascii	"\321\324P\277\275\311\311C\337\2707\351\212\332\235"
 397      BDC9C943 
 397      DFB837E9 
 397      8ADA9D
 398 064c D74457FF 		.ascii	"\327DW\377q\230<&\256\250\244\262\204\202z\325\334x"
 398      71983C26 
 398      AEA8A4B2 
 398      84827AD5 
 398      DC78
 399 065e 27C86B11 		.ascii	"'\310k\021\035\367Z\264\342\344\302\"z\345FS\216\212"
 399      1DF75AB4 
 399      E2E4C222 
 399      7AE54653 
 399      8E8A
 400 0670 EEE876EA 		.ascii	"\356\350v\352\363\256\252\302f-\335\343\246\021vw\347"
 400      F3AEAAC2 
ARM GAS  /var/folders/_f/jzb7lsz153bclt069nvlpp5r0000gn/T//cc0Fl7q7.s 			page 31


 400      662DDDE3 
 400      A6117677 
 400      E7
 401 0681 609912C3 		.ascii	"`\231\022\303i\2020I\373\343\035\2018\2051\303\353\353"
 401      69823049 
 401      FBE31D81 
 401      388531C3 
 401      EBEB
 402 0693 36B0A380 		.ascii	"6\260\243\200\223\036\005\262Zk\222\003\351\304Yt\342"
 402      931E05B2 
 402      5A6B9203 
 402      E9C45974 
 402      E2
 403 06a4 D14711D8 		.ascii	"\321G\021\330\301D{/e|\247\205=#\376\247\035FH\024\233"
 403      C1447B2F 
 403      657CA785 
 403      3D23FEA7 
 403      1D464814 
 404 06b9 36ACD3E1 		.ascii	"6\254\323\341\013l\372\326\202\264\264\000|\2311\203"
 404      0B6CFAD6 
 404      82B4B400 
 404      7C993183 
 405 06c9 4999990A 		.ascii	"I\231\231\012\\\311\230\363\007\263\373\003\360M\306"
 405      5CC998F3 
 405      07B3FB03 
 405      F04DC6
 406 06d8 9454C455 		.ascii	"\224T\304Uk\361\035\3064%\037<\022\204\3571\246f,\351"
 406      6BF11DC6 
 406      34251F3C 
 406      1284EF31 
 406      A6662CE9 
 407 06ec 891ABB94 		.ascii	"\211\032\273\224^\273}\020\333\355\323\032\332\237a"
 407      5EBB7D10 
 407      DBEDD31A 
 407      DA9F61
 408 06fb 6A36F562 		.ascii	"j6\365bW\345\017\333\225\270\225\367\367Ar\235\002\367"
 408      57E50FDB 
 408      95B895F7 
 408      F741729D 
 408      02F7
 409 070d 28BDB6F1 		.ascii	"(\275\266\361\231l\033O\351\031<\031@Y\350+\222\353"
 409      996C1B4F 
 409      E9193C19 
 409      4059E82B 
 409      92EB
 410 071f 43CDD71F 		.ascii	"C\315\327\037h<\247\271\323\3554E\251r-\332)\367\244"
 410      683CA7B9 
 410      D3ED3445 
 410      A9722DDA 
 410      29F7A4
 411 0732 68A6F434 		.ascii	"h\246\3644\007\341PfA,\276\227\317@\311r\210E\012\024"
 411      07E15066 
 411      412CBE97 
 411      CF40C972 
 411      88450A14 
 412 0746 C44C3E16 		.ascii	"\304L>\026\273`p\267\234\236\346\012Z\373\022\265\002"
 412      BB6070B7 
ARM GAS  /var/folders/_f/jzb7lsz153bclt069nvlpp5r0000gn/T//cc0Fl7q7.s 			page 32


 412      9C9EE60A 
 412      5AFB12B5 
 412      02
 413 0757 7042E936 		.ascii	"pB\3516zFK\003\340\035\"0\350y\035\362\036\277\310\350"
 413      7A464B03 
 413      E01D2230 
 413      E8791DF2 
 413      1EBFC8E8 
 414 076b 4CFFF656 		.ascii	"L\377\366V\204_0\377\022w>\253\220\343a\312(\022J\212"
 414      845F30FF 
 414      12773EAB 
 414      90E361CA 
 414      28124A8A 
 415 077f A6A190A9 		.ascii	"\246\241\220\251\374&\271\351\254;\360\254\203s\256"
 415      FC26B9E9 
 415      AC3BF0AC 
 415      8373AE
 416 078e C554EF0F 		.ascii	"\305T\357\017\240w\277|\252\010/\256\362\254\320\355"
 416      A077BF7C 
 416      AA082FAE 
 416      F2ACD0ED 
 417 079e DC271699 		.ascii	"\334'\026\231\244\332\2100\251r;\230\261O\036\202\016"
 417      A4DA8830 
 417      A9723B98 
 417      B14F1E82 
 417      0E
 418 07af C8253BCD 		.ascii	"\310%;\315\205xU\326\034\212\273\327/.p\302\372y>\035"
 418      857855D6 
 418      1C8ABBD7 
 418      2F2E70C2 
 418      FA793E1D 
 419 07c3 05108989 		.ascii	"\005\020\211\211\013hewY\257\012_U"
 419      0B686577 
 419      59AF0A5F 
 419      55
 420 07d0 51E3B73C 		.ascii	"Q\343\267<?\323\244C!!\323\250\365\256s\3515:\256|\016"
 420      3FD3A443 
 420      2121D3A8 
 420      F5AE73E9 
 420      353AAE7C 
 421 07e5 DD3A9340 		.ascii	"\335:\223@E\206|\232\277\015\312N4\024\267)\211\227"
 421      45867C9A 
 421      BF0DCA4E 
 421      3414B729 
 421      8997
 422 07f7 C48A8393 		.ascii	"\304\212\203\223\213&\363k\011ig\321K\"L\274\314\004"
 422      8B26F36B 
 422      096967D1 
 422      4B224CBC 
 422      CC04
 423 0809 2F0F8197 		.ascii	"/\017\201\227\351r\261g]g\343\325\034\"\"\023m?\264"
 423      E972B167 
 423      5D67E3D5 
 423      1C222213 
 423      6D3FB4
 424 081c BD3F3178 		.ascii	"\275?1x\032`\306M\212)\363\002\2049;\356\034\032\323"
 424      1A60C64D 
ARM GAS  /var/folders/_f/jzb7lsz153bclt069nvlpp5r0000gn/T//cc0Fl7q7.s 			page 33


 424      8A29F302 
 424      84393BEE 
 424      1C1AD3
 425 082f E20AEA2F 		.ascii	"\342\012\352/\2728\\^\244\3005\214\341\306\312G\003"
 425      BA385C5E 
 425      A4C0358C 
 425      E1C6CA47 
 425      03
 426 0840 713D63F6 		.ascii	"q=c\3665\327=\016\304w)\243\313q7\346(IR\205\017\204"
 426      35D73D0E 
 426      C47729A3 
 426      CB7137E6 
 426      28495285 
 427 0856 675DBCEB 		.ascii	"g]\274\353\030\037\236\315\220\201\255\340s\256|\222"
 427      181F9ECD 
 427      9081ADE0 
 427      73AE7C92 
 428 0866 FD4EBA88 		.ascii	"\375N\272\210m\200\024m$\211\241\342\304\353\323\340"
 428      6D80146D 
 428      2489A1E2 
 428      C4EBD3E0 
 429 0876 F57130F2 		.ascii	"\365q0\362\024P>P\016P\036\3201\240\223@\016\240\023"
 429      14503E50 
 429      0E501ED0 
 429      31A09340 
 429      0EA013
 430 0889 40059EDC 		.ascii	"@\005\236\334\257\213\267\037\207e\235i\336\346\253"
 430      AF8BB71F 
 430      87659D69 
 430      DEE6AB
 431 0898 D96B5706 		.ascii	"\331kW\006\321B\217\350v\377\242\302\246\014\2629\036"
 431      D1428FE8 
 431      76FFA2C2 
 431      A60CB239 
 431      1E
 432 08a9 D9045FD9 		.ascii	"\331\004_\331Y\336\250\345\036\311,_\311Z_\324<\217"
 432      59DEA8E5 
 432      1EC92C5F 
 432      C95A5FD4 
 432      3C8F
 433 08bb EC16FF61 		.ascii	"\354\026\377a\022a+<\242\331\276\242N\037\321J\217\350"
 433      12612B3C 
 433      A2D9BEA2 
 433      4E1FD14A 
 433      8FE8
 434 08cd 51FFA21E 		.ascii	"Q\377\242\036\013\342\\%\351&r\2129\014Eq\304\277\271"
 434      0BE25C25 
 434      E926728A 
 434      390C4571 
 434      C4BFB9
 435 08e0 1E5C57AE 		.ascii	"\036\\W\256$\255\211~\243 9\230d\247\253\240:s\375t"
 435      24AD897E 
 435      A3203998 
 435      64A7ABA0 
 435      3A73FD74 
 436 08f4 963CA5E0 		.ascii	"\226<\245\340\342KX}\246R\271\252\360\000T\010@\233"
 436      E24B587D 
ARM GAS  /var/folders/_f/jzb7lsz153bclt069nvlpp5r0000gn/T//cc0Fl7q7.s 			page 34


 436      A652B9AA 
 436      F0005408 
 436      409B
 437 0906 C495874C 		.ascii	"\304\225\207L\242\037\177\345\201\316@U\374\255\025"
 437      A21F7FE5 
 437      81CE4055 
 437      FCAD15
 438 0915 02F5EBEE 		.ascii	"\002\365\353\356\271U\252\364\332\306\012\345\322m\354"
 438      B955AAF4 
 438      DAC60AE5 
 438      D26DEC
 439 0924 AC5CC7DB 		.ascii	"\254\\\307\333\001\302\315/\317l\011\304-\254\362\033"
 439      01C2CD2F 
 439      CF6C09C4 
 439      2DACF21B 
 440 0934 73931394 		.ascii	"s\223\023\224\270\2151ci5I*\334\311\230u\031/F\025\270"
 440      B88D3163 
 440      6935492A 
 440      DCC99875 
 440      192F4615 
 441 0949 9B318E92 		.ascii	"\2331\216\222\234\315\354\215\313\237\351Qa\275{3\333"
 441      9CCDEC8D 
 441      CB9FE951 
 441      61BD7B33 
 441      DB
 442 095a FC74F479 		.ascii	"\374t\364yo\333\371\254\000\354f\242\245\356\235\017"
 442      6FDBF9AC 
 442      00EC66A2 
 442      A5EE9D0F 
 443 096a 03F15A35 		.ascii	"\003\361Z5\333%\213\366&\263y\034\345\223\217\234\200"
 443      DB258BF6 
 443      26B3791C 
 443      E5938F9C 
 443      80
 444 097b 63C34E76 		.ascii	"c\303Nv\363\324\210}D\211\0171\246#\375\330\241 |\214"
 444      F3D4887D 
 444      44890F31 
 444      A623FDD8 
 444      A1207C8C 
 445 098f 328AAC13 		.ascii	"2\212\254\023\255\271Z4U\027\302\237\010\274\333\035"
 445      ADB95A34 
 445      5517C29F 
 445      08BCDB1D 
 446 099f 5D81B096 		.ascii	"]\201\260\226\361\321\252\200h\225\363\221\220\006\240"
 446      F1D1AA80 
 446      6895F391 
 446      9006A0
 447 09ae CC2B0057 		.ascii	"\314+\000W\345\236\343\260\273\347\302\303e;\342\271"
 447      E59EE3B0 
 447      BBE7C2C3 
 447      653BE2B9 
 448 09be 8CE96414 		.ascii	"\214\351d\024\225\362X~*\237\246rpN\000\271?q9*:\234"
 448      95F2587E 
 448      2A9FA672 
 448      704E00B9 
 448      3F71392A 
 449 09d4 AFC4BD6A 		.ascii	"\257\304\275j\257=o\201\367;\214\005\342;\214\332\234"
ARM GAS  /var/folders/_f/jzb7lsz153bclt069nvlpp5r0000gn/T//cc0Fl7q7.s 			page 35


 449      AF3D6F81 
 449      F73B8C05 
 449      E23B8CDA 
 449      9C
 450 09e5 8207BA49 		.ascii	"\202\007\272I_5\324\200\023\013\370}\247\012j\342\232"
 450      5F35D480 
 450      130BF87D 
 450      A70A6AE2 
 450      9A
 451 09f6 9C7F287C 		.ascii	"\234\177(|\\\342\370\207\343\034<\264WCyV\212\325\264"
 451      5CE2F887 
 451      E31C3CB4 
 451      57437956 
 451      8AD5B4
 452 0a09 407C283C 		.ascii	"@|(<\273\373\256C\211o\006PCn\274\330\005'\235\026\306"
 452      BBFBAE43 
 452      896F0650 
 452      436EBCD8 
 452      05279D16 
 453 0a1e 8867BC05 		.ascii	"\210g\274\005\302c_q~Z\227\212\016\021\300\033r:X\223"
 453      C2635F71 
 453      7E5A978A 
 453      0E11C01B 
 453      723A5893 
 454 0a32 B1F6B44E 		.ascii	"\261\366\264Nz\360\203#\241\030\272:99\370\335\224\363"
 454      7AF08323 
 454      A118BA3A 
 454      3939F8DD 
 454      94F3
 455 0a44 073F6757 		.ascii	"\007?gW\376Q\015~\3104\364\025^HV{\325\035HK\346\336"
 455      FE510D7E 
 455      C834F415 
 455      5E48567B 
 455      D51D484B 
 456 0a5a 92D49DFC 		.ascii	"\222\324\235\374\332\223\365I\010\205\352\250c]uE\272"
 456      DA93F549 
 456      0885EAA8 
 456      635D7545 
 456      BA
 457 0a6b 6CE25803 		.ascii	"l\342X\003\210\324\213\216\335b\211\362\316\245\024"
 457      88D48B8E 
 457      DD6289F2 
 457      CEA514
 458 0a7a 14DD8658 		.ascii	"\024\335\206XIq\221\323\305\365\006\342\243\032b\221"
 458      497191D3 
 458      C5F506E2 
 458      A31A6291 
 459 0a8a EAC98D81 		.ascii	"\352\311\215\201b\005[\274C\371l\237\324\235=\301\221"
 459      62055BBC 
 459      43F96C9F 
 459      D49D3DC1 
 459      91
 460 0a9b F580A8BA 		.ascii	"\365\200\250\272\003\252\032\177\312\312}\211\244\201"
 460      03AA1A7F 
 460      CACA7D89 
 460      A481
 461 0aa9 DE6BE42B 		.ascii	"\336k\344+\255\005\024\337\203\276k\002j\006\272+\335"
ARM GAS  /var/folders/_f/jzb7lsz153bclt069nvlpp5r0000gn/T//cc0Fl7q7.s 			page 36


 461      AD0514DF 
 461      83BE6B02 
 461      6A06BA2B 
 461      DD
 462 0aba 9D13E8F2 		.ascii	"\235\023\350\362D\202Z\353\253a\226tu\202}v\363e\266"
 462      44825AEB 
 462      AB619674 
 462      75827D76 
 462      F365B6
 463 0acd E208D537 		.ascii	"\342\010\3257QX|d\334\302\257N\220\300\353\376-\027"
 463      51587C64 
 463      DCC2AF4E 
 463      90C0EBFE 
 463      2D17
 464 0adf 2B75135D 		.ascii	"+u\023]\234\032\375-N\2357w\015a\237\363\265\340 r\201"
 464      9C1AFD2D 
 464      4E9D3777 
 464      0D619FF3 
 464      B5E02072 
 465 0af4 5F3FE623 		.ascii	"_?\346#U\260\035V\265\373 xYLW\243\\<K_\037-8\244\360"
 465      55B01D56 
 465      B5FB2078 
 465      594C57A3 
 465      5C3C4B5F 
 466 0b0d 2A86FB5E 		.ascii	"*\206\373^=\370\300s\226vfg\334\012\302\0054ch\307\326"
 466      3DF8C073 
 466      96766667 
 466      DC0AC205 
 466      346368C7 
 467 0b22 B5951A5C 		.ascii	"\265\225\032\\\304\230\223e\367\253\003q\031c\316w\256"
 467      C4989365 
 467      F7AB0371 
 467      1963CE77 
 467      AE
 468 0b33 BDABC6D7 		.ascii	"\275\253\306\327\0303\330\335\371\030\341z\306\034k"
 468      1833D8DD 
 468      F918E17A 
 468      C61C6B
 469 0b42 BEFC2DF4 		.ascii	"\276\374-\364\227JK\374\031\244\257e\377\027\206+\352"
 469      974A4BFC 
 469      19A4AF65 
 469      FF17862B 
 469      EA
 470 0b53 6AAF2BE9 		.ascii	"j\257+\3518\031R\023\317\207\256\024\036W\261\276\343"
 470      38195213 
 470      CF87AE14 
 470      1E57B1BE 
 470      E3
 471 0b64 26F65D37 		.ascii	"&\366]7\270\253\342\373\256\023\342\361H\350\273\312"
 471      B8ABE2FB 
 471      AE13E2F1 
 471      48E8BBCA 
 472 0b74 B107F45C 		.ascii	"\261\007\364\\\332\005\011\355\020\335U\211\257x\356"
 472      DA0509ED 
 472      10DD5589 
 472      AF78EE
 473 0b83 9E3A78CE 		.ascii	"\236:x\316\363R2\241\275\226\276\273y\014\342\355\242"
ARM GAS  /var/folders/_f/jzb7lsz153bclt069nvlpp5r0000gn/T//cc0Fl7q7.s 			page 37


 473      F35232A1 
 473      BD96BEBB 
 473      790CE2ED 
 473      A2
 474 0b94 7897E4B4 		.ascii	"x\227\344\264\351G{\217\037\355\344\200|\263-\001\011"
 474      E9477B8F 
 474      1FEDE480 
 474      7CB32D01 
 474      09
 475 0ba5 C8C50D23 		.ascii	"\310\305\015#\177\201\325\017\365\001\362C\021\371\361"
 475      7F81D50F 
 475      F501F243 
 475      11F9F1
 476 0bb4 EB917BFD 		.ascii	"\353\221{\375\"\243\364\235C'\275\333\225\300\212\031"
 476      22A3F49D 
 476      4327BDDB 
 476      95C08A19 
 477 0bc4 EAF764A8 		.ascii	"\352\367d\250\255\3041<\005gki\2647n\353H\011\300\016"
 477      ADC4313C 
 477      05676B69 
 477      B4376EEB 
 477      4809C00E 
 478 0bd8 C634E59C 		.ascii	"\3064\345\234\353\016\306'\031\263\376BE\223\022\237"
 478      EB0EC627 
 478      19B3FE42 
 478      4593129F 
 479 0be8 634C76C6 		.ascii	"cLv\306\316\255j\354dL\303\336\274\263Z|\2051}\033S"
 479      CEAD6AEC 
 479      644CC3DE 
 479      BCB35A7C 
 479      85317D1B 
 480 0bfd 6EC97125 		.ascii	"n\311q%c\322*\232\202q#\273~\231_W\203q\017cnt6vh\361"
 480      63D22A9A 
 480      827123BB 
 480      7E995F57 
 480      83710F63 
 481 0c17 0BC6F40C 		.ascii	"\013\306\364\014oK\012\300\343\224Qomi<\207\320\324"
 481      6F4B0AC0 
 481      E394516F 
 481      6D693C87 
 481      D0D4
 482 0c29 A921BA50 		.ascii	"\251!\272PaG\260\323\032\366\274\274\036\202\320\274"
 482      6147B0D3 
 482      1AF6BCBC 
 482      1E82D0BC 
 483 0c39 E26B781C 		.ascii	"\342kx\034\234\037\205\332\345p\310\204\015\3273!\016"
 483      9C1F85DA 
 483      E570C884 
 483      0DD73321 
 483      0E
 484 0c4a 874E3A81 		.ascii	"\207N:\201\256\033[\232\013u\347\330\2721\3067\352+"
 484      AE1B5B9A 
 484      0B75E7D8 
 484      BA31C637 
 484      EA2B
 485 0c5c FF8D2A8D 		.ascii	"\377\215*\215\347\210W\305\217\261x\322\346\331\032"
 485      E78857C5 
ARM GAS  /var/folders/_f/jzb7lsz153bclt069nvlpp5r0000gn/T//cc0Fl7q7.s 			page 38


 485      8FB178D2 
 485      E6D91A
 486 0c6b 4FBAF3D5 		.ascii	"O\272\363\325\204\356\244m\276\235_\022\210\246a\277"
 486      84EEA46D 
 486      BE9D5F12 
 486      88A661BF 
 487 0c7b 9A248790 		.ascii	"\232$\207\220qK\000\3253(\226\303+I\033\036:>8\240\303"
 487      714B00D5 
 487      332896C3 
 487      2B491B1E 
 487      3A3E38A0 
 488 0c90 855348E4 		.ascii	"\205SH\344\360\203\334\233\371S\320\324\220P\277Ax\011"
 488      F083DC9B 
 488      F953D0D4 
 488      9050BF41 
 488      7809
 489 0ca2 08F19805 		.ascii	"\010\361\230\005a=\004d\235\030\000\3161\326\374,8\216"
 489      613D0464 
 489      9D1800CE 
 489      31D6FC2C 
 489      388E
 490 0cb4 B35F4254 		.ascii	"\263_BT\331Z\314D=s}\266\311\021\352\036HL\\|\272\367"
 490      D95ACC44 
 490      3D737DB6 
 490      C911EA1E 
 490      484C5C7C 
 491 0cca 1CAEF77D 		.ascii	"\034\256\367}\270\367\300l\004\265\376L`\233\304\375"
 491      B8F7C06C 
 491      04B5FE4C 
 491      609BC4FD 
 492 0cda 93BA0AB2 		.ascii	"\223\272\012\262Il\000\211\027\242\273D\215\340\356"
 492      496C0089 
 492      17A2BB44 
 492      8DE0EE
 493 0ce9 0BAE2C21 		.ascii	"\013\256,!\030g\351\330\373\344\214|\273\016\347PF\273"
 493      1867E9D8 
 493      FBE48C7C 
 493      BB0EE750 
 493      46BB
 494 0cfb A1744365 		.ascii	"\241tCe\000\342\217\361\241!!\376\317\345\011\274\362"
 494      00E28FF1 
 494      A12121FE 
 494      CFE509BC 
 494      F2
 495 0d0c EF41F976 		.ascii	"\357A\371v\034\202\222\200\222\201\266\001m\005\332"
 495      1C829280 
 495      9281B601 
 495      6D05DA
 496 0d1b 01B40528 		.ascii	"\001\264\005(Q\022\033w\313\300\340\037vp\344\010A,"
 496      51121B77 
 496      CBC0E01F 
 496      7670E408 
 496      412C
 497 0d2d DB0CB149 		.ascii	"\333\014\261I\220\306\306\353\354\312q\366\321\265\364"
 497      90C6C6EB 
 497      ECCA71F6 
 497      D1B5F4
ARM GAS  /var/folders/_f/jzb7lsz153bclt069nvlpp5r0000gn/T//cc0Fl7q7.s 			page 39


 498 0d3c E51791DD 		.ascii	"\345\027\221\335\344+\353\363\222\320\376\212\275(#"
 498      E42BEBF3 
 498      92D0FE8A 
 498      BD2823
 499 0d4b 3BC93339 		.ascii	";\31139\223\235\354\015\234k\370\031}[\007m\213\236"
 499      939DEC0D 
 499      9C6BF819 
 499      7D5B076D 
 499      8B9E
 500 0d5d FACA4E78 		.ascii	"\372\312Nx\003\327\313\200\211\260\333W\330{\327\261"
 500      03D7CB80 
 500      89B0DB57 
 500      D87BD7B1 
 501 0d6d F78BA203 		.ascii	"\367\213\242\003~E%\325\370xn\000\021\360W\325C\242"
 501      7E4525D5 
 501      F8786E00 
 501      11F057D5 
 501      43A2
 502 0d7f 794FFC9B 		.ascii	"yO\374\233'\2722\362\204\276\243$/\227\237\363\262\374"
 502      27BA32F2 
 502      84BEA324 
 502      2F979FF3 
 502      B2FC
 503 0d91 3B4AE953 		.ascii	";J\351S\013TSZG\365\355)\3029{\\\205\320.\020m\023k"
 503      0B54535A 
 503      47F5ED29 
 503      C2397B5C 
 503      85D02E10 
 504 0da8 2301BFEE 		.ascii	"#\001\277\356\234\275\023\262\374\246\031\207\272\312"
 504      9CBD13B2 
 504      FCA61987 
 504      BACA
 505 0db6 7F54D8E0 		.ascii	"\177T\330\340\375\256}\027\2266\372n,,\234u\351[6jq"
 505      FDAE7D17 
 505      9636FA6E 
 505      2C2C9C75 
 505      E95B366A 
 506 0dcb 072BC76B 		.ascii	"\007+\307k\211\007\366\360\257~\330r\031\327p5\010w"
 506      8907F6F0 
 506      AF7ED872 
 506      19D77035 
 506      0877
 507 0ddd B19B9DAD 		.ascii	"\261\233\235\255\033z4\370)c2\2675\267+\361(c\0166l"
 507      1B7A34F8 
 507      296332B7 
 507      35B72BF1 
 507      28630E36 
 508 0df2 CB52E30D 		.ascii	"\313R\343\015\201\354\365QS\322\016\005N\244\214\312"
 508      81ECF551 
 508      53D20E05 
 508      4EA48CCA 
 509 0e02 F93CB146 		.ascii	"\371<\261F\315JZl\247TX\371S\361\014\276\222\366\363"
 509      CD4A5A6C 
 509      A75458F9 
 509      53F10CBE 
 509      92F6F3
 510 0e15 DEA58377 		.ascii	"\336\245\203w\007\300\213\203@v\240C\322\305-\357\371"
ARM GAS  /var/folders/_f/jzb7lsz153bclt069nvlpp5r0000gn/T//cc0Fl7q7.s 			page 40


 510      07C08B83 
 510      4076A043 
 510      D2C52DEF 
 510      F9
 511 0e26 88F17B7A 		.ascii	"\210\361{z\004&\017\373iP\223\373_S\016\025\254\034"
 511      04260FFB 
 511      695093FB 
 511      5F530E15 
 511      AC1C
 512 0e38 88E85E5F 		.ascii	"\210\350^_Q\237<\332\313E\331\037\374\302J\016B\225"
 512      519F3CDA 
 512      CB45D91F 
 512      FCC24A0E 
 512      4295
 513 0e4a 8E95CED4 		.ascii	"\216\225\316\3249\364w\305}\274\254\247-$\245N3]\014"
 513      39F477C5 
 513      7DBCACA7 
 513      2D24A54E 
 513      335D0C
 514 0e5d 65B6DFDF 		.ascii	"e\266\337\337\352\362<\376rN\240\347\271\013\352!\023"
 514      EAF23CFE 
 514      724EA0E7 
 514      B90BEA21 
 514      13
 515 0e6e 60F6604F 		.ascii	"`\366`O=\354\237P\017\322x\241\014\010\323\217\205\014"
 515      3DEC9F50 
 515      0FD278A1 
 515      0C08D38F 
 515      850C
 516 0e80 B25038D2 		.ascii	"\262P8\322\221(\247\347f\002\317\316\322q5\335\235\301"
 516      9128A7E7 
 516      6602CFCE 
 516      D27135DD 
 516      9DC1
 517 0e92 F82CCD8C 		.ascii	"\370,\315\214\306y\"\177\024\316\235\212\251!\357\301"
 517      C679227F 
 517      14CE9D8A 
 517      A921EFC1 
 518 0ea2 2EA5A351 		.ascii	".\245\243Q\336\366\262\350\013\026\345cX\207\216\020"
 518      DEF6B2E8 
 518      0B16E563 
 518      58878E10 
 519 0eb2 9B26091D 		.ascii	"\233&\011\035\001v\200\314a\254\360\252\333b\250\333"
 519      017680CC 
 519      61ACF0AA 
 519      DB62A8DB 
 520 0ec2 1252B717 		.ascii	"\022R\267\027\345l21\3638\230\231\003\346\345\001eI"
 520      E56C3231 
 520      F3389899 
 520      03E6E501 
 520      6549
 521 0ed4 B2EAAAAA 		.ascii	"\262\352\252\252\247\375\006\347,\324*\367Q&\246Tr\316"
 521      A7FD06E7 
 521      2CD42AF7 
 521      5126A654 
 521      72CE
 522 0ee6 FF42BAF9 		.ascii	"\377B\272\371\347br\316\317\306\012\001\356\032\373"
ARM GAS  /var/folders/_f/jzb7lsz153bclt069nvlpp5r0000gn/T//cc0Fl7q7.s 			page 41


 522      E76272CE 
 522      CFC60A01 
 522      EE1AFB
 523 0ef5 2D006A1B 		.ascii	"-\000j\033\245\370\332>\311/>\200!A<\206\305\355\257"
 523      A5F8DA3E 
 523      C92F3E80 
 523      21413C86 
 523      C5EDAF
 524 0f08 72490041 		.ascii	"rI\000A\360\311\237t\356Q\257\216r\010\035%\347\252"
 524      F0C99F74 
 524      EE51AF8E 
 524      72081D25 
 524      E7AA
 525 0f1a 36ACF0D9 		.ascii	"6\254\360\331=<a9\001\241x]X\250\352\273P\024\371 \344"
 525      3D3C6139 
 525      01A1785D 
 525      58A8EABB 
 525      5014F920 
 526 0f2f 141789A3 		.ascii	"\024\027\211\243\222\015d\260\376\325\323@\257\336\316"
 526      920D64B0 
 526      FED5D340 
 526      AFDECE
 527 0f3e F7B2A4C0 		.ascii	"\367\262\244\300\323\333\356\266\270D\025\036\247\011"
 527      D3DBEEB6 
 527      B844151E 
 527      A709
 528 0f4c 57F7779D 		.ascii	"W\367w\235\316\327\"h\304\251\302\223\306\366!G\230"
 528      CED72268 
 528      C4A9C293 
 528      C6F62147 
 528      98
 529 0f5d D8541740 		.ascii	"\330T\027@[\341k\027\344J\007\367\011\377\246\360</"
 529      5BE16B17 
 529      E44A07F7 
 529      09FFA6F0 
 529      3C2F
 530 0f6f ECFD464F 		.ascii	"\354\375FO\322*\325\367h.\300\026t\022\373\000KZE\032"
 530      D22AD5F7 
 530      682EC016 
 530      7412FB00 
 530      4B5A451A 
 531 0f83 A4B58015 		.ascii	"\244\265\200\025O\267\270B>B\347!B\347 :\247\201\316"
 531      4FB7B842 
 531      3E42E721 
 531      42E7203A 
 531      A781CE
 532 0f96 029D023A 		.ascii	"\002\235\002:\343U@\205T\013"
 532      E3554085 
 532      540B
 533 0fa0 31BFC8BF 		.ascii	"1\277\310\277\371\342\202]q\223\312\2227\013\347|e}"
 533      F9E2825D 
 533      7193CA92 
 533      370BE77C 
 533      657D
 534 0fb2 CE06E5D0 		.ascii	"\316\006\345\320\273\205\376z\367\344\305\332\264`\237"
 534      BB85FE7A 
 534      F7E4C5DA 
ARM GAS  /var/folders/_f/jzb7lsz153bclt069nvlpp5r0000gn/T//cc0Fl7q7.s 			page 42


 534      B4609F
 535 0fc1 DC0A66A3 		.ascii	"\334\012f\243\013`\355O\261\234\252\250\201\034\027"
 535      0B60ED4F 
 535      B19CAAA8 
 535      811C17
 536 0fd0 81F07A31 		.ascii	"\201\360z1\307\205\222\034?M;\034\210\317\323?\367\300"
 536      C785921C 
 536      3F4D3B1C 
 536      88CFD33F 
 536      F7C0
 537 0fe2 835713CA 		.ascii	"\203W\023\3120<!\206\322S\316\226W\0169;\345\220\351"
 537      303C2186 
 537      D253CE96 
 537      570E393B 
 537      E590E9
 538 0ff5 C5105B27 		.ascii	"\305\020['|{\214\360}c\353"
 538      7C7B8CF0 
 538      7D63EB
 539 1000 1B5A276F 		.ascii	"\033Z'o\340E0\260DjP\025\370\354\364\347sfy\366<a\271"
 539      E04530B0 
 539      446A5015 
 539      F8ECF4E7 
 539      736679F6 
 540 1017 AA06AB2F 		.ascii	"\252\006\253/\003\302:\321j\247\277\355\313c\316%P\343"
 540      03C23AD1 
 540      6AA7BFED 
 540      CB63CE25 
 540      50E3
 541 1029 4F25B838 		.ascii	"O%\2708z\261\2571\330\253\214/{\225\361\025O\031w\325"
 541      7AB1AF31 
 541      D8AB8C2F 
 541      7B95F115 
 541      4F1977D5 
 542 103d EE7707D3 		.ascii	"\356w\007\323\265\014\306\370\265\254\332\221\326\023"
 542      B50CC6F8 
 542      B5ACDA91 
 542      D613
 543 104b 48C7E2C8 		.ascii	"H\307\342\310a\027\323\301;W6Wc\351{\001\262;K\336\251"
 543      6117D3C1 
 543      3B573657 
 543      63E97B01 
 543      B23B4BDE 
 544 1060 D005A30C 		.ascii	"\320\005\243\014\363/\006:\307\353\237M\301\275\354"
 544      F32F063A 
 544      C7EB9F4D 
 544      C1BDEC
 545 106f 6F6AB286 		.ascii	"oj\262\206\353\002\351\017B\356\346\376\3769\222\237"
 545      EB02E90F 
 545      42EEE6FE 
 545      FE39929F 
 546 107f E660122A 		.ascii	"\346`\022*\307\342\257BpM=@\025\230\374*t\376Uk\275"
 546      C7E2AF42 
 546      704D3D40 
 546      1598FC2A 
 546      74FE556B 
 547 1094 62D2DFA0 		.ascii	"b\322\337\240*\251\306?\362\012\357\347\356\205\247"
 547      2AA9C63F 
ARM GAS  /var/folders/_f/jzb7lsz153bclt069nvlpp5r0000gn/T//cc0Fl7q7.s 			page 43


 547      F20AEFE7 
 547      EE85A7
 548 10a3 F911A630 		.ascii	"\371\021\2460\271&\341{\362#\234\213s\037\037}\370\263"
 548      B926E17B 
 548      F2239C8B 
 548      731F1F7D 
 548      F8B3
 549 10b5 D413DC25 		.ascii	"\324\023\334%\372S\036Bd\026\252\222\250\254\022T^\243"
 549      FA531E42 
 549      6416AA92 
 549      A8AC1254 
 549      5EA3
 550 10c7 2AE31F24 		.ascii	"*\343\037$\216+pU0{\0135\2746_Ma\354\205\231\033f\362"
 550      8E2B7055 
 550      307B0B35 
 550      BC365F4D 
 550      61EC8599 
 551 10de 3F651184 		.ascii	"?e\021\204j\011B\265\200PC\021\352\256V\264\252\274"
 551      6A0942B5 
 551      80504311 
 551      EAAE56B4 
 551      AABC
 552 10f0 425FE415 		.ascii	"B_\344\025\372Z\026z\362\015\322\3459\373\376\214\037"
 552      FA5A167A 
 552      F20DD2E5 
 552      39FBFE8C 
 552      1F
 553 1101 52758AB6 		.ascii	"Ru\212\266\275\216\323\301(t\306\014\255\360G\033\365"
 553      BD8ED3C1 
 553      2874C60C 
 553      ADF0471B 
 553      F5
 554 1112 189EF4B1 		.ascii	"\030\236\364\261\357\037m\014\376\206\334\220\221?\003"
 554      EF1F6D0C 
 554      FE86DC90 
 554      913F03
 555 1121 21DF7EFE 		.ascii	"!\337~\376\254\340\006T\003\271%Cu\260\265\335\304\364"
 555      ACE00654 
 555      03B92543 
 555      75B0B5DD 
 555      C4F4
 556 1133 792F2131 		.ascii	"y/!1\177\\\255\225<\"\"\235t\305\277E\345gQ\000\362"
 556      7F5CAD95 
 556      3C22229D 
 556      74C5BF45 
 556      E5675100 
 557 1148 33E4A3DD 		.ascii	"3\344\243\335i\232w\222\370\307\253\231\210\332\"\254"
 557      699A7792 
 557      F8C7AB99 
 557      88DA22AC 
 558 1158 4832741B 		.ascii	"H2t\033\277#\314\241\014\331\001\235yujz\276\371\210"
 558      BF23CCA1 
 558      0CD9019D 
 558      79756A7A 
 558      BEF988
 559 116b 3ECDA5BB 		.ascii	">\315\245\273z\020}+\250\246)Y_X\030DY\225\214\376b"
 559      7A107D2B 
ARM GAS  /var/folders/_f/jzb7lsz153bclt069nvlpp5r0000gn/T//cc0Fl7q7.s 			page 44


 559      A8A62959 
 559      5F581844 
 559      59958CFE 
 560 1180 E8DE1D38 		.ascii	"\350\336\0358\2711\215\2021w\231\355\275\361=y*\336"
 560      B9318D82 
 560      317799ED 
 560      BDF13D79 
 560      2ADE
 561 1192 1A4EB0A6 		.ascii	"\032N\260\246\001|\273\203\211x\023\265\246\221Y\323"
 561      017CBB83 
 561      897813B5 
 561      A69159D3 
 562 11a2 44AD6949 		.ascii	"D\255iIu&x\277\177\250\364\332\216\356\361i\270G\323"
 562      752678BF 
 562      7FA8F4DA 
 562      8EEEF169 
 562      B847D3
 563 11b5 90F928A7 		.ascii	"\220\371(\247\037\343.\226\366'uw\006\003\350/\260\356"
 563      1FE32E96 
 563      F6277577 
 563      0603E82F 
 563      B0EE
 564 11c7 E1F1C71F 		.ascii	"\341\361\307\037\346\222\347>Z=q\353X\3754K\262\337"
 564      E692E73E 
 564      5A3D71EB 
 564      58FD344B 
 564      B2DF
 565 11d9 2C64BF85 		.ascii	",d\277\205f\377A\375\255\353Z\234\373\026;\272u\335"
 565      66FF41FD 
 565      ADEB5A9C 
 565      FB163BBA 
 565      75DD
 566 11eb DDAEC525 		.ascii	"\335\256\305%\214\351\275:V\240\204\246B.:\203>I?9\244"
 566      8CE9BD3A 
 566      56A084A6 
 566      422E3A83 
 566      3E493F39 
 567 1200 667AF6ED 		.ascii	"fz\366\355\310\377S\376\221\015\034-1t\300\231\244\240"
 567      C8FF53FE 
 567      910D1C2D 
 567      3174C099 
 567      A4A0
 568 1212 8AEE0B8A 		.ascii	"\212\356\013\212\320\003h,\3022]\255T\327\303\372\001"
 568      D003682C 
 568      C2325DAD 
 568      54D7C3FA 
 568      01
 569 1223 4E8BB7BE 		.ascii	"N\213\267\276=\011|\343\211c\323\331\357\310\027NE0"
 569      3D097CE3 
 569      8963D3D9 
 569      EFC8174E 
 569      4530
 570 1235 0FE2377D 		.ascii	"\017\3427}J\373\006\265y\200\037\022\3406\001\270\235"
 570      4AFB06B5 
 570      79801F12 
 570      E03601B8 
 570      9D
ARM GAS  /var/folders/_f/jzb7lsz153bclt069nvlpp5r0000gn/T//cc0Fl7q7.s 			page 45


 571 1246 02FBFB13 		.ascii	"\002\373\373\023\221\246\202\261\276\340I{\261\223\366"
 571      91A682B1 
 571      BEE0497B 
 571      B193F6
 572 1255 6287D0FD 		.ascii	"b\207\320\375c\256\355\234\006\247LfY\374\016\3473D"
 572      63AEED9C 
 572      06A74C66 
 572      59FC0EE7 
 572      3344
 573 1267 4D7354EF 		.ascii	"MsT\357\352\3757\317\202p\351-\002\204\036y\214\353"
 573      EAFD37CF 
 573      8270E92D 
 573      02841E79 
 573      8CEB
 574 1279 22C63D12 		.ascii	"\"\306=\022\214\353\246\306]JoHQ\343'\014{\240\375\370"
 574      8CEBA6C6 
 574      5D4A6F48 
 574      51E3270C 
 574      7BA0FDF8 
 575 128d F5402155 		.ascii	"\365@!U#\277\234\230\252\036I\252z\004\240\307\024("
 575      23BF9C98 
 575      AA1E49AA 
 575      7A04A0C7 
 575      1428
 576 129f A5B6E21D 		.ascii	"\245\266\342\035\274\376\235Il\034Nt\225\351\204\344"
 576      BCFE9D49 
 576      6C1C4E74 
 576      95E984E4 
 577 12af 8CFA4B4E 		.ascii	"\214\372KN\257\307\314>bf\257\200\336O\321\367_o\356"
 577      AFC7CC3E 
 577      6266AF80 
 577      DE4FD1F7 
 577      5F6FEE
 578 12c2 52E0B4C9 		.ascii	"R\340\264\311\340\017\366_\313\320\260\354\364N\310"
 578      E00FF65F 
 578      CBD0B0EC 
 578      F44EC8
 579 12d1 8EDB833C 		.ascii	"\216\333\203<@\220\335\002\362\023<S\246\370*2\332\244"
 579      4090DD02 
 579      F2133C53 
 579      A6F82A32 
 579      DAA4
 580 12e3 FAFDBF7F 		.ascii	"\372\375\277\177=s\276,`Ud\214\355W\037\032lZ\203A\270"
 580      3D73BE2C 
 580      6055648C 
 580      ED571F1A 
 580      6C5A8341 
 581 12f8 34E85759 		.ascii	"4\350WY-\372(s\2701J?\337\024\025e\264\350W\204\207"
 581      2DFA2873 
 581      B8314A3F 
 581      DF141565 
 581      B4E85784 
 582 130d 7F60B444 		.ascii	"\177`\264D\177\020c\2161}`2\206E~\360\341\307\372\271"
 582      7F10638E 
 582      317D6032 
 582      86457EF0 
 582      E1C7FAB9 
ARM GAS  /var/folders/_f/jzb7lsz153bclt069nvlpp5r0000gn/T//cc0Fl7q7.s 			page 46


 583 1321 737EF1CB 		.ascii	"s~\361\3139\037\317\375\245\336\353\216>2&<jU\204I\037"
 583      391FCFFD 
 583      A5DEEB8E 
 583      3E32263C 
 583      6A558449 
 584 1336 6D0C5F19 		.ascii	"m\014_\031\031c\322\033\"L\313\215\253\242l\006\333"
 584      1963D21B 
 584      224CCB8D 
 584      ABA26C06 
 584      DB
 585 1347 9A589375 		.ascii	"\232X\223u\366J\331W\377?\370\3265V\275\301j\213\000"
 585      F64AD957 
 585      FF3FF8D6 
 585      3556BDC1 
 585      6A8B00
 586 135a AB01F49F 		.ascii	"\253\001\364\237f\317\326\263\177a\306\360\277\232b"
 586      66CFD6B3 
 586      7F61C6F0 
 586      BF9A62
 587 1369 223C7244 		.ascii	"\"<rD-\230@4So\347\315\365xK.\247DE\031\",\221\253M"
 587      2D984034 
 587      536FE7CD 
 587      F5784B2E 
 587      A7444519 
 588 1382 1683750A 		.ascii	"\026\203u\012\177\021\031\263\334\2544|j6G\005EZ\015"
 588      7F1119B3 
 588      DCAC347C 
 588      6A364705 
 588      455A0D
 589 1395 D63531E1 		.ascii	"\32651\341+-\346\030\363*+\021\266\230\214\021\206\345"
 589      2B2DE618 
 589      F32A2B11 
 589      B6988C11 
 589      86E5
 590 13a7 AB627470 		.ascii	"\253btp\375\255%\322f\"L\0200\341\346\030\233\305\034"
 590      FDAD25D2 
 590      66224C10 
 590      30E1E618 
 590      9BC51C
 591 13ba 45D86904 		.ascii	"E\330i\004\324h3RacX\024\225\371\2310Hg\011\243\212"
 591      D4683352 
 591      61635814 
 591      95F99930 
 591      486709A3 
 592 13cf AFBF5EF8 		.ascii	"\257\277^\370\231\232X\363\221\301\246av\301\2256|\245"
 592      999A58F3 
 592      91C1A661 
 592      76C19536 
 592      7CA5
 593 13e1 3126C614 		.ascii	"1&\306\024e\210\214\2305\251kQQz\217\365\340\336\333"
 593      65888C98 
 593      35A96B51 
 593      517A8FF5 
 593      E0DEDB
 594 13f4 C084ADB2 		.ascii	"\300\204\255\262\331\3141\202-\372\011Sc\243\214\266"
 594      D9CC3182 
 594      2DFA0953 
ARM GAS  /var/folders/_f/jzb7lsz153bclt069nvlpp5r0000gn/T//cc0Fl7q7.s 			page 47


 594      63A38CB6 
 595 1404 E5664BB4 		.ascii	"\345fK\264\036\222\023\026i\266\352\255\226p=\2334;"
 595      1E921316 
 595      69B6EAAD 
 595      96703D9B 
 595      343B
 596 1416 5C365D44 		.ascii	"\\6]D\240\226\032W\033#\243\210\245\2767<.\004\2117"
 596      A0961A57 
 596      1B23A388 
 596      A5BE373C 
 596      2E048937 
 597 142a 88AFC122 		.ascii	"\210\257\301\"KE4\202=a\2228\333\336\221\240\361C\323"
 597      4B453482 
 597      3D619238 
 597      DBDE91A0 
 597      F143D3
 598 143d BD790882 		.ascii	"\275y\010\202\311\022c\2142\330tV[4\344iEl\244\331`"
 598      C912638C 
 598      32D87456 
 598      5B34E469 
 598      456CA4D9 
 599 1452 537EB9F8 		.ascii	"S~\271\370\263\317\227\252\026\177\365_K>_\252^\274"
 599      B3CF97AA 
 599      167FF55F 
 599      4B3E5FAA 
 599      5EBC
 600 1464 6CC9E79F 		.ascii	"l\311\347\237\177\266T\271\344\353%\237-\305\013\201"
 600      7FB654B9 
 600      E4EB259F 
 600      2DC50B81 
 601 1474 167FB614 		.ascii	"\026\177\266\024\375'\315\362/~\345\3112\271\304V\223"
 601      FD27CDF2 
 601      2F7EE5C9 
 601      32B9C456 
 601      93
 602 1485 4D191E65 		.ascii	"M\031\036e2Z~\347\011\011\374\233O\202\260x\231a\356"
 602      325A7EE7 
 602      0909FC9B 
 602      4F82B078 
 602      9961EE
 603 1498 9CD9F366 		.ascii	"\234\331\363f\317\323C8VBQ\306\232-6\253~\331W_\316"
 603      CFD34338 
 603      564251C6 
 603      9A2D36AB 
 603      7ED9575F 
 604 14ad 9BAB5FB4 		.ascii	"\233\253_\264\3503\375\357\227,\\\274z\256^4\004b\215"
 604      E833FDEF 
 604      972C5CBC 
 604      7AAE5E34 
 604      04628D
 605 14c0 16283E5D 		.ascii	"\026(>]\266t\251r\321\342\371\177X\252\370\355\357\226"
 605      B674A972 
 605      D1E2F97F 
 605      58AAF8ED 
 605      EF96
 606 14d2 2E22FF2D 		.ascii	".\"\377-P\220\2718\326\030!\217\214PZmF\233\351m>\320"
 606      5090B938 
ARM GAS  /var/folders/_f/jzb7lsz153bclt069nvlpp5r0000gn/T//cc0Fl7q7.s 			page 48


 606      D618218F 
 606      8C505A6D 
 606      469BE96D 
 607 14e8 CC2573AC 		.ascii	"\314%s\254\3016a\304\032\030m\2126[\326\030b\241\342"
 607      C13661C4 
 607      1A186D8A 
 607      365BD618 
 607      62A1E2
 608 14fb A022E9D7 		.ascii	"\240\"\351\327J\210\246\311\242\2101}g\373\370\365&"
 608      4A88A6C9 
 608      A288317D 
 608      67FBF8F5 
 608      26
 609 150c 9BAD5191 		.ascii	"\233\255Q\221a\236\232\010_\011`\004\201\024\274\312"
 609      619E9A08 
 609      5F096004 
 609      8114BCCA 
 610 151c 1AF93F26 		.ascii	"\032\371?&\203\355\277\337\264\343\010 H\370t\336\207"
 610      83EDBFDF 
 610      B4E30820 
 610      48F874DE 
 610      87
 611 152d B33F068D 		.ascii	"\263?\006\215\236\376\263E@[\201\222)\346\260\277\230"
 611      9EFEB345 
 611      405B8192 
 611      29E6B0BF 
 611      98
 612 153e C26D06A2 		.ascii	"\302m\006\242Ki\214\212\\\021\243\003\023V\230lP\335"
 612      4B698C8A 
 612      5C11A303 
 612      1356986C 
 612      50DD
 613 1550 E106DB47 		.ascii	"\341\006\333Gol}\270\331b\"\335\032k1\257\216\204 \004"
 613      6F6C7DB8 
 613      D96222DD 
 613      1A6B31AF 
 613      8E842004 
 614 1564 445B57D0 		.ascii	"D[W\320\330h\242\241\034\303\314\337A!\220!\233\232"
 614      D868A2A1 
 614      1CC3CCDF 
 614      41219021 
 614      9B9A
 615 1576 EF61681B 		.ascii	"\357ah\033\376\352\213\327+\0137GG\233c\370\004\377"
 615      FEEA8BD7 
 615      2B0B3747 
 615      479B63F8 
 615      04FF
 616 1588 76E997F3 		.ascii	"v\351\227\363\277\374\216\214\305FF\231,V\375\357\347"
 616      BFFC8E8C 
 616      C5464699 
 616      2C56FDEF 
 616      E7
 617 1599 CF070384 		.ascii	"\317\007\003\204eJ\025\266j\371r\223\005\333\314\261"
 617      654A15B6 
 617      6AF97293 
 617      05DBCCB1 
 618 15a9 CA6F2DB1 		.ascii	"\312o-\2616\213\322\022\001\377\343\360\030\233\322"
ARM GAS  /var/folders/_f/jzb7lsz153bclt069nvlpp5r0000gn/T//cc0Fl7q7.s 			page 49


 618      368BD212 
 618      01FFE3F0 
 618      189BD2
 619 15b8 62827A0A 		.ascii	"b\202z\012\266\255$%o5|\263\312\264\012\242\374V\370"
 619      B6AD2425 
 619      6F357CB3 
 619      CAB40AA2 
 619      FC56F8
 620 15cb 4A83D710 		.ascii	"J\203\327\020\364\260p/@\270T\304ZL\253\347\275\336"
 620      F4B0702F 
 620      40B854C4 
 620      5A4CABE7 
 620      BDDE
 621 15dd 4A8B4D12 		.ascii	"J\213M\022\217\250H\253\215\230\243\244\323\347\276"
 621      8FA848AB 
 621      8D98A3A4 
 621      D3E7BE
 622 15ec C14C6BF8 		.ascii	"\301Lk\370\312\010\230\370\2537\231\262\306*\270/\377"
 622      CA0898F8 
 622      AB3799B2 
 622      C62AB82F 
 622      FF
 623 15fd E65BF937 		.ascii	"\346[\3717\226_\277a\362 9lvt\230\306\272:\332@\323"
 623      965FBF61 
 623      F220396C 
 623      767498C6 
 623      BA3ADA40 
 624 1612 A4B1C2CA 		.ascii	"\244\261\302\312C\232:\202f\222hP\220UDc\203\215\010"
 624      439A3A82 
 624      66926850 
 624      90554463 
 624      838D08
 625 1625 9A243AF6 		.ascii	"\232$:\366\037']\342\000\204_\274u\004\305\000\023\254"
 625      1F275DE2 
 625      00845FBC 
 625      7504C500 
 625      13AC
 626 1637 C615A68F 		.ascii	"\306\025\246\217&L\230\260\260I\020\014\374\030\240"
 626      264C98B0 
 626      B049100C 
 626      FC18A0
 627 1646 A8F9A69B 		.ascii	"\250\371\246\233\367\323\001\370\325\021\012RX\225~"
 627      F7D301F8 
 627      D5110A52 
 627      58957E
 628 1655 6C45F6CC 		.ascii	"lE\366\314\220\254\216\2211\221\266\031\206\210\260"
 628      90AC8E91 
 628      3191B619 
 628      8688B0
 629 1664 15608C29 		.ascii	"\025`\214)\374\257\206U1\320\217\1775,\267\230\243\015"
 629      FCAF8655 
 629      31D08F7F 
 629      352CB798 
 629      A30D
 630 1676 9156CB9B 		.ascii	"\221V\313\233\224D\204)l\325\012@\237.\201\363\002S"
 630      94448429 
 630      6CD50A40 
ARM GAS  /var/folders/_f/jzb7lsz153bclt069nvlpp5r0000gn/T//cc0Fl7q7.s 			page 50


 630      9F2E81F3 
 630      0253
 631 1688 C0E66181 		.ascii	"\300\346a\201r\\\266\306\272\010\306\177\007\303\013"
 631      725CB6C6 
 631      BA08C67F 
 631      07C30B
 632 1697 972DFDC5 		.ascii	"\227-\375\305\233\025\002(x\2074\2127t\2401\352[\343"
 632      9B150228 
 632      7887348A 
 632      3774A031 
 632      EA5BE3
 633 16aa 1AB27645 		.ascii	"\032\262vE\301\346\376\233\277\241\335V\222\3666\254"
 633      C1E6FE9B 
 633      BFA1DD56 
 633      92F636AC 
 634 16ba FE753428 		.ascii	"\376u4(\320x\024\004\032\014\320R\206O\177\273\354\363"
 634      D0781404 
 634      1A0CD052 
 634      864F7FBB 
 634      ECF3
 635 16cc 254B172E 		.ascii	"%K\027.\372I\270\2604\022T\375\374/\227-\\\246\237\017"
 635      FA49B8B0 
 635      341254FD 
 635      FC2F972D 
 635      5CA69F0F 
 636 16e0 B0FA8582 		.ascii	"\260\372\205\202\007\321V\330\271a\011#^\320@|M\343"
 636      07D156D8 
 636      B9610923 
 636      5ED0407C 
 636      4DE3
 637 16f2 CD87621A 		.ascii	"\315\207b\032\325\353\223\202)\222\301\377\003\277\330"
 637      D5EB9382 
 637      2992C1FF 
 637      03BFD8
 638 1701 11C2     		.ascii	"\021\302"
 639              		.text
 640              		.section	.gnu.lto_.symtab.3ea68703c1fa9b7f,"",%progbits
 641 0000 62757474 		.ascii	"button_cb\000\000\000\000\000\000\000\000\000\000\000"
 641      6F6E5F63 
 641      62000000 
 641      00000000 
 641      00000000 
 642 0014 00FD0000 		.ascii	"\000\375\000\000\000ll_button_init\000\000\000\000\000"
 642      006C6C5F 
 642      62757474 
 642      6F6E5F69 
 642      6E697400 
 643 002c 00000000 		.ascii	"\000\000\000\000\000\000\000\311\001\000\000_dbg_ch"
 643      000000C9 
 643      0100005F 
 643      6462675F 
 643      6368
 644 003e 65636B5F 		.ascii	"eck_unlock_from_isr\000\000\002\000\000\000\000\000"
 644      756E6C6F 
 644      636B5F66 
 644      726F6D5F 
 644      69737200 
ARM GAS  /var/folders/_f/jzb7lsz153bclt069nvlpp5r0000gn/T//cc0Fl7q7.s 			page 51


 645 0059 00000000 		.ascii	"\000\000\000\000\314\001\000\000_dbg_check_lock_fro"
 645      CC010000 
 645      5F646267 
 645      5F636865 
 645      636B5F6C 
 646 0074 6D5F6973 		.ascii	"m_isr\000\000\002\000\000\000\000\000\000\000\000\000"
 646      72000002 
 646      00000000 
 646      00000000 
 646      00
 647 0085 CE010000 		.ascii	"\316\001\000\000"
 648              		.text
 649              		.section	.gnu.lto_.opts,"",%progbits
 650 0000 272D6666 		.ascii	"'-ffp-contract=off' '-fno-trapv' '-mcpu=cortex-m4' "
 650      702D636F 
 650      6E747261 
 650      63743D6F 
 650      66662720 
 651 0033 272D6D74 		.ascii	"'-mthumb' '-mfloat-abi=hard' '-mfpu=fpv4-sp-d16' '-"
 651      68756D62 
 651      2720272D 
 651      6D666C6F 
 651      61742D61 
 652 0066 67676462 		.ascii	"ggdb' '-O2' '-fomit-frame-pointer' '-falign-functio"
 652      2720272D 
 652      4F322720 
 652      272D666F 
 652      6D69742D 
 653 0099 6E733D31 		.ascii	"ns=16' '-ffunction-sections' '-fdata-sections' '-fn"
 653      36272027 
 653      2D666675 
 653      6E637469 
 653      6F6E2D73 
 654 00cc 6F2D636F 		.ascii	"o-common' '-flto' '-fsingle-precision-constant'\000"
 654      6D6D6F6E 
 654      2720272D 
 654      666C746F 
 654      2720272D 
 655              		.text
 656              		.comm	__gnu_lto_v1,1,1
 657              		.comm	__gnu_lto_slim,1,1
 658              		.ident	"GCC: (GNU Tools for ARM Embedded Processors) 4.9.3 20150529 (release) [ARM/embedded-4_9-br
ARM GAS  /var/folders/_f/jzb7lsz153bclt069nvlpp5r0000gn/T//cc0Fl7q7.s 			page 52


DEFINED SYMBOLS
                            *ABS*:0000000000000000 button.c
                            *COM*:0000000000000001 __gnu_lto_v1
                            *COM*:0000000000000001 __gnu_lto_slim

NO UNDEFINED SYMBOLS
