ARM GAS  /var/folders/_f/jzb7lsz153bclt069nvlpp5r0000gn/T//cck6lAEj.s 			page 1


   1              		.syntax unified
   2              		.cpu cortex-m4
   3              		.eabi_attribute 27, 1
   4              		.eabi_attribute 28, 1
   5              		.fpu fpv4-sp-d16
   6              		.eabi_attribute 20, 1
   7              		.eabi_attribute 21, 1
   8              		.eabi_attribute 23, 3
   9              		.eabi_attribute 24, 1
  10              		.eabi_attribute 25, 1
  11              		.eabi_attribute 26, 1
  12              		.eabi_attribute 30, 2
  13              		.eabi_attribute 34, 1
  14              		.eabi_attribute 18, 4
  15              		.thumb
  16              		.file	"chan_send_queue.c"
  17              		.text
  18              	.Ltext0:
  19              		.section	.gnu.lto_.profile.ea4befd2b9f0a395,"",%progbits
  20 0000 789C6366 		.ascii	"x\234cf```a\200\000F\206\342`\000\001\255\000\317"
  20      60606061 
  20      80004686 
  20      E2600001 
  20      AD00CF
  21              		.text
  22              		.section	.gnu.lto_.jmpfuncs.ea4befd2b9f0a395,"",%progbits
  23 0000 789C6DC8 		.ascii	"x\234m\310\261\015\000 \020BQ\376\241q&'\263\274\325"
  23      B10D0020 
  23      104251FE 
  23      A1712627 
  23      B3BCD5
  24 0013 D5A89D14 		.ascii	"\325\250\235\024<\202\365O\277V\031h\231\311\033\366"
  24      3C82F54F 
  24      BF561968 
  24      99C91BF6 
  25 0023 10F26057 		.ascii	"\020\362`WH\021\024\257;`Q\016\232\345\322\007\350"
  25      481114AF 
  25      3B60510E 
  25      9AE5D207 
  25      E8
  26              		.text
  27              		.section	.gnu.lto_.inline.ea4befd2b9f0a395,"",%progbits
  28 0000 789C858E 		.ascii	"x\234\205\2161j\202A\020\205\337\314\254\376k\224?\250"
  28      316A8241 
  28      1085DFCC 
  28      ACFE6B94 
  28      3FA8
  29 0012 98A004D4 		.ascii	"\230\240\004\324\312k\330h\025r\003\301F\321[l\271e"
  29      CA6BD868 
  29      157203C1 
  29      46D15B6C 
  29      B965
  30 0024 BA2008B1 		.ascii	"\272 \010\261\213\271\205\245\020BH\227.M\012[;\355"
  30      8BB985A5 
  30      10424897 
  30      2E4D0A5B 
  30      3BED
ARM GAS  /var/folders/_f/jzb7lsz153bclt069nvlpp5r0000gn/T//cck6lAEj.s 			page 2


  31 0036 32B3B111 		.ascii	"2\263\261\021\204\354\302\274\331\367\370fVp\371\214"
  31      84ECC2BC 
  31      D9F7F866 
  31      5670F98C 
  32 0046 E84F0BC0 		.ascii	"\350O\013\300U\211\210\365)\205\330Cy=d\270U\333YH\310"
  32      558988F5 
  32      2985D843 
  32      793D64B8 
  32      55DB5948 
  33 005b 732AD16C 		.ascii	"s*\321l\317\364\375\363\361\351w|d\263_\250\005\232"
  33      CFF4FDF3 
  33      F1E9777C 
  33      64B35FA8 
  33      059A
  34 006d 27C159A8 		.ascii	"'\301Y\250Shm\356<\011O4\\\274=\275\347\026r\035\364"
  34      53686DEE 
  34      3C094F34 
  34      5CBC3DBD 
  34      E716721D 
  35 0082 6AEE3409 		.ascii	"j\3564\011Q\332\000\203\364\027(\256\332is\320\032\357"
  35      51DA0083 
  35      F41728AE 
  35      DA6973D0 
  35      1AEF
  36 0094 82F370CB 		.ascii	"\202\363p\313f\360\035\237\276\231#\220\266\362\370"
  36      66F01D9F 
  36      BE992390 
  36      B6F2F8
  37 00a3 6097D1EC 		.ascii	"`\227\321\354\022+-c+(vwQP>\014\324\373\312\034C\342"
  37      122B2D63 
  37      2B287677 
  37      51503E0C 
  37      D4FBCA1C 
  38 00b9 ADB3D627 		.ascii	"\255\263\326'#\215\020\264N\214\255\225~\326\331\036"
  38      238D10B4 
  38      4E8CAD95 
  38      7ED6D91E 
  39 00c9 1895EDBD 		.ascii	"\030\225\355\275z\033c\254ZQF67\036\034\256+\006:\324"
  39      7A1B63AC 
  39      5A514636 
  39      371E1CAE 
  39      2B063AD4 
  40 00dd AA676023 		.ascii	"\252g`#>\023\262\330\373\017\304/5\3169C"
  40      3E13B2D8 
  40      FB0FC42F 
  40      35CE3943 
  41              		.text
  42              		.section	.gnu.lto_.pureconst.ea4befd2b9f0a395,"",%progbits
  43 0000 789C6366 		.ascii	"x\234cf``\340f\200\000V\006)F\011&)f)\026)\000\004\010"
  43      6060E066 
  43      80005606 
  43      29460926 
  43      29662916 
  44 0018 009E     		.ascii	"\000\236"
  45              		.text
  46              		.section	.gnu.lto_chan_send_q_init.part.2.ea4befd2b9f0a395,"",%progbits
  47 0000 789C9592 		.ascii	"x\234\225\222\333KTQ\024\306\367\267\367\2313\223\203"
ARM GAS  /var/folders/_f/jzb7lsz153bclt069nvlpp5r0000gn/T//cck6lAEj.s 			page 3


  47      DB4B5451 
  47      14C6F7B7 
  47      F7993393 
  47      83
  48 0011 17A2A721 		.ascii	"\027\242\247!(0\021B\307\336{\211\236z\354?\030t<\221"
  48      28301142 
  48      C7DE7B89 
  48      9E7AEC3F 
  48      18743C91 
  49 0025 94828D3E 		.ascii	"\224\202\215>\324\213G\035\354\2610\272\220\212\231"
  49      D48B471D 
  49      ECB130BA 
  49      908A99
  50 0034 8E66D638 		.ascii	"\216f\3268j\232\332\315\207\210\201\310J(S\310.\214"
  50      6A9ADACD 
  50      878881C8 
  50      4A2853C8 
  50      2E8C
  51 0046 A5A6A026 		.ascii	"\245\246\240&\351\320eZk\037\213\264\207rs\016k\257"
  51      E9D0655A 
  51      6B1F8BB4 
  51      8772730E 
  51      6BAF
  52 0058 7DD6F7DB 		.ascii	"}\326\367\333\353r\224\370{\345\321\373B\011q\220,\\"
  52      EB7294F8 
  52      7BE5D1FB 
  52      42097190 
  52      2C5C
  53 006a 02C6D951 		.ascii	"\002\306\331Q\332\030\220\332J(\266\325\036\005\360"
  53      DA1890DA 
  53      4A28B6D5 
  53      1E05F0
  54 0079 46405419 		.ascii	"F@T\031R\241\012\263rIb(\272\362\304;#\223R\354\026"
  54      52A10AB3 
  54      72496228 
  54      BAF2C43B 
  54      239352EC 
  55 008e E40ED7C7 		.ascii	"\344\016\327\307/\231\354\302`\367kdq\326\314\215\330"
  55      2F99ECC2 
  55      60F76B64 
  55      71D6CC8D 
  55      D8
  56 009f B6BD38D6 		.ascii	"\266\2758\3261}x\304HJ)>K\201\016\370p\015>\306u\"\227"
  56      317D78C4 
  56      484A293E 
  56      4B810EF8 
  56      700D3EC6 
  57 00b6 22DB662E 		.ascii	"\"\333f.\316A\355\005\253\302\337\232\0322rZm\273fd"
  57      CE41ED05 
  57      ABC2DF9A 
  57      1A32725A 
  57      6DBB6664 
  58 00ca A2D73E40 		.ascii	"\242\327>@\"\205\353P\177\352\350H\240\0139\024=7\376"
  58      2285EB50 
  58      7FEAE848 
  58      A00B3914 
  58      3D37FE
ARM GAS  /var/folders/_f/jzb7lsz153bclt069nvlpp5r0000gn/T//cck6lAEj.s 			page 4


  59 00dd 2EEE5579 		.ascii	".\356UyZ\331\276\026\355\364:\312\005Gi\340\306f\245"
  59      5AD9BE16 
  59      EDF43ACA 
  59      054769E0 
  59      C666A5
  60 00f0 2170532B 		.ascii	"!pS+\307\272\373\006\322\325>\255\\\216\315\037q\204"
  60      C7BAFB06 
  60      D2D53EAD 
  60      5C8ECD1F 
  60      7184
  61 0102 675ACD43 		.ascii	"gZ\315CI\351Bt\263\216Z\323\215\034\016\376\022\215"
  61      49E94274 
  61      B38E5AD3 
  61      8D1C0EFE 
  61      128D
  62 0114 C4DC6ABF 		.ascii	"\304\334j\277\0266'[.\033\331-\244|\033\177V<\022\276"
  62      1636275B 
  62      2E1BD92D 
  62      A47C1B7F 
  62      563C12BE 
  63 0128 62FF48A5 		.ascii	"b\377H\245\300\200\330F\200\263H\261\024\376>\3565\303"
  63      C080D846 
  63      80B348B1 
  63      14FE3EEE 
  63      35C3
  64 013a D4942CF4 		.ascii	"\324\224,\364 \233\373Am\350\205\0112|\322\275\335\266"
  64      209BFB41 
  64      6DE88509 
  64      327CD2BD 
  64      DDB6
  65 014c 53A98FAF 		.ascii	"S\251\217\257d&\300W\022\204N\025\245@\345p\325.\316"
  65      6426C057 
  65      12844E15 
  65      A540E570 
  65      D52ECE
  66 015f C664DF0D 		.ascii	"\306d\337\015\256\305\303[!\022\364\362\210\022T\"Y"
  66      AEC5C35B 
  66      2112F4F2 
  66      88125422 
  66      59
  67 0170 354D876C 		.ascii	"5M\207l'Q\333X\367(\354\342;V\245\\\245\024$\316?\036"
  67      2751DB58 
  67      F728ECE2 
  67      3B56A55C 
  67      A51424CE 
  68 0186 7C9DC693 		.ascii	"|\235\306\223r\355\020\350\243\374^\322\2509\011\272"
  68      72ED10E8 
  68      A3FC5ED2 
  68      A83909BA 
  69 0196 8A82C424 		.ascii	"\212\202\304$j\246N\217\256(G\244\326\217\352\301>\311"
  69      6AA64E8F 
  69      AE2847A4 
  69      D68FEAC1 
  69      3EC9
  70 01a8 DF249E3E 		.ascii	"\337$\236>\367\260\\\351\232\372\327\232\027\322\233"
  70      F7B05CE9 
  70      9AFAD79A 
ARM GAS  /var/folders/_f/jzb7lsz153bclt069nvlpp5r0000gn/T//cck6lAEj.s 			page 5


  70      17D29B
  71 01b7 D0506DDB 		.ascii	"\320Pm\333\236\244$\201\201[\\3}\272\372\351\341\373"
  71      9EA42481 
  71      815B5C33 
  71      7DBAFAE9 
  71      E1FB
  72 01c9 8CFC2E2A 		.ascii	"\214\374.*W\217\037\375h\3022\227,0\200|B3w1\026\361"
  72      578F1FFD 
  72      68C23297 
  72      2C30807C 
  72      42337731 
  73 01df AF93FF0F 		.ascii	"\257\223\377\017\265\213Q\2675\012\214\032D>\262}:\305"
  73      B58B51B7 
  73      350A8C1A 
  73      443EB27D 
  73      3AC5
  74 01f1 968C2D91 		.ascii	"\226\214-\221tRC\232\244\0071\374\213T[_7\225Xo\232"
  74      7452439A 
  74      A40731FC 
  74      8B545B5F 
  74      3795586F 
  75 0206 8BEAE7AA 		.ascii	"\213\352\347\252\033\222m\333t\323R\2642\005\356\300"
  75      1B926DDB 
  75      74D352B4 
  75      3205EEC0 
  76 0216 E7742A01 		.ascii	"\347t*\001'\220c74j\013I\334\325I(N\342\036w\306d\320"
  76      27906337 
  76      346A0B49 
  76      DCD54928 
  76      4EE21E77 
  77 022d 859EF69D 		.ascii	"\205\236\366\235\377F5\256\234\233\310\374\215r\343"
  77      FF4635AE 
  77      9C9BC8FC 
  77      8D72E3
  78 023c BE46198C 		.ascii	"\276F\031\214z\300(7\355\246\011\315\277\303\024\252"
  78      7AC02837 
  78      EDA609CD 
  78      BFC314AA 
  79 024c B3C4AAF4 		.ascii	"\263\304\252\364\010\361\001\036\354\361\311\371\022"
  79      08F1011E 
  79      ECF1C9F9 
  79      12
  80 0259 FA65C0DF 		.ascii	"\372e\300\337\250\001\271~\177\201\363\024\025\006\217"
  80      A801B97E 
  80      7F81F314 
  80      15068F
  81 0268 5965C505 		.ascii	"Ye\305\005\241\023\301\202\340\321\302\262@\210\274"
  81      A113C182 
  81      E0D1C2B2 
  81      4088BC
  82 0277 4079A555 		.ascii	"@y\245Ui\371\203\002\345\252\324*M\013\225\234\262\002"
  82      69F98302 
  82      E5AAD42A 
  82      4D0B959C 
  82      B202
  83 0289 45272BAC 		.ascii	"E'+\254\220\273\254\2624`\035\257\370\011\2038g\264"
  83      90BBACB2 
ARM GAS  /var/folders/_f/jzb7lsz153bclt069nvlpp5r0000gn/T//cck6lAEj.s 			page 6


  83      34601DAF 
  83      F8098338 
  83      67B4
  84              		.text
  85              		.section	.gnu.lto_chan_send_q_init.ea4befd2b9f0a395,"",%progbits
  86 0000 789C6592 		.ascii	"x\234e\222\317k\023A\024\307\347;3\273\211\215-A\361"
  86      CF6B1341 
  86      14C7E73B 
  86      33BB898D 
  86      2D41F1
  87 0013 92830821 		.ascii	"\222\203\010!\006D\022={P<y\024\377\201\320\246+\212"
  87      0644123D 
  87      7B503C79 
  87      14FF81D0 
  87      A62B8A
  88 0026 26D0A639 		.ascii	"&\320\2469(\224N\233 \202\240\342\245Z\261Zj\254\215"
  88      28944E9B 
  88      2082A0E2 
  88      A55AB15A 
  88      6AAC8D
  89 0039 9AC4560B 		.ascii	"\232\304V\013\212HN\022\220\370\243*U\020\177@#mQh\215"
  89      8A484E12 
  89      90F8A32A 
  89      55107F40 
  89      236D5168 
  90 004e D42E55E3 		.ascii	"\324.U\343\233\335Rj]vw\366\355~>o\346\275Y\301\376"
  90      9BDD526A 
  90      5D7677F6 
  90      ED7E3E6F 
  90      E6BD59C1 
  91 0063 3F0ED1A5 		.ascii	"?\016\321\2458c\373i\204\207\201\237\177\306X\257\227"
  91      3863FB69 
  91      8487819F 
  91      7FC658AF 
  91      97
  92 0074 7373D1C3 		.ascii	"ss\321\303T\223\030xB\3377\212\225P\272\241\344\346"
  92      54931878 
  92      42DF378A 
  92      9550BAA1 
  92      E4E6
  93 0086 A3AD141A 		.ascii	"\243\255\024\032\257\243\024\0310\265\004\023\320#\003"
  93      AFA31419 
  93      30B50413 
  93      D02303
  94 0095 EBE1421A 		.ascii	"\353\341B\032&z0\313\0278\036\024~T}3\334\346l\033\243"
  94      267A30CB 
  94      17381E14 
  94      7E547D33 
  94      DCE66C1B 
  95 00aa F0E185CA 		.ascii	"\360\341\205\312ES\207\220:\\\316\315\317\232\341\234"
  95      45538790 
  95      3A5CCECD 
  95      CF9AE19C 
  96 00ba 526A7E72 		.ascii	"Rj~r\244v\260,m\316Y\2353\214 \200\233\010\350\204\243"
  96      A476B02C 
  96      6DCE599D 
  96      338C2080 
ARM GAS  /var/folders/_f/jzb7lsz153bclt069nvlpp5r0000gn/T//cck6lAEj.s 			page 7


  96      9B08E884 
  97 00cf 0813797D 		.ascii	"\010\023y}\246\177\016b\007\264\225\375u\345rKhX\251"
  97      A67F0E62 
  97      07B495FD 
  97      75E5724B 
  97      6858A9
  98 00e2 BEF2BB31 		.ascii	"\276\362\2731\265\217$\201<\304Z\217^1\334B\210\350"
  98      B58F2481 
  98      3CC45A8F 
  98      5E31DC42 
  98      88E8
  99 00f4 B9A9CF15 		.ascii	"\271\251\317\025\237\330\351\2307\226\012\243>\327\374"
  99      9FD8E998 
  99      37960AA3 
  99      3ED7FC
 100 0103 E69A12B7 		.ascii	"\346\232\022\267\327\233\222\341\216cN\026\307'\232"
 100      D79B92E1 
 100      8E634E16 
 100      C7279A
 101 0112 C52EC7FC 		.ascii	"\305.\307\374^\372z\330\025\317\015\233\007ln\240\260"
 101      5EFA7AD8 
 101      15CF0D9B 
 101      076C6EA0 
 101      B0
 102 0123 DE33188A 		.ascii	"\3363\030\212\010ix\261\220+y\304\036G\274j\017\015"
 102      086978B1 
 102      902B79C4 
 102      1E47BC6A 
 102      0F0D
 103 0135 C8E01099 		.ascii	"\310\340\020\231\237*/\332\313\331k\352O\243\001\235"
 103      9F2A2FDA 
 103      CBD96BEA 
 103      4FA3019D 
 104 0145 A0F46F02 		.ascii	"\240\364o\002\367 c!\373{\312gf\251)~\334EP\367\203"
 104      F7206321 
 104      FB7BCA67 
 104      66A9297E 
 104      DC4550F7 
 105 015a DA30462D 		.ascii	"\3320F-\246\261\270\251\254\032\215\372`>\023\334\262"
 105      A6B1B8A9 
 105      AC1A8DFA 
 105      603E13DC 
 105      B2
 106 016b 01342B35 		.ascii	"\0014+5\214n\002z\315\022\272f\003\316:\3304yzOj\204"
 106      8C6E027A 
 106      CD12BA66 
 106      03CE3AD8 
 106      34797A4F 
 107 0181 D028DE20 		.ascii	"\320(\336 \3736\323\330\2553\375\344\202&\3728\375\374"
 107      FB36D3D8 
 107      AD33FDE4 
 107      8226FA38 
 107      FDFC
 108 0193 A5576F86 		.ascii	"\245Wo\206\244\374\343+K\250Q\347h\243]\272\323\205"
 108      A4FCE32B 
 108      4BA851E7 
 108      68A35DBA 
ARM GAS  /var/folders/_f/jzb7lsz153bclt069nvlpp5r0000gn/T//cck6lAEj.s 			page 8


 108      D385
 109 01a5 E55A5810 		.ascii	"\345ZX\020|o\025\226\354\314^\315V3y\270\260A\360\245"
 109      7C6F1596 
 109      ECCC5ECD 
 109      563379B8 
 109      B041F0A5 
 110 01b9 A7FDD516 		.ascii	"\247\375\325\026\015\033\233\031\356\257\302\006{\274"
 110      0D1B9B19 
 110      EEAFC206 
 110      7BBC
 111 01c7 5DBCC729 		.ascii	"]\274\307)\277K\352\377c\360\325\331\002\357^V\247\225"
 111      BF4BEAFF 
 111      63F0D5D9 
 111      02EF5E56 
 111      A795
 112 01d9 D7E6669D 		.ascii	"\327\346f\235S\215\230@7\243Ii\221\224\315\346\036\307"
 112      538D9840 
 112      37A34969 
 112      9194CDE6 
 112      1EC7
 113 01eb 359D1A3E 		.ascii	"5\235\032>\240\327O\337\210\372\002 \030\020K\315\224"
 113      A0D74FDF 
 113      88FA0220 
 113      18104BCD 
 113      94
 114 01fc C7D08FD4 		.ascii	"\307\320\217\324\312`@\352\262\241Q*>\034\211D\335\263"
 114      CA6040EA 
 114      B2A1512A 
 114      3E1C8944 
 114      DDB3
 115 020e AD357ECC 		.ascii	"\2555~\314J\266GS\235\361h\374Hk2\226\242(\326\221\266"
 115      4AB64753 
 115      9DF168FC 
 115      486B3296 
 115      A228D691 
 116 0223 D25624CE 		.ascii	"\322V$\316\320!\022V\242)u\364\244\025k;\321e\245<\311"
 116      D0211256 
 116      A22975F4 
 116      A4156B3B 
 116      D165A53C 
 117 0238 7422661D 		.ascii	"t\"f\035\357\372\013\2370\3628"
 117      EFFA0B9F 
 117      30F238
 118              		.text
 119              		.section	.gnu.lto_chan_send_q_enqueue.ea4befd2b9f0a395,"",%progbits
 120 0000 789C9553 		.ascii	"x\234\225S[O\023Q\020>sv\267-\264`\253\304\207&^\022"
 120      5B4F1351 
 120      103E7376 
 120      B72DB460 
 120      ABC48726 
 121 0016 44880A3C 		.ascii	"D\210\012<\240o&\362\354\223\377\200\324Bbb\202A\344"
 121      A06F26F2 
 121      EC93FF80 
 121      D4426262 
 121      8241E4
 122 0029 996D6990 		.ascii	"\231mi\220G\255\0011H(\"^(\027E\356\242\026E\"\301K"
 122      47AD0131 
ARM GAS  /var/folders/_f/jzb7lsz153bclt069nvlpp5r0000gn/T//cck6lAEj.s 			page 9


 122      4828225E 
 122      281745EE 
 122      A2164522 
 123 003f 4890BB88 		.ascii	"H\220\273\210\010\010\336B\005\205\006\265\316\234-"
 123      0808DE42 
 123      058506B5 
 123      CE9C2D
 124 004e 500218DD 		.ascii	"P\002\030\335\264\263;\347\314|\337\314w\316Hl\343s"
 124      B4B33BE7 
 124      CC7CDFCC 
 124      77CE486C 
 124      E373
 125 0060 18FF290A 		.ascii	"\030\377)\012cG\360\015\012\003~\341%c\016\003\347r"
 125      6347F00D 
 125      0A037EE1 
 125      25630E03 
 125      E772
 126 0072 19303552 		.ascii	"\03105R\362?gL5I k\3532\000}0`\271\\\222!\027f\271\237"
 126      F23F674C 
 126      3549206B 
 126      EB32007D 
 126      3060B95C 
 127 008c 436BEDC2 		.ascii	"Ck\355\302\013\343\014\017p\266\227\241\333\346~V\254"
 127      0BE30C0F 
 127      70B697A1 
 127      DBE67E56 
 127      AC
 128 009d 23176472 		.ascii	"#\027dr\227+\347fu\361\225\252\252\316\271k\246N\370"
 128      972BE766 
 128      75F195AA 
 128      AACEB96B 
 128      A64EF8
 129 00b0 E400E76C 		.ascii	"\344\000\347l\2363\270\011V\270\005V\202\273\015\361"
 129      9E33B809 
 129      56B80556 
 129      82BB0DF1 
 130 00c0 18797DE6 		.ascii	"\030y}\346\362G\220\016\000e\271~\226\226D\307U\250"
 130      F247900E 
 130      0065B97E 
 130      969644C7 
 130      55A8
 131 00d2 AAD3375A 		.ascii	"\252\3237Z\257\246b\222\004U \205\347\341\022\003/\304"
 131      AFA66292 
 131      04552085 
 131      E7E11203 
 131      2FC4
 132 00e4 61F474F7 		.ascii	"a\364t\367h\267I:$2;{G\274\202\236y\204_\330\323\362"
 132      68B7493A 
 132      24323B7B 
 132      47BC829E 
 132      79845FD8 
 133 00fa 26529413 		.ascii	"&R\224\023C\356\207\357\375sF\002V}\313N\001,C\265\006"
 133      43EE87EF 
 133      FD734602 
 133      567DCB4E 
 133      012C43B5 
 134 010f 5C83C0B5 		.ascii	"\\\203\300\265\002XfP\007q\024\356w\375\0320\352\\\030"
ARM GAS  /var/folders/_f/jzb7lsz153bclt069nvlpp5r0000gn/T//cck6lAEj.s 			page 10


 134      02586650 
 134      077114EE 
 134      77FD1A30 
 134      EA5C18
 135 0122 6EA6A2B1 		.ascii	"n\246\242\261\326;\240\003|\327m\367\251\301\340\373"
 135      D63BA003 
 135      7CD76DF7 
 135      A9C1E0FB 
 136 0132 AE8E80B2 		.ascii	"\256\216\200\262\0030\005a\250\030\205>ud\364d\014d"
 136      03300561 
 136      A818853E 
 136      7564F464 
 136      0C64
 137 0144 22C818D1 		.ascii	"\"\310\030\321(&4\272(2\321\344\232i\303B\206\261I\374"
 137      282634BA 
 137      2832D1E4 
 137      9A69C342 
 137      86B149FC 
 138 0158 93B653E8 		.ascii	"\223\266S\350\340[\352\007\247\205\012\030\352\352\254"
 138      E05BEA07 
 138      A7850A18 
 138      EAEAAC
 139 0167 3226DCC0 		.ascii	"2&\334\300\002<\336\212|\031\250k\355\201\273\220@\224"
 139      023CDE8A 
 139      7C19A86B 
 139      ED81BB90 
 139      4094
 140 0179 6C189C3F 		.ascii	"l\030\234?\216\263E\256\204\213\257\027\342\177\255"
 140      8EB345AE 
 140      848BAF17 
 140      E27FAD
 141 0188 AC2E8052 		.ascii	"\254.\200R(q\250\352\370l\013&\363E,\264\236T\207{\270"
 141      2871A8EA 
 141      F86C0B26 
 141      F3452CB4 
 141      9E54877B 
 142 019d C190C637 		.ascii	"\301\220\3067\260\213\232Z\3075\356\255\230L5\204q5"
 142      B08B9A5A 
 142      C735EEAD 
 142      984C3584 
 142      7135
 143 01af 2017F2AD 		.ascii	" \027\362\255rQx\317\304\322\274Ip\231\211kx\270\336"
 143      725178CF 
 143      C4D2BC49 
 143      7099896B 
 143      78B8DE
 144 01c2 61DCC0D5 		.ascii	"a\334\300\325(\270\232\326s\255\302\341\222\310\015"
 144      28B89AD6 
 144      73ADC2E1 
 144      92C80D
 145 01d1 14160D1A 		.ascii	"\024\026\015\032c\313\361\270\307G\006\323}.\217\372"
 145      63CBF1B8 
 145      C74706D3 
 145      7D2E8FFA 
 146 01e1 3B18844D 		.ascii	";\030\204M\016=TN3\304\022\306&\371\352\025\325\303"
 146      0E3D544E 
 146      33C412C6 
ARM GAS  /var/folders/_f/jzb7lsz153bclt069nvlpp5r0000gn/T//cck6lAEj.s 			page 11


 146      26F9EA15 
 146      D5C3
 147 01f3 0B7CC1E0 		.ascii	"\013|\301\340\261\255\263[B\331\257\3015\230W\227B\025"
 147      B1ADB35B 
 147      42D9AFC1 
 147      35985797 
 147      4215
 148 0205 A17AD894 		.ascii	"\241z\330\224\330\236\302\256\361\336K\330j\223\277"
 148      D89EC2AE 
 148      F1DE4BD8 
 148      6A93BF
 149 0214 798FB6AB 		.ascii	"y\217\266\253G\222\267\223\257z\015\324/\252\202n\343"
 149      4792B793 
 149      AF7A0DD4 
 149      2FAA826E 
 149      E3
 150 0225 52D99728 		.ascii	"R\331\227(\354\027\3134P\247\255D\200\353\327>uND'\036"
 150      EC17CB34 
 150      50A7AD44 
 150      80EBD73E 
 150      754E4427 
 151 023a C4FEA10D 		.ascii	"\304\376\241\015\333\376\306\005\347}HD\361\362\334"
 151      DBFEC605 
 151      E77D4844 
 151      F1F2DC
 152 0249 F90B5C43 		.ascii	"\371\013\\C\304\034=\354\263\322bC~\237\244-F\210u\205"
 152      C41C3DEC 
 152      B3D26243 
 152      7E9FA42D 
 152      46887585 
 153 025d 6476BF8B 		.ascii	"dv\277\213\012\035\313\012\021\012K\323\263\025Y\373"
 153      0A1DCB0A 
 153      110A4BD3 
 153      B31559FB 
 154 026d 1AD90348 		.ascii	"\032\331\003HD,Bi\272xTC6\376\245\342\253\013\227\206"
 154      442C4269 
 154      BA785443 
 154      36FEA5E2 
 154      AB0B9786 
 155 0281 B6118802 		.ascii	"\266\021\210\002\017\005\010]px$*v\216\235\357\003\015"
 155      0F05085D 
 155      7078242A 
 155      768E9DEF 
 155      030D
 156 0293 C2A461E6 		.ascii	"\302\244a\346\025\3514?\012\227\302\007L\027\303\300"
 156      15E9343F 
 156      0A97C207 
 156      4C17C3C0 
 157 02a3 07A2A3E2 		.ascii	"\007\242\243\342PH4\022c \341\024\225\357\014\365\263"
 157      50483412 
 157      6320E114 
 157      95EF0CF5 
 157      B3
 158 02b4 AAA3B24E 		.ascii	"\252\243\262NGj\317\212\263\207Y\320!n\315c,F\014\242"
 158      476ACF8A 
 158      B38759D0 
 158      216ECD63 
ARM GAS  /var/folders/_f/jzb7lsz153bclt069nvlpp5r0000gn/T//cck6lAEj.s 			page 12


 158      2C460CA2 
 159 02c8 388AF6DD 		.ascii	"8\212\366\335\032\246\371\337\264\177\":\021#\333\271"
 159      1AA6F9DF 
 159      B47F223A 
 159      1123DBB9 
 160 02d8 A2FDE790 		.ascii	"\242\375\347\220\366\026D\321\264\377\177\231\237\256"
 160      F61644D1 
 160      B4FF7F99 
 160      9FAE
 161 02e6 E17691CC 		.ascii	"\341v\221\314\026qed1\264c\3400\343p\240|\323\000\260"
 161      16716564 
 161      31B463E0 
 161      30E370A0 
 161      7CD300B0 
 162 02fa DFCA476B 		.ascii	"\337\312Gk\000y\244\35238\337@!\230\027\237\224\224"
 162      0079A4EA 
 162      3338DF40 
 162      2198179F 
 162      9494
 163 030c ACFD4EDA 		.ascii	"\254\375N\332\354\24732\323\223\263\317\332\223\355"
 163      ECA73332 
 163      D393B3CF 
 163      DA93ED
 164 031b A76C9969 		.ascii	"\247l\231i\331\350\245e\345d\344d$\331\031dE\010?\335"
 164      D9E8A565 
 164      E564E464 
 164      24D91964 
 164      45083FDD 
 165 032f 76CEF607 		.ascii	"v\316\366\007\3070\325\276"
 165      C730D5BE 
 166              		.text
 167              		.section	.gnu.lto_chan_send_q_dequeue.ea4befd2b9f0a395,"",%progbits
 168 0000 789C9553 		.ascii	"x\234\225S\313O\023a\020\377\346\333\355R\372\026\360"
 168      CB4F1361 
 168      10FFE6DB 
 168      ED52FA16 
 168      F0
 169 0011 424C3441 		.ascii	"BL4A\204\250\320\213\336<p\366\344\177@j!11!A\344\314"
 169      84A8D08B 
 169      DE3C70F6 
 169      E47F406A 
 169      21313121 
 170 0028 161A4C8C 		.ascii	"\026\032L\214\007\250\001I\220\010V|\000\202E@\300W"
 170      07A80149 
 170      9008567C 
 170      00824540 
 170      C057
 171 003a D15A248D 		.ascii	"\321Z$\215\032\017j!\210@\012\001_\001!Bc\245\316|\273"
 171      1A0F6A21 
 171      88400A01 
 171      5F012142 
 171      63A5CE7C 
 172 004f CAC34770 		.ascii	"\312\303Gp\323\316\356\314\316\374\346\367\233\331O"
 172      D3CEEECC 
 172      CEFCE6F7 
 172      9BD94F
 173 005e 62BF5F87 		.ascii	"b\277_\207\360\177\304\300\330a\274\203\201\001\257"
ARM GAS  /var/folders/_f/jzb7lsz153bclt069nvlpp5r0000gn/T//cck6lAEj.s 			page 13


 173      F07FC4C0 
 173      D861BC83 
 173      8101AF
 174 006d 79CE98C7 		.ascii	"y\316\230\307\310\271\\#1\325$\251\021\306T\213\004"
 174      C8B95C23 
 174      31D524A9 
 174      11C6548B 
 174      04
 175 007e B2169701 		.ascii	"\262\026\227\001\350\201\001\253\340\222\014\0250\317"
 175      E88101AB 
 175      E0920C15 
 175      30CF
 176 008c 17390C74 		.ascii	"\0279\014t.?3\317\3618g{\030\272\203\276\247\015\012"
 176      2E3F33CF 
 176      F138677B 
 176      18BA83BE 
 176      A70D0A
 177 009f B92093FB 		.ascii	"\271 \223\373\255ua^\311iUUua\272k\346XP\216s\316\226"
 177      AD75615E 
 177      C9695555 
 177      7561BA6B 
 177      E658508E 
 178 00b6 38836B90 		.ascii	"8\203k\220\011\327!\223\340n@\016f^\231\273\360\036"
 178      09D72193 
 178      E06E400E 
 178      665E99BB 
 178      F01E
 179 00c8 A4FD4055 		.ascii	"\244\375@U\336DS\243-\333\257\252\225\301\361n\265\000"
 179      DE4453A3 
 179      2DDBAFAA 
 179      95C1F16E 
 179      B500
 180 00da 8B246803 		.ascii	"\213$h\003ic\035\206\030\264C6f\317\216\214\217X\244"
 180      69631D86 
 180      18B44336 
 180      66CF8E8C 
 180      8F58A4
 181 00ed 83A2B2F3 		.ascii	"\203\242\262\363s$j\327*\023Z\245\014\035[+e\0067!\233"
 181      73246AD7 
 181      2A135AA5 
 181      0C1D5B2B 
 181      65063721 
 182 0102 D217BDDF 		.ascii	"\322\027\275\337\337\230\025/\322s\020+$\323\011\012"
 182      DF98152F 
 182      D273102B 
 182      24D3090A 
 183 0112 E0BD2B2D 		.ascii	"\340\275+-\250&\223\376\341\241\200\002;\001k\020\207"
 183      A82693FE 
 183      E1A18002 
 183      3B016B10 
 183      87
 184 0123 DA19E851 		.ascii	"\332\031\350Q!\214\024z2\2421\244\2221Q\314\014\004"
 184      218C147A 
 184      32A231A4 
 184      923151CC 
 184      0C04
 185 0135 6CA53736 		.ascii	"l\245762v2\0162id\322\3110\026\303?\015r\006\035\274"
ARM GAS  /var/folders/_f/jzb7lsz153bclt069nvlpp5r0000gn/T//cck6lAEj.s 			page 14


 185      3276320E 
 185      326964D2 
 185      C93016C3 
 185      3F0D7206 
 186 014b 4BAFA172 		.ascii	"K\257\241r\007\221\031\015\207\332\314\271W\221Ls\273"
 186      0791190D 
 186      87DACCB9 
 186      57914C73 
 186      BB
 187 015c BF5A0692 		.ascii	"\277Z\006\222\250]\320\005\271\324\235\215A\345\327"
 187      A85DD005 
 187      B9D49D8D 
 187      41E5D7
 188 016b A36C851B 		.ascii	"\243l\205\0330=2\275\272d\241I+\016\252\036\033\353"
 188      303D32BD 
 188      BA64A149 
 188      2B0EAA1E 
 188      1BEB
 189 017d F6989BA0 		.ascii	"\366\230\233\240\321\243\252\223k\375X\314W\220\363"
 189      D1A3AA93 
 189      6BFD58CC 
 189      5790F3
 190 018c 2D1A3104 		.ascii	"-\0321\004\240\011\030\266\011\326\206%R\270\251\331"
 190      A00918B6 
 190      09D68625 
 190      52B8A9D9 
 191 019c 64BB3F56 		.ascii	"d\273?V`\334\320\254\033\233aC*\020\310\361\272\372"
 191      60DCD0AC 
 191      1B9B6143 
 191      2A10C8F1 
 191      BAFA
 192 01ae A839AB05 		.ascii	"\2509\253\005g:9\021-\012z\233\325\265d\022\376\260"
 192      673A3911 
 192      2D0A7A9B 
 192      D5B56412 
 192      FEB0
 193 01c0 13BDFE36 		.ascii	"\023\275\3766d\021\006{\005\336h\225\377\234B\035\221"
 193      6411067B 
 193      05DE6895 
 193      FF9C421D 
 193      91
 194 01d1 32646919 		.ascii	"2di\0313\330\011\277,\011\265\364\005\302\265\006\355"
 194      33D809BF 
 194      2C09B5F4 
 194      05C2B506 
 194      ED
 195 01e2 35717A17 		.ascii	"5qz\027{\361\322H\212\220\012\272\275\253\227>YQ\021"
 195      7BF1D248 
 195      8A900ABA 
 195      BDAB973E 
 195      595111
 196 01f5 B64A212D 		.ascii	"\266J!-=\324\002\343\027\227\317\217\332\363\016\320"
 196      3DD402E3 
 196      1797CF8F 
 196      DAF30ED0 
 197 0205 6A7B51D8 		.ascii	"j{Q\330\027.\272\366A\036\215\247oj\227\006\230\362"
 197      172EBAF6 
ARM GAS  /var/folders/_f/jzb7lsz153bclt069nvlpp5r0000gn/T//cck6lAEj.s 			page 15


 197      411E8DA7 
 197      6F6A9706 
 197      98F2
 198 0217 0F84CB1F 		.ascii	"\017\204\313\037B\3236B\340pG \320\312\241_C\2308\223"
 198      42D33642 
 198      E0704720 
 198      D0CAA15F 
 198      43983893 
 199 022b E01A8411 		.ascii	"\340\032\204\021Q0RU\257KH\305\020V\327E\372\337\232"
 199      51305255 
 199      AF4B48C5 
 199      1056D745 
 199      FADF9A
 200 023e 88A62183 		.ascii	"\210\246!\203\301\000BbJ\203\236bB%\230(\026uv\031\364"
 200      C1004262 
 200      4A839E62 
 200      42259828 
 200      16757619 
 201 0253 61FF1226 		.ascii	"a\377\022&o\022\206\253\012Jqjc\206A\261\250\273\310"
 201      6F1286AB 
 201      0A4A716A 
 201      638641B1 
 201      A8BBC8
 202 0266 664B8253 		.ascii	"fK\202S$\230\364\204{\264I\222\271\030\366\350\223\263"
 202      2498F484 
 202      7BB44992 
 202      B918F6E8 
 202      93B3
 203 0278 6E4FE8FD 		.ascii	"nO\350\375u\241\017\204\320*_uH\322 l\210\002{3\005"
 203      75A10F84 
 203      D02A5F75 
 203      48D2206C 
 203      88027B33 
 204 028d 70CB6E2D 		.ascii	"p\313n-f\337\036\354C\001+\216NP\203\355\251\216\351"
 204      66DF1EEC 
 204      43012B8E 
 204      4E5083ED 
 204      A98EE9
 205 02a0 B00E816C 		.ascii	"\260\016\201l'X_\213M\237\305Fm\362\337q\207\326\351"
 205      27585F8B 
 205      4D9FC546 
 205      6DF2DF71 
 205      87D6E9
 206 02b3 3E823CC4 		.ascii	">\202<\304\022\344\002\303S:v\332\366\350=\0260\364"
 206      12E402C3 
 206      533A76DA 
 206      F6E83D16 
 206      30F4
 207 02c5 6943E8A7 		.ascii	"iC\350\247\352\217\372z\323\021\005\366\011\325\276"
 207      EA8FFA7A 
 207      D31105F6 
 207      09D5BE
 208 02d4 29EBFFD1 		.ascii	")\353\377\321{\262\216\033&z\351\342\303\226\305y\236"
 208      7BB28E1B 
 208      267AE9E2 
 208      C396C579 
 208      9E
ARM GAS  /var/folders/_f/jzb7lsz153bclt069nvlpp5r0000gn/T//cck6lAEj.s 			page 16


 209 02e5 008F03CF 		.ascii	"\000\217\003\317(r\237\005\300\006\274#\220\201\323"
 209      28729F05 
 209      C006BC23 
 209      9081D3
 210 02f4 9512010B 		.ascii	"\225\022\001\013\236}\240\034\234WN~\276S\373\035w\271"
 210      9E7DA01C 
 210      9C574E7E 
 210      BE53FB1D 
 210      77B9
 211 0306 4F169714 		.ascii	"O\026\227\0249\313N\271\235\356\023\256\222\3022\364"
 211      39CB4EB9 
 211      9DEE13AE 
 211      92C232F4 
 212 0316 0A4BCB8B 		.ascii	"\012K\313\213\313\213\363\335\014JS\205_\344:\355\372"
 212      CB8BF3DD 
 212      0C4A5385 
 212      5FE43AED 
 212      FA
 213 0327 0184F5D4 		.ascii	"\001\204\365\324\327"
 213      D7
 214              		.text
 215              		.section	.gnu.lto_chan_send_q_front.ea4befd2b9f0a395,"",%progbits
 216 0000 789C7D52 		.ascii	"x\234}R]KTQ\024=\353\234;\327q\356\370Q\010\301\320"
 216      5D4B5451 
 216      143DEB9C 
 216      3BD771EE 
 216      F85108C1 
 217 0015 4360A654 		.ascii	"C`\246T:/\365\356c\364'd\032\205 \020\314|\366\214N"
 217      3A2FF5EE 
 217      63F42764 
 217      1A852010 
 217      CC7CF68C 
 218 002a 08D18315 		.ascii	"\010\321\203\025\232eRi\366\241\246\245ij=L \226\014"
 218      9A655269 
 218      F6A1A6A5 
 218      696A3D4C 
 218      20960C
 219 003d 1581E528 		.ascii	"\025\201\345(j&*\332\027\232\222\016Y\323\336\367\016"
 219      6A262ADA 
 219      179A920E 
 219      59D3DEF7 
 219      0E
 220 004e A1160D33 		.ascii	"\241\026\0153\367\334\275g\355\265\366\332\373(\361"
 220      F7DCBD67 
 220      EDB5F6DA 
 220      FB28F1
 221 005d F7E708FD 		.ascii	"\367\347\010\375j\224\020G\351\204K@\326\276\022\"\344"
 221      6A941047 
 221      E9844B40 
 221      D6BE1222 
 221      E4
 222 006e 96D2A855 		.ascii	"\226\322\250UB{\224\216\012\241\275\012\206\2237\000"
 222      427B948E 
 222      0AA1BD0A 
 222      86933700 
 223 007e 7E111095 		.ascii	"~\021\020\225R\031\250\304\222\\\221\030\350\\{i-\312"
 223      5219A8C4 
ARM GAS  /var/folders/_f/jzb7lsz153bclt069nvlpp5r0000gn/T//cck6lAEj.s 			page 17


 223      925C9118 
 223      E85C7B69 
 223      2DCA
 224 0090 B814FB04 		.ascii	"\270\024\373\004\205\203\027_4\230\034\302\340\360G"
 224      8583175F 
 224      34981CC2 
 224      E0F047
 225 009f EBF29299 		.ascii	"\353\362\222\231\333\252\265^n\356\031\365\236=\026"
 225      DBAAB55E 
 225      6EEE19F5 
 225      9E3D16
 226 00ae 9752AC4A 		.ascii	"\227R\254J\201;\360\341.|Lw\017\271\204\274\265x\371"
 226      813BF0E1 
 226      2E7C4C77 
 226      0FB984BC 
 226      B578F9
 227 00c1 23D44170 		.ascii	"#\324ApUx\263\2511=\247E\353\252\310d\267.4\342R\241"
 227      5578B3A9 
 227      313DA745 
 227      EBAAC864 
 227      B72E34E2 
 228 00d7 0D6A6B1D 		.ascii	"\015jk\035\245\004\332\221C\350\205\221\311\021\257"
 228      A504DA91 
 228      43E88591 
 228      C911AF
 229 00e6 3A6C5776 		.ascii	":lWv~\215\3062\234\312M\247\322@\307\316JC\340>r\030"
 229      7E8DC632 
 229      9CCA4DA7 
 229      D240C7CE 
 229      4A43E03E 
 230 00fc BE12FE39 		.ascii	"\276\022\3769f\231aj/\223\273\242f:a\202\316\256\335"
 230      6699616A 
 230      2F93BBA2 
 230      663A6182 
 230      CEAEDD
 231 010f 119D48B4 		.ascii	"\021\235H\264<\1776f\"\015TC<,\347\342W\2239R\370\315"
 231      3C7F3666 
 231      220D5443 
 231      3C2CE7E2 
 231      57933952 
 232 0125 4D0F572A 		.ascii	"M\017W*?<\234\263`\023\2139\242\342Q\315\223Y:\325;"
 232      3F3C9CB3 
 232      60138B39 
 232      A2E251CD 
 232      93593AD5 
 233 013a 54ED62B9 		.ascii	"T\355b\271\361\341\2416+\3576\311\351+\265\354*\271"
 233      F1E1A136 
 233      2BEF36C9 
 233      E92BB5EC 
 233      2AB9
 234 014c 0874218F 		.ascii	"\010t!\217\331\305\004\252\276\037\027\353\322E\340"
 234      D9C504AA 
 234      BE1F17EB 
 234      D245E0
 235 015b E8ECC6AA 		.ascii	"\350\354\306\252\227'ifr\355\304Dw\310jBcH\353\231\253"
 235      97276966 
 235      72EDC444 
ARM GAS  /var/folders/_f/jzb7lsz153bclt069nvlpp5r0000gn/T//cck6lAEj.s 			page 18


 235      77C86A42 
 235      6348EB99 
 236 0170 D57B487C 		.ascii	"\325{H|\235zz\300#\304C4A\220Hd`X\261\203mR3\355-s\205"
 236      9D7A7AC0 
 236      23C44334 
 236      41904864 
 236      6058B183 
 237 018b EE2D62DD 		.ascii	"\356-b\335$F\202\\`3\307\353\352cV\366M\232\331\314"
 237      2446825C 
 237      6033C7EB 
 237      EA6356F6 
 237      4D9AD9CC 
 238 019f 74AC3812 		.ascii	"t\2548\022\276\241\177%\022\370\307\314\223\365=\310"
 238      BEA17F25 
 238      12F8C7CC 
 238      93F53DC8 
 239 01af 660EF116 		.ascii	"f\016\361\026\341X\365\352y\223\025\251ed;\210yR\242"
 239      E158F5EA 
 239      799315A9 
 239      65643B88 
 239      7952A2
 240 01c2 9BA3C84B 		.ascii	"\233\243\310K\337\312\350\005\227\3637\367\364~\356"
 240      DFCAE805 
 240      97F337F7 
 240      F47EEE
 241 01d1 F51B373B 		.ascii	"\365\0337;\242V(\354\335\270\376%\215\034\221T\012{"
 241      A25628EC 
 241      DDB8FE25 
 241      8D1C9154 
 241      0A7B
 242 01e3 79C41294 		.ascii	"y\304\022\224\277\266vi<#\377\020\257\256\227\214}\223"
 242      BFB67669 
 242      3C23FF10 
 242      AFAE978C 
 242      7D93
 243 01f5 B66A1FF2 		.ascii	"\266j\037\362y<}\037\366:\204)\377ah\37644\233\316\014"
 243      793C7D1F 
 243      F63A8429 
 243      FF6168FE 
 243      34349BCE 
 244 020a 128F6D06 		.ascii	"\022\217m\006^)\372\035\206\351\232M\351P\270\211\205"
 244      5E29FA1D 
 244      86E99A4D 
 244      E950B889 
 244      85
 245 021b 32D5F549 		.ascii	"2\325\365I\013\251\224\242\352\272h\377\224\207\333"
 245      0BA994A2 
 245      EABA68FF 
 245      9487DB
 246 022a 7465090C 		.ascii	"te\011\014\020%A\032\222\020\0179!\240\275\250skH\016"
 246      1025411A 
 246      92100F39 
 246      21A0BDA8 
 246      736B480E 
 247 023e FB8F3163 		.ascii	"\373\2171c\2331ZUD\305Y\306\302\240\275\250'\324\315"
 247      9B315A55 
 247      44C559C6 
ARM GAS  /var/folders/_f/jzb7lsz153bclt069nvlpp5r0000gn/T//cck6lAEj.s 			page 19


 247      C2A0BDA8 
 247      27D4CD
 248 0251 0E80DF06 		.ascii	"\016\200\337\006x\222\200\247\274I\236\241a_\234i\204"
 248      789280A7 
 248      BC499EA1 
 248      615F9C69 
 248      84
 249 0262 32E93A50 		.ascii	"2\351:Pj\001\300\001\237\374\334\223\205\375>\325\321"
 249      6A01C001 
 249      9FFCDC93 
 249      85FD3ED5 
 249      D1
 250 0273 EBA54B06 		.ascii	"\353\245K\006\306\320tr\013\012\374\316\367D x\252\244"
 250      C6D07472 
 250      0B0AFCCE 
 250      F7442078 
 250      AAA4
 251 0285 B4D85F7E 		.ascii	"\264\330_~:\350\017\236\014\224\026\225STTVQRQR\020"
 251      3AE80F9E 
 251      0C941695 
 251      53545456 
 251      51525152 
 252 029a 14284BB5 		.ascii	"\024(K\265\343\342\300\231\300o@\306F\036"
 252      E3E2C099 
 252      C06F40C6 
 252      461E
 253              		.text
 254              		.section	.gnu.lto_.symbol_nodes.ea4befd2b9f0a395,"",%progbits
 255 0000 789C6366 		.ascii	"x\234cf``\210d\200\002&\216z\006\206\011\347\030\030"
 255      60608864 
 255      8002268E 
 255      7A068609 
 255      E71818
 256 0013 EAEB19E7 		.ascii	"\352\353\031\347.\342``b\250g\204\362\031\346-\000\362"
 256      2EE26060 
 256      62A86784 
 256      F219E62D 
 256      00F2
 257 0025 99EB9950 		.ascii	"\231\353\231P\370,\365\314(|\326z\026d>3#\003C\323G"
 257      F82CF5CC 
 257      287CD67A 
 257      16643E33 
 257      230343D3 
 258 003a 3B06000B 		.ascii	";\006\000\013\231\026\341"
 258      9916E1
 259              		.text
 260              		.section	.gnu.lto_.refs.ea4befd2b9f0a395,"",%progbits
 261 0000 789C6366 		.ascii	"x\234cf```d\200\002\000\000=\000\005"
 261      60606064 
 261      80020000 
 261      3D0005
 262              		.text
 263              		.section	.gnu.lto_.decls.ea4befd2b9f0a395,"",%progbits
 264 0000 789CAD96 		.ascii	"x\234\255\226\177PSW\026\307\337y\367%$\221\037v\351"
 264      7F505357 
 264      16C7DF79 
 264      F7252491 
ARM GAS  /var/folders/_f/jzb7lsz153bclt069nvlpp5r0000gn/T//cck6lAEj.s 			page 20


 264      1F76E9
 265 0013 D61D67FF 		.ascii	"\326\035g\377@f\207n[%\226\335\356l\377Zw\2723\333\366"
 265      4066876E 
 265      5B2596DD 
 265      EE6CFF5A 
 265      77BA33DB 
 266 0028 8FCEEE4C 		.ascii	"\217\316\356L\375kw&M\223\247f\032\243\233\204N\335"
 266      FD6B7726 
 266      4D93A766 
 266      1AA39B84 
 266      4EDD
 267 003a BF1EE26F 		.ascii	"\277\036\342o\0211S\025p\313\244\242\374\320J\021-\242"
 267      11315315 
 267      70CBA4A2 
 267      FCD04A11 
 267      2DA2
 268 004c AE88A814 		.ascii	"\256\210\250\024E\005\301\337\250\004\024PY\021\204"
 268      4505C1DF 
 268      A8041450 
 268      591184
 269 005b 2A8A923D 		.ascii	"*\212\222=\367\336\227\274$\004\306\235\3317\\\362\316"
 269      F7DE97BC 
 269      2404C69D 
 269      D9375CF2 
 269      CE
 270 006c 7DE77ECF 		.ascii	"}\347~\317\347\234{\336\017\"\010B\000\004!\210Ge\242"
 270      E79C7BDE 
 270      0F220842 
 270      00042188 
 270      4765A2
 271 007f 20AC1505 		.ascii	" \254\025\005A\217s\177\301Ap\324\340x\212\343C\201"
 271      418F737F 
 271      C14170D4 
 271      E0788AE3 
 271      4381
 272 0091 1F3A1C2F 		.ascii	"\037:\034/\3515\\c\300\221\204#\005\204I\007\3651\340"
 272      E9355C63 
 272      C0918423 
 272      05844907 
 272      F531E0
 273 00a4 48C681B2 		.ascii	"H\306\201\262\302\307\252N\215\252\365\004G\277\252"
 273      C2C7AA4E 
 273      8DAAF504 
 273      47BFAA
 274 00b3 37826318 		.ascii	"7\202c\030\307(\216A\034C8@\325\210=X\334itg\342\365"
 274      C7288E41 
 274      1C433840 
 274      D5883D58 
 274      DC697467 
 275 00c9 71D55754 		.ascii	"q\325WT\375\343\351Pvc\034\235>\225\213j\375Q\345$\021"
 275      FDE3E950 
 275      76631C9D 
 275      3E958B6A 
 275      FD51E524 
 276 00de 5CC32A9B 		.ascii	"\\\303*\233!N\316ISh\306\352\321\030\222\2527\032\221"
 276      214ECE49 
 276      5368C6EA 
ARM GAS  /var/folders/_f/jzb7lsz153bclt069nvlpp5r0000gn/T//cck6lAEj.s 			page 21


 276      D11892AA 
 276      371A91
 277 00f1 3FA81AB1 		.ascii	"?\250\032\261G\312\377\240+F\350\202\020\177o\206E\330"
 277      47CAFFA0 
 277      2B46E882 
 277      107F6F86 
 277      45D8
 278 0103 7EF1DA21 		.ascii	"~\361\332!\211\210@\317K\013\273/\231\346\356Q\024e"
 278      898840CF 
 278      4B0BBB2F 
 278      99E6EE51 
 278      1465
 279 0115 9DD2D006 		.ascii	"\235\322\320\006\232\323\206\316\312s\011\3445\346\224"
 279      9AD386CE 
 279      CA7309E4 
 279      35E694
 280 0124 5376342F 		.ascii	"Sv4/\341\236\010o\230\330\245\374\226\342\023\204\231"
 280      E19E086F 
 280      98D8A5FC 
 280      96E21384 
 280      99
 281 0135 417A59F4 		.ascii	"AzY\364\335\031\335\015`\312X\247(+\225!\237B~!\300"
 281      DD19DD0D 
 281      60CA58A7 
 281      282B9521 
 281      9F427E21 
 282 014a DCD9F0D6 		.ascii	"\334\331\360\326l\001\366A\006\272A\005\314\025`\017"
 282      6C01F641 
 282      06BA4105 
 282      CC15600F 
 283 015a CC86BD30 		.ascii	"\314\206\2750[\330\205\301\206\216>\017\200\242H\360"
 283      5BD885C1 
 283      868E3E0F 
 283      80A248F0 
 284 016a 1D98A012 		.ascii	"\035\230\240\022\010\363@h\032\201\003\210\201\253\273"
 284      08F34068 
 284      1A810388 
 284      81ABBB
 285 0179 FF1A5FF4 		.ascii	"\377\032_\364\373\251D\307s[~NE\253P\264\\\023\305\030"
 285      FBA944C7 
 285      735B7E4E 
 285      45AB50B4 
 285      5C13C518 
 286 018d E1B40E57 		.ascii	"\341\264\016W\215\236\237\201\354\311\2464j\036\361"
 286      8D9E9F81 
 286      ECC9A634 
 286      6A1EF1
 287 019c 3517EAD1 		.ascii	"5\027\352\321L4I\324\354\274\231\3675$n\240!\013r\025"
 287      4C3449D4 
 287      ECBC99F7 
 287      35246EA0 
 287      210B7215 
 288 01b0 63733293 		.ascii	"cs2\223\252\306\030\3731\206\0005@\267\200\375\242\367"
 288      AAC618FB 
 288      31860035 
 288      40B780FD 
 288      A2F7
ARM GAS  /var/folders/_f/jzb7lsz153bclt069nvlpp5r0000gn/T//cck6lAEj.s 			page 22


 289 01c2 A98B9D7B 		.ascii	"\251\213\235{\365L\313\317\312\264\265\245\356\226\211"
 289      F54CCBCF 
 289      CAB4B5A5 
 289      EE9689
 290 01d1 89BD4ECD 		.ascii	"\211\275N\315\201\222\273u\"i\003vm\313\246\3061#\351"
 290      8192BB75 
 290      22690376 
 290      6DCBA6C6 
 290      3123E9
 291 01e4 E146EDE9 		.ascii	"\341F\355\351M\273\364d\220\031boG\240\310\020?\321"
 291      4DBBF464 
 291      9019626F 
 291      47A0C810 
 291      3FD1
 292 01f6 C353253A 		.ascii	"\303S%:P\356c\211\326!\335!-\321\252\210D+\207\375\005"
 292      50EE6389 
 292      D621DD21 
 292      2DD1AA88 
 292      442B87FD 
 293 020b 400AF92E 		.ascii	"@\012\371.\327\224\356\25652\322\005\324\334\265u\333"
 293      D794EEAE 
 293      3532D205 
 293      D4DCB575 
 293      DB
 294 021c 773A066A 		.ascii	"w:\006j\240\346\313\313\017N\032I)wm\351\031\033Id\256"
 294      A0E6CBCB 
 294      0F4E1A49 
 294      29776DE9 
 294      191B4964 
 295 0231 33A9597C 		.ascii	"3\251Y|\265w\2240W\221\232#\003\203eF\362=w\335zv\307"
 295      B5779430 
 295      57919A23 
 295      03836546 
 295      F23D77DD 
 296 0248 661D39C6 		.ascii	"f\0359\306\215\202n_\207D\232\304\250\206I\343\015\263"
 296      8D826E5F 
 296      87449AC4 
 296      A88649E3 
 296      0DB3
 297 025a 7D60ECA0 		.ascii	"}`\354\240\201\231\301 \2419\357\274\325\326m\204\014"
 297      8199C120 
 297      A139EFBC 
 297      D5D66D84 
 297      0C
 298 026b 136F85DA 		.ascii	"\023o\205\332^\326\012M\230L\243\226L\232\232\013\253"
 298      5ED60A4D 
 298      984CA396 
 298      4C9A9A0B 
 298      AB
 299 027c 8B92ABE8 		.ascii	"\213\222\253\350*\222\005\250\307*\034\307*\300i,M\232"
 299      2A9205A8 
 299      C72A1CC7 
 299      2AC0692C 
 299      4D9A
 300 028e 5A9A9338 		.ascii	"Z\232\2238y\012'Q\370@\317\340FSHx\374d\376\033T\270"
 300      790A2751 
 300      F840CFE0 
ARM GAS  /var/folders/_f/jzb7lsz153bclt069nvlpp5r0000gn/T//cck6lAEj.s 			page 23


 300      46534878 
 300      FC64FE1B 
 301 02a4 19854F68 		.ascii	"\031\205Oh\302M0\255\362\217\361\225W\037\370\326\031"
 301      C24D30AD 
 301      F28FF195 
 301      571FF8D6 
 301      19
 302 02b5 12AEDCB8 		.ascii	"\022\256\334\270\231\225\377,\0127h\302\315\323\013"
 302      9995FF2C 
 302      0A3768C2 
 302      CDD30B
 303 02c4 9F892B0C 		.ascii	"\237\211+\014\245\015%g%2\302\013\267s\315\275K\211"
 303      A50D2567 
 303      2532C20B 
 303      B773CDBD 
 303      4B89
 304 02d6 E419378E 		.ascii	"\344\0317\216\327\2175\231\310\0047\362\326\005\316"
 304      D78F3599 
 304      C80437F2 
 304      D605CE
 305 02e5 98C85A12 		.ascii	"\230\310Z\022U\3379\274\276];\236\35522\223>\311S(n"
 305      55DF39BC 
 305      BE5D3B9E 
 305      ED323293 
 305      3EC95328 
 306 02fa 739F529A 		.ascii	"s\237R\232\034\256\260\257\351\227\224\267\035y/h\274"
 306      1CAEB0AF 
 306      E99794B7 
 306      1D792F68 
 306      BC
 307 030b 73227179 		.ascii	"s\"qy\277\013\341f\207\213\210;G\305m\305\3116^\207"
 307      BF0BE166 
 307      878B883B 
 307      47C56DC5 
 307      C9365E87 
 308 031f D32FEA57 		.ascii	"\323/\352W\351B\355:i\321\2458\213\324[\323\307\366"
 308      E942ED3A 
 308      69D1A538 
 308      8BD45BD3 
 308      C7F6
 309 0331 A20311CE 		.ascii	"\242\003\021\316k\010\355Z\307\212e\003?<O\014!\017"
 309      6B08ED5A 
 309      C78A6503 
 309      3F3C4F0C 
 309      210F
 310 0343 F4F3125F 		.ascii	"\364\363\022_A\377s\232\177\007L\313|9.3\214\354U\276"
 310      41FF739A 
 310      7F074CCB 
 310      7C392E33 
 310      8CEC55BE 
 311 0357 26C4C76A 		.ascii	"&\304\307j'\225\354Y\337%AjzF\372\026\014\244\024\370"
 311      2795EC59 
 311      DF25416A 
 311      7A46FA16 
 311      0CA414F8 
 312 036b 95055E01 		.ascii	"\225\005^\001\216\242\367\277\331=~\015R\251\000\334"
 312      8EA2F7BF 
ARM GAS  /var/folders/_f/jzb7lsz153bclt069nvlpp5r0000gn/T//cck6lAEj.s 			page 24


 312      D93D7E0D 
 312      52A900DC 
 313 037b 40ADEB90 		.ascii	"@\255\353\220\016\235\220\316\"\3721b\340z\373g\015"
 313      0E9D90CE 
 313      22FA3162 
 313      E07AFB67 
 313      0D
 314 038c 2B09DBF8 		.ascii	"+\011\333\370\026\244\242\276\341\375\3755]\3756\376"
 314      16A4A2BE 
 314      E1FDFD35 
 314      5DFD36FE 
 315 039c 631907AE 		.ascii	"c\031\007\256e\031\350uAEW\017\246r\243\335\336\260"
 315      6519E875 
 315      4145570F 
 315      A672A3DD 
 315      DEB0
 316 03ae 8AB0DCAE 		.ascii	"\212\260\334\256\252*\341\024\230J5%\2415y\334?\334"
 316      AA2AE114 
 316      984A3525 
 316      A13579DC 
 316      3FDC
 317 03c0 A6878C54 		.ascii	"\246\207\214T\246\330\251\007\270\205\276\307\264z\320"
 317      A6D8A907 
 317      B885BEC7 
 317      B47AD0
 318 03cf 00EC8897 		.ascii	"\000\354\210\227\013\334\304\024\246J\007\313RqgK\275"
 318      0BDCC414 
 318      A64A07CB 
 318      5271674B 
 318      BD
 319 03e0 9E14F296 		.ascii	"\236\024\362\226*V\272\017\314 ~f\350\362\332+\037&"
 319      2A56BA0F 
 319      CC207E66 
 319      E8F2DA2B 
 319      1F26
 320 03f2 417A6A7A 		.ascii	"Azjzz\206\237\355\306>\337\3539\212\277\221\307\277"
 320      7A869FED 
 320      C63EDFEB 
 320      398ABF91 
 320      C7BF
 321 0404 8DF1BBF1 		.ascii	"\215\361\273\3617\034'\202\231s(\214\343\000^?\310j"
 321      371C2782 
 321      9973288C 
 321      E3005E3F 
 321      C86A
 322 0416 DAAD42DC 		.ascii	"\332\255B\334E\210;\010\021\300\321\243\325U\011\234"
 322      45883B08 
 322      11C0D1A3 
 322      D555099C 
 323 0426 AD976845 		.ascii	"\255\227hE\250zW\254:\337\026.\317\312\327\334\366\367"
 323      A87A57AC 
 323      3ADF162E 
 323      CFCAD7DC 
 323      F6F7
 324 0438 861CC21E 		.ascii	"\206\034\302\036~GTg\365\201\031\263\005\307q\013\272"
 324      7E475467 
 324      F58119B3 
ARM GAS  /var/folders/_f/jzb7lsz153bclt069nvlpp5r0000gn/T//cck6lAEj.s 			page 25


 324      05C7710B 
 324      BA
 325 0449 276D0196 		.ascii	"'m\001\226\365~Y\365\004\011\225\265\005\313\332\207"
 325      F57E59F5 
 325      040995B5 
 325      05CBDA87 
 326 0459 1AB55A59 		.ascii	"\032\265ZY\273\243\313\032\235\016\364b\026\323e\204"
 326      BBA3CB1A 
 326      9D0EF462 
 326      16D36584 
 327 0469 D56C6AFD 		.ascii	"\325lj\375\327eS\324\213\244/b\223\005\350\347/\022"
 327      D76553D4 
 327      8BA42F62 
 327      9305E8E7 
 327      2F12
 328 047b F4FCF66A 		.ascii	"\364\374\366j~E\002\351\342\233\260\363\376\376\355"
 328      7E4502E9 
 328      E29BB0F3 
 328      FEFEED
 329 048a 84DCE5C6 		.ascii	"\204\334\345\306\365\362\307\355\006\362\220\033\337"
 329      F5F2C7ED 
 329      06F2901B 
 329      DF
 330 0497 3CA82CD3 		.ascii	"<\250,\323\221\021n\264\235\311\351L!c$\352\201\235"
 330      91116EB4 
 330      9DC9E94C 
 330      216324EA 
 330      819D
 331 04a9 C81ED809 		.ascii	"\310\036\330\011\333\312:n$\360\255KOg\265\275^\245"
 331      DBCA3A6E 
 331      24F0AD4B 
 331      4F67B5BD 
 331      5EA5
 332 04bb 6F9E0F1F 		.ascii	"o\236\017\037\233`\000\023|\024\331k\221\225\215\277"
 332      9B600013 
 332      7C14D96B 
 332      91958DBF 
 333 04cb 718FD434 		.ascii	"q\217\3244\037c\232C\230\342\010\216Q\034\2038\206#"
 333      1F639A43 
 333      98E2088E 
 333      511C8338 
 333      8623
 334 04dd 6F8C0B6D 		.ascii	"o\214\013m\254\2451/\270\027\033F\333\025\306s#\304"
 334      ACA5312F 
 334      B8171B46 
 334      DB15C673 
 334      23C4
 335 04ef F39F58C7 		.ascii	"\363\237X\307\207\020\275\177\347q\377\036\305\273\205"
 335      8710BD7F 
 335      E771FF1E 
 335      C5BB85
 336 04fe 94406B48 		.ascii	"\224@kH\344~\334h\341nQ\374\327j\224\005H\206\256\017"
 336      E47EDC68 
 336      E16E51FC 
 336      D76A9405 
 336      4886AE0F 
 337 0512 E2E7FFB6 		.ascii	"\342\347\377\266z\257\345\327\034Zo\214\274\327\236"
ARM GAS  /var/folders/_f/jzb7lsz153bclt069nvlpp5r0000gn/T//cck6lAEj.s 			page 26


 337      7AAFE5D7 
 337      1C5A6F8C 
 337      BCD79E
 338 0521 A0EF0F5A 		.ascii	"\240\357\017ZS<\232\266)~\302\012\275J\265p\307\202"
 338      533C9AB6 
 338      297EC20A 
 338      BD4AB570 
 338      C782
 339 0533 15C58586 		.ascii	"\025\305\205\206\250\346x\022\325\034O\325\257\214\247"
 339      A8E67812 
 339      D51C4FD5 
 339      AF8CA7
 340 0542 EC2BA3B1 		.ascii	"\354+\243\261\265n\033H\370i\007\037\232\340o\3543\345"
 340      B56E1B48 
 340      F869071F 
 340      9AE06FEC 
 340      33E5
 341 0554 E8CDD60A 		.ascii	"\350\315\326\012>\205\037\"0\006l\362\305\251\007GD"
 341      3E851F22 
 341      30066CF2 
 341      C5A90747 
 341      44
 342 0565 3689EBE0 		.ascii	"6\211\353\340\031\237\374\361\346\205\306\344Y[\031"
 342      199FFCF1 
 342      E685C6E4 
 342      595B19
 343 0574 70AE3253 		.ascii	"p\2562S\242e\320\002\215\303,\374\377\034$\316u\242"
 343      A265D002 
 343      8DC32CFC 
 343      FF1C24CE 
 343      75A2
 344 0586 EF60504F 		.ascii	"\357`PO^\362\266\332sfG\271>\255Di\250\036\332\267\177"
 344      5EF2B6DA 
 344      736647B9 
 344      3EAD4469 
 344      A81EDAB7 
 345 059b F4ADA202 		.ascii	"\364\255\242\002\377Je\"\030\004E\244\313\340E\270."
 345      FF4A6522 
 345      180445A4 
 345      CBE045B8 
 345      2E
 346 05ac 023D67A9 		.ascii	"\002=g\251\301KH{\025\340\211x\300\301W\001\316\021"
 346      C14B487B 
 346      15E08978 
 346      C0C15701 
 346      CE11
 347 05be 29B022AA 		.ascii	")\260\"\252\300\333o\347\341\333\362\230\304\200\213"
 347      C0DB6FE7 
 347      E1DBF298 
 347      C4808B
 348 05cd 0AEE5626 		.ascii	"\012\356V&!\260\277Z)R\374\242\202oBd\305\025\260R\324"
 348      21B0BF5A 
 348      2952FCA2 
 348      826F4264 
 348      C515B052 
 349 05e2 58F19CB3 		.ascii	"X\361\234\263\346\212\2245\257\263$?\2311\320\373\223"
 349      E68A9435 
ARM GAS  /var/folders/_f/jzb7lsz153bclt069nvlpp5r0000gn/T//cck6lAEj.s 			page 27


 349      AFB3243F 
 349      9931D0FB 
 349      93
 350 05f3 C32AF76E 		.ascii	"\303*\367n\327'\206\271V\211l\362a\375\370@\322\224"
 350      D72786B9 
 350      56896CF2 
 350      61FDF840 
 350      D294
 351 0605 5C6B18D7 		.ascii	"\\k\030\327\352\020W\335\351\362\"B.p\256oZ\356\374"
 351      EA1057DD 
 351      E9F22242 
 351      2E70AE6F 
 351      5AEEFC
 352 0618 A4675CFE 		.ascii	"\244g\\\376\373\264\025\225\027\370\021DW\300\332\010"
 352      FBB41595 
 352      17F81144 
 352      57C0DA08 
 353 0628 AEB521AE 		.ascii	"\256\265!\256u\214\353YQ\3356=c\240w\024\347Z}n\360"
 353      758CEB59 
 353      51DD363D 
 353      63A07714 
 353      E75A7D6E 
 354 063d 0A0973AD 		.ascii	"\012\011s\255\347\\WN\214V\301\224\\\033\031\327\206"
 354      E75C574E 
 354      8C56C194 
 354      5C1B19D7 
 354      86
 355 064e 10576FD1 		.ascii	"\020Wo\321\352C\311\244\207s\215\370\373\317\213\234"
 355      EA43C9A4 
 355      87738DF8 
 355      FBCF8B9C 
 356 065e 6B42E3C2 		.ascii	"kB\343\302\025\220\027\301\225\027\342\332\304\270."
 356      159017C1 
 356      9517E2DA 
 356      C4B82E
 357 066d 95351E4E 		.ascii	"\2255\036N!O\270\302\232\211.3\027(.\3257+\015\301\340"
 357      214FB8C2 
 357      9A892E33 
 357      17282ED5 
 357      372B0DC1 
 358 0682 1FD8FAFC 		.ascii	"\037\330\372\374\210\365\371\241\365\233\331\372\332"
 358      88F5F9A1 
 358      F59BD9FA 
 358      DA
 359 068f C34DC529 		.ascii	"\303M\305)Q\255O\233I\003.\020y\353\323\337\204l\207"
 359      51AD4F9B 
 359      49032E10 
 359      79EBD3DF 
 359      846C87
 360 06a2 CBFB7B8B 		.ascii	"\313\373{\213W\377\347O\026\246} \030-\026u\302b\316"
 360      57FFE74F 
 360      16A67D20 
 360      182D1675 
 360      C262CE
 361 06b5 F6B8CDCE 		.ascii	"\366\270\315\316e6\253\323\374\201\354tZ\335\346\305"
 361      6536ABD3 
 361      FC81EC74 
ARM GAS  /var/folders/_f/jzb7lsz153bclt069nvlpp5r0000gn/T//cck6lAEj.s 			page 28


 361      5ADDE6C5 
 362 06c5 36DB3CAB 		.ascii	"6\333<\253{\351<\3272\227<O\266~\356\230\367\333\367"
 362      7BE93CD7 
 362      32973C4F 
 362      B67EEE98 
 362      F7DBF7
 363 06d8 CD59F3DF 		.ascii	"\315Y\363\337}o\376\373Y\357\231\243\256\230\035.\233"
 363      7D6FFEFB 
 363      59EF99A3 
 363      AE981D2E 
 363      9B
 364 06e9 33DB2E9B 		.ascii	"3\333.\233\227ZmK\034.\331l\261\313\213\254\331N\257"
 364      975A6D4B 
 364      1C2ED96C 
 364      B1CB8BAC 
 364      D94EAF
 365 06fc C5BB62B9 		.ascii	"\305\273b\271\354\311\\\"|\372\377\321\367\254\360\230"
 365      ECC95C22 
 365      7CFAFFD1 
 365      F7ACF098 
 366 070c 2D1EAF1D 		.ascii	"-\036\257\035\241Q\3645\333\022\253\313\342\221]v\313"
 366      A151F435 
 366      DB12ABCB 
 366      E2915D76 
 366      CB
 367 071d 3FB2E56C 		.ascii	"?\262\345l\331\342\235\301\014\273\325k\265x\245\205"
 367      D9E29DC1 
 367      0CBBD56B 
 367      B578A585 
 368 072d 0B3FFAD3 		.ascii	"\013?\372\323\25723\315\374\357s\253\355\013\274\030"
 368      AF3233CD 
 368      FCEF73AB 
 368      ED0BBC18 
 369 073d 96A26448 		.ascii	"\226\242dHI\341L\266e.\257\374\225\327\342\260\317\260"
 369      49E14CB6 
 369      652EAFFC 
 369      95D7E2B0 
 369      CFB0
 370 074f 59975ABE 		.ascii	"Y\227Z\276\264:\251X\022\377]\344\264.\366X\274\006"
 370      B43AA958 
 370      12FF5DE4 
 370      B42EF658 
 370      BC06
 371 0761 5AA9777F 		.ascii	"Z\251w\177g\361\232x\321\350\351\234)\325\331\"\224"
 371      67F19A78 
 371      D1E8E99C 
 371      29D5D922 
 371      94
 372 0772 D6B11369 		.ascii	"\326\261\023i\341G\237|\312\004~\223\025\026\240\247"
 372      E1479F7C 
 372      CA047E93 
 372      1516A0A7 
 373 0782 3A162261 		.ascii	":\026\"a\251\354\361X\027\313?\263;\334\336\025,\240"
 373      A9ECF158 
 373      17CB3FB3 
 373      3BDCDE15 
 373      2CA0
ARM GAS  /var/folders/_f/jzb7lsz153bclt069nvlpp5r0000gn/T//cck6lAEj.s 			page 29


 374 0794 65F93274 		.ascii	"e\3712t\221\335\357L\031!&w\214%\321\274\0156\353r\253"
 374      91DDEF4C 
 374      19212677 
 374      8C25D1BC 
 374      0D36EB72 
 375 07a9 CDE15DA1 		.ascii	"\315\341]\241[\344\306\254$\267luK\036\307?\345Y\021"
 375      5BE4C6AC 
 375      24B76C75 
 375      4B1EC73F 
 375      E55911
 376 07bc 0B2C0E97 		.ascii	"\013,\016\227\303\233\271\334\352\366ff\2759)\202\307"
 376      C39BB9DC 
 376      EAF66666 
 376      BD392982 
 376      C7
 377 07cd 6D9BA4   		.ascii	"m\233\244"
 378 07d0 6E1366C6 		.ascii	"n\023f\306\256O\215\234\220]\314/j\316.\263\271\310"
 378      AE4F8D9C 
 378      905DCC2F 
 378      6ACE2EB3 
 378      B9C8
 379 07e2 5DB230A8 		.ascii	"]\2620\250\377\002\262\230\256\025"
 379      FF02B298 
 379      AE15
 380              		.text
 381              		.section	.gnu.lto_.symtab.ea4befd2b9f0a395,"",%progbits
 382 0000 6368616E 		.ascii	"chan_send_q_init\000\000\000\000\000\000\000\000\000"
 382      5F73656E 
 382      645F715F 
 382      696E6974 
 382      00000000 
 383 0019 00000003 		.ascii	"\000\000\000\003\001\000\000chan_send_q_enqueue\000"
 383      01000063 
 383      68616E5F 
 383      73656E64 
 383      5F715F65 
 384 0034 00000000 		.ascii	"\000\000\000\000\000\000\000\000\000\000\000\010\001"
 384      00000000 
 384      00000008 
 384      01
 385 0041 00006368 		.ascii	"\000\000chan_send_q_dequeue\000\000\000\000\000\000"
 385      616E5F73 
 385      656E645F 
 385      715F6465 
 385      71756575 
 386 005c 00000000 		.ascii	"\000\000\000\000\000\000\015\001\000\000chan_send_q"
 386      00000D01 
 386      00006368 
 386      616E5F73 
 386      656E645F 
 387 0071 5F66726F 		.ascii	"_front\000\000\000\000\000\000\000\000\000\000\000\000"
 387      6E740000 
 387      00000000 
 387      00000000 
 387      0000
 388 0083 0F010000 		.ascii	"\017\001\000\000"
 389              		.text
ARM GAS  /var/folders/_f/jzb7lsz153bclt069nvlpp5r0000gn/T//cck6lAEj.s 			page 30


 390              		.section	.gnu.lto_.opts,"",%progbits
 391 0000 272D6666 		.ascii	"'-ffp-contract=off' '-fno-trapv' '-mcpu=cortex-m4' "
 391      702D636F 
 391      6E747261 
 391      63743D6F 
 391      66662720 
 392 0033 272D6D74 		.ascii	"'-mthumb' '-mfloat-abi=hard' '-mfpu=fpv4-sp-d16' '-"
 392      68756D62 
 392      2720272D 
 392      6D666C6F 
 392      61742D61 
 393 0066 67676462 		.ascii	"ggdb' '-O2' '-fomit-frame-pointer' '-falign-functio"
 393      2720272D 
 393      4F322720 
 393      272D666F 
 393      6D69742D 
 394 0099 6E733D31 		.ascii	"ns=16' '-ffunction-sections' '-fdata-sections' '-fn"
 394      36272027 
 394      2D666675 
 394      6E637469 
 394      6F6E2D73 
 395 00cc 6F2D636F 		.ascii	"o-common' '-flto' '-fsingle-precision-constant'\000"
 395      6D6D6F6E 
 395      2720272D 
 395      666C746F 
 395      2720272D 
 396              		.text
 397              		.comm	__gnu_lto_v1,1,1
 398              		.comm	__gnu_lto_slim,1,1
 399              		.ident	"GCC: (GNU Tools for ARM Embedded Processors) 4.9.3 20150529 (release) [ARM/embedded-4_9-br
ARM GAS  /var/folders/_f/jzb7lsz153bclt069nvlpp5r0000gn/T//cck6lAEj.s 			page 31


DEFINED SYMBOLS
                            *ABS*:0000000000000000 chan_send_queue.c
                            *COM*:0000000000000001 __gnu_lto_v1
                            *COM*:0000000000000001 __gnu_lto_slim

NO UNDEFINED SYMBOLS
