ARM GAS  /var/folders/_f/jzb7lsz153bclt069nvlpp5r0000gn/T//ccIpkDDh.s 			page 1


   1              		.syntax unified
   2              		.cpu cortex-m4
   3              		.eabi_attribute 27, 1
   4              		.eabi_attribute 28, 1
   5              		.fpu fpv4-sp-d16
   6              		.eabi_attribute 20, 1
   7              		.eabi_attribute 21, 1
   8              		.eabi_attribute 23, 3
   9              		.eabi_attribute 24, 1
  10              		.eabi_attribute 25, 1
  11              		.eabi_attribute 26, 1
  12              		.eabi_attribute 30, 2
  13              		.eabi_attribute 34, 1
  14              		.eabi_attribute 18, 4
  15              		.thumb
  16              		.file	"chan_recv_queue.c"
  17              		.text
  18              	.Ltext0:
  19              		.section	.gnu.lto_.profile.f917d316073b665e,"",%progbits
  20 0000 789C6366 		.ascii	"x\234cf```a\200\000F\206\342`\000\001\255\000\317"
  20      60606061 
  20      80004686 
  20      E2600001 
  20      AD00CF
  21              		.text
  22              		.section	.gnu.lto_.jmpfuncs.f917d316073b665e,"",%progbits
  23 0000 789C6DC8 		.ascii	"x\234m\310\261\015\000 \020BQ\376\241q&'\263\274\325"
  23      B10D0020 
  23      104251FE 
  23      A1712627 
  23      B3BCD5
  24 0013 D5A89D14 		.ascii	"\325\250\235\024<\202\365O\277V\031h\231\311\033\366"
  24      3C82F54F 
  24      BF561968 
  24      99C91BF6 
  25 0023 10F26057 		.ascii	"\020\362`WH\021\024\257;`Q\016\232\345\322\007\350"
  25      481114AF 
  25      3B60510E 
  25      9AE5D207 
  25      E8
  26              		.text
  27              		.section	.gnu.lto_.inline.f917d316073b665e,"",%progbits
  28 0000 789C858E 		.ascii	"x\234\205\216\261jBA\020E\357\314\254\2765\357\361\202"
  28      B16A4241 
  28      1045EFCC 
  28      ACBE35EF 
  28      F182
  29 0012 820625A0 		.ascii	"\202\006%\240V\376\206M\254B\376 `\243\350_l\271\245"
  29      56FE864D 
  29      AC42FE20 
  29      60A3E85F 
  29      6CB9A5
  30 0025 1F10885D 		.ascii	"\037\020\210]^\252\374\202\245]Hgg\023\210\255\235\351"
  30      5EAAFC82 
  30      A55D4867 
  30      671388AD 
  30      9DE9
ARM GAS  /var/folders/_f/jzb7lsz153bclt069nvlpp5r0000gn/T//ccIpkDDh.s 			page 2


  31 0037 9CD9A411 		.ascii	"\234\331\244\021\002\331\205\271\263\367rfV\360\367"
  31      02D985B9 
  31      B3F77266 
  31      56F0F7
  32 0046 79A41FAD 		.ascii	"y\244\037\255\001W\015\"\326\247\324\342\010y5a\270"
  32      01570D22 
  32      D6A7D4E2 
  32      08793561 
  32      B8
  33 0057 75DF5948 		.ascii	"u\337YH(Kj\320\342\310\264\377|\377\360\007\376f\263"
  33      284B6AD0 
  33      E2C8B4FF 
  33      7CFFF007 
  33      FE66B3
  34 006a 5FA8075A 		.ascii	"_\250\007Z&\301E\250S\2502w\231\204g\032~\255\252\267"
  34      26C145A8 
  34      53A83277 
  34      9984671A 
  34      7EADAAB7 
  35 007e C242CE41 		.ascii	"\302B\316A\257\346\316\223\020\245\0150H\177\201\372"
  35      AFE6CE93 
  35      10A50D30 
  35      487F81FA 
  36 008e BA9F3607 		.ascii	"\272\2376\007\255\36168\017\367\324\015~\340\3237K\004"
  36      ADF13638 
  36      0FF7D40D 
  36      7EE0D337 
  36      4B04
  37 00a0 D256560F 		.ascii	"\322VV\017v\031\335!\261\3222\265\202\372\360\020\005"
  37      7619DD21 
  37      B1D232B5 
  37      82FAF010 
  37      05
  38 00b1 F9E94EBD 		.ascii	"\371\351N\275]\346\030\022o\234\265>\031i\204\240\367"
  38      5DE61812 
  38      6F9CB53E 
  38      196984A0 
  38      F7
  39 00c2 CBD85A19 		.ascii	"\313\330Z\031g\203\355\211Ql\357\325\333\030c\325\212"
  39      6783ED89 
  39      516CEFD5 
  39      DB1863D5 
  39      8A
  40 00d3 32B2E978 		.ascii	"2\262\351xp\270.\014th5/\300v|&dq\364\037\21032\255"
  40      70B82E0C 
  40      7468352F 
  40      C0767C26 
  40      6471F41F 
  41 00eb 393F     		.ascii	"9?"
  42              		.text
  43              		.section	.gnu.lto_.pureconst.f917d316073b665e,"",%progbits
  44 0000 789C6366 		.ascii	"x\234cf``\340f\200\000V\006)F\011&)f)\026)\000\004\010"
  44      6060E066 
  44      80005606 
  44      29460926 
  44      29662916 
  45 0018 009E     		.ascii	"\000\236"
ARM GAS  /var/folders/_f/jzb7lsz153bclt069nvlpp5r0000gn/T//ccIpkDDh.s 			page 3


  46              		.text
  47              		.section	.gnu.lto_chan_recv_q_init.part.2.f917d316073b665e,"",%progbits
  48 0000 789C9592 		.ascii	"x\234\225\222\333KTQ\024\306\367\267\367\2313\223\223"
  48      DB4B5451 
  48      14C6F7B7 
  48      F7993393 
  48      93
  49 0011 177A1C82 		.ascii	"\027z\034\202\002\023!t\354\275\227\350\251\307\376"
  49      02132174 
  49      ECBD97E8 
  49      A9C7FE
  50 0020 8341C713 		.ascii	"\203A\307\023I)x\013\352\305\243NFO\205AE*f:\231Y\343"
  50      4929780B 
  50      EAC5A34E 
  50      464F8541 
  50      452A663A 
  51 0037 A4696917 		.ascii	"\244ii\027%\"|\311.\220\242\204]\030K-a4i\034*\247\265"
  51      25227CC9 
  51      2E90A284 
  51      5D184B2D 
  51      6134691C 
  52 004e F6B1487B 		.ascii	"\366\261H{(7\347\260\366\332g}\277\275.G\211\277W\036"
  52      2837E7B0 
  52      F6DA677D 
  52      BFBD2E47 
  52      89BF571E 
  53 0062 BDAF9410 		.ascii	"\275\257\224\020\373\311\302%`\234\035\243\215\001\251"
  53      FBC9C225 
  53      609C1DA3 
  53      8D01A9
  54 0071 AD84625B 		.ascii	"\255\204b[\353Q\000o\004D\215!\025j0'\027%\006#\313"
  54      EB51006F 
  54      04448D21 
  54      156A3027 
  54      17250623 
  55 0086 4FBDB332 		.ascii	"O\275\2632)\305NA\356P\343\350E\223]\030\354~\013\307"
  55      29C54E41 
  55      EE50E3E8 
  55      45935D18 
  55      EC7E0BC7 
  56 009a E7CCDCB0 		.ascii	"\347\314\334\260m\333\361G\2353\007G\214\244\224\342"
  56      6DDBF147 
  56      9D330747 
  56      8CA494E2 
  57 00aa 8B14E884 		.ascii	"\213\024\350\204\017\327\340c\\\027r)\262c\366\302<"
  57      0FD7E063 
  57      5C177229 
  57      B263F6C2 
  57      3C
  58 00bb D46EB02A 		.ascii	"\324n\260*\364\275\245)#\247\335\266\353F&{\355}$R\270"
  58      F4BDA529 
  58      23A7DDB6 
  58      EB46267B 
  58      ED7D2452 
  59 00d0 0EF5A78E 		.ascii	"\016\365\247\216\216\004\272\221C\321\363\023\357F\275"
  59      8E04BA91 
  59      43D1F313 
ARM GAS  /var/folders/_f/jzb7lsz153bclt069nvlpp5r0000gn/T//ccIpkDDh.s 			page 4


  59      EF46BD
  60 00df 2A4F2BAF 		.ascii	"*O+\257\256D\272\274\216r\301Q\032\270\261Qi\010\334"
  60      AE44BABC 
  60      8E72C151 
  60      1AB8B151 
  60      6908DC
  61 00f2 D4CA973D 		.ascii	"\324\312\227=}\003\351j\217V.E?\037r\204g\332\315\003"
  61      7D03E96A 
  61      8F562E45 
  61      3F1F7284 
  61      67DACD03 
  62 0106 49E94264 		.ascii	"I\351Bd\243\216Z\323\203\034\016\376\032\011G\335j\257"
  62      A38E5AD3 
  62      831C0EFE 
  62      1A0947DD 
  62      6AAF
  63 0118 16B626DB 		.ascii	"\026\266&\333.\031\331m\244|;\374\274x$t\331^M\245\300"
  63      2E19D96D 
  63      A47C3BFC 
  63      BC782474 
  63      D95E4DA5 
  64 012d 80E87A80 		.ascii	"\200\350z\200\263H\261\030\3721\3415C\324\224,\334B"
  64      B348B118 
  64      FA31E135 
  64      43D4942C 
  64      DC42
  65 013f 36F783DA 		.ascii	"6\367\203\332\320\013\023d\370\244g\233m\247R\037\307"
  65      D00B1364 
  65      F8A4679B 
  65      6DA7521F 
  65      C7
  66 0150 6426C057 		.ascii	"d&\300W\022\204N\025\245@\345p\325.\316\306d\337\015"
  66      12844E15 
  66      A540E570 
  66      D52ECEC6 
  66      64DF0D
  67 0163 AEC5C35B 		.ascii	"\256\305\303[!b\364\362\210bT\"Y5C\207l\247P\337\334"
  67      2162F4F2 
  67      88625422 
  67      59354387 
  67      6CA750DF 
  68 0178 B05AEFE2 		.ascii	"\260Z\357\342;\022R&(\005\211\304\311\370\3514\236\224"
  68      3B125226 
  68      280589C4 
  68      C9F8E934 
  68      9E94
  69 018a 6BAB401F 		.ascii	"k\253@\037\3457N\243\346$\350*\012\022S\250\233>\365"
  69      E5374EA3 
  69      E624E82A 
  69      0A1253A8 
  69      9B3EF5
  70 019d 64593922 		.ascii	"dY9\"\265v\324\010\366I\376&\366\354\205\207\345J\327"
  70      B576D408 
  70      F649FE26 
  70      F6EC8587 
  70      E54AD7
  71 01b0 D4BFD2BA 		.ascii	"\324\277\322\272\220\336\202\246Z\333\366$%\011\014"
ARM GAS  /var/folders/_f/jzb7lsz153bclt069nvlpp5r0000gn/T//ccIpkDDh.s 			page 5


  71      90DE82A6 
  71      5ADBF624 
  71      25090C
  72 01bf DCE69AE9 		.ascii	"\334\346\232\351\323\225O\217\337g\344wS\271z\374\350"
  72      D3954F8F 
  72      DF67E477 
  72      53B97AFC 
  72      E8
  73 01d0 470B96B8 		.ascii	"G\013\226\270d\201\001\344\023\232\271\361x\207\177"
  73      648101E4 
  73      139AB9F1 
  73      78877F
  74 01df 8DFC7FA8 		.ascii	"\215\374\177\250\035\214\272\243Q`\324]\344#\333\247"
  74      1D8CBAA3 
  74      5160D45D 
  74      E423DBA7 
  75 01ef 536CCBD8 		.ascii	"Sl\313\330\024I'5\250Iz\020C\277H\365\215\015\343\261"
  75      14492735 
  75      A8497A10 
  75      43BF48F5 
  75      8D0DE3B1 
  76 0203 B5A6B9A8 		.ascii	"\265\246\271\250~\256\272)\331\261E7-E+S\340\036|N\247"
  76      7EAEBA29 
  76      D9B14537 
  76      2D452B53 
  76      E01E7C4E 
  77 0218 62700239 		.ascii	"bp\0029v]\2436\221\304}\235\204\342$\036pgL\006\235"
  77      765DA336 
  77      91C47D9D 
  77      84E2241E 
  77      70674C06 
  78 022d 5F0C6FFF 		.ascii	"_\014o\3777\252y\371\334d\346o\224\033\0175\312`\324"
  78      37AA79F9 
  78      DC64E66F 
  78      941B0F35 
  78      CA60D4
  79 0240 30A3DCB4 		.ascii	"0\243\334\264\233!4\377\016\323\250\315\022\011\351"
  79      9B2134FF 
  79      0ED3A8CD 
  79      1209E9
  80 024f 11E2033C 		.ascii	"\021\342\003<\330\345\223\257K\350\227\001\177\243\006"
  80      D8E593AF 
  80      4BE89701 
  80      7FA306
  81 025e E4FAFD05 		.ascii	"\344\372\375\005\316ST\030<b\225\025\027TV\004\013\202"
  81      CE535418 
  81      3C629515 
  81      17545604 
  81      0B82
  82 0270 870BCB02 		.ascii	"\207\013\313\002\025V\360X\240\274\332\252\266\374A"
  82      1556F058 
  82      A0BCDAAA 
  82      B6FC41
  83 027f 8172556A 		.ascii	"\201rUj\225\246U\226\234\260\002E\307\253\254JwYui\300"
  83      95A65596 
  83      9CB00245 
  83      C7ABAC4A 
ARM GAS  /var/folders/_f/jzb7lsz153bclt069nvlpp5r0000gn/T//ccIpkDDh.s 			page 6


  83      77597569 
  84 0294 3A5AF513 		.ascii	":Z\365\023\375\342h$"
  84      FDE26824 
  85              		.text
  86              		.section	.gnu.lto_chan_recv_q_init.f917d316073b665e,"",%progbits
  87 0000 789C6592 		.ascii	"x\234e\222\317k\023A\024\307\347;3\273\211M+A<\345 "
  87      CF6B1341 
  87      14C7E73B 
  87      33BB894D 
  87      2B413CE5 
  88 0015 42880191 		.ascii	"B\210\001\221D\317=(\236<\212\377@h\323\025ESh\322\010"
  88      44CF3D28 
  88      9E3C8AFF 
  88      4068D315 
  88      455368D2 
  89 002a 0AA5D326 		.ascii	"\012\245\323&\210 h\361\242T\254\226\032\333FMb\243"
  89      882068F1 
  89      A254AC96 
  89      1ADB464D 
  89      62A3
  90 003c 05453478 		.ascii	"\005E4x\220^\352o\251\202\370\003\032m\213Bk\245v\211"
  90      905EEA6F 
  90      A982F803 
  90      1A6D8B42 
  90      6BA57689 
  91 0050 1ADFEC96 		.ascii	"\032\337\354\226R\353\262\273\263o\367\363y3\357\315"
  91      52EBB2BB 
  91      B36FF7F3 
  91      7933EFCD 
  92 0060 0AF6FF71 		.ascii	"\012\366\377q\200.\305\031\333K#<\014\274\357\011c="
  92      802EC519 
  92      DB4B233C 
  92      0CBCEF09 
  92      633D
  93 0072 5ECECD25 		.ascii	"^\316\315%\017S\015\242\3771}o\024+\241tC\311\315\373"
  93      0F530DA2 
  93      FF317D6F 
  93      142BA174 
  93      43C9CDFB 
  94 0086 5B28345E 		.ascii	"[(4^E)2`j\011&\240G\006\326\315\2054Ltc\226/p\334-\374"
  94      45293260 
  94      6A0926A0 
  94      4706D6CD 
  94      85344C74 
  95 00a1 98F4CD70 		.ascii	"\230\364\315p\233\263\255\214\302{\347&.\230:\204\324"
  95      9BB3AD8C 
  95      C27BE726 
  95      2E983A84 
  95      D4
  96 00b2 612D373F 		.ascii	"a-7?k\206sJ\251\371G\303\325\375\025is\316\0269\303"
  96      6B86734A 
  96      A9F947C3 
  96      D5FD1569 
  96      73CE1639 
  97 00c7 30021841 		.ascii	"0\002\030A@'\034E\230\310\2533\347\347 \266C[\331_\227"
  97      40271C45 
  97      98C8AB33 
ARM GAS  /var/folders/_f/jzb7lsz153bclt069nvlpp5r0000gn/T//ccIpkDDh.s 			page 7


  97      E7E720B6 
  97      435BD95F 
  98 00dc 2E6E0C0D 		.ascii	".n\014\015)\325[y;\246\366\220$\220\207X\353\321+\206"
  98      29D55B79 
  98      3BA6F690 
  98      24908758 
  98      EBD12B86 
  99 00f0 EB08113D 		.ascii	"\353\010\021=7\365i\302'v8\346\265\345\302\250\3175"
  99      37F569C2 
  99      277638E6 
  99      B5E5C2A8 
  99      CF35
 100 0102 BFB9A6C4 		.ascii	"\277\271\246\304\215\365\246d\270\351\230/\212\345\361"
 100      8DF5A664 
 100      B8E9982F 
 100      8AE5F1
 101 0111 26B1D331 		.ascii	"&\261\3231\277\227\276\036t\305\263C\346>\233\033(\254"
 101      BF97BE1E 
 101      74C5B343 
 101      E63E9B1B 
 101      28AC
 102 0123 F70C8622 		.ascii	"\367\014\206\"B\032^*\344J\036\321\354\210\227\355\301"
 102      421A5E2A 
 102      E44A1ED1 
 102      EC8897ED 
 102      C1
 103 0134 7E191C24 		.ascii	"~\031\034$\363\343\303gm\225\354\025\365\247^\207NP"
 103      F3E3C367 
 103      6D95EC15 
 103      F5A75E87 
 103      4E50
 104 0146 FA37817B 		.ascii	"\3727\201{\220\261\220\375=\3453\263\324\024?n!\250"
 104      90B190FD 
 104      3DE533B3 
 104      D4143F6E 
 104      21A8
 105 0158 FB416D18 		.ascii	"\373Am\030\243\026\323X\334TQ\365zy \237i\336\274\001"
 105      A316D358 
 105      DC5451F5 
 105      7A79209F 
 105      69DEBC01 
 106 016c 342B358C 		.ascii	"4+5\214n\002z\315\022\272f\003\316:\3304yzO\252\204"
 106      6E027ACD 
 106      12BA6603 
 106      CE3AD834 
 106      797A4FAA 
 107 0181 D0285E23 		.ascii	"\320(^#\373&S\333\2453\375\344\202&\3720\375\364\271"
 107      FB2653DB 
 107      A533FDE4 
 107      8226FA30 
 107      FDF4B9
 108 0194 576F86A4 		.ascii	"Wo\206\244\374\345\225%T\251s\264\321.\235ta\271\026"
 108      FCE59525 
 108      54A973B4 
 108      D12E9D74 
 108      61B916
 109 01a7 1604DF5E 		.ascii	"\026\004\337^\205%;\275[\263\223\231<\\\330 \370K\337"
ARM GAS  /var/folders/_f/jzb7lsz153bclt069nvlpp5r0000gn/T//ccIpkDDh.s 			page 8


 109      85253BBD 
 109      5BB39399 
 109      3C5CD820 
 109      F84BDF
 110 01ba 48B151C3 		.ascii	"H\261Q\303\206\217\341\316*l\260\007\333\304;\234\364"
 110      868FE1CE 
 110      2A6CB007 
 110      DBC43B9C 
 110      F4
 111 01cb BBA4FE3F 		.ascii	"\273\244\376?\006^\236)\360\256\232:\245\27467\0279"
 111      065E9E29 
 111      F0AE9A3A 
 111      A5BC3637 
 111      1739
 112 01dd D5887174 		.ascii	"\325\210qt1\232\224\026I\331l\356q\\\323\251\341=z\374"
 112      319A9416 
 112      49D96CEE 
 112      715CD3A9 
 112      E13D7AFC 
 113 01f1 F48DA8CF 		.ascii	"\364\215\250\317\000\202\001\261\334Dy\014\375H\255"
 113      008201B1 
 113      DC44790C 
 113      FD48AD
 114 0200 0C06A42E 		.ascii	"\014\006\244.\033\032\245\342\303\221H\324=[[\342G\254"
 114      1B1AA5E2 
 114      C39148D4 
 114      3D5B5BE2 
 114      47AC
 115 0212 F6B6682A 		.ascii	"\366\266h*\031\217\306\017\265\264\307\222V\374X\254"
 115      198FC60F 
 115      B5B4C792 
 115      56FC58AC 
 116 0222 236DA5AD 		.ascii	"#m\245\255H\234\241C$\254DC\352\360\011+\326z\274\323"
 116      489CA143 
 116      24AC4443 
 116      EAF0092B 
 116      D67ABCD3 
 117 0236 4A79DAD3 		.ascii	"Jy\332\323\211\230u\264\363/&\234\361\364"
 117      899875B4 
 117      F32F269C 
 117      F1F4
 118              		.text
 119              		.section	.gnu.lto_chan_recv_q_enqueue.f917d316073b665e,"",%progbits
 120 0000 789C9553 		.ascii	"x\234\225SYOSQ\020>s\356\275]\350b\253\211\017M\\\022"
 120      594F5351 
 120      103E73EE 
 120      BD5DE862 
 120      AB890F4D 
 121 0016 44880A24 		.ascii	"D\210\012$n\257\362\354\223\377\000kibb$\001\305W.\245"
 121      6EAFF2EC 
 121      93FF006B 
 121      69626224 
 121      01C5572E 
 122 002b 22C41783 		.ascii	"\"\304\027\203\001Q$\200\025Ev\020\312\342BQ$$\242\206"
 122      01512480 
 122      15457610 
 122      CAE24251 
ARM GAS  /var/folders/_f/jzb7lsz153bclt069nvlpp5r0000gn/T//ccIpkDDh.s 			page 9


 122      2424A286 
 123 003f 04158841 		.ascii	"\004\025\210AD0\340\026\220F \240u\346\334\002%\200"
 123      4430E016 
 123      904620A0 
 123      75E6DC02 
 123      2580
 124 0051 D19B76EE 		.ascii	"\321\233v\356\23593\3377\363\235s$\266\3769\214\377"
 124      9D3933DF 
 124      37F39D73 
 124      24B6FE39 
 124      8CFF
 125 0063 830A6347 		.ascii	"\203\012cG\360\015\012\003~\345%cY\006\316\345R`j\224"
 125      F00D0A03 
 125      7EE52563 
 125      5906CEE5 
 125      52606A94 
 126 0077 34D3C798 		.ascii	"4\323\307\230j\226@\326\3422\000}0`\231\\\222!\023\246"
 126      6A9640D6 
 126      E232007D 
 126      3060995C 
 126      922113A6 
 127 008b F80C87F6 		.ascii	"\370\014\207\366\272\340\013\323$_\340l7C\267#\277\267"
 127      BAE00BD3 
 127      245FE06C 
 127      3743B723 
 127      BFB7
 128 009d 48472EC8 		.ascii	"HG.\310\344.VLO\351b+TU\235\036\253\2368\021\220\027"
 128      E42E564C 
 128      4FE9622B 
 128      54559D1E 
 128      AB9E3811 
 129 00b3 3867B39C 		.ascii	"8g\263\234\301]p@%8\010\356\036\304b\346\355\311k\237"
 129      C15D7040 
 129      253808EE 
 129      1EC462E6 
 129      EDC96B9F 
 130 00c7 41DA0754 		.ascii	"A\332\007T\345]*)\266\306\370T\325\023x\327\244&a\221"
 130      E55D2A29 
 130      B6C6F854 
 130      D51378D7 
 130      A4266191 
 131 00db 04552045 		.ascii	"\004U E\326a\210A5\304`v\260\340r\257,\035\020\225\015"
 131      D6618841 
 131      35C46076 
 131      B0E072AF 
 131      2C1D1095 
 132 00f0 9DD57946 		.ascii	"\235\325yF\321\315Ir\347.N\347E\211n\314\344\366\335"
 132      D1CD4972 
 132      E72E4EE7 
 132      45896ECC 
 132      E4F6DD
 133 0103 E86E3512 		.ascii	"\350n5\022\256\032X\364\010\\\031j4\334Z\304\255\023"
 133      AE1A58F4 
 133      085C196A 
 133      34DC5AC4 
 133      AD13
 134 0115 B832837A 		.ascii	"\2702\203z\210\241\364\031\357\257\267&\235\027\323"
ARM GAS  /var/folders/_f/jzb7lsz153bclt069nvlpp5r0000gn/T//ccIpkDDh.s 			page 10


 134      88A1F419 
 134      EFAFB726 
 134      9D17D3
 135 0124 6DD433B6 		.ascii	"m\3243\266\332\000:\300w\375\326\200\032\012}\354\351"
 135      DA003AC0 
 135      77FDD680 
 135      1A0A7DEC 
 135      E9
 136 0135 9A55B601 		.ascii	"\232U\266\001\226 \014\365\242\320\247\216\214\236\214"
 136      96200CF5 
 136      A2D0A78E 
 136      8C9E8C
 137 0144 818C918C 		.ascii	"\201\214\221\214\011\215bF\243\263\220\261\222k\243"
 137      098D6246 
 137      A3B390B1 
 137      926BA3
 138 0153 053B19C6 		.ascii	"\005;\031\306\306\361O\322N\240\203o\351\015x\354\324"
 138      C6F14FD2 
 138      4EA0836F 
 138      E90D78EC 
 138      D4
 139 0164 C0504F77 		.ascii	"\300POw\225)\356\0166PV\351\313\221\201\206\326\036"
 139      9529EE0E 
 139      365056E9 
 139      CB918186 
 139      D61E
 140 0176 688438A2 		.ascii	"h\2048\242d\303\340\371y\234\315q%R{\275\320\376{EM"
 140      64C3E0F9 
 140      799CCD71 
 140      25527BBD 
 140      D0FE7B45 
 141 018b 2E944071 		.ascii	".\224@q\226\252\216\216\264a1\237\303F\233Ht\270\217"
 141      96AA8E8E 
 141      B461319F 
 141      C3469B48 
 141      74B88F
 142 019e 0B0C6902 		.ascii	"\013\014i\002\375;h\2505\\\243\225\276\361$C\004W3r"
 142      FD3B68A8 
 142      355CA395 
 142      BEF12443 
 142      04573372 
 143 01b2 21DF0A17 		.ascii	"!\337\012\027\245?\037\233\2375\013.\033q\015\0177e"
 143      A53F1F9B 
 143      9F350B2E 
 143      1B710D0F 
 143      3765
 144 01c4 99D671B5 		.ascii	"\231\326q\265\010.\377Z\256\0258\014\211\332\205\202"
 144      082EFF5A 
 144      AE15380C 
 144      89DA8582 
 145 01d4 C2415374 		.ascii	"\302ASt9\356\366\350\340`J\300[\246\376\016\205`\203"
 145      39EEF6E8 
 145      E0604AC0 
 145      5BA6FE0E 
 145      856083
 146 01e7 3D0FB7D3 		.ascii	"=\017\267\323\012\321\204\261A\275z]-\343\271\201P\350"
 146      0AD184B1 
ARM GAS  /var/folders/_f/jzb7lsz153bclt069nvlpp5r0000gn/T//ccIpkDDh.s 			page 11


 146      41BD7A5D 
 146      2DE3B981 
 146      50E8
 147 01f9 D8E6D56D 		.ascii	"\330\346\325m\341\352\327\340\035\314\366\035\242\216"
 147      E1EAD7E0 
 147      1DCCF61D 
 147      A28E
 148 0207 503D1C4A 		.ascii	"P=\034J,O\340\324x\354%\034\325\337\350\337\245\255"
 148      2C4FE0D4 
 148      78EC251C 
 148      D5DFE8DF 
 148      A5AD
 149 0219 EA91E4FD 		.ascii	"\352\221\344\375\370\253~\003\315\213\252\240\3332_"
 149      F8AB7E03 
 149      CD8BAAA0 
 149      DB325F
 150 0228 FACD82F3 		.ascii	"\372\315\202\363b\233\006\232\264\235\0100~\353K\367"
 150      629B069A 
 150      B49D0830 
 150      7EEB4BF7 
 151 0238 98357E3F 		.ascii	"\2305~?\316\017\0358\366\017.8\037@<\212\227\235\237"
 151      CE0F1D38 
 151      F60F2E38 
 151      1F403C8A 
 151      979D9F
 152 024b 13E41A22 		.ascii	"\023\344\032\"\326\350a\217\203\202\3159\003\222\026"
 152      D6E8618F 
 152      8382CD39 
 152      039216
 153 025a 348AB842 		.ascii	"4\212\270B2\347\177\260\204\267e\231\010\205\245\313"
 153      32E77FB0 
 153      84B76599 
 153      0885A5CB 
 154 026a B319D9C3 		.ascii	"\263\031\331\303U\262G\020\217X\204\342\357?\252!\233"
 154      55B24710 
 154      8F5884E2 
 154      EF3FAA21 
 154      9B
 155 027b FED2F1CD 		.ascii	"\376\322\361\315\340\325\241-\004\242\300c\001B\007"
 155      E0D5A12D 
 155      04A2C063 
 155      014207
 156 028a 1C3A45C7 		.ascii	"\034:E\307\236\221K\003\240A\2305\314\354B\235\346["
 156      9E914B03 
 156      A0419835 
 156      CCEC429D 
 156      E65B
 157 029c 301479C1 		.ascii	"0\024y\301tf\006\001\020\023\025\205S\254H\214\211\204"
 157      74660601 
 157      10131585 
 157      53AC488C 
 157      8984
 158 02ae 5358BE3D 		.ascii	"SX\276=<\317\212\216\312\032\035i<\007\336=\254\202"
 158      3CCF8A8E 
 158      CA1A1D69 
 158      3C07DE3D 
 158      AC82
ARM GAS  /var/folders/_f/jzb7lsz153bclt069nvlpp5r0000gn/T//ccIpkDDh.s 			page 12


 159 02c0 2E716A9E 		.ascii	".qj\236`3\342\"\212\255h\335\251a\332\376M\373\247b"
 159      6033E222 
 159      8AAD68DD 
 159      A961DAFE 
 159      4DFBA762 
 160 02d4 127165BB 		.ascii	"\022qe\273\227\265\377\032\326\336\216(\232\366\377"
 160      97B5FF1A 
 160      D6DE8E28 
 160      9AF6FF
 161 02e3 2FF3B355 		.ascii	"/\363\263U\334\036\222\331.\216\214,.\355\010d\331\360"
 161      DC1E92D9 
 161      2E8E8C2C 
 161      2EED0864 
 161      D9F0
 162 02f5 72A07C9F 		.ascii	"r\240|\237\000`\257\203\327\324\002\362HKg\361~\003"
 162      0060AF83 
 162      D7D402F2 
 162      484B67F1 
 162      7E03
 163 0307 A5605D6C 		.ascii	"\245`]lBB\242\366;\345t\235q\247\246$\236Kw%\272N;S"
 163      4242A2F6 
 163      3BE5749D 
 163      71A7A624 
 163      9E4B7725 
 164 031f 93D3DDAE 		.ascii	"\223\323\335\256\013\311i\031\356\014w\202\213A\232"
 164      0BC96919 
 164      EE0C7782 
 164      8B419A
 165 032e 5104539C 		.ascii	"Q\004S\234\347\235\177\000(\252\323\215"
 165      E79D7F00 
 165      28AAD38D 
 166              		.text
 167              		.section	.gnu.lto_chan_recv_q_dequeue.f917d316073b665e,"",%progbits
 168 0000 789C9553 		.ascii	"x\234\225SKO\023Q\024\276\347\316\264\224\276\205\270"
 168      4B4F1351 
 168      14BEE7CE 
 168      B494BE85 
 168      B8
 169 0011 211A4D10 		.ascii	"!\032M\020!*t\241n\\\261v\345? \265411!\001\305-S\250"
 169      212A74A1 
 169      6E5CB176 
 169      E53F20B5 
 169      34313121 
 170 002a 18758318 		.ascii	"\030u\203\030\220\004\211\324\212\"*\225\012\310\303"
 170      900489D4 
 170      8A222A95 
 170      0AC8C3
 171 0039 47D18224 		.ascii	"G\321\202$\370\210\013\025\320 \220b@4\241\322X\032"
 171      F8880B15 
 171      D0209062 
 171      4034A1D2 
 171      581A
 172 004b AAF59C3B 		.ascii	"\252\365\234;\243<|\004'\355\235\271g\316\371\036\347"
 172      A33C7C04 
 172      27ED9DB9 
 172      67CEF91E 
 172      E7
ARM GAS  /var/folders/_f/jzb7lsz153bclt069nvlpp5r0000gn/T//ccIpkDDh.s 			page 13


 173 005c CC95D8EF 		.ascii	"\314\225\330\357\327>\374\037\3201\266\037\357\240c"
 173      D73EFC1F 
 173      D031B61F 
 173      EFA063
 174 006b C06B9E33 		.ascii	"\300k\2363\3461p.\327HL1J\312\010c\212Y\002Y\215\313"
 174      E631702E 
 174      D7484C31 
 174      4ACA0863 
 174      8A590259 
 175 0081 00F4C080 		.ascii	"\000\364\300\200UpI\206\012\230\343Q\016\275\355\261"
 175      55704986 
 175      0A98E351 
 175      0EBDEDB1 
 176 0091 67A6599E 		.ascii	"g\246Y\236\340l;\303m_\355p\203\236\266 \323v\271ea"
 176      E06C3BC3 
 176      6D5FED70 
 176      839EB620 
 176      D376B965 
 177 00a6 4E9FDBA2 		.ascii	"N\237\333\242(\312B00s($'8g\213\234\3015\310\202V\310"
 177      28CA4230 
 177      30732824 
 177      2738678B 
 177      9CC135C8 
 178 00bd 22B8EB90 		.ascii	"\"\270\353\220\213\231Wf/|\004i\027P\2257\331\324h\315"
 178      8B995766 
 178      2F7C0469 
 178      17509537 
 178      D9D468CD 
 179 00d1 F12B4A65 		.ascii	"\361+Je\350]P)\304\"\011\332@Z]\207!\0067 \007\263c"
 179      E85D5029 
 179      C42209DA 
 179      405A5D87 
 179      21063720 
 180 00e8 75678765 		.ascii	"ug\207ei\217Z\331\357\233\227\324\312\244Z)\303\315"
 180      698F5AD9 
 180      EF9B97D4 
 180      CAA45A29 
 180      C3CD
 181 00fa F5953283 		.ascii	"\365\2252\203[\220C\351Q\357\2677&\275\027\345\331I"
 181      5B9043E9 
 181      51EFB737 
 181      26BD17E5 
 181      D949
 182 010c 158A6907 		.ascii	"\025\212i\007=\340=\220\021RR)\377\223\201F=l\006\254"
 182      3DE03D90 
 182      11525229 
 182      FF938146 
 182      3D6C06AC 
 183 0120 411CA2D3 		.ascii	"A\034\242\323\321\243\2360\322\350\311\200\213.\235"
 183      D1A39E30 
 183      D2E8C980 
 183      8B2E9D
 184 012f 1623C54C 		.ascii	"\026#\305L@\300\026zc\245\305F\213\235\226\014Z2ia,"
 184      40C0167A 
 184      63A5C546 
 184      8B9D960C 
 184      5A326961 
ARM GAS  /var/folders/_f/jzb7lsz153bclt069nvlpp5r0000gn/T//ccIpkDDh.s 			page 14


 185 0144 827F6AE4 		.ascii	"\202\177j\344\014n\360.\275\206\312M$fl(\334f\312\273"
 185      0C6EF02E 
 185      BD86CA4D 
 185      24666C28 
 185      DC66CABB 
 186 0158 8A629A5B 		.ascii	"\212b\232[\375\3252\220E\365\202\000\344\021;\033\207"
 186      FDD53290 
 186      45F58200 
 186      E4113B1B 
 186      87
 187 0169 CAAF0759 		.ascii	"\312\257\007Y\234\3530}dzi\321L\235\326\333\251z|<\350"
 187      9CEB307D 
 187      647A69D1 
 187      4C9DD6DB 
 187      A97A7C3C 
 188 017e 313541A3 		.ascii	"15A\243GQ&\227{\260\230\307Q\363mj1t@\0230\244\011-"
 188      47512697 
 188      7BB098C7 
 188      51F36D6A 
 188      31744013 
 189 0196 6F25836B 		.ascii	"o%\203k\270&[\375\221B\303*\256 r!\037\345\013\340D"
 189      B8265BFD 
 189      9142C32A 
 189      AE207221 
 189      1FE50BE0 
 190 01ab 5DFDA829 		.ascii	"]\375\250)\333\207-\235|;Z\034\3626+\337S)\370\303H"
 190      DB872D9D 
 190      7C3B5A1C 
 190      F2362BDF 
 190      5329F8C3 
 191 01c0 B4FA3B90 		.ascii	"\264\372;\220M\030\354\025xG\253\342{\211\020\005C\266"
 191      4D18EC15 
 191      7847ABE2 
 191      7B891005 
 191      43B6
 192 01d2 9A308344 		.ascii	"\2320\203D\370]I\350\244;\032>\247S_\223\244\367\221"
 192      F85D49E8 
 192      A43B1A3E 
 192      A7535F93 
 192      A4F791
 193 01e5 172F0DE4 		.ascii	"\027/\015\344\007\225\340\266k\351\322g\013\372A\246"
 193      0795E0B6 
 193      6BE9D267 
 193      0BFA41A6 
 194 01f5 3472D249 		.ascii	"4r\322I\014\030\277\030;?f\313\337M\203\355B[_\270 "
 194      0C18BF18 
 194      3B3F66CB 
 194      DF4D83ED 
 194      425B5FB8 
 195 020a ED867C6A 		.ascii	"\355\206|jN\367\324\026\0250\355\037\010\227\347\303"
 195      4EF7D416 
 195      1530ED1F 
 195      0897E7C3 
 196 021a D35642E0 		.ascii	"\323VB\340pW \320\300\241GE\2308\225\344*\204\001Q0"
 196      705720D0 
 196      C0A14745 
 196      983895E4 
ARM GAS  /var/folders/_f/jzb7lsz153bclt069nvlpp5r0000gn/T//ccIpkDDh.s 			page 15


 196      2A840151 
 197 022f 5255AF57 		.ascii	"RU\257W\367\351\030\302\352\370\311\205\323F\222\251"
 197      F7E918C2 
 197      EAF8C985 
 197      D34692A9 
 198 023f 3333E845 		.ascii	"33\350EHLi\320R\214\350\004\023\305\230\316\304@\353"
 198      484C69D0 
 198      528CE804 
 198      13C598CE 
 198      C440EB
 199 0252 F52F63F2 		.ascii	"\365/c\362\032c8\250\220\224 \032\023\364\2111\365\243"
 199      1A6338A8 
 199      9094201A 
 199      13F48931 
 199      F5A3
 200 0264 9A75090E 		.ascii	"\232u\011\016\221`\324\022\356\321\034\311f\307\240"
 200      9160D412 
 200      EED11CC9 
 200      66C7A0
 201 0273 47EB9C65 		.ascii	"G\353\234ecF\357\257\030} \214V\325V\207%\025\302\212"
 201      6346EFAF 
 201      187D208C 
 201      56D55687 
 201      2515C28A 
 202 0287 28B0234B 		.ascii	"(\260#K\000\373\266\2511\333\306`\037\012XqpB*lguD\203"
 202      00FBB6A9 
 202      31DBC660 
 202      1F0A5871 
 202      70422A6C 
 203 029f B50B641B 		.ascii	"\265\013d\033\301\326\372\254Z/V{\223\377\216;\260\""
 203      C1D6FAAC 
 203      5A2F567B 
 203      93FF8E3B 
 203      B022
 204 02b1 F711E423 		.ascii	"\367\021\344#\226\020\027\035\234\322\26036&\357\261"
 204      9610171D 
 204      9CD2B033 
 204      3626EFB1 
 205 02c1 80A12F1B 		.ascii	"\200\241/\033\302?]\177\322\306\233\211(\260S\270\256"
 205      C23F5D7F 
 205      D2C69B89 
 205      28B053B8 
 205      AE
 206 02d2 9DB2FC9F 		.ascii	"\235\262\374\237\274\301\025\334!\222\227)>lY\234\346"
 206      BCC115DC 
 206      21929729 
 206      3E6C599C 
 206      E6
 207 02e3 09F0D8F1 		.ascii	"\011\360\330\361\204\242\366\017\000H\300\223\001\300"
 207      84A2F60F 
 207      0048C093 
 207      01C0
 208 02f1 EE4A4F3B 		.ascii	"\356JO;\314x\362\201r\260_\271\005\005\016\365w\330"
 208      CC78F281 
 208      72B05FB9 
 208      05050EF5 
 208      77D8
ARM GAS  /var/folders/_f/jzb7lsz153bclt069nvlpp5r0000gn/T//ccIpkDDh.s 			page 16


 209 0303 E93AEA2E 		.ascii	"\351:\352.)v\034+s9\\G\234%Een\327\211\242\322rw\271"
 209      29761C2B 
 209      73395C47 
 209      9C254565 
 209      6ED789A2 
 210 031b BBC0C5A0 		.ascii	"\273\300\305\2404]\004\213\235\307\235?\000\017\313"
 210      345D048B 
 210      9DC79D3F 
 210      000FCB
 211 032a D36A     		.ascii	"\323j"
 212              		.text
 213              		.section	.gnu.lto_chan_recv_q_front.f917d316073b665e,"",%progbits
 214 0000 789C7D52 		.ascii	"x\234}R]KTQ\024=\353\234;\327qf4\213 \030z\010\314\224"
 214      5D4B5451 
 214      143DEB9C 
 214      3BD77166 
 214      348B2018 
 215 0018 4AE7A5DE 		.ascii	"J\347\245\336}\214\376\204L\343@\020\010Z\366\352\031"
 215      7D8CFE84 
 215      4CE34010 
 215      085AF6EA 
 215      19
 216 0029 1D913E20 		.ascii	"\035\221> +4\303\244\314,\263\322t\322\362\343a\002"
 216      2B34C3A4 
 216      CC2CB3D2 
 216      74D2F2E3 
 216      6102
 217 003b 31414A84 		.ascii	"1AJ\204>\324\302L\2644\011\374\030\322\241\251i\357"
 217      3ED4C24C 
 217      B43409FC 
 217      18D2A1A9 
 217      69EF
 218 004d 7B87508B 		.ascii	"{\207P\213.s\3579g\317\332k\355\265\367Q\342\357\347"
 218      2E73EF39 
 218      67CFDA6B 
 218      EDB5F751 
 218      E2EFE7
 219 0060 08BD354A 		.ascii	"\010\2755J\210\243\264\302! k_\011\021rJi\324*\241]"
 219      88A3B4C2 
 219      21206B5F 
 219      0911724A 
 219      69D42AA1 
 220 0075 4A8F0AA1 		.ascii	"J\217\012\241=\012\206\0357\000\336\010\210\012\251"
 220      3D0A861D 
 220      3700DE08 
 220      880AA9
 221 0084 0C546051 		.ascii	"\014T`Q\256H\364u\304^\272\027d\\\212}\202\216\375W"
 221      AE48F475 
 221      C45EBA17 
 221      645C8A7D 
 221      828EFD57 
 222 0098 461A4C3E 		.ascii	"F\032L>\302\340\343\217\326\345E3\267Uk\275\274\332"
 222      C2E0E38F 
 222      D6E54533 
 222      B7556BBD 
 222      BCDA
 223 00aa F5DA537D 		.ascii	"\365\332S},.\245X\223\002\367\340E\033\274Lw\037\271"
ARM GAS  /var/folders/_f/jzb7lsz153bclt069nvlpp5r0000gn/T//ccIpkDDh.s 			page 17


 223      2C2EA558 
 223      9302F7E0 
 223      451BBC4C 
 223      771FB9
 224 00bd 84BCB370 		.ascii	"\204\274\263p\355+\324ApV8\321\324\230\231\323\242u"
 224      ED2BD441 
 224      705638D1 
 224      D49899D3 
 224      A275
 225 00cf 65F443B7 		.ascii	"e\364C\267.4\342R\241\035js\036\205\004\036 \207\320"
 225      2E34E252 
 225      A11D6A73 
 225      1E85041E 
 225      2087D0
 226 00e2 B1BA0B23 		.ascii	"\261\272\013#\206:lg\0164/);3ag\032x\270=\323\020x\204"
 226      863A6C67 
 226      0E342F29 
 226      3B336167 
 226      1A78B83D 
 227 00fa 1C86AF84 		.ascii	"\034\206\257\204\177\276s\233a*/\213\253\242b:`\202"
 227      7FBE739B 
 227      612A2F8B 
 227      ABA2623A 
 227      6082
 228 010c D6CE5D51 		.ascii	"\326\316]Q\235L\266\274x>n\"\003\224C<,\347\340\255"
 228      9D4CB6BC 
 228      783E6E22 
 228      0394433C 
 228      2CE7E0AD 
 229 0120 C91C69BC 		.ascii	"\311\034i\274s\322\307\221\316\037\027\307\334\260\210"
 229      73D2C791 
 229      CE1F17C7 
 229      DCB088
 230 012f C51C5171 		.ascii	"\305\034Qq\253\346\311,\255\352-*w\262\334\344\360P"
 230      ABE6C92C 
 230      ADEA2D2A 
 230      77B2DCE4 
 230      F050
 231 0141 BB3BEF2E 		.ascii	"\273;\357.\311\351\353\265\354*5\010t\"\217\331\305"
 231      C9E9EBB5 
 231      EC2A3508 
 231      74228FD9 
 231      C5
 232 0152 142ABF1F 		.ascii	"\024*\277\037\027\353\322A\340\321\331\2155\017w\322"
 232      17EBD241 
 232      E0D1D98D 
 232      350F77D2 
 233 0162 CCE2DCA9 		.ascii	"\314\342\334\251\251\356\220\273\011\215!\255g.U\355"
 233      A9EE90BB 
 233      098D21AD 
 233      672E55ED 
 234 0172 21F175AA 		.ascii	"!\361u\252\3511\267\020]h\202 \221hdX\261\203-R3m-s"
 234      E931B710 
 234      5D688220 
 234      91686458 
 234      B1832D52 
 235 018a 85CE4D62 		.ascii	"\205\316Mb\335$F\202\234`1\307\353\352'\334\331\315"
ARM GAS  /var/folders/_f/jzb7lsz153bclt069nvlpp5r0000gn/T//ccIpkDDh.s 			page 18


 235      DD244682 
 235      9C6031C7 
 235      EBEA27DC 
 235      D9CD
 236 019c D4B399F7 		.ascii	"\324\263\231\367\023\305\321\360-\375+\231\304?z\236"
 236      13C5D1F0 
 236      2DFD2B99 
 236      C43F7A9E 
 237 01ac CA8F209B 		.ascii	"\312\217 \2339\304\033\204'\252\276\\4Y\221JF\266\215"
 237      39C41B84 
 237      27AABE5C 
 237      3459914A 
 237      46B68D
 238 01bf 982725BA 		.ascii	"\230'%\2729\212\274\364v\215]v\330\177sM\037\347\306"
 238      398ABCF4 
 238      768D5D76 
 238      D87F734D 
 238      1FE7C6
 239 01d2 C69DEC88 		.ascii	"\306\235\354\210J\241c\317\306\315o\031\344\210\244"
 239      4AA163CF 
 239      C6CD6F19 
 239      E488A4
 240 01e1 D2D8CB13 		.ascii	"\322\330\313\023\226\240\370\215\330\325\311\035\371"
 240      96A0F88D 
 240      D8D5C91D 
 240      F9
 241 01ee 8778743D 		.ascii	"\207xt=dlUZ\252\275\310\347\366\364~\332k\023\246\375"
 241      646C555A 
 241      AABDC8E7 
 241      F6F47EDA 
 241      6B13A6FD 
 242 0202 87E1F6D2 		.ascii	"\207\341\366\322\320l&3H<\265\030x\244xf3L\327$\244"
 242      D06C2633 
 242      483CB518 
 242      78A47866 
 242      334CD724 
 243 0217 4DE12416 		.ascii	"M\341$\026\212T\325\247,\244S\210\262\327\253\227\317"
 243      8A54D5A7 
 243      2CA45388 
 243      B2D7AB97 
 243      CF
 244 0228 B9B84C87 		.ascii	"\271\270L\207G\240\217(\011\322\220\202\270\310\011"
 244      47A08F28 
 244      09D29082 
 244      B8C809
 245 0237 01AD419D 		.ascii	"\001\255A\235\217!\325\354?\306\214-\306hTQ\025g\031"
 245      8F21D5EC 
 245      3FC68C2D 
 245      C6685451 
 245      156719
 246 024a 37FAAD41 		.ascii	"7\372\255A\015P5\333\000>\013\340J\001\006y\222\334"
 246      0D5035DB 
 246      003E0BE0 
 246      4A010679 
 246      92DC
 247 025c 43C3BA38 		.ascii	"C\303\2728\323\010e\321u\240\320g\000\007\274r0\262"
 247      D30865D1 
ARM GAS  /var/folders/_f/jzb7lsz153bclt069nvlpp5r0000gn/T//ccIpkDDh.s 			page 19


 247      75A0D067 
 247      0007BC72 
 247      30B2
 248 026e 1BFBBD2A 		.ascii	"\033\373\275*\021\361\320%\003c\250;\271\005\005>\373"
 248      11F1D025 
 248      0363A83B 
 248      B905053E 
 248      FB
 249 027f 77C21F38 		.ascii	"w\302\0378\025,)\366\235.\013\370\002'\375%Ee\301\300"
 249      152C29F6 
 249      9D2E0BF8 
 249      0227FD25 
 249      4565C1C0 
 250 0293 D9A2D2F2 		.ascii	"\331\242\322\362`y\260  P\232n\005\213\375g\374\277"
 250      6079B020 
 250      20509A6E 
 250      058BFD67 
 250      FCBF
 251 02a5 01629645 		.ascii	"\001b\226E\012"
 251      0A
 252              		.text
 253              		.section	.gnu.lto_.symbol_nodes.f917d316073b665e,"",%progbits
 254 0000 789C6366 		.ascii	"x\234cf``\210d\200\002&\216z\006\206\011\347\030\030"
 254      60608864 
 254      8002268E 
 254      7A068609 
 254      E71818
 255 0013 EAEB19E7 		.ascii	"\352\353\031\347.\342``b\250g\204\362\031\346-\000\362"
 255      2EE26060 
 255      62A86784 
 255      F219E62D 
 255      00F2
 256 0025 99EB9950 		.ascii	"\231\353\231P\370,\365\314(|\326z\026d>3#\003C\323G"
 256      F82CF5CC 
 256      287CD67A 
 256      16643E33 
 256      230343D3 
 257 003a 3B06000B 		.ascii	";\006\000\013\231\026\341"
 257      9916E1
 258              		.text
 259              		.section	.gnu.lto_.refs.f917d316073b665e,"",%progbits
 260 0000 789C6366 		.ascii	"x\234cf```d\200\002\000\000=\000\005"
 260      60606064 
 260      80020000 
 260      3D0005
 261              		.text
 262              		.section	.gnu.lto_.decls.f917d316073b665e,"",%progbits
 263 0000 789CAD56 		.ascii	"x\234\255VoPS\331\025\177\347\335$\204\020\300-\355"
 263      6F5053D9 
 263      157FE7DD 
 263      248410C0 
 263      2DED
 264 0012 DA71FA01 		.ascii	"\332q\372\001\231\016\355n\225\270\264\333\351~\252"
 264      990EED6E 
 264      95B8B4DB 
 264      E97EAA
 265 0021 9DED4C77 		.ascii	"\235\355Lw\367\203\323\316\254\237\332\231\267\331$"
ARM GAS  /var/folders/_f/jzb7lsz153bclt069nvlpp5r0000gn/T//ccIpkDDh.s 			page 20


 265      F783D3CE 
 265      AC9FDA99 
 265      B7D924
 266 0030 AE99C668 		.ascii	"\256\231\306hC\330\251\375\322\007\310*\212\3102\353"
 266      43D8A9FD 
 266      D207C82A 
 266      8AC832EB 
 267 0040 823A3A91 		.ascii	"\202::\221\177\212\354\262\010+\376\241*\376\201FX\227"
 267      7F8AECB2 
 267      082BFEA1 
 267      2AFE8146 
 267      5897
 268 0052 80282A28 		.ascii	"\200(*(\201\225E\305b\370\243\200\250\364\334{_\362"
 268      819545C5 
 268      62F8A380 
 268      A8F4DC7B 
 268      5FF2
 269 0064 12481C3B 		.ascii	"\022H\034;\3237\034\362\316\275\347\376\316\357\374"
 269      D3371CF2 
 269      CEBDE7FE 
 269      CEEFFC
 270 0073 EEB9EF3D 		.ascii	"\356\271\357=\"\010\202\037\004a\036\257|\243 \374S"
 270      2208821F 
 270      04611EAF 
 270      7CA320FC 
 270      53
 271 0084 14041D8E 		.ascii	"\024\004\035\216\375\021\215\2405\240M\243\275#\360"
 271      FD118DA0 
 271      35A04DA3 
 271      BD23F0
 272 0093 4B8BF68C 		.ascii	"K\213\366\214\316\341\032=Z\"Z2\010\213.\032\243GKB"
 272      CEE11A3D 
 272      5A225A32 
 272      088B2E1A 
 272      A3474B42 
 273 00a7 4358E13D 		.ascii	"CX\341=\005\247A\301z\2146\242\340M\242\215\243M\241"
 273      05A741C1 
 273      7A8C36A2 
 273      E04DA28D 
 273      A34DA1
 274 00ba 3D441B43 		.ascii	"=D\033C\003\005c\341\305\362\276\000w\011\316\317)\261"
 274      030563E1 
 274      C5F2BE00 
 274      7709CECF 
 274      29B1
 275 00cc A2121F0D 		.ascii	"\242\022\037\015\207r\217\217\2023\254\360\242X\277"
 275      87728F8F 
 275      8233ACF0 
 275      A258BF
 276 00db 53789230 		.ascii	"Sx\2220^\343\0127}\224\232\023c`.\304\24394\012\336"
 276      5EE30A37 
 276      7D949A13 
 276      63602EC4 
 276      A339340A 
 277 00f0 5458FDA0 		.ascii	"TX\375\240`,\274\222\377\007\\1\014\027\204\350{3.B"
 277      602CBC92 
 277      FF075C31 
ARM GAS  /var/folders/_f/jzb7lsz153bclt069nvlpp5r0000gn/T//ccIpkDDh.s 			page 21


 277      0C1784E8 
 277      7B332E42 
 278 0104 69D7F5E3 		.ascii	"i\327\365\343\032\"\002\275\257(\033\3541\2548\"\313"
 278      1A2202BD 
 278      AF281BEC 
 278      31AC3822 
 278      CB
 279 0115 F236B9C5 		.ascii	"\3626\271\305\007j\320\366\276\232o\342\310+,(\247\272"
 279      076AD0F6 
 279      BE9A6FE2 
 279      C82B2C28 
 279      A7BA
 280 0127 B930EEAE 		.ascii	"\2710\356\256\010\257\032\330TQ\307\336s\204\271\363"
 280      08AF1AD8 
 280      5451C7DE 
 280      7384B9F3 
 281 0137 745A2CF9 		.ascii	"tZ,\371n\252\012\300\220\276M\226s\345@\211L~,\300\212"
 281      6EAA0AC0 
 281      90BE4D96 
 281      73E54089 
 281      4C7E2CC0 
 282 014c 65F0DA32 		.ascii	"e\360\3322\001\276\204t\014\203\303\260B\200#\260\014"
 282      01BE8474 
 282      0C83C3B0 
 282      428023B0 
 282      0C
 283 015d 6A619950 		.ascii	"ja\231P\211\311\002\315O\374 \313\032\370\002\014P\003"
 283      89C902CD 
 283      4FFC20CB 
 283      1AF8020C 
 283      5003
 284 016f 84452069 		.ascii	"\204E i\232\201\023\020\375\275U\177\212\016\372U,\320"
 284      9A811310 
 284      FDBD557F 
 284      8A0EFA55 
 284      2CD0
 285 0181 B9BC8E1F 		.ascii	"\271\274\216\037Q\320:\004=\244\202b\216PY'\353\246"
 285      51D03A04 
 285      3DA48262 
 285      8E505927 
 285      EBA6
 286 0193 2E2720F7 		.ascii	".' \367$C*uO\225x\313t\350\032\015\032\352\366\365\027"
 286      24432A75 
 286      4F9578CB 
 286      74E81A0D 
 286      1AEAF6F5 
 287 01a8 7E06C6ED 		.ascii	"~\006\306\3554eq\236\034\357MbP\365\230\343(\346\020"
 287      3465719E 
 287      1CEF4D62 
 287      50F598E3 
 287      28E610
 288 01bb A001E816 		.ascii	"\240\001\350\026\260_\214\276\330\325W\253cX\036&\323"
 288      B05F8CBE 
 288      D8D557AB 
 288      63581E26 
 288      D3
 289 01cc EE8E13B7 		.ascii	"\356\216\023\267\014\014\354\207\324\235j\377\264.\201"
ARM GAS  /var/folders/_f/jzb7lsz153bclt069nvlpp5r0000gn/T//ccIpkDDh.s 			page 22


 289      0C0CEC87 
 289      D49D6AFF 
 289      B42E81
 290 01db F880CDD5 		.ascii	"\370\200\315\325\237\255-\210g\261\037Pw:?P\300C\215"
 290      9FAD2D88 
 290      67B11F50 
 290      773A3F50 
 290      C0438D
 291 01ee D43D3D71 		.ascii	"\324==q2\337H\206xhS\353\316J\035\031c\2168|\305\277"
 291      32DF4886 
 291      786853EB 
 291      CE4A1D19 
 291      638E387C 
 292 0204 471F5D86 		.ascii	"G\037]\206\346X2\214\036*a2\234B\356'U\031\352\302d"
 292      E658328C 
 292      1E2A6132 
 292      9C42EE27 
 292      5519EAC2 
 293 0219 A819F714 		.ascii	"\250\031\367\024\003)\343=\320PQ\325\304\271\255\246"
 293      0329E33D 
 293      D05051D5 
 293      C4B9ADA6 
 294 0229 6EE5EECF 		.ascii	"n\345\356\317\277\3202nz\352>\273z\377B<\251\340\241"
 294      BFD0326E 
 294      7AEA3EBB 
 294      7AFF423C 
 294      A9E0A1
 295 023c 1D433393 		.ascii	"\035C3\223F\026\272\204\272{{\207\247\010\013\025\251"
 295      4616BA84 
 295      BA7B7B87 
 295      A7080B15 
 295      A9
 296 024d 3B393A56 		.ascii	";9:V\035O\276\342\241\273\333\367\355\322\222\323\334"
 296      1D4FBEE2 
 296      A1BBDBF7 
 296      EDD292D3 
 296      DC
 297 025e 291E2CB9 		.ascii	")\036,\271\242!mbD;\245\362v*\035\235\371Z\317\334\371"
 297      A2216D62 
 297      443BA5F2 
 297      762A1D9D 
 297      F95ACFDC 
 298 0273 79426B2E 		.ascii	"yBk.\277\345\033\214\207t\003o\224\246a\326(^,\346\242"
 298      BFE51B8C 
 298      8774036F 
 298      94A661D6 
 298      285E2CE6 
 299 0288 5A4CAA52 		.ascii	"ZL\252R\013\323E\316\223\265\207\223\004hA\025\316\241"
 299      0BD345CE 
 299      93B58793 
 299      04684115 
 299      CEA1
 300 029a 0AF06F94 		.ascii	"\012\360o\224&U\221\246\025\007\333p\020\201\033\207"
 300      265591A6 
 300      1507DB70 
 300      10811B87 
 301 02aa C6761882 		.ascii	"\306v\030\202\300s\027\212^\245\300\355\010|A\005\366"
ARM GAS  /var/folders/_f/jzb7lsz153bclt069nvlpp5r0000gn/T//ccIpkDDh.s 			page 23


 301      C073178A 
 301      5EA5C0ED 
 301      087C4105 
 301      F6
 302 02bb C20B912F 		.ascii	"\302\013\221/EG\316o<\350\010\002\327\354\330\305\344"
 302      4547CE6F 
 302      3CE80802 
 302      D7ECD8C5 
 302      E4
 303 02cc FF0681CF 		.ascii	"\377\006\201\317\253\300\355/\006\356\210\012\014\025"
 303      ABC0ED2F 
 303      06EE880A 
 303      0C15
 304 02da 2D07DA35 		.ascii	"-\007\3325d\222\013W\376\311\335\036#\231\345\316\331"
 304      64920B57 
 304      FEC9DD1E 
 304      2399E5CE 
 304      D9
 305 02eb 33336D06 		.ascii	"33m\006\362\234;\205\333\374\227\014d+\211\320w9\327"
 305      F29C3B85 
 305      DBFC970C 
 305      642B89D0 
 305      7739D7
 306 02fe 7760DF6C 		.ascii	"w`\337le<s\351s>\231\322\365~/W$\205\024.i\373\011\345"
 306      653C73E9 
 306      733E99D2 
 306      F57E2F57 
 306      2485142E 
 307 0316 DB837C7D 		.ascii	"\333\203|}*\337\345\341t\371i\020BG\001\256 \335\345"
 307      2ADFE5E1 
 307      74F96910 
 307      424701AE 
 307      20DDE5
 308 0329 0ADD2E1C 		.ascii	"\012\335.\034\354\346:\264>=\263E\033l\327E\213\256"
 308      ECE63AB4 
 308      3E3DB345 
 308      1B6CD745 
 308      8BAE
 309 033b 4559A41C 		.ascii	"EY\244\034\334\022\266\027W\221B\247J\241G\355X\261"
 309      DC12B617 
 309      579142A7 
 309      4AA147ED 
 309      58B1
 310 034d 7AF4D813 		.ascii	"z\364\330\023c\220\362\350\010\227\370:\306\177\253"
 310      6390F2E8 
 310      0897F83A 
 310      C67FAB
 311 035c C65F8517 		.ascii	"\306_\205\027r\356\215\312\031&k\345\317\010)a\332i"
 311      72EE8DCA 
 311      19266BE5 
 311      CF082961 
 311      DA69
 312 036e 0E1C2918 		.ascii	"\016\034)\030\320@JZz\332\247\230H.\366\310\253\335"
 312      D0404A5A 
 312      7ADAA798 
 312      482EF6C8 
 312      ABDD
ARM GAS  /var/folders/_f/jzb7lsz153bclt069nvlpp5r0000gn/T//ccIpkDDh.s 			page 24


 313 0380 029CC6E8 		.ascii	"\002\234\306\3503\354\011p\023R(\000\364#V\037\244\301"
 313      33EC0970 
 313      13522800 
 313      F423561F 
 313      A4C1
 314 0392 2D486319 		.ascii	"-Hc\031=\230\321\177\243\373\203\226\\\3026\3762\262"
 314      3D98D17F 
 314      A3FB8396 
 314      5CC236FE 
 314      32B2
 315 03a4 A2B1A1FD 		.ascii	"\242\261\241\375\3759]\375:\376c\025\373\257g\352\351"
 315      FD395DFD 
 315      3AFE6315 
 315      FBAF67EA 
 315      E9
 316 03b5 BCA05057 		.ascii	"\274\240PW.\206r\263\333\332\262\205\260\332n((\241"
 316      2E8672B3 
 316      DBDAB285 
 316      B0DA6E28 
 316      28A1
 317 03c7 12184A3D 		.ascii	"\022\030J=eB5\231\030\031\367\351 =\205!\366\351\000"
 317      65423599 
 317      1819F7E9 
 317      203D8521 
 317      F6E900
 318 03da 0630F6AC 		.ascii	"\0060\366\254\252\007M\300\256h\265\300m,!V9\364l\313"
 318      AA074DC0 
 318      AE68B5C0 
 318      6D2C2156 
 318      39F46CCB 
 319 03ee 838D09A4 		.ascii	"\203\215\011\244\214\313\322\330^\372\010 \015u\361"
 319      8CCBD2D8 
 319      5EFA0820 
 319      0D75F1
 320 03fd 50FDFBBE 		.ascii	"P\375\373\276\354N\316\221=\347yF?f\034\302\337\020"
 320      EC4ECE91 
 320      3DE77946 
 320      3F661CC2 
 320      DF10
 321 040f 72184B9E 		.ascii	"r\030K\236Yf\231\233p\3768SqHI{\007\323~\207i\007\303"
 321      5966999B 
 321      70FE3853 
 321      7148497B 
 321      07D37E87 
 322 0426 55F436FC 		.ascii	"U\3646\374\245%\207\260\247\327\277\024d\345\211\027"
 322      A52587B0 
 322      A7D7BF14 
 322      64E58917 
 323 0436 A9A1E7AC 		.ascii	"\251\241\347\254,\353\031\326\002\025Q\231\201\243]"
 323      2CEB19D6 
 323      02155199 
 323      81A35D
 324 0445 17B59092 		.ascii	"\027\265\220\222\036-=|\217Yc1`R\266\243\224\303\030"
 324      1E2D3D7C 
 324      8F596331 
 324      6052B6A3 
 324      94C318
ARM GAS  /var/folders/_f/jzb7lsz153bclt069nvlpp5r0000gn/T//ccIpkDDh.s 			page 25


 325 0458 70429572 		.ascii	"pB\225r((%*\323S\035\230\325G\274%\206\303\366H\200"
 325      2828252A 
 325      D3531D98 
 325      D547BC25 
 325      86C3F648 
 326 046d 11FE96C0 		.ascii	"\021\376\226\300\310\203\275E\207\343H/?\226\345\367"
 326      C883BD45 
 326      87E3482F 
 326      3F96E5F7 
 327 047d 8E9612D2 		.ascii	"\216\226\022\322\317\235\033\207&\272\365d\230;\373"
 327      CF9D1B87 
 327      26BAF564 
 327      983BFB
 328 048c EFD7546B 		.ascii	"\357\327Tk\311(w|\227r\372\222I\200D<o\215\354y\033"
 328      C928777C 
 328      9772FA92 
 328      4980443C 
 328      6F8DEC79 
 329 04a1 77BBA268 		.ascii	"w\273\242h:\011\322\350>\244\2451\261\276\365\261f\301"
 329      3A09D2E8 
 329      3EA4A531 
 329      B1BEF5B1 
 329      66C1
 330 04b3 947017D9 		.ascii	"\224p\027\331\006\0265\013\223\213n\232\377F\235\316"
 330      0616350B 
 330      938B6E9A 
 330      FF469DCE 
 331 04c3 BB0ADE33 		.ascii	"\273\012\3363\300\350\302@\336\332\2137\254\021\003"
 331      C0E8C240 
 331      DEDA8B37 
 331      AC1103
 332 04d2 BE667301 		.ascii	"\276fs\001E\256\011\224k\014\345\232D\233B{\2106\256"
 332      45AE0994 
 332      6B0CE59A 
 332      449B427B 
 332      8836AE
 333 04e5 6E9EECB9 		.ascii	"n\236\354\271\331 \257F>\230\345\301\302,\377\201\310"
 333      D920AF46 
 333      3E98E5C1 
 333      C22CFF81 
 333      C8
 334 04f6 2370198F 		.ascii	"#p\031\217@ \332\021\220\375\235A\252\367\242\326\304"
 334      4020DA11 
 334      90FD9D41 
 334      AAF7A2D6 
 334      C4
 335 0507 99B27CD7 		.ascii	"\231\262|\327C\371\356G\257\352u\345\254\344=,\275\223"
 335      43F9EE47 
 335      AFEA75E5 
 335      ACE43D2C 
 335      BD93
 336 0519 1C7E561E 		.ascii	"\034~V\036c\3541u\203\003\221g%R\000x\204u\277\214\006"
 336      63EC3175 
 336      83039167 
 336      25520078 
 336      8475BF8C 
 337 052e F4D55A79 		.ascii	"\364\325Zy\355\2641\242;\036Gt\307\264\362\0151\315"
ARM GAS  /var/folders/_f/jzb7lsz153bclt069nvlpp5r0000gn/T//ccIpkDDh.s 			page 26


 337      EDB431A2 
 337      3B1E4774 
 337      C7B4F20D 
 337      31CD
 338 0540 BE21CE77 		.ascii	"\276!\316w\236\370\0344\370\341\006\357\030\340\317"
 338      9EF81C34 
 338      F8E106EF 
 338      18E0CF
 339 054f EC23A4B9 		.ascii	"\354#\244\271\277\3630\037\302\317\014\230\00168^V\236"
 339      BFF3301F 
 339      C2CF0C98 
 339      0136385E 
 339      569E
 340 0561 C9C67019 		.ascii	"\311\306p\031\314\3621_Nk[\322\322\335\214o\236\274"
 340      CCF2315F 
 340      4E6B5BD2 
 340      D2DD8C6F 
 340      9EBC
 341 0573 44435550 		.ascii	"DCUP\363\314\301R\374\377\0044\234\226\267fz\216\220"
 341      F3CCC152 
 341      FCFF0434 
 341      9C96B766 
 341      7A8E90
 342 0586 47BCAD66 		.ascii	"G\274\255f\353\006\257\350S\017\310-\365\201\375G\003"
 342      EB06AFE8 
 342      530FC82D 
 342      F581FD47 
 342      03
 343 0597 AFED29F6 		.ascii	"\257\355)\366\344\312\317\347\347A\026\3512x\032\222"
 343      E4CACFE7 
 343      E74116E9 
 343      32781A92 
 344 05a7 45A0F7AC 		.ascii	"E\240\367\2542x\006\251/\303\367y\024\276\363/\3037"
 344      327806A9 
 344      2FC3F779 
 344      14BEF32F 
 344      C337
 345 05b9 47A47C65 		.ascii	"G\244|eQ\341;0\331\330E\3101\015\343{\256\346AN\"\362"
 345      51E13B30 
 345      D9D845C8 
 345      310DE37B 
 345      AEE6414E 
 346 05cf F5D4CB7B 		.ascii	"\365\324\313{d\217(\343{\014\251\342\012\310\025U\252"
 346      648F28E3 
 346      7B0CA9E2 
 346      0AC81555 
 346      AA
 347 05e0 78CFA9E6 		.ascii	"x\317\251\346\211\224j\325\301\332\302\004\306\201\036"
 347      89946AD5 
 347      C1DAC204 
 347      C6811E
 348 05ef 4FCEB5CC 		.ascii	"O\316\265\314WuM\027\342\265Ed\203#M\367\233!&\257O"
 348      57754D17 
 348      E2B54564 
 348      83234DF7 
 348      9B2126AF 
 349 0604 18AFFC20 		.ascii	"\030\257\374 \257\334\266\332q\035i\343\274\036\264"
ARM GAS  /var/folders/_f/jzb7lsz153bclt069nvlpp5r0000gn/T//ccIpkDDh.s 			page 27


 349      AFDCB6DA 
 349      711D69E3 
 349      BC1EB4
 350 0613 DEADD431 		.ascii	"\336\255\3241^\236\333\264\021\345\247\370\011CW\300"
 350      5E9EDBB4 
 350      11E5A7F8 
 350      094357C0 
 351 0623 D6305E5B 		.ascii	"\3260^[\203\274\2661^\345\375\367\366q\016\364\324r"
 351      83BCB631 
 351      5EE5FDF7 
 351      F6710EF4 
 351      D472
 352 0635 5E39C7AF 		.ascii	"^9\307\257\255\011\321*\340\264\246f\252;\2651i\355"
 352      AD09D12A 
 352      E0B4A666 
 352      AA3BB531 
 352      69ED
 353 0647 60B4B607 		.ascii	"`\264\266\007im\337\331{\007\310MN\353H\341\251\011"
 353      696DDFD9 
 353      7B07C84D 
 353      4EEB48E1 
 353      A909
 354 0659 85D69C4A 		.ascii	"\205\326\234J\013W@a\030\255\302 \255\235\214\326\211"
 354      0B574061 
 354      18ADC220 
 354      AD9D8CD6 
 354      89
 355 066a 823BFE44 		.ascii	"\202;\376D2\306\021\036\355\2757j\340\010\273*t^\271"
 355      32C6111E 
 355      EDBD376A 
 355      E008BB2A 
 355      745EB9
 356 067d 657EFEB7 		.ascii	"e~\376\267\014\240(\014\240(\010\260\213\001x\366\317"
 356      0CA0280C 
 356      A02808B0 
 356      8B0178F6 
 356      CF
 357 068e 1D8C8B68 		.ascii	"\035\214\213h|\332K*\343b\2217>\375\215\313\266;\335"
 357      7CDA4B2A 
 357      E3629137 
 357      3EFD8DCB 
 357      B63BDD
 358 06a1 BF91DCBA 		.ascii	"\277\221\334\272?\254Y\233\372\266\020/I\312\200d\312"
 358      3FAC599B 
 358      FAB6102F 
 358      49CA8064 
 358      CA
 359 06b2 CE72991C 		.ascii	"\316r\231\034\033-f\207\351m\233\303av\231>\262XV\232"
 359      1B2D6687 
 359      E96D9BC3 
 359      6176993E 
 359      B258569A 
 360 06c6 5D1B563A 		.ascii	"]\033V:7:m+m\346\017\355+\177\365\226)s\325\033o\256"
 360      373A6D2B 
 360      6DE60FED 
 360      2B7FF596 
 360      2973D51B 
ARM GAS  /var/folders/_f/jzb7lsz153bclt069nvlpp5r0000gn/T//ccIpkDDh.s 			page 28


 361 06dc 7A2BF34D 		.ascii	"z+\363MS\304\214\311\356\2648\262\2556\323\006\263e"
 361      53C48CC9 
 361      EEB438B2 
 361      AD36D306 
 361      B365
 362 06ee BDDD6933 		.ascii	"\275\335i3IV\333:s\266\303-\2717o\262ee\254\027\336"
 362      4956DB3A 
 362      73B6C32D 
 362      B9376FB2 
 362      6565AC17 
 363 0703 FFFFE067 		.ascii	"\377\377\340gm\3162IYn+\222F\320W,\353\315N\311e\263"
 363      6DCE3249 
 363      596E2B92 
 363      46D0572C 
 363      EBCD4EC9 
 364 0719 7C2CFD2D 		.ascii	"|,\375-\333\226m\223\334\011\314\261\232\335f\311\255"
 364      DB966D93 
 364      DC09CCB1 
 364      9ADD66C9 
 364      AD
 365 072a 59BBF6DD 		.ascii	"Y\273\366\335\337\3774#\303\304\377>4[\376jsZCP\224"
 365      DFFF3423 
 365      C3C4FF3E 
 365      345BFE6A 
 365      735A4350 
 366 073f 19B2A4E4 		.ascii	"\031\262\244\344\014\226\215N\267\355\357n\311nM\260"
 366      0C968D4E 
 366      B7EDEF6E 
 366      C96E4DB0 
 367 074f 9837481F 		.ascii	"\2307H\037\233\035\024,\221\377\256s\230?\312\222\334"
 367      9B1D142C 
 367      91FFAE73 
 367      983FCA92 
 367      DC
 368 0760 7AAAD41B 		.ascii	"z\252\324\033\277\226\334\006.\032\275]\036\023\235"
 368      BF96DC06 
 368      2E1ABD5D 
 368      1E139D
 369 076f 2D42682D 		.ascii	"-Bh-\273\321\254}w\315\373\014\340\227\231!\000z\253"
 369      BBD1AC7D 
 369      77CDFB0C 
 369      E0979921 
 369      007AAB
 370 0782 65297E60 		.ascii	"e)~`\265\273\334\233Y\"i\323F\234\262\271~\021\023y"
 370      B5BBDC9B 
 370      592269D3 
 370      469CB2B9 
 370      7E111379 
 371 0796 41CD9843 		.ascii	"A\315\230CC\353\325[\314\233\314\026\273{\263v\235\013"
 371      43EBD55B 
 371      CC9BCC16 
 371      BB7BB376 
 371      9D0B
 372 07a8 ABD1B86C 		.ascii	"\253\321\270lf\227&\313\376\017\333\322\260\005\222"
 372      669726CB 
 372      FE0FDBD2 
 372      B00592
ARM GAS  /var/folders/_f/jzb7lsz153bclt069nvlpp5r0000gn/T//ccIpkDDh.s 			page 29


 373 07b7 DD697767 		.ascii	"\335iwgl2\273\334\031\231?[\224!\313eY\204n\021\226"
 373      6C32BBDC 
 373      19993F5B 
 373      9421CB65 
 373      59846E11 
 374 07cc 2C5C9F12 		.ascii	",\\\237\022"
 375 07d0 3E6073B2 		.ascii	">`s\262\270\2101\253\215\215\205\357\216\304H\375\027"
 375      B88831AB 
 375      8D8D85EF 
 375      8EC448FD 
 375      17
 376 07e1 07AAA291 		.ascii	"\007\252\242\221"
 377              		.text
 378              		.section	.gnu.lto_.symtab.f917d316073b665e,"",%progbits
 379 0000 6368616E 		.ascii	"chan_recv_q_init\000\000\000\000\000\000\000\000\000"
 379      5F726563 
 379      765F715F 
 379      696E6974 
 379      00000000 
 380 0019 00000003 		.ascii	"\000\000\000\003\001\000\000chan_recv_q_enqueue\000"
 380      01000063 
 380      68616E5F 
 380      72656376 
 380      5F715F65 
 381 0034 00000000 		.ascii	"\000\000\000\000\000\000\000\000\000\000\000\010\001"
 381      00000000 
 381      00000008 
 381      01
 382 0041 00006368 		.ascii	"\000\000chan_recv_q_dequeue\000\000\000\000\000\000"
 382      616E5F72 
 382      6563765F 
 382      715F6465 
 382      71756575 
 383 005c 00000000 		.ascii	"\000\000\000\000\000\000\015\001\000\000chan_recv_q"
 383      00000D01 
 383      00006368 
 383      616E5F72 
 383      6563765F 
 384 0071 5F66726F 		.ascii	"_front\000\000\000\000\000\000\000\000\000\000\000\000"
 384      6E740000 
 384      00000000 
 384      00000000 
 384      0000
 385 0083 0F010000 		.ascii	"\017\001\000\000"
 386              		.text
 387              		.section	.gnu.lto_.opts,"",%progbits
 388 0000 272D6666 		.ascii	"'-ffp-contract=off' '-fno-trapv' '-mcpu=cortex-m4' "
 388      702D636F 
 388      6E747261 
 388      63743D6F 
 388      66662720 
 389 0033 272D6D74 		.ascii	"'-mthumb' '-mfloat-abi=hard' '-mfpu=fpv4-sp-d16' '-"
 389      68756D62 
 389      2720272D 
 389      6D666C6F 
 389      61742D61 
 390 0066 67676462 		.ascii	"ggdb' '-O2' '-fomit-frame-pointer' '-falign-functio"
ARM GAS  /var/folders/_f/jzb7lsz153bclt069nvlpp5r0000gn/T//ccIpkDDh.s 			page 30


 390      2720272D 
 390      4F322720 
 390      272D666F 
 390      6D69742D 
 391 0099 6E733D31 		.ascii	"ns=16' '-ffunction-sections' '-fdata-sections' '-fn"
 391      36272027 
 391      2D666675 
 391      6E637469 
 391      6F6E2D73 
 392 00cc 6F2D636F 		.ascii	"o-common' '-flto' '-fsingle-precision-constant'\000"
 392      6D6D6F6E 
 392      2720272D 
 392      666C746F 
 392      2720272D 
 393              		.text
 394              		.comm	__gnu_lto_v1,1,1
 395              		.comm	__gnu_lto_slim,1,1
 396              		.ident	"GCC: (GNU Tools for ARM Embedded Processors) 4.9.3 20150529 (release) [ARM/embedded-4_9-br
ARM GAS  /var/folders/_f/jzb7lsz153bclt069nvlpp5r0000gn/T//ccIpkDDh.s 			page 31


DEFINED SYMBOLS
                            *ABS*:0000000000000000 chan_recv_queue.c
                            *COM*:0000000000000001 __gnu_lto_v1
                            *COM*:0000000000000001 __gnu_lto_slim

NO UNDEFINED SYMBOLS
