ARM GAS  /var/folders/_f/jzb7lsz153bclt069nvlpp5r0000gn/T//ccE49Ixl.s 			page 1


   1              		.syntax unified
   2              		.cpu cortex-m4
   3              		.eabi_attribute 27, 1
   4              		.eabi_attribute 28, 1
   5              		.fpu fpv4-sp-d16
   6              		.eabi_attribute 20, 1
   7              		.eabi_attribute 21, 1
   8              		.eabi_attribute 23, 3
   9              		.eabi_attribute 24, 1
  10              		.eabi_attribute 25, 1
  11              		.eabi_attribute 26, 1
  12              		.eabi_attribute 30, 2
  13              		.eabi_attribute 34, 1
  14              		.eabi_attribute 18, 4
  15              		.thumb
  16              		.file	"channel.c"
  17              		.text
  18              	.Ltext0:
  19              		.section	.gnu.lto_.profile.5ba44e3686369e98,"",%progbits
  20 0000 789C6366 		.ascii	"x\234cf```a\200\000F\006\021a\000\000\257\0000"
  20      60606061 
  20      80004606 
  20      11610000 
  20      AF0030
  21              		.text
  22              		.section	.gnu.lto_.jmpfuncs.5ba44e3686369e98,"",%progbits
  23 0000 789C6366 		.ascii	"x\234cf\300\016\270\2414#\0033#\013\013{}}=\003\000"
  23      C00EB8A1 
  23      34230333 
  23      230B0B7B 
  23      7D7D3D03 
  24 0015 067901A0 		.ascii	"\006y\001\240"
  25              		.text
  26              		.section	.gnu.lto_.inline.5ba44e3686369e98,"",%progbits
  27 0000 789C6366 		.ascii	"x\234cf\300\016\304\2414#\003\203\250\010#\003\223\320"
  27      C00EC4A1 
  27      34230383 
  27      A8082303 
  27      93D0
  28 0012 851E4606 		.ascii	"\205\036F\006\211\017\253\031\231\300\302\000)o\003"
  28      890FAB19 
  28      99C0C200 
  28      296F03
  29 0021 6D       		.ascii	"m"
  30              		.text
  31              		.section	.gnu.lto_.pureconst.5ba44e3686369e98,"",%progbits
  32 0000 789C6366 		.ascii	"x\234cf```f\200\000F\006)\000\000z\000\""
  32      60606066 
  32      80004606 
  32      2900007A 
  32      0022
  33              		.text
  34              		.section	.gnu.lto_channel_init.5ba44e3686369e98,"",%progbits
  35 0000 789C9592 		.ascii	"x\234\225\222_K\024a\024\306\317s\336\335\331)\023#"
  35      5F4B1461 
  35      14C6CF73 
  35      DEDDD929 
ARM GAS  /var/folders/_f/jzb7lsz153bclt069nvlpp5r0000gn/T//ccE49Ixl.s 			page 2


  35      1323
  36 0012 BA92A228 		.ascii	"\272\222\242(\227%bw\277B\227]\366\025l\022\202bA\375"
  36      97256277 
  36      BF42975D 
  36      F6156C12 
  36      826241FD 
  37 0026 00CE6E5E 		.ascii	"\000\316n^\024t!\205\265ab\220f\255\371gMK\315\255\021"
  37      14742185 
  37      B5616290 
  37      66ADF967 
  37      4D4BCDAD 
  38 003b BA28C2C2 		.ascii	"\272(\302\302n\242\302\272h\205\214\202\335\022j\020"
  38      6EA2C2BA 
  38      68858C82 
  38      DD126A10 
  39 004b 5DCF7917 		.ascii	"]\317y\027B\352&\207\031\3369\357\234\347\367\236\347"
  39      42EA2687 
  39      19DE39EF 
  39      9CE7F79E 
  39      E7
  40 005c 610CFD7B 		.ascii	"a\014\375{5\313Sb\242c\262\302\020\270\347\025Q\326"
  40      35CB5362 
  40      A263B2C2 
  40      10B8E715 
  40      51D6
  41 006e 65405F08 		.ascii	"e@_\010\324\305\350\302*W\031\263ck\213\015_8d:LR\316"
  41      D4C5E8C2 
  41      2A5719B3 
  41      636B8B0D 
  41      5F38643A 
  42 0085 5D799E77 		.ascii	"]y\236w\264DD\313\365\241\312\252\223\030\362}\277\362"
  42      B44444CB 
  42      F5A1CAAA 
  42      9318F27D 
  42      BFF2
  43 0097 6678E554 		.ascii	"fx\345T\020\011\231\351'\023\206\321\214\273\320sp\017"
  43      100999E9 
  43      271386D1 
  43      8CBBD073 
  43      700F
  44 00a9 09E9CCF6 		.ascii	"\011\351\314\366L\025\232\314\021\250\352\302\245\215"
  44      4C159ACC 
  44      11A8EAC2 
  44      A58D
  45 00b7 E53DF1DB 		.ascii	"\345=\361\333\276\237\013J\223\376\011\021\031\024`"
  45      BE9F0B4A 
  45      93FE0911 
  45      191460
  46 00c6 B6EB648B 		.ascii	"\266\353d\2130\202\270t?\275<\272\271\313\264X\345\263"
  46      3082B874 
  46      3FBD3CBA 
  46      B9CBB458 
  46      E5B3
  47 00d8 A50F23F6 		.ascii	"\245\017#\366x\272e\353\336\2273\313\273\3558\373\265"
  47      78BA65EB 
  47      DE9733CB 
  47      BBED38FB 
ARM GAS  /var/folders/_f/jzb7lsz153bclt069nvlpp5r0000gn/T//ccE49Ixl.s 			page 3


  47      B5
  48 00e9 0C73772E 		.ascii	"\014sw.B\301~\3605g\301\021\334\257\203G\005<f\301\021"
  48      42C17EF0 
  48      3567C111 
  48      DCAF8347 
  48      053C66C1 
  49 00fe C2B80557 		.ascii	"\302\270\005Wo,\024\\\223\260\240\371o\353/\270\256"
  49      6F2C145C 
  49      93B0A0F9 
  49      6FEB2FB8 
  49      AE
  50 010f CC1F3D19 		.ascii	"\314\037=\031r\024\023\177\353\242\204\"\342\332\\\355"
  50      7214137F 
  50      EBA28422 
  50      E2DA5CED 
  51 011f DE78DBE0 		.ascii	"\336x\333\340tK\363^5+\036'\341@\326\361}\201_\253}"
  51      744BF35E 
  51      352B1E27 
  51      E140D6F1 
  51      7D815FAB 
  52 0134 5E5CB81E 		.ascii	"^\\\270\036\215I\2302?QY\0324\325\025IFV\363\036\271"
  52      8D499832 
  52      3F51591A 
  52      34D51549 
  52      4656F31E 
  53 0149 6BC58103 		.ascii	"k\305\201\003*\021\324\247\362\353%W\015\030R\362\364"
  53      2A11D4A7 
  53      F2EB2557 
  53      0D1852F2 
  53      F4
  54 015a EF81EF8D 		.ascii	"\357\201\357\215\375\350\313\312\0342\275\363\213\031"
  54      FDE8CBCA 
  54      1C32BDF3 
  54      8B19
  55 0168 0F3446F9 		.ascii	"\0174F\371vs\355\352\273\246\344q\3654\205~\374\320"
  55      7673EDEA 
  55      BBA6E471 
  55      F534857E 
  55      FCD0
  56 017a 8309D348 		.ascii	"\203\011\323H\252\035Rl\365\017\366\2778Q<\264\034\235"
  56      AA1D526C 
  56      F50FF6BF 
  56      38513CB4 
  56      1C9D
  57 018c 1C8F8453 		.ascii	"\034\217\204S\254s*\023\203\007w\302\211a\306rl\022"
  57      AC732A13 
  57      830777C2 
  57      8961C672 
  57      6C12
  58 019e B3486EB7 		.ascii	"\263Hn\267\025\223\2559\021(\2662\230\334\011\326\305"
  58      1593AD39 
  58      1128B632 
  58      98DC09D6 
  58      C5
  59 01af 638B358A 		.ascii	"c\2135\212\235\267\330|_\370$\246X\267\006BI\024\037"
  59      9DB7D87C 
  59      5FF824A6 
ARM GAS  /var/folders/_f/jzb7lsz153bclt069nvlpp5r0000gn/T//ccE49Ixl.s 			page 4


  59      58B70642 
  59      49141F
  60 01c2 910D7A1B 		.ascii	"\221\015z\033m\376-\372\267\225\305\215\244,\243\034"
  60      6DFE2DFA 
  60      B795C58D 
  60      A42CA31C 
  61 01d2 4AA5D2F5 		.ascii	"J\245\322\365\373t\253w\256-s&\335\331\341\245\275\263"
  61      FB74AB77 
  61      AE2D7326 
  61      DDD9E1A5 
  61      BDB3
  62 01e4 AD994CDB 		.ascii	"\255\231L\333\371\224G\360\270\263\235;\332\267\000"
  62      F99447F0 
  62      B8B39D3B 
  62      DAB700
  63 01f3 9DB90153 		.ascii	"\235\271\001S"
  64              		.text
  65              		.section	.gnu.lto_.symbol_nodes.5ba44e3686369e98,"",%progbits
  66 0000 789C6366 		.ascii	"x\234cf``\020b\200\002&\206z\006\206\011\347\030\030"
  66      60601062 
  66      80022686 
  66      7A068609 
  66      E71818
  67 0013 EAEB19E6 		.ascii	"\352\353\031\346-\340``\000\000&\230\0049"
  67      2DE06060 
  67      00002698 
  67      0439
  68              		.text
  69              		.section	.gnu.lto_.refs.5ba44e3686369e98,"",%progbits
  70 0000 789C6366 		.ascii	"x\234cf```d\200\002\000\000=\000\005"
  70      60606064 
  70      80020000 
  70      3D0005
  71              		.text
  72              		.section	.gnu.lto_.decls.5ba44e3686369e98,"",%progbits
  73 0000 789CAD57 		.ascii	"x\234\255WkP\033\327\025\336\273Wo\0048%M\\\332i\260"
  73      6B501BD7 
  73      15DEBB57 
  73      6F043825 
  73      4D5CDA69 
  74 0015 9230498A 		.ascii	"\2220I\212-\333m2\315\237\016Sw\246M~d\332\231\370W"
  74      2DDB6D32 
  74      CD9F0E53 
  74      77A64D7E 
  74      64DA99F8 
  75 002a 3BB351C4 		.ascii	";\263Q\304\332V+\013[\022\236\222_\013\230\030l\203"
  75      DA562B0B 
  75      5B129E92 
  75      5F0B9818 
  75      6C83
  76 003c 4105835F 		.ascii	"A\005\203_X\346e\260c\302#~7@\374\212,b\300\030\033"
  76      58E665B0 
  76      63C2237E 
  76      3740FC8A 
  76      2C62C018 
  77 0051 0CB52D1E 		.ascii	"\014\265-\036\306\017\032\0146)\220\006\323s\357\256"
  77      C60F1A0C 
ARM GAS  /var/folders/_f/jzb7lsz153bclt069nvlpp5r0000gn/T//ccE49Ixl.s 			page 5


  77      36299006 
  77      D373EFAE 
  78 0061 B41248D8 		.ascii	"\264\022H\330?\272\303e\357\271\367\334\357\234\363"
  78      3FBAC365 
  78      EFB9F7DC 
  78      EF9CF3
  79 0070 9D737657 		.ascii	"\235svW\230a\030\001\306\034\\\271\261\014s\231e\030"
  79      98611801 
  79      C61C5CB9 
  79      B10C7399 
  79      6518
  80 0082 F863FEC8 		.ascii	"\370c\376\310\310\027\202\361:b\026\\dM\013\367\030"
  80      C81782F1 
  80      3A62165C 
  80      644D0BF7 
  80      18
  81 0093 187A18EF 		.ascii	"\030z\030\357\303x\005\326\246\341\036\015\367\237\303"
  81      C37805D6 
  81      A6E11E0D 
  81      F79FC3
  82 00a2 7801C619 		.ascii	"x\001\306\031\220\0250~\012\363\2450\342a\374\004E\306"
  82      9015307E 
  82      0AF3A530 
  82      E261FC04 
  82      45C6
  83 00b4 9D60D1E9 		.ascii	"\235`\321\351\272\311+Q\367Y\024\243K \342\031\227\247"
  83      BAC92B51 
  83      F75914A3 
  83      4B20E219 
  83      97A7
  84 00c6 5405A25E 		.ascii	"T\005\242^\247 \342y\317\241~%\335\365\261D\356\353"
  84      A720E279 
  84      CFA17E25 
  84      DDF5B144 
  84      EEEB
  85 00d8 681888A1 		.ascii	"h\030\210\241\333IDl\035\256\255\325a\026\221yE\351"
  85      DB49446C 
  85      1DAEADD5 
  85      61169179 
  85      45E9
  86 00ea 40B72EE9 		.ascii	"@\267.\351\210 \0109B\253\017\311\026.\\\355?\252\242"
  86      88200839 
  86      42AB0FC9 
  86      162E5CED 
  86      3FAAA2
  87 00fd 186EAA58 		.ascii	"\030n\252X\334v\352\226\216b\274H\304\321\262\341S,"
  87      DC76EA96 
  87      8E62BC48 
  87      C4D1B2E1 
  87      532C
  88 010f 8EA35B85 		.ascii	"\216\243[\205y\347\246\265\370u:?q1\257R\205W\321y\311"
  88      79E7A6B5 
  88      F8753A3F 
  88      7131AF52 
  88      8557D179 
  89 0124 D5DE930A 		.ascii	"\325\336\223\012\374\016\235o\357\257\375F\215\177C"
  89      FC0E9D6F 
ARM GAS  /var/folders/_f/jzb7lsz153bclt069nvlpp5r0000gn/T//ccE49Ixl.s 			page 6


  89      EFAFFD46 
  89      8D7F43
  90 0133 E719D567 		.ascii	"\347\031\325gw\252\001\352%\035\265\224\337\266\367"
  90      77AA01EA 
  90      251DB594 
  90      DFB6F7
  91 0142 2B4CC539 		.ascii	"+L\3059\262\315\272\206&\253\020\322%\346\010B\2460"
  91      B2CDBA86 
  91      26AB10D2 
  91      25E60842 
  91      A630
  92 0154 EE12F052 		.ascii	"\356\022\360R\006%\305\2437\343\031t\022%\202\032\372"
  92      0625C5A3 
  92      37E31974 
  92      1225821A 
  92      FA
  93 0165 0C2531E8 		.ascii	"\014%1\350\013\024\217\216\243x\246\022|\037/\255\330"
  93      0B148F8E 
  93      A378A612 
  93      7C1F2FAD 
  93      D8
  94 0176 F5334150 		.ascii	"\3653AP\240\023H\207\232\020\246\032@ \261 \306\303"
  94      A0134887 
  94      9A10A61A 
  94      4020B120 
  94      C6C3
  95 0188 FA7AAAFE 		.ascii	"\372z\252\376\024\036\364t$\320\336\354\266\037\023"
  95      141EF474 
  95      24D0DEEC 
  95      B61F13
  96 0197 D05300DA 		.ascii	"\320S\000\332(\203\202\215\000\352\335k\276=\232\360"
  96      2883828D 
  96      00EADD6B 
  96      BE3D9AF0 
  97 01a7 B06723C1 		.ascii	"\260g#\301\316\036vQ\3303\000\333 \303\236\222aQ\355"
  97      CE1E7651 
  97      D83300DB 
  97      20C39E92 
  97      6151ED
  98 01ba 84BB00E1 		.ascii	"\204\273\000\341r1E\215\025U'\2644\023\311D\254,\336"
  98      7231458D 
  98      155527B4 
  98      3413C944 
  98      AC2CDE
  99 01cd FD999226 		.ascii	"\375\231\222&BC\304\331\353\017\317k\3611Q\265mp\372"
  99      4243C4D9 
  99      EB0FCF6B 
  99      F13151B5 
  99      6D70FA
 100 01e0 899EAA2E 		.ascii	"\211\236\252.!\342\336\236\273\223\230\252\3222x2:V"
 100      21E2DE9E 
 100      BB9398AA 
 100      D2327832 
 100      3A56
 101 01f2 ADC5A745 		.ascii	"\255\305\247E\325b\357\276]J\374\265(\024\014\270\256"
 101      D562EFBE 
 101      5D4AFCB5 
ARM GAS  /var/folders/_f/jzb7lsz153bclt069nvlpp5r0000gn/T//ccE49Ixl.s 			page 7


 101      28140CB8 
 101      AE
 102 0203 2970271B 		.ascii	")p'\033\222\236\0041=%\243\323_h\25087\207I\314\345"
 102      929E0431 
 102      3D25A3D3 
 102      5F68A838 
 102      378749CC 
 103 0218 B73A07B4 		.ascii	"\267:\007\264(Q'\022?t\203\022\357\201`.\310\301$H\261"
 103      28512712 
 103      3F748312 
 103      EF81602E 
 103      C8C12448 
 104 022d 505E842C 		.ascii	"P^\204,AY\023\303\240V`\341+`\001}\015\324$H\324\\\204"
 104      415913C3 
 104      A05660E1 
 104      2B60017D 
 104      0DD42448 
 105 0244 C54BB008 		.ascii	"\305K\260\010\300M\203c;t~\340\336\213\371/\021`/\000"
 105      C04D8363 
 105      3B747EE0 
 105      DE8BF92F 
 105      11602F00 
 106 0258 9F97813D 		.ascii	"\237\227\201=hQ\344\313\341\221\263\233\016Y\375\300"
 106      6851E4CB 
 106      E191B39B 
 106      0E59FDC0 
 107 0268 6777ECA2 		.ascii	"gw\354\242\364\177\003\300\347d`\357\342\300ma\201Q"
 107      F47F03C0 
 107      E76460EF 
 107      E2C06D61 
 107      8151
 108 027a 456B9957 		.ascii	"Ek\231W\201gE\342\312?\275\337\255\307Y\230\012-\315"
 108      816745E2 
 108      CA3FBDDF 
 108      ADC75998 
 108      0A2DCD
 109 028d D3977438 		.ascii	"\323\227t8G\024v\346\370.\353p!\016\341w\231\310\357"
 109      471476E6 
 109      F82EEB70 
 109      210EE177 
 109      99C8EF
 110 02a0 9D7D3395 		.ascii	"\235}3\225Z*\222gL,q\3273\"T\304\004\030\256\030\374"
 110      5A2A9267 
 110      4C2C71D7 
 110      332254C4 
 110      0418AE18 
 111 02b5 4396908C 		.ascii	"C\226\220\214\272\301\337N\331\337e\301\356\026d\011"
 111      BAC1DF4E 
 111      D9DF65C1 
 111      EE166409 
 112 02c5 5A0FB87B 		.ascii	"Z\017\270{\030<\253!\356^\003w\227I\356^\205\305.\221"
 112      183CAB21 
 112      EE5E0377 
 112      9749EE5E 
 112      85C52E91 
 113 02d9 878B3F34 		.ascii	"\207\213?4oU\372\313u\301\241\033a\016I\215\340\242"
 113      6F55FACB 
ARM GAS  /var/folders/_f/jzb7lsz153bclt069nvlpp5r0000gn/T//ccE49Ixl.s 			page 8


 113      75C1A11B 
 113      610E498D 
 113      E0A2
 114 02eb B9B80E2E 		.ascii	"\271\270\016.t\310.t\0075B\365\350\361\357\365~\227"
 114      74C82E74 
 114      073542F5 
 114      E8F1EFF5 
 114      7E97
 115 02fd 67EF8914 		.ascii	"g\357\211\024\367\202~\273\254\177\035-\352sOX\237\321"
 115      F7827EBB 
 115      AC7F1D2D 
 115      EA734F58 
 115      9FD1
 116 030f 93A34211 		.ascii	"\223\243B\021\306\373)w\212\262#\271w\024(\316\220h"
 116      C6FB2977 
 116      8AB223B9 
 116      771428CE 
 116      9068
 117 0321 28044342 		.ascii	"(\004CB\201[Hv2\350K\320n\006m\006\365\2418\002\200"
 117      815B4876 
 117      32E84BD0 
 117      6E066D06 
 117      F5A13802 
 118 0336 FE0558FD 		.ascii	"\376\005X\375\310\200n!\003\265\350\006\213\276\233"
 118      C8806E21 
 118      03B5E806 
 118      8BBE9B
 119 0345 5D1FB566 		.ascii	"]\037\265fb\232\370+\340\025\321\015\344\367\015r\372"
 119      629AF82B 
 119      E015D10D 
 119      E4F70D72 
 119      FA
 120 0356 2DF84723 		.ascii	"-\370G#\366\365\256\326\220}Fr]\272(J_WJ\353VLc\273"
 120      F6F5AED6 
 120      907D4672 
 120      5DBA284A 
 120      5F574AEB 
 121 036e 29A10442 		.ascii	")\241\004B\240(\207\211'\204\223\307\367&:U(1\216\""
 121      A0288789 
 121      278493C7 
 121      F7263A55 
 121      28318E22 
 122 0382 F6AB10BA 		.ascii	"\366\253\020\272\003\272-2\037\304\000\275\302\305\202"
 122      03BA2D32 
 122      1FC400BD 
 122      C2C582
 123 0391 6E430891 		.ascii	"nC\010\221\302\001Zj\206\012\233U\270\\,\251\275\302"
 123      C2015A6A 
 123      860A9B55 
 123      B85C2CA9 
 123      BDC2
 124 03a3 4053143E 		.ascii	"@S\024>B\005\345\316\256\332o\243\221!\316`Ht\323l\034"
 124      4205E5CE 
 124      AEDA6FA3 
 124      9121CE60 
 124      4874D36C 
 125 03b8 73BD9821 		.ascii	"s\275\230!\270\317\211\366}`\177\010\356\001;A>\213"
ARM GAS  /var/folders/_f/jzb7lsz153bclt069nvlpp5r0000gn/T//ccE49Ixl.s 			page 9


 125      B8CF89F6 
 125      7D607F08 
 125      EE013B41 
 125      3E8B
 126 03ca 7E08D48F 		.ascii	"~\010\324\217c\260_G9\035\222\234\030\001'\356\202\023"
 126      63B05F47 
 126      391D929C 
 126      180127EE 
 126      8213
 127 03dc 83308665 		.ascii	"\2030\206e^\005\237\267YA\030!\350\003\363\321\305\264"
 127      5E059FB7 
 127      59411821 
 127      E803F3D1 
 127      C5B4
 128 03ee 88F0943E 		.ascii	"\210\360\224>O\347_Z30}\370\375SR\226\036\230\363R\320"
 128      4FE75F5A 
 128      33307DF8 
 128      FD535296 
 128      1E98F352 
 129 0403 0229185A 		.ascii	"\002)\030Z\220\002\240\365Au\375S\354\247\265\015h\275"
 129      9002A0F5 
 129      4175FD53 
 129      ECA7B50D 
 129      68BD
 130 0415 0F18F532 		.ascii	"\017\030\3652\255C\241\264\206\206\203\356A\024\213"
 130      AD43A1B4 
 130      868683EE 
 130      41148B
 131 0424 45046C5E 		.ascii	"E\004l^\352\330\177]\247\337.\027)\265\340O2\203\036"
 131      EAD87F5D 
 131      A7DF2E17 
 131      29B5E04F 
 131      32831E
 132 0437 20BDA479 		.ascii	" \275\244y\250'\277F\215\037\210I(\177\320P\202\361"
 132      A827BF46 
 132      8D1F8849 
 132      287FD050 
 132      82F1
 133 0449 9828DC3C 		.ascii	"\230(\334<\374\270K\203\247D\341\300\303\332j%\236\025"
 133      FCB84B83 
 133      A744E1C0 
 133      C3DA6A25 
 133      9E15
 134 045b 85CECB19 		.ascii	"\205\316\313\031\375\2618S\021\362\300\326\323\007\266"
 134      FDB13853 
 134      11F2C0D6 
 134      D307B6
 135 046a 7A77F5B5 		.ascii	"zw\365\265>\265\230:\203\201r{\263N\345Y\211\336\327"
 135      3EB5983A 
 135      8381727B 
 135      B34EE559 
 135      89DED7
 136 047d A16F21C0 		.ascii	"\241o!\300\211\340Z\013f6|\342&\2440'!\314\307\020\342"
 136      89E05A0B 
 136      66367CE2 
 136      26A43027 
 136      21CCC710 
ARM GAS  /var/folders/_f/jzb7lsz153bclt069nvlpp5r0000gn/T//ccE49Ixl.s 			page 10


 137 0492 7730FE03 		.ascii	"w0\376\003c\034\306\223\340\306h\357\244%\015q\241\207"
 137      631CC693 
 137      E0C668EF 
 137      A4250D71 
 137      A187
 138 04a4 F3CDC859 		.ascii	"\363\315\310Y\241\376\364\371\375\031\233\257\370\010"
 138      A1FEF4F9 
 138      FD199BAF 
 138      F808
 139 04b2 85E6EF0A 		.ascii	"\205\346\357\012\344o\"\\\013\011\276\016?\310hXk\201"
 139      E46F225C 
 139      0B09BE0E 
 139      3FC86858 
 139      6B81
 140 04c4 6A11DCBD 		.ascii	"j\021\334\275\215B2x\006\252\377\016\037\377[R\257\345"
 140      8D423278 
 140      06AAFF0E 
 140      1FFF5B52 
 140      AFE5
 141 04d6 379ECCD5 		.ascii	"7\236\314\325\006\367\3324\350~.\027\305\304\242E1\005"
 141      06F7DA34 
 141      E87E2E17 
 141      C5C4A245 
 141      3105
 142 04e8 0C3D0F5B 		.ascii	"\014=\017[\244\357\206\017Ni\36061}\223\336\302\272"
 142      A4EF860F 
 142      4E69F036 
 142      317D93DE 
 142      C2BA
 143 04fa 289C270A 		.ascii	"(\234'\012\365-Gs\305\367\364GD\234\312\036\317\025"
 143      F52D4773 
 143      C5F7F447 
 143      449CCA1E 
 143      CF15
 144 050c 3F98F444 		.ascii	"?\230\364D\374\362\361\351l=>HU\025M\336\222\357\020"
 144      FCF2F1E9 
 144      6C3D3E48 
 144      55154DDE 
 144      92EF10
 145 051f C9B3D8A1 		.ascii	"\311\263\330\241\375\015\225\237\200_\225K\003=4\367"
 145      FD0D959F 
 145      805F954B 
 145      033D34F7 
 146 052f 1C1DFA5F 		.ascii	"\034\035\372_\330\377\201\2220'\271\236\301&\"\2015"
 146      D8FF8192 
 146      3027B99E 
 146      C1262281 
 146      35
 147 0540 A0A7C1C9 		.ascii	"\240\247\301\311\3654\2064\334\\\244\206s\267\010\202"
 147      F5348634 
 147      DC5CA486 
 147      73B70882 
 148 0550 86622D6C 		.ascii	"\206b-l\271;\015W/(Q\\b8\363(\013\254F\362\200\246\303"
 148      B93B0D57 
 148      2F28515C 
 148      6238F328 
 148      0BAC46F2 
ARM GAS  /var/folders/_f/jzb7lsz153bclt069nvlpp5r0000gn/T//ccE49Ixl.s 			page 11


 149 0567 0BE9C864 		.ascii	"\013\351\310d\343\320\254\234\2169\177:\200\231\356"
 149      E3D0AC9C 
 149      8E397F3A 
 149      8099EE
 150 0576 EAF1194D 		.ascii	"\352\361\031MH\273\021e\271\335\266\262R\273\251oW\344"
 150      48BB1165 
 150      B9DDB6B2 
 150      52BBA96F 
 150      57E4
 151 0588 4FC52003 		.ascii	"O\305 \003\341\215\266G\240rA\205V\35666r\345\206tR"
 151      E18DB647 
 151      A0724185 
 151      56EE3636 
 151      72E58674 
 152 059d 88E2B33B 		.ascii	"\210\342\263;\211\250\223\360r!\274l\010o;\214\0350"
 152      89A893F0 
 152      7221BC6C 
 152      086F3B8C 
 152      1D30
 153 05af 3E8591C3 		.ascii	">\205\221\303\312\217Bw_\240^\307\346[\011\327\037\240"
 153      CA8F4277 
 153      5FA05EC7 
 153      E65B09D7 
 153      1FA0
 154 05c1 F0CCFE58 		.ascii	"\360\314\376X\030S\304\376\010\023\225\277?\262\036"
 154      1853C4FE 
 154      081395BF 
 154      3FB21E
 155 05d0 950CC706 		.ascii	"\225\014\307\006\367G\036\350~/'\204x\022\271?vB\334"
 155      F7471EE8 
 155      7E2F2784 
 155      7812B93F 
 155      7642DC
 156 05e3 CFC301F9 		.ascii	"\317\303\001\371\234\251\353nP\343\036\261%Jv\267\355"
 156      9CA9EB6E 
 156      50E31EB1 
 156      254A76B7 
 156      ED
 157 05f4 57E35B62 		.ascii	"W\343[b\321\017\317\334\236R\243xmb|\251\240A\205\254"
 157      D10FCFDC 
 157      9E52A378 
 157      6D627CA9 
 157      A04185AC 
 158 0608 96D946BF 		.ascii	"\226\331F\277\2323\013\226l\016|5\273\000\235l1\250"
 158      9A330B96 
 158      6C0E7C35 
 158      BB009D6C 
 158      31A8
 159 061a 808D47FF 		.ascii	"\200\215G\377`\305/\220\034\370\376\201U\264\213\305"
 159      60C52F90 
 159      1CF8FE81 
 159      55B48BC5 
 160 062a 32554C29 		.ascii	"2UL)\254\213@`*\257\276\266T\213\207D\2735\203\355\256"
 160      AC8B4060 
 160      2AAFBEB6 
 160      548B8744 
 160      BB3583ED 
ARM GAS  /var/folders/_f/jzb7lsz153bclt069nvlpp5r0000gn/T//ccE49Ixl.s 			page 12


 161 063f 68DA7B6F 		.ascii	"h\332{o\020q\2448k,\032?\244{\252\242\034o\216\026>"
 161      1071A438 
 161      6B2C1A3F 
 161      A47BAAA2 
 161      1C6F8E16 
 162 0654 21E00AA9 		.ascii	"!\340\012\251\347Z\010\366\010\345\254D\212t?\370\262"
 162      E75A08F6 
 162      08E5AC44 
 162      8A743FF8 
 162      B2
 163 0665 0FA22B85 		.ascii	"\017\242+\205\261\027\306\236\240L\217\3174\325\377"
 163      B117C69E 
 163      A04C8FCF 
 163      34D5FF
 164 0674 D5457B96 		.ascii	"\325E{\2260\231\317bz,\300\330\243\371\357\275v\371"
 164      3099CF62 
 164      7A2CC0D8 
 164      A3F9EFBD 
 164      76F9
 165 0686 BDB75B52 		.ascii	"\275\267[R\226B.f\211j\222_\323}\245NH\006M\022oQ8M"
 165      96422E66 
 165      896A925F 
 165      D37DA54E 
 165      48064D12 
 166 069e B9A4DBFA 		.ascii	"\271\244\333\372\350\213\227<\352f\320<\007\346\275"
 166      E88B973C 
 166      EA66D03C 
 166      07E6BD
 167 06ad 4DBD506D 		.ascii	"M\275Pm%\013\252\015\012\243(3\263=\312_\030\035P\030"
 167      250BAA0D 
 167      0AA32833 
 167      B33DCA5F 
 167      181D5018 
 168 06c1 65807254 		.ascii	"e\200rT.\214\222p\205\341\347\012\035\000\212\236E\027"
 168      2E8C9270 
 168      85E1E70A 
 168      1D008A9E 
 168      4517
 169 06d3 298A4B8D 		.ascii	")\212K\215E\241-^\026\322\342\007\375-\216\212\017~"
 169      45A12D5E 
 169      16D2E207 
 169      FD2D8E8A 
 169      0F7E
 170 06e5 5E17AB80 		.ascii	"^\027\253\200_\330\224\326?\323\237\263\236\375\371"
 170      5FD894D6 
 170      3FD39FB3 
 170      9EFDF9
 171 06f4 7ABA4402 		.ascii	"z\272D\002u\263t\255~\307\323\0215]\204\263\350\220"
 171      75B374AD 
 171      7EC7D311 
 171      355D84B3 
 171      E890
 172 0706 B8385C3C 		.ascii	"\2708\\<2\032\363r1u4KX\242 }!\033\251`_\206\377\345"
 172      321AF372 
 172      3175344B 
 172      58A2207D 
 172      211BA960 
ARM GAS  /var/folders/_f/jzb7lsz153bclt069nvlpp5r0000gn/T//ccE49Ixl.s 			page 13


 173 071e AC42B494 		.ascii	"\254B\264\224\337WW\245\300\007\224\342\007\324\370"
 173      DF5757A5 
 173      C00794E2 
 173      07D4F8
 174 072d 8D89D884 		.ascii	"\215\211\330\2042\301]?\336w|\362\315=\202;Sx:\007\277"
 174      32C15D3F 
 174      DE777CF2 
 174      CD3D823B 
 174      53783A07 
 175 0742 47C92954 		.ascii	"G\311)T\311\372\351`\310\234F\205\252\330\004F\273f"
 175      C9FAE960 
 175      C89C4685 
 175      AAD80446 
 175      BB66
 176 0754 83C966E3 		.ascii	"\203\311f\343\255\234S\365\373\017\326&\254a^0\303\002"
 176      AD9C53F5 
 176      FB0FD626 
 176      AC615E30 
 176      C302
 177 0766 E7E06D29 		.ascii	"\347\340m)\334\3464>\215\347\234QTH19M\234S\261v\355"
 177      DCE6343E 
 177      8DE79C51 
 177      54483139 
 177      4D9C53B1 
 178 077c 7BBF53A7 		.ascii	"{\277S\247Yl\316_sN-\307I3\316\230\346\260\033\255\251"
 178      596CCE5F 
 178      734E2DC7 
 178      4933CE98 
 178      E6B01BAD 
 179 0791 6693D5B8 		.ascii	"f\223\325\270\206\267ZMv\343z\263y\271\311\276q\271"
 179      86B75A4D 
 179      76E37AB3 
 179      79B9C9BE 
 179      71B9
 180 07a3 2DD5C62F 		.ascii	"-\325\306/\347M\037[\226\377\352]\343\352\225\253\336"
 180      E74D1F5B 
 180      96FFEA5D 
 180      E3EA95AB 
 180      DE
 181 07b4 5EF9EEEA 		.ascii	"^\371\356\352\267\215!;F\213\315lMK\341\215\033M\346"
 181      B78D213B 
 181      468BCD6C 
 181      4D4BE18D 
 181      1B4DE6
 182 07c7 0D161B6F 		.ascii	"\015\026\033o\344R\370u\246"
 182      E452F875 
 182      A6
 183 07d0 34AB9373 		.ascii	"4\253\223s\246o\342\035+60\037\376\177\360\035\351\016"
 183      A66FE21D 
 183      2B36301F 
 183      FE7FF01D 
 183      E90E
 184 07e2 23E770A6 		.ascii	"#\347p\246\200\323\000\372\332\212\025F\361\357c\223"
 184      80D300FA 
 184      DA8A1546 
 184      F1EF6393 
 185 07f2 F96F1063 		.ascii	"\371o\020c@\217\230\005\027\210e\2359\325\346\344\377"
ARM GAS  /var/folders/_f/jzb7lsz153bclt069nvlpp5r0000gn/T//ccE49Ixl.s 			page 14


 185      408F9805 
 185      1788659D 
 185      39D5E6E4 
 185      FF
 186 0803 EEE42C29 		.ascii	"\356\344,)Qf\323Fn\213\311J8\211\026\357\353\254\246"
 186      5166D346 
 186      6E8BC94A 
 186      388916EF 
 186      EBACA6
 187 0816 F50ECEA9 		.ascii	"\365\016\316\251!4\254z\207s\352DF\310tYDtz\010\240"
 187      2134AC7A 
 187      8773EA44 
 187      46C87459 
 187      44747A08 
 188 082b 9574A258 		.ascii	"\225t\242X\373\336\007\037R\200_\256\016\000\220\251"
 188      FBDE071F 
 188      52805FAE 
 188      0E0090A9 
 189 083b 929A506F 		.ascii	"\222\232Po\344\035\016\323z\376G)\026\2733\235\032\344"
 189      E41D0ED3 
 189      7AFE4729 
 189      16BB339D 
 189      1AE4
 190 084d 36A5820A 		.ascii	"6\245\202\012o\377ED\013\363R\010\266\024$}\032\263"
 190      6FFF4544 
 190      0BF35208 
 190      B614247D 
 190      1AB3
 191 085f 6993C96C 		.ascii	"i\223\311lq\246+\327\331!*\205\2357\331\025\016\313"
 191      71A62BD7 
 191      D9212A85 
 191      9D37D915 
 191      0ECB
 192 0871 27BC92E8 		.ascii	"'\274\222\350n\0263o\347\315[\002\231\247\202\230\371"
 192      6E16336F 
 192      E7CD5B02 
 192      99A78298 
 192      F9
 193 0882 6758938F 		.ascii	"gX\223\217\221\310\210\264Y\311\37565\325\252\262\330"
 193      91C888B4 
 193      59C9FD36 
 193      35D5AAB2 
 193      D8
 194 0893 B834071F 		.ascii	"\2704\007\037\343H\267\231\271\024\273e\013o\347l\251"
 194      E348B799 
 194      B914BB65 
 194      0B6FE76C 
 194      A9
 195 08a4 AF2E8A06 		.ascii	"\257.\212\006\365\010(zi\312Yl\026\347+\013\0168\354"
 195      F508287A 
 195      69CA596C 
 195      16E72B0B 
 195      0E38EC
 196 08b7 E680B299 		.ascii	"\346\200\262\231\371\037\260\210;;"
 196      F91FB088 
 196      3B3B
 197              		.text
ARM GAS  /var/folders/_f/jzb7lsz153bclt069nvlpp5r0000gn/T//ccE49Ixl.s 			page 15


 198              		.section	.gnu.lto_.symtab.5ba44e3686369e98,"",%progbits
 199 0000 6368616E 		.ascii	"channel_init\000\000\000\000\000\000\000\000\000\000"
 199      6E656C5F 
 199      696E6974 
 199      00000000 
 199      00000000 
 200 0016 00002501 		.ascii	"\000\000%\001\000\000"
 200      0000
 201              		.text
 202              		.section	.gnu.lto_.opts,"",%progbits
 203 0000 272D6666 		.ascii	"'-ffp-contract=off' '-fno-trapv' '-mcpu=cortex-m4' "
 203      702D636F 
 203      6E747261 
 203      63743D6F 
 203      66662720 
 204 0033 272D6D74 		.ascii	"'-mthumb' '-mfloat-abi=hard' '-mfpu=fpv4-sp-d16' '-"
 204      68756D62 
 204      2720272D 
 204      6D666C6F 
 204      61742D61 
 205 0066 67676462 		.ascii	"ggdb' '-O2' '-fomit-frame-pointer' '-falign-functio"
 205      2720272D 
 205      4F322720 
 205      272D666F 
 205      6D69742D 
 206 0099 6E733D31 		.ascii	"ns=16' '-ffunction-sections' '-fdata-sections' '-fn"
 206      36272027 
 206      2D666675 
 206      6E637469 
 206      6F6E2D73 
 207 00cc 6F2D636F 		.ascii	"o-common' '-flto' '-fsingle-precision-constant'\000"
 207      6D6D6F6E 
 207      2720272D 
 207      666C746F 
 207      2720272D 
 208              		.text
 209              		.comm	__gnu_lto_v1,1,1
 210              		.comm	__gnu_lto_slim,1,1
 211              		.ident	"GCC: (GNU Tools for ARM Embedded Processors) 4.9.3 20150529 (release) [ARM/embedded-4_9-br
ARM GAS  /var/folders/_f/jzb7lsz153bclt069nvlpp5r0000gn/T//ccE49Ixl.s 			page 16


DEFINED SYMBOLS
                            *ABS*:0000000000000000 channel.c
                            *COM*:0000000000000001 __gnu_lto_v1
                            *COM*:0000000000000001 __gnu_lto_slim

NO UNDEFINED SYMBOLS
