ARM GAS  /var/folders/_f/jzb7lsz153bclt069nvlpp5r0000gn/T//ccNq31UM.s 			page 1


   1              		.syntax unified
   2              		.cpu cortex-m4
   3              		.eabi_attribute 27, 1
   4              		.eabi_attribute 28, 1
   5              		.fpu fpv4-sp-d16
   6              		.eabi_attribute 20, 1
   7              		.eabi_attribute 21, 1
   8              		.eabi_attribute 23, 3
   9              		.eabi_attribute 24, 1
  10              		.eabi_attribute 25, 1
  11              		.eabi_attribute 26, 1
  12              		.eabi_attribute 30, 2
  13              		.eabi_attribute 34, 1
  14              		.eabi_attribute 18, 4
  15              		.thumb
  16              		.file	"event.c"
  17              		.text
  18              	.Ltext0:
  19              		.section	.gnu.lto_.profile.d5cca2d4e9128407,"",%progbits
  20 0000 789C6366 		.ascii	"x\234cf```a\200\000F\206\004\015\000\001\\\000\221"
  20      60606061 
  20      80004686 
  20      040D0001 
  20      5C0091
  21              		.text
  22              		.section	.gnu.lto_.jmpfuncs.d5cca2d4e9128407,"",%progbits
  23 0000 789C6366 		.ascii	"x\234cf\300\016\234\2404\023\003\023##s=\023\023s9#"
  23      C00E9CA0 
  23      34130313 
  23      2323733D 
  23      13137339 
  24 0015 98CF0293 		.ascii	"\230\317\002\223\200\0120\022\220g\000\000\203K\003"
  24      800A3012 
  24      90670000 
  24      834B03
  25 0024 59       		.ascii	"Y"
  26              		.text
  27              		.section	.gnu.lto_.inline.d5cca2d4e9128407,"",%progbits
  28 0000 789C6366 		.ascii	"x\234cf\300\016\322\2404\023\203\201\330wfFF\006F \233"
  28      C00ED2A0 
  28      34138381 
  28      D8776646 
  28      46064620 
  29 0015 EFCB264E 		.ascii	"\357\313&N\006\266\005\362L \031f\036F\006\246\243\354"
  29      06B605F2 
  29      4C201966 
  29      1E4606A6 
  29      A3EC
  30 0027 0CAC7C40 		.ascii	"\014\254|@z\202\337\004?\026^ \343\003\033\003\243\002"
  30      7A82DF04 
  30      3F165E20 
  30      E3031B03 
  30      A302
  31 0039 A93A1800 		.ascii	"\251:\030\000,\370\017c"
  31      2CF80F63 
  32              		.text
  33              		.section	.gnu.lto_.pureconst.d5cca2d4e9128407,"",%progbits
ARM GAS  /var/folders/_f/jzb7lsz153bclt069nvlpp5r0000gn/T//ccNq31UM.s 			page 2


  34 0000 789C6366 		.ascii	"x\234cf```e\200\000&\006\013F\013\000\001q\000|"
  34      60606065 
  34      80002606 
  34      0B460B00 
  34      0171007C 
  35              		.text
  36              		.section	.gnu.lto_poll_sendq.d5cca2d4e9128407,"",%progbits
  37 0000 789C7553 		.ascii	"x\234uS]L\233U\030>\3579_\277\257_K[\\4\306&&K\010."
  37      5D4C9B55 
  37      183EEF39 
  37      5FBFAF5F 
  37      4B5B5C34 
  38 001a EA0A1726 		.ascii	"\352\012\027&\\xa\270\367Bo\275\221T\350\314\242\262"
  38      5C7861B8 
  38      F7426FBD 
  38      9154E8CC 
  38      A2B2
  39 002c 09D5C438 		.ascii	"\011\325\3048\342\341G\267\013g\346~p\016:1\205U\005"
  39      E2E147B7 
  39      0B67E67E 
  39      700E3A31 
  39      855505
  40 003f 8AD48DF1 		.ascii	"\212\324\215\3617V\330\264\2601\240\3406\300m\356\002"
  40      3756D8B4 
  40      B031A0E0 
  40      36C06DEE 
  40      02
  41 0050 166622E1 		.ascii	"\026f\"\341g\221\326\271\341\373\236\257\216\037\031"
  41      6791D6B9 
  41      E1FB9EAF 
  41      8E1F19
  42 005f 29E73BE7 		.ascii	")\347;\347=\317\373\274?\317{\004\373\377\337\233\370"
  42      3DCFFBBC 
  42      3FCF7B04 
  42      FBFFDF9B 
  42      F8
  43 0070 6FEA8CBD 		.ascii	"o\352\214\275\206_\2603\340\207F\030\253\264s\020\264"
  43      865FB033 
  43      E0874618 
  43      ABB47310 
  43      B4
  44 0081 01C18D01 		.ascii	"\001\301\215\001\301\244C\033\271\304\230\314\322\270"
  44      C1A4431B 
  44      B9C498CC 
  44      D2B8
  45 008f 4D6D1C3A 		.ascii	"Mm\034:Y\263l\026\252\337\256\203a\371\031\000\264a"
  45      59B36C16 
  45      AADFAE83 
  45      61F91900 
  45      B461
  46 00a1 C03EE142 		.ascii	"\300>\341B\263\351\006\340\327\212t\227/r\030\356z8"
  46      B3E906E0 
  46      D78A7497 
  46      2F7218EE 
  46      7A38
  47 00b3 013B9AA4 		.ascii	"\001;\232\244\254Z\030O\334|=\016i\316\3302g\260\323"
  47      AC5A184F 
ARM GAS  /var/folders/_f/jzb7lsz153bclt069nvlpp5r0000gn/T//ccNq31UM.s 			page 3


  47      DC7C3D0E 
  47      69CED832 
  47      67B0D3
  48 00c6 0BCF7BC9 		.ascii	"\013\317{\3111\002;\0207\177\275~\324&\266\003\303}"
  48      31023B10 
  48      377FBD7E 
  48      D426B603 
  48      C37D
  49 00d8 57F4DE15 		.ascii	"W\364\336\025\347\034Os\330N\307\356\303\203\307u:r"
  49      E71C4F73 
  49      D84EC7EE 
  49      C383C775 
  49      3A72
  50 00ea 8D8E7F5F 		.ascii	"\215\216\177_=\033\321s\303\310\030\357\214\311B-\315"
  50      3D1BD173 
  50      C3C818EF 
  50      8CC9422D 
  50      CD
  51 00fb 057C0782 		.ascii	"\005|\007\2028\277\007/\374\000^\206&\006\315\220\213"
  51      38BF072F 
  51      FC005E86 
  51      2606CD90 
  51      8B
  52 010c E8C6B9AF 		.ascii	"\350\306\271\257\376\000\361\202\342\255\371'T\347\266"
  52      FE00F182 
  52      E2ADF927 
  52      54E7B6
  53 011b 3CE72D4F 		.ascii	"<\347-O\015Z6{j\014Z!\227\340\2135\017\256;\365\032"
  53      0D5A367B 
  53      6A0C5A21 
  53      97E08B35 
  53      0FAE3BF5 
  54 0130 29653665 		.ascii	")e6e\214\251FA\007\3064\274\2733tc(K\354T\264\027\223"
  54      8CA94641 
  54      07C634BC 
  54      BB337463 
  54      284BEC54 
  55 0147 BF35ABFC 		.ascii	"\2775\253\374\240A\235\217]\356\274\351P\371>I\307\321"
  55      A0419D8F 
  55      5DEEBCE9 
  55      50F93E49 
  55      C7D1
  56 0159 B6F6842B 		.ascii	"\266\366\204+\347[\031\227\267\317\217k\361\232\006"
  56      E75B1997 
  56      B7CF8F6B 
  56      F19A06
  57 0168 F9707515 		.ascii	"\371pu\025\333`\2036+\366\217\030\273\035\274\031} "
  57      DB608336 
  57      2BF68F18 
  57      BB1DBC19 
  57      7D20
  58 017a 0639E815 		.ascii	"\0069\350\025\353\255\2555E\201\"\014-\314J\035\031"
  58      EBADAD35 
  58      4581220C 
  58      2DCC4A1D 
  58      19
  59 018b A4BC3D18 		.ascii	"\244\274=\030+Yc\320\341\247\215\331g\030N+\206\360"
ARM GAS  /var/folders/_f/jzb7lsz153bclt069nvlpp5r0000gn/T//ccNq31UM.s 			page 4


  59      2B5963D0 
  59      E1A78DD9 
  59      67184E2B 
  59      86F0
  60 019d E170C829 		.ascii	"\341p\310)\012\025C,\334\324a\252\024\013\351\330x\254"
  60      0A15432C 
  60      DCD461AA 
  60      140BE9D8 
  60      78AC
  61 01af B6C5A632 		.ascii	"\266\305\2462\264\323\361\304\342T\237\260\370\207\257"
  61      B4D3F1C4 
  61      E2549FB0 
  61      F887AF
  62 01be ADCBD080 		.ascii	"\255\313\320\2003\026\177\007\362\237]\343\357T\374"
  62      33167F07 
  62      F29F5DE3 
  62      EF54FC
  63 01cd D1E307E3 		.ascii	"\321\343\007\343\036\361\252\342?x\177\377\230\260j"
  63      1EF1AAE2 
  63      3F787FFF 
  63      98B06A
  64 01dc 9C9CDE50 		.ascii	"\234\234\336Pc\327\2265vCN\333\266\270\\]]>\231J=\015"
  64      63D79635 
  64      76434EDB 
  64      B6B85C5D 
  64      5D3E994A 
  65 01f2 4F01369E 		.ascii	"O\0016\236\331\200:o\250\374\355@\372\231h\266;p1\235"
  65      D9803A6F 
  65      A8FCED40 
  65      FA9968B6 
  65      3B70319D 
  66 0206 B8385CB4 		.ascii	"\2708\\\264s\323\302\330\014\012\262\240\343\207\343"
  66      73D3C2D8 
  66      0C0AB2A0 
  66      E387E3
  67 0215 47CCA2E0 		.ascii	"G\314\242\3408\206p\003>\215\177\031\330\250\0355\224"
  67      38867003 
  67      3E8D7F19 
  67      D8A81D35 
  67      94
  68 0226 28957C18 		.ascii	"(\225|\030\273\007\364\025n \346\344\304\027Q^q_\036"
  68      BB07F415 
  68      6E20E6E4 
  68      C417515E 
  68      715F1E
  69 0239 90F63477 		.ascii	"\220\3664w.s\224\026z\241\202\255p\033\3116~\344\250"
  69      2E739416 
  69      7AA182AD 
  69      701BC936 
  69      7EE4A8
  70 024c 8EB752C6 		.ascii	"\216\267R\306}i\236\245X\320\225\3019\250Hs\027\273"
  70      7D699EA5 
  70      58D095C1 
  70      39A84873 
  70      17BB
  71 025e 0655F225 		.ascii	"\006U\362%\262\0207\022\262\253P3Y\035y9\303\017\317"
  71      B2103712 
ARM GAS  /var/folders/_f/jzb7lsz153bclt069nvlpp5r0000gn/T//ccNq31UM.s 			page 5


  71      B2AB5033 
  71      591D7939 
  71      C30FCF
  72 0271 59C5CEE2 		.ascii	"Y\305\316\342@\341\013\022\323P\365\327\376\371\243"
  72      40E10B12 
  72      D350F5D7 
  72      FEF9A3
  73 0280 62536E9D 		.ascii	"bSn\235\224W\217\312\253\217\374L\274\377}f4i'u\360"
  73      94578FCA 
  73      AB8FFC4C 
  73      BCFF7D66 
  73      34692775 
  74 0295 1DE1F14C 		.ascii	"\035\341\361L\352\233?]!\250\253\304L^Is\367\012\267"
  74      EA9B3F5D 
  74      21A8ABC4 
  74      4C5E4973 
  74      F70AB7
  75 02a8 C3796A25 		.ascii	"\303yj%\336\325\337;2\345\361\275\230\346\036\210C\010"
  75      DED5DF3B 
  75      32E5F1BD 
  75      98E61E88 
  75      4308
  76 02ba 96684AC9 		.ascii	"\226hJ\311\336\32124\341\262\222\177\006[\010\375\340"
  76      DED13234 
  76      E1B2927F 
  76      065B08FD 
  76      E0
  77 02cb C3080358 		.ascii	"\303\010\003X\034\346\321\321\036\331gEs tz,u\310\343"
  77      1CE6D1D1 
  77      1ED96745 
  77      7320747A 
  77      2C75C8E3 
  78 02df 6B26E81B 		.ascii	"k&\350\033$9\326\271D\255 \232\007u\365\0274\353n_\232"
  78      2439D6B9 
  78      44AD209A 
  78      0775F517 
  78      34EB6E5F 
  79 02f4 67C305F0 		.ascii	"g\303\005\360-q\365\022.\"!R\335\242\222,.'\3221\354"
  79      2D71F512 
  79      2E222152 
  79      DDA2922C 
  79      2E27D231 
  80 0309 FFC0D7AD 		.ascii	"\377\300\327\255@\226\314\224lh\362\023\313\344\015"
  80      4096CC94 
  80      6C68F213 
  80      CBE40D
  81 0318 3FAB269B 		.ascii	"?\253&\233\350\223\346\333TF\213\021\237\305\342B\227"
  81      E893E6DB 
  81      54468B11 
  81      9FC5E242 
  81      97
  82 0329 D6C6AA1E 		.ascii	"\326\306\252\0367\025\245\332\223\011\370\213\012X\235"
  82      3715A5DA 
  82      9309F88B 
  82      0A589D
  83 0338 FA6C2613 		.ascii	"\372l&\023\317m\201\023\241\271\230F\3152\201A\002\333"
  83      CF6D8113 
ARM GAS  /var/folders/_f/jzb7lsz153bclt069nvlpp5r0000gn/T//ccNq31UM.s 			page 6


  83      A1B99846 
  83      CD328141 
  83      02DB
  84 034a 82324C55 		.ascii	"\2022LU\357\312`\020Py\252\347sC\001\220e\020\376S\305"
  84      EFCA6010 
  84      5079AAE7 
  84      73430190 
  84      6510FE53 
  85 035f C61A124C 		.ascii	"\306\032\022L\320\274\304`\223&\335\244I\237\322d\010"
  85      D0BCC460 
  85      9326DDA4 
  85      499FD264 
  85      08
  86 0370 D72D2605 		.ascii	"\327-&\005\205\201K\217&%<y\367W{\305\3074$\350\252"
  86      85814B8F 
  86      26253C79 
  86      F7577BC5 
  86      C73424E8 
  87 0385 7CE0B235 		.ascii	"|\340\2625$\32300i#\013\335 T\366O\255\350\005\247\345"
  87      24D33030 
  87      69230BDD 
  87      2054F64F 
  87      ADE805A7 
  88 039a 017A1B0C 		.ascii	"\001z\033\014\206\241 \003Yk\330z\010\276\205+\217 "
  88      86A12003 
  88      596BD87A 
  88      08BE852B 
  88      8F20
  89 03ac 346AB1AD 		.ascii	"4j\261\255XF\020B%\351,*\004a\223\276\307\363\215f\300"
  89      58461042 
  89      25E92C2A 
  89      046193BE 
  89      C7F38D66 
  90 03c1 063D1B02 		.ascii	"\006=\033\002\2677\031\217\247\036C\364-\250\314\306"
  90      B737198F 
  90      A71E43F4 
  90      2DA8CCC6 
  91 03d1 4A7124EE 		.ascii	"Jq$\356\000\254\037O\222%\011^A\035J\2368U\355QF\224"
  91      00AC1F4F 
  91      9225095E 
  91      411D4A9E 
  91      3855ED51 
  92 03e7 611CBC7A 		.ascii	"a\034\274zo3=N\300(\210{6//\337\372\275\345/~'PZ\222"
  92      6F333D4E 
  92      C028887B 
  92      362F2FDF 
  92      FABDE52F 
  93 0400 5F5E569C 		.ascii	"_^V\234\037\3700P\032\314+ff\361\236\322\240\177wi\240"
  93      1FF83050 
  93      1ACC2B66 
  93      66F19ED2 
  93      A07F7769 
  94 0415 0CDE37CB 		.ascii	"\014\3367\313\361\266\250\304\037\364\233{\366\026\225"
  94      F1B6A8C4 
  94      1FF49B7B 
  94      F61695
  95 0424 07FDC10F 		.ascii	"\007\375\301\017\312\035%\273\313\202\037\025\355z\327"
ARM GAS  /var/folders/_f/jzb7lsz153bclt069nvlpp5r0000gn/T//ccNq31UM.s 			page 7


  95      CA1D25BB 
  95      CB821F15 
  95      ED7AD7
  96 0433 FFB6160C 		.ascii	"\377\266\026\014\274\267\367_\2103:\363"
  96      BCB7F75F 
  96      88333AF3 
  97              		.text
  98              		.section	.gnu.lto_poll_recvq.d5cca2d4e9128407,"",%progbits
  99 0000 789C7553 		.ascii	"x\234uS[L\234E\024\2363\363\357\377\357\277\013\013"
  99      5B4C9C45 
  99      149E33F3 
  99      EFFFEFBF 
  99      0B0B
 100 0012 6DE2839B 		.ascii	"m\342\203\233\2304!\330\250]x0\341\305\304\360\356\203"
 100      983421D8 
 100      A85D7830 
 100      E1C5C4F0 
 100      EE83
 101 0024 BEFA22AE 		.ascii	"\276\372\"\256\354\3264*\255\260mbZ\322\341Rm\033%\006"
 101      ECD6342A 
 101      ADB06D62 
 101      5AD2E152 
 101      6D1B2506 
 102 0038 23C596B5 		.ascii	"#\305\226\265m\240\255\226Ka\245\\[\272`\025z\001\244"
 102      6DA0AD96 
 102      4B61A55C 
 102      5BBA6015 
 102      7A01A4
 103 004b D8CB92B6 		.ascii	"\330\313\222\266\362\000\206zi\026h\204_\333\34293k"
 103      F200867A 
 103      69166884 
 103      5FDBE239 
 103      336B
 104 005d B948C932 		.ascii	"\271H\3112\377\314\231\357|\347\362\235\021\354\377"
 104      FFCC99EF 
 104      7CE7F29D 
 104      11ECFF
 105 006c 7F6FE1BF 		.ascii	"\177o\341\277m2\366:~\301\315\200\177>\302X\231\233"
 105      6D32F63A 
 105      7EC1CD80 
 105      7F3EC258 
 105      999B
 106 007e 83A00D08 		.ascii	"\203\240\015\010n\015\010&=\306\310e\306d\232\301]j"
 106      6E0D0826 
 106      3DC6C865 
 106      C6649AC1 
 106      5D6A
 107 0090 E331C99A 		.ascii	"\3431\311\232\346\322\250~\267\011\226\366\263\000h"
 107      E6D2A87E 
 107      B70996F6 
 107      B30068
 108 009f C380EDE5 		.ascii	"\303\200\355\345\302p\231\026\340WG\272\307g9\\\355"
 108      C2709916 
 108      E05747BA 
 108      C767395C 
 108      ED
 109 00b0 7E3C0E9B 		.ascii	"~<\016\233OHY\236\254\036\276\363F\034\034\316\330<"
ARM GAS  /var/folders/_f/jzb7lsz153bclt069nvlpp5r0000gn/T//ccNq31UM.s 			page 8


 109      4F48599E 
 109      AC1EBEF3 
 109      461C1CCE 
 109      D83C
 110 00c2 67B0C50F 		.ascii	"g\260\305\017/\370\311\361\024lF\334\375\233u\243.\261"
 110      2FF8C9F1 
 110      146C46DC 
 110      FD9B75A3 
 110      2EB1
 111 00d4 0918EEBB 		.ascii	"\011\030\356\273[\036\014{g\270\303a\023\035{\252\207"
 111      5B1E0C7B 
 111      67B8C361 
 111      131D7BAA 
 111      87
 112 00e5 6A4D3A72 		.ascii	"jM:r\203\216\177_\357<ef\327#c\274+&\363\015\207\013"
 112      838E7F5F 
 112      EF3C6566 
 112      D72363BC 
 112      2B26F30D 
 113 00fb F8060471 		.ascii	"\370\006\004q~\013~8\015~\206&\006\215\220\215\350\206"
 113      7E0B7E38 
 113      0D7E8626 
 113      068D908D 
 113      E886
 114 010d 9943BF81 		.ascii	"\231C\277\201xQ\361V>\214\036\361i\317\373\332\323\200"
 114      7851F156 
 114      3E8C1EF1 
 114      69CFFBDA 
 114      D380
 115 011f A6B59E06 		.ascii	"\246\265\236\006\203f\310&\370l\345\243\233^\263RJ\231"
 115      8366C826 
 115      F86CE5A3 
 115      9B5EB352 
 115      4A99
 116 0131 491963AA 		.ascii	"I\031c\252-`\002c\006\336\375<\363U\223WlQ\264\255\027"
 116      2D600263 
 116      06DEFD3C 
 116      F3559357 
 116      6C51B4AD 
 117 0146 1A0FD82A 		.ascii	"\032\017\330*\335\267\351\270\260/y\300\243\322M\243"
 117      DDB7E9B8 
 117      B02F79C0 
 117      A3D24DA3 
 118 0156 E3D789AA 		.ascii	"\343\327\211\252\203<\353\270\214\313\311\337\257\031"
 118      833CEBB8 
 118      8CCBC9DF 
 118      AF19
 119 0164 F1CA63F2 		.ascii	"\361\312c\362\361\322\022v\301\005gt\350V\014\335\006"
 119      F1D21276 
 119      C1056774 
 119      E8560CDD 
 119      06
 120 0175 FE943C10 		.ascii	"\376\224<\020\203,\364\212\235\253\251\261E\236\342"
 120      832CF48A 
 120      9DABA9B1 
 120      459EE2
 121 0184 8F26A7A5 		.ascii	"\217&\247\245\211\014RN\376\021\013-3\230\360\335\352"
ARM GAS  /var/folders/_f/jzb7lsz153bclt069nvlpp5r0000gn/T//ccNq31UM.s 			page 9


 121      890C524E 
 121      FE110B2D 
 121      3398F0DD 
 121      EA
 122 0195 E4530CED 		.ascii	"\344S\014\355\212\241\276\272>\352\025\371\212!V\177"
 122      8AA1BEBA 
 122      3EEA15F9 
 122      8A21567F 
 123 01a5 A2436798 		.ascii	"\242Cg\230O\307\206/k\232\\*C7\035\017\317&\372\204"
 123      4FC7862F 
 123      6B9A5C2A 
 123      43371D0F 
 123      CF26FA84 
 124 01b9 E65FBCB1 		.ascii	"\346_\274\261\"C\013\316j\376\016\344\357\\\346\357"
 124      22430BCE 
 124      6AFE0EE4 
 124      EF5CE6EF 
 125 01c9 52FC2DB5 		.ascii	"R\374-\265\237\3053\304k\212\377\366\225\361{\036]\343"
 125      9FC533C4 
 125      6B8AFFF6 
 125      95F17B1E 
 125      5DE3
 126 01db A3895535 		.ascii	"\243\211U5v\257[c\017d\235\331\030\227KK\363\355\213"
 126      76AF5B63 
 126      0F649DD9 
 126      18974B4B 
 126      F3ED8B
 127 01ee 5D591B9E 		.ascii	"]Y\033\236\001\354;s\0015\336R\371\273\201\344\263\321"
 127      01EC3B73 
 127      0135DE52 
 127      F9BB81E4 
 127      B3D1
 128 0200 ECF6E062 		.ascii	"\354\366\340b{q\361\244\323\316G\013cS\250G\322\304"
 128      7B71F1A4 
 128      D3CE470B 
 128      6353A847 
 128      D2C4
 129 0212 0FC78F98 		.ascii	"\017\307\217\230F\275q\012\3416\354\213'\302\253\245"
 129      46BD710A 
 129      E136EC8B 
 129      27C2ABA5 
 130 0222 A38612A5 		.ascii	"\243\206\022\245R\017c\367\202\271\300-\022f\274\252"
 130      520F63F7 
 130      82B9C02D 
 130      1266BCAA 
 131 0232 8597FE23 		.ascii	"\205\227\376#\367K\267\303\275\363\034\225\205sP\312"
 131      F74BB7C3 
 131      BDF31C95 
 131      857350CA 
 132 0242 16B80B6F 		.ascii	"\026\270\013o\217\036<=i\341\255\224\361\200\303\323"
 132      8F1E3C3D 
 132      69E1AD94 
 132      F180C3D3 
 133 0252 140BBA32 		.ascii	"\024\013\27228\017\245\016Og7\240\\\276L\026\342FBv"
 133      380FA50E 
 133      4F6737A0 
 133      5CBE4C16 
ARM GAS  /var/folders/_f/jzb7lsz153bclt069nvlpp5r0000gn/T//ccNq31UM.s 			page 10


 133      E2464276 
 134 0266 1D2A6F55 		.ascii	"\035*oUt\276\222\342\207\347u\261\3238O\370\200\304"
 134      74BE92E2 
 134      87E775B1 
 134      D3384FF8 
 134      80C4
 135 0278 0494FFF5 		.ascii	"\004\224\377\365\311\310!\261&\267.\312\253W\345\325"
 135      C9C821B1 
 135      26B72ECA 
 135      AB57E5D5 
 136 0288 477E36DE 		.ascii	"G~6\336\37725:\346&u\360\031\341\361\354\342\321?\323"
 136      FF32353A 
 136      E62675F0 
 136      19E1F1EC 
 136      E2D13FD3 
 137 029c A370A40C 		.ascii	"\243p\244\0143y\325\341\276\005\356\206\013\324J\274"
 137      3379D5E1 
 137      BE05EE86 
 137      0BD44ABC 
 138 02ac AB7BF045 		.ascii	"\253{\360E\"#\360\222\3033 \016Q\230\243!%{G\323\245"
 138      2223F092 
 138      C333200E 
 138      5198A321 
 138      257B47D3 
 139 02c1 F1749DFC 		.ascii	"\361t\235\374\263\330B\350\207\000F\030\300\3420\217"
 139      B3D842E8 
 139      87004618 
 139      C0E2308F 
 140 02d1 8EB6F37B 		.ascii	"\216\266\363{t4\017B+Z\273\246\354@#A\337$\311\261\316"
 140      74340F42 
 140      2B5ABBA6 
 140      EC402341 
 140      DF24C9B1 
 141 02e6 396A05D1 		.ascii	"9j\005\321\334\031:\236\364\351\273=\016\317\204\357"
 141      DC193A9E 
 141      F4E9BB3D 
 141      0ECF84EF 
 142 02f6 2130C7D5 		.ascii	"!0\307\325C\270\210\204Hu\227J\322\\^\244c\330\377\201"
 142      43B88884 
 142      4875974A 
 142      D25C5EA4 
 142      63D8FF81 
 143 030a D966204B 		.ascii	"\331f KjJV5y\303<y\303\017\252\3116\3728|\243\316\250"
 143      6A4A5635 
 143      79C33C79 
 143      C30FAAC9 
 143      36FA387C 
 144 0321 2FA059D2 		.ascii	"/\240Y\322\321\245\271\241\274\327GE\251\366\244\002"
 144      D1A5B9A1 
 144      BCD74745 
 144      A9F6A402 
 145 0331 FEA80256 		.ascii	"\376\250\002V,~<\225\212\347\323\340\301\350L\314\240"
 145      2C7E3C95 
 145      8AE7D3E0 
 145      C1E84CCC 
 145      A0
 146 0342 66D9C060 		.ascii	"f\331\300`\020\333\2022$*\266\2460\010(;\331\373\251"
ARM GAS  /var/folders/_f/jzb7lsz153bclt069nvlpp5r0000gn/T//ccNq31UM.s 			page 11


 146      10DB8232 
 146      242AB6A6 
 146      3008283B 
 146      D9FBA9
 147 0355 A500C832 		.ascii	"\245\000\3102\004\377\251\342b\307\006\231\240yy\010"
 147      04FFA9E2 
 147      62C70699 
 147      A0797908 
 148 0365 6B34E921 		.ascii	"k4\351!M\372\224&\227p]gRP\030\270\374dR\252j{\346E"
 148      4DFA9426 
 148      97705D67 
 148      525018B8 
 148      FC6452AA 
 149 037d E96E1A12 		.ascii	"\351n\032\022tU>pE\017\311\004\014\334r\221\205n\020"
 149      74553E70 
 149      450FC904 
 149      0CDC7291 
 149      856E10
 150 0390 2AFB130B 		.ascii	"*\373\023\013f^\273\334Oo\203\301U\310KA\226\033\266"
 150      665EBBDC 
 150      4F6F83C1 
 150      55C84B41 
 150      961BB6
 151 03a3 12826F61 		.ascii	"\022\202oa\370\011\204F-\266\036\313\010B\250$\223\265"
 151      F8098446 
 151      2DB61ECB 
 151      0842A824 
 151      93B5
 152 03b5 0841D8B1 		.ascii	"\010A\330\261\213\360t\302\321\024\332\242wC\350\266"
 152      8BF074C2 
 152      D114DAA2 
 152      7743E8B6 
 153 03c5 4EEBE9DC 		.ascii	"N\353\351\334?!\372.\224eb\2518\023\277\002\254\234"
 153      3F21FA2E 
 153      946562A9 
 153      3813BF02 
 153      AC9C
 154 03d7 4FD2650C 		.ascii	"O\322e\014\374\202Z4v\370dE\2062\242\016\327\300o\326"
 154      FC825A34 
 154      76F86445 
 154      8632A20E 
 154      D7C06FD6 
 155 03eb B585F075 		.ascii	"\265\205\360u\002FA\334s99\271\372\367N\260\360\275"
 155      024641DC 
 155      733939B9 
 155      FAF74EB0 
 155      F0BD
 156 03fd 705128B7 		.ascii	"pQ(\267\244\27007\274+\\\024\311)dv\341\366\242Hp[Q"
 156      A4B83037 
 156      BC2B5C14 
 156      C9296476 
 156      E1F6A248 
 157 0414 B8183EB4 		.ascii	"\270\030>\264\213\303\205\273\012B\301H\320\336\276"
 157      8BC385BB 
 157      0A42C148 
 157      D0DEBE
 158 0423 A3A02412 		.ascii	"\243\240$\022\214\354,\361\204\266\025G>*\330\372~\360"
ARM GAS  /var/folders/_f/jzb7lsz153bclt069nvlpp5r0000gn/T//ccNq31UM.s 			page 12


 158      8CEC2CF1 
 158      84B61547 
 158      3E2AD8FA 
 158      7EF0
 159 0435 5D2312FE 		.ascii	"]#\022\376`\307\277\367\006;W"
 159      60C7BFF7 
 159      063B57
 160              		.text
 161              		.section	.gnu.lto_.symbol_nodes.d5cca2d4e9128407,"",%progbits
 162 0000 789C4DCD 		.ascii	"x\234M\315\261\015\2000\014D\321s\034G,\003+^F`\002"
 162      B10D8030 
 162      0C44D173 
 162      1C472C03 
 162      2B5E4660 
 163 0015 A0A0A461 		.ascii	"\240\240\244a\011$\232L\2215\220\210\224\024vuO\277"
 163      09249A4C 
 163      91359088 
 163      94147675 
 163      4FBF
 164 0027 B002D831 		.ascii	"\260\002\3301.\200\300Z\000\022\3331!\010\305[\"C7r"
 164      2E80C05A 
 164      0012DB31 
 164      2108C55B 
 164      22433772 
 165 003b 6E54AA67 		.ascii	"nT\252g`\364L4OcrTD\234WY\264\255z\227Y\333\363\372"
 165      60F44C34 
 165      4F637254 
 165      449C5759 
 165      B4AD7A97 
 166 0053 7CAFA9A4 		.ascii	"|\257\251\244\036d\004\261\036\360\003\204\235*\332"
 166      1E6404B1 
 166      1EF00384 
 166      9D2ADA
 167              		.text
 168              		.section	.gnu.lto_.refs.d5cca2d4e9128407,"",%progbits
 169 0000 789C6366 		.ascii	"x\234cf```d\200\002\000\000=\000\005"
 169      60606064 
 169      80020000 
 169      3D0005
 170              		.text
 171              		.section	.gnu.lto_.decls.d5cca2d4e9128407,"",%progbits
 172 0000 789CAD5A 		.ascii	"x\234\255ZiP[W\226\326\325\225\204$\004\244\355\244"
 172      69505B57 
 172      96D6D595 
 172      842404A4 
 172      EDA4
 173 0012 93A232D5 		.ascii	"\223\2422\325\016\235a\322\231$\2703\335]\323U\363#"
 173      0E9D61D2 
 173      9924B833 
 173      DD5DD355 
 173      F323
 174 0024 9D74D7A4 		.ascii	"\235t\327\244\227\311tf:S55=\245(\240$\314`\300HN\332"
 174      97C97466 
 174      3A533535 
 174      3DA528A0 
 174      24CC60C0 
 175 003b FD679EC1 		.ascii	"\375g\236\301\330\006\263\333\354^\304b\026/\030l\003"
ARM GAS  /var/folders/_f/jzb7lsz153bclt069nvlpp5r0000gn/T//ccNq31UM.s 			page 13


 175      D806B3DB 
 175      EC5EC462 
 175      162F186C 
 175      03
 176 004c DE588CB1 		.ascii	"\336X\214\261\315j\300`l6#\003f\265\261\260\261Y\274"
 176      CD6AC060 
 176      6C362303 
 176      66B5B1B0 
 176      B159BC
 177 005f 30E7DEFB 		.ascii	"0\347\336\373\236\336{B\302\351\252Vq\321=\367\235{"
 177      9EDE7B42 
 177      C2E9AA56 
 177      71D13DF7 
 177      9D7B
 178 0071 EE77CE3D 		.ascii	"\356w\316=\347\334\363\336\023V(\024\277G\012\305\012"
 178      E7DCF3DE 
 178      13562814 
 178      BF470AC5 
 178      0A
 179 0082 7CFEB851 		.ascii	"|\376\270Q\241\330\257Q(0\031S\210\037/h:\245B\341\007"
 179      A1D8AF51 
 179      28301953 
 179      881F2F68 
 179      3AA542E1 
 180 0097 ED6568FE 		.ascii	"\355eh\376\320^\207\366\006\264\037*\025\253>\204w="
 180      D05E87F6 
 180      06B41F2A 
 180      15AB3E84 
 180      773D
 181 00a9 7C9742F3 		.ascii	"|\227B\363\205f\200\206aL\005-\022\326\372\015\320\357"
 181      85668086 
 181      614C052D 
 181      12D6FA0D 
 181      D0EF
 182 00bb C0F72B44 		.ascii	"\300\367+D\006\364aI\305\233\320\337\014c\353\340[\011"
 182      06F46149 
 182      C59BD0DF 
 182      0C63EBE0 
 182      5B09
 183 00cd 6D1DF41B 		.ascii	"m\035\364\033`\374o\241\377\232\222az\012ca\320\336"
 183      60FC6FA1 
 183      FF9A9261 
 183      7A0A6361 
 183      D0DE
 184 00df 86A6E2D7 		.ascii	"\206\246\342\327y\235\307\363\262\033\034~\036p\350"
 184      799DC7F3 
 184      B21B1C7E 
 184      1E70E8
 185 00ee A1EDF480 		.ascii	"\241\355\364\200#\020\372q0\366\203\027\340\210\221"
 185      2310FA71 
 185      30F68317 
 185      E08891
 186 00fd E0F0E3ED 		.ascii	"\340\360\343\355\340\317\333\304\3653\247D\231\031\255"
 186      E0CFDBC4 
 186      F533A744 
 186      9919AD
 187 010c FBBCB012 		.ascii	"\373\274\260\022A_5\266tk\301\013\371\353\002\375\263"
ARM GAS  /var/folders/_f/jzb7lsz153bclt069nvlpp5r0000gn/T//ccNq31UM.s 			page 14


 187      415F35B6 
 187      746BC10B 
 187      F9EB02FD 
 187      B3
 188 011d 382D2A45 		.ascii	"8-*E:\305N\216\213\346\034\321)/mV\240w\374\321\217"
 188      3AC54E8E 
 188      8BE61CD1 
 188      292F6D56 
 188      A077FCD1 
 189 0132 FC15E830 		.ascii	"\374\025\3500\012\244\227\024\250\004\371\243#\310_"
 189      0AA49714 
 189      A804F9A3 
 189      23C85F
 190 0141 51C871DC 		.ascii	"Q\310q\334.\356\0032\212\212\021\226\310\317\202q&\010"
 190      2EEE0332 
 190      8A8A1196 
 190      C8CF8271 
 190      2608
 191 0153 563A5336 		.ascii	"V:S6\337\356=\251D\276\372\015\204<\233\326\224\245"
 191      DFEE3DA9 
 191      44BEFA0D 
 191      843C9BD6 
 191      94A5
 192 0165 01D2A057 		.ascii	"\001\322\240W\0212~\337\336\004\025\275\312]R\222\201"
 192      11327EDF 
 192      DE0415BD 
 192      CA5D5292 
 192      81
 193 0176 92331563 		.ascii	"\2223\025c\336\364z\347[\204n:\274\257]\205\265\004"
 193      DEF47AE7 
 193      5B846E3A 
 193      BCAF5D85 
 193      B504
 194 0188 282AC8BA 		.ascii	"(*\310\272\335\243\177\3470]\267\336\201Dm\316-V\025"
 194      DDA37FE7 
 194      305DB7DE 
 194      81446DCE 
 194      2D5615
 195 019b FB522976 		.ascii	"\373R)v\312x\342\374\344#?*\344uB\266\316\345?\323\343"
 195      CA78E2FC 
 195      E4233F2A 
 195      E47542B6 
 195      CEE53FD3 
 196 01b0 57D8A582 		.ascii	"W\330\245\202CU:\312\372\001!\013\3233\216\252)\247"
 196      43553ACA 
 196      FA01210B 
 196      D3338EAA 
 196      29A7
 197 01c2 969033C7 		.ascii	"\226\2203\307\343\357\253\361\353\2243\177\307d\217"
 197      E3EFABF1 
 197      EB94337F 
 197      C7648F
 198 01d1 01BF45FB 		.ascii	"\001\277E\373u\265\213\227\365\370]\332O\330eo\326\343"
 198      75B58B97 
 198      F5F85DDA 
 198      4FD8656F 
 198      D6E3
ARM GAS  /var/folders/_f/jzb7lsz153bclt069nvlpp5r0000gn/T//ccNq31UM.s 			page 15


 199 01e3 9FD1FEB6 		.ascii	"\237\321\376\266\242s\011^0\375\015=\3051\234\273T\250"
 199      A273095E 
 199      30FD0D3D 
 199      C5319CBB 
 199      54A8
 200 01f5 A324715F 		.ascii	"\243$q_?\030R6\215s\005\276(PO\254\345\210+\030\371"
 200      3F185236 
 200      8D7305BE 
 200      28504FAC 
 200      E5882B18 
 201 020a 38064C56 		.ascii	"8\006LV\213\364\350,\302\250\002\275\003\012\320\331"
 201      8BF4E82C 
 201      C2A802BD 
 201      030AD0D9 
 202 021a E4B38B98 		.ascii	"\344\263\213\230=%\206\3235\371*\320Q0\363103\252\001"
 202      3D2586D3 
 202      35F92AD0 
 202      5130F331 
 202      3033AA01 
 203 022e CBBFA1A7 		.ascii	"\313\277\241\247\274\350\034\014\236\207A\020|\351i"
 203      BCE81C0C 
 203      9E874110 
 203      7CE969
 204 023d ED7635D2 		.ascii	"\355v5\322\007\272\237T\357f\022\205\320\034\233\366"
 204      07BA9F54 
 204      EF661285 
 204      D01C9BF6 
 205 024d 7D8E53A1 		.ascii	"}\216S\241:\200pF\204\000\210\004k*\213f*\227\015\002"
 205      3A807046 
 205      84008804 
 205      6B2A8B66 
 205      2A970D02 
 206 0261 E4D989E4 		.ascii	"\344\331\211\344W\010\177\003\360\237\026\371\353\320"
 206      57087F03 
 206      F09F16F9 
 206      EBD0
 207 026f 9A982FB8 		.ascii	"\232\230/\270\305\214&\032;\363t8\227\272\035\352\254"
 207      C58C261A 
 207      3BF37438 
 207      97BA1DEA 
 207      AC
 208 0280 A9ADD7E1 		.ascii	"\251\255\327\341\203\314\007cccR|P@\300\372@\033\010"
 208      83CC0763 
 208      6363527C 
 208      5040C0FA 
 208      401B08
 209 0293 74B496E6 		.ascii	"t\264\226\346\030\2629[\003\242\3536\302\272W\320zQ"
 209      18B2395B 
 209      03A2EB36 
 209      C2BA57D0 
 209      7A51
 210 02a5 FC5BFE0A 		.ascii	"\374[\376\012\272\030\254O\330m\223'\270\017\266c\312"
 210      BA18AC4F 
 210      D86D9327 
 210      B80FB663 
 210      CA
 211 02b6 7BD12DEF 		.ascii	"{\321-\357\333\2045\025\364\341Rl\334\007V\005\252\204"
ARM GAS  /var/folders/_f/jzb7lsz153bclt069nvlpp5r0000gn/T//ccNq31UM.s 			page 16


 211      DB843515 
 211      F4E1526C 
 211      DC075605 
 211      AA84
 212 02c8 CB554400 		.ascii	"\313UD\000e\006\234\250\011 _F\001\350\022\012\240\212"
 212      65069CA8 
 212      09205F46 
 212      01E8120A 
 212      A08A
 213 02da 11EDEDC3 		.ascii	"\021\355\355\303\357k\011\203\202W\333\351q\312\213"
 213      EF6B0983 
 213      8257DBE9 
 213      71CA8B
 214 02e9 CDD7FA10 		.ascii	"\315\327\372\020\012\\O\271\2465\010\265\200\230j\321"
 214      0A5C4FB9 
 214      A63508B5 
 214      80986AD1 
 215 02f9 3E6412FD 		.ascii	">d\022\375\270[\0245\303Z\236\326%!\223\272\277\337"
 215      B85B1435 
 215      C35A9ED6 
 215      252193BA 
 215      BFDF
 216 030b DB102F5A 		.ascii	"\333\020/Z\226J\0274R\240Vd\3409\017N\026\346kq#3\350"
 216      964A1734 
 216      52A05664 
 216      E0390F4E 
 216      16E66B71 
 217 0322 A3232DCF 		.ascii	"\243#-\3175\270\205\021\0139W\023U\270G)s\323\217\345"
 217      35B88511 
 217      0B395713 
 217      55B84729 
 217      73D38FE5 
 218 0336 6EFAB1E8 		.ascii	"n\372\261\350\246u\311\271U\316=\217\2738\376)q\323"
 218      A675C9B9 
 218      55CE3D8F 
 218      BB38FE29 
 218      71D3
 219 0348 6B60CFAB 		.ascii	"k`\317\253\242N\037\257\271\345]\240\307\307\374\226"
 219      A24E1FAF 
 219      B9E55DA0 
 219      C7C7FC96 
 220 0358 77C06027 		.ascii	"w\300`'s\323\342\312\324\235X\020\334|\247\227:_\017"
 220      73D3E2CA 
 220      D49D5810 
 220      DC7CA797 
 220      3A5F0F
 221 036b 086E1705 		.ascii	"\010n\027\005_[\333\231\272\335JF\325)\367\252\364\330"
 221      5F5BDB99 
 221      BADD4A46 
 221      D529F7AA 
 221      F4D8
 222 037d CE34BC76 		.ascii	"\3164\274v\374d\225\017\276\303\210\266\324\212A\037"
 222      FC64950F 
 222      BEC388B6 
 222      D48A411F 
 223 038d EC6044F9 		.ascii	"\354`D\371\255\245^/\374\204\021\347&\242\373\274\360"
 223      ADA55E2F 
ARM GAS  /var/folders/_f/jzb7lsz153bclt069nvlpp5r0000gn/T//ccNq31UM.s 			page 17


 223      FC8411E7 
 223      26A2FBBC 
 223      F0
 224 039e 0A2316A7 		.ascii	"\012#\026\247'\356\"\014\350\010Q6t\361[0\211FO\366"
 224      27EE220C 
 224      E8085136 
 224      74F15B30 
 224      89464FF6 
 225 03b2 6B91D805 		.ascii	"k\221\330\005\375\037\0147wwt\252\3518\031\362\"\032"
 225      FD1F0C37 
 225      777774AA 
 225      E93819F2 
 225      221A
 226 03c4 2D359E3E 		.ascii	"-5\236>\256a\201\307\255\006{\013\300jx\260\00308(\004"
 226      AE6181C7 
 226      AD067B0B 
 226      C06A78B0 
 226      03303828 
 227 03d9 5EDCE8C1 		.ascii	"^\334\350\301\327\211\356C\240{\277\250\273F\214\273"
 227      D789EE43 
 227      A07BBFA8 
 227      BB468CBB 
 228 03e9 BECABCB3 		.ascii	"\276\312\274\263\276\242\251:h\334\331\201\275Od\037"
 228      BEA2A93A 
 228      68DCD981 
 228      BD4F641F 
 229 03f9 9298CACD 		.ascii	"\222\230\312\315\352\303nV\007\311)\267*\216\350\234"
 229      EAC36E56 
 229      07C929B7 
 229      2A8EE89C 
 230 0409 11BD338D 		.ascii	"\021\2753\215J\036\001\3117E\311\366\265%\337v/\371"
 230      4A1E01C9 
 230      3745C9F6 
 230      B525DF76 
 230      2FF9
 231 041b CA7CC5A8 		.ascii	"\312|\305\250\301\2431\306<\031\243\265\271\327\227"
 231      C1A331C6 
 231      3C19A3B5 
 231      B9D797
 232 042a 6018050C 		.ascii	"`\030\005\0147D\014#b\026B3wF\366\350p*\333\235\304"
 232      37440C23 
 232      62164233 
 232      7746F6E8 
 232      702ADB9D 
 233 043f E4CC5B3A 		.ascii	"\344\314[:\274\217\021\255#\213\017\0154g\277D\310\274"
 233      BC8F11AD 
 233      238B0F0D 
 233      3467BF44 
 233      C8BC
 234 0451 EED8DD08 		.ascii	"\356\330\335\010\027\311\257\371\262k97\356\314c\312"
 234      17C9AFF9 
 234      B26B3937 
 234      EECC63CA 
 235 0461 4A0F9787 		.ascii	"J\017\227\2073\263E:|\222\261\246\267\344&\253\361\005"
 235      33B3453A 
 235      7C92B1A6 
 235      B7E426AB 
ARM GAS  /var/folders/_f/jzb7lsz153bclt069nvlpp5r0000gn/T//ccNq31UM.s 			page 18


 235      F105
 236 0473 46A4DC4E 		.ascii	"F\244\334N\353V\341\026,\013\227\015,\\2g\026Oi)\271"
 236      EB56E116 
 236      2C0B970D 
 236      2C5C3267 
 236      164F6929 
 237 0488 B28289D2 		.ascii	"\262\202\211\322\371C\235\267\235\346\214\033\355\245"
 237      F9439DB7 
 237      9DE68C1B 
 237      EDA5
 238 0496 FB3A07AA 		.ascii	"\373:\007\252\334\023U\331 ui.\206S\227\200a\246\300"
 238      DC1355D9 
 238      2075692E 
 238      86539780 
 238      61A6C0
 239 04a9 06D3C430 		.ascii	"\006\323\3040\0160\314\006\3360\2630x\237Y\363\344\310"
 239      0E30CC06 
 239      DE30B330 
 239      789F59F3 
 239      E4C8
 240 04bb EC6EBDD3 		.ascii	"\354n\275\323\003.%\321`y\010\202\357\212\202\347\320"
 240      032E25D1 
 240      60790882 
 240      EF8A82E7 
 240      D0
 241 04cc 9A921FB8 		.ascii	"\232\222\037\270\227\034{2/L\020|,\231\245\364G xF\024"
 241      971C7B32 
 241      2F4C107C 
 241      2C99A5F4 
 241      47207846 
 242 04e1 FC706DC1 		.ascii	"\374pm\301\363n\005\253\246&:\253U(`}\000M\334\366\246"
 242      F36E05AB 
 242      A6263AAB 
 242      5528607D 
 242      004DDCF6 
 243 04f6 6B9FD747 		.ascii	"k\237\327Gc*\232d\355\005\310[N\0114\023O!Y*\216RH\362"
 243      632A9A64 
 243      ED05C85B 
 243      4E093413 
 243      4F21592A 
 244 050e DA029F12 		.ascii	"\332\002\237\022\227`\251EH\211\217\371\224Hs|]9\367"
 244      9760A945 
 244      48898FF9 
 244      9448737C 
 244      5D39F7
 245 0521 012FF9A2 		.ascii	"\001/\371\242[\3114\307\323|\\\013Y{\301]\326\336\373"
 245      5BC934C7 
 245      D37C5C0B 
 245      597BC15D 
 245      D6DEFB
 246 0534 B4A85327 		.ascii	"\264\250S'd\355f\310\332O@\312\244h\202\205UY[\202\017"
 246      64ED66C8 
 246      DA4F40CA 
 246      A4688285 
 246      55595B82 
 247 0549 2D032C4F 		.ascii	"-\003,O\020\301Mr\237.\227\372\310\262\366\023Y\326"
 247      10C14D72 
ARM GAS  /var/folders/_f/jzb7lsz153bclt069nvlpp5r0000gn/T//ccNq31UM.s 			page 19


 247      9F2E97FA 
 247      C8B2F613 
 247      59D6
 248 055b 7EEACCDA 		.ascii	"~\352\314\332\333\213\017\315\372\340\005\346l\231]"
 248      DB8B0FCD 
 248      FAE005E6 
 248      6C995D
 249 056a 37AB5538 		.ascii	"7\253U8FE\211\370\201\3226/\274[%s\303\35737Lj\315\271"
 249      464589F8 
 249      81D2362F 
 249      BC5B2573 
 249      C3EF3337 
 250 0582 8029B942 		.ascii	"\200)\271B.+\323F\347\017!\241\000p\244q\3705g\261\026"
 250      2E2BD346 
 250      E70F21A1 
 250      0070A471 
 250      F83567B1 
 251 0597 A30C0436 		.ascii	"\243\014\0046\266W\234\322\037mS\012I\250 \231:k\264"
 251      B6579CD2 
 251      1F6D530A 
 251      49A82099 
 251      3A6BB4
 252 05aa 528F5644 		.ascii	"R\217VD\275\277/&!\373\215C\237\272\027\032\353Ihsl"
 252      BDBF2F26 
 252      21FB8D43 
 252      9FBA171A 
 252      EB496873 
 253 05bf 2BF5A7ED 		.ascii	"+\365\247\355 \364\271(\024\326p\006\363\300`\302^$"
 253      20F4B928 
 253      14D67006 
 253      F3C060C2 
 253      5E24
 254 05d1 B30D6116 		.ascii	"\263\015a\026m\263C)\330\246\240\376@\213\012\2473\013"
 254      6DB34329 
 254      D8A6A0FE 
 254      408B0AA7 
 254      330B
 255 05e3 642FB45D 		.ascii	"d/\264]fu\334k@\352\342m\3631~P$\320\217P)4\017\274"
 255      6675DC6B 
 255      40EAE26D 
 255      F3317E50 
 255      24D08F50 
 256 05fb CC2A0538 		.ascii	"\314*\0058\025Q\033,\237\242t{\372\333\310\236/w\206"
 256      15511B2C 
 256      9FA2747B 
 256      FADBC89E 
 256      2F7786
 257 060e D443A140 		.ascii	"\324C\241@\322\316\270+\353\004\222\362F\333\237^\243"
 257      D2CEB82B 
 257      EB0492F2 
 257      46DB9F5E 
 257      A3
 258 061f BC000DED 		.ascii	"\274\000\015\355T\272\360\356R\312y\027\231\\8\245z"
 258      54BAF0EE 
 258      52CA7917 
 258      995C38A5 
 258      7A
ARM GAS  /var/folders/_f/jzb7lsz153bclt069nvlpp5r0000gn/T//ccNq31UM.s 			page 20


 259 0630 5DC556B9 		.ascii	"]\305V\271\210}\302\304\2027\240g\356!8\013\033\316"
 259      887DC2C4 
 259      8237A067 
 259      EE21380B 
 259      1BCE
 260 0642 BE24E2BD 		.ascii	"\276$\342\275\343^\260\244\012\272\317\252 r\270^wk"
 260      E35EB0A4 
 260      0ABACFAA 
 260      2072B85E 
 260      776B
 261 0654 87A392D8 		.ascii	"\207\243\222\330\343hEr\002\256\237\244r\0107q\354T"
 261      E3684572 
 261      02AE9FA4 
 261      72083771 
 261      EC54
 262 0666 D8E53865 		.ascii	"\330\3458e\000J\206\226\000-\011Z<\264Dh\273\225\222"
 262      004A8696 
 262      002D095A 
 262      3CB44468 
 262      BB9592
 263 0679 D2E81E04 		.ascii	"\322\350\036\004\031LZ\035dOR\035\261:\264>\320\335"
 263      194C5A1D 
 263      644F521D 
 263      B13AB43E 
 263      D0DD
 264 068b 3A680F88 		.ascii	":h\017\210\377\213\227z\006\221\232\006\223N\211\316"
 264      FF8B977A 
 264      06919A06 
 264      934E89CE 
 265 069b 4556169C 		.ascii	"EV\026\234+\257)\355\251\036\3472\2279\337sp\300\033"
 265      2BAF29ED 
 265      A91EE732 
 265      9739DF73 
 265      70C01B
 266 06ae DB183196 		.ascii	"\333\0301\226w\251\302\027\037c\204p#b`7\"\311\335M"
 266      77A9C217 
 266      1F638470 
 266      23626037 
 266      22C9DD4D 
 267 06c2 67D47ADE 		.ascii	"g\324z\336\317w\275\300\317\201\177\264\262\240\324"
 267      CF77BDC0 
 267      CF817FB4 
 267      B2A0D4
 268 06d1 57E6C259 		.ascii	"W\346\302Y2\027\316v\272p]\363\336\025\037|\216\255"
 268      3217CE76 
 268      BA705DF3 
 268      DE151F7C 
 268      8EAD
 269 06e3 9ABA72E7 		.ascii	"\232\272r\347\210\037\276\302\210\222\221\253i>\024"
 269      881FBEC2 
 269      889291AB 
 269      693E14
 270 06f2 02BDB7A9 		.ascii	"\002\275\267\251\272\224X\250\301]\364\232\362N\267"
 270      BA9458A8 
 270      C15DF49A 
 270      F24EB7
 271 0701 3D5BEB3E 		.ascii	"=[\353>\362\016z\212\274\331bv\224\037\000$\373\225"
ARM GAS  /var/folders/_f/jzb7lsz153bclt069nvlpp5r0000gn/T//ccNq31UM.s 			page 21


 271      F20E7A8A 
 271      BCD96276 
 271      941F0024 
 271      FB95
 272 0713 4EE36C97 		.ascii	"N\343l\227D\336\312\221\333\235Z\334\313\326_\332\023"
 272      44DECA91 
 272      DB9D5ADC 
 272      CBD65FDA 
 272      13
 273 0724 97AE6177 		.ascii	"\227\256aw[\230\026\202\013\303\015^\024\317FZ*=J\257"
 273      5B981682 
 273      0BC30D5E 
 273      14CF465A 
 273      2A3D4AAF 
 274 0738 51E139C6 		.ascii	"Q\3419\306\373,%\345\036\306Ox\342\372\364E\035\216"
 274      FB2C25E5 
 274      1EC64F78 
 274      E2FAF445 
 274      1D8E
 275 074a 5753E2E1 		.ascii	"WS\342\341\021n/\306\031\224P\0358\0347\254B\220\376"
 275      116E2FC6 
 275      1994501D 
 275      381C37AC 
 275      4290FE
 276 075d 03DC97D7 		.ascii	"\003\334\227\327\305\374f\227\202\016%\260\261\207\225"
 276      C5FC6697 
 276      820E25B0 
 276      B18795
 277 076c 624EB7F7 		.ascii	"bN\267\367\211\247\005\0111\302\353)\247\337\004w+^"
 277      89A70509 
 277      31C2EB29 
 277      A7DF0477 
 277      2B5E
 278 077e E56E544A 		.ascii	"\345nTJ?\213(R\375\027\361R\334\371=\330\370\301\304"
 278      3F8B2852 
 278      FD17F152 
 278      DCF93DD8 
 278      F8C1C4
 279 0791 5CA746C8 		.ascii	"\\\247F\310\377\003\340UG\201\367\220h\270b\345ZU\373"
 279      FF03E055 
 279      4781F790 
 279      68B862E5 
 279      5A55FB
 280 07a4 1150C193 		.ascii	"\021P\301\223: |~~h\277\222\027\3568_\271\030\032\015"
 280      3A207C7E 
 280      7E68BF92 
 280      17EE385F 
 280      B9181A0D 
 281 07b8 257419F0 		.ascii	"%t\031\360\027\212\013\034]s\201ck.\200\366\226\354"
 281      178A0B1C 
 281      5D738163 
 281      6B2E80F6 
 281      96EC
 282 07ca 89D1E20B 		.ascii	"\211\321\342\013l\023"
 282      6C13
 283 07d0 925B2B1B 		.ascii	"\222[+\033\264\370\022#\322\317\357Kc7\265\034\245\357"
 283      B4F81223 
ARM GAS  /var/folders/_f/jzb7lsz153bclt069nvlpp5r0000gn/T//ccNq31UM.s 			page 22


 283      D2CFEF4B 
 283      6337B51C 
 283      A5EF
 284 07e2 8E54CEA9 		.ascii	"\216T\316\251q\023\273\2302\327z\335K\346\270\304\336"
 284      7113BB98 
 284      32D77ADD 
 284      4BE6B8C4 
 284      DE
 285 07f3 A2E39E74 		.ascii	"\242\343\236t:\356\362\356\303\263\032\031g\203\214"
 285      3AEEF2EE 
 285      C3B31A19 
 285      67838C
 286 0802 F3949333 		.ascii	"\363\224\2233\357FR\211\027\356a\013\344\227\357\217"
 286      EF465289 
 286      17EE610B 
 286      E497EF8F 
 287 0812 D5E33E46 		.ascii	"\325\343>Ft6o\033\360\303\203\224\320\264<\252\375o"
 287      74366F1B 
 287      F0C38394 
 287      D0B43CAA 
 287      FD6F
 288 0824 92AFF9EA 		.ascii	"\222\257\371\352\300\321\\]\362oi1\\\341kD\024\252\004"
 288      C0D15C5D 
 288      F26F6931 
 288      5CE16B44 
 288      14AA04
 289 0837 BB9CF3B0 		.ascii	"\273\234\363\260Y4\241\265\262\204\006Y\265\312\225"
 289      5934A1B5 
 289      B2840659 
 289      B5CA95
 290 0846 D525ABDA 		.ascii	"\325%\253\332\332\234\254\325\356YW\347\276\012\210"
 290      DA9CACD5 
 290      EE5957E7 
 290      BE0A88
 291 0855 249670CF 		.ascii	"$\226p\317\3616\257\001\233\237\007\233\237\206v\006"
 291      F136AF01 
 291      9B9F079B 
 291      9F867606 
 292 0865 DA5989AF 		.ascii	"\332Y\211\257\332\232\331\012'\371\343`5p\321W\233\300"
 292      DA9AD90A 
 292      27F9E360 
 292      3570D157 
 292      9BC0
 293 0877 57CFB94B 		.ascii	"W\317\271K\215\366\371\336\003^.\251Q\200\201\352`\365"
 293      8DF6F9DE 
 293      035E2EA9 
 293      518081EA 
 293      60F5
 294 0889 1721A1E2 		.ascii	"\027!\241\342\333\301qk\201\361\204\350W\347$\351\260"
 294      DBC1716B 
 294      81F184E8 
 294      57E724E9 
 294      B0
 295 089a B7BAEB21 		.ascii	"\267\272\353!\3021\032\272\035\313\227zwa\034\307\210"
 295      C2311ABA 
 295      1DCB977A 
 295      77611CC7 
ARM GAS  /var/folders/_f/jzb7lsz153bclt069nvlpp5r0000gn/T//ccNq31UM.s 			page 23


 295      88
 296 08ab BD8ED337 		.ascii	"\275\216\3237u8\211\021s\355\373\033}q\246FVj\004\260"
 296      75388911 
 296      73EDFB1B 
 296      7D71A646 
 296      566A04B0 
 297 08bf 52636967 		.ascii	"Rcig\334v=%W\204\017\315Q-\261\251\207\014B\216\262"
 297      DC763D25 
 297      57840FCD 
 297      512DB1A9 
 297      870C428E 
 298 08d4 C570DFDB 		.ascii	"\305p\337\333V\361\272\304\177\257\000\352\000>O5\202"
 298      56F1BAC4 
 298      7FAF00EA 
 298      003E4F35 
 298      82
 299 08e5 5A979C65 		.ascii	"Z\227\234e\307\350,}\356q\031\362\324E\021u\200Xv\014"
 299      C7E82C7D 
 299      EE7119F2 
 299      D4451175 
 299      8058760C 
 300 08f9 55363F53 		.ascii	"U6?S{\226\334\354Ir\363\245=\264Hn\002\311\015\242\344"
 300      7B96DCEC 
 300      4972F3A5 
 300      3DB4486E 
 300      02C90DA2 
 301 090e CB620654 		.ascii	"\313b\006T\306\304\327\214b\317\242[=\211\236\275\302"
 301      C6C4D78C 
 301      62CFA25B 
 301      3D899EBD 
 301      C2
 302 091f 926B0B88 		.ascii	"\222k\013\210\276 \212n\222$\327\251\007M\205^8\237"
 302      BE208A6E 
 302      9224D7A9 
 302      074D855E 
 302      389F
 303 0931 D9F0E881 		.ascii	"\331\360\350\201v`+\243\204\327\312\341\376p\346\371"
 303      76602BA3 
 303      84D7CAE1 
 303      FE70E6F9 
 304 0941 D4F5B994 		.ascii	"\324\365\271\224\373gT$I\221|p\034\204u\301\267\023"
 304      FB675424 
 304      49917C70 
 304      1C8475C1 
 304      B713
 305 0953 C25BF20A 		.ascii	"\302[\362\012\241\275\366\353\372\254\215t\3356W\326"
 305      A1BDF6EB 
 305      FAAC8D74 
 305      DD3657D6 
 306 0963 4C59E1C1 		.ascii	"LY\341\301\331\333z\250X\342\016\365<\257\323\241\334"
 306      D9DB7AA8 
 306      58E20EF5 
 306      3CAFD3A1 
 306      DC
 307 0974 3A7E16D4 		.ascii	":~\026\324\364y\300\221O\005u\361\376\326\003F\270\012"
 307      F479C091 
 307      4F0575F1 
ARM GAS  /var/folders/_f/jzb7lsz153bclt069nvlpp5r0000gn/T//ccNq31UM.s 			page 24


 307      FED60346 
 307      B80A
 308 0986 7E760D5A 		.ascii	"~v\015Z'\264\016h\335R\357o\025\237\260\224\363\353"
 308      27B40E68 
 308      DD52EF6F 
 308      159FB094 
 308      F3EB
 309 0998 78AC70AE 		.ascii	"x\254p\256\212\370\333]\361\357S\312C\245\031B\245\313"
 309      8AF8DB5D 
 309      F1EF53CA 
 309      43A51942 
 309      A5CB
 310 09aa 5DA89CEF 		.ascii	"]\250\234\357X\374;i\244Hq\243^\200\373]\240\323%: "
 310      58FC3B69 
 310      A44871A3 
 310      5E80FB5D 
 310      A0D3253A 
 311 09bf 5CAE0373 		.ascii	"\\\256\003s\201\270\207]\222pi\355(+R\262\334i\240\017"
 311      81B8875D 
 311      927069ED 
 311      282B52B2 
 311      DC69A00F 
 312 09d3 0F761FCC 		.ascii	"\017v\037\314V\3223\261\236nkRY\341CV\203\322#\263$"
 312      56D233B1 
 312      9E6E6B52 
 312      59E14356 
 312      83D223B3 
 313 09e8 6FB00DEB 		.ascii	"o\260\015\353%\267\273pA\222\"\373\211w\300\206\242"
 313      25B7BB70 
 313      419222FB 
 313      8977C086 
 313      A2
 314 09f9 3E563554 		.ascii	">V5T]\\\232\324\254K\341\265\330\220\345K\241\334\000"
 314      5D5C9AD4 
 314      AC4BE1B5 
 314      D890E54B 
 314      A1DC00
 315 0a0c 456E524B 		.ascii	"EnRK\014(\327\011\263\010\273#1i\334\017\0170\207J\260"
 315      0C28D709 
 315      B308BB23 
 315      3169DC0F 
 315      0F30874A 
 316 0a21 1F39A9E5 		.ascii	"\0379\251\345\347\332\270\015\233\351\223Vq\251!\371"
 316      E7DAB80D 
 316      9BE99356 
 316      71A921F9 
 317 0a31 D40389E7 		.ascii	"\324\003\211\347\256x\34116\265=\333~\312\227\202vP"
 317      AE78E131 
 317      36B53DDB 
 317      7ECA9782 
 317      7650
 318 0a43 FA6253DE 		.ascii	"\372bS\336\200\232= \2457\302\375\035\025\267\331\365"
 318      809A3D20 
 318      A537C2FD 
 318      1D15B7D9 
 318      F5
 319 0a54 7708593F 		.ascii	"w\010Y?VZ\252\307slnc\327\300\021V$\330\330\341\322"
ARM GAS  /var/folders/_f/jzb7lsz153bclt069nvlpp5r0000gn/T//ccNq31UM.s 			page 25


 319      565AAAC7 
 319      736C6E63 
 319      D7C01156 
 319      24D8D8E1 
 320 0a69 7A7A484F 		.ascii	"zzHOy_\246\367\345\007\306N+\361\023\306\233\232\330"
 320      795FA6F7 
 320      E507C64E 
 320      2BF113C6 
 320      9B9AD8
 321 0a7c B0A8C389 		.ascii	"\260\250\303\211^\224(\235\263\245 \234\315\210\222"
 321      5E94289D 
 321      B3A5209C 
 321      CD8892
 322 0a8b D1D45A0D 		.ascii	"\321\324Z\015.dD\016w\373\2447>J\011u\302\265\322{>"
 322      2E64440E 
 322      77FBA437 
 322      3E4A0975 
 322      C2B5D27B 
 323 0aa0 C819198E 		.ascii	"\310\031\031\216\225\232\302\017\3238r(\220\323x\022"
 323      959AC20F 
 323      D3387228 
 323      90D37812 
 324 0ab0 76696655 		.ascii	"vifUp\254\316\336\243`\3021j\302\031\336\021f\301\021"
 324      70ACCEDE 
 324      A360C231 
 324      6AC219DE 
 324      1166C111 
 325 0ac4 EEC1E64F 		.ascii	"\356\301\346OC\273+\372.go\251\2451B\244O\271Jw-\242"
 325      43BB2BFA 
 325      2E676FA9 
 325      A53142A4 
 325      4FB94A77 
 326 0ada ED4D9D7F 		.ascii	"\355M\235\177\254\337\206iE5\3013\363U\230K\222\257"
 326      ACDF8669 
 326      4535C133 
 326      F355984B 
 326      92AF
 327 0aec 03CF9D71 		.ascii	"\003\317\235q\347\271SE\345\317\261Pd\264\202\3639@"
 327      E7B95345 
 327      E5CFB150 
 327      64B482F3 
 327      3940
 328 0afe C6B8E87C 		.ascii	"\306\270\350|3\362\032@\256\016\272\017Z\254\245\021"
 328      33F21A40 
 328      AE0EBA0F 
 328      5AACA511 
 329 0b0e 58F372C7 		.ascii	"X\363r\307\276\353z\3311\355PJo4\347\234\307t\376TE"
 329      BEEB7AD9 
 329      31ED504A 
 329      6F34E79C 
 329      C774FE54 
 330 0b23 26C6336C 		.ascii	"&\3063l\023\372\212\037\\\323\342yF\354\237.-R\343e"
 330      13FA8A1F 
 330      5CD3E279 
 330      46EC9F2E 
 330      2D52E365 
 331 0b37 4A786514 		.ascii	"Jxe\024u\367{\261\035\011\010\240&\353+\3234mD\277\321"
ARM GAS  /var/folders/_f/jzb7lsz153bclt069nvlpp5r0000gn/T//ccNq31UM.s 			page 26


 331      75F77BB1 
 331      1D0908A0 
 331      26EB2BD3 
 331      346D44BF 
 332 0b4c A379C0FD 		.ascii	"\243y\300\375\370\273\234\246\342~<\346\321/\001\372"
 332      F8BB9CA6 
 332      E27E3CE6 
 332      D12F01FA 
 333 0b5c 0540BE0C 		.ascii	"\005@\276\014\355\011\264G\320\026\245\325\337Uvs3\307"
 333      ED09B447 
 333      D016A5D5 
 333      DF557673 
 333      33C7
 334 0b6e 97028FDD 		.ascii	"\227\002\217\335\237\250\024O\277\200\247\332\225Qr"
 334      9FA8144F 
 334      BF80A7DA 
 334      955172
 335 0b7d D7C60E47 		.ascii	"\327\306\016G\330\226\307\356\352DH\004\202\220\007"
 335      D896C7EE 
 335      EA444804 
 335      829007
 336 0b8c 6E57136F 		.ascii	"nW\023o\273l7Y\266\003\326\207\356\365\177\233/(\223"
 336      BB6C3759 
 336      B603D687 
 336      EEF57F9B 
 336      2F2893
 337 0b9f 4E54C7E9 		.ascii	"NT\307\351\244\005\3453\340\275#\356\365\3435\367\372"
 337      A405E533 
 337      E0BD23EE 
 337      F5E335F7 
 337      FA
 338 0bb0 2958E8BB 		.ascii	")X\350\273X\213\204\323\330\301\005-^a\2337\337\222"
 338      588B84D3 
 338      D8C1052D 
 338      5E619B37 
 338      DF92
 339 0bc2 5AE68D63 		.ascii	"Z\346\215c\331K\221\362\272#q\254\366\373\234\220\013"
 339      D94B91F2 
 339      BA2371AC 
 339      F6FB9C90 
 339      0B
 340 0bd3 B18E3816 		.ascii	"\261\2168\026\2554\233\325<8\023k\300\231\224Uu\262"
 340      AD349BD5 
 340      3C38136B 
 340      C0999455 
 340      75B2
 341 0be5 25F31112 		.ascii	"%\363\021\022\236\325p\216\326\256\302?\247:\003\217"
 341      9ED5708E 
 341      D6AEC23F 
 341      A73A038F 
 342 0bf5 84C676FC 		.ascii	"\204\306v\374\342\300\3430\334\200`r\215p\023\350;p"
 342      E2C0E330 
 342      DC806072 
 342      8D7013E8 
 342      3B70
 343 0c07 208AC501 		.ascii	" \212\305\001(\006K6\267\351\204,\216\010\257\3338\262"
 343      28064B36 
ARM GAS  /var/folders/_f/jzb7lsz153bclt069nvlpp5r0000gn/T//ccNq31UM.s 			page 27


 343      B7E9842C 
 343      8E08AFDB 
 343      38B2
 344 0c19 D5719C96 		.ascii	"\325q\234\226\312Z\035I\303\025]\215j\227rIX\036\355"
 344      CA5A1D49 
 344      C3155D8D 
 344      6A977249 
 344      581EED
 345 0c2c 82553D21 		.ascii	"\202U=!\240\333\321\002\333\261\023\030\242\261xc\204"
 345      A0DBD102 
 345      DBB11318 
 345      A2B17863 
 345      84
 346 0c3d C5BCDF53 		.ascii	"\305\274\337S\344X\322\312\242\2100\213Q\024\207\371"
 346      E458D2CA 
 346      A288308B 
 346      511487F9 
 347 0c4d 28F2BA55 		.ascii	"(\362\272U\220\264\340\213h\025K\303\303\351\271\300"
 347      90B4E08B 
 347      68154BC3 
 347      C3E9B9C0 
 348 0c5d 423D3701 		.ascii	"B=7\001{\366\\Y$\311\030_\034I\011\274zI\240^<\250\227"
 348      7BF65C59 
 348      24C9185F 
 348      1C4909BC 
 348      7A49A05E 
 349 0c74 0C2D05DA 		.ascii	"\014-\005\332nh\211\242\2619[\277\323_\253]Wq\027\037"
 349      6E6889A2 
 349      B1395BBF 
 349      D35FAB5D 
 349      5771171F 
 350 0c88 09AB8CBD 		.ascii	"\011\253\214\275:>V\353\3441>\334h%\304G\314\375\314"
 350      3A3E56EB 
 350      E4313EDC 
 350      6825C447 
 350      CCFDCC
 351 0c9b 313F697C 		.ascii	"1?i|\244\001\357\212\030\037\011x\255\370H\005\275\277"
 351      A401EF8A 
 351      181F0978 
 351      ADF84805 
 351      BDBF
 352 0cad 8B0DC89D 		.ascii	"\213\015\310\235lYO\205\027\356`!\221X^\232\245\303"
 352      6C594F85 
 352      17EE6021 
 352      91585E9A 
 352      A5C3
 353 0cbf D719319E 		.ascii	"\327\0311\236\0363\353\203\007)\241\331\273\253e\227"
 353      1E33EB83 
 353      0729A1D9 
 353      BBAB6597 
 354 0ccf 0EEE56E1 		.ascii	"\016\356V\341#\363*;,y\233\332<\203_/\027\326\313\201"
 354      23F32A3B 
 354      2C799BDA 
 354      3C835F2F 
 354      17D6CB81 
 355 0ce3 3532A165 		.ascii	"52\241eC\313\222\330\3331\320]\376?\354\310\"\372\354"
 355      43CB92D8 
ARM GAS  /var/folders/_f/jzb7lsz153bclt069nvlpp5r0000gn/T//ccNq31UM.s 			page 28


 355      DB31D05D 
 355      FE3FECC8 
 355      22FAEC
 356 0cf6 010723D3 		.ascii	"\001\007#\323\234\270'\\\017\225\253\342\241\222\316"
 356      9CB8275C 
 356      0F95ABE2 
 356      A192CE
 357 0d05 33F3C1C0 		.ascii	"3\363\301\300\352\241w\234\3671\355e\334\007\300IN\372"
 357      EAA1779C 
 357      F731ED65 
 357      DC07C049 
 357      4EFA
 358 0d17 BDEE3845 		.ascii	"\275\3568E\307j\355\247\247\032I8\317\225.\000\\\216"
 358      C76AEDA7 
 358      A71A4938 
 358      CF952E00 
 358      5C8E
 359 0d29 AA16D8F3 		.ascii	"\252\026\330\363\014w\001\2667:\372\252\267\260=\244"
 359      0C7701B6 
 359      373AFAAA 
 359      B7B03DA4 
 360 0d39 4EDA0F52 		.ascii	"N\332\017RF\304\355\311p\267=\202\255\320>0\321\213"
 360      46C4EDC9 
 360      70B73D82 
 360      ADD03E30 
 360      D18B
 361 0d4b CC456A9A 		.ascii	"\314Ej\232\236\256<\366\002\230\333C\213\217\352\242"
 361      9EAE3CF6 
 361      0298DB43 
 361      8B8FEAA2 
 362 0d5b 9B6DEC9D 		.ascii	"\233m\354\235ky\000}\002\332\330[\217(\035L\013\260"
 362      6B79007D 
 362      02DAD85B 
 362      8F281D4C 
 362      0BB0
 363 0d6d AECE323F 		.ascii	"\256\3162?\317\025V\036\346+,\033\246\025\326\356\332"
 363      CF15561E 
 363      E62B2C1B 
 363      A615D6EE 
 363      DA
 364 0d7e 53F95AB1 		.ascii	"S\371Z\261\302\262R\035\016@\2268H\223T>^'L\242\347"
 364      C2B2521D 
 364      0E409638 
 364      4893543E 
 364      5E274CA2 
 365 0d93 DEC9130D 		.ascii	"\336\311\023\015\006\234\254\343\337\005\027\234\365"
 365      069CACE3 
 365      DF05179C 
 365      F5
 366 0da0 C1598C10 		.ascii	"\301Y\214\020\352>_\276\356;\261\255{R\217\013\331\305"
 366      EA3E5FBE 
 366      EE3BB1AD 
 366      7B528F0B 
 366      D9C5
 367 0db2 A3CF6CCF 		.ascii	"\243\317l\317\021.\243\204zn\270\346\230\027u\"yyz\010"
 367      112EA384 
 367      7A6EB8E6 
ARM GAS  /var/folders/_f/jzb7lsz153bclt069nvlpp5r0000gn/T//ccNq31UM.s 			page 29


 367      98177522 
 367      79797A08 
 368 0dc6 16650F06 		.ascii	"\026e\017\006Kx\253\034\005\253\034\001k\224B;,\311"
 368      4B78AB1C 
 368      05AB1C01 
 368      6B94423B 
 368      2CC9
 369 0dd8 8E8EFBD7 		.ascii	"\216\216\373\327O\177\230\027\3035\302V\2232\271\030"
 369      4F7F9817 
 369      C335C256 
 369      9332B918 
 370 0de8 B6BA04AF 		.ascii	"\266\272\004\257*K\304\333\333\216S\260\204XR\313x]"
 370      2A4BC4DB 
 370      DB8E53B0 
 370      845852CB 
 370      785D
 371 0dfa 9E5B0A2E 		.ascii	"\236[\012.$d\336\022O\231\327\336\006nQ\342\316-\034"
 371      2464DE12 
 371      4F99D7DE 
 371      066E51E2 
 371      CE2D1C
 372 0e0d CBC74A34 		.ascii	"\313\307J4\256\305\267\240\035*\003\245\326R\220=\256"
 372      AEC5B7A0 
 372      1D2A03A5 
 372      D652903D 
 372      AE
 373 0e1e 01673A06 		.ascii	"\001g:\006LEb\362-\221$\337\375\031\2137\344\311\367"
 373      4C4562F2 
 373      2D9124DF 
 373      FD198B37 
 373      E4C9F7
 374 0e31 982CF91E 		.ascii	"\230,\371\036\027\222/\312\315\274\376\304\017\337f"
 374      17922FCA 
 374      CDBCFEC4 
 374      0FDF66
 375 0e40 DB5077B6 		.ascii	"\333Pw\266\340?\361,\353wggU\352\361\002#\34233\307"
 375      E03FF12C 
 375      EB776767 
 375      55EAF102 
 375      23E23333 
 376 0e55 BC544A05 		.ascii	"\274TJ\005:\001\353\275\351\317^ u\036\235S\221\261"
 376      3A01EBBD 
 376      E9CF5E20 
 376      751E9D53 
 376      91B1
 377 0e67 0A18FBA1 		.ascii	"\012\030\373\241?:\211\311/\016\224\307\034%\223*\244"
 377      3F3A89C9 
 377      2F0E94C7 
 377      1C25932A 
 377      A4
 378 0e78 0DDCC17E 		.ascii	"\015\334\301~\343\260\015\023\345\230\201\340\256\020"
 378      E3B00D13 
 378      E59881E0 
 378      AE10
 379 0e86 6BA95E55 		.ascii	"k\251^U\240\327)\254\222=m\263\327\375\223\2260\254"
 379      A0D729AC 
 379      923D6DB3 
ARM GAS  /var/folders/_f/jzb7lsz153bclt069nvlpp5r0000gn/T//ccNq31UM.s 			page 30


 379      D7FD9396 
 379      30AC
 380 0e98 B6D79153 		.ascii	"\266\327\221S\271\220y\002\265\316c\3474\210)\0275'"
 380      B9907902 
 380      B5CE63E7 
 380      34882917 
 380      3527
 381 0eaa 93E8C7CD 		.ascii	"\223\350\307\315\232\250\032\226\362\264,y/\271\235"
 381      9AA81A96 
 381      F2B42C79 
 381      2FB99D
 382 0eb9 6BF2C59C 		.ascii	"k\362\305\234\236\246\257\212\323\343\307\264\364\266"
 382      9EA6AF8A 
 382      D3E3C7B4 
 382      F4B6
 383 0ec7 3290D569 		.ascii	"2\220\325i\303\322\272\250\306C\036\246)h\222\245 \202"
 383      C3D2BAA8 
 383      C6431EA6 
 383      296892A5 
 383      2082
 384 0ed9 EC0C66BC 		.ascii	"\354\014f\274<\200U%\360\320yz\272\035\347O\267\032"
 384      3C805525 
 384      F0D0797A 
 384      BA1DE74F 
 384      B71A
 385 0eeb F7A79BFB 		.ascii	"\367\247\233\373G)5\274c\324\202&\347\301)\352\240\235"
 385      472935BC 
 385      63D48226 
 385      E7C129EA 
 385      A09D
 386 0efd 85764EEA 		.ascii	"\205vN\352\034\203\340x5\356\317\240[\3223h\365\312"
 386      1C83E078 
 386      35EECFA0 
 386      5BD23368 
 386      F5CA
 387 0f0f CE277939 		.ascii	"\316'y9\335\215\023>B\346\232\002\223_\000\336B\321"
 387      DD8D133E 
 387      42E69A02 
 387      935F00DE 
 387      42D1
 388 0f21 E435EE32 		.ascii	"\3445\3562\227\363\316\270\036\320\275\010)\311\\\255"
 388      97F3CEB8 
 388      1ED0BD08 
 388      29C95CAD 
 389 0f31 63CF30DE 		.ascii	"c\3170\336Nm\217\032rb\203h\222\262\275I\357|\342G\226"
 389      4E6D8F1A 
 389      72628368 
 389      92B2BD49 
 389      EF7CE247 
 390 0f46 0D388E5D 		.ascii	"\0158\216]\353\271\023\273\314\236\243\226\323\213\347"
 390      EBB913BB 
 390      CC9EA396 
 390      D38BE7
 391 0f55 DA4A8FF3 		.ascii	"\332J\217\363\367\2244\343=/\217\331\243\301\311\214"
 391      F79434E3 
 391      3D2F8FD9 
 391      A3C1C98C 
ARM GAS  /var/folders/_f/jzb7lsz153bclt069nvlpp5r0000gn/T//ccNq31UM.s 			page 31


 392 0f65 F9C0E39D 		.ascii	"\371\300\343\235\033q.\353\357\030\272?\342\203\213"
 392      1B712EEB 
 392      EF18BA3F 
 392      E2838B
 393 0f74 19D1B734 		.ascii	"\031\321\26743\255\303'\031\261\353X\371y\035\371\201"
 393      33ADC327 
 393      19B1EB58 
 393      F9791DF9 
 393      81
 394 0f85 12FDA5C6 		.ascii	"\022\375\245\306\177\321\037\313d\2254F\321!\362N\242"
 394      7FD11FCB 
 394      64953446 
 394      D121F24E 
 394      A2
 395 0f96 95BA33B2 		.ascii	"\225\2723\262\217\314fy\343\006"
 395      8FCC6679 
 395      E306
 396 0fa0 36697ABC 		.ascii	"6iz\274\330\204\257\262\376\255\207\031\277\303\003"
 396      D884AFB2 
 396      FEAD8719 
 396      BFC303
 397 0faf AC5F7ECA 		.ascii	"\254_~\312Q\244\303\323\214\230<]Z\241\301+\2148\025"
 397      51A4C3D3 
 397      8C983C5D 
 397      5AA1C12B 
 397      8C3815
 398 0fc2 7FF08E0E 		.ascii	"\177\360\216\016\247{\023\342{\263;\367\025y\243\000"
 398      A77B13E2 
 398      7BB33BF7 
 398      1579A300 
 399 0fd2 832AE0D5 		.ascii	"\203*\340\325W!\275\251\014\006zP\322\214\32544\377"
 399      5721BDA9 
 399      0C067A50 
 399      D28CD534 
 399      34FF
 400 0fe4 E15C3497 		.ascii	"\341\\4\227\360\032=\233Z\300\322}.\211\205\355\215"
 400      F01A3D9B 
 400      5AC0D27D 
 400      2E8985ED 
 400      8D
 401 0ff5 34A6FB64 		.ascii	"4\246\373d1\335\303bZ\311\272"
 401      31DDC362 
 401      5AC9BA
 402 1000 4425EA6D 		.ascii	"D%\352m\267\230\267\335\202\241v^\252;'N\347\317\203"
 402      B798B7DD 
 402      82A1765E 
 402      AA3B274E 
 402      E7CF83
 403 1013 97D84F57 		.ascii	"\227\330OWD\2617\360\253\360\177\020\253\326b\272I\231"
 403      44B137F0 
 403      ABF07F10 
 403      ABD662BA 
 403      4999
 404 1025 AE5326A9 		.ascii	"\256S&\251G\\\206\244F\036\251\240&~i\342\021\243\340"
 404      475C86A4 
 404      461EA9A0 
 404      267E69E2 
ARM GAS  /var/folders/_f/jzb7lsz153bclt069nvlpp5r0000gn/T//ccNq31UM.s 			page 32


 404      11A3E0
 405 1038 1103E009 		.ascii	"\021\003\340\011\335\320z\241\335\206f\2076\002\255"
 405      DDD07AA1 
 405      DD866687 
 405      3602AD
 406 1047 1FDAB024 		.ascii	"\037\332\260$\223\333\246Y)4\004\360\273\\\341\273\276"
 406      93DBA659 
 406      293404F0 
 406      BB5CE1BB 
 406      BE
 407 1058 251A3C41 		.ascii	"%\032<AU\375W\003jve\025\343J\260O\033\200\225\032\023"
 407      55FD5703 
 407      6A766515 
 407      E34AB04F 
 407      1B80951A 
 408 106d 5490DEFC 		.ascii	"T\220\336\3743cJ\031n\310\030n1\006\272\356\335rg\371"
 408      33634A19 
 408      6EC8186E 
 408      3106BAEE 
 408      DD7267F9 
 409 1081 714DBE71 		.ascii	"qM\276q\014\241$\366'\305\335\350p\305\350z\320\014"
 409      0CA124F6 
 409      27C5DDE8 
 409      70C5E87A 
 409      D00C
 410 1093 33D509EF 		.ascii	"3\325\011\357U\367;'y\226;%\332\251\323\275`\306\314"
 410      55F73B27 
 410      79963B25 
 410      DAA9D3BD 
 410      60C6CC
 411 10a6 2AC5DF6B 		.ascii	"*\305\337k\011\307\352L\273|`\361\230\353\003T\347\036"
 411      09C7EA4C 
 411      BB7C60F1 
 411      98EB0354 
 411      E71E
 412 10b8 DE817DFB 		.ascii	"\336\201}\373K\367\220\275\312\202\3741\006\023\257"
 412      4BF790BD 
 412      CA82FC31 
 412      0613AF
 413 10c7 88F9A34F 		.ascii	"\210\371\243OrX\365\266O\217kY4\2637G\216\256D\035\215"
 413      7258F5B6 
 413      4F8F6B59 
 413      34B33747 
 413      8EAE441D 
 414 10dc 768E86E0 		.ascii	"v\216\206\340M{t\013{\261D~J\203\206nF\037\324x\256"
 414      4D7B740B 
 414      7BB1447E 
 414      4A83866E 
 414      461FD478 
 415 10f1 5FA684FA 		.ascii	"_\246\204\372e\222\325/\311e\0053XZ\277\020$\343\240"
 415      6592D52F 
 415      C9650533 
 415      585ABF10 
 415      24E3A0
 416 1104 D304AD5F 		.ascii	"\323\004\255_\246i\3752%\324/m5\225U\0307{\263\307*"
 416      A669FD32 
 416      25D42F6D 
ARM GAS  /var/folders/_f/jzb7lsz153bclt069nvlpp5r0000gn/T//ccNq31UM.s 			page 33


 416      35955518 
 416      377BB3C7 
 417 1119 A5570619 		.ascii	"\245W\006\031\220z\232v\372.\364\\R\342.v\261\242\347"
 417      907A9A76 
 417      FA2EF45C 
 417      52E22E76 
 417      B1A2E7
 418 112c CC2315BB 		.ascii	"\314#\025\273H_6\245O\334\375\004\333\331\265\312\362"
 418      485F36A5 
 418      4FDCFD04 
 418      DBD9B5CA 
 418      F2
 419 113d 99395671 		.ascii	"\2319Vq5\221k/\335\177\370`^%\274X\015\240\345q\000"
 419      35916B2F 
 419      DD7FF860 
 419      5E25BC58 
 419      0DA0E571 
 420 1152 3B611CF7 		.ascii	";a\034\367\206'\177\313J]\250\244P\001XhIR_\241a\027"
 420      86277FCB 
 420      4A5DA8A4 
 420      50015868 
 420      49525FA1 
 421 1168 07B2CD8A 		.ascii	"\007\262\315\212\017\012s\225\214\331\271\317\362\022"
 421      0F0A7395 
 421      8CD9B9CF 
 421      F212
 422 1176 36DAB622 		.ascii	"6\332\266\"\026\273\367y\301\274_:\260\234\3639\223"
 422      16BBF779 
 422      C1BC5F3A 
 422      B09CF339 
 422      93
 423 1187 0A91730F 		.ascii	"\012\221s\017\273\010\235\305.7'\317\242)/\030\016\315"
 423      BB089DC5 
 423      2E3727CF 
 423      A2292F18 
 423      0ECD
 424 1199 F0CC8239 		.ascii	"\360\314\2029\321]\354\342\357w{\234/y3\\\341f\272\300"
 424      D15DECE2 
 424      EF777B9C 
 424      2F79335C 
 424      E166BAC0 
 425 11ad BDC74064 		.ascii	"\275\307@d\003o\216{^\311\233\333\247\327hyN\216\245"
 425      036F8E7B 
 425      5EC99BDB 
 425      A7D76879 
 425      4E8EA5
 426 11c0 461E85F3 		.ascii	"F\036\205\363\370\271$A!\253\261\312@\334q\352%K\274"
 426      F8B92441 
 426      21ABB1CA 
 426      40DC71EA 
 426      254BBC
 427 11d3 1FAF801F 		.ascii	"\037\257\200\037?\005\177}\006\3551\264\005h\017\240"
 427      3F057F7D 
 427      06ED31B4 
 427      05680FA0 
 428 11e3 71AA00F4 		.ascii	"q\252\000\364\004\276\237C\233\203\266\014m\021\332"
 428      04BE9F43 
ARM GAS  /var/folders/_f/jzb7lsz153bclt069nvlpp5r0000gn/T//ccNq31UM.s 			page 34


 428      9B83B60C 
 428      6D11DA
 429 11f2 2368F3D0 		.ascii	"#h\363\320\036Jo\017\2370\213\020,\015\256X.\272\232"
 429      1E4A6F0F 
 429      9F308B10 
 429      2C0DAE58 
 429      2EBA9A
 430 1205 6F319A96 		.ascii	"o1\232\226\232\003\312uh\220\327Rx\\\311?4v\336\203"
 430      9A03CA75 
 430      6890D752 
 430      785CC93F 
 430      3476DE83 
 431 1219 D8A69960 		.ascii	"\330\246\231`\362nv/\317\353|\323\353\362P{F4t\272\253"
 431      F26E762F 
 431      CFEB7CD3 
 431      EBF2507B 
 431      463474BA 
 432 122e F176B91A 		.ascii	"\361v\271\032o\011\214\007\2161\004\030n\2712\017\273"
 432      6F098C07 
 432      8E310418 
 432      6EB9320F 
 432      BB
 433 123f 3C419E82 		.ascii	"<A\236\202bb\311]1\021m\277\177\315\231\367lJ\231\177"
 433      6262C95D 
 433      31116DBF 
 433      7FCD99F7 
 433      6C4A997F 
 434 1253 ED93AC08 		.ascii	"\355\223\254\010i\245\262\261\354\246V\250&\342\202"
 434      69A5B2B1 
 434      ECA656A8 
 434      26E282
 435 1262 B5285AB5 		.ascii	"\265(Z\265\036\225\213o\233\227VU\023\322\335B\333T"
 435      1E958B6F 
 435      9B975655 
 435      13D2DD42 
 435      DB54
 436 1274 817FB50D 		.ascii	"\201\177\265\015#/c\016\\-V\313\212c\002G\314 1*\241"
 436      232F630E 
 436      5C2D56CB 
 436      8A630247 
 436      CC20312A 
 437 1289 385E29C9 		.ascii	"8^)\311\311\222\227\321\317dO\002\267;9\213\217V/\262"
 437      C99297D1 
 437      CF644F02 
 437      B73B398B 
 437      8F562FB2 
 438 129d 7202C6F8 		.ascii	"r\002\306\370r\242qy|LE\307@\"\212U\321\301\224\271"
 438      72A27179 
 438      7C4C45C7 
 438      40228A55 
 438      D1C194B9 
 439 12b1 C6299F57 		.ascii	"\306)\237W%\007\251\374\241\363N\0259Hw\250TLlRN\376"
 439      2507A9FC 
 439      A1F34E15 
 439      394877A8 
 439      544C6C52 
 440 12c7 29354E37 		.ascii	")5N7\320\254R\033\237\331\355\273\341\000g+w4\315\315"
ARM GAS  /var/folders/_f/jzb7lsz153bclt069nvlpp5r0000gn/T//ccNq31UM.s 			page 35


 440      D0AC521B 
 440      9FD9EDBB 
 440      E100672B 
 440      7734CDCD 
 441 12db FF389BB3 		.ascii	"\3778\233\263Es\317\311\233#2\013\355R\011\346T\220"
 441      4573CFC9 
 441      9B23320B 
 441      ED5209E6 
 441      5490
 442 12ed 3E5516C5 		.ascii	">U\026\305\2516\220\007\307\205\2755\006\231\032i\262"
 442      A9369007 
 442      C785BD35 
 442      06991A69 
 442      B2
 443 12fe CA21DEA9 		.ascii	"\312!\336\251FoV[\277\236B\216w\2521~\377\330\023\275"
 443      466F565B 
 443      BF9E428E 
 443      77AA317E 
 443      FFD813BD 
 444 1312 538DDD4C 		.ascii	"S\215\335L\215\364\341\334\2305\324H\244j$8\325\330"
 444      8DF4E1DC 
 444      9835D448 
 444      A46A2438 
 444      D5D8
 445 1324 71BD4A85 		.ascii	"q\275J\205k\231\032q\361\031w\015T\015vhqOWV0\231\201"
 445      6B991A71 
 445      F119770D 
 445      540D7668 
 445      714F5756 
 446 133b 92242A24 		.ascii	"\222$*$\011*$S\025\226\262Ogh(\010\3628\223\001\213"
 446      092A2453 
 446      1596B24F 
 446      67682808 
 446      F2389301 
 447 1350 6D9BEDC5 		.ascii	"m\233\355\305N\233\2470`\275\027\346\313\220\024\330"
 447      4E9BA730 
 447      60BD17E6 
 447      CB9014D8 
 448 1360 6FA48743 		.ascii	"o\244\207C\032\305\225*\340\272\223\035[\355\213\233"
 448      1AC5952A 
 448      E0BA931D 
 448      5BED8B9B 
 449 1370 19AEA1CB 		.ascii	"\031\256\241\313c\215z\300e'\217\314m\301\2511)\205"
 449      638D7AC0 
 449      65278FCC 
 449      6DC1A931 
 449      2985
 450 1382 9C7D65E5 		.ascii	"\234}e\345\007t\026\332#\301\266G\300\266\227b;:~~Y"
 450      077416DA 
 450      23C1B647 
 450      C0B69762 
 450      3B3A7E7E 
 451 1397 FEC3A434 		.ascii	"\376\303\2444\231\227\244;\315\033?\230aWR\304\243\316"
 451      9997A43B 
 451      CD1B3F98 
 451      615752C4 
 451      A3CE
ARM GAS  /var/folders/_f/jzb7lsz153bclt069nvlpp5r0000gn/T//ccNq31UM.s 			page 36


 452 13a9 A273682C 		.ascii	"\242sh,\303n\240c\300\2072\230\026y7\213dJ\034\225\011"
 452      C36EA063 
 452      C0873298 
 452      1679378B 
 452      644A1C95 
 453 13be CCA25A64 		.ascii	"\314\242Zd\012Z\264\335\036iGx\210i\221u|:\305\300\264"
 453      0A5AB4DD 
 453      1E694778 
 453      88699175 
 453      7C3AC5C0 
 454 13d3 688D9BF8 		.ascii	"h\215\233\370<M\324\002f\241l\211\026\331\202\0269T"
 454      3C4DD402 
 454      66A16C89 
 454      16D98216 
 454      3954
 455 13e5 8B9EA286 		.ascii	"\213\236\242\2063~x\234I\331\2754\324\242\026lQ\350"
 455      337E789C 
 455      49D9BD34 
 455      D4A2166C 
 455      51E8
 456 13f7 6A8B5C89 		.ascii	"j\213\\\211\224\\A\312>*%\177p*\227\355S\034\026\366"
 456      945C41CA 
 456      3E2A257F 
 456      702A97ED 
 456      531C16F6 
 457 140b 695B75EF 		.ascii	"i[u\357'N\237\332\317\024\234_,\352P{\334\246\203T\301"
 457      274E9FDA 
 457      CF149C5F 
 457      2CEA507B 
 457      DCA68354 
 458 1420 038282F1 		.ascii	"\003\202\202\361\2117\306\020^d\320J\007\306\2231\205"
 458      8937C610 
 458      5E64D04A 
 458      07C69331 
 458      85
 459 1431 96D2DA15 		.ascii	"\226\322\332\025\322\300\334\207NA6\011.\233\200+\217"
 459      D2C0DC87 
 459      4E413609 
 459      2E9B802B 
 459      8F
 460 1442 E23A1D37 		.ascii	"\342:\0357f\367\301\011>\354\035\272\335\276\342ME\220"
 460      66F7C109 
 460      3EEC1DBA 
 460      DDBEE24D 
 460      4590
 461 1454 F2F243DE 		.ascii	"\362\362C\336\003\211\204|\211\204|AB\001\2250q=\246"
 461      0389847C 
 461      89847C41 
 461      42019530 
 461      713DA6
 462 1467 59FEA361 		.ascii	"Y\376\243ab\012\021s!\333e\362\015\334\243\013\375q"
 462      620A1173 
 462      21DB65F2 
 462      0DDCA30B 
 462      FD71
 463 1479 F21F6465 		.ascii	"\362\037de\311\270\017\361\334\207(w\347\366\234i\225"
 463      C9B80FF1 
ARM GAS  /var/folders/_f/jzb7lsz153bclt069nvlpp5r0000gn/T//ccNq31UM.s 			page 37


 463      DC872877 
 463      E7F69C69 
 463      95
 464 148a 8CFBA08C 		.ascii	"\214\373\240\214\273\210\347&\337j\343\207\021\021a"
 464      BB88E726 
 464      DF6AE387 
 464      111161
 465 1499 EA6F3605 		.ascii	"\352o6\005\033\255\232\177\376\344\263\015\037)4_\233"
 465      1BAD9A7F 
 465      FEE4B30D 
 465      1F29345F 
 465      9B
 466 14aa 4D9146AB 		.ascii	"M\221F\2537\375\0126\207\205\031\255\252\317~\375\311"
 466      37FD0A36 
 466      878519AD 
 466      AACF7EFD 
 466      C9
 467 14bb 1FB45B42 		.ascii	"\037\264[B\303\255\377\360\276\321\2527\032\205\256"
 467      C3ADFFF0 
 467      BED1AA37 
 467      1A85AE
 468 14ca 31688B25 		.ascii	"1h\213%*(,\"\330\024\026\364\021\260\232\242\202\276"
 468      2A282C22 
 468      D81416F4 
 468      11B09AA2 
 468      82BE
 469 14dc 0A0E7ED7 		.ascii	"\012\016~\327\024\265\351\335\360\210p\363\273f\323"
 469      14B5E9DD 
 469      F08870F3 
 469      BB66D3
 470 14eb 17A1EFFE 		.ascii	"\027\241\357\376\344\347A\357o\374\361O7\376\374\375"
 470      E4E741EF 
 470      6FFCF14F 
 470      37FEFCFD 
 471 14fb 9F06C9AE 		.ascii	"\237\006\311\256\004\205\206\007\207m\0111\007m2\005"
 471      04858607 
 471      876D0931 
 471      076D3205 
 472 150b 7F1D1A6E 		.ascii	"\177\035\032n\0162\206\230\2774m\011\263\032\255[#\315"
 472      0E328698 
 472      BF346D09 
 472      B31AAD5B 
 472      23CD
 473 151d 96F7BE56 		.ascii	"\226\367\276V\374\341\257#\337\262\325\022d\264XC\000"
 473      FCE1AF23 
 473      DFB2D512 
 473      64B45843 
 473      00
 474 152e 35087DF3 		.ascii	"5\010}\363\275\367\202\330\337\027\246\340\3775\207"
 474      BDF782D8 
 474      DF17A6E0 
 474      FF3587
 475 153d 8738F9C8 		.ascii	"\2078\371\310\262\000\201\254\214\277\264X\261%<d\203"
 475      B20081AC 
 475      8CBFB458 
 475      B1253C64 
 475      83
ARM GAS  /var/folders/_f/jzb7lsz153bclt069nvlpp5r0000gn/T//ccNq31UM.s 			page 38


 476 154e 4766621F 		.ascii	"Gfb\037`T\023\023Yt\304\"\221\326(\260\033\263\016\355"
 476      60541313 
 476      5974C422 
 476      91D628B0 
 476      1BB30EED 
 477 1562 ABBE802F 		.ascii	"\253\276\200/\275%\364\317f\343\027[\255f\213\236\332"
 477      BD25F4CF 
 477      66E3175B 
 477      AD668B9E 
 477      DA
 478 1573 34343CC4 		.ascii	"44<\304\374'\014\026\365\342\255\2503\032\005\323R^"
 478      FC270C16 
 478      F5E2ADA8 
 478      331A05D3 
 478      525E
 479 1585 26D1F2AD 		.ascii	"&\321\362\255\331\034i\214\214\260\030\350\254/\303"
 479      D91C698C 
 479      8CB018E8 
 479      AC2FC3
 480 1594 4C5F598C 		.ascii	"L_Y\214V\237oLa[\314\002E\367\344\307?s\356\011\351"
 480      569F6F4C 
 480      615BCC02 
 480      45F7E4C7 
 480      3F73EE09 
 481 15a9 BEE11131 		.ascii	"\276\341\0211\235\004\220\275%2\274\310\264\177\244"
 481      9D0490BD 
 481      2532BCC8 
 481      B47FA4
 482 15b8 18F89E9A 		.ascii	"\030\370\236\232\216\253\310\242\006\213\025D\0307\231"
 482      8EABC8A2 
 482      068B1544 
 482      183799
 483 15c7 3745446D 		.ascii	"7EDm\3651EE\231\266Zx\312;8\"\304\314\367u\264O\240"
 483      F5314545 
 483      99B65A78 
 483      CA3B3822 
 483      C4CCF775 
 484 15de AB3EFBEC 		.ascii	"\253>\373\354\327\277\364\017\336\022\025e\016\267\032"
 484      D7BFF40F 
 484      DE121565 
 484      0EB71A
 485 15ed A3B68487 		.ascii	"\243\266\204\207\207\206\177e\014\216\010\267\232\377"
 485      87867F65 
 485      0C8E08B7 
 485      9AFF
 486 15fb 64358686 		.ascii	"d5\206\206\350>\342\273V\337`\323&c\224\371\253P\213"
 486      E83EE2BB 
 486      56DF60D3 
 486      266394F9 
 486      AB508B
 487 160e D54CAC46 		.ascii	"\325L\254FH\006\313\252\246\337\236wI\230Ev\311\034"
 487      4806CBAA 
 487      A6DF9E77 
 487      49984576 
 487      C91C
 488 1620 FE8D3232 		.ascii	"\376\21522\230\316fX\255\252\020\223\325\244\264D\252"
 488      98CE6658 
ARM GAS  /var/folders/_f/jzb7lsz153bclt069nvlpp5r0000gn/T//ccNq31UM.s 			page 39


 488      ADAA1093 
 488      D5A4B444 
 488      AA
 489 1631 081ECFB6 		.ascii	"\010\036\317\266\240\334d\373hG\365\207\320Mfj\314\237"
 489      A0DC64FB 
 489      6847F587 
 489      D04D666A 
 489      CC9F
 490 1643 FDC4694C 		.ascii	"\375\304iL\322\365\016\213\370*\024\274\217^\0171\233"
 490      D2F50E8B 
 490      F82A14BC 
 490      8F5E0F31 
 490      9B
 491 1654 42C2C04F 		.ascii	"B\302\300O\177\350Q*\257\036\310\325\362J[\014\202\366"
 491      7FE8512A 
 491      AF1EC8D5 
 491      F24A5B0C 
 491      82F6
 492 1666 5B2C66D0 		.ascii	"[,f\320\377kSx\270\031B\352{\301\3203Z`\262q\363\026"
 492      FF6B5378 
 492      B81942EA 
 492      7BC1D033 
 492      5A60B271 
 493 167c 3351DB9B 		.ascii	"3Q\333\233\022\004= \020M\346\265\311l\261\230\2762"
 493      12043D20 
 493      104DE6B5 
 493      C96CB198 
 493      BE32
 494 168e AF0B098D 		.ascii	"\257\013\011\215\262n\245\233\006N\001\360\314Q\177"
 494      B26EA59B 
 494      064E01F0 
 494      CC517F
 495 169d EF11878B 		.ascii	"\357\021\207\213p\212\307\024i\012\016\265nU\177\031"
 495      708AC714 
 495      690A0EB5 
 495      6E557F19 
 496 16ad 05B25551 		.ascii	"\005\262UQfS\224\232plfH\242\314\301\3378\221P\202!"
 496      6653949A 
 496      706C6648 
 496      A2CCC1DF 
 496      38915082 
 497 16c2 79C11AE2 		.ascii	"y\301\032\3424bKBm\326\204\206\023]}-[\303\203\215!"
 497      34624B42 
 497      6DD68486 
 497      135D7D2D 
 497      5BC3838D 
 498 16d7 51A1DFC0 		.ascii	"Q\241\337\300\376\206Gx\266Y03\011\305\310\272\026\357"
 498      FE864778 
 498      B6593033 
 498      09C5C8BA 
 498      16EF
 499 16e9 DF478546 		.ascii	"\337G\205FD\001\330O\3011#7\363P\264_\230,fb\377\037"
 499      4401D84F 
 499      C1312337 
 499      F350B45F 
 499      982C6662 
 500 16ff 799415C9 		.ascii	"y\224\025\311\317\023\020\031>\212\330\024i\2122Y#\300"
ARM GAS  /var/folders/_f/jzb7lsz153bclt069nvlpp5r0000gn/T//ccNq31UM.s 			page 40


 500      CF131019 
 500      3E8AD814 
 500      698A3259 
 500      23C0
 501 1711 C7B41FFE 		.ascii	"\307\264\037\376\342\337\177\365\273_\177\362+\355/"
 501      E2DF7FF5 
 501      BB5F7FF2 
 501      2BED2F
 502 1720 7FF58B5F 		.ascii	"\177\365\213_\222\016\016\336\024\251\212\012\331\372"
 502      920E0EDE 
 502      14A98A0A 
 502      D9FA
 503 172e A9FA5B53 		.ascii	"\251\372[S\250\365So\310u<`\253\244o\361\346;\241\341"
 503      A8F5536F 
 503      C8753C60 
 503      ABA46FF1 
 503      E63BA1E1 
 504 1742 5F46F886 		.ascii	"_F\370\206Z\214D\263\257\301\212\021[,\204\015L\031"
 504      5A8C44B3 
 504      AFC18A11 
 504      5B2C840D 
 504      4C19
 505 1754 62FC724B 		.ascii	"b\374rK\270\001\372\337\302\352fB\370\002A61*\"\214"
 505      B801FADF 
 505      C2EA6642 
 505      F8024136 
 505      312A228C 
 506 1768 902F1371 		.ascii	"\220/\023qD\013\302l\372\"\214\362\274\"\014\322Y\302"
 506      440BC26C 
 506      FA228CF2 
 506      BC220CD2 
 506      59C2
 507 177a A89EB702 		.ascii	"\250\236\267\002\354\375[\036\025\015\013\013r\002\004"
 507      ECFD5B1E 
 507      150D0B0B 
 507      720204
 508 1789 3DBD58CF 		.ascii	"=\275X\317\342\313\363\031\203\267X\254\021\233^6\361"
 508      E2CBF319 
 508      83B758AC 
 508      119B5E36 
 508      F1
 509 179a 28882342 		.ascii	"(\210#B\200DDB~\373\201G\241\377\361/\037\201,}d\004"
 509      80444442 
 509      7EFB8147 
 509      A1FFF12F 
 509      1F812C7D 
 510 17b0 CCA2AEF1 		.ascii	"\314\242\256\3617\253X-Q\301A\346o \270\337\013\346"
 510      37AB582D 
 510      51C141E6 
 510      6F20B8DF 
 510      0BE6
 511 17c2 19E99EAF 		.ascii	"\031\351\236\257\2278\034$qj~-K["
 511      97381C24 
 511      716A7E2D 
 511      4B5B
 512 17d0 1699AB1B 		.ascii	"\026\231\253\033\251\367\255\227\370\216\300.uC\306"
 512      A9F7AD97 
ARM GAS  /var/folders/_f/jzb7lsz153bclt069nvlpp5r0000gn/T//ccNq31UM.s 			page 41


 512      F88EC02E 
 512      7543C6
 513 17df F5FF6BBD 		.ascii	"\365\377k\275\315\226"
 513      CD96
 514              		.text
 515              		.section	.gnu.lto_.symtab.d5cca2d4e9128407,"",%progbits
 516 0000 706F6C6C 		.ascii	"poll_sendq\000\000\000\000\000\000\000\000\000\000\000"
 516      5F73656E 
 516      64710000 
 516      00000000 
 516      00000000 
 517 0015 00090200 		.ascii	"\000\011\002\000\000poll_recvq\000\000\000\000\000\000"
 517      00706F6C 
 517      6C5F7265 
 517      63767100 
 517      00000000 
 518 002a 00000000 		.ascii	"\000\000\000\000\000\000\017\002\000\000chan_send_q"
 518      00000F02 
 518      00006368 
 518      616E5F73 
 518      656E645F 
 519 003f 5F646571 		.ascii	"_dequeue\000\000\002\000\000\000\000\000\000\000\000"
 519      75657565 
 519      00000200 
 519      00000000 
 519      000000
 520 0052 00140200 		.ascii	"\000\024\002\000\000heap_fst\000\000\002\000\000\000"
 520      00686561 
 520      705F6673 
 520      74000002 
 520      000000
 521 0065 00000000 		.ascii	"\000\000\000\000\000\000\032\002\000\000chan_send_q"
 521      00001A02 
 521      00006368 
 521      616E5F73 
 521      656E645F 
 522 007a 5F66726F 		.ascii	"_front\000\000\002\000\000\000\000\000\000\000\000\000"
 522      6E740000 
 522      02000000 
 522      00000000 
 522      0000
 523 008c 1C020000 		.ascii	"\034\002\000\000chan_recv_q_dequeue\000\000\002\000"
 523      6368616E 
 523      5F726563 
 523      765F715F 
 523      64657175 
 524 00a7 00000000 		.ascii	"\000\000\000\000\000\000\000\000!\002\000\000chan_r"
 524      00000000 
 524      21020000 
 524      6368616E 
 524      5F72
 525 00b9 6563765F 		.ascii	"ecv_q_front\000\000\002\000\000\000\000\000\000\000"
 525      715F6672 
 525      6F6E7400 
 525      00020000 
 525      00000000 
 526 00ce 00002302 		.ascii	"\000\000#\002\000\000"
ARM GAS  /var/folders/_f/jzb7lsz153bclt069nvlpp5r0000gn/T//ccNq31UM.s 			page 42


 526      0000
 527              		.text
 528              		.section	.gnu.lto_.opts,"",%progbits
 529 0000 272D6666 		.ascii	"'-ffp-contract=off' '-fno-trapv' '-mcpu=cortex-m4' "
 529      702D636F 
 529      6E747261 
 529      63743D6F 
 529      66662720 
 530 0033 272D6D74 		.ascii	"'-mthumb' '-mfloat-abi=hard' '-mfpu=fpv4-sp-d16' '-"
 530      68756D62 
 530      2720272D 
 530      6D666C6F 
 530      61742D61 
 531 0066 67676462 		.ascii	"ggdb' '-O2' '-fomit-frame-pointer' '-falign-functio"
 531      2720272D 
 531      4F322720 
 531      272D666F 
 531      6D69742D 
 532 0099 6E733D31 		.ascii	"ns=16' '-ffunction-sections' '-fdata-sections' '-fn"
 532      36272027 
 532      2D666675 
 532      6E637469 
 532      6F6E2D73 
 533 00cc 6F2D636F 		.ascii	"o-common' '-flto' '-fsingle-precision-constant'\000"
 533      6D6D6F6E 
 533      2720272D 
 533      666C746F 
 533      2720272D 
 534              		.text
 535              		.comm	__gnu_lto_v1,1,1
 536              		.comm	__gnu_lto_slim,1,1
 537              		.ident	"GCC: (GNU Tools for ARM Embedded Processors) 4.9.3 20150529 (release) [ARM/embedded-4_9-br
ARM GAS  /var/folders/_f/jzb7lsz153bclt069nvlpp5r0000gn/T//ccNq31UM.s 			page 43


DEFINED SYMBOLS
                            *ABS*:0000000000000000 event.c
                            *COM*:0000000000000001 __gnu_lto_v1
                            *COM*:0000000000000001 __gnu_lto_slim

NO UNDEFINED SYMBOLS
