ARM GAS  /var/folders/_f/jzb7lsz153bclt069nvlpp5r0000gn/T//ccTX6C88.s 			page 1


   1              		.syntax unified
   2              		.cpu cortex-m4
   3              		.eabi_attribute 27, 1
   4              		.eabi_attribute 28, 1
   5              		.fpu fpv4-sp-d16
   6              		.eabi_attribute 20, 1
   7              		.eabi_attribute 21, 1
   8              		.eabi_attribute 23, 3
   9              		.eabi_attribute 24, 1
  10              		.eabi_attribute 25, 1
  11              		.eabi_attribute 26, 1
  12              		.eabi_attribute 30, 2
  13              		.eabi_attribute 34, 1
  14              		.eabi_attribute 18, 4
  15              		.thumb
  16              		.file	"hal_flash.c"
  17              		.text
  18              	.Ltext0:
  19              		.section	.gnu.lto_.profile.c6c2f71894ff38e1,"",%progbits
  20 0000 789C6366 		.ascii	"x\234cf```a\200\000F\206\032+\000\001\246\000\277"
  20      60606061 
  20      80004686 
  20      1A2B0001 
  20      A600BF
  21              		.text
  22              		.section	.gnu.lto_.jmpfuncs.c6c2f71894ff38e1,"",%progbits
  23 0000 789C75CC 		.ascii	"x\234u\314\261\011\200@\020D\321\371\273\211\335\032"
  23      B1098040 
  23      1044D1F9 
  23      BB89DD1A 
  24 0010 1A1D7B1D 		.ascii	"\032\035{\035\230\211\035h\011\026b#\206\"\007\236b"
  24      98891D68 
  24      09166223 
  24      8622079E 
  24      62
  25 0021 60A0930C 		.ascii	"`\240\223\014\014\217q}\247}\332\005\004\222yw\017!"
  25      0C8F717D 
  25      A77DDA05 
  25      04927977 
  25      0F21
  26 0033 61E011D8 		.ascii	"a\340\021\330f\014\375\272x:\362\230\233\335T\254\012"
  26      660CFDBA 
  26      783AF298 
  26      9BDD54AC 
  26      0A
  27 0044 2692A89C 		.ascii	"&\222\250\234\013\373\037\246X\275e~c\235T\\\031\301"
  27      0BFB1FA6 
  27      58BD657E 
  27      639D545C 
  27      19C1
  28              		.text
  29              		.section	.gnu.lto_.inline.c6c2f71894ff38e1,"",%progbits
  30 0000 789C6366 		.ascii	"x\234cf\300\016fAif\006\026\341>fF\006&\376\223\327"
  30      C00E6641 
  30      69660616 
  30      E13E6646 
  30      0626FE93 
ARM GAS  /var/folders/_f/jzb7lsz153bclt069nvlpp5r0000gn/T//ccTX6C88.s 			page 2


  31 0015 3919D8DB 		.ascii	"9\031\330\333\313\230@\242L\334\214\014\214\023\374"
  31      CB9840A2 
  31      4CDC8C0C 
  31      8C13FC
  32 0024 D8848012 		.ascii	"\330\204\200\022-\354\014\214\014\342\212\214L@\212"
  32      2DEC0C8C 
  32      0CE28A8C 
  32      4C408A
  33 0033 99819191 		.ascii	"\231\201\221\221\201\201U\354L\017#\003\333\002y\240"
  33      818155EC 
  33      4C0F2303 
  33      DB0279A0 
  34 0043 D00B7616 		.ascii	"\320\013v\026\010\311\3004\217\207\003\242\227\001\250"
  34      08C9C034 
  34      8F8703A2 
  34      9701A8
  35 0052 92559001 		.ascii	"\222U\220\001d\0023\203\030\212N\2219\235D\352d\000"
  35      64023383 
  35      188A4E91 
  35      399D44EA 
  35      6400
  36 0064 00CFD911 		.ascii	"\000\317\331\021\245"
  36      A5
  37              		.text
  38              		.section	.gnu.lto_.pureconst.c6c2f71894ff38e1,"",%progbits
  39 0000 789C6366 		.ascii	"x\234cf```g\200\000f\006KFIfI\000\002U\000}"
  39      60606067 
  39      80006606 
  39      4B464966 
  39      49000255 
  40              		.text
  41              		.section	.gnu.lto_flashWaitErase.c6c2f71894ff38e1,"",%progbits
  42 0000 789C8553 		.ascii	"x\234\205SMLTW\024>\347\276\237y\303\3148SW\204n\232"
  42      4D4C5457 
  42      143EE7BE 
  42      9F79C3CC 
  42      38535784 
  43 0016 10AB4619 		.ascii	"\020\253F\031\032\211.\2720&\356m\232nM\014\005\014"
  43      1A892EBA 
  43      3026EE6D 
  43      9A6E4D0C 
  43      050C
  44 0028 24F8C718 		.ascii	"$\370\307\030\023\027\330\3070X\233\030ch4ME[5\266*"
  44      1317D8C7 
  44      30589B18 
  44      6368344D 
  44      455B35B6 
  45 003d 2D38A028 		.ascii	"-8\240(*:`\374\215\255!(\202Q\241\011TX\324\212\030"
  45      2A3A60FC 
  45      8DAD2128 
  45      8251A109 
  45      5458D48A 
  46 0052 71AA32FD 		.ascii	"q\2522\375\316}\317F\254\306\227\231s\357\271\367;\337"
  46      CE7DCF46 
  46      ACC69799 
  46      73EFB9F7 
  46      3BDF
ARM GAS  /var/folders/_f/jzb7lsz153bclt069nvlpp5r0000gn/T//ccTX6C88.s 			page 3


  47 0064 F9BD06FD 		.ascii	"\371\275\006\375\377[\201\3777&\321\026\254\034 V;\177"
  47      FF5B81FF 
  47      3726D116 
  47      AC1C2056 
  47      3B7F
  48 0076 27AA7314 		.ascii	"'\252s\024\033\262aC\231\251\000\271y\326\366\313Dn"
  48      1BB26143 
  48      99A900B9 
  48      79D6F6CB 
  48      446E
  49 0088 D8649663 		.ascii	"\330d\226c\262\330\366p\266\207\353v\230\276R\206i\331"
  49      B2D8F670 
  49      B687EB76 
  49      98BE5286 
  49      69D9
  50 009a 8CC5631E 		.ascii	"\214\305c\036W\023\212\257wN\367\361\334C\256\233|\324"
  50      57138AAF 
  50      774EF7F1 
  50      DC43AE9B 
  50      7CD4
  51 00ac F6F7E550 		.ascii	"\366\367\345PC~V\021M*\342\205\005<\277@|\376\314s\201"
  51      437E5611 
  51      4D2AE285 
  51      053CBF40 
  51      7CFECC73 
  52 00c1 1BBAF6C7 		.ascii	"\033\272\366\307\256\250\261\230\011\373\316\226'\277"
  52      AEA8B198 
  52      09FBCE96 
  52      27BF
  53 00cf 85C65456 		.ascii	"\205\306TV\361G\242\236n\274\362\235-\2522E=\224<\337"
  53      F147A29E 
  53      6EBCF29D 
  53      2DAA3245 
  53      3D943CDF 
  54 00e3 189D7310 		.ascii	"\030\235s\020\214\231\3016w\231\231U\006\037fC8\217"
  54      8C99C136 
  54      77999955 
  54      061F6643 
  54      388F
  55 00f5 70011FE5 		.ascii	"p\001\037\345\002\302\021q3\317\021\370D\352\345\355"
  55      02C21171 
  55      33CF11F8 
  55      44EAE5ED 
  56 0105 909D725D 		.ascii	"\220\235r]7&~\341\360\027\266\231H\202{8\221\356\017"
  56      37267EE1 
  56      F017B699 
  56      48827B38 
  56      91EE0F
  57 0118 1B9F6AA7 		.ascii	"\033\237j\247\035\017\236\216\032\205\373A;<\335\277"
  57      1D0F9E8E 
  57      1A85FB41 
  57      3B3CDDBF 
  58 0128 3253F7A3 		.ascii	"2S\367\243;\235\3131\242\345_=\362W\001\313\307-\\\010"
  58      3B9DCB31 
  58      A2E55F3D 
  58      F25701CB 
  58      C72D5C08 
ARM GAS  /var/folders/_f/jzb7lsz153bclt069nvlpp5r0000gn/T//ccTX6C88.s 			page 4


  59 013c 9B17477B 		.ascii	"\233\027G{\353\003\306Rm\177\355L\337>\005\373Lr8w\266"
  59      EB03C652 
  59      6D7FED4C 
  59      DF3E05FB 
  59      4C723877 
  60 0151 3C937A65 		.ascii	"<\223zeor\353\314\340|\206c\\\330:;\343\346r\223]C\003"
  60      6F72EBCC 
  60      E07C8663 
  60      5CD83A3B 
  60      E3E67293 
  61 0168 1F7F30DB 		.ascii	"\037\1770\333`\211\330D\354\226\005a\007\264\023\007"
  61      6089D844 
  61      EC960561 
  61      07B41307 
  62 0178 DB4010C2 		.ascii	"\333@\020\302\311\023\021\022\021\026\021\221\213\230"
  62      C9131112 
  62      11161191 
  62      8B98
  63 0186 C6108D20 		.ascii	"\306\020\215 /tiD),\306(\262GO\370\016';\322\027\323"
  63      2F746944 
  63      292CC628 
  63      B2474FF8 
  63      0E273BD2 
  64 019c C6CC2288 		.ascii	"\306\314\"\210\2058\327u@\034i\266\247\224)\035\030"
  64      8538D775 
  64      401C69B6 
  64      A794291D 
  64      18
  65 01ad B9D1EB48 		.ascii	"\271\321\353H\231\321>\250'\236\375\360Wd/\357A\012"
  65      99D13EA8 
  65      279EFDF0 
  65      57642FEF 
  65      410A
  66 01bf C12994B8 		.ascii	"\301)\224\270MB\307y\323\223o\007\243E\013\020&\267"
  66      4D42C779 
  66      D3936F07 
  66      A3450B10 
  66      26B7
  67 01d1 F35E7EAC 		.ascii	"\363^~\254t6\307\271\210\304\037{|\326\353|\326\233"
  67      7436C7B9 
  67      88C41F7B 
  67      7CD6EB7C 
  67      D69B
  68 01e3 7C7970C8 		.ascii	"|yp\310'|\276\207=;\376\211\0265\273\261\254\012q\207"
  68      277CBE87 
  68      3D3BFE89 
  68      1635BBB1 
  68      AC0A7187 
  69 01f7 6664613C 		.ascii	"fda<\011\306\273\334\340\226x\214\001\220\022\342\200"
  69      09C6BBDC 
  69      E096788C 
  69      019012E2 
  69      80
  70 0208 45EF91FD 		.ascii	"E\357\221\375\343\301\332\347H&\363aV\205%\031\301\020"
  70      E3C1DAE7 
  70      4826F361 
  70      56852519 
ARM GAS  /var/folders/_f/jzb7lsz153bclt069nvlpp5r0000gn/T//ccTX6C88.s 			page 5


  70      C110
  71 021a 9FE2DAAC 		.ascii	"\237\342\332\254\212P?'=+I\025\226t\213S\203\365\255"
  71      8A503F27 
  71      3D2B4915 
  71      96748B53 
  71      83F5AD
  72 022d DBF37D26 		.ascii	"\333\363}&\241\370\376\247\372\250\304FL\334\3517e\024"
  72      A1F8FEA7 
  72      FAA8C446 
  72      4CDCE937 
  72      6514
  73 023f F385F221 		.ascii	"\363\205\362!\215\306\364\245\015\0368&\366w\270g@'"
  73      8DC6F4A5 
  73      0D1E3826 
  73      F677B867 
  73      4027
  74 0251 26AE60ED 		.ascii	"&\256`\355v\017N\331K\216\273\333\244\275\304\247y\011"
  74      760F4ED9 
  74      4B8EBBDB 
  74      A4BDC4A7 
  74      7909
  75 0263 DD673FF3 		.ascii	"\335g?\363\230&\262\010\317\305c\272\376\271w\341\350"
  75      9826B208 
  75      CFC563BA 
  75      FEB977E1 
  75      E8
  76 0274 A2E3E87E 		.ascii	"\242\343\350~\300;@U\035\350\365\273mOGU\202 \037\277"
  76      C03B4055 
  76      1DE8F5BB 
  76      6D4F4755 
  76      82201FBF 
  77 0288 78A33D28 		.ascii	"x\243=(\2419;W\020\237Al\3004\372\230\020`\300\034n"
  77      A1393B57 
  77      109F416C 
  77      C034FA98 
  77      1060C01C 
  78 029d 3B704569 		.ascii	";pEi\314\003\214\311Y\017\323\344c\302\200\001\323="
  78      CC038CC9 
  78      590FD3E4 
  78      63C28001 
  78      D33D
  79 02af 74AF6B96 		.ascii	"t\257k\226\306\214\001\323\2451\311\001\337w\0040\324"
  79      C68C01D3 
  79      A531C901 
  79      DF770430 
  79      D4
  80 02c0 4989066C 		.ascii	"I\211\006ls\347\326|c\271\036\343\253_\357ip\274g\360"
  80      73E7D67C 
  80      63B91EE3 
  80      AB5FEF69 
  80      70BC67F0 
  81 02d4 FCDC6B63 		.ascii	"\374\334kc<\213\317\275u\214\317K\211#\350Tj\270}\353"
  81      3C8BCFBD 
  81      758CCF4B 
  81      8923E854 
  81      6AB87DEB 
  82 02e8 CD267BC6 		.ascii	"\315&{\306\260\0157\3749O\020z\312&\025\277\371\036"
ARM GAS  /var/folders/_f/jzb7lsz153bclt069nvlpp5r0000gn/T//ccTX6C88.s 			page 6


  82      B00D37FC 
  82      394F107A 
  82      CA2615BF 
  82      F91E
  83 02fa 39A347B0 		.ascii	"9\243G\260\033\0227\373\372v\264(\364u\233\353dUtR)"
  83      1B1237FB 
  83      FA76B428 
  83      F4759BEB 
  83      64557452 
  84 030f 7DCD3D5C 		.ascii	"}\315=\\\213\306G\262~im\277\264=\003\326\273[r\001"
  84      8BC647B2 
  84      7E696DBF 
  84      B43D03D6 
  84      BB5B7201 
  85 0323 2D9167C1 		.ascii	"-\221g\301h(\006tQ<^\374\337oye\325\227U\237}\261j\321"
  85      68280674 
  85      513C5EFC 
  85      DF6F7965 
  85      D597559F 
  86 033b 27F19278 		.ascii	"'\361\222xI\361\272Dqeiuq\242\246L\326U\253\253K\023"
  86      49F1BA44 
  86      71656975 
  86      71A2A64C 
  86      D655ABAB 
  87 0351 95F13232 		.ascii	"\225\36122\313+6\2557*jj\3145\211\2122\253\274\242\272"
  87      CB2B36AD 
  87      372A6A6A 
  87      CC35898A 
  87      32ABBCA2 
  88 0366 74F3E2F7 		.ascii	"t\363\342\367\323\254K@\324l,Z[\345\355\343\225\364"
  88      D3AC4B40 
  88      D46C2C5A 
  88      5BE5EDE3 
  88      95F4
  89 0378 2F97FAB2 		.ascii	"/\227\372\262W"
  89      57
  90              		.text
  91              		.section	.gnu.lto_flashGetSectorOffset.c6c2f71894ff38e1,"",%progbits
  92 0000 789C8D53 		.ascii	"x\234\215S[lTU\024=\353\234{\357\274;3\025\253\351\217"
  92      5B6C5455 
  92      143DEB9C 
  92      7BEFBC3B 
  92      3315ABE9 
  93 0015 264DC307 		.ascii	"&M\303\007\351\014B\010\321\204D\342\017~\231hb\342"
  93      E90C4208 
  93      D18444E2 
  93      0F7E9968 
  93      62E2
  94 0027 8F044B9B 		.ascii	"\217\004K\2336!i\323!\376\230\206\323v\"~\030Z*4CJ\205"
  94      362169D3 
  94      21FE9886 
  94      D376227E 
  94      185A2A34 
  95 003e 86548BC0 		.ascii	"\206T\213\300T\301BA\204\241\2504D \306\322Z\250\202"
  95      54C14241 
  95      84A1A834 
  95      4420C6D2 
ARM GAS  /var/folders/_f/jzb7lsz153bclt069nvlpp5r0000gn/T//ccTX6C88.s 			page 7


  95      5AA882
  96 0051 C99447A2 		.ascii	"\311\224G\242B\235&\365\212\244\356}\356\000c\211\011"
  96      429D26F5 
  96      8AA4EE7D 
  96      EE006389 
  96      09
  97 0062 373373CF 		.ascii	"73s\317\331{\257\265\327~\214\022\217?o\322\367m[\210"
  97      D97BAFB5 
  97      D77E8C12 
  97      8F3F6FD2 
  97      F76D5B88 
  98 0076 D7E90DBF 		.ascii	"\327\351\015\277\200\354\272(D\233_J5^!t\320:\271Z\350"
  98      80ECBA28 
  98      449B5F4A 
  98      355E2174 
  98      D03AB95A 
  99 008b B082E599 		.ascii	"\260\202\345\231-i\367\255!\263S\210\221\331\206\317"
  99      2D69F7AD 
  99      21B35388 
  99      91D986CF 
 100 009b 333B0F0E 		.ascii	"3;\017\016>\200\017\002b\213T\226\355\370\260\005\267"
 100      3E800F02 
 100      628B5496 
 100      EDF8B005 
 100      B7
 101 00ac E5ACC4F1 		.ascii	"\345\254\304\361\354\334\205\320-\351J\361\274\240\353"
 101      ECDC85D0 
 101      2DE94AF1 
 101      BCA0EB
 102 00bb 89EEB18C 		.ascii	"\211\356\261\214\303WX|\235\234\310L\006\226\016h\335"
 102      C357587C 
 102      9D9CC84C 
 102      06960E68 
 102      DD
 103 00cc 7E777478 		.ascii	"~wtx/v\355\330K.)\012R\340STb\020\225\314\271\037K)"
 103      2F76EDD8 
 103      4B2E290A 
 103      52E05354 
 103      621095CC 
 104 00e4 F6DAF95F 		.ascii	"\366\332\371_wF\325*0n\240\375tw\264z\037\341r\267\016"
 104      7746D52A 
 104      306EA0FD 
 104      7477B47A 
 104      1FE172B7 
 105 00f9 EB972D57 		.ascii	"\353\227-W*|\006U\212#\223\300\001TS\364|\346\316=["
 105      2A7C0655 
 105      8A2393C0 
 105      015453F4 
 105      7CE6CE3D 
 106 010e BD649037 		.ascii	"\275d\2207\363\247\256\302 \257\037\352\270\032\326"
 106      F3A7AEC2 
 106      20AF1FEA 
 106      B81AD6
 107 011d EB5C69E1 		.ascii	"\353\\i\341\340b\250%p\010\325\034\177\360\346\221+"
 107      E062A825 
 107      7008D51C 
 107      7FF0E691 
ARM GAS  /var/folders/_f/jzb7lsz153bclt069nvlpp5r0000gn/T//ccTX6C88.s 			page 8


 107      2B
 108 012e 4AAD35D8 		.ascii	"J\2555\330\177\266~2\210\252~\306f\317\236\017\3531"
 108      7FB67E32 
 108      88AA7EC6 
 108      66CF9E0F 
 108      EB31
 109 0140 9DBEBEB0 		.ascii	"\235\276\276\260\360\034)F\366\277\014\336\303\005f"
 109      F01C2946 
 109      F6BF0CDE 
 109      C30566
 110 014f B716FC6A 		.ascii	"\267\026\374j\235\201_\034\370p*\340\301\207\366]*\201"
 110      9D815F1C 
 110      F8702AE0 
 110      C187F65D 
 110      2A81
 111 0161 DBF8FC7F 		.ascii	"\333\370\374\177\340\263\351\373\223!'\255\265\216a"
 111      E0B3E9FB 
 111      932127AD 
 111      B58E61
 112 0170 0855F802 		.ascii	"\010U\370\002U\367\245\340\376P[\016\303\201\020\252"
 112      55F7A5E0 
 112      FE505B0E 
 112      C38110AA 
 113 0180 C431549E 		.ascii	"\3041T\236\323\013\013\205\2113\235\311\335\262\034"
 113      D30B0B85 
 113      89339DC9 
 113      DDB21C
 114 018f 825D16B8 		.ascii	"\202]\026\270\0136\025\3458\364\343\243QSp\200\216\376"
 114      0B3615E5 
 114      38F4E3A3 
 114      51537080 
 114      8EFE
 115 01a1 20B8CA30 		.ascii	" \270\3120\035\003\021\276\227\361)jP1\276\307\315Q"
 115      1D0311BE 
 115      97F1296A 
 115      5031BEC7 
 115      CD51
 116 01b3 883CA5E3 		.ascii	"\210<\245\343\351\316\320h\350\255\256\240\375\350\354"
 116      E9CED068 
 116      E8ADAEA0 
 116      FDE8EC
 117 01c2 647F8815 		.ascii	"d\177\210\025\314K\233g\223\277\364\203\237\307\252"
 117      CC4B9B67 
 117      93BFF483 
 117      9FC7AA
 118 01d1 8CECE1BF 		.ascii	"\214\354\341\277\366\374\036\351C/\\\031\234\247\376"
 118      F6FC1EE9 
 118      432F5C19 
 118      9CA7FE
 119 01e0 1EE19AC8 		.ascii	"\036\341\232\310\276{\356\243\251h\3152\222\202/\321"
 119      BE7BEEA3 
 119      A968CD32 
 119      92822FD1 
 120 01f0 873FB90C 		.ascii	"\207?\271\014\201a\324\010\246\204\307\347\224\3629"
 120      8161D408 
 120      A684C7E7 
 120      94F239
ARM GAS  /var/folders/_f/jzb7lsz153bclt069nvlpp5r0000gn/T//ccTX6C88.s 			page 9


 121 01ff 8BF94294 		.ascii	"\213\371B\224\020G\213|\177\214n\373;Zs@\307\\\031\306"
 121      10478B7C 
 121      7F8C6EFB 
 121      3B5A7340 
 121      C75C19C6 
 122 0213 31C30866 		.ascii	"1\303\010f\034!\306i\244\365{\036\243\237H\005\351p"
 122      1C21C669 
 122      A4F57B1E 
 122      A39F4805 
 122      E970
 123 0225 65444C40 		.ascii	"eDL@\232\306Q\017\310a\362\316N\277\340\305\005J3\333"
 123      9AC6510F 
 123      C861F2CE 
 123      4EBFE0C5 
 123      054A33DB 
 124 0239 8B339751 		.ascii	"\2133\227Q<\216?\2369\212\023&\263\231\311W\224\371"
 124      3C8E3F9E 
 124      398A1326 
 124      B399C957 
 124      94F9
 125 024b 32D21754 		.ascii	"2\322\027T\221q^\006\315,g\2503\343\025j\032\026;\230"
 125      91715E06 
 125      CD2C67A8 
 125      33E3156A 
 125      1A163B98 
 126 025f E1E31FB7 		.ascii	"\341\343\037\267ee\353=\375\201\366\2732V`\3418\211"
 126      6565EB3D 
 126      FD81F6BB 
 126      325660E1 
 126      3889
 127 0271 5676F574 		.ascii	"Vv\365t\216\217(re\330\025\347\201\213Reqs\335\337\271"
 127      8E8F2872 
 127      65D815E7 
 127      818B5265 
 127      7173DDDF 
 128 0286 6384F2F6 		.ascii	"c\204\362\366\266uqT9\276F+N\025\325\355\311\017fBD"
 128      B6757154 
 128      39BE462B 
 128      4E15D5ED 
 128      C90F6642 
 129 029b F02C05E3 		.ascii	"\360,\005\3434E\231\244\310\241\325\225O\0315\326\243"
 129      344599A4 
 129      C8A1D595 
 129      4F1935D6 
 129      A3
 130 02ac 41FEBCDD 		.ascii	"A\376\274\335\366\304\206\237\254\336%8c\352U\\\357"
 130      F6C4869F 
 130      ACDE2538 
 130      63EA555C 
 130      EF
 131 02bd A857EF54 		.ascii	"\250W\357TG\345#\216\207B\227P\300\331\342:\317PC\373"
 131      47E5238E 
 131      87429750 
 131      C0D9E23A 
 131      CF5043FB 
 132 02d1 D650C68E 		.ascii	"\326P\306\216\236\367o\364v\027g\035\241\376\020\342"
 132      9EF76FF4 
ARM GAS  /var/folders/_f/jzb7lsz153bclt069nvlpp5r0000gn/T//ccTX6C88.s 			page 10


 132      7617671D 
 132      A1FE10E2 
 133 02e1 A7FEDF7A 		.ascii	"\247\376\337z\"\214\260h;\277!\004\205e\034/\204d\204"
 133      228CB068 
 133      3BBF2104 
 133      85651C2F 
 133      846484
 134 02f4 29D04CAA 		.ascii	")\320L\252\277\314\263EK\224\266i\235{\325\225OS\244"
 134      BFCCB345 
 134      4B94B669 
 134      9D7BD595 
 134      4F53A4
 135 0307 97AC446D 		.ascii	"\227\254Dm\227\316\275\345\312\012|k\004[,\370;\022"
 135      97CEBDE5 
 135      CA0A7C6B 
 135      045B2CF8 
 135      3B12
 136 0319 3C8176FD 		.ascii	"<\201v\375\242\331\202!\336\202\250\221\347\210B\314"
 136      A2D98221 
 136      DE82A891 
 136      E78842CC 
 137 0329 6BC8B5ED 		.ascii	"k\310\265\355\305}\210=YC\236\3019\303o3\377\230Yf*"
 137      C57D883D 
 137      59439EC1 
 137      39C36F33 
 137      FF985966 
 138 033e 325F2C31 		.ascii	"2_,1N<\274\005\017\026\317\244\214\233\224>3\004R\023"
 138      4E3CBC05 
 138      0F16CFA4 
 138      8C9B943E 
 138      33045213 
 139 0352 139E19E2 		.ascii	"\023\236\031\342\027\264\345v\236+Bi%n\000$\320\376"
 139      17B4E576 
 139      9E2B4269 
 139      256E0024 
 139      D0FE
 140 0364 FE583381 		.ascii	"\376X3\201\234\271\325\364_\004\243h'V$\022\311\207"
 140      9CB9D5F4 
 140      5F04A368 
 140      27562412 
 140      C987
 141 0376 9F571A1A 		.ascii	"\237W\032\032\337i|\355\215\365+\226'V&V&\233R\311\206"
 141      DF697CED 
 141      8DF52B96 
 141      27562656 
 141      269B52C9 
 142 038b 0D9B92A9 		.ascii	"\015\233\222\251\226Z~\257\257\337\264!\325\220\250"
 142      965A7EAF 
 142      AFDFB421 
 142      D590A8
 143 039a 15D6C6BA 		.ascii	"\025\326\306\272w\233\235T]\355\346\246\026\247\251"
 143      779B9D54 
 143      5DEDE6A6 
 143      16A7A9
 144 03a9 BE3E55B7 		.ascii	"\276>U\2679\270\261.U\333\322\330L\226\177\001y\004"
 144      39B8B12E 
 144      55DBD2D8 
ARM GAS  /var/folders/_f/jzb7lsz153bclt069nvlpp5r0000gn/T//ccTX6C88.s 			page 11


 144      4C967F01 
 144      7904
 145 03bb F192     		.ascii	"\361\222"
 146              		.text
 147              		.section	.gnu.lto_flashGetSectorSize.c6c2f71894ff38e1,"",%progbits
 148 0000 789C8D53 		.ascii	"x\234\215S]lTE\024\236o\346\336\273\377\334-bc\372\242"
 148      5D6C5445 
 148      149E6FE6 
 148      DEBBFFDC 
 148      2D6263FA 
 149 0015 49D3F060 		.ascii	"I\323\360`\272E\032bbB\220\230\240o\230\230\370J\260"
 149      BA451A62 
 149      62429098 
 149      A06F9898 
 149      F84AB0
 150 0028 D46C1312 		.ascii	"\324l\023\022H\227\370 \251\314\266\033\365\001\241"
 150      4897F820 
 150      A9CCB61B 
 150      F501A1
 151 0037 20364BB0 		.ascii	" 6K\260\324\2064\202`kA\260\374/Ei5\341OkK\245\001L"
 151      D4863482 
 151      606B41B0 
 151      FC2F4569 
 151      35E14F6B 
 152 004f B68A0916 		.ascii	"\266\212\011\026q\253\353\025H=g\356\012k\033\0227\273"
 152      71ABEB15 
 152      483D67EE 
 152      0A6B1B12 
 152      37BB
 153 0061 7B67E69C 		.ascii	"{g\346\234\357\347\2343W\211\271\237W\351\367\242-\304"
 153      EFE79C33 
 153      5789B99F 
 153      57E9F7A2 
 153      2DC4
 154 0073 CBF44450 		.ascii	"\313\364DP@\266_\020\"\035\224R\215T\012\035\266N<+"
 154      40B65F10 
 154      221D9452 
 154      8D540A1D 
 154      B64E3C2B 
 155 0087 7454C1F2 		.ascii	"tT\301\362\217-iw.\245c\247\020\247c\033\001\377\330"
 155      8F2D6977 
 155      2EA563A7 
 155      10A7631B 
 155      01FFD8
 156 009a F9771100 		.ascii	"\371w\021\000x! 6Ie\331N\000\233\360\213\274#q\264w"
 156      78212036 
 156      4965D94E 
 156      009BF08B 
 156      BC2371B4 
 157 00af FA7CE4A6 		.ascii	"\372|\344\246\364\244xJ\320\366\330\366\341\254\303"
 157      F4A4784A 
 157      D0F6D8F6 
 157      E1ACC3
 158 00be 5B58BC1D 		.ascii	"[X\274\035\033\315\216\205\026\366h\335\372\333\267"
 158      1BCD8E85 
 158      16F668DD 
 158      FADBB7
ARM GAS  /var/folders/_f/jzb7lsz153bclt069nvlpp5r0000gn/T//ccTX6C88.s 			page 12


 159 00cd C7933B77 		.ascii	"\307\223;w|D\021)\012R\340cTa/\252\230r\037\026R\352"
 159      7C441129 
 159      0A52E063 
 159      54612FAA 
 159      98721F16 
 160 00e3 F56F7EFC 		.ascii	"\365o~\374\300UK\300\260\236\326\323\333\335\232=\004"
 160      C0554BC0 
 160      B09ED6D3 
 160      DBDD9A3D 
 160      04
 161 00f4 CB5D39A8 		.ascii	"\313]9\250\237\267<\251\360\011T9\216\216\004\366\243"
 161      9FB73CA9 
 161      F0095439 
 161      8E8E04F6 
 161      A3
 162 0105 86B28BD9 		.ascii	"\206\262\213\331\333wm\365\234A\376\234?u\025\006y\343"
 162      DB776DF5 
 162      9C41FE9C 
 162      3F751506 
 162      79E3
 163 0117 5ADB5854 		.ascii	"Z\333XT\277\344I\013\007fC-\201OQ\303\371\227\276N_"
 163      BFE4490B 
 163      0766432D 
 163      814F51C3 
 163      F997BE4E 
 164 012c 75D57283 		.ascii	"u\325r\203\315\017\036\230\012Ww3\366z\333PT\017\353"
 164      CD0F1E98 
 164      0A577733 
 164      F67ADB50 
 164      540FEB
 165 013f CC8D9999 		.ascii	"\314\215\231\231'\3111z\377\313\340\177\270\276\336"
 165      27C9317A 
 165      FFCBE07F 
 165      B8BEDE
 166 014e 770A41B5 		.ascii	"w\012A\265\302\300/\364l\036\017\371\360\233{.\226\301"
 166      C2C02FF4 
 166      6C1E0FF9 
 166      F09B7B2E 
 166      96C1
 167 0160 6D7CF608 		.ascii	"m|\366\010\370\235\314\375\261\210\223\321Z\307\321"
 167      F89DCCFD 
 167      B18893D1 
 167      5AC7D1
 168 016f 876AF4A3 		.ascii	"\207j\364\243\372\276\024\334\037j\313A8\020B\225\005"
 168      FABE14DC 
 168      1F6ACB41 
 168      38104295 
 168      05
 169 0180 FAE6E7F4 		.ascii	"\372\346\347\364\314\314\241\333g\336\253\357\222\025"
 169      CCCCA1DB 
 169      67DEABEF 
 169      9215
 170 018e 101CB2C0 		.ascii	"\020\034\262\300]\260\251(\307\241\277\000M\232\222"
 170      5DB0A928 
 170      C7A1BF00 
 170      4D9A92
 171 019d 43B40C86 		.ascii	"C\264\014\206\301UFi\031\212\361~\036\257\\\203\212"
ARM GAS  /var/folders/_f/jzb7lsz153bclt069nvlpp5r0000gn/T//ccTX6C88.s 			page 13


 171      C1554669 
 171      198AF17E 
 171      1EAF5C83 
 171      8A
 172 01ae 9B7F21F2 		.ascii	"\233\177!\362\244\304s\235\244\251\320S\375\200\326"
 172      A4C4739D 
 172      A4A9D053 
 172      FD80D6
 173 01bd 23FDD3DD 		.ascii	"#\375\323\335\021\026/J\233\307\222\277x9\310\003U\306"
 173      11162F4A 
 173      9BC792BF 
 173      7839C803 
 173      55C6
 174 01cf F1E1BFBA 		.ascii	"\361\341\277\272~\215ub\027<\031.Rk\017q9t\376\341\364"
 174      7E8D7562 
 174      173C192E 
 174      526B0F71 
 174      3974FEE1 
 175 01e4 FBE36EED 		.ascii	"\373\343n\355\323\344\002\237\243\023\277s\005\002\207"
 175      D3E4029F 
 175      A313BF73 
 175      050287
 176 01f3 512B9812 		.ascii	"Q+\230\022>\237S\316\347\314\346\213\220 \216\224\370"
 176      3E9F53CE 
 176      E7CCE68B 
 176      90208E94 
 176      F8
 177 0204 A606B7FC 		.ascii	"\246\006\267\374\355\326\356\327qOF\361\205a\0043\016"
 177      EDD6EED7 
 177      714F46F1 
 177      85610433 
 177      0E
 178 0215 10E30432 		.ascii	"\020\343\0042z\243\317\030$RA><\031\023\243\220\246"
 178      7AA3CF18 
 178      2452413E 
 178      3C1913A3 
 178      90A6
 179 0227 67543E05 		.ascii	"gT>\005\214n\377\037\317\370y\241re{\266\362<\312\307"
 179      8C6EFF1F 
 179      CFF879A1 
 179      72657BB6 
 179      F23CCAC7 
 180 023b D1B9CA2E 		.ascii	"\321\271\312.\216\031e3\216\343\244\374=2\347U\211\261"
 180      8E196533 
 180      8EE3A4FC 
 180      3D32E755 
 180      89B1
 181 024d 28C3668C 		.ascii	"(\303f\214\223\324\231\221J5\001\213\003\314\260\373"
 181      93D49991 
 181      4A35018B 
 181      03CCB0FB 
 182 025d BB2DBDB2 		.ascii	"\273-\275\262\345\256~W\007=\031/\260q\234@\013\207"
 182      E5AE7E57 
 182      073D192F 
 182      B0719C40 
 182      0B87
 183 026f 3AB68E0C 		.ascii	":\266\216\014(\012e9T\301\263\026\345\316*\314v\337"
ARM GAS  /var/folders/_f/jzb7lsz153bclt069nvlpp5r0000gn/T//ccTX6C88.s 			page 14


 183      280A6539 
 183      54C1B316 
 183      E5CE2ACC 
 183      76DF
 184 0281 D61D03A4 		.ascii	"\326\035\003\244\273+\335\316Y\363q\022-8Ur\327\225"
 184      BB2BDDCE 
 184      59F37112 
 184      2D385572 
 184      D795
 185 0293 DF9B8D10 		.ascii	"\337\233\215\020\301\023\224\214\323\224eD\221C\213"
 185      C113948C 
 185      D3946544 
 185      91438B
 186 02a2 271F336E 		.ascii	"'\0373n\254\207\203\374s\233\355\233\215\376\277z\027"
 186      AC8783FC 
 186      739BED9B 
 186      8DFEBF7A 
 186      17
 187 02b3 E08CA957 		.ascii	"\340\214\251Wq\275\203~\275\343mU\0179\036\030]@\011"
 187      71BD837E 
 187      BDE36D55 
 187      0F391E18 
 187      5D4009
 188 02c6 674B3779 		.ascii	"gK7y\222\032\332\271\224\024\333:\336\236\332\375\226"
 188      921ADAB9 
 188      9414DB3A 
 188      DE9EDAFD 
 188      96
 189 02d7 9F1DA3F6 		.ascii	"\237\035\243\366\020\340J\367\255\216\030\003,\272\227"
 189      10E04AF7 
 189      AD8E1803 
 189      2CBA97
 190 02e6 5F1280B2 		.ascii	"_\022\200\262\262\216\237B.\242\224h\006\325\035\363"
 190      B28E9F42 
 190      2EA29468 
 190      06D51DF3 
 191 02f6 CFDC32A3 		.ascii	"\317\3342\243i\255s\313<\3718e\372Zef\333un\245'+\361"
 191      69AD73CB 
 191      3CF93865 
 191      FA5A6566 
 191      DB756EA5 
 192 030d 95F16BB1 		.ascii	"\225\361k\261\337s\344w\024\255z\211\271\004}|\011\\"
 192      DF73E477 
 192      14AD7A89 
 192      B9047D7C 
 192      095C
 193 031f E3CE1185 		.ascii	"\343\316\021\205\270\351\307\266{\245{\030\237\245\222"
 193      B8E9C7B6 
 193      7BA57B18 
 193      9FA592
 194 032e 78744B2A 		.ascii	"xtK*1d$l\226\030\236+\0217\022\001\323s\012\371\357"
 194      3164246C 
 194      96189E2B 
 194      11371201 
 194      D3730AF9 
 195 0343 5591467E 		.ascii	"U\221F~\015\351\\q\250$H7\340'\200\014\331\023'\223"
 195      0DE95C71 
ARM GAS  /var/folders/_f/jzb7lsz153bclt069nvlpp5r0000gn/T//ccTX6C88.s 			page 15


 195      A8244837 
 195      E027800C 
 195      D9132793 
 196 0357 047232CB 		.ascii	"\004r2\313\350\325\003\243\350\012,N$\352\036|_H6\275"
 196      E8D503A3 
 196      E80A2C4E 
 196      24EA1E7C 
 196      5F4836BD 
 197 036b D6B4F295 		.ascii	"\326\264\362\225U\213\027%\352\023\365u\353Ru\311\325"
 197      558B1725 
 197      EA13F575 
 197      EB5275C9 
 197      D5
 198 037c 6BEB52CD 		.ascii	"k\353R\315\015\374\\\365\372\332\325\251d\242AXk\032"
 198      0DFC5CF5 
 198      FADAD5A9 
 198      64A24158 
 198      6B1A
 199 038e DF58EFA4 		.ascii	"\337X\357\244\032\0336\254k\266RMo6\206\3274\246\032"
 199      1A1B36AC 
 199      6BB6524D 
 199      6F3686D7 
 199      34A61A
 200 03a1 9A9BD6D3 		.ascii	"\232\233\326\323\376\037gg\352\315"
 200      FE1F6767 
 200      EACD
 201              		.text
 202              		.section	.gnu.lto_.symbol_nodes.c6c2f71894ff38e1,"",%progbits
 203 0000 789C5589 		.ascii	"x\234U\211\273\015\302@\020\005g\337\336!WB\346\032"
 203      BB0DC240 
 203      100567DF 
 203      DE215742 
 203      E61A
 204 0012 D7010510 		.ascii	"\327\001\005\020\020[N\351\001\032 \240\006$\333|\022"
 204      105B4EE9 
 204      011A20A0 
 204      0624DB7C 
 204      12
 205 0023 22C7E6A3 		.ascii	"\"\307\346\243#0/x\322\3148\260\3437\365\012\330\236"
 205      23302F78 
 205      D2CC38B0 
 205      E337F50A 
 205      D89E
 206 0035 2182B6AB 		.ascii	"!\202\266\253\320\240\260\245\310w\321)\\\243B\177\341"
 206      D0A0B0A5 
 206      C877D129 
 206      5CA3427F 
 206      E1
 207 0046 21FB06BB 		.ascii	"!\373\006\273~\256\004\232\246\302n\212\264`'\2639\275"
 207      7EAE049A 
 207      A6C26E8A 
 207      B46027B3 
 207      39BD
 208 0058 8E39C174 		.ascii	"\2169\301tx\326\270\255\030\366\353dL\227\331p/\350"
 208      78D6B8AD 
 208      18F6EB64 
 208      4C97D970 
ARM GAS  /var/folders/_f/jzb7lsz153bclt069nvlpp5r0000gn/T//ccTX6C88.s 			page 16


 208      2FE8
 209 006a 057903A2 		.ascii	"\005y\003\242}+\224"
 209      7D2B94
 210              		.text
 211              		.section	.gnu.lto_.refs.c6c2f71894ff38e1,"",%progbits
 212 0000 789C6366 		.ascii	"x\234cf``\340f\200\000FF&&vFf&\026v\006\000\001\314"
 212      6060E066 
 212      80004646 
 212      26267646 
 212      66261676 
 213 0018 002D     		.ascii	"\000-"
 214              		.text
 215              		.section	.gnu.lto_.decls.c6c2f71894ff38e1,"",%progbits
 216 0000 789CAD59 		.ascii	"x\234\255Y\015PTG\266\236\276=\0143\327\001\262\260"
 216      0D505447 
 216      B69EBE3D 
 216      0C33D701 
 216      B2B0
 217 0012 71B394AF 		.ascii	"q\263\224\257\374\311>*/\033\3055\311\326\246\266j\023"
 217      FCC93E2A 
 217      2F1BC535 
 217      C9D6A6B6 
 217      6A13
 218 0024 93F8B715 		.ascii	"\223\370\267\025\177V\315\246R\273[\363\306q\024j\021"
 218      7F56CDA6 
 218      52BB5BF3 
 218      C671146A 
 218      11
 219 0035 7D3343EA 		.ascii	"}3C\352\271o\253\366\"\202\210(?\376\000\342\317  \242"
 219      B96FABF6 
 219      22828828 
 219      3FFE00E2 
 219      CF2020A2 
 220 0049 124050F9 		.ascii	"\022@P\371W$\312 \376\240\250\240\210\214 \212\177\010"
 220      5724CA20 
 220      FEA0A8A0 
 220      888C208A 
 220      7F08
 221 005b 8A8202F2 		.ascii	"\212\202\002\362Nw\317\334\271\027g4\251\367\2468u\273"
 221      4E77CFDC 
 221      B9176734 
 221      A9F7A638 
 221      75BB
 222 006d 4F9F3EE7 		.ascii	"O\237>\347;\247\317\351\276\267\301\012\205B\311)\024"
 222      3BA7CFE9 
 222      BEB7C10A 
 222      8542C929 
 222      14
 223 007e 23F05B32 		.ascii	"#\360[2N\241\370\253\027\364\201\267\000\010\330\212"
 223      4EA1F8AB 
 223      17F481B7 
 223      0008D88A 
 224 008e C340150A 		.ascii	"\303@\025\012\366\203!\305\337\221B\261\012(\002\350"
 224      F68321C5 
 224      DF9142B1 
 224      0A2802E8 
 225 009e 9F409188 		.ascii	"\237@\221\210\311E\3033\026)d?\"\3733x6\003\371\002"
ARM GAS  /var/folders/_f/jzb7lsz153bclt069nvlpp5r0000gn/T//ccTX6C88.s 			page 17


 225      C945C333 
 225      1629643F 
 225      22FB3378 
 225      3603F902 
 226 00b2 69819603 		.ascii	"i\201\226\003\257\033\236s\341\371)\320DhO\0022B\373"
 226      AF1B9E73 
 226      E1F929D0 
 226      44684F02 
 226      3242FB
 227 00c5 2BA0F540 		.ascii	"+\240\365@\277\007\372\003\320\177\003\305\001\375\303"
 227      BF07FA03 
 227      D07F03C5 
 227      01FDC3
 228 00d4 61C300CF 		.ascii	"a\303\000\317\231@\330\241;\336\201a\364\217\340{Gb"
 228      9940D8A1 
 228      3BDE8161 
 228      F48FE07B 
 228      4762
 229 00e6 73C061F7 		.ascii	"s\300a\367\011<\377\0151\333\023\034\2661r\331\336\010"
 229      093CFF0D 
 229      31DB131C 
 229      B63172D9 
 229      DE08
 230 00f8 341E681C 		.ascii	"4\036h\034\320&\240\004\304\374/\006\372\027\264\023"
 230      D026A004 
 230      C4FC2F06 
 230      FA17B413 
 231 0108 090EA024 		.ascii	"\011\016\240$\240d \225\003\323\227@c\201\336\006\032"
 231      A0642095 
 231      03D39740 
 231      6381DE06 
 231      1A
 232 0119 065E8003 		.ascii	"\006^\200\003\357*G|\220#>\322\037\211\337/$\030\273"
 232      EF2A477C 
 232      90233ED2 
 232      1F89DF2F 
 232      2418BB
 233 012c FF0F18C9 		.ascii	"\377\017\030\311\372\224\217\302\350\011\337\240\004"
 233      FA948FC2 
 233      E809DFA0 
 233      04
 234 0139 5F8404DF 		.ascii	"_\204\004\337\350\265\353\345\220\355\300\316\377\304"
 234      E8B5EBE5 
 234      90EDC0CE 
 234      FFC4
 235 0147 A0AB9753 		.ascii	"\240\253\227Sv\354(8\342\207\202\002\003\371,A\020b"
 235      76EC2838 
 235      E2878202 
 235      03F92C41 
 235      1062
 236 0159 85CFD001 		.ascii	"\205\317\320\001\304\243\034\204%3R\201?\360)\031\200"
 236      C4A31C84 
 236      25335281 
 236      3FF02919 
 236      80
 237 016a A69A3E63 		.ascii	"\246\232>c\005a\215\320\223,\340w\024\350\203@\364\037"
 237      05618DD0 
ARM GAS  /var/folders/_f/jzb7lsz153bclt069nvlpp5r0000gn/T//ccTX6C88.s 			page 18


 237      932CE077 
 237      14E88340 
 237      F41F
 238 017c 810AB40F 		.ascii	"\201\012\264\017\005\321!\005\332\217\002Q.\012$\226"
 238      05D12105 
 238      DA8F0251 
 238      2E0A2496 
 239 018c DA37F7AE 		.ascii	"\3327\367\256\367\342\035\322\261o\222\316\252OLC]\034"
 239      F7E21DD2 
 239      B16F92CE 
 239      AA4F4C43 
 239      5D1C
 240 019e F2E5F711 		.ascii	"\362\345\367\021p\350X\332\243\335Z\350k\371\267I\267"
 240      70E858DA 
 240      A3DD5AE8 
 240      6BF9B749 
 240      B7
 241 01af F4FBBEB3 		.ascii	"\364\373\276\263c\350\360\004\322-K\266\245\252\350"
 241      63E8F004 
 241      D22D4BB6 
 241      A5AAE8
 242 01be A89274B7 		.ascii	"\250\222t\267\326\227\264\362\264\373s\322\275\321\237"
 242      D697B4F2 
 242      B4FB73D2 
 242      BDD19F
 243 01cd 94A22696 		.ascii	"\224\242&\226\005!1J\320\330|a\000\345\203\255\002\260"
 243      0521314A 
 243      D0D87C61 
 243      00E583AD 
 243      02B0
 244 01df A54087A8 		.ascii	"\245@\207\250\355\367\002Q!3\235\\q\342\274\237\177"
 244      EDF70251 
 244      21339D5C 
 244      71E2BC9F 
 244      7F
 245 01f0 22151784 		.ascii	"\"\025\027\204\011\210\206!\017\304\277\247\342E\310"
 245      09888621 
 245      0FC4BFA7 
 245      E245C8
 246 01ff DF398948 		.ascii	"\3379\211H\327\327t\036SJ\245\017\276N\372YSl\231R\033"
 246      D7D7741E 
 246      534AA50F 
 246      BE4EFA59 
 246      536C9952 
 247 0214 4782E080 		.ascii	"G\202\340\200R\214\374%X\016#\222'\364\011\322\345\366"
 247      528CFC25 
 247      580E2392 
 247      27F409D2 
 247      E5F6
 248 0226 C705DED4 		.ascii	"\307\005\336\324\313T\032\204\264\372\224\263\276\324"
 248      CB541A84 
 248      B4FA94B3 
 248      BED4
 249 0234 AF00D28D 		.ascii	"\257\000\322\215}\230\2260\206v\375I\267v\347\355p\317"
 249      7D989630 
 249      8676FD49 
 249      B776E7ED 
ARM GAS  /var/folders/_f/jzb7lsz153bclt069nvlpp5r0000gn/T//ccTX6C88.s 			page 19


 249      70CF
 250 0246 5E963ABD 		.ascii	"^\226:\275,a^F\347\237n\343F{y\004\304\217R\3612\212"
 250      2C615E46 
 250      E79F6EE3 
 250      467B7904 
 250      C48F52F1 
 251 025c BBD489BB 		.ascii	"\273\324\211\273\263\277c\330{\264\227\036\245_&\305"
 251      B3BF63D8 
 251      7BB4971E 
 251      A55F26C5 
 252 026c F4AA645E 		.ascii	"\364\252d^\226\313\274\254pxYA\275\334r\354\350\015"
 252      96CBBCAC 
 252      70785941 
 252      BDDC72EC 
 252      E80D
 253 027e 1E7B530F 		.ascii	"\036{S\0173So^\342?\330O\363\357x\027\347\312\323\341"
 253      33536F5E 
 253      E23FD84F 
 253      F3EF7817 
 253      E7CAD3E1 
 254 0292 8CC4541E 		.ascii	"\214\304T\036\217\243B\365\327O\026\370\341_\323\366"
 254      8FA342F5 
 254      D74F16F8 
 254      E15FD3F6 
 255 02a2 A37527A3 		.ascii	"\243u'\243\374\360\037h{{Sg\037\206x\374\221\347H\267"
 255      FCF01F68 
 255      7B7B5367 
 255      1F8678FC 
 255      91E748B7 
 256 02b6 7857E53F 		.ascii	"xW\345?\361|:\262\2767{\017\207\015H\232+\177d\271\322"
 256      F17C3AB2 
 256      BE377B0F 
 256      870D489A 
 256      2B7F64B9 
 257 02cb 9419B5D7 		.ascii	"\224\031\265\327\033G\320\241\007\215\351eZ:\344E\323"
 257      1B47D0A1 
 257      078DE965 
 257      5A3AE445 
 257      D3
 258 02dc A8BF703B 		.ascii	"\250\277p;\207c\021\035K\216.)\361\245c*\322\315\336"
 258      8763111D 
 258      4B8E2E29 
 258      F1A5632A 
 258      D2CDDE
 259 02ef 97B55689 		.ascii	"\227\265V\211w\263\261\376L\373}D\307\274)\246\276\241"
 259      77B3B1FE 
 259      4CFB7D44 
 259      C7BC29A6 
 259      BEA1
 260 0301 480CFB2D 		.ascii	"H\014\373-:\2150\252'\036\003\363d\377\375B\015a\332"
 260      3A8D30AA 
 260      271E03F3 
 260      64FFFD42 
 260      0D61DA
 261 0314 805907A1 		.ascii	"\200Y\007\2418\203\250\375\243{\233s|\010\377\024\360"
 261      3883A8FD 
 261      A37B9B73 
ARM GAS  /var/folders/_f/jzb7lsz153bclt069nvlpp5r0000gn/T//ccTX6C88.s 			page 20


 261      7C08FF14 
 261      F0
 262 0325 6B817F96 		.ascii	"k\201\177\226\361\273{\266$)\011\377\007\340\237\004"
 262      F1BB7BB6 
 262      242909FF 
 262      07E09F04 
 263 0335 FE39C63F 		.ascii	"\3769\306?q\241c\203\232\360k\200\377\357\201\350<c"
 263      71A16383 
 263      9AF06B80 
 263      FFEF81E8 
 263      3C63
 264 0347 0F3DCC89 		.ascii	"\017=\314\211\243\352\253\201}\002\304\033\030?3\267"
 264      A3EAAB81 
 264      7D02C41B 
 264      183F33B7 
 265 0357 2A8623FC 		.ascii	"*\206#\374\343\300\377U \272\300\330)\035\307\017\363"
 265      E3C0FF55 
 265      20BAC0D8 
 265      291DC70F 
 265      F3
 266 0368 847D0CD8 		.ascii	"\204}\014\330\357\006\242\213\214\035\271\267<\236$"
 266      EF06A28B 
 266      8C1DB9B7 
 266      3C9E24
 267 0377 DC589E62 		.ascii	"\334X\236b\336T\277\275\032\323\356\010\361\223{\332"
 267      DE54BFBD 
 267      1AD3EE08 
 267      F1937BDA 
 268 0387 FC3C9147 		.ascii	"\374<\221G\352\240\030Z\304k\"q\252\257\263\212\025"
 268      EAA0185A 
 268      C46B2271 
 268      AAAFB38A 
 268      15
 269 0398 E80A52A3 		.ascii	"\350\012R\243*\364\001j\202rnDJt\011@\\\006\347\311"
 269      2AF4016A 
 269      82726E44 
 269      4A740940 
 269      5C06E7C9 
 270 03ac 66D2F3BC 		.ascii	"f\322\363\274\363\361\252H\330Q@HA\244\244{\020\267"
 270      F3F1AA48 
 270      D8514048 
 270      41A4A47B 
 270      10B7
 271 03be E779ADDD 		.ascii	"\347y\255\335\203Zt\025\264\275N\263\375\272A\215\232"
 271      835A7415 
 271      B4BD4EB3 
 271      FDBA418D 
 271      9A
 272 03cf 41A0121C 		.ascii	"A\240\022\034a\212\251\021g\336\034\312\314>\242\241"
 272      618AA911 
 272      67DE1CCA 
 272      CC3EA2A1 
 273 03df 25F419DD 		.ascii	"%\364\031\335V\266n;\350EKFM\272\347\342[/\372\340\036"
 273      56B66E3B 
 273      E8454B46 
 273      4DBAE7E2 
 273      5B2FFAE0 
ARM GAS  /var/folders/_f/jzb7lsz153bclt069nvlpp5r0000gn/T//ccTX6C88.s 			page 21


 274 03f4 B68AE567 		.ascii	"\266\212\345gr\3639**p\322=F\313\366\030!\355\3060\302"
 274      72F3392A 
 274      2A70D23D 
 274      46CBF618 
 274      21EDC630 
 275 0409 2F986CC5 		.ascii	"/\230l\305\336B/\274\216\356\233b\320f\263\240\265\245"
 275      DE422FBC 
 275      8EEE9B62 
 275      D066B3A0 
 275      B5A5
 276 041b 3FCFD2D0 		.ascii	"?\317\322\320.9n\375\210\203\347\017\024\335\324\">"
 276      2E396EFD 
 276      8883E70F 
 276      14DDD422 
 276      3E
 277 042c 28D65511 		.ascii	"(\326U\021\012\261\034\320-pk6O\301\243\233\300lw\006"
 277      0AB11CD0 
 277      2D706B36 
 277      4FC1A39B 
 277      C06C7706 
 278 0440 6DD7FAFB 		.ascii	"m\327\372\373\253\327@\320:\240\326\354.\367\210\035"
 278      ABD740D0 
 278      3AA0D6EC 
 278      2EF7881D 
 279 0450 87779B3A 		.ascii	"\207w\233:\354\203<~\300p\224\017\034\311\361\245\370"
 279      EC833C7E 
 279      C070940F 
 279      1CC9F1A5 
 279      F8
 280 0461 EDB47FA8 		.ascii	"\355\264\177\250\242\353\251\037\305?\216\356\240U\003"
 280      A2EBA91F 
 280      C53F8EEE 
 280      A05503
 281 0470 A7783CC4 		.ascii	"\247x<\304d\343c\355u<\216\3062\007&\312\035\230\350"
 281      64E363ED 
 281      753C8EC6 
 281      320726CA 
 281      1D98E8
 282 0483 72C0765B 		.ascii	"r\300v[\310\364EA\364`\350\331\227\327>;\012`=\004X"
 282      C8F44541 
 282      F460E8D9 
 282      97D73E3B 
 282      0A603D04 
 283 0498 775DB026 		.ascii	"w]\260&:`\271w\362\00189\321\341\344=`\336\247\273\020"
 283      3A60B977 
 283      F2013839 
 283      D1E1E43D 
 283      60DEA7BB 
 284 04ad 7772A86A 		.ascii	"wr\250j\255\227\307\310<r3\211B\350JH\036+\010J\324"
 284      AD97C7C8 
 284      3C723389 
 284      42E84A48 
 284      1E2B084A 
 285 04c2 0D10BA5C 		.ascii	"\015\020\272\\\020\036\"Wh:\366\247tr\370\244\222z\230"
 285      101E2257 
 285      683AF6A7 
 285      7472F8A4 
ARM GAS  /var/folders/_f/jzb7lsz153bclt069nvlpp5r0000gn/T//ccTX6C88.s 			page 22


 285      927A98
 286 04d5 9B9D5AAB 		.ascii	"\233\235Z\253\302\015\254\263\256\346\364m\037|\215"
 286      C20DACB3 
 286      AEE6F46D 
 286      1F7C8D
 287 04e4 76B8D486 		.ascii	"v\270\324\206\373\277\365h\277\317\223\375\347'\007"
 287      FBBFF568 
 287      BFCF93FD 
 287      E72707
 288 04f3 17909579 		.ascii	"\027\220\225y\002\366\037\273\354wK\354\257\215\351"
 288      02F61FBB 
 288      EC774BEC 
 288      AF8DE9
 289 0502 EA52E3BB 		.ascii	"\352R\343\273\314\344\246\216\227\321^\270\237\231\254"
 289      CCE4A68E 
 289      97D15EB8 
 289      9F99AC
 290 0511 7B7C71BF 		.ascii	"{|q\2773\230\326\273\030\241\001\320\362\314\215\026"
 290      3398D6BB 
 290      18A101D0 
 290      F2CC8D16 
 291 0521 F7A0FADD 		.ascii	"\367\240\372\335F\022\035\274St\015\343\030/j\257\241"
 291      46121DBC 
 291      53740DE3 
 291      182F6AAF 
 291      A1
 292 0532 2EB2C50F 		.ascii	".\262\305\017o\244\035e\315\236\027\203J4)`R\220\025"
 292      6FA41D65 
 292      CD9E1783 
 292      4A342960 
 292      529015
 293 0545 14DA3764 		.ascii	"\024\3327d\237\323\012\266\2514v/\300\352\020\012p)"
 293      9FD30AB6 
 293      A934762F 
 293      C0EA100A 
 293      7029
 294 0557 7F8F5472 		.ascii	"\177\217Tr>\331\262\024It\263\267\012\237Y\024\350\032"
 294      3ED9B214 
 294      4974B3B7 
 294      0A9F5914 
 294      E81A
 295 0569 8CB7D0AD 		.ascii	"\214\267\320\255\233H\223Z|\011(\206\321$4\210&Q\254"
 295      9B48935A 
 295      7C092886 
 295      D1243488 
 295      2651AC
 296 057c 44B57524 		.ascii	"D\265u$S\005\212\211;\317\335*~\237\350\245U;\230\251"
 296      53058A89 
 296      3BCFDD2A 
 296      7E9FE8A5 
 296      553B98A9 
 297 0590 12109178 		.ascii	"\022\020\221xe7@\211\017\357[\021N\246\330\271\313\017"
 297      65374089 
 297      0FEF5B11 
 297      4EA6D8B9 
 297      CB0F
 298 05a2 12FB7814 		.ascii	"\022\373x\024\020\344\016\014\212\344\202<\342\241V"
ARM GAS  /var/folders/_f/jzb7lsz153bclt069nvlpp5r0000gn/T//ccTX6C88.s 			page 23


 298      10E40E0C 
 298      8AE4823C 
 298      E2A156
 299 05b1 E28D6A24 		.ascii	"\342\215j$p\001h\304\025\\b\322i\351x\233m\213*\300"
 299      700168C4 
 299      155C62D2 
 299      69E9789B 
 299      6D8B2AC0 
 300 05c5 A1DAEA49 		.ascii	"\241\332\352I\265B\246\027\246\035\270r{\023\222\235"
 300      B542A617 
 300      A61DB872 
 300      7B13929D 
 301 05d5 6E6BB800 		.ascii	"nk\270\000\311\351\026\305i\035\222\245\371%\215*|\220"
 301      C9E916C5 
 301      691D92A5 
 301      F9258D2A 
 301      7C90
 302 05e7 ADC9B67D 		.ascii	"\255\311\266}e\011\032\\\314:\365\355\003O\330\353\314"
 302      65091A5C 
 302      CC3AF5ED 
 302      034FD8EB 
 302      CC
 303 05f8 5B743BBE 		.ascii	"[t;\276\320|T\211\253\331X\\K\356\031o\\\307\002\220"
 303      D07C5489 
 303      ABD9585C 
 303      4BEE196F 
 303      5CC70290 
 304 060c DCD1978D 		.ascii	"\334\321\227\215\234\011*\177\313\212\003\214c\035\211"
 304      9C092A7F 
 304      CB8A038C 
 304      631D89
 305 061b 20DB6CF7 		.ascii	" \333l\367\345%\214#\325\261\236\343Q,'\272>VLN\316"
 305      E5258C23 
 305      D5B19EE3 
 305      512C27BA 
 305      3E564C4E 
 306 0630 DE94FD27 		.ascii	"\336\224\375'\367J\343=)\355J\250\177\233(\335\000J"
 306      F74AE33D 
 306      29ED4AA8 
 306      7F9B28DD 
 306      004A
 307 0642 D7B99482 		.ascii	"\327\271\224\202\0151\236-\327\343\267\310\003C\204"
 307      0D319E2D 
 307      D7E3B7C8 
 307      034384
 308 0651 5D81D928 		.ascii	"]\201\331(\006&\361\376\325\004-nd\376\246\365\2379"
 308      0626F1FE 
 308      D5042D6E 
 308      64FEA6F5 
 308      9F39
 309 0663 C5F6A977 		.ascii	"\305\366\251w\240\253i{v\254\305\033Mb\277\000\232\263"
 309      A0AB697B 
 309      76ACC51B 
 309      4D62BF00 
 309      9AB3
 310 0675 506F457F 		.ascii	"PoE\177\332\034%d\275Ct\240M`>E\022r\024\303\271\322"
 310      DA1C2564 
ARM GAS  /var/folders/_f/jzb7lsz153bclt069nvlpp5r0000gn/T//ccTX6C88.s 			page 24


 310      BD4374A0 
 310      4D603E45 
 310      127214C3 
 311 068b 96E6F8B5 		.ascii	"\226\346\370\265Q9.\223N\340\304\\\244Y\2733[\345\020"
 311      51392E93 
 311      4EE0C45C 
 311      A459BB33 
 311      5BE510
 312 069e ED192DFA 		.ascii	"\355\031-\372\236\\\262N\224\214v\017\301%\232+\212"
 312      9E5CB24E 
 312      948C760F 
 312      C1259A2B 
 312      8A
 313 06af F6BA552A 		.ascii	"\366\272U*\001[\036\335H\301B\336\240\265\243\365\262"
 313      015B1EDD 
 313      48C142DE 
 313      A0B5A3F5 
 313      B2
 314 06c0 AA9348E7 		.ascii	"\252\223H\3479\\#[\317\323\321\252\231\364\373\256\362"
 314      395C235B 
 314      CFD3D1AA 
 314      99F4FBAE 
 314      F2
 315 06d1 1568C5DC 		.ascii	"\025h\305\334\206\361;t\210H\223rI\205eN\346&\241-@"
 315      86F13B74 
 315      88489372 
 315      4985654E 
 315      E626A12D 
 316 06e6 DB80B602 		.ascii	"\333\200\266\002m\006J\004J\342$%\224\226M\012\025\246"
 316      6D064A04 
 316      4AE22425 
 316      94964D0A 
 316      15A6
 317 06f8 BD5AA857 		.ascii	"\275Z\250WcbF|p\013\313\323\370\356\312:,\026\252\334"
 317      6362467C 
 317      700BCBD3 
 317      F8EECA3A 
 317      2C16AADC 
 318 070c 2C4A076B 		.ascii	",J\007k?\331r\013\024\357v\230\224\346J6\002\303i\275"
 318      3FD9720B 
 318      14EF7698 
 318      94E64A36 
 318      02C369BD 
 319 0720 2FE9748B 		.ascii	"/\351t\213\237\243x\005\253's\2127\332\"\273s\245\355"
 319      9FA37805 
 319      AB27738A 
 319      37DA22BB 
 319      73A5ED
 320 0733 EFB2B4DD 		.ascii	"\357\262\264\335!\253\347\235b\332\2368_\262\015\221"
 320      21ABE79D 
 320      62DA9E38 
 320      5FB20D91 
 321 0743 0F69345F 		.ascii	"\017i4_\213\376B\337\230v\3664\265\242_lu\274u\277\245"
 321      8BFE42DF 
 321      9876F634 
 321      B5A25F6C 
 321      75BC75BF 
ARM GAS  /var/folders/_f/jzb7lsz153bclt069nvlpp5r0000gn/T//ccTX6C88.s 			page 25


 322 0758 24D292B9 		.ascii	"$\322\222\271\2739\370\376C\2738\245CAk\317e\037\231"
 322      BB39F8FE 
 322      43BB38A5 
 322      43416BCF 
 322      651F99
 323 076b 29109088 		.ascii	")\020\220\210[ES\335\0176]\347q7\253\220\262g\266}^"
 323      5B4553DD 
 323      0F365DE7 
 323      7137AB90 
 323      B267B67D 
 324 0780 D42E497F 		.ascii	"\324.I\177f\370\207\307O/\252)\217\274\036\354\341\330"
 324      66F887C7 
 324      4F2FAA29 
 324      8FBC1EEC 
 324      E1D8
 325 0792 CB64D386 		.ascii	"\313d\323\206._\312$\233p&c\336\272QU\245t\242\316b"
 325      2E5FCA24 
 325      9B702663 
 325      DEBA5155 
 325      A574A2CE 
 326 07a7 BC4B976A 		.ascii	"\274K\227js\225R\330\344\025\312\205c/\205\235\355\204"
 326      739552D8 
 326      E415CA85 
 326      632F859D 
 326      ED84
 327 07b9 5D3C1057 		.ascii	"]<\020W\256\221\301\336+\203\235#\302\216\317\332q\177"
 327      AE91C1DE 
 327      2B839D23 
 327      C28ECFDA 
 327      717F
 328 07cb 0C1E66B0 		.ascii	"\014\036f\260\023"
 328      13
 329 07d0 1A6DA56E 		.ascii	"\032m\245n\277\370\334m2\344\310>\234\231\353+3\223"
 329      BFF8DC6D 
 329      32E4C83E 
 329      9C99EB2B 
 329      3393
 330 07e2 2BDB3FF6 		.ascii	"+\333?\366\213fj\033\313RT\324\245\375b@\356\245o\031"
 330      8B666A1B 
 330      CB5254D4 
 330      A5FD6240 
 330      EEA56F19 
 331 07f6 E4C4801C 		.ascii	"\344\304\200\034`~\226\334;\035\255\026\003r\2201\363"
 331      607E96DC 
 331      3B1DAD16 
 331      03729031 
 331      F3
 332 0807 5E1EB689 		.ascii	"^\036\266\211\313\230\307x\361\353\266\265b\317\001"
 332      CB98C778 
 332      F1EBB6B5 
 332      62CF01
 333 0816 C9A701F9 		.ascii	"\311\247\001\371\336\031\220\313\375\233\223\345\237"
 333      DE1990CB 
 333      FD9B93E5 
 333      9F
 334 0823 71F9B280 		.ascii	"q\371\262\200\024\210H\353\272\257\324z\3435*\344!\177"
 334      148848EB 
ARM GAS  /var/folders/_f/jzb7lsz153bclt069nvlpp5r0000gn/T//ccTX6C88.s 			page 26


 334      BAAFD47A 
 334      E3352AE4 
 334      217F
 335 0835 EEAEB17E 		.ascii	"\356\256\261~\356\331l\0215{H\\\007a\3331\371wU\221"
 335      EED96C11 
 335      357B485C 
 335      0761DB31 
 335      F9775591 
 336 0849 CC6CB168 		.ascii	"\314l\261h\326z\247s*\216cV\217n\275W\316S\253d\317"
 336      D67AA773 
 336      2A8E6356 
 336      8F6EBD57 
 336      CE53AB64 
 337 085e 606653EC 		.ascii	"`fS\354\251\311\274\023\311\021\026\202\227g\256\265"
 337      A9C9BC13 
 337      C9111682 
 337      9767AEB5 
 338 086e 21CF584A 		.ascii	"!\317XJ(\226\243N,\215WO\274\360\223a)\221a)u\245\362"
 338      2896A34E 
 338      2C8D574F 
 338      BCF09361 
 338      29916129 
 339 0885 A6FA762F 		.ascii	"\246\372v/\274\235\201y\324\026s\300K6\215\354\221\256"
 339      BC9D8179 
 339      D41673C0 
 339      4B368DEC 
 339      91AE
 340 0897 69E5E2B4 		.ascii	"i\345\342\264\254\363Ov\261\\.\027\3278\376BM\264\030"
 340      ACF34F76 
 340      B15C2E17 
 340      D738FE42 
 340      4DB418
 341 08aa C00A06FB 		.ascii	"\300\012\006\373Z|\272\225\367\014\273\212\302\256t"
 341      5A7CBA95 
 341      F70CBB8A 
 341      C2AE74
 342 08b9 C2EE6D1C 		.ascii	"\302\356m\034\252\327\312\354W\311`\037\023\355\337"
 342      AAD7CAEC 
 342      57C9601F 
 342      13EDDF
 343 08c8 7A7CBB55 		.ascii	"z|\273U\213\363\030\354\341\206\0231>\270\224v\370\364"
 343      8BF318EC 
 343      E1861331 
 343      3EB89476 
 343      F8F4
 344 08da C4EF8B7D 		.ascii	"\304\357\213}\331\011\025\000\024\304N\221\034\262\341"
 344      D9091500 
 344      14C44E91 
 344      1CB2E1
 345 08e9 83D7A80C 		.ascii	"\203\327\250\0146\254\332\327\035OB\232`\345TT\266z"
 345      36ACDAD7 
 345      1D4F429A 
 345      60E55454 
 345      B67A
 346 08fb B46C827B 		.ascii	"\264l\202{Y\330\030P\306h\331\367\334\212\222\354\357"
 346      59D81850 
 346      C668D9F7 
ARM GAS  /var/folders/_f/jzb7lsz153bclt069nvlpp5r0000gn/T//ccTX6C88.s 			page 27


 346      DC8A92EC 
 346      EF
 347 090c 44EE44DF 		.ascii	"D\356D\337\037%\011\276\242\343\356\001\274r\204\264"
 347      1F2509BE 
 347      A2E3EE01 
 347      BC7284B4 
 348 091c C2F80D32 		.ascii	"\302\370\0152\336\346PM\366\362z\250\343\223\260\227"
 348      DEE6504D 
 348      F6F27AA8 
 348      E393B097 
 349 092c FE00741A 		.ascii	"\376\000t\032\250\016\310\006t\002\350\024P\015\347"
 349      A80EC806 
 349      7402E814 
 349      500DE7
 350 093b 7A3974D8 		.ascii	"z9t\330\204\024E\207\335\007h4<(\"T8Zt\364y\350\220"
 350      84144587 
 350      DD076834 
 350      3C282254 
 350      385A74F4 
 351 0952 851D08ED 		.ascii	"\205\035\010\355s/\353z\351\334\261\216\234e\265\356"
 351      732FEB7A 
 351      E9DCB18E 
 351      9C65B5EE 
 352 0962 CEB23DF5 		.ascii	"\316\262=\365y-\276\262\323\304\235\303\212\037\345"
 352      792DBEB2 
 352      D3C49DC3 
 352      8A1FE5
 353 0971 2DF914CB 		.ascii	"-\371\024\313J\252\224\357\017gdG\312Y1\313\016dll\363"
 353      4AAA94EF 
 353      0F676447 
 353      CA5931CB 
 353      0E646C6C 
 354 0986 C1A75896 		.ascii	"\301\247X\226\355}x;\213\307\247Y\247wCo\261\027nf\235"
 354      ED7D783B 
 354      8BC7A759 
 354      A777436F 
 354      B1176E66 
 355 099b A1E8F887 		.ascii	"\241\350\370\207\034\356d\235\353\031\203\275j\334\303"
 355      1CEE649D 
 355      EB1983BD 
 355      6ADCC3
 356 09aa 3A2F1A22 		.ascii	":/\032\"\237\371\341!\326\311)\217\212\341\361:v\227"
 356      9FF9E121 
 356      D6C9298F 
 356      8AE1F13A 
 356      7697
 357 09bc 72B2A664 		.ascii	"r\262\246dP\203\223X\247\366Ju4\3311\321e\216^3P\343"
 357      50839358 
 357      A7F64A75 
 357      34D931D1 
 357      658E5E33 
 358 09d2 FBFA773C 		.ascii	"\373\372w<\246w\011\2278v\307p\205\225Teo\206\215\224"
 358      A6770997 
 358      3876C770 
 358      85955465 
 358      6F868D94 
 359 09e6 1E6AE4E8 		.ascii	"\036j\344\350\035C\023cg4\017%\320\253\212\213\034\273"
ARM GAS  /var/folders/_f/jzb7lsz153bclt069nvlpp5r0000gn/T//ccTX6C88.s 			page 28


 359      1D431363 
 359      67340F25 
 359      D0AB8A8B 
 359      1CBB
 360 09f8 636866FC 		.ascii	"chf\374\376\33556z\337q\201\243w\014W\031\373T\324\300"
 360      FEDD3536 
 360      7ADF7181 
 360      A3770C57 
 360      19FB54D4 
 361 0a0d 117A83D1 		.ascii	"\021z\203\321\300\321;\206k\224\315\025\036\331\363"
 361      C0D13B86 
 361      6B94CD15 
 361      1ED9F3
 362 0a1c 8DA73B84 		.ascii	"\215\247;\204\353\034\373\322o\205\304j\341F}\351\347"
 362      EB1CFBD2 
 362      6F85C46A 
 362      E1467DE9 
 362      E7
 363 0a2d D778C3F2 		.ascii	"\327x\303\362\201\310\2537\010\205\273\037\265\250="
 363      81C8AB37 
 363      0885BB1F 
 363      B5A83D
 364 0a3c DC20B481 		.ascii	"\334 \264\201\256\327\352\2552\250\321\015\0208\357"
 364      AED7EAAD 
 364      32A8D10D 
 364      1038EF
 365 0a4b 7AD12046 		.ascii	"z\321 F\234k\2716\353\331\260\022\357\244aT\036\032"
 365      9C6BB936 
 365      EBD9B012 
 365      EFA46154 
 365      1E1A
 366 0a5d CEBCCD8B 		.ascii	"\316\274\315\213\337RV\333\035\257\324\251t\262\035"
 366      DF5256DB 
 366      1DAFD4A9 
 366      74B21D
 367 0a6c 26B7C31A 		.ascii	"&\267\303\032;\214\276\361;\252\335QB\267\000Q\007$"
 367      3B8CBEF1 
 367      3BAADD51 
 367      42B70051 
 367      0724
 368 0a7e CF4D49A9 		.ascii	"\317MI\251\330\217\325\236\247\357x\220&\350\234C\261"
 368      D88FD59E 
 368      A7EF7890 
 368      26E89C43 
 368      B1
 369 0a8f A72FA9CA 		.ascii	"\247/\251\312\034\222\324\355n\222\232+|p\361\271\326"
 369      1C92D4ED 
 369      6E929A2B 
 369      7C70F1B9 
 369      D6
 370 0aa0 D3C7D36D 		.ascii	"\323\307\323m0\354\011\004U\\\267\\\215:A\340\272\353"
 370      30EC0904 
 370      555CB75C 
 370      8D3A41E0 
 370      BAEB
 371 0ab2 E3A95DF2 		.ascii	"\343\251]\362\376U\264\353\345=N\226\342\235\262\024"
 371      FE55B4EB 
ARM GAS  /var/folders/_f/jzb7lsz153bclt069nvlpp5r0000gn/T//ccTX6C88.s 			page 29


 371      E53D4E96 
 371      E29DB214 
 372 0ac2 BF23A678 		.ascii	"\277#\246x_q\371\006o\272i\337\0217\362\342\204\263"
 372      5F71F906 
 372      6FBA69DF 
 372      1137F2E2 
 372      84B3
 373 0ad4 49AF396E 		.ascii	"I\2579n\357\322M\273\313\271i\307F\346\245\3638\223"
 373      EFD24DBB 
 373      CBB969C7 
 373      46E6A5F3 
 373      3893
 374 0ae6 65F299F4 		.ascii	"e\362\231\364\346$n\302.\301Z\320s\257\362\301\377$"
 374      E6246EC2 
 374      2EC15AD0 
 374      73AFF2C1 
 374      FF24
 375 0af8 C1678160 		.ascii	"\301g\201`\037\031\031Og\241{\342\"*H\233\242E\367\271"
 375      1F19194F 
 375      67A17BE2 
 375      222A489B 
 375      A245F7B9 
 376 0b0c 091ECEC1 		.ascii	"\011\036\316\301\201+W\2525\"\266\007,q\243\216\017"
 376      812B57AA 
 376      3522B607 
 376      2C71A38E 
 376      0F
 377 0b1d 54CBC00D 		.ascii	"T\313\300\015\310\216\250n\012\356\241\023\\k\323v\233"
 377      C88EA86E 
 377      0AEEA113 
 377      5C6BD376 
 377      9B
 378 0b2e 1FEE64E0 		.ascii	"\037\356d\340r\016&\227j(8\373\301\250\323\260\210\302"
 378      720E2697 
 378      6A2838FB 
 378      C1A8D3B0 
 378      88C2
 379 0b40 F191914F 		.ascii	"\361\221\221O\351\034\364H\002\355\221\023Z\317\217"
 379      E91CF448 
 379      02ED9113 
 379      5ACF8F
 380 0b4f 84D6CBA0 		.ascii	"\204\326\313\240\035(\034\354\225\275\267\311O\317'"
 380      1D281CEC 
 380      95BDB7C9 
 380      4FCF27
 381 0b5e 14DA6327 		.ascii	"\024\332c'\264\254\202+\317y\374\202Ak\332rk\263\212"
 381      B4AC822B 
 381      CF79FC82 
 381      416BDA72 
 381      6BB38A
 382 0b71 416BAD39 		.ascii	"Ak\2559\345\202\006sP\237\004Z\237\023\332S\012\255"
 382      E5820673 
 382      509F045A 
 382      9F13DA53 
 382      0AAD
 383 0b83 F7C6F61C 		.ascii	"\367\306\366\034\025\336\250\246o\371y\371\235y\310"
 383      15DEA8A6 
ARM GAS  /var/folders/_f/jzb7lsz153bclt069nvlpp5r0000gn/T//ccTX6C88.s 			page 30


 383      6FF979F9 
 383      9D79C8
 384 0b92 790F547E 		.ascii	"y\017T~\341\226\337~AP\243\001xK{\306\375\350\373\013"
 384      E196DF7E 
 384      4150A301 
 384      784B7BC6 
 384      FDE8FB0B 
 385 0ba6 CEEDFD45 		.ascii	"\316\355\375EnrN\305\030\366\246\3069CP\221W\\\355#"
 385      6E724EC5 
 385      18F6A6C6 
 385      39435091 
 385      575CED23 
 386 0bba F576C158 		.ascii	"\365v\301X\211\263/\250\263\317\235\316>\352)\201\005"
 386      89B32FA8 
 386      B3CF9DCE 
 386      3EEA2981 
 386      05
 387 0bcb 3F4781A2 		.ascii	"?G\201\242[\361\375\015\010\234\265\013=\245\215\326"
 387      5BF1FD0D 
 387      089CB50B 
 387      3DA58DD6 
 388 0bdb 5FA51E12 		.ascii	"_\245\036\022N\254\025\206FF\020\"\323\320\240\304\337"
 388      4EAC1586 
 388      46461022 
 388      D3D0A0C4 
 388      DF
 389 0bec 41A7BF43 		.ascii	"A\247\277C\324\337\324\270\324X\371\013\302AY\210\207"
 389      D4DFD4B8 
 389      D458F90B 
 389      C2415988 
 389      87
 390 0bfd C5BC1E19 		.ascii	"\305\274\036\031N{\302^F\206\305\274\356\211?pO\343"
 390      4E7BC25E 
 390      4686C5BC 
 390      EE893F70 
 390      4FE3
 391 0c0f 11F10845 		.ascii	"\021\361\010E\374\322\2118\177\363\315\307j\234\240"
 391      FCD28938 
 391      7FF3CDC7 
 391      6A9CA0
 392 0c1e 619973B8 		.ascii	"a\231s\270\263\200!.(\275\\\340\233&d\254\021^\002`"
 392      B380212E 
 392      28BD5CE0 
 392      9B2664AC 
 392      115E0260 
 393 0c32 3A0B09D8 		.ascii	":\013\011\330\005\030\332\014p$&\200;\223\267\366`l"
 393      0518DA0C 
 393      70242680 
 393      3B93B7F6 
 393      606C
 394 0c44 635ADAF6 		.ascii	"cZ\332\366\\+\363\302\027X\347\324\205\344f\355\370"
 394      5C2BF3C2 
 394      1758E7D4 
 394      85E466ED 
 394      F8
 395 0c55 36CD4E58 		.ascii	"6\315NX\243bD\377G\260\276\266(Z\373n\206\320`\205\342"
 395      A36244FF 
ARM GAS  /var/folders/_f/jzb7lsz153bclt069nvlpp5r0000gn/T//ccTX6C88.s 			page 31


 395      47B0BEB6 
 395      285AFB6E 
 395      86D06085 
 396 0c6a B9E5B359 		.ascii	"\271\345\263YX\223\005\237\327#\237\216\247\377\207"
 396      5893059F 
 396      D7239F8E 
 396      A7FF87
 397 0c79 58035620 		.ascii	"X\003V !%\377\276\210\"\266\320Z\014\325\025\215\337"
 397      2125FFBE 
 397      8822B6D0 
 397      5A0CD515 
 397      8DDF
 398 0c8b 05053155 		.ascii	"\005\0051Uy\321J\374\224\031h\216_\237\346=>\212'\006"
 398      79D14AFC 
 398      9419688E 
 398      5F9FE63D 
 398      3E8A2706 
 399 0c9f CA99812B 		.ascii	"\312\231\201+}\351-~\324\200\365^\246\240\264\011kI"
 399      7DE92D7E 
 399      D480F55E 
 399      A6A0B409 
 399      6B49
 400 0cb1 6DD2FB7F 		.ascii	"m\322\373\177\242\035rJ\362o\203\030\252}\035\321\036"
 400      A21D724A 
 400      F26F8318 
 400      AA7D1DD1 
 400      1E
 401 0cc2 4BB5DB1B 		.ascii	"K\265\333\033O\015\213_\000\261\036\337\316\320zL\376"
 401      4F0D8B5F 
 401      00B11EDF 
 401      CED07A4C 
 401      FE
 402 0cd3 715016B9 		.ascii	"qP\026\271\347\251|\251^\310\244\3430\223\216\243\322"
 402      E7A97CA9 
 402      5EC8A4E3 
 402      30938EA3 
 402      D2
 403 0ce4 691DE903 		.ascii	"i\035\351\003j\234\302\263\263\261%c\343\030\210\366"
 403      6A9CC2B3 
 403      B3B12563 
 403      E31888F6 
 404 0cf4 F1829EF3 		.ascii	"\361\202\236\363W\007\226Vg\307\260z@\273\217\277E\265"
 404      57079656 
 404      67C7B07A 
 404      40BB8FBF 
 404      45B5
 405 0d06 6C90047C 		.ascii	"l\220\004|\2033\340\3614\340\027Kz\\\377\335\210\365"
 405      8333E0F1 
 405      34E0174B 
 405      7A5CFFDD 
 405      88F5
 406 0d18 F8118736 		.ascii	"\370\021\2076R\263//\227\264\252\370X\227\364\033\356"
 406      52B32F2F 
 406      97B4AAF8 
 406      5897F41B 
 406      EE
 407 0d29 17D126CC 		.ascii	"\027\321&\314\223]\316^X#\337^GdF\022\034\276%P#\027"
ARM GAS  /var/folders/_f/jzb7lsz153bclt069nvlpp5r0000gn/T//ccTX6C88.s 			page 32


 407      935DCE5E 
 407      5823DF5E 
 407      47644612 
 407      1CBE2550 
 408 0d3f F38A32B5 		.ascii	"\363\2122\2652Hn\257\244P\"\225\356N\254nWz\200\344"
 408      32486EAF 
 408      A4502295 
 408      EE4EAC6E 
 408      577A80E4 
 409 0d53 EE761125 		.ascii	"\356v\021%QH\351\326\206\024\255\207i\356njQ2\346\025"
 409      5148E9D6 
 409      8614AD87 
 409      69EE6E6A 
 409      5132E615 
 410 0d67 4A4388DE 		.ascii	"JC\210\336\344\263,Lo\016\321\031M\246\225&\235E5k\336"
 410      E4B32C4C 
 410      6F0ED119 
 410      4DA69526 
 410      9D45356B 
 411 0d7c D713BE50 		.ascii	"\327\023\276P\370\316\374j\372\242\331\272y\363u3\026"
 411      F8CEFC6A 
 411      FAA2D9BA 
 411      79F37533 
 411      16
 412 0d8d 2E9CBFD0 		.ascii	".\234\277\320\237u?\377z\321\267\300\230\276h\316\274"
 412      9F753FFF 
 412      7AD1B7C0 
 412      98BE68CE 
 412      BC
 413 0d9e 596F3116 		.ascii	"Yo1\026\035\326-\2341\375\313\000)c\301\302\371\263"
 413      1DD62D9C 
 413      31FDCB00 
 413      2963C1C2 
 413      F9B3
 414 0db0 164E9FFB 		.ascii	"\026N\237\3733)\217L\234\341/\345\374y\306\30293\277"
 414      33298F4C 
 414      9CE12FE5 
 414      FC79C6C2 
 414      3933BF
 415 0dc3 1D2B65CD 		.ascii	"\035+e\315\376F7s\372\234\257\276^8\343\227R\366\327"
 415      FE463773 
 415      FA9CAFBE 
 415      5E38E397 
 415      52F6D7
 416 0dd6 F3E6CC5D 		.ascii	"\363\346\314]\360\325\214\2713\346-\236\361\345o\247"
 416      F0D58CB9 
 416      33E62D9E 
 416      F1E56FA7 
 417 0de6 4C0916FF 		.ascii	"L\011\026\377\276\010\011]\022:\177\221n\332\324)\037"
 417      BE08095D 
 417      123A7F91 
 417      6EDAD429 
 417      1F
 418 0df7 4EF93078 		.ascii	"N\3710x\24598D\037\026\034\032n\010\213Xj$m\035\365"
 418      A5393844 
 418      1F161C1A 
 418      6E088B58 
ARM GAS  /var/folders/_f/jzb7lsz153bclt069nvlpp5r0000gn/T//ccTX6C88.s 			page 33


 418      6A246D1D 
 419 0e0c 6F4A8842 		.ascii	"oJ\210B\363\271\336l\234I:Z\261\365\347\271\213U\346"
 419      F3B9DE6C 
 419      9C493A5A 
 419      B1F5E7B9 
 419      8B55E6
 420 0e1f D07F1875 		.ascii	"\320\177\030u\226\277\005G\230M\301a+\0150\373\013c"
 420      96BF0547 
 420      984DC161 
 420      2B0D30FB 
 420      0B63
 421 0e31 5898DE14 		.ascii	"X\230\336\024\274\334`\230\2547\255\230\034\2762\334"
 421      BCDC6098 
 421      AC37AD98 
 421      1CBE32DC 
 422 0e41 38D9A85F 		.ascii	"8\331\250_\022:\371\243O\202\247M\375\315\307S?\231"
 422      123AF9A3 
 422      4F82A74D 
 422      FDCDC753 
 422      3F99
 423 0e53 F6717058 		.ascii	"\366qpX\350\022\"\021,\223\010\376h\312'\200\302i\336"
 423      E8122211 
 423      2C9308FE 
 423      68CA2780 
 423      C269DE
 424 0e66 6C59BAD4 		.ascii	"lY\272\324\270\014l\373\205\206\233-\372p\203Q\267r"
 424      B80C6CFB 
 424      85869B2D 
 424      FA708351 
 424      B772
 425 0e78 D932B3D1 		.ascii	"\3312\263\321\242\216\010\015\267|8Mg\341u:gS\367S\021"
 425      A28E080D 
 425      B77C384D 
 425      67E1753A 
 425      6753F753 
 426 0e8d C82D3B6D 		.ascii	"\310-;m\256\320\033BB\303\215\301:\260\254\217\010\263"
 426      AED01B42 
 426      42C38DC1 
 426      3AB0AC8F 
 426      08B3
 427 0e9f E82CAB57 		.ascii	"\350,\253W\031\315\200a\361\377\217~\363js\260\016\034"
 427      19CD8061 
 427      F1FF8F7E 
 427      F36A73B0 
 427      0E1C
 428 0eb1 03D4A094 		.ascii	"\003\324\240\224\327[,\246\320%\021\026\243Y\263J\277"
 428      D75B2CA6 
 428      D0251116 
 428      A359B34A 
 428      BF
 429 0ec2 DCA823D1 		.ascii	"\334\250#\321\364e)e6\032,$\247|X\303\2543\254\214\010"
 429      F4652965 
 429      361A2C24 
 429      A77C58C3 
 429      AC33AC8C 
 430 0ed7 B7380659 		.ascii	"\2678\006Y\034 \341XCI\346\375R6o\251\321l0\205\256"
 430      1C20E158 
ARM GAS  /var/folders/_f/jzb7lsz153bclt069nvlpp5r0000gn/T//ccTX6C88.s 			page 34


 430      4349E6FD 
 430      52366FA9 
 430      D16C3085 
 431 0eec A22ABC1D 		.ascii	"\242*\274\035*\264NUD\334\233D\356w:\213\206\305\020"
 431      2AB44E55 
 431      44DC9B44 
 431      EE773A8B 
 431      86C510
 432 0eff 5ADEFAA5 		.ascii	"Z\336\372\245KMF\263\331\237)\222j\360]\016\326\\\014"
 432      4B4D46B3 
 432      D99F2992 
 432      6AF05D0E 
 432      D65C0C
 433 0f12 A5C9A85F 		.ascii	"\245\311\250_\352\275\312\264r\271I\277\302\017\326"
 433      EABDCAB4 
 433      72B949BF 
 433      C20FD6
 434 0f21 C6648112 		.ascii	"\306d\201\022\200\264\320\351\303\302\374\245}fq\314"
 434      80B4D0E9 
 434      C3C2FCA5 
 434      7D6671CC 
 435 0f31 7F45184D 		.ascii	"\177E\030M\253\031K\373\235\321\024\272\314\321\301"
 435      AB194BFB 
 435      9DD114BA 
 435      CCD1C1
 436 0f40 DFADB038 		.ascii	"\337\255\2608J\010fY \223\264,q!e\347\315Y\314\263\316"
 436      4A086659 
 436      2093B42C 
 436      712165E7 
 436      CD59CCB3 
 437 0f55 A2C5F317 		.ascii	"\242\305\363\027\214aMR+\337\362\256\266\2065\027\314"
 437      8C614D52 
 437      2BDFF2AE 
 437      B6863517 
 437      CC
 438 0f66 9A3BC699 		.ascii	"\232;\306\231\361P'^T\031\213\3257\372P\313\014bk\332"
 438      F150275E 
 438      54198BD5 
 438      37FA50CB 
 438      0C626BDA 
 439 0f7a 9B13DF6C 		.ascii	"\233\023\337l2H\222\336\240\3709m\3142Z\026Q7\346\323"
 439      324892DE 
 439      A0F8396D 
 439      CC325A16 
 439      5137E6D3 
 440 0f8e 60FBCB99 		.ascii	"`\373\313\231\213 \226>\260\254\020C\243\351;\230ly"
 440      8B20963E 
 440      B0AC1043 
 440      A3E93B98 
 440      6C79
 441 0fa0 83219345 		.ascii	"\203!\223E\314\006C\210%t\205\221$\202!dq\310\322Ea"
 441      CC064388 
 441      25748591 
 441      24822164 
 441      71C8D245 
 442 0fb5 46E3AA8F 		.ascii	"F\343\252\217\177\312\354\020\262\020$=5\206\220E\253"
 442      7FCAEC10 
ARM GAS  /var/folders/_f/jzb7lsz153bclt069nvlpp5r0000gn/T//ccTX6C88.s 			page 35


 442      B210243D 
 442      35869045 
 442      AB
 443 0fc6 CDB3F561 		.ascii	"\315\263\365a\226)?a>LT\353t\313\"\302\015:\235\217"
 443      96293F61 
 443      3E4C54EB 
 443      74CB22C2 
 443      0D3A9D8F 
 444 0fda B331E577 		.ascii	"\2631\345w\037\375\346\343\267\335y\256\220\312L\233"
 444      1FFDE6E3 
 444      B7DD79AE 
 444      90CA4C9B 
 445 0fea 16F06A20 		.ascii	"\026\360j \024~+\315\372\260\305\024\326\217\361\206"
 445      147E2BCD 
 445      FAB0C514 
 445      D68FF186 
 446 0ffa 049DCC00 		.ascii	"\004\235\314\000X\223"
 446      5893
 447 1000 C343591B 		.ascii	"\303CY\033@\375/|\252\023\235"
 447      40FD2F7C 
 447      AA139D
 448              		.text
 449              		.section	.gnu.lto_.symtab.c6c2f71894ff38e1,"",%progbits
 450 0000 666C6173 		.ascii	"flashWaitErase\000\000\000\000\000\000\000\000\000\000"
 450      68576169 
 450      74457261 
 450      73650000 
 450      00000000 
 451 0018 00006B01 		.ascii	"\000\000k\001\000\000flashGetSectorOffset\000\000\000"
 451      0000666C 
 451      61736847 
 451      65745365 
 451      63746F72 
 452 0035 00000000 		.ascii	"\000\000\000\000\000\000\000\000\000p\001\000\000fl"
 452      00000000 
 452      00700100 
 452      00666C
 453 0044 61736847 		.ascii	"ashGetSectorSize\000\000\000\000\000\000\000\000\000"
 453      65745365 
 453      63746F72 
 453      53697A65 
 453      00000000 
 454 005d 00000075 		.ascii	"\000\000\000u\001\000\000chThdSleep\000\000\002\000"
 454      01000063 
 454      68546864 
 454      536C6565 
 454      70000002 
 455 0072 00000000 		.ascii	"\000\000\000\000\000\000\000\000|\001\000\000chSysH"
 455      00000000 
 455      7C010000 
 455      63685379 
 455      7348
 456 0084 616C7400 		.ascii	"alt\000\000\002\000\000\000\000\000\000\000\000\000"
 456      00020000 
 456      00000000 
 456      000000
 457 0093 81010000 		.ascii	"\201\001\000\000"
ARM GAS  /var/folders/_f/jzb7lsz153bclt069nvlpp5r0000gn/T//ccTX6C88.s 			page 36


 458              		.text
 459              		.section	.gnu.lto_.opts,"",%progbits
 460 0000 272D6666 		.ascii	"'-ffp-contract=off' '-fno-trapv' '-mcpu=cortex-m4' "
 460      702D636F 
 460      6E747261 
 460      63743D6F 
 460      66662720 
 461 0033 272D6D74 		.ascii	"'-mthumb' '-mfloat-abi=hard' '-mfpu=fpv4-sp-d16' '-"
 461      68756D62 
 461      2720272D 
 461      6D666C6F 
 461      61742D61 
 462 0066 67676462 		.ascii	"ggdb' '-O2' '-fomit-frame-pointer' '-falign-functio"
 462      2720272D 
 462      4F322720 
 462      272D666F 
 462      6D69742D 
 463 0099 6E733D31 		.ascii	"ns=16' '-ffunction-sections' '-fdata-sections' '-fn"
 463      36272027 
 463      2D666675 
 463      6E637469 
 463      6F6E2D73 
 464 00cc 6F2D636F 		.ascii	"o-common' '-flto' '-fsingle-precision-constant'\000"
 464      6D6D6F6E 
 464      2720272D 
 464      666C746F 
 464      2720272D 
 465              		.text
 466              		.comm	__gnu_lto_v1,1,1
 467              		.comm	__gnu_lto_slim,1,1
 468              		.ident	"GCC: (GNU Tools for ARM Embedded Processors) 4.9.3 20150529 (release) [ARM/embedded-4_9-br
ARM GAS  /var/folders/_f/jzb7lsz153bclt069nvlpp5r0000gn/T//ccTX6C88.s 			page 37


DEFINED SYMBOLS
                            *ABS*:0000000000000000 hal_flash.c
                            *COM*:0000000000000001 __gnu_lto_v1
                            *COM*:0000000000000001 __gnu_lto_slim

NO UNDEFINED SYMBOLS
