ARM GAS  /var/folders/_f/jzb7lsz153bclt069nvlpp5r0000gn/T//ccPUD33b.s 			page 1


   1              		.syntax unified
   2              		.cpu cortex-m4
   3              		.eabi_attribute 27, 1
   4              		.eabi_attribute 28, 1
   5              		.fpu fpv4-sp-d16
   6              		.eabi_attribute 20, 1
   7              		.eabi_attribute 21, 1
   8              		.eabi_attribute 23, 3
   9              		.eabi_attribute 24, 1
  10              		.eabi_attribute 25, 1
  11              		.eabi_attribute 26, 1
  12              		.eabi_attribute 30, 2
  13              		.eabi_attribute 34, 1
  14              		.eabi_attribute 18, 4
  15              		.thumb
  16              		.file	"hal_lld.c"
  17              		.text
  18              	.Ltext0:
  19              		.section	.gnu.lto_.profile.3bf052502e962d11,"",%progbits
  20 0000 789C6366 		.ascii	"x\234cf```c\200\000F\206)\214\015\214\000\003\366\001"
  20      60606063 
  20      80004686 
  20      298C0D8C 
  20      0003F601 
  21 0014 21       		.ascii	"!"
  22              		.text
  23              		.section	.gnu.lto_.jmpfuncs.3bf052502e962d11,"",%progbits
  24 0000 789C6366 		.ascii	"x\234cf\300\016\270\2404\023\230d\004b\000\001t\000"
  24      C00EB8A0 
  24      34139864 
  24      04620001 
  24      7400
  25 0012 11       		.ascii	"\021"
  26              		.text
  27              		.section	.gnu.lto_.inline.3bf052502e962d11,"",%progbits
  28 0000 789C6366 		.ascii	"x\234cf\300\016,\2404\023\003\203\301A\006F\006\246"
  28      C00E2CA0 
  28      34130383 
  28      C1410646 
  28      06A6
  29 0012 B00B3359 		.ascii	"\260\0133Y\031\330\026\3103\201D\031\271\340\004\303"
  29      19D816C8 
  29      33814419 
  29      B9E004C3 
  30 0022 15863DCC 		.ascii	"\025\206=\314@\371E\214\327\276\233\302\0250\000\000"
  30      40F9458C 
  30      D7BE9BC2 
  30      15300000 
  31 0032 FE9F08D6 		.ascii	"\376\237\010\326"
  32              		.text
  33              		.section	.gnu.lto_.pureconst.3bf052502e962d11,"",%progbits
  34 0000 789C6366 		.ascii	"x\234cf```e\200\000&\006)F)\000\000\371\000@"
  34      60606065 
  34      80002606 
  34      29462900 
  34      00F90040 
  35              		.text
ARM GAS  /var/folders/_f/jzb7lsz153bclt069nvlpp5r0000gn/T//ccPUD33b.s 			page 2


  36              		.section	.gnu.lto_hal_lld_init.3bf052502e962d11,"",%progbits
  37 0000 789C9D96 		.ascii	"x\234\235\226[LSI\030\307\347\233sz(\024\250\022\215"
  37      5B4C5349 
  37      18C7E79B 
  37      737A2814 
  37      A8128D
  38 0013 0891F541 		.ascii	"\010\221\365AD\036\332\252\3543\017j|01\373\340\276"
  38      441EDAAA 
  38      EC330F6A 
  38      7C3031FB 
  38      E0BE
  39 0025 9BBD3C68 		.ascii	"\233\275<hB\002Q\037|1\236\012K|@\344\362\340&\352\232"
  39      4202511F 
  39      7C319E0A 
  39      4B7C40E4 
  39      F2E026EA 
  40 003a 6C565151 		.ascii	"lVQQ\321]-\354\"ZYo\240\242XQ\301\013\356RV\361\266"
  40      D15D2DEC 
  40      225A596F 
  40      A0A25851 
  40      C10BEE52 
  41 0051 ADA0D205 		.ascii	"\255\240\322\005\355\3167s\332\351\301\230\364\234\246"
  41      EDCE3773 
  41      DAE9C198 
  41      F49CA6
  42 0060 FC5BCE99 		.ascii	"\374[\316\231\376\376\377\371f\346\314(\344\323W\031"
  42      FEFEFFF9 
  42      66E6CC28 
  42      E4D35719 
  43 0070 FBABCC26 		.ascii	"\373\253\314&d\025\373\004\007\001\332\320G\210\337"
  43      6415FB04 
  43      0701DAD0 
  43      4788DF
  44 007f 49A9D253 		.ascii	"I\251\322SN\364,\365\212\233\350\331\012\250\342\262"
  44      4EF42CF5 
  44      8A9BE8D9 
  44      0AA8E2B2 
  45 008f 0A805F08 		.ascii	"\012\200_\010\220\355TQa;\214\321(\205\206`\353\217"
  45      90ED5451 
  45      613B8CD1 
  45      28858660 
  45      EB8F
  46 00a1 AE9283BA 		.ascii	"\256\222\203\272\256G~\356\312\377!?F\011\031\247\202"
  46      AE477EEE 
  46      CAFF213F 
  46      460919A7 
  46      82
  47 00b2 0F2D5042 		.ascii	"\017-PBX\233h\315\207{.\255\206\265\231%\356\301a\320"
  47      589B68CD 
  47      877B2EAD 
  47      86B59925 
  47      EEC161D0 
  48 00c6 807DB6E5 		.ascii	"\200}\266\345\005\365x|d\337\276\001\325KI\214\202\202"
  48      05F5787C 
  48      64DFBE01 
  48      D54B498C 
  48      8282
ARM GAS  /var/folders/_f/jzb7lsz153bclt069nvlpp5r0000gn/T//ccPUD33b.s 			page 3


  49 00d8 E240D150 		.ascii	"\342@\321P\234(\231(.\224\034\224\\\0247\312l\224<\224"
  49      9C289928 
  49      2E941C94 
  49      5C1437CA 
  49      6C943C94 
  50 00ec 39287351 		.ascii	"9(sQ\346\241\314G)@)DY\200R\204\262\020e\021J1\312b"
  50      E6A1CC47 
  50      29402944 
  50      59805284 
  50      B2106511 
  51 0104 94129425 		.ascii	"\224\022\224%(\245(\204\204YB\354\350(\245\370\251\014"
  51      28A52884 
  51      845942EC 
  51      E828A5F8 
  51      A90C
  52 0116 4177E0D4 		.ascii	"Aw\340\324\3642\314\374\236b\227';\037\205\324g4F\251"
  52      F432CCFC 
  52      9E629727 
  52      3B1F85D4 
  52      673446A9 
  53 012a 1ED9A9AB 		.ascii	"\036\331\251\253\330\303\341\360\315~'\277D\360\337"
  53      D8C3E1F0 
  53      CD7E27BF 
  53      44F0DF
  54 0139 DA8FC331 		.ascii	"\332\217\3031\307~\330\0131\252\300\021(\200\243,\016"
  54      C77ED80B 
  54      31AAC011 
  54      2880A32C 
  54      0E
  55 014a DE686C7A 		.ascii	"\336hlz\333\234\345i\325k\374\316\030U\241\025\366\303"
  55      DB9CE569 
  55      D56BFCCE 
  55      1855A115 
  55      F6C3
  56 015c 1B5E2C38 		.ascii	"\033^,8\006\0362\004\325\023\232\360Q\204Uu\343\321"
  56      061E3204 
  56      D5139AF0 
  56      51845575 
  56      E3D1
  57 016e 26402EE8 		.ascii	"&@.\350\323\361\270\233\300q\006b\201\232\000\233Yp"
  57      D3F1B89B 
  57      C0710662 
  57      819A009B 
  57      5970
  58 0180 3A219DDA 		.ascii	":!\235\332\300\303\370H\011\2000sX\000\235\224\240S"
  58      C0C3F848 
  58      09803073 
  58      58009D94 
  58      A053
  59 0192 22F2A411 		.ascii	"\"\362\244\021\331\0005\015vte\360\310q\205\300\257"
  59      D900350D 
  59      767465F0 
  59      C87185C0 
  59      AF
  60 01a3 36F3FE26 		.ascii	"6\363\376&mNc^-5\2573-\020 \347\214\344\004x\334\356"
  60      6D4E635E 
  60      2D35AF33 
ARM GAS  /var/folders/_f/jzb7lsz153bclt069nvlpp5r0000gn/T//ccPUD33b.s 			page 4


  60      2D1020E7 
  60      8CE40478 
  61 01b9 40E30703 		.ascii	"@\343\007\003\223i!O;\347\340\234\205\016\301\251\262"
  61      9369214F 
  61      3BE7E09C 
  61      850EC1A9 
  61      B2
  62 01ca D8A3DF25 		.ascii	"\330\243\337%\341\017\360\340\234\331\033\373%S\024"
  62      E10FF0E0 
  62      9CD91BFB 
  62      255314
  63 01d9 2ACEC7B6 		.ascii	"*\316\307\266S\324*\321K\227\005\370Y\011\357\262\027"
  63      53D42AD1 
  63      4B9705F8 
  63      5909EFB2 
  63      17
  64 01ea EF9C249C 		.ascii	"\357\234$\234\347\361\374\207:\353\3048\262KAs\264\234"
  64      E7F1FC87 
  64      3AEBC438 
  64      B24B4173 
  64      B49C
  65 01fc F407E082 		.ascii	"\364\007\340\202\344v'\006\340\243\201\311\265\220\357"
  65      E4762706 
  65      E0A381C9 
  65      B590EF
  66 020b 4FCEE10F 		.ascii	"O\316\341\017\217\213\346\245\342\026\240\211\272\227"
  66      8F8BE6A5 
  66      E216A089 
  66      BA97
  67 0219 EFB46439 		.ascii	"\357\264d9s\011\\\2629\365.K\247+8\365\334\251=\237"
  67      73095CB2 
  67      39F52E4B 
  67      A72B38F5 
  67      DCA93D9F 
  68 022d 6D017455 		.ascii	"m\001tU\202z\314K%O\200zv\214\214\272\304\352f/ \320"
  68      827ACC4B 
  68      254F807A 
  68      768C8CBA 
  68      C4EA662F 
  69 0243 6B33F235 		.ascii	"k3\3625\351t\035#\347\245F\236\223\376`\335\220\234"
  69      E9741D23 
  69      E7A5469E 
  69      93FE60DD 
  69      909C
  70 0255 3E63B0FA 		.ascii	">c\260\372\023\2035\327B\236\233\234\243 \347\226\275"
  70      138335D7 
  70      429E9B9C 
  70      A320E796 
  70      BD
  71 0266 E9D82F09 		.ascii	"\351\330/\011\267\3013si\314\263@\012I\322\035{Y\006"
  71      B7C13373 
  71      69CCB340 
  71      0A49D21D 
  71      7B5906
  72 0279 24E12ECB 		.ascii	"$\341.\3132c-\314O\277\274\367$\350~b-\\\244\002S`!"
  72      32632DCC 
  72      4FBFBCF7 
ARM GAS  /var/folders/_f/jzb7lsz153bclt069nvlpp5r0000gn/T//ccPUD33b.s 			page 5


  72      24E87E62 
  72      2D5CA402 
  73 0290 D020E7A8 		.ascii	"\320 \347\250\310\0312\257\205B\006\262=\213\036H\354"
  73      C81932AF 
  73      854206B2 
  73      3D8B1E48 
  73      EC
  74 02a1 439C4585 		.ascii	"C\234E\205\251\335\\`\001\364\210\203\034\010zl\316"
  74      A9DD5C60 
  74      01F48883 
  74      1C087A6C 
  74      CE
  75 02b2 57C440B6 		.ascii	"W\304@\266\363\015K\354\023\314W\224\232oa\372\303\360"
  75      F30D4BEC 
  75      13CC5794 
  75      9A6F61FA 
  75      C3F0
  76 02c4 97E4FC6D 		.ascii	"\227\344\374m\014C\364l\241\351\234\022\334\323\013"
  76      0C43F46C 
  76      A1E99C12 
  76      DCD30B
  77 02d3 FC9432CE 		.ascii	"\374\2242\316\036]3N00\302\016'\004\302\350\272\010"
  77      1E5D334E 
  77      3030C20E 
  77      2704C2E8 
  77      BA08
  78 02e5 F7E8DBA1 		.ascii	"\367\350\333\241U\270\210\035\372\023\377\214\323\200"
  78      55B8881D 
  78      FA13FF8C 
  78      D380
  79 02f3 83BB1F7F 		.ascii	"\203\273\037\177\336\262'\227\305\3627\350\254\037\032"
  79      DEB22797 
  79      C5F237E8 
  79      AC1F1A
  80 0302 8CB264FF 		.ascii	"\214\262d\377\030\311\232\257u\325g\310.>\345\3214\341"
  80      18C99AAF 
  80      75D567C8 
  80      2E3EE5D1 
  80      34E1
  81 0314 01CF8CE2 		.ascii	"\001\317\214\342\325\366\265+\302\257XXv^?\322F\305"
  81      D5F6B52B 
  81      C2AF5858 
  81      765E3FD2 
  81      46C5
  82 0326 83831218 		.ascii	"\203\203\022\030K\3263\314\353i\301\357\271\311\357"
  82      4BD633CC 
  82      EB69C1EF 
  82      B9C9EF
  83 0335 0556B558 		.ascii	"\005V\265X\314\313ra\270\230\375f\244\256c83\3113W\266"
  83      CCCB7261 
  83      B898FD66 
  83      A4AE6338 
  83      33C93357 
  84 034a B5A5E5AE 		.ascii	"\265\245\345\256\226\254\354K\216\3130p\257\214\207"
  84      96ACEC4B 
  84      8ECB3070 
  84      AF8C87
ARM GAS  /var/folders/_f/jzb7lsz153bclt069nvlpp5r0000gn/T//ccPUD33b.s 			page 6


  85 0359 5EED1D2A 		.ascii	"^\355\035*`%\202wy\354\\}\266H\317Z\275f\244\001\250"
  85      60258277 
  85      79EC5C7D 
  85      B648CF5A 
  85      BD66A401 
  86 036e 19AC2E30 		.ascii	"\031\254.0\032\261\026\273#\375\273\304\326\310\012"
  86      1AB116BB 
  86      23FDBBC4 
  86      D6C80A
  87 037d 0AFFA217 		.ascii	"\012\377\242\027\301\003\231Bz\312\361<\0269y\376\013"
  87      C1039942 
  87      7ACAF13C 
  87      163979FE 
  87      0B
  88 038e A3B36985 		.ascii	"\243\263i\205\363\007\3631^\304\024/\312\267\271\336"
  88      F307F331 
  88      5EC4142F 
  88      CAB7B9DE 
  89 039e C08DE91C 		.ascii	"\300\215\351\034\264Ru\364z#j\031\211\3302\0307\031"
  89      B45275F4 
  89      7A236A19 
  89      89D83218 
  89      3719
  90 03b0 4C886D3E 		.ascii	"L\210m>1\031\330\302\202\267\274+\243\354{\342d\031"
  90      3119D8C2 
  90      82B7BC2B 
  90      A3EC7BE2 
  90      6419
  91 03c2 0D5F30C6 		.ascii	"\015_0\306v\211\265\241{\307\275\234\206\327\373\344"
  91      7689B5A1 
  91      7BC7BD9C 
  91      86D7FBE4 
  92 03d2 06C359A5 		.ascii	"\006\303Y\245\002\327<\325>\226%\366\304)~\304\230\264"
  92      02D73CD5 
  92      3E9625F6 
  92      C4297EC4 
  92      98B4
  93 03e4 3F556226 		.ascii	"?Ub&\277\377p\252\224\222\207P\035<\320\313\227 \376"
  93      BFFF70AA 
  93      94928750 
  93      1D3CD0CB 
  93      9720FE
  94 03f7 E4A750FD 		.ascii	"\344\247P\375\011\272mJ\337\211\264\214q\334I`\012\266"
  94      09BA6D4A 
  94      DF89B48C 
  94      71DC4960 
  94      0AB6
  95 0409 B173B593 		.ascii	"\261s\265\2237\015d}\256%{(\302\264\321\3621\370\203"
  95      370D647D 
  95      AE257B28 
  95      C2B4D1F2 
  95      31F883
  96 041c A135BC25 		.ascii	"\2415\274%\301\3438`\261\030j\205\327\353K\276Wn\330"
  96      C1E33860 
  96      B1186A85 
  96      D7EB4BBE 
  96      576ED8
ARM GAS  /var/folders/_f/jzb7lsz153bclt069nvlpp5r0000gn/T//ccPUD33b.s 			page 7


  97 042f F8EDC6AF 		.ascii	"\370\355\306\257\326\255_\276\324[\346-\363Un\366m\370"
  97      D6AD5FBE 
  97      D45BE62D 
  97      F3556EF6 
  97      6DF8
  98 0441 A6C25755 		.ascii	"\246\302WU\271i\313f\337\272\257\327\226-\027\272\372"
  98      B969CB66 
  98      DFBAAFD7 
  98      962D17BA 
  98      FA
  99 0452 CBAD5BF1 		.ascii	"\313\255[\361\316\372\212\212\357\275\337\221\377\001"
  99      CEFA8A8A 
  99      EFBDDF91 
  99      FF01
 100 0460 F1B84102 		.ascii	"\361\270A\002"
 101              		.text
 102              		.section	.gnu.lto_stm32_clock_init.3bf052502e962d11,"",%progbits
 103 0000 789C9D57 		.ascii	"x\234\235W[p\224E\026\356\323s\277&\344:\231\204\\\220"
 103      5B709445 
 103      16EED373 
 103      BF26E43A 
 103      99845C90 
 104 0014 32252509 		.ascii	"2%%\011\220\205\002\245\334\235]k\337\266\366\301\255"
 104      908502A5 
 104      DC9D5D6B 
 104      DFB6F6C1 
 104      AD
 105 0025 7DB5F652 		.ascii	"}\265\366R[ZE\225[\253\017\276\371O2\301\340\242B\020"
 105      5B5A4595 
 105      5BAB0FBE 
 105      F94F32C1 
 105      E0A24210 
 106 0039 64C55816 		.ascii	"d\305X\026\205\032\027]raq\201e\215r\011\260@4\020\022"
 106      851A175D 
 106      72617181 
 106      658D7209 
 106      B0403410 
 107 004e 224A9019 		.ascii	"\"J\220\031\001\005\311\204\334F\011\261O\237\376\247"
 107      0105C984 
 107      DC4609B1 
 107      4F9FFEA7 
 108 005e 6786D29A 		.ascii	"g\206\322\232\031\212:=\351\323\363\235\257\277s\372"
 108      198A3A3D 
 108      E9D3F39D 
 108      AFBF73FA 
 109 006e 748F85DD 		.ascii	"t\217\205\335\373\357\0100\366L\021c\217\212\317\260"
 109      FBEF0830 
 109      F64C1163 
 109      8F8ACFB0 
 110 007e 8801DF74 		.ascii	"\210\001\337t\206\261\260\223\203\205>Xx\335\306~\306"
 110      86B1B093 
 110      83853E58 
 110      78DDC67E 
 110      C6
 111 008f 0CB735E2 		.ascii	"\014\2675\342`\206\267\216\346CV\260\221\337\306k\311"
 111      6086B78E 
 111      E64356B0 
ARM GAS  /var/folders/_f/jzb7lsz153bclt069nvlpp5r0000gn/T//ccPUD33b.s 			page 8


 111      91DFC66B 
 111      C9
 112 00a0 6F97FE5A 		.ascii	"o\227\376Z\232\017\331\301A~\007\257!\277S\372kh>\344"
 112      9A0FD9C1 
 112      417E07AF 
 112      21BF53FA 
 112      6B683EE4 
 113 00b4 0417F95D 		.ascii	"\004\027\371]\274\232\374n\351\257\246\371\220\033<"
 113      BC9AFC6E 
 113      E9AFA6F9 
 113      901B3C
 114 00c3 E4F7F085 		.ascii	"\344\367\360\205\344\367J\377B\232\017y!\200#\004x\025"
 114      E4F74AFF 
 114      429A0F79 
 114      21802304 
 114      7815
 115 00d5 B97DD25D 		.ascii	"\271}\322]E\323!\037\370\351\353~^I\376\002\351\257"
 115      45D3211F 
 115      F8E9EB7E 
 115      5E49FE02 
 115      E9AF
 116 00e7 A4F95001 		.ascii	"\244\371P\001/\034/\025\263Eo\256\026\263\205|A\312"
 116      2F1C2F15 
 116      B3456FAE 
 116      16B3857C 
 116      41CA
 117 00f9 5F0BA098 		.ascii	"_\013\240\230\276[d~(\206r\031\254\234\007\011\254D"
 117      BE5B647E 
 117      28867219 
 117      AC9C0709 
 117      AC44
 118 010b 8205693A 		.ascii	"\202\005i:T\002\245\264\256\224W\220\277L\372+h>T\006"
 118      5402A5B4 
 118      AE945790 
 118      BF4CFA2B 
 118      683E5406 
 119 011f 802303F6 		.ascii	"\200#\003\366\034\267\324Ym\265vG\215\323U\355\366,"
 119      1CB7D459 
 119      6DB57647 
 119      8DD355ED 
 119      F62C
 120 0131 F406AA7C 		.ascii	"\364\006\252|\376\312\202\302\005E\305\345\301\222\322"
 120      FECA82C2 
 120      0545C5E5 
 120      C192D2
 121 0140 8A3278CE 		.ascii	"\2122x\316m\241\274\330hp\320\340\242\301CC\200\006"
 121      6DA1BCD8 
 121      6870D0E0 
 121      A2C14343 
 121      8006
 122 0152 3F0DE534 		.ascii	"?\015\3454\224\322p\235\3079l\352\333\275\335S\377\226"
 122      94D2709D 
 122      C7396CEA 
 122      DBBDDD53 
 122      FF96
 123 0164 6118E33B 		.ascii	"a\030\343;\207\003\255\201\004g\3546\247\005\360\016"
 123      8703AD81 
ARM GAS  /var/folders/_f/jzb7lsz153bclt069nvlpp5r0000gn/T//ccPUD33b.s 			page 9


 123      0467EC36 
 123      A705F00E 
 124 0174 D433B126 		.ascii	"\3243\261&\036\231\033\366\330#bM!\371\240\023\354\242"
 124      1E991BF6 
 124      D823624D 
 124      21F9A013 
 124      ECA2
 125 0186 18D89EA2 		.ascii	"\030\330\236\242>c~\376\312\033\247zm?\267\261\004\007"
 125      3E637EFE 
 125      CA1BA77A 
 125      6D3FB7B1 
 125      0407
 126 0198 3B1A271A 		.ascii	";\032'\032\027\0327\032\017\032\037\032?\232\0024\205"
 126      171A371A 
 126      0F1A1F1A 
 126      3F9A0234 
 126      85
 127 01a9 688AD194 		.ascii	"h\212\321\224\240)CS\216&\200\246\002M%\232*4\325hj"
 127      A0294353 
 127      8E2680A6 
 127      024D259A 
 127      2A34D568 
 128 01be D0D4A159 		.ascii	"\320\324\241Y\204\346>4\213\321\334\217\246\036\315"
 128      84E63E34 
 128      8BD1DC8F 
 128      A61ECD
 129 01cd 036896A0 		.ascii	"\003h\226\240y\020\315R4\313\320,G\263\002M\023\232"
 129      7910CD52 
 129      34CBD02C 
 129      47B3024D 
 129      139A
 130 01df 956856A1 		.ascii	"\225hV\241Y\215f\015\232\207\321\254E\363\010\032\306"
 130      598D660D 
 130      9A87D1AC 
 130      45F3081A 
 130      C6
 131 01f0 A2629F22 		.ascii	"\242b\237\"51\316\305`\031\205\217\307\307\243\3156"
 131      3531CEC5 
 131      6019858F 
 131      C7C7A3CD 
 131      36
 132 0201 DCB81064 		.ascii	"\334\270\020d\366\340\347g\255\327x\202sc\274\315\260"
 132      F6E0E767 
 132      ADD77882 
 132      7363BCCD 
 132      B0
 133 0212 A24697A2 		.ascii	"\242F\227\242\003\237:\345\024\303?\327\337\275\224"
 133      039F3AE5 
 133      14C33FD7 
 133      DFBD94
 134 0221 B075C08E 		.ascii	"\260u\300\216\260a\364\331\023\334\002\357B\020\376"
 134      B061F4D9 
 134      13DC02EF 
 134      4210FE
 135 0230 0941E9DC 		.ascii	"\011A\351\334\334>\265\305\275t\267\021\201\004\267"
 135      DC3EB5C5 
 135      BD74B711 
ARM GAS  /var/folders/_f/jzb7lsz153bclt069nvlpp5r0000gn/T//ccPUD33b.s 			page 10


 135      8104B7
 136 023f C26EE880 		.ascii	"\302n\350\200\011\2518\274\007K\205\273}`\317E\037B"
 136      09A938BC 
 136      074B85BB 
 136      7D60CF45 
 136      1F42
 137 0251 5985E206 		.ascii	"Y\205\342\0060x_|\017\031t]\355\261(\006-\203g\037\305"
 137      30785F7C 
 137      0F19745D 
 137      EDB12806 
 137      2D83671F 
 138 0266 2536632C 		.ascii	"%6c,\234A\300&c\014\037\330p\331\256\011\330\341_\202"
 138      9C41C026 
 138      630C1FD8 
 138      70D9AE09 
 138      D8E15F82 
 139 027a C01E45A0 		.ascii	"\300\036E\240gktH\023\350\222\0040\237\320-\011|\027"
 139      676B7448 
 139      13E89204 
 139      309FD02D 
 139      097C17
 140 028d 4F9CB229 		.ascii	"O\234\262)\002\026\006=\024~_\374[\012?\303m);\204\037"
 140      0216063D 
 140      147E5FFC 
 140      5B0A3FC3 
 140      6D293B84 
 141 02a2 DD5DD889 		.ascii	"\335]\330\211\350\275\022]V\315^\221\223Qh\231\264\023"
 141      E8BD125D 
 141      56CD5E91 
 141      93516899 
 141      B413
 142 02b4 8A02EAEF 		.ascii	"\212\002\352\357\270\326#\305\004\261\325\177S\254v"
 142      B8D623C5 
 142      04B1D57F 
 142      53AC76
 143 02c3 50FBCC36 		.ascii	"P\373\3146\312>\035\345\003X*\260\305\247\030\2670q"
 143      CA3E1DE5 
 143      03582AB0 
 143      C5A718B7 
 143      3071
 144 02d5 9A3079FB 		.ascii	"\2320y\373\272oM(\356\316\254P\2450\377\321\240\373"
 144      BA6F4D28 
 144      EECEAC50 
 144      A530FFD1 
 144      A0FB
 145 02e7 89FAECFA 		.ascii	"\211\372\354\372('\030\027!\2756\034\233\264H\362\234"
 145      28271817 
 145      21BD361C 
 145      9BB448F2 
 145      9C
 146 02f8 C1018132 		.ascii	"\301\001\2012\004\221\221\226\277\2505bA\370\355\203"
 146      04919196 
 146      BFA83562 
 146      41F8ED83 
 147 0308 1B1D7281 		.ascii	"\033\035r\201@9\210a\030\026W\035\023\307\037b\334\252"
 147      40398861 
 147      1816571D 
ARM GAS  /var/folders/_f/jzb7lsz153bclt069nvlpp5r0000gn/T//ccPUD33b.s 			page 11


 147      13C71F62 
 147      DCAA
 148 031a AA6B5FF7 		.ascii	"\252k_\367\364\240\"\350\316a\333\377\225\014\261\017"
 148      F4A022E8 
 148      CE61DBFF 
 148      950CB10F 
 149 032a C021C550 		.ascii	"\300!\305P\211\353!\240\330\231\346\015\262\226\340"
 149      89EB21A0 
 149      D899E60D 
 149      B296E0
 150 0339 CEFCFC7C 		.ascii	"\316\374\374|\001\203\377\345)\360\207:R\037\012\354"
 150      0183FFE5 
 150      29F0873A 
 150      521F0AEC 
 151 0349 9102DB92 		.ascii	"\221\002\333\222\002\307\247\277T\374}\331\013\374\221"
 151      02C7A7BF 
 151      54FC7DD9 
 151      0BFC91
 152 0358 06FDD814 		.ascii	"\006\375\330\024\370\206\022\330OH3\255\343\033\334"
 152      F88612D8 
 152      4F4833AD 
 152      E31BDC
 153 0367 72035E06 		.ascii	"r\003^\006\207I\340\013\246\300\376\024Ek\225\242vS"
 153      8749E00B 
 153      A6C0FE14 
 153      456B95A2 
 153      7653
 154 0379 D1F81DB3 		.ascii	"\321\370\035\263\\\013r\330\347\021\235\363\243\351"
 154      5C0B72D8 
 154      E7119DF3 
 154      A3E9
 155 0387 8A161250 		.ascii	"\212\026\022P\317\\\327\026\217$\224\020\365z,O9\373"
 155      CF5CD716 
 155      8F249410 
 155      F57A2C4F 
 155      39FB
 156 0399 7598E328 		.ascii	"u\230\343(g!\035\360\271AK\006P\026\015\344\204V\361"
 156      67211DF0 
 156      B9414B06 
 156      50160DE4 
 156      8456F1
 157 03ac A43CBFC9 		.ascii	"\244<\277\311V`\025S\3777O\357\321^%Gq\016<Oi\236\247"
 157      56601553 
 157      FF374FEF 
 157      D15E2547 
 157      710E3C4F 
 158 03c3 D34F6F09 		.ascii	"\323Oo\011\001m\233\352|\327.\3450D\037\2023y\3521\240"
 158      016D9BEA 
 158      7CD72EE5 
 158      30441F82 
 158      3379EA31 
 159 03d8 E37C827A 		.ascii	"\343|\202z\224\310\362r\350\362:vE\261/\313\276\274"
 159      94C8F272 
 159      E8F23A76 
 159      45B12FCB 
 159      BEBC
 160 03ea 3ED5A083 		.ascii	">\325\240\203fy]T\345UNHo\314\276\337lU\364\235\014"
ARM GAS  /var/folders/_f/jzb7lsz153bclt069nvlpp5r0000gn/T//ccPUD33b.s 			page 12


 160      66795D54 
 160      E5554E48 
 160      6FCCBEDF 
 160      6C55F49D 
 161 03ff CE669CE0 		.ascii	"\316f\234\340\362\224\002\253Q\005\346L\026\330\351"
 161      F29402AB 
 161      5105E64C 
 161      16D8E9
 162 040e C38A5320 		.ascii	"\303\212S \207\235\236\223\244\254Hj(]\321\012\001\224"
 162      879D9E93 
 162      A4AC486A 
 162      285DD10A 
 162      0194
 163 0420 77033CAF 		.ascii	"w\003<\257a\207Q\300\012)\240K7\3003\246\200\225\331"
 163      618751C0 
 163      0A29A04B 
 163      37C033A6 
 163      8095D9
 164 0433 0B38A241 		.ascii	"\0138\242A/d6\300*\201tO\307\253J\321\253Z\351\3456"
 164      2F6436C0 
 164      2A81744F 
 164      C7AB4AD1 
 164      AB5AE9E5 
 165 0448 2FD0AEA1 		.ascii	"/\320\256\241\026[\356\325=*9\340\033\007>\223\325\375"
 165      165BEED5 
 165      3D2A39E0 
 165      1B073E93 
 165      D5FD
 166 045a D6F4D011 		.ascii	"\326\364\320\021\331r\255m\235\341\207\030\\T\005\336"
 166      D972AD6D 
 166      9DE18718 
 166      5C5405DE 
 167 046a 7DDE2CF0 		.ascii	"}\336,\360\352\034t\373\\\327\310\027\351\351\250!\240"
 167      EA1C74FB 
 167      5CD7C817 
 167      E9E9A821 
 167      A0
 168 047b F6FD1736 		.ascii	"\366\375\0276\272U\205`\211\\\3123Ac:\320eLP\215L\220"
 168      BA558560 
 168      895CCA33 
 168      41633AD0 
 168      654C508D 
 169 0491 4727E8A2 		.ascii	"G'\350\242\231\240\272\224\353\033~\372\352\376R\202"
 169      99A0BA94 
 169      EB1B7EFA 
 169      EAFE5282 
 170 04a1 E2650757 		.ascii	"\342e\007W2\023\264\210\220\246\016\315O\230\374E\303"
 170      3213B488 
 170      90A60ECD 
 170      4F98FC45 
 170      C3
 171 04b2 8A66646C 		.ascii	"\212fdlQJ\306\026\312\214E\271\0273\026\343\001\344"
 171      514AC616 
 171      CA8C45B9 
 171      173316E3 
 171      01E4
 172 04c4 0692DB8D 		.ascii	"\006\222\333\215\333\212\333}\331\027OLo\370\253Ln\213"
ARM GAS  /var/folders/_f/jzb7lsz153bclt069nvlpp5r0000gn/T//ccPUD33b.s 			page 13


 172      DB8ADB7D 
 172      D9174F4C 
 172      6FF8AB4C 
 172      6E8B
 173 04d6 15D2C0B5 		.ascii	"\025\322\300\265\353\026S\333B\006W3\310-N!W\245\312"
 173      EB1653DB 
 173      42065733 
 173      C82D4E21 
 173      57A5CA
 174 04e9 C9972CA7 		.ascii	"\311\227,\247[\275y\224\3235\311\012\337\312p]\226\323"
 174      5BBD7994 
 174      D335C90A 
 174      DFCA705D 
 174      96D3
 175 04fb CBFBCFDF 		.ascii	"\313\373\317\337\246\307Nd,\262\323\306\340k\263\236"
 175      A6C74E64 
 175      2CB2D3C6 
 175      E06BB39E 
 176 050b 26CD7ABA 		.ascii	"&\315z\272?\2074\177\243w}#\275\236\352\011h\356\352"
 176      3F87347F 
 176      A3777D23 
 176      BD9EEA09 
 176      68EEEA
 177 051e AE5D3E73 		.ascii	"\256]>s\317\265\014n\346YO\337\352@\267\260\236\352"
 177      CFB50C6E 
 177      E6594FDF 
 177      EA40B7B0 
 177      9EEA
 178 0530 653DF975 		.ascii	"e=\371u\307\2342s\366@\3669\033\327\240\361\314\234"
 178      C79C3273 
 178      F640F639 
 178      1BD7A0F1 
 178      CC9C
 179 0542 2D21A473 		.ascii	"-!\244s/~p\020L\376\277`0\221\221\263%)9\253T9+H\346"
 179      2F7E7010 
 179      4CFEBF60 
 179      309191B3 
 179      252939AB 
 180 055b ECD8B93C 		.ascii	"\354\330\271<.\270\333\372\202\233\2249\373d\373L\227"
 180      2EB8DBFA 
 180      829B9439 
 180      FB64FB4C 
 180      97
 181 056c 8B1EA89D 		.ascii	"\213\036\250\235;\373\304\023u\312\314\331tTm\372A|"
 181      3BFBC413 
 181      75CACCD9 
 181      74546DFA 
 181      417C
 182 057e 3B745E1F 		.ascii	";t^\037\221\367\240\303\350\333d\370\323^\311\016\031"
 182      91F7A0C3 
 182      E8DB64F8 
 182      D35EC90E 
 182      19
 183 058f E7F49681 		.ascii	"\347\364\226\201\016 Y\2340-\010\314(\002m\307\247o"
 183      0E20599C 
 183      302D08CC 
 183      28026DC7 
ARM GAS  /var/folders/_f/jzb7lsz153bclt069nvlpp5r0000gn/T//ccPUD33b.s 			page 14


 183      A76F
 184 05a1 3A930466 		.ascii	":\223\004f%\001'\022H\010Y\344v\203:\316\336\233\257"
 184      25012712 
 184      480859E4 
 184      76833ACE 
 184      DE9BAF
 185 05b4 7F2D4161 		.ascii	"\177-Aa\363\361\260!\036\202\337)\005b\342^\277\003"
 185      F3F1B021 
 185      1E82DF29 
 185      0562E25E 
 185      BF03
 186 05c6 321D971B 		.ascii	"2\035\227\033h=\322\377f\342\245K\362H\272\214\321\226"
 186      683DD2FF 
 186      66E2A54B 
 186      F248BA8C 
 186      D196
 187 05d8 0C5E2E19 		.ascii	"\014^.\031\276\373\344\374I/\361r\303\367\202\327\035"
 187      BEFBE4FC 
 187      492FF172 
 187      C3F782D7 
 187      1D
 188 05e9 C56BB47F 		.ascii	"\305k\264\177\254\327&x\275\"<\036\230\223\274\360\027"
 188      ACD72678 
 188      BD223C1E 
 188      9893BCF0 
 188      17
 189 05fa 1FDC3579 		.ascii	"\037\3345y\035\340:\320\326wv\035&b\037E>l\023\327\363"
 189      1DE03AD0 
 189      D677761D 
 189      26621F45 
 189      3E6C13D7 
 190 060f 7C92D802 		.ascii	"|\222\330\002\326\317\350g\315t\304<Fo\356\355:!/C\257"
 190      D6CFE867 
 190      CD74C43C 
 190      466FEEED 
 190      3A212F43 
 191 0624 319BF9B3 		.ascii	"1\233\371\263\306+\303\337\035\034\032\341*i\301\004"
 191      C62BC3DF 
 191      1D1C1AE1 
 191      2A69C104 
 192 0634 F781C183 		.ascii	"\367\201\301\203\020\346\304-\336\021]\233\224\254\231"
 192      10E6C42D 
 192      DE115D9B 
 192      94AC99
 193 0643 23353752 		.ascii	"#57Rk\221\\\276\337qsVn\332\332*\024\212\340w\004\215"
 193      6B915CBE 
 193      DF717356 
 193      6EDADA2A 
 193      148AE077 
 194 0659 2276C84E 		.ascii	"\"v\310N4f\2224\262\017\322\252\203\254\227A\006O\034"
 194      34669234 
 194      B20FD2AA 
 194      83AC9741 
 194      064F1C
 195 066c 7E9B0E73 		.ascii	"~\233\016s\253\237\301\363*H1\226\037~(Ov\264\370]\012"
 195      AB9FC1F3 
 195      2A483196 
ARM GAS  /var/folders/_f/jzb7lsz153bclt069nvlpp5r0000gn/T//ccPUD33b.s 			page 15


 195      1F7E284F 
 195      76B4F85D 
 196 0681 37C397A5 		.ascii	"7\303\227\245D\204\237\214\326\246\243m\340\352pL*\265"
 196      44849F8C 
 196      D6A6A36D 
 196      E0EA704C 
 196      2AB5
 197 0693 9713D0C8 		.ascii	"\227\023\320\310X\363Iz\034\212\247\366\013<\375\265"
 197      58F3497A 
 197      1C8AA7F6 
 197      0B3CFDB5 
 198 06a3 BA5C2CB8 		.ascii	"\272\\,\270qv\307\001\257\\ :\315\337\271yP\202\352"
 198      7176C701 
 198      AF5C203A 
 198      CDDFB979 
 198      5082EA
 199 06b6 A09424DF 		.ascii	"\240\224$\337\026G\207T!\257\310\241'l\344\311\203\362"
 199      16478754 
 199      21AFC8A1 
 199      276CE4C9 
 199      83F2
 200 06c8 224F6B3E 		.ascii	"\"Ok>M\002H\336\326\371\264\232\2274\354\313\\\264\232"
 200      4D0248DE 
 200      D6F9B49A 
 200      9734ECCB 
 200      5CB49A
 201 06db 26A96AA9 		.ascii	"&\251j\251\276\272\216\305\024\331\225\331\267\232M"
 201      BEBA8EC5 
 201      14D995D9 
 201      B79A4D
 202 06ea 1A7433CF 		.ascii	"\032t3\317x\373\257\022H\367<\366W\011\210][\267\275"
 202      78FBAF12 
 202      48F73CF6 
 202      5709885D 
 202      5BB7BD
 203 06fd 27F30BE2 		.ascii	"'\363\013\342&nO\312W\241\344+\323O\263\225\364\245"
 203      266E4FCA 
 203      57A1E42B 
 203      D34FB395 
 203      F4A5
 204 070f D5396C73 		.ascii	"\3259ls\213d\204?l\340\225t\365\326\010 ys\346\243\336"
 204      8B64843F 
 204      6CE09574 
 204      F5D60820 
 204      7973E6A3 
 205 0724 560DBB0D 		.ascii	"V\015\273\015\325[#;\025\020\362\3039\000\275*\201\274"
 205      D55B233B 
 205      1510F2C3 
 205      3900BD2A 
 205      81BC
 206 0736 08B43D9D 		.ascii	"\010\264=\235\337Z\001\2247\277\177h\330\327\220\337"
 206      DF5A0194 
 206      37BF7F68 
 206      D8D790DF 
 207 0746 DA547E8F 		.ascii	"\332T~\217d\237\320\035\032\347uA\357\013\010\367\355"
 207      649FD01D 
 207      1AE77541 
ARM GAS  /var/folders/_f/jzb7lsz153bclt069nvlpp5r0000gn/T//ccPUD33b.s 			page 16


 207      EF0B08F7 
 207      ED
 208 0757 FF3DA250 		.ascii	"\377=\242P\216@\344F\\,\277lhhL\376\377\325\023O\376"
 208      8E40E446 
 208      5C2CBF6C 
 208      68684CFE 
 208      FFD5134F 
 209 076c F1C9DF3E 		.ascii	"\361\311\337>\366\370\212e\015M\015M\215O=\335\370\304"
 209      F6F88A65 
 209      0D4D0D4D 
 209      8D4F3DDD 
 209      F8C4
 210 077e 1FD635FE 		.ascii	"\037\3265\376\365\251\277=\363t\343c\277\373M\323\012"
 210      F5A9BF3D 
 210      F374E363 
 210      BFFB4DD3 
 210      0A
 211 078f B2BFFED9 		.ascii	"\262\277\376\331\263\317\242\347\361u\353\376\334\360"
 211      B3CFA2E7 
 211      F175EBFE 
 211      DCF0
 212 079d 27F6038D 		.ascii	"'\366\003\215S\207\305"
 212      5387C5
 213              		.text
 214              		.section	.gnu.lto_.symbol_nodes.3bf052502e962d11,"",%progbits
 215 0000 789C4D8A 		.ascii	"x\234M\212\273\015\2000\024\003/\016H\331\"\213\261"
 215      BB0D8030 
 215      14032F0E 
 215      48D9228B 
 215      B1
 216 0011 CB4BC100 		.ascii	"\313K\301\000T\320!X\210%\370\026\031\202HP\304\225"
 216      54D02158 
 216      8825F816 
 216      19824850 
 216      C495
 217 0023 CF670F74 		.ascii	"\317g\017t\374\321)\203a\0033\346%\240K\346\352\241"
 217      FCD12983 
 217      610333E6 
 217      25A04BE6 
 217      EAA1
 218 0035 DDC55A4E 		.ascii	"\335\305ZN\356\221\351\023\244\024p\267\314W\354i8\306"
 218      EE91E913 
 218      A41470B7 
 218      CC57EC69 
 218      38C6
 219 0047 1C7D69FD 		.ascii	"\034}i\375\224#/\323\254\031\334"
 219      94232FD3 
 219      AC19DC
 220              		.text
 221              		.section	.gnu.lto_.refs.3bf052502e962d11,"",%progbits
 222 0000 789C6366 		.ascii	"x\234cf```d\200\002\000\000=\000\005"
 222      60606064 
 222      80020000 
 222      3D0005
 223              		.text
 224              		.section	.gnu.lto_.decls.3bf052502e962d11,"",%progbits
 225 0000 789CCD58 		.ascii	"x\234\315XkPTW\266\356}vw\3234\257T\2301\031+31N\025"
ARM GAS  /var/folders/_f/jzb7lsz153bclt069nvlpp5r0000gn/T//ccPUD33b.s 			page 17


 225      6B505457 
 225      B6EE7D76 
 225      77D334AF 
 225      54983119 
 226 0019 953B37D2 		.ascii	"\225;7\322\006\314\274\252nM\260\361AE\023n\267\231"
 226      06CCBCAA 
 226      6E4DB0F1 
 226      4145136E 
 226      B799
 227 002b 7B67EE0F 		.ascii	"{g\356\017\206\000\031\231\021\311\010N\231\373\353"
 227      86001999 
 227      11C9084E 
 227      99FBEB
 228 003a 402BF214 		.ascii	"@+\362\024D\243\240\"\255\202\320  \340\033\005\304"
 228      44A3A022 
 228      AD82D020 
 228      20E01B05 
 228      C4
 229 004b 8008F842 		.ascii	"\200\010\370B\003>\020\011\032@@EEyJ\317\332{\3679\247"
 229      033E1009 
 229      1A404045 
 229      45794ACF 
 229      DA7BF739 
 230 0060 FB7834B9 		.ascii	"\373x4\271S\267n\335\256^\275\317\352\375\355o\257\275"
 230      53B76EDD 
 230      AE5EBDCF 
 230      EAFDED6F 
 230      AFBD
 231 0072 F6DAE7AC 		.ascii	"\366\332\347\254u\260J\245\372\020\251Tv\370\254\370"
 231      75B04AA5 
 231      FA10A954 
 231      76F8ACF8 
 232 0082 A94A95A8 		.ascii	"\251J\225\250V\2510\374\027\252\222>\360\227\352\000"
 232      56A930FC 
 232      17AA923E 
 232      F097EA00 
 233 0092 4839C841 		.ascii	"H9\310A\220*\020\030\242\252U\271~\010\306\3351\366"
 233      902A1018 
 233      A2AA55B9 
 233      7E08C6DD 
 233      31F6
 234 00a4 1D905900 		.ascii	"\035\220Y\000\372\021H\003\\\377\014\332\267@\336\006"
 234      FA114803 
 234      5CFF0CDA 
 234      B740DE06 
 235 00b4 B13970DE 		.ascii	"\2619p\336p\375\032\310(\\s\304\006h5\320\276\0112\005"
 235      70FD1AC8 
 235      285C73C4 
 235      066835D0 
 235      BE093205 
 236 00c8 D73F41D2 		.ascii	"\327?A\322\334\357 6\357A\325\213\037b\227\367\367\314"
 236      DCEF2036 
 236      EF41D58B 
 236      1F6297F7 
 236      F7CC
 237 00da 6B00F107 		.ascii	"k\000\361\007\371o\220/A\002A2A2@\274Tln2\357Sh=\240"
 237      F96F902F 
ARM GAS  /var/folders/_f/jzb7lsz153bclt069nvlpp5r0000gn/T//ccPUD33b.s 			page 18


 237      41024132 
 237      413240BC 
 237      546C6E32 
 238 00f3 9D8076C6 		.ascii	"\235\200v\306a\003Y\354{ \321 \311\304&\020\214\230"
 238      610359EC 
 238      7B20D120 
 238      C9C42610 
 238      8C98
 239 0105 0FCA15EC 		.ascii	"\017\312\025\354y\304\241\343\345\243\347=\0068\344"
 239      79C4A1E3 
 239      E5A3E73D 
 239      0638E4
 240 0114 AD9F43D4 		.ascii	"\255\237C\324\023\331\3159ZP=\365j\242\326L\365^U\277"
 240      13D9CD39 
 240      5A503DF5 
 240      6AA2D64C 
 240      F55E55BF 
 241 0128 F1150F9F 		.ascii	"\361\025\017\237,\013\377\232\032\205\316BEh6*F\263"
 241      2C0BFF9A 
 241      1A85CE42 
 241      4568362A 
 241      46B3
 242 013a 81D586DE 		.ascii	"\201\325\206\336\200\337\377R3\246\314\254\373G\021"
 242      80DFFF52 
 242      33A6CCAC 
 242      FB4711
 243 0149 06F7C0F5 		.ascii	"\006\367\300\365\276\234o\257\352\337+\201a\311|\375"
 243      BE9C6FAF 
 243      EADF2B81 
 243      61C97CFD 
 244 0159 3892A6EB 		.ascii	"8\222\246\353,LO\360\234\263\233\267\036\034)\277\272"
 244      2C4C4FF0 
 244      9CB39BB7 
 244      1E1C29BF 
 244      BA
 245 016a 11E7F2D6 		.ascii	"\021\347\362\326D~\306nG\224\014\225 \214J\321{\004"
 245      447EC66E 
 245      47940C95 
 245      208C4AD1 
 245      7B04
 246 017c 4BAEE920 		.ascii	"K\256\351 t\000\315\201\201EE\035e\032\374\007\312\376"
 246      7400CD81 
 246      8145451D 
 246      651AFC07 
 246      CAFE
 247 018e B8FEF60D 		.ascii	"\270\376\366\015LI\254'\012\265\315|\275\335\376;:\276"
 247      4C49AC27 
 247      0AB5CD7C 
 247      BDDDFE3B 
 247      3ABE
 248 01a0 CC697C99 		.ascii	"\314i|\2310\276\234\216\267\225X\354\034\376\013\035"
 248      30BE9C8E 
 248      B79558EC 
 248      1CFE0B1D 
 249 01b0 BF797BF1 		.ascii	"\277y{\361\016\015\214\357\341G\006\357\354_\270\331"
 249      0E0D8CEF 
 249      E14706EF 
ARM GAS  /var/folders/_f/jzb7lsz153bclt069nvlpp5r0000gn/T//ccPUD33b.s 			page 19


 249      EC5FB8D9 
 250 01c0 9255C0F7 		.ascii	"\222U\300\367\330\355o3#*\234H*\004\222\203\224\244"
 250      D8ED6F33 
 250      232A9C48 
 250      2A049283 
 250      94A4
 251 01d2 FFF2F33B 		.ascii	"\377\362\363;\336\370(\242,mI\337]\324S\226\203\366"
 251      DEF828A2 
 251      2C6D49DF 
 251      5DD45396 
 251      83F6
 252 01e4 C652AF5C 		.ascii	"\306R\257\\~\217\363R*\235X*\005\226*\312RW;\336\244"
 252      7E8FF352 
 252      2A9D582A 
 252      05962ACA 
 252      52573BDE 
 253 01f9 C7EB99A7 		.ascii	"\307\353\231\247\322\223{\316\351q\006S\022\366\327"
 253      D2937BCE 
 253      E9710653 
 253      12F6D7
 254 0208 A4BB81F7 		.ascii	"\244\273\201\367\337\321Sg\335\3369Q\340NU\022\364>"
 254      DFD15367 
 254      DDDE3951 
 254      E04E5512 
 254      F43E
 255 021a F017D7DC 		.ascii	"\360\027\327\334\307\357\363F~\372\002p\355\3101[\357"
 255      C7EFF346 
 255      7EFA0270 
 255      EDC8315B 
 255      EF
 256 022b 520BFF21 		.ascii	"R\013\377!:\206\364\350\2208\037\035M>\311<\237H\266"
 256      3A86F4E8 
 256      90381F1D 
 256      4D3EC93C 
 256      9F48B6
 257 023e CDBDD95B 		.ascii	"\315\275\331[%\356\032:\212\374\000A\261\3500\374y\004"
 257      25EE1A3A 
 257      8AFC0041 
 257      B1E830FC 
 257      7904
 258 0250 FE04E2C6 		.ascii	"\376\004\342\306\351\332\365\032\244\367S\036tBa\020"
 258      E9DAF51A 
 258      A4F7531E 
 258      74426110 
 259 0260 35613C2D 		.ascii	"5a<-{\026\317\253\321q0\241Z2\001,\022\267\374\273\341"
 259      7B16CFAB 
 259      D17130A1 
 259      5A32012C 
 259      12B7FCBB 
 260 0275 D2763D3E 		.ascii	"\322v=>\217\351\012\233FkR\264o\337\302y\274\216\305"
 260      8FE90A9B 
 260      466B52B4 
 260      6FDFC279 
 260      BC8EC5
 261 0288 C3DED1B3 		.ascii	"\303\336\321\263\032X\"\214\347G3B\351\356>-\336\250"
 261      1A58228C 
 261      E7473342 
ARM GAS  /var/folders/_f/jzb7lsz153bclt069nvlpp5r0000gn/T//ccPUD33b.s 			page 20


 261      E9EE3E2D 
 261      DEA8
 262 029a FFF91EDE 		.ascii	"\377\371\036\336\272w\244|w4\215\020\236l0\235\243\206"
 262      BA77A47C 
 262      77348D10 
 262      9E6C309D 
 262      A386
 263 02ac CDE11484 		.ascii	"\315\341\024\204\344\237\223\010\366\356\0241\264\026"
 263      E49F9308 
 263      F6EE1431 
 263      B416
 264 02ba FD1C287A 		.ascii	"\375\034(z\373\373\023=iP\327\353\010\345\241\272\352"
 264      FBFB133D 
 264      6950D7EB 
 264      08E5A1BA 
 264      EA
 265 02cb C79E34AA 		.ascii	"\307\2364\252\223\251\025;.t\246h\360\023f\322\375\206"
 265      93A9153B 
 265      2E74A668 
 265      F01366D2 
 265      FD86
 266 02dd 82757A58 		.ascii	"\202uzX\266\345\207-\033F$^\032\276\343\203\355l\370"
 266      B6E5872D 
 266      1B46245E 
 266      1ABEE383 
 266      ED6CF8
 267 02f0 B5EE9E7A 		.ascii	"\265\356\236z\017\234\250\246\012\237\331\277\036\343"
 267      0F9CA8A6 
 267      0A9FD9BF 
 267      1EE3
 268 02fe 54A6147C 		.ascii	"T\246\024|\265\355\200\206\316J\215H\311\266\364\353"
 268      B5ED8086 
 268      CE4A8D48 
 268      C9B6F4EB 
 269 030e 7026EBAB 		.ascii	"p&\353\253\250\232\312w\307[\230\322\332;\376\204\231"
 269      A89ACA77 
 269      C75B98D2 
 269      DA3BFE84 
 269      99
 270 031f F71A51F3 		.ascii	"\367\032Q\363\232\032\333\265x\027\353{\324q\344_q!"
 270      9A1ADBB5 
 270      7817EB7B 
 270      D471E45F 
 270      7121
 271 0331 BBCE1D6B 		.ascii	"\273\316\035kk\362\241\2707)\377\265\314]\030\227\263"
 271      6BF2A1B8 
 271      3729FFB5 
 271      CC5D1897 
 271      B3
 272 0342 BE890BFD 		.ascii	"\276\211\013\375\2071>\306\024\341P{\262C}\2458+Y\207"
 272      87313EC6 
 272      14E1507B 
 272      B2437DA5 
 272      382B5987 
 273 0356 4FB3BEAA 		.ascii	"O\263\276\252}\205G\334\251o>$jjZ\245\335\215,\237w"
 273      7D8547DC 
 273      A96F3E24 
ARM GAS  /var/folders/_f/jzb7lsz153bclt069nvlpp5r0000gn/T//ccPUD33b.s 			page 21


 273      6A6A5AA5 
 273      DD8D2C9F 
 274 036b 2C1F0639 		.ascii	",\037\0069y\267\235l$zw6\372\027\272\362\204\274\302"
 274      79B79D6C 
 274      247A7736 
 274      FA17BAF2 
 274      84BCC2
 275 037e 1EFC7A16 		.ascii	"\036\374z\026E[\3719\361tO.\003\272\211\242\257\240"
 275      455BF939 
 275      F1744F2E 
 275      03BA89A2 
 275      AFA0
 276 0390 D7853104 		.ascii	"\327\2051\004}\201\317\311\362\306-l\336\342\336\013"
 276      7D81CFC9 
 276      F2C62D6C 
 276      DEE2DE0B 
 277 03a0 D95ED4A6 		.ascii	"\331^\324\246w\211Z\322=e\321\340\253\254\357\366\330"
 277      77895AD2 
 277      3D65D1E0 
 277      ABACEFF6 
 277      D8
 278 03b1 ED0637DA 		.ascii	"\355\0067\3327\237\250g\013+\362\265\270\213\365\235"
 278      379FA867 
 278      0B2BF2B5 
 278      B88BF59D 
 279 03c1 1D7A3688 		.ascii	"\035z6\210\360]\246$\324\227]a\300_\023\265\257\254"
 279      F05DA624 
 279      D4975D61 
 279      C05F13B5 
 279      AFAC
 280 03d3 699F371E 		.ascii	"i\2377\036f}\327\2136n\321\341g\256\253\364d\253l\354"
 280      667DD78B 
 280      366ED1E1 
 280      67AEABF4 
 280      64AB6CEC 
 281 03e7 4CBAA7C5 		.ascii	"L\272\247\3053\254\317~$\347\234\027N\3220WUfMxS\340"
 281      33ACCF7E 
 281      24E79C17 
 281      4ED23057 
 281      55664D78 
 282 03fd 521A19CD 		.ascii	"R\032\031\315\211\215\032\234\305\372\372k\207y\216"
 282      898D1A9C 
 282      C5FAFA6B 
 282      87798E
 283 040c F6D1C0CC 		.ascii	"\366\321\300\314\270k\335\247\303;X_\356\375\276L-."
 283      B86BDDA7 
 283      C33B585F 
 283      EEFDBE4C 
 283      2D2E
 284 041e 604AF2C9 		.ascii	"`J\362\311\255\373\331l\377I\324\251\031\333C/\\\316"
 284      ADFBD96C 
 284      FF49D4A9 
 284      19DB432F 
 284      5CCE
 285 0430 FA4A8BF8 		.ascii	"\372J\213\370Y\370\030\273>XW\232\302p\177\242{[\322"
 285      59F818BB 
 285      3E58579A 
ARM GAS  /var/folders/_f/jzb7lsz153bclt069nvlpp5r0000gn/T//ccPUD33b.s 			page 22


 285      C2707FA2 
 285      7B5BD2
 286 0443 5DEC831B 		.ascii	"]\354\203\033X_G\343\215./\334\306\224\235Y\355\271"
 286      585F47E3 
 286      8D2E2FDC 
 286      C6949D59 
 286      EDB9
 287 0455 2C2256D2 		.ascii	",\"V\322\033V\341\326$\016w\260\276\374MU\023\354\026"
 287      1B56E1D6 
 287      240E77B0 
 287      BEFC4D55 
 287      13EC16
 288 0468 FD0551EB 		.ascii	"\375\005Q\353\232.\354u\3077Y\337dzu\023\207o3\245\362"
 288      9A2EEC75 
 288      C73759DF 
 288      647A7513 
 288      876F33A5 
 289 047d 9B814E3D 		.ascii	"\233\201N=\005\256#\252\365J\235\315\023\337c}_\235"
 289      05AE23AA 
 289      F54A9DCD 
 289      13DF637D 
 289      5F9D
 290 048f DC95CD2C 		.ascii	"\334\225\315,\341\251>X=sG\203\037\322\3169M\243i5n"
 290      E1A93E58 
 290      3D734783 
 290      1FD2CE39 
 290      4DA36935 
 291 04a4 68AEE3E3 		.ascii	"h\256\343\343;W\361\343g\345\327[F&\217N\177\274\271"
 291      3B57F1E3 
 291      67E5D75B 
 291      46268F4E 
 291      7FBCB9
 292 04b7 30896F9E 		.ascii	"0\211o\236\217\032 \024.\300a\234F\276\322\011\272H"
 292      8F1A2014 
 292      2EC0619C 
 292      46BED209 
 292      BA48
 293 04c9 E3E217F0 		.ascii	"\343\342\027\360\243\"x\353\305\352\310\372\365\230"
 293      A32278EB 
 293      C5EAC8FA 
 293      F598
 294 04d7 62CFC8B1 		.ascii	"b\317\310\261\357\272B\323\016\213\320Gr\350c\031\355"
 294      EFBA42D3 
 294      0E8BD047 
 294      72E86319 
 294      ED
 295 04e8 8444FBAD 		.ascii	"\204D\373\255\034\333\353\214\345y\253\275ZM\260\020"
 295      1CDBEB8C 
 295      E579ABBD 
 295      5A4DB010 
 296 04f8 AB68D081 		.ascii	"\253h\320\201\025\"\030\015\311xS$\033\036\310y\357"
 296      1522180D 
 296      C9785324 
 296      1B1EC879 
 296      EF
 297 0509 536C1112 		.ascii	"Sl\021\022\211S\017\213\304\017\345\304#2\342d\211x"
 297      89530F8B 
ARM GAS  /var/folders/_f/jzb7lsz153bclt069nvlpp5r0000gn/T//ccPUD33b.s 			page 23


 297      C40FE5C4 
 297      2332E264 
 297      8978
 298 051b 58999862 		.ascii	"X\231\230b7\323\223\306\363\037\306\253P\035\364\327"
 298      37D393C6 
 298      F31FC6AB 
 298      501DF4D7 
 299 052b D32E8226 		.ascii	"\323.\202&7\301-\234\037z\212\346\242\031\2204n.\332"
 299      37C12D9C 
 299      1F7A8AE6 
 299      A2199034 
 299      6E2EDA
 300 053e 0CB20924 		.ascii	"\014\262\011$\013$\023$\031d\024\372\022\241M\002\331"
 300      0B241324 
 300      196414FA 
 300      12A14D02 
 300      D9
 301 054f 08920D92 		.ascii	"\010\222\015\222\001\222\016b\207\276\365\320\246\200"
 301      01920E62 
 301      87BEF5D0 
 301      A680
 302 055d 8CC1752A 		.ascii	"\214\301u*\264\317\241M\200v\003\210\005d\034\364)\220"
 302      B4CFA14D 
 302      80760388 
 302      05641CF4 
 302      2990
 303 056f 09904990 		.ascii	"\011\220I\220g <7\227\336\334\351J\246$\327\337\225"
 303      67203C37 
 303      97DEDCE9 
 303      4AA624D7 
 303      DF95
 304 0581 AFE43BD9 		.ascii	"\257\344;\331\252\257I\330\257\025w_\360&`\037H\330"
 304      AAAF49D8 
 304      AF15775F 
 304      F026601F 
 304      48D8
 305 0593 2E39F696 		.ascii	".9\366\226\2147]\362\346\023\345P\021\267)\321:\315"
 305      8C375DF2 
 305      E613E550 
 305      11B729D1 
 305      3ACD
 306 05a5 88C99DAB 		.ascii	"\210\311\235\253O\331`'+\006$+.)\307\266\023xF\002\337"
 306      4FD96027 
 306      2B06242B 
 306      2E29C7B6 
 306      13784602 
 307 05ba 938307E4 		.ascii	"\223\203\007\344\340\207\022\270[y}N\340\347\022\270"
 307      E08712B8 
 307      5B797D4E 
 307      E0E712B8 
 308 05ca 5F99598A 		.ascii	"_\231Y\212\357{R|_\225\207\34172\307\015J\274\035r\336"
 308      EF7B527C 
 308      5F9587E1 
 308      3732C70D 
 308      4ABC1D72 
 309 05df 4E17DE44 		.ascii	"N\027\336Dk\267\344\267\363rl\233\374,\214KF\334\226"
 309      6BB7E4B7 
ARM GAS  /var/folders/_f/jzb7lsz153bclt069nvlpp5r0000gn/T//ccPUD33b.s 			page 24


 309      F3726C9B 
 309      FC2C8C4B 
 309      46DC96
 310 05f2 1BD12333 		.ascii	"\033\321#3bR2\342\216\362\341u\362\304u\011\334(\007"
 310      625232E2 
 310      8EF2E175 
 310      F2C47509 
 310      DC2807
 311 0605 37C92CBE 		.ascii	"7\311,\276/Y|S\216\275!'\036\226\210\257+\203%\213o"
 311      2F597C53 
 311      8EBD2127 
 311      1E9688AF 
 311      2B83258B 
 312 061a 4AD86639 		.ascii	"J\330f9\366\234\014{K\302\266*\273M\302vI\330\026e^"
 312      F69C0C7B 
 312      4BC2B62A 
 312      BB4DC276 
 312      49D81665 
 313 062f 27836F48 		.ascii	"'\203oH\340\263\312\236p\002\017I\340k\312\033\315\300"
 313      E0B3CA9E 
 313      70020F49 
 313      E06BCA1B 
 313      CDC0
 314 0641 24A9EB39 		.ascii	"$\251\3539_\035Ir:\000\251\204\034V\310\346\270\033"
 314      5F1D4972 
 314      3A00A984 
 314      1C56C8E6 
 314      B81B
 315 0653 1B5B4BF4 		.ascii	"\033[K\364\310\327O\351\316\204\276\202\033\322\377"
 315      C8D74FE9 
 315      CE84BE82 
 315      1BD2FF
 316 0662 979B135D 		.ascii	"\227\233\023]I\306aO\036\241\255\234/:-%\247d]Br\332"
 316      49C6614F 
 316      1EA1AD9C 
 316      2F3A2D25 
 316      A7645D42 
 317 0678 F160FCA4 		.ascii	"\361`\374\244\3063UJz)X\312\177\266q\2364s\207\026\320"
 317      C633554A 
 317      7A2958CA 
 317      7FB6719E 
 317      34738716 
 318 068d C3677227 		.ascii	"\303gr'0\256\323\222\247\244\332>\235\320\356\001OI"
 318      30AED392 
 318      A7A4DA3E 
 318      9DD0EE01 
 318      4F49
 319 069f 5FFA24EC 		.ascii	"_\372$\3549U]\200 Ym@\342\303m\007\367\362\207[m\265"
 319      39555D80 
 319      20596D40 
 319      E2C36D07 
 319      F7F2875B 
 320 06b5 CB83E545 		.ascii	"\313\203\345E(\333\216\315\216L\213xYJ\263\010\232\270"
 320      28DB8ECD 
 320      8E4C8B78 
 320      594AB308 
 320      9AB8
ARM GAS  /var/folders/_f/jzb7lsz153bclt069nvlpp5r0000gn/T//ccPUD33b.s 			page 25


 321 06c7 7827B838 		.ascii	"x'\2708\007\334\220\353\274\344\032\266y\200yq\363\372"
 321      07DC90EB 
 321      BCE41AB6 
 321      79807971 
 321      F3FA
 322 06d9 764C6C92 		.ascii	"vLl\2226\317\225\026\345\001\333+\231\353\252\2113w"
 322      36CF9516 
 322      E501DB2B 
 322      99EBAA89 
 322      3377
 323 06eb 01643B27 		.ascii	"\001d;':\223\314#8\363\316\351\366\003Z\027g\356rq\346"
 323      3A93CC23 
 323      38F3CEE9 
 323      F6035A17 
 323      67EE7271 
 324 0700 6E873377 		.ascii	"n\2073wSgv\347\324\247\252]\320\244n\222\320\371\016"
 324      536776E7 
 324      D4A7AA5D 
 324      D0A46E92 
 324      D0F90E
 325 0713 743E45E7 		.ascii	"t>E\347W\265\014\251q\253\226\245\2013\333-^Pz\325C"
 325      57B50CA9 
 325      71AB96A5 
 325      8133DB2D 
 325      5E507AD5 
 326 0728 15D9B556 		.ascii	"\025\331\265V,\"9\312`\345\244\312\013\256Y\345\265"
 326      2C2239CA 
 326      60E5A4CA 
 326      0BAE59E5 
 326      B5
 327 0739 879BE394 		.ascii	"\207\233\343\224\365x;\262\236\355%\223\3674\270\217"
 327      F5783BB2 
 327      9EED2593 
 327      F734B88F 
 328 0749 919E2D6B 		.ascii	"\221\236-k\274\341\205\2372eh\313\320so<\315\224\223"
 328      BCE1859F 
 328      326568CB 
 328      D0736F3C 
 328      CD9493
 329 075c FB37D67A 		.ascii	"\3737\326z`\213\033Q\264\255\351_\267\220\344\310w\256"
 329      608B1B51 
 329      B4ADE95F 
 329      B790E4C8 
 329      77AE
 330 076e DF5C470A 		.ascii	"\337\\G\012d\235g\253\342\205\355\334\017\323\333\270"
 330      649D67AB 
 330      E285EDDC 
 330      0FD3DBB8 
 331 077e 579DC5DD 		.ascii	"W\235\305\335\245ZG\272D\242\304\366\312\255g\007l/"
 331      A55A47BA 
 331      44A2C4F6 
 331      CAAD6707 
 331      6C2F
 332 0790 37DB71FE 		.ascii	"7\333q\376m\216\015*\205\015:\000\033T\014R\002R\344"
 332      6D8E0D2A 
 332      850D3A00 
 332      1B540C52 
ARM GAS  /var/folders/_f/jzb7lsz153bclt069nvlpp5r0000gn/T//ccPUD33b.s 			page 26


 332      0252E4
 333 07a3 FC48CE17 		.ascii	"\374H\316\027'(T6\346\027\342Q\337Y\252\205=\265\275"
 333      27285436 
 333      E617E251 
 333      DF59AA85 
 333      3DB5BD
 334 07b6 102C34A4 		.ascii	"\020,4\244\363J[<\205\314\256@\316$\0054\004V\307\345"
 334      F34A5B3C 
 334      85CCAE40 
 334      CE240534 
 334      0456C7E5 
 335 07ca B1541FE4 		.ascii	"\261T\037\344\347K"
 335      E74B
 336 07d0 396D1FE9 		.ascii	"9m\037\351P9@\367IQb\023\242DiU\250\014\026\363}\013"
 336      503940F7 
 336      49516213 
 336      A2446955 
 336      A80C16F3 
 337 07e6 836D789E 		.ascii	"\203mx\236l[\342\022/\345.\321U\341\210\227\012\032"
 337      6C5BE212 
 337      2FE52ED1 
 337      55E18897 
 337      0A1A
 338 07f8 2F27BB53 		.ascii	"/'\273S\006\331V\367\320\352\253\305\276%\201\025c\351"
 338      06D956F7 
 338      D0EAABC5 
 338      BE258115 
 338      63E9
 339 080a AC40E8CF 		.ascii	"\254@\350\317H\362\301\251tOQ\252\345\\\211^\250\001"
 339      48F2C1A9 
 339      744F51AA 
 339      E55C895E 
 339      A801
 340 081c 937F500D 		.ascii	"\223\177P\015x\352by\203\017\336\302\306\267\216\326"
 340      78EA6279 
 340      830FDEC2 
 340      C6B78ED6 
 341 082c 1F74C7B9 		.ascii	"\037t\307\271Ly\372\260\341\226\016\357f\312\2416K\255"
 341      4C79FAB0 
 341      E1960EEF 
 341      66CAA136 
 341      4BAD
 342 083e 16EF7328 		.ascii	"\026\357s()\207\317k\261\3151\347\266\255M\010\227\271"
 342      2987CF6B 
 342      B1CD31E7 
 342      B6AD4D08 
 342      97B9
 343 0850 B914FEB3 		.ascii	"\271\024\376\263X\341\277\251u\307iLU;\213\323\313\327"
 343      58E1BFA9 
 343      75C7694C 
 343      553B8BD3 
 343      CBD7
 344 0862 8EAA71A5 		.ascii	"\216\252q\245c\340M[\233\033>N\025.\373\316h!\022\312"
 344      63E04D5B 
 344      9B1B3E4E 
 344      152EFBCE 
 344      682112CA 
ARM GAS  /var/folders/_f/jzb7lsz153bclt069nvlpp5r0000gn/T//ccPUD33b.s 			page 27


 345 0876 F6916C1E 		.ascii	"\366\221l\036\277\251B\357\321j\015\325\201'g9\014?"
 345      BFA942EF 
 345      D16A0DD5 
 345      81276739 
 345      0C3F
 346 0888 01AEAEE1 		.ascii	"\001\256\256\341\0345\3731[\346[\344\026Q\313\351\321"
 346      1C35FB31 
 346      5BE65BE4 
 346      1651CBE9 
 346      D1
 347 0899 29698F66 		.ascii	")i\217f\211%;\327\323Y\370\357\312\244\247_F:\236\326"
 347      89253BD7 
 347      D359F8EF 
 347      CAA4A75F 
 347      463A9ED6 
 348 08ad FA63425A 		.ascii	"\372cBZ\017\244'%R\230C\272\327\246'l\307\314\313\337"
 348      0FA42725 
 348      529843BA 
 348      D7A6276C 
 348      C7CCCBDF 
 349 08c1 4FEA542D 		.ascii	"O\352T-y\263jil\303H\012+g<iq\226U\\\301J$\017\372\342"
 349      79B36A69 
 349      6CC3480A 
 349      2B673C69 
 349      7196555C 
 350 08db EAD1EE6D 		.ascii	"\352\321\356m^/\257c\2338G\035\333\310\270\363.u\356"
 350      5E2FAF63 
 350      9B38471D 
 350      DBC8B8F3 
 350      2E75EE
 351 08ee F47214B2 		.ascii	"\364r\024\262<?\007Q\273\317\300\334_s\004~\226{]\030"
 351      3C3F0751 
 351      BBCFC0DC 
 351      5F73047E 
 351      967B5D18 
 352 0902 44D0B553 		.ascii	"D\320\265S\335\355\036\316\350\206W\241\353F\037\333"
 352      DDED1ECE 
 352      E88657A1 
 352      EB461FDB 
 353 0912 3DF019B6 		.ascii	"=\360\031\266[\227\232\316\334\364\300g\231\222\314"
 353      5B979ACE 
 353      DCF4C067 
 353      9992CC
 354 0921 5BCAF4F8 		.ascii	"[\312\364\370<SF\356\016\355\364\302\355L\031\334[|"
 354      3C5346EE 
 354      0EEDF4C2 
 354      ED4C19DC 
 354      5B7C
 355 0933 CD137732 		.ascii	"\315\023w2\345tb\336\021\017\334\305\224\376\341\354"
 355      E57462DE 
 355      110FDCC5 
 355      94FEE1EC 
 356 0943 876ADCCB 		.ascii	"\207j\334\313\224\374\307{\223t\270\237)\347\266\344"
 356      94FCC77B 
 356      9374B89F 
 356      29E7B6E4 
 357 0953 F56B9D8B 		.ascii	"\365k\235\213\361j\356\025\305\370\361\206\316\031\017"
ARM GAS  /var/folders/_f/jzb7lsz153bclt069nvlpp5r0000gn/T//ccPUD33b.s 			page 28


 357      F16AEE15 
 357      C5F8F186 
 357      CE190F
 358 0962 3CCC864E 		.ascii	"<\314\206N[\370jw<\302\224\206d~\217'\036e\312\246\362"
 358      5BF86A77 
 358      3CC29486 
 358      647E8F27 
 358      1E65CAA6 
 359 0977 8227EC1D 		.ascii	"\202'\354\035\003\246U\373\236\2566\374r\267v\010n\375"
 359      03A655FB 
 359      9EAE36FC 
 359      72B77608 
 359      6EFD
 360 0989 C6E1D6A1 		.ascii	"\306\341\326\241K%>\222\243\330\373\001\351\356\325"
 360      4B253E92 
 360      A3D8FB01 
 360      E9EED5
 361 0998 491DD521 		.ascii	"I\035\325!8*u\242\262\016;\243\311\002^\212~XU\274\323"
 361      382A75A2 
 361      B20E3BA3 
 361      C9025E8A 
 361      7E5855BC 
 362 09ad 138F3333 		.ascii	"\023\21733\277\276|\263TKc\303\312\352\331\326c\267"
 362      BFBE7CB3 
 362      544B63C3 
 362      CAEAD9D6 
 362      63B7
 363 09bf 5870FC88 		.ascii	"Xp\374\210\276]\270[9\240{\271\331]\202\331\305\354"
 363      BE5DB85B 
 363      39A07BB9 
 363      D95D82D9 
 363      C5EC
 364 09d1 309FD87B 		.ascii	"0\237\330{(Rn\365\015\260\343&\335\336[\324\216.\301"
 364      28526EF5 
 364      0DB0E326 
 364      DDDE5BD4 
 364      8E2EC1
 365 09e4 8E6753A5 		.ascii	"\216gS\245\375/X\375R\364p\307\2314O\374\234Y\235\264"
 365      FD2F58FD 
 365      52F470C7 
 365      99344FFC 
 365      9C599DB4 
 366 09f8 7DFD7935 		.ascii	"}\375y5N\324\021\345\215\362\333}\207tH\241\262\366"
 366      4ED411E5 
 366      8DF2DB7D 
 366      877448A1 
 366      B2F6
 367 0a0a 158AEB9C 		.ascii	"\025\212\353\234\313\323\277*\221\236,\307\341X\215"
 367      CBD3BF2A 
 367      919E2CC7 
 367      E1588D
 368 0a19 72AF4A09 		.ascii	"r\257J\011g\312\204\033\3771e\254\224\200\354\256\020"
 368      67CA841B 
 368      FF3165AC 
 368      9480ECAE 
 368      10
 369 0a2a A03D7268 		.ascii	"\240=rh\275\014:-\262\036\221C]2\356\255\011\326\034"
ARM GAS  /var/folders/_f/jzb7lsz153bclt069nvlpp5r0000gn/T//ccPUD33b.s 			page 29


 369      BD0C3A2D 
 369      B21E9143 
 369      5D32EEAD 
 369      09D61C
 370 0a3d 03202F73 		.ascii	"\003 /s\257\243v\007R\314.\344%[\2468\377%9\251kj\276"
 370      AFA37607 
 370      52CC2EE4 
 370      255BA638 
 370      FF2539A9 
 371 0a54 D562DD41 		.ascii	"\325b\335A\261\304\315W\345\330\036W\027$X\223\0159"
 371      B1C4CD57 
 371      E5D81E57 
 371      17245893 
 371      0D39
 372 0a66 F3513358 		.ascii	"\363Q3Xp\316\001\025\216\251k\262\015\254\223e\002\353"
 372      70CE0115 
 372      8EA96BB2 
 372      0DAC9365 
 372      02EB
 373 0a78 2139EBBB 		.ascii	"!9\353\273\256\310\\q\376+\312\363K\313\332$.\353\242"
 373      AEC85C71 
 373      FE2BCAF3 
 373      4BCBDA24 
 373      2EEBA2
 374 0a8b F2B224E8 		.ascii	"\362\262$\350\224\350\326\303\212\363;\355k\252\310"
 374      94E8D6C3 
 374      8AF33BED 
 374      6BAAC8
 375 0a9a DA2A87BA 		.ascii	"\332*\207\272TtPx\345\221\035\200\030\2445\032A\012"
 375      54745078 
 375      E5911D80 
 375      18A4351A 
 375      410A
 376 0aac 91297B5F 		.ascii	"\221){_\001\233\265\213@\273\001z\233\223A\007d\246"
 376      019BB58B 
 376      40BB017A 
 376      9B934107 
 376      64A6
 377 0abe 3E174D3D 		.ascii	">\027M=\252\034\001N\266\246\211\266\266)\333\352\204"
 377      AA1C014E 
 377      B6A689B6 
 377      B629DBEA 
 377      84
 378 0acf CD10B117 		.ascii	"\315\020\261\027\344\330N96]\304\236W\306\276\360\302"
 378      E4D84E39 
 378      365DC49E 
 378      57C6BEF0 
 378      C2
 379 0ae0 E4202CA7 		.ascii	"\344 ,\247\222\236\311QGr1\006\017\232{\220T\014\203"
 379      929EC951 
 379      47723106 
 379      0F9A7B90 
 379      540C83
 380 0af3 DC051901 		.ascii	"\334\005\031\001\351\005\371\026d\000\344\031\310}\220"
 380      E905F916 
 380      6400E419 
 380      C87D90
ARM GAS  /var/folders/_f/jzb7lsz153bclt069nvlpp5r0000gn/T//ccPUD33b.s 			page 30


 381 0b02 47204F40 		.ascii	"G O@\036\203\014\201\364\201|\0072\010\322\017\362\024"
 381      1E830C81 
 381      F4817C07 
 381      3208D20F 
 381      F214
 382 0b14 E421C803 		.ascii	"\344!\310\003\220;b\346\005.\335I\\z\015\\z\335a\243"
 382      903B62E6 
 382      052EDD49 
 382      5C7A0D5C 
 382      7ADD61A3 
 383 0b28 98E3F4CA 		.ascii	"\230\343\364\312\\\232\".\247E\276\034\347\367\0124"
 383      5C9A222E 
 383      A745BE1C 
 383      E7F70A34 
 384 0b38 A11A2F23 		.ascii	"\241\032/#I\332\250RF\277\376z\236U+$^\371\261:4\001"
 384      49DAA852 
 384      46BFFE7A 
 384      9E552B24 
 384      5EF9B13A 
 385 0b4e 4C55D2F3 		.ascii	"LU\322\363wT)\361\022\034\203\306\301\037\377\027\276"
 385      775429F1 
 385      121C83C6 
 385      C11FFF17 
 385      BE
 386 0b5f 216FBFB7 		.ascii	"!o\277\267~s\310\303%{\233p\311\336&\035\331\333$\315"
 386      7E73C8C3 
 386      257B9B70 
 386      C9DE261D 
 386      D9DB24CD 
 387 0b73 DE6AC68F 		.ascii	"\336j\306\217\024y\263\354\215ek'\007\236\262\247\322"
 387      1479B3EC 
 387      8D656B27 
 387      079EB2A7 
 387      D2
 388 0b84 5BF4057C 		.ascii	"[\364\005|\375\206g\034\276J\357\243h`S\216\305\013"
 388      FD86671C 
 388      BE4AEFA3 
 388      6860538E 
 388      C50B
 389 0b96 F732A5A1 		.ascii	"\3672\245\241yK\205\007\356c\312\365\226\301\"-\036"
 389      794B8507 
 389      EE63CAF5 
 389      96C1222D 
 389      1E
 390 0ba7 62CAFEAD 		.ascii	"b\312\376\255c)>\370\011S\306\246\356\377\026?c\327"
 390      63293EF8 
 390      0953C6A6 
 390      EEFF163F 
 390      63D7
 391 0bb9 DBDA7A37 		.ascii	"\333\332z7\273\341i\252\270o\230,\335\354\345\270)\373"
 391      BBE169AA 
 391      B86F982C 
 391      DDECE5B8 
 391      29FB
 392 0bcb 8A09FEC8 		.ascii	"\212\011\376\310\2779%\370v\360n*~\305i\255\025\267"
 392      BF3925F8 
 392      76F06E2A 
ARM GAS  /var/folders/_f/jzb7lsz153bclt069nvlpp5r0000gn/T//ccPUD33b.s 			page 31


 392      7EC569AD 
 392      15B7
 393 0bdd 3601CBA0 		.ascii	"6\001\313\240/\234\226f\021\233(\307\276pw?%bye^)\272"
 393      2F9C9666 
 393      119B28C7 
 393      BE70773F 
 393      25627965 
 394 0bf4 6A44E88C 		.ascii	"jD\350\214\242\265\022\362\234\210\264\310I\333\224"
 394      A2B512F2 
 394      9C88B4C8 
 394      49DB94
 395 0c03 8FD51444 		.ascii	"\217\325\024D\3174=V\004MB'\015\373\241d\014\345:\310"
 395      CF343D56 
 395      044D4227 
 395      0DFBA164 
 395      0CE53AC8 
 396 0c17 46900D20 		.ascii	"F\220\015 \351 I )\330\251\202<^A\002\031\206)U\033"
 396      E9204920 
 396      29D8A982 
 396      3C5E4102 
 396      19862955 
 397 0c2c 751552B5 		.ascii	"u\025R\265A\012#\005g\010\345F\306\201\3341\235\354"
 397      410A2305 
 397      6708E546 
 397      C681DC31 
 397      9DEC
 398 0c3e 25846016 		.ascii	"%\204`\026\332\004\326\374\217-k\201\243\223\001\203"
 398      DA04D6FC 
 398      8F2D6B81 
 398      A3930183 
 399 0c4e 9E4B4787 		.ascii	"\236KG\207\230)D\357\276\007\017N\270Fo\006v\216\336"
 399      982944EF 
 399      BE070F4E 
 399      B8466F06 
 399      768EDE
 400 0c61 4CCCA297 		.ascii	"L\314\242\227\264\236+\303W\205\255Z\025\031\026\275"
 400      B49E2BC3 
 400      5785AD5A 
 400      151916BD 
 401 0c71 3A3A5EBB 		.ascii	"::^\273\344\343O\347\030U\013\375\375\015\342\327\270"
 401      E4E34FE7 
 401      18550BFD 
 401      FD0DE2D7 
 401      B8
 402 0c82 32FAB3E8 		.ascii	"2\372\263\350O\314a\001\363\375\003\375\003\015\261"
 402      4FCC6101 
 402      F3FD03FD 
 402      030DB1
 403 0c91 71061861 		.ascii	"q\006\030a\370\"vM|\234\301\274by`\000\373]\274`\335"
 403      F822764D 
 403      7C9CC1BC 
 403      62796000 
 403      FB5DBC60 
 404 0ca6 3A8383CB 		.ascii	":\203\203\313?B\365Z\\|L`@X\304\252\330\210\277Rj\267"
 404      3F42F55A 
 404      5C7C4C60 
 404      4058C4AA 
ARM GAS  /var/folders/_f/jzb7lsz153bclt069nvlpp5r0000gn/T//ccPUD33b.s 			page 32


 404      D888BF52 
 405 0cbc E8357F0B 		.ascii	"\3505\177\013\2016\370\237\345f\204\321qk\374W\252\334"
 405      8136F89F 
 405      E56684D1 
 405      716BFC57 
 405      AADC
 406 0cce 2263C2FF 		.ascii	"\"c\302\377\011\262e\313\202\015\301\313\203\376\036"
 406      09B265CB 
 406      820DC1CB 
 406      83FE1E
 407 0cdd E0200316 		.ascii	"\340 \003\026 \323\255\215^\035\017Z\274>,L\270\014"
 407      20D3AD8D 
 407      5E1D0F5A 
 407      BC3E2C4C 
 407      B80C
 408 0cef 33AC8D5B 		.ascii	"3\254\215[c\000\343\201\301\030\265jU\370\032\303\237"
 408      6300E381 
 408      C118B56A 
 408      55F81AC3 
 408      9F
 409 0d00 2322E685 		.ascii	"#\"\346\205\257\211\231\267:vu\324\274\250\360\317\242"
 409      AF8999B7 
 409      3A7675D4 
 409      BCA8F0CF 
 409      A2
 410 0d11 E72DF88D 		.ascii	"\347-\370\215!`\376\373\037\314\377M\300\007\006\227"
 410      2160FEFB 
 410      1FCCFF4D 
 410      C0070697 
 411 0d21 1E43F4EA 		.ascii	"\036C\364\352\210Uk#\243\0141\341\021+\243WG\031\302"
 411      88556B23 
 411      A30C31E1 
 411      112BA357 
 411      4719C2
 412 0d34 22A33E0F 		.ascii	"\"\243>\017_\273*>,\376\313/\242\342`\316\025\377;\374"
 412      5FBB2A3E 
 412      2CFECB2F 
 412      A2E260CE 
 412      15FF3BFC 
 413 0d48 715FC619 		.ascii	"q_\306\031\302\342\342#\301j \3651\177\031\027\037\025"
 413      C2E2E223 
 413      C16A20F5 
 413      317F1917 
 413      1F15
 414 0d5a 638C5D13 		.ascii	"c\214]\023e$~\377\261\177dx|\270\277\354_\017\223\321"
 414      65247EFF 
 414      B17F6478 
 414      7CB8BFEC 
 414      5F0F93D1 
 415 0d6e 18B602EC 		.ascii	"\030\266\002\354\010\216\372\2343\232\334B\227-3.^b"
 415      088EFA9C 
 415      339ADC42 
 415      972D332E 
 415      5E62
 416 0d80 52931F6C 		.ascii	"R\223\037l\0141\351\202\226.|\337d^A/\002\204\213@r"
 416      0C31E982 
 416      962E7CDF 
ARM GAS  /var/folders/_f/jzb7lsz153bclt069nvlpp5r0000gn/T//ccPUD33b.s 			page 33


 416      645E412F 
 416      02848B40 
 417 0d95 E16E5A64 		.ascii	"\341nZd^d\372\375\242\340\371\272\240P\001\024\312@"
 417      5E64FAFD 
 417      A2E0F9BA 
 417      A0500114 
 417      CA40
 418 0da7 62DFFB6E 		.ascii	"b\337\373n\204`\321\307&\322\0068\332@hED\200\033\031"
 418      8460D1C7 
 418      26D20638 
 418      DA406845 
 418      44801B19 
 419 0dbb 4D7B4229 		.ascii	"M{B)B\354\011t'c\227\205\222\377\310h\361*\220]\011"
 419      42EC0974 
 419      27639785 
 419      92FFC868 
 419      F12A905D 
 420 0dd0 B805EE84 		.ascii	"\270\005\356\204\301\321\033*\340\204\336\017\324\013"
 420      C1D11B2A 
 420      E084DE0F 
 420      D40B
 421 0dde 838DB016 		.ascii	"\203\215\260\026\263\364\327/5f\263q\211I\017\213\015"
 421      B3F4D72F 
 421      3566B371 
 421      89490F8B 
 421      0D
 422 0def 093093A5 		.ascii	"\0110\223\245~O\350D\304\306\304\304\2566D\255\213\207"
 422      7E4FE844 
 422      C4C6C4C4 
 422      AE3644AD 
 422      8B87
 423 0e01 D89147E1 		.ascii	"\330\221G\341\347\013\346\377j\335:\360\270G\350\177"
 423      E70BE6FF 
 423      6ADD3AF0 
 423      B847E87F 
 424 0e11 98045FCE 		.ascii	"\230\004_\316\026\016\322g\341\021\177]\373EXdlLx\364"
 424      160ED267 
 424      E1117F5D 
 424      FB455864 
 424      6C4C78F4 
 425 0e25 6A1AFBDE 		.ascii	"j\032\373\336\301\013\227,7~* \265!\301\306O\202\027"
 425      C10B972C 
 425      377E2A20 
 425      B521C1C6 
 425      4F8217
 426 0e38 69C91A16 		.ascii	"i\311\032\026\377\2214\001\213\377\2503\033\027R\200"
 426      FF913401 
 426      8BFFA833 
 426      1B175280 
 427 0e48 C618FA69 		.ascii	"\306\030\372iH\260:\004\314W\377~\305'&MP\210\011Vc"
 427      48B03A04 
 427      CC57FF7E 
 427      C527264D 
 427      50880956 
 428 0e5d 262B82ED 		.ascii	"&+\202\355\"\021\372\353\260xw\026\253p\205\315KC5\346"
 428      2211FAEB 
 428      B0787716 
ARM GAS  /var/folders/_f/jzb7lsz153bclt069nvlpp5r0000gn/T//ccPUD33b.s 			page 34


 428      AB7085CD 
 428      4B4335E6 
 429 0e71 A5046E5C 		.ascii	"\245\004n\\\014?K\311O0\374h\226/_\034dR/$?A\240\343"
 429      0C3F4BC9 
 429      4F30FC68 
 429      962F5F1C 
 429      64522F24 
 430 0e89 D0C5261C 		.ascii	"\320\305&\034\014\022\024lRC\237I\035b\0162\301tAF\323"
 430      0C12146C 
 430      52439F49 
 430      1D620E32 
 430      C1744146 
 431 0e9e 473FD81B 		.ascii	"G?\330\033A\246\345\006\343rs\210\331@\"\312\020\342"
 431      41A6E506 
 431      E3727388 
 431      D94022CA 
 431      10E2
 432 0eb0 88C40850 		.ascii	"\210\304\010P\302\"b\026\200S\274\026/\0132/\025\026"
 432      C2226216 
 432      8053BC16 
 432      2F0B322F 
 432      1516
 433 0ec2 8B815DFD 		.ascii	"\213\201]\375\321\242?\230\334>\011]AZ\016,\203K\243"
 433      D1A23F98 
 433      DC3E095D 
 433      415A0E2C 
 433      834BA3
 434 0ed5 494B7FDF 		.ascii	"IK\177\337\377\007L\223\254v"
 434      FF074C93 
 434      AC76
 435              		.text
 436              		.section	.gnu.lto_.symtab.3bf052502e962d11,"",%progbits
 437 0000 68616C5F 		.ascii	"hal_lld_init\000\000\000\000\000\000\000\000\000\000"
 437      6C6C645F 
 437      696E6974 
 437      00000000 
 437      00000000 
 438 0016 0000AC00 		.ascii	"\000\000\254\000\000\000stm32_clock_init\000\000\000"
 438      00007374 
 438      6D33325F 
 438      636C6F63 
 438      6B5F696E 
 439 002f 00000000 		.ascii	"\000\000\000\000\000\000\000\000\000\256\000\000\000"
 439      00000000 
 439      00AE0000 
 439      00
 440 003c 53797374 		.ascii	"SystemCoreClock\000\000\000\000\000\000\000\000\000"
 440      656D436F 
 440      7265436C 
 440      6F636B00 
 440      00000000 
 441 0054 000000BE 		.ascii	"\000\000\000\276\000\000\000irqInit\000\000\002\000"
 441      00000069 
 441      7271496E 
 441      69740000 
 441      0200
 442 0066 00000000 		.ascii	"\000\000\000\000\000\000\000\000\260\000\000\000dma"
ARM GAS  /var/folders/_f/jzb7lsz153bclt069nvlpp5r0000gn/T//ccPUD33b.s 			page 35


 442      00000000 
 442      B0000000 
 442      646D61
 443 0075 496E6974 		.ascii	"Init\000\000\002\000\000\000\000\000\000\000\000\000"
 443      00000200 
 443      00000000 
 443      00000000 
 444 0085 B2000000 		.ascii	"\262\000\000\000"
 445              		.text
 446              		.section	.gnu.lto_.opts,"",%progbits
 447 0000 272D6666 		.ascii	"'-ffp-contract=off' '-fno-trapv' '-mcpu=cortex-m4' "
 447      702D636F 
 447      6E747261 
 447      63743D6F 
 447      66662720 
 448 0033 272D6D74 		.ascii	"'-mthumb' '-mfloat-abi=hard' '-mfpu=fpv4-sp-d16' '-"
 448      68756D62 
 448      2720272D 
 448      6D666C6F 
 448      61742D61 
 449 0066 67676462 		.ascii	"ggdb' '-O2' '-fomit-frame-pointer' '-falign-functio"
 449      2720272D 
 449      4F322720 
 449      272D666F 
 449      6D69742D 
 450 0099 6E733D31 		.ascii	"ns=16' '-ffunction-sections' '-fdata-sections' '-fn"
 450      36272027 
 450      2D666675 
 450      6E637469 
 450      6F6E2D73 
 451 00cc 6F2D636F 		.ascii	"o-common' '-flto' '-fsingle-precision-constant'\000"
 451      6D6D6F6E 
 451      2720272D 
 451      666C746F 
 451      2720272D 
 452              		.text
 453              		.comm	__gnu_lto_v1,1,1
 454              		.comm	__gnu_lto_slim,1,1
 455              		.ident	"GCC: (GNU Tools for ARM Embedded Processors) 4.9.3 20150529 (release) [ARM/embedded-4_9-br
ARM GAS  /var/folders/_f/jzb7lsz153bclt069nvlpp5r0000gn/T//ccPUD33b.s 			page 36


DEFINED SYMBOLS
                            *ABS*:0000000000000000 hal_lld.c
                            *COM*:0000000000000001 __gnu_lto_v1
                            *COM*:0000000000000001 __gnu_lto_slim

NO UNDEFINED SYMBOLS
