ARM GAS  /var/folders/_f/jzb7lsz153bclt069nvlpp5r0000gn/T//ccmLSEcP.s 			page 1


   1              		.syntax unified
   2              		.cpu cortex-m4
   3              		.eabi_attribute 27, 1
   4              		.eabi_attribute 28, 1
   5              		.fpu fpv4-sp-d16
   6              		.eabi_attribute 20, 1
   7              		.eabi_attribute 21, 1
   8              		.eabi_attribute 23, 3
   9              		.eabi_attribute 24, 1
  10              		.eabi_attribute 25, 1
  11              		.eabi_attribute 26, 1
  12              		.eabi_attribute 30, 2
  13              		.eabi_attribute 34, 1
  14              		.eabi_attribute 18, 4
  15              		.thumb
  16              		.file	"hal_pal.c"
  17              		.text
  18              	.Ltext0:
  19              		.section	.gnu.lto_.profile.81a14efeb28dc3cf,"",%progbits
  20 0000 789C6366 		.ascii	"x\234cf```a\200\000F\206D\013\000\001n\000\242"
  20      60606061 
  20      80004686 
  20      440B0001 
  20      6E00A2
  21              		.text
  22              		.section	.gnu.lto_.jmpfuncs.81a14efeb28dc3cf,"",%progbits
  23 0000 789C6DCD 		.ascii	"x\234m\315A\016@@\014\005\320\376\337\301\254\\\327"
  23      410E4040 
  23      0C05D0FE 
  23      DFC1AC5C 
  23      D7
  24 0011 6A526B1B 		.ascii	"jRk\033;q\003\334\300A\\\304Rd\022%vt\323\246}\371U"
  24      3B7103DC 
  24      C0415CC4 
  24      52641225 
  24      7674D3A6 
  25 0028 F9AFEEED 		.ascii	"\371\257\356\355\205\0000p'\206~[5\235\355\330\306\203"
  25      85003070 
  25      27867E5B 
  25      359DEDD8 
  25      C683
  26 003a 92E9574C 		.ascii	"\222\351WLHB\002j?\006\231p3\273\011\217\201\336\221"
  26      4842026A 
  26      3F069970 
  26      33BB098F 
  26      81DE91
  27 004d DADCDB8F 		.ascii	"\332\334\333\217f\246Gbq]\006\177\212Z\314,\252O\225"
  27      66A64762 
  27      715D067F 
  27      8A5ACC2C 
  27      AA4F95
  28 0060 0F7201A4 		.ascii	"\017r\001\244\301$\002"
  28      C12402
  29              		.text
  30              		.section	.gnu.lto_.inline.81a14efeb28dc3cf,"",%progbits
  31 0000 789C6366 		.ascii	"x\234cf\300\016R\031!4+\003\203\200\010#\033C\306G&"
  31      C00E5219 
ARM GAS  /var/folders/_f/jzb7lsz153bclt069nvlpp5r0000gn/T//ccmLSEcP.s 			page 2


  31      21342B03 
  31      83800823 
  31      1B43C647 
  32 0015 C6FB4FCE 		.ascii	"\306\373O\316_\344x\301\364\223\211\231\201\201q9\243"
  32      5FE478C1 
  32      F4938999 
  32      81817139 
  32      A3
  33 0026 14034326 		.ascii	"\024\003C&\204J\003J\256?z\372\020\033H\222\205\237"
  33      844A034A 
  33      AE3F7AFA 
  33      101B4892 
  33      859F
  34 0038 817105A3 		.ascii	"\201q\005\243\024\263\003\320\014\010\0152\212\221\201"
  34      14B303D0 
  34      0C080D32 
  34      8A9181
  35 0047 D9819573 		.ascii	"\331\201\225s\205\033\003\347\0153&\006\226\005\362"
  35      851B03E7 
  35      0D332606 
  35      9605F2
  36 0056 40E125EC 		.ascii	"@\341%\354\015\214\034L\014\254[T\2004\3102&n\006\021"
  36      0D8C1C4C 
  36      0CAC5B54 
  36      8034C832 
  36      266E0611 
  37 006a A04A2606 		.ascii	"\240J&\006QIFv\206\014T;p\030\312\010d\260\011\276h"
  37      51494676 
  37      860C543B 
  37      7018CA08 
  37      64B009BE 
  38 007f 61C46D32 		.ascii	"a\304m2\323\005\376\006&$\363Y\030\204\344A^\"\312|"
  38      D305FE06 
  38      2624F359 
  38      1884E441 
  38      5E22CA7C 
  39 0093 56D60E75 		.ascii	"V\326\016u\274\216f\341e``\236\340\007\202P\363\331"
  39      BC8E66E1 
  39      6560609E 
  39      E0078250 
  39      F3D9
  40 00a5 18585980 		.ascii	"\030XY\200\276\000\252g`[ \017\266\231\203\201\215\025"
  40      BE00AA67 
  40      605B200F 
  40      B6998381 
  40      8D15
  41 00b7 E852A0A1 		.ascii	"\350R\240\241\314pa\240\263X@\372\031\030\000$\0067"
  41      CC7061A0 
  41      B35840FA 
  41      19180024 
  41      0637
  42 00c9 AC       		.ascii	"\254"
  43              		.text
  44              		.section	.gnu.lto_.pureconst.81a14efeb28dc3cf,"",%progbits
  45 0000 789C6366 		.ascii	"x\234cf``\340f\200\000V\006)&)\026I6)\016)\000\0049"
  45      6060E066 
  45      80005606 
ARM GAS  /var/folders/_f/jzb7lsz153bclt069nvlpp5r0000gn/T//ccmLSEcP.s 			page 3


  45      29262916 
  45      4936290E 
  46 0018 00A9     		.ascii	"\000\251"
  47              		.text
  48              		.section	.gnu.lto_palReadBus.81a14efeb28dc3cf,"",%progbits
  49 0000 789C8D52 		.ascii	"x\234\215RAKTQ\024>\337\275o\336\274\23176\346*$\242"
  49      414B5451 
  49      143EDFBD 
  49      6FDEBC99 
  49      3736E62A 
  50 0016 8DB872C6 		.ascii	"\215\270r\306\022Z\007\376\200\026\375\000Q7\012B\221"
  50      125A07FE 
  50      8016FD00 
  50      51370A42 
  50      91
  51 0027 046D069F 		.ascii	"\004m\006\237:D\220\250\210\304\204\230FD\232\351\244"
  51      3A4490A8 
  51      88C48498 
  51      46449AE9 
  51      A4
  52 0038 A5A95988 		.ascii	"\245\251Y\210P\010\225\021\232\246\204-\232\240\240"
  52      50089511 
  52      9AA6842D 
  52      9AA0A0
  53 0047 4233C829 		.ascii	"B3\310)\304\316\271o\322\2016\016\357\335;\337=\337"
  53      C4CEB96F 
  53      D281360E 
  53      EFDD3BDF 
  53      3DDF
  54 0059 F9CEF9CE 		.ascii	"\371\316\371\316}\232\376\377U\362\333\246\211N\361"
  54      7D9AFEFF 
  54      55F2DBA6 
  54      894EF1
  55 0068 0E9BA03A 		.ascii	"\016\233\240:\027\210\232\035\245\254\376\000ya\275"
  55      17889A1D 
  55      A5ACFE00 
  55      7961BD
  56 0077 314FE445 		.ascii	"1O\344E\264\262\226\342\014\0033\307\030Y\010\370\254"
  56      B4B296E2 
  56      0C0333C7 
  56      185908F8 
  56      AC
  57 0088 00207F08 		.ascii	"\000 \177\010\324\244\264\025@\023\276\250M\205\251"
  57      D4A4B415 
  57      4013BEA8 
  57      4D85A9
  58 0097 919FAFDC 		.ascii	"\221\237\257\334\317*\253\35081\234\356\232O\331\002"
  58      CF2AABE8 
  58      38319CEE 
  58      9A4FD902 
  59 00a7 61095C59 		.ascii	"a\011\\YN\255\204Jo{^\313F\327\350\245\353\335\375\034"
  59      4EAD844A 
  59      6F7B5ECB 
  59      46D7E8A5 
  59      EBDDFD1C 
  60 00bb 51B4A508 		.ascii	"Q\264\245\010wP\214\001\024\213\340 J\231\272\321\274"
  60      77508C01 
ARM GAS  /var/folders/_f/jzb7lsz153bclt069nvlpp5r0000gn/T//ccmLSEcP.s 			page 4


  60      148BE020 
  60      4A99BAD1 
  60      BC
  61 00cc 9A09EA0A 		.ascii	"\232\011\352\012H\332\362\352\352\242]r\213\323f\027"
  61      48DAF2EA 
  61      EAA25D72 
  61      8BD36617 
  62 00dc C6BCD356 		.ascii	"\306\274\323VVi\334\205\316\317\343#\302\020J\204\276"
  62      5669DC85 
  62      CECFE323 
  62      C2104A84 
  62      BE
  63 00ed 99DC5971 		.ascii	"\231\334Yq\355\244\347y\205;\212D\236U\357\301\006o"
  63      EDA4E779 
  63      853B8A44 
  63      9E55EFC1 
  63      066F
  64 00ff 7C902E9A 		.ascii	"|\220.\232\365vw?\016\177\035\265\012\024$\311\342t"
  64      F576773F 
  64      0E7F1DB5 
  64      0A1424C9 
  64      E274
  65 0111 CBE62510 		.ascii	"\313\346%\020\344\305v\004\206x\011\206\005\272\262"
  65      E4C57604 
  65      86780986 
  65      05BAB2
  66 0120 44483AA5 		.ascii	"DH:\245\014\277b\373\023\003\336\365[$\337\265\246\333"
  66      0CBF62FB 
  66      1303DEF5 
  66      5B24DFB5 
  66      A6DB
  67 0132 B4C8FF52 		.ascii	"\264\310\377R2\200\017\231\327o\034q\314\203\305\260"
  67      32800F99 
  67      D76F1C71 
  67      CC83C5B0 
  68 0142 7124744D 		.ascii	"q$tM<M\275\206\226\011\370\\\213\271\343\333}\337\012"
  68      3C4DBD86 
  68      9609F85C 
  68      8BB9E3DB 
  68      7DDF0A
  69 0155 7AD183AC 		.ascii	"z\321\203\254r8\333\247\363\371\367\271\366\337\321"
  69      7238DBA7 
  69      F3F9F7B9 
  69      F6DFD1
  70 0164 B221AF30 		.ascii	"\262!\2570\253B\030A/~\210\005B\032e\304\025\027\364"
  70      AB421841 
  70      2F7E8805 
  70      421A65C4 
  70      1517F4
  71 0177 BE44FAD9 		.ascii	"\276D\372\331\21393\340P\224p\177\257\234Ek'\364{XB"
  71      8B3933E0 
  71      5094707F 
  71      AF9C456B 
  71      27F47B58 
  72 018c 14C51B8B 		.ascii	"\024\305\033\213\355#*\361\307\273\3429Y\025\336R2\212"
  72      ED232AF1 
  72      C7BBE239 
ARM GAS  /var/folders/_f/jzb7lsz153bclt069nvlpp5r0000gn/T//ccmLSEcP.s 			page 5


  72      5915DE52 
  72      328A
  73 019e 51242474 		.ascii	"Q$$t\255ciRs(%!W\006F\3716\\\003\007;\272'\271\217\236"
  73      AD636952 
  73      73282521 
  73      570646F9 
  73      365C0307 
  74 01b8 E64E6145 		.ascii	"\346NaE0\206\004\036\344\272\355\313\014\244\\\0268"
  74      3086041E 
  74      E4BAEDCB 
  74      0CA45C16 
  74      38
  75 01c9 C2643C64 		.ascii	"\302d<d\226)\212q$\262\252\300t\0230\263\022\363\233"
  75      96298A71 
  75      24B2AAC0 
  75      741330B3 
  75      12F39B
  76 01dc CF6FE69A 		.ascii	"\317o\346\232\267\017\346\377\020&\214\177\210\377G"
  76      B70FE6FF 
  76      10268C7F 
  76      88FF47
  77 01eb EC7F0D73 		.ascii	"\354\177\015s\377F\030\314\3573j2\363\024\013\271\006"
  77      FF4618CC 
  77      EF336A32 
  77      F3140BB9 
  77      06
  78 01fc 26738A99 		.ascii	"&s\212\231\227W'\034VLr\3400\246\214\244\371,\246\215"
  78      9757271C 
  78      564C72E0 
  78      30A68CA4 
  78      F92CA68D 
  79 0210 E4DEAD38 		.ascii	"\344\336\2558\007\275\225\307\373\2672\343K\254\007"
  79      07BD95C7 
  79      FBB732E3 
  79      4BAC07
  80 021f 7D8910AB 		.ascii	"}\211\020\2530n]\267}\034\346F\3714\277\212{\260*Ex"
  80      306E5DB7 
  80      7D1CE646 
  80      F934BF8A 
  80      7BB02A45 
  81 0234 62AA68A9 		.ascii	"b\252h\251\362\324Ti\335\276|\324\327\210\030e\227\326"
  81      F2D45469 
  81      DDBE7CD4 
  81      D7881865 
  81      97D6
  82 0246 91138D90 		.ascii	"\221\023\215\220|\236\220Qs_\345\261X|\357\251\254\253"
  82      7C9E9051 
  82      735FE5B1 
  82      587CEFA9 
  82      ACAB
  83 0258 AFA93F73 		.ascii	"\257\251?s\266\352dy\254\"V\021?\327\030\257\253n\210"
  83      B6EA6479 
  83      AC225611 
  83      3FD718AF 
  83      AB6E88
  84 026b 375EA895 		.ascii	"7^\250\225\275\352|uC\254\226t\315\305\306\277\221,"
  84      BDEA7C75 
ARM GAS  /var/folders/_f/jzb7lsz153bclt069nvlpp5r0000gn/T//ccmLSEcP.s 			page 6


  84      43AC9674 
  84      CDC5C6BF 
  84      912C
  85 027d 4625     		.ascii	"F%"
  86              		.text
  87              		.section	.gnu.lto_palWriteBus.81a14efeb28dc3cf,"",%progbits
  88 0000 789C8D53 		.ascii	"x\234\215S[KTQ\024\336\337\336g\316\214\236\031g4\203"
  88      5B4B5451 
  88      14DEDFDE 
  88      67CE8C9E 
  88      19673483 
  89 0014 288820C4 		.ascii	"(\210 \304'g,\037z)\212\202^{\350\007D\332\203BPd\321"
  89      27672C1F 
  89      7A298A82 
  89      5E7BE807 
  89      44DA8342 
  90 002b 9378CC29 		.ascii	"\223x\314)\2020E\"L\351N\224YZ\232\227\312t\262\202"
  90      82304522 
  90      4CE94E94 
  90      595A9A97 
  90      CA74B282 
  91 003f A052EC62 		.ascii	"\240R\354bif\221#\324C\341\015r\012\233\326\332\347"
  91      69669123 
  91      D443E10D 
  91      720A9BD6 
  91      DAE7
  92 0051 6453BD38 		.ascii	"dS\2758\234\331g\257\265\277\365\255o\255\265\217\022"
  92      9CD967AF 
  92      B5BFF5AD 
  92      6FADB58F 
  92      12
  93 0062 FFFFB6D0 		.ascii	"\377\377\266\320\177\314\020b\003\275a\012\310\232~"
  93      7FCC1062 
  93      03BD610A 
  93      C89A7E
  94 0071 212A7C52 		.ascii	"!*|R\032\347<\302NW\223\217\205\260\375J\032/#dz\272"
  94      1AE73CC2 
  94      4E57938F 
  94      85B0FD4A 
  94      1A2F2364 
  95 0087 579265C0 		.ascii	"W\222e\300\343\240<\000o\004D\271T\206\007\345\370,"
  95      E3A03C00 
  95      6F0444B9 
  95      548607E5 
  95      F82C
  96 0099 A7246A62 		.ascii	"\247$jbMuV\356%\333\266'/t.;\274,!\205\230\221N>\\F"
  96      4D7556EE 
  96      25DBB627 
  96      2F742E3B 
  96      BC2C2185 
  97 00b3 2E41262B 		.ascii	".A&+\206\343^U\000A\373\333\315\263\317\254O2!\261\212"
  97      86E35E55 
  97      0041FBDB 
  97      CDB3CFAC 
  97      4F3221B1 
  98 00c8 CD3BB58F 		.ascii	"\315;\265\217\353L6\245\301\346\320\360\360\0133\347"
  98      EB4C36A5 
ARM GAS  /var/folders/_f/jzb7lsz153bclt069nvlpp5r0000gn/T//ccmLSEcP.s 			page 7


  98      C1E6D0F0 
  98      F00B33E7 
  99 00d8 A26D1F8A 		.ascii	"\242m\037\212\365\266\332\233\214\204T\270\002E|h\304"
  99      F5B6DA9B 
  99      8C8454B8 
  99      02457C68 
  99      C4
 100 00e9 725CC572 		.ascii	"r\\\305rA.\201&\344\020\272\245c\260>\240\326i\336\356"
 100      412E8126 
 100      E410BAA5 
 100      63B03EA0 
 100      D669DEEE 
 101 00fd 86FACD4E 		.ascii	"\206\372\315N\340g'\320\300\265\177\003\015\201\353"
 101      E06727D0 
 101      C0B57F03 
 101      0D81EB
 102 010c C861F454 		.ascii	"\310a\364Tt\376\265eFIth\376\267^4\303\204\020\222\034"
 102      74FEB565 
 102      46497468 
 102      FEB75E34 
 102      C3841092 
 103 0121 8468ED39 		.ascii	"\204h\3559\365\326R\3535w\345x[\324\263\372<\221\177"
 103      F5D652EB 
 103      3577E578 
 103      5BD4B3FA 
 103      3C917F
 104 0134 E819DF15 		.ascii	"\350\031\337\025\213\236\263\177&\223HH\017Z\376N\341"
 104      8B9EB37F 
 104      26934848 
 104      0F5AFE4E 
 104      E1
 105 0145 567D03AB 		.ascii	"V}\003\253[\262bv2\331\366n\252jc\203\314\226`\305\006"
 105      5BB26276 
 105      32D9F66E 
 105      AA6A6383 
 105      CC9660C5 
 106 015a 49304DB0 		.ascii	"I0M\260\006/m\275>^\322xI\347\023\213\027?-\276\000"
 106      062F6DBD 
 106      3E5ED278 
 106      49E7138B 
 106      173F2DBE 
 107 016f FB327809 		.ascii	"\3732x\011\262\031\342]\246\246\315\242m\232\020q\322"
 107      B219E25D 
 107      A6A6CDA2 
 107      6D9A1071 
 107      D2
 108 0180 CBB39890 		.ascii	"\313\263\230\220\222\337\352\025\242o*g\252\024\227"
 108      92DFEA15 
 108      A26F2A67 
 108      AA1497
 109 018f F04DF254 		.ascii	"\360M\362T\336\307\007\006}\334WEzn\272\322&\310\242"
 109      DEC70706 
 109      7DDC5745 
 109      7A6EBAD2 
 109      26C8A2
 110 01a2 11AB111C 		.ascii	"\021\253\021\034\352\200\2035\010\333>w\366K\3404\032"
 110      EA808335 
ARM GAS  /var/folders/_f/jzb7lsz153bclt069nvlpp5r0000gn/T//ccmLSEcP.s 			page 8


 110      08DB3E77 
 110      F64BE034 
 110      1A
 111 01b3 A8A2748A 		.ascii	"\250\242t\212v\340\344\377\332w\374{0\257\311\016%\244"
 111      76E0E4FF 
 111      DA77FC7B 
 111      30AFC90E 
 111      25A4
 112 01c5 85569CC6 		.ascii	"\205V\234\306\264\036+\332\220'(c\277\372C\321\362\350"
 112      B41E2BDA 
 112      90272863 
 112      BFFA43D1 
 112      F2E8
 113 01d7 499F1EA3 		.ascii	"I\237\036\243\025\024\270\265\220\316\020#k\324(\014"
 113      1514B8B5 
 113      90CE1023 
 113      6BD4280C 
 114 01e7 0632E399 		.ascii	"\0062\343\231\027\307\233e\331\017\373\250\355KH\377"
 114      17C79B65 
 114      D90FFBA8 
 114      ED4B48FF 
 115 01f7 8CA476A3 		.ascii	"\214\244v\243\035e|t\262\372e\227\242\243:>\012\360"
 115      1D657C74 
 115      B2FA6597 
 115      A2A33A3E 
 115      0AF0
 116 0209 50446A19 		.ascii	"PDj\031\001m6V\237\350\"\035\015\0255\214\312@\007\312"
 116      016D3656 
 116      9FE8221D 
 116      0D15358C 
 116      CA4007CA 
 117 021d D0E9AA3D 		.ascii	"\320\351\252=\033\277Rg\021\001]\300\000\030\245\223"
 117      1BBF5267 
 117      11015DC0 
 117      0018A593 
 118 022d E236CA12 		.ascii	"\3426\312\0222\250\325xt\257\250\370\357G\246W\374}"
 118      32A8D578 
 118      74AFA8F8 
 118      EF47A657 
 118      FC7D
 119 023f 09B8B7FA 		.ascii	"\011\270\267\372\002\220\240;\\\224\367\2334\205\323"
 119      0290A03B 
 119      5C94F79B 
 119      3485D3
 120 024e 276DFB16 		.ascii	"'m\373\026\327\247\020\356\352>\201\373\324M}\032A\345"
 120      D7A710EE 
 120      EA3E81FB 
 120      D44D7D1A 
 120      41E5
 121 0260 9CE950A4 		.ascii	"\234\351P\244iV_*k\372b\273\177\357O\367{\034\326Z\227"
 121      69565F2A 
 121      6BFA62BB 
 121      7FEF4FF7 
 121      7B1CD65A 
 122 0275 D572589E 		.ascii	"\325rX\236|\234\233\361s\243\314\220@/QP\2261\257\003"
 122      7C9C9BF1 
 122      73A3CC90 
ARM GAS  /var/folders/_f/jzb7lsz153bclt069nvlpp5r0000gn/T//ccmLSEcP.s 			page 9


 122      402F5150 
 122      9631AF03 
 123 0289 F1138A43 		.ascii	"\361\023\212CF\335\220\200\326\342O\325\226A\345\272"
 123      46DD9080 
 123      D6E24FD5 
 123      9641E5BA 
 124 0299 DA7E4705 		.ascii	"\332~G\005\21185*\244QAv\315\272\256L\315\025\022C\220"
 124      8938352A 
 124      A4514176 
 124      CDBAAE4C 
 124      CD151243 
 125 02ae ECE02692 		.ascii	"\354\340&\2223\265\300\254\305\025\230\211\230.P\177"
 125      33B5C0AC 
 125      C5159889 
 125      982E507F 
 126 02be 86F77581 		.ascii	"\206\367u\201}\265\232\"\365\016d\351\260\024\272%\224"
 126      7DB59A22 
 126      F50E64E9 
 126      B014BA25 
 126      94
 127 02cf 007D2E5D 		.ascii	"\000}.]\374\351\261\016\037\321E\351 \033\0174\237r"
 127      FCE9B10E 
 127      1FD145E9 
 127      201B0F34 
 127      9F72
 128 02e1 6ED1F3C6 		.ascii	"n\321\363\306\201z\277{\264\024\017\2217M7\2232=B\036"
 128      817ABF7B 
 128      B4140F91 
 128      374D3793 
 128      323D421E 
 129 02f5 EB1D4345 		.ascii	"\353\035CE,\271\325\231>\177[\340{BR\362\303\341\310"
 129      2CB9D599 
 129      3E7F5BE0 
 129      7B4252F2 
 129      C3E1C8
 130 0308 C2B3A5B8 		.ascii	"\302\263\245\270\244\260d\333\366\035k\363\303\005\341"
 130      A4B064DB 
 130      F61D6BF3 
 130      C305E1
 131 0317 82C89ED2 		.ascii	"\202\310\236\322H\361\316\335\221\322}E\374\336\261"
 131      48F1CEDD 
 131      91D27D45 
 131      FCDEB1
 132 0326 77E7EE70 		.ascii	"w\347\356p\221P\205\007J\215\302\222\375\2458\370\013"
 132      91508507 
 132      4A8DC292 
 132      FDA538F8 
 132      0B
 133 0337 47E8B426 		.ascii	"G\350\264&"
 134              		.text
 135              		.section	.gnu.lto_palSetBusMode.81a14efeb28dc3cf,"",%progbits
 136 0000 789C8D52 		.ascii	"x\234\215R\317KTQ\024\276\337\275\367\275y\316\233\311"
 136      CF4B5451 
 136      14BEDFBD 
 136      F7BD79CE 
 136      9BC9
 137 0012 C995B888 		.ascii	"\311\225\270\2106\342\312\031\313E\2136\201\213\226"
ARM GAS  /var/folders/_f/jzb7lsz153bclt069nvlpp5r0000gn/T//ccmLSEcP.s 			page 10


 137      36E2CA19 
 137      CB458B36 
 137      818B96
 138 0021 2DFA0344 		.ascii	"-\372\003D-P0\214\244\345\340\0335h\245&\021\003f\006"
 138      2D50308C 
 138      A4E5E01B 
 138      3568A526 
 138      11036606 
 139 0035 11FE2AA7 		.ascii	"\021\376*\247,MMc\020\002#2D\373\241\230.\032)\241B"
 139      2C4D4D63 
 139      10022332 
 139      44FBA198 
 139      2E1A29A1 
 140 004a 9BA85E21 		.ascii	"\233\250^!v\316{\246\366c\341\343\275{\337w\357w\276"
 140      76CE7BA6 
 140      F663E1E3 
 140      BD7BDF77 
 140      EF77BE
 141 005d 73CE77AF 		.ascii	"s\316w\257\022\377>e\3645)!\216\322\014S@\266M\013\221"
 141      12FF3E65 
 141      F4352921 
 141      8ED20C53 
 141      40B64D0B 
 142 0072 B0A4D4D7 		.ascii	"\260\244\324\327\015\341\004\325\332\224\020NHI=\027"
 142      0DE104D5 
 142      DA94104E 
 142      48493D17 
 143 0082 23688C1F 		.ascii	"#h\214\037 \244a\370,\003\340\037\001\321 \2256\320"
 143      20A461F8 
 143      2C03E01F 
 143      01D12095 
 143      36D0
 144 0094 8055B92E 		.ascii	"\200U\271.\321\226\356O\332E7\035\307Yk\237\310\277"
 144      D196EE4F 
 144      DA45371D 
 144      C7596B9F 
 144      C8BF
 145 00a6 90EF4A21 		.ascii	"\220\357J!\262\322\317\207n\024\021e-1\237\011\250R"
 145      B2D2CF87 
 145      6E141165 
 145      2D319F09 
 145      A852
 146 00b8 08FA1F1D 		.ascii	"\010\372\037\035\370\362\314~/]\211\203\014\307\332"
 146      F8F2CC7E 
 146      2F5D8983 
 146      0CC7DA
 147 00c7 A7922643 		.ascii	"\247\222&C\251\031\276\234\237\2375\013o8Nc\372\311"
 147      A919BE9C 
 147      9F9F350B 
 147      6F384E63 
 147      FAC9
 148 00d9 A0734CBB 		.ascii	"\240sL\273R\241\007\212\364\320\213\002\364\241@\320"
 148      52A1078A 
 148      F4D08B02 
 148      F4A140D0 
 149 00e9 92403F0A 		.ascii	"\222@?\012\211\375\316]\355\016\253#\236\356F\337\245"
 149      89FDCE5D 
ARM GAS  /var/folders/_f/jzb7lsz153bclt069nvlpp5r0000gn/T//ccmLSEcP.s 			page 11


 149      ED0EAB23 
 149      9EEE46DF 
 149      A5
 150 00fa AB413F72 		.ascii	"\253A?r\331\217\324\270\365w\244\026\270\215B\246\257"
 150      D98FD4B8 
 150      F577A416 
 150      B88D42A6 
 150      AF
 151 010b 376FBCB2 		.ascii	"7o\274\262\315f\252:\262\361\273`\014\300\004M\264\220"
 151      CD66AA3A 
 151      B2F1BB60 
 151      0CC0044D 
 151      B490
 152 011d CA4B3B9B 		.ascii	"\312K;\233\233o\207?L\350\260\004\247\323\024n\2304"
 152      9B6F873F 
 152      4CE8B004 
 152      A7D3146E 
 152      9834
 153 012f 98011A02 		.ascii	"\230\001\032\002\026\303\034\032\254 C\033\236\260\310"
 153      16C31C1A 
 153      AC20431B 
 153      9EB0C8
 154 013e 900E9BB4 		.ascii	"\220\016\233\264\"%\317\352\005\232_7\245Z\025K\177"
 154      2225CFEA 
 154      059A5F37 
 154      A55A154B 
 154      7F
 155 014f 936CD772 		.ascii	"\223l\327r\346\371\214\305\015\3231 EU\361\263B\210"
 155      E6F98CC5 
 155      0DD33120 
 155      4555F1B3 
 155      4288
 156 0161 BC570B68 		.ascii	"\274W\013h\034\206\317\325\304\035\372\336\3651\334"
 156      1C86CFD5 
 156      C41DFADE 
 156      F531DC
 157 0170 890EB832 		.ascii	"\211\016\2702\207\242}:\255\177\232l\371\221[\334\357"
 157      87A27D3A 
 157      AD7F9A6C 
 157      F9915BDC 
 157      EF
 158 0181 445C19C4 		.ascii	"D\\\031\304\035t\342\263\3477\356\242XP\306i\265#\221"
 158      1D74E2B3 
 158      E737EEA2 
 158      5850C669 
 158      B52391
 159 0194 7AFC74D2 		.ascii	"z\374t\322\3637\230+0\270\235N\213\205Cj\021\232\211"
 159      F337982B 
 159      30B89D4E 
 159      8B85436A 
 159      119A89
 160 01a7 AC786DB6 		.ascii	"\254xm\266e@\306\177:\027\035\313\225vV\262\015\367"
 160      6540C67F 
 160      3A171DCB 
 160      957656B2 
 160      0DF7
 161 01b9 10E7AD2B 		.ascii	"\020\347\255+\255s#\212\266\222\274\025b\263\304\356"
ARM GAS  /var/folders/_f/jzb7lsz153bclt069nvlpp5r0000gn/T//ccmLSEcP.s 			page 12


 161      AD73238A 
 161      B692BC15 
 161      62B3C4EE 
 162 01c9 36421EEC 		.ascii	"6B\036\354m\275<But$\332\230\025\306}\3041\264UmW\246"
 162      6DBD3C42 
 162      757424DA 
 162      9815C67D 
 162      C431B455 
 163 01e0 27699300 		.ascii	"'i\223\000\335\214\020\206\211\345%\305\003\304]\271"
 163      DD8C1086 
 163      89E525C5 
 163      03C45DB9 
 164 01f0 CFABC6F0 		.ascii	"\317\253\306\360\274\342\346g\276n\265o\356\255\375"
 164      BCE2E667 
 164      BE6EB56F 
 164      EEADFD
 165 01ff 5C8C78ED 		.ascii	"\\\214x\355\203\333\037\245\366w9\030\330\233D\004c"
 165      83DB1FA5 
 165      F6773918 
 165      D89B4404 
 165      63
 166 0210 9E847703 		.ascii	"\236\204w\003\036\376)a\355\365\020\306w\016a\302\227"
 166      1EFE2961 
 166      EDF510C6 
 166      770E61C2 
 166      97
 167 0221 580AF812 		.ascii	"X\012\370\022\024c\021nZ4}\034\244\302hU,\302\374\257"
 167      1463116E 
 167      5A347D1C 
 167      A4C26855 
 167      2CC2FCAF 
 168 0235 F9FBB35C 		.ascii	"\371\373\263\\\011\036\221\371\344\202\307\267]\231"
 168      091E91F9 
 168      E482C7B7 
 168      5D99
 169 0243 27969048 		.ascii	"'\226\220H\2779\356\205\010\276g`\317\210Y\022\215\306"
 169      BF39EE85 
 169      08BE6760 
 169      CF885912 
 169      8DC6
 170 0255 B6DFB2EA 		.ascii	"\266\337\262\352\232\312\232\023'\313\017\227DK\243"
 170      9ACA9A13 
 170      27CB0F97 
 170      444BA3
 171 0264 A5B1BAFA 		.ascii	"\245\261\272\372XuEm\254\376\\\025\317\345g+j\243UB"
 171      5875456D 
 171      ACFE5C15 
 171      CFE5672B 
 171      6AA35542 
 172 0278 559EAFD7 		.ascii	"U\236\257\327g\352N\235\376\005\324CD\037"
 172      67EA4E9D 
 172      FE05D443 
 172      441F
 173              		.text
 174              		.section	.gnu.lto_palSetPadCallbackI.81a14efeb28dc3cf,"",%progbits
 175 0000 789C8592 		.ascii	"x\234\205\222\337K\024Q\024\307\357\367\336\335us\024"
 175      DF4B1451 
ARM GAS  /var/folders/_f/jzb7lsz153bclt069nvlpp5r0000gn/T//ccmLSEcP.s 			page 13


 175      14C7EFF7 
 175      DEDD7573 
 175      14
 176 0011 A327F1A5 		.ascii	"\243'\361\245@D_\334\221|\351!H\020\"z\250\207\376\000"
 176      40445FDC 
 176      917CE921 
 176      4810227A 
 176      A887FE00 
 177 0025 592D5210 		.ascii	"Y-R\020\\\264W\361\356\262\321\017\324D*\2042\210\360"
 177      5CB457F1 
 177      EEB2D10F 
 177      D4442A84 
 177      3288F0
 178 0038 D7AABBB9 		.ascii	"\327\252\273\271j\246f\215V*e\205\030\206Je\342FBHj"
 178      6AA6668D 
 178      562A6585 
 178      18864A65 
 178      E2464248 
 179 004d 2143C876 		.ascii	"!C\310v\317\314\022\270\225\0153\234{\346\236\3579\237"
 179      CFCC12B8 
 179      950D339C 
 179      7BE69EEF 
 179      399F
 180 005f 73EE15EC 		.ascii	"s\356\025\354\317'K}\235\202\261\343\312B0\360\246\327"
 180      CF274B7D 
 180      9D82B1E3 
 180      CA4230F0 
 180      A6D7
 181 0071 8CF9DD1C 		.ascii	"\214\371\335\034\240\005\003\253\343\250\303\032\337"
 181      A00503AB 
 181      E3A8C31A 
 181      DF
 182 007e E06832BA 		.ascii	"\340h2\272[\264\3346)\345\267\350l\346\305L\2233\266"
 182      5BB4DC36 
 182      29E5B7E8 
 182      6CE6C54C 
 182      9333B6
 183 0091 C5ED34E8 		.ascii	"\305\3554\350@\256\012y\277=T\237.\012\301\324z8\374"
 183      40AE0A79 
 183      BF3D549F 
 183      2E0AC1D4 
 183      7A38FC
 184 00a4 FD95F685 		.ascii	"\375\225\366\205\233\034\207\310\035i\236nq\221\313"
 184      9B1C87C8 
 184      1D699E6E 
 184      7191CB
 185 00b3 1DE4CE47 		.ascii	"\035\344\316G\026\027x\316=)\003\306LT\0269L.\320\011"
 185      161778CE 
 185      3D2903C6 
 185      4C541639 
 185      4C2ED009 
 186 00c7 A1F2A10B 		.ascii	"\241\362\241\013Y\010!\213\251_\014\335\310Q\321\213"
 186      5908218B 
 186      A95F0CDD 
 186      C851D18B 
 187 00d7 3DCD579D 		.ascii	"=\315W\235\342\210\2257\360\366\323fB\371\325V:\320"
 187      E2889537 
ARM GAS  /var/folders/_f/jzb7lsz153bclt069nvlpp5r0000gn/T//ccmLSEcP.s 			page 14


 187      F0F6D366 
 187      42F9D556 
 187      3AD0
 188 00e9 93AC7430 		.ascii	"\223\254t0\364Z\312\330\340hW\2328j)\327\207\266B\251"
 188      F45ACAD8 
 188      E068579A 
 188      386A29D7 
 188      87B642A9 
 189 00fd 9672B93E 		.ascii	"\226r\271>6\227&O\230\334\211p\262\324\311\020\261\244"
 189      3697264F 
 189      98DC8970 
 189      B2D4C910 
 189      B1A4
 190 010f C186EBA7 		.ascii	"\301\206\353\247\3041K)W\226nhv\3155\273\246\013\367"
 190      C4314B29 
 190      57966E68 
 190      76CD35BB 
 190      A60BF7
 191 0122 93852E86 		.ascii	"\223\205.\206>\344Px{l\305L\025\305\226\364\363\313"
 191      3EE45078 
 191      7B6CC54C 
 191      15C596F4 
 191      F3CB
 192 0134 1F3BE9D9 		.ascii	"\037;\351\331w\251hcl*MN\313\340r<~\320\344)\210\356"
 192      77A96863 
 192      6C2A4D4E 
 192      CBE0723C 
 192      7ED0E429 
 193 014a CE603F4A 		.ascii	"\316`?J\262\021\334y\247\271\202j\320\373\321\217l{"
 193      B211DC79 
 193      A7B9826A 
 193      D0FBD18F 
 193      6C7B
 194 015c C818800B 		.ascii	"\310\030\200\013\312F\016\0302\036\357\237\\i\310\355"
 194      CA460E18 
 194      321EEF9F 
 194      5C69C8ED 
 195 016c 5239407D 		.ascii	"R9@}\012\020\262\023V}\266\252\302\351\360b\234\223"
 195      0A10B213 
 195      567DB6AA 
 195      C2E9F062 
 195      9C93
 196 017e 15F30818 		.ascii	"\025\363\010\030\255/2(\201J\2760\371,\244\345\265\253"
 196      AD2F3228 
 196      814ABE30 
 196      F92CA4E5 
 196      B5AB
 197 0190 E4CBC36D 		.ascii	"\344\313\303m\253En\005\222\250\214A\344\251\200;s\215"
 197      AB456E05 
 197      92A88C41 
 197      E4A9803B 
 197      738D
 198 01a2 615EFB53 		.ascii	"a^\373S^\226j\317\275\303m\246\217\253of\335t|n\313"
 198      5E966ACF 
 198      BDC36DA6 
 198      8FAB6F66 
 198      DD747C6E 
ARM GAS  /var/folders/_f/jzb7lsz153bclt069nvlpp5r0000gn/T//ccmLSEcP.s 			page 15


 199 01b7 EDF4076F 		.ascii	"\355\364\007o\243\025\267\374\222\242\366\341\001j1"
 199      A315B7FC 
 199      92A2F6E1 
 199      016A31
 200 01c6 443DA8BD 		.ascii	"D=\250\275\216\370\372\246[\357\245\012\215m\232\311"
 200      8EF8FAA6 
 200      5BEFA50A 
 200      8D6D9AC9 
 201 01d6 53F15085 		.ascii	"S\361P\205ns$\332k\036\030\253\327T\001)\015k\014\303"
 201      6E7324DA 
 201      6B1E18AB 
 201      D7540129 
 201      0D6B0CC3 
 202 01ea D0898D61 		.ascii	"\320\211\215a\004\265l\036\334\352T\365M<l\021\201\233"
 202      04B56C1E 
 202      DCEA54F5 
 202      4D3C6C11 
 202      819B
 203 01fc 1B535191 		.ascii	"\033SQ\221\240\377\017\\\312_\341F\025\334\243\177\302"
 203      A0FF0F5C 
 203      CA5FE146 
 203      15DCA37F 
 203      C2
 204 020d 8DED820B 		.ascii	"\215\355\202\013M,\265k\371\335\264\177\3559\350\202"
 204      4D2CB56B 
 204      F9DDB47F 
 204      ED39E882 
 205 021d 3C86BE69 		.ascii	"<\206\276i\335r<A\376\266\272\223\204\32473\2617R2\203"
 205      DD723C41 
 205      FEB6BA93 
 205      84D43733 
 205      B1375232 
 206 0232 B127C3F8 		.ascii	"\261'\303\370.\206\340\245\361+\0316C\0131\2700A\014"
 206      2E86E0A5 
 206      F12B1936 
 206      430B31B8 
 206      30410C
 207 0245 B48DA7C4 		.ascii	"\264\215\247\304\340d\037\3407\372OZcct\342\240\223"
 207      E0641FE0 
 207      37FA4F5A 
 207      636374E2 
 207      A093
 208 0257 56A50B3C 		.ascii	"V\245\013<\036\375\367[\\^QZq\372L\311\341\002O\241"
 208      1EFDF75B 
 208      5C5E515A 
 208      71FA4CC9 
 208      E1024FA1 
 209 026b A750AFAA 		.ascii	"\247P\257\252\321\313\275\225zMu\031\331\022\237\267"
 209      D1CBBD95 
 209      7A4D7519 
 209      D9129FB7 
 210 027b D253C61C 		.ascii	"\322S\306\034\276\252\352\013\302\347=\313\313J\205"
 210      BEAAEA0B 
 210      C2E73DCB 
 210      CB4A85
 211 028a B7FABCF0 		.ascii	"\267\372\274\360\235\363\375\002\221m`\022"
 211      9DF3FD02 
ARM GAS  /var/folders/_f/jzb7lsz153bclt069nvlpp5r0000gn/T//ccmLSEcP.s 			page 16


 211      916D6012 
 212              		.text
 213              		.section	.gnu.lto_palSetLineCallbackI.81a14efeb28dc3cf,"",%progbits
 214 0000 789C8592 		.ascii	"x\234\205\222MHTQ\024\307\357\377\336\231\347\313g\030"
 214      4D485451 
 214      14C7EFFF 
 214      DE99E7CB 
 214      6718
 215 0012 ADC44D81 		.ascii	"\255\304M\201\014\272q\236\344&h\241\324&Z\324\242]"
 215      0CBA719E 
 215      E42668A1 
 215      D4265AD4 
 215      A25D
 216 0024 1B519114 		.ascii	"\033Q\221\024\244D\327\342\235q\262\204\014\221,\241"
 216      A444D7E2 
 216      9D71B284 
 216      0C912CA1 
 217 0034 0F08F16B 		.ascii	"\017\010\361k\3141\277\322\321\254q\350C\222\212\210"
 217      CC31BFD2 
 217      D1AC71E8 
 217      43928A88 
 218 0044 B4346A18 		.ascii	"\2644j\030\234\310\215\245V\366\010\231\316}O\002\255"
 218      9CC88DA5 
 218      56F60899 
 218      CE7D4F02 
 218      AD
 219 0055 ECF11EE7 		.ascii	"\354\361\036\347\336w\316\377\234\337=\367\010\366\347"
 219      DE77CEFF 
 219      9CDF3DF7 
 219      08F6E7
 220 0064 93495FAB 		.ascii	"\223I_\253`\3540Y\010\006\336\374\2341\237\316\001\265"
 220      60EC3059 
 220      0806DEFC 
 220      9C319FCE 
 220      01B5
 221 0076 6060751C 		.ascii	"``u\034uX\342+\034\315\221\3366#\273CJ\371%\372:\343"
 221      7558E22B 
 221      1CCD91DE 
 221      3623BB43 
 221      4AF925FA 
 222 008c 5C86C519 		.ascii	"\\\206\305\031[\343N\032t!\233B\352'\227\232\334\"\037"
 222      5BE34E1A 
 222      74219B42 
 222      EA27979A 
 222      DC221F
 223 009f 8CD6E1D0 		.ascii	"\214\326\341\320\327g\306'nq\354W\333\361\226\3516M"
 223      D767C627 
 223      6E71EC57 
 223      DBF196E9 
 223      364D
 224 00b1 6DB94B6D 		.ascii	"m\271Kmo^\2157\010O\273\224\376\310\314\240,tY\\\240"
 224      6F5E8D37 
 224      084FBB94 
 224      FEC8CCA0 
 224      2C74595C 
 225 00c6 1B82F2A1 		.ascii	"\033\202\362\241\007\231\010\"\223\321/\206^x(:12\321"
 225      07990822 
ARM GAS  /var/folders/_f/jzb7lsz153bclt069nvlpp5r0000gn/T//ccmLSEcP.s 			page 17


 225      93D12F86 
 225      5E78283A 
 225      3132D1
 226 00d9 93260EDA 		.ascii	"\223&\016\332y\227G\327\202\251\216\362\263\243t\341"
 226      799747D7 
 226      82A98EF2 
 226      B3A374E1 
 227 00e9 F676A58B 		.ascii	"\366v\245\213\241\317V\006\232.\037\027\207l\241\214"
 227      A1CF5606 
 227      9A2E1F17 
 227      876CA18C 
 228 00f9 2FB41A8E 		.ascii	"/\264\032\216\260\261];jq7B\333un\206~xTtg\"n\245\212"
 228      B0B15D3B 
 228      6A713742 
 228      DB756E86 
 228      7E785474 
 229 0112 025BF971 		.ascii	"\002[\371q\346\333\306\356\254[\244\214\205\022O\322"
 229      E6DBC6EE 
 229      AC5BA48C 
 229      85124FD2 
 230 0122 E4B40CC4 		.ascii	"\344\264\014\304\222\311}\026\327pgk\006\347!\311J`"
 230      92C97D16 
 230      D770676B 
 230      06E721C9 
 230      4A60
 231 0134 63CED002 		.ascii	"c\316\320\002\324\254=\030@\226\323(\014B\003\331\376"
 231      D4AC3D18 
 231      4096D328 
 231      0C4203D9 
 231      FE
 232 0145 BD11994C 		.ascii	"\275\021\231L\016\315\306\007\362\302\036\035P\247\344"
 232      0ECDC607 
 232      F2C21E1D 
 232      50A7E4
 233 0154 543DC505 		.ascii	"T=\305\005\205\255\301\206`\213\244Q\267\220\340\\Y"
 233      85ADC186 
 233      608BA451 
 233      B790E05C 
 233      59
 234 0165 318FFA1F 		.ascii	"1\217\372\037\015\337\203\247T\232u\316\327\251\012"
 234      0DDF83A7 
 234      549A75CE 
 234      D7A90A
 235 0174 C79B98FF 		.ascii	"\307\233\230\377\251\335\346\224t\206!B\230\205_\026"
 235      A9DDE694 
 235      74862142 
 235      98855F16 
 236 0184 A81072BE 		.ascii	"\250\020r\276}\3740h\344t\022E,\334\261X\250\023\361"
 236      7DFC3068 
 236      E4741245 
 236      2CDCB158 
 236      A813F1
 237 0197 26228691 		.ascii	"&\"\206\221\243\256\341\325\245\020\257\375)/H\362\351"
 237      A3AEE1D5 
 237      A510AFFD 
 237      292F48F2 
 237      E9
ARM GAS  /var/folders/_f/jzb7lsz153bclt069nvlpp5r0000gn/T//ccmLSEcP.s 			page 18


 238 01a8 1BDC81FF 		.ascii	"\033\334\201\377\260\370\342\245\256r\352\366\266\333"
 238      B0F8E2A5 
 238      AE72EAF6 
 238      B6DB
 239 01b6 17B88E1B 		.ascii	"\027\270\216\033\270\346\223*j\027FP\213\273\352\260"
 239      B8E6932A 
 239      6A174650 
 239      8BBBEAB0 
 240 01c6 E4EB4A2E 		.ascii	"\344\353J.\257\352f\237\252\020\3520,\236\212Q\012%"
 240      AFEA669F 
 240      AA10EA30 
 240      2C9E8A51 
 240      0A25
 241 01d8 BACD3EB4 		.ascii	"\272\315>\264\014O^4\250\200\224\021\273_c0\025\033"
 241      0C4F5E34 
 241      A8809411 
 241      BB5F6330 
 241      151B
 242 01ea 4318B584 		.ascii	"C\030\265\204\312\355\226P\203\024\017\233\207\377\312"
 242      CAED9650 
 242      83140F9B 
 242      87FFCA
 243 01f9 CADCA0D8 		.ascii	"\312\334\240\330\244\377\017\234\366W\270q\202\233\370"
 243      A4FF0F9C 
 243      F657B871 
 243      829BF8
 244 0208 27DCBD2D 		.ascii	"'\334\275-p\301\350B\247\221\333\253\374\375\217\240"
 244      70C1E842 
 244      A791DBAB 
 244      FCFD8FA0 
 245 0218 066912E6 		.ascii	"\006i\022\346\252\355\305}\344\256\323\030)\244\201"
 245      AAEDC57D 
 245      E4AED318 
 245      29A481
 246 0227 77D19D91 		.ascii	"w\321\235\221\2663<\330\221!\262\205!p~\2521\335a\030"
 246      B6333CD8 
 246      9121B285 
 246      21707EAA 
 246      31DD6118 
 247 023b 530C6E4C 		.ascii	"S\014nL)\0065&\210*\006\215\275\207/\262v\314n\033S"
 247      29063526 
 247      882A068D 
 247      BD872FB2 
 247      76CC6E1B 
 248 0250 5301350D 		.ascii	"S\0015\015\244\317\363z\315\337\357\221\362\212\222"
 248      A4CFF37A 
 248      CDDFEF91 
 248      F28A92
 249 025f 8A13278B 		.ascii	"\212\023'\213\016\344y\363\275\371\346\331\032\263\274"
 249      0EE479F3 
 249      BDF9E6D9 
 249      1AB3BC
 250 026e B8D2ACA9 		.ascii	"\270\322\254\251.U\266\250\252\270\322[\312\\\225\025"
 250      2E55B6A8 
 250      AAB8D25B 
 250      CA5C9515 
 251 027e 67CA7869 		.ascii	"g\312xi\211(\256>-\252\312\252~\001\263\320W\307"
ARM GAS  /var/folders/_f/jzb7lsz153bclt069nvlpp5r0000gn/T//ccmLSEcP.s 			page 19


 251      8928AE3E 
 251      2DAACAAA 
 251      7E01B3D0 
 251      57C7
 252              		.text
 253              		.section	.gnu.lto_.symbol_nodes.81a14efeb28dc3cf,"",%progbits
 254 0000 789C55C9 		.ascii	"x\234U\311\273\015\302P\020D\321ywm\004Dt@\251\343\000"
 254      BB0DC250 
 254      1044D179 
 254      776D0444 
 254      7440A9E3 
 255 0015 11530172 		.ascii	"\021S\001r\025T@\014E\360\307&\240\003,\333H~\033\354"
 255      1554400C 
 255      45F0C726 
 255      A0032CDB 
 255      487E1BEC 
 256 0029 68E684A4 		.ascii	"h\346\204\244\203\306\343\202\245\335I\262\265\257\347"
 256      83C6E382 
 256      A5DD49B2 
 256      B5AFE7
 257 0038 2A5FA8C6 		.ascii	"*_\250\306\301\025\247\014\336\244\036n\230\014\032"
 257      C115A70C 
 257      DEA41E6E 
 257      980C1A
 258 0047 E8E1DEBD 		.ascii	"\350\341\336\275\014>\304\312\342\201\213\351\236\236"
 258      0C3EC4CA 
 258      E2818BE9 
 258      9E9E
 259 0055 B81C0655 		.ascii	"\270\034\006UU\327[<\233\364\320B\233\3579\005c\026"
 259      55D75B3C 
 259      9BF4D042 
 259      9BEF3905 
 259      6316
 260 0067 FF5CEAB8 		.ascii	"\377\\\352\270m\327\372\001\322/3\312"
 260      6DD7FA01 
 260      D22F33CA 
 261              		.text
 262              		.section	.gnu.lto_.refs.81a14efeb28dc3cf,"",%progbits
 263 0000 789C25C4 		.ascii	"x\234%\304\301\015\000 \014\003\261\\\232R\306`\377"
 263      C10D0020 
 263      0C03B15C 
 263      9A52C660 
 263      FF
 264 0011 2941C20F 		.ascii	")A\302\017\227\244\243\017\231`W\210;^L1\361~1\255\013"
 264      97A4A30F 
 264      99605788 
 264      3B5E4C31 
 264      F17E31AD 
 265 0026 0B4C008A 		.ascii	"\013L\000\212"
 266              		.text
 267              		.section	.gnu.lto_.decls.81a14efeb28dc3cf,"",%progbits
 268 0000 789CAD59 		.ascii	"x\234\255YiP\024\327\026\236\333wf\030\206\001R\202"
 268      695014D7 
 268      169EDB77 
 268      66188601 
 268      5282
 269 0012 C6475225 		.ascii	"\306GR%1\011\345KE\307%\233?R1q\011\276\230`0\251$\345"
ARM GAS  /var/folders/_f/jzb7lsz153bclt069nvlpp5r0000gn/T//ccmLSEcP.s 			page 20


 269      3109E54B 
 269      45C7259B 
 269      3F523171 
 269      09BE9860 
 270 002a 8F09C2A8 		.ascii	"\217\011\302\250\274\207\342\2031\365\362\257Y4\340"
 270      BC87E283 
 270      31F5F2AF 
 270      5934E0
 271 0039 068E82B8 		.ascii	"\006\216\202\270\203\200\202 \"\240 \240,\012\002\262"
 271      83808220 
 271      22A020A0 
 271      2C0A02B2 
 272 0049 45505134 		.ascii	"EPQ4\016.A\021\004\\@P\341\235{o\367L\317d\006S\251"
 272      0E2E4111 
 272      045C4050 
 272      E19D7B6F 
 272      F74CCF64 
 273 0060 4C79E8BE 		.ascii	"Ly\350\276\267\317=\347;\3379w\351\026\313d\262\263"
 273      B7CF3DE7 
 273      3BDF3977 
 273      E916CB64 
 273      B2B3
 274 0072 9C4C360A 		.ascii	"\234L6\012\277\323\377\220\311F\260L\246\204\276\305"
 274      BFD3FF90 
 274      C946B04C 
 274      A684BEC5 
 275 0082 200A90E3 		.ascii	" \012\220\343 % \225 \257!\231\354u\020\362s\002\361"
 275      20252095 
 275      20AF2199 
 275      EC7510F2 
 275      7302F1
 276 0095 86FBB741 		.ascii	"\206\373\267A\246\202|\014\262\000\344\013\220\257A"
 276      A6827C0C 
 276      B200E40B 
 276      90AF41
 277 00a4 E4F0FC5B 		.ascii	"\344\360\374[\270~\017\262\024$D\030'\376\310X\017\270"
 277      B87E0FB2 
 277      14244418 
 277      27FEC858 
 277      0FB8
 278 00b6 BA816840 		.ascii	"\272\201h@\324\210\331\367\205{9\\\337\200\353\277@"
 278      D488D9F7 
 278      857B395C 
 278      DF80EBBF 
 278      40
 279 00c7 BC049FAB 		.ascii	"\274\004\237\253\020\303R\000\262\020\356W\203\204\202"
 279      10C35200 
 279      B210EE57 
 279      838482
 280 00d6 70204DD0 		.ascii	"p M\320\267F\360\351\001\327\011 \203p\357I\236\013"
 280      B746F0E9 
 280      01D70920 
 280      8370EF49 
 280      9E0B
 281 00e8 BE082E24 		.ascii	"\276\010.$`\222\376\010\376\011B\274\"\026\202\203\340"
 281      6092FE08 
 281      FE0942BC 
ARM GAS  /var/folders/_f/jzb7lsz153bclt069nvlpp5r0000gn/T//ccmLSEcP.s 			page 21


 281      22168283 
 281      E0
 282 00f9 6990313C 		.ascii	"i\2201<\"\026\202K\212\207\360R,\340Yc\203\351\201\214"
 282      2216824B 
 282      8A87F052 
 282      2CE05963 
 282      83E9818C 
 283 010d E1520898 		.ascii	"\341R\010\230<\005\\#\320\356\2221\\oKp}o\203k\252\300"
 283      3C055C23 
 283      D0EE9231 
 283      5C6F4B70 
 283      7D6F836B 
 284 0123 8F2DAE29 		.ascii	"\217-\256)/\341\210\344\251B\302\021\301\365_\020?\020"
 284      2FE188E4 
 284      A942C211 
 284      C1F55F10 
 284      3F10
 285 0135 2CE1C753 		.ascii	",\341\307ShO\225\344\214@Xj\203\203\344\325\305\006"
 285      684F95E4 
 285      8C40586A 
 285      8383E4D5 
 285      C506
 286 0147 8702FAA6 		.ascii	"\207\002\372\246\203\274O\354B;\014\256\341 \377\006"
 286      83BC4FEC 
 286      423B0CAE 
 286      E120FF06 
 287 0157 091238FF 		.ascii	"\011\0228\377\021\256\313\004\233\037\013W\333\032X"
 287      11AECB04 
 287      9B1F0B57 
 287      DB1A58
 288 0166 60C7F627 		.ascii	"`\307\366'6vI\214c\331^\340\300v?\207j\262\366\376\210"
 288      3676498C 
 288      63D95EE0 
 288      C0763F87 
 288      6AB2F6FE 
 289 017b 2117FD9C 		.ascii	"!\027\375\234\374\326\236\334\023\356\310\307\313K\235"
 289      FCD69EDC 
 289      13EEC8C7 
 289      CB4B9D
 290 018a C6F37C0C 		.ascii	"\306\363|\014?\007e!5:\204\260dD\022\364?\375\204<\200"
 290      3F076521 
 290      353A84B0 
 290      644412F4 
 290      3FFD843C 
 291 019f 5B15BDC6 		.ascii	"[\025\275\306\360|$\337g\344\361D\031z\327\013\375\323"
 291      F07C24DF 
 291      67E4F144 
 291      197AD70B 
 291      FDD3
 292 01b1 4B863290 		.ascii	"K\2062\220\017}$C\207\221\027\312D^\304\323\315m\375"
 292      0F7D2443 
 292      879117CA 
 292      445EC4D3 
 292      CD6DFD
 293 01c4 B10AB5A0 		.ascii	"\261\012\265\240\035\3632\355\230\322\355\007\235\357"
 293      1DF332ED 
 293      98D2ED07 
ARM GAS  /var/folders/_f/jzb7lsz153bclt069nvlpp5r0000gn/T//ccmLSEcP.s 			page 22


 293      9DEF
 294 01d2 72C84DFD 		.ascii	"r\310M\375=iv\306g\034\325@S\243v!\315\2239\217\033"
 294      3D6976C6 
 294      671CD540 
 294      53A37621 
 294      CD93398F 
 295 01e7 5CE8536F 		.ascii	"\\\350So\322,6\326$)\351S9in\036\356op\243M5i\016\017"
 295      D22C36D6 
 295      2429E953 
 295      39696E1E 
 295      EE6F70A3 
 296 0200 9D8B5012 		.ascii	"\235\213P\022\307<\037\037\305;\327\270\301\003t\024"
 296      C73C1F1F 
 296      C53BD7B8 
 296      C1037414 
 297 0210 5CE5822B 		.ascii	"\\\345\202+\031\312\243\256\247x\241c\314sM\364\341"
 297      19CAA3AE 
 297      A778A163 
 297      CC734DF4 
 297      E1
 298 0221 26D771F1 		.ascii	"&\327q\361T\235\347\275\021e\341\010\250\347P\365|4"
 298      549DE7BD 
 298      1165E108 
 298      A8E750F5 
 298      7C34
 299 0233 4E1C44B4 		.ascii	"N\034D\264G\272Gk\335\245\332\331ci\327\017\234\177"
 299      47BA476B 
 299      DDA5DAD9 
 299      6369D70F 
 299      9C7F
 300 0245 E4A6D940 		.ascii	"\344\246\331@8\020\240\024\240q\022,\307\021I/\275\202"
 300      3810A014 
 300      A071122C 
 300      C711492F 
 300      BD82
 301 0257 766E5956 		.ascii	"vnYV,\343\340G2xp]_\254\232\206\245\241A\367\357Ktu"
 301      2CE3E047 
 301      3278705D 
 301      5FAC9A86 
 301      A5A141F7 
 302 026f 1C569118 		.ascii	"\034V\221\030V\016\013\353\334\305\210jg\333\260N\200"
 302      560E0BEB 
 302      DCC5886A 
 302      67DBB04E 
 302      80
 303 0280 7A21553F 		.ascii	"z!U?I\201\026\211@\017^\030\330\257\260\015\313\241"
 303      49811689 
 303      400F5E18 
 303      D8AFB00D 
 303      CBA1
 304 0292 7661FBFE 		.ascii	"va\373\376t\245UX\305Va\225\010a\225\320\260\366o\311"
 304      74A55558 
 304      C5566195 
 304      086195D0 
 304      B0F66FC9 
 305 02a6 1B52D2B0 		.ascii	"\033R\322\260\326\220\301\307R\332\0071\015\313\215"
 305      D690C1C7 
ARM GAS  /var/folders/_f/jzb7lsz153bclt069nvlpp5r0000gn/T//ccmLSEcP.s 			page 23


 305      52DA0731 
 305      0DCB8D
 306 02b5 34BBF392 		.ascii	"4\273\363\222\253U\264\351J\232\315\353FT\216\203,\023"
 306      AB55B4E9 
 306      4A9ACDEB 
 306      46548E83 
 306      2C13
 307 02c7 833CCD82 		.ascii	"\203<\315\202L\317\336\363\324\3056\310RP?E\325\313"
 307      4CCFDEF3 
 307      D4C536C8 
 307      52503F45 
 307      D5CB
 308 02d9 29EC3211 		.ascii	")\3542\021v\242\351\305&\245m\220\016\265SZG\023UVA"
 308      76A2E9C5 
 308      26A56D90 
 308      0EB5535A 
 308      47135556 
 309 02ee 56580559 		.ascii	"VX\005Y)\004YI\203LM\352hU\277{\230N\244\362\217,\363"
 309      29045949 
 309      834C4DEA 
 309      6855BF7B 
 309      984EA4F2 
 310 0305 6D785DCB 		.ascii	"mx]\313z\216\006_\316\221v\306\315F\243+\015w\012\205"
 310      7A8E065F 
 310      CE9176C6 
 310      CD46A32B 
 310      0D770A85 
 311 0319 74F86E10 		.ascii	"t\370n\020v#\323\021E\034,\331\344\004O\336P\323\201"
 311      7623D311 
 311      451C2CD9 
 311      E4044FDE 
 311      50D381
 312 032c 37760FA5 		.ascii	"7v\017\2459\323&\331\205\334IW\331\351\247\325j\374"
 312      39D326D9 
 312      85DC4957 
 312      D9E9A7D5 
 312      6AFC
 313 033e 1AD5DE14 		.ascii	"\032\325\336\024c\252U\343\267\310=W\363;\237\352\206"
 313      63AA55E3 
 313      B7C83D57 
 313      F33B9FEA 
 313      86
 314 034f 7CE834EE 		.ascii	"|\3504\356\273a\254~\235\347\345\250\036b\253C\030\235"
 314      BB61AC7E 
 314      9DE7E5A8 
 314      1E62AB43 
 314      189D
 315 0361 41EF1294 		.ascii	"A\357\022\224\304*\371\305X\342\221\231\203A\347aJ\276"
 315      C42AF9C5 
 315      58E29199 
 315      8341E761 
 315      4ABE
 316 0373 A1A6BAE8 		.ascii	"\241\246\272\350\034t\326Pz\271\252\347\247\243\025"
 316      1C74D650 
 316      7AB9AAE7 
 316      A7A315
 317 0382 48ED637F 		.ascii	"H\355c\177P\243\235A\024\302\376u\306\011\004B\003@"
ARM GAS  /var/folders/_f/jzb7lsz153bclt069nvlpp5r0000gn/T//ccmLSEcP.s 			page 24


 317      50A39D41 
 317      14C2FE75 
 317      C6090442 
 317      0340
 318 0394 A8B540A8 		.ascii	"\250\265@\250Gj3-=\225i\377#i\216\372sf\311\304k_\037"
 318      476A332D 
 318      3D9569FF 
 318      23698EFA 
 318      7366C9C4 
 319 03ab ADC1B711 		.ascii	"\255\301\267\021\215~s\376\256]*\334\305\032O\343\323"
 319      8D7E73FE 
 319      AE5D2ADC 
 319      C51A4FE3 
 319      D3
 320 03bc D3E5B89F 		.ascii	"\323\345\270\2375\322\022\022\263\025\224_\025i\226"
 320      35D21212 
 320      B315945F 
 320      156996
 321 03cb A464F6AA 		.ascii	"\244d\366\252\360\020{VV\033\321\240\306\243\254q\376"
 321      F0107B56 
 321      561BD1A0 
 321      C6A3AC71 
 321      FE
 322 03dc E6D3476C 		.ascii	"\346\323Gl\205y\2054\333\215)\207\334p\024]\031Q\343"
 322      85798534 
 322      DB8D2987 
 322      DC70145D 
 322      1951E3
 323 03ef 48FC4327 		.ascii	"H\374C'\374\013g\245\350\306\024w]\276\363\230\225/"
 323      FC0B67A5 
 323      E8C61477 
 323      5DBEF398 
 323      952F
 324 0401 CD6742DD 		.ascii	"\315gB\335\3568\005\216e\252\361\035\306\02696rV\371"
 324      EE38058E 
 324      65AAF11D 
 324      C6163936 
 324      7256F9
 325 0414 F466F9DC 		.ascii	"\364f\371\334q\377i\201\2126GG1!\367\300\365\346\016"
 325      71FF6981 
 325      8A364747 
 325      3121F7C0 
 325      F5E60E
 326 0427 6773D64E 		.ascii	"gs\326N\334A\2042\023Pv\315B\231\2674k@\226\"\003\230"
 326      DC418432 
 326      135076CD 
 326      4299B734 
 326      6B409622 
 327 043d BA02A45C 		.ascii	"\272\002\244\\%L\335\000\246\274\005\246\256C\347o,"
 327      254CDD00 
 327      A6BC05A6 
 327      AE43E76F 
 327      2C
 328 044e 6BF9371F 		.ascii	"k\3717\037lT\213\206\367Wm\241\271\270\011\206\333-"
 328      6C548B86 
 328      F7576DA1 
 328      B9B80986 
ARM GAS  /var/folders/_f/jzb7lsz153bclt069nvlpp5r0000gn/T//ccmLSEcP.s 			page 25


 328      DB2D
 329 0460 864D684C 		.ascii	"\206MhL\313\035v-\243\302\336\270\233\010\357e\361m"
 329      CB1D762D 
 329      A3C2DEB8 
 329      9B08EF65 
 329      F16D
 330 0472 DCFEB896 		.ascii	"\334\376\270\226\303)l/\331PV\352\211&{L\366I\006{}"
 330      C3296C2F 
 330      D95056EA 
 330      89267B4C 
 330      F649067B 
 331 0487 4DB1BDBE 		.ascii	"M\261\275\276QQ\374\366\211\324\355-p\373;\362\260X"
 331      5151FCF6 
 331      89D4ED2D 
 331      70FB3BF2 
 331      B058
 332 0499 9F42A6CF 		.ascii	"\237B\246\317;\360G\266\225\316\305d~N\230L2\263\210"
 332      3BF047B6 
 332      95CEC564 
 332      7E4E984C 
 332      32B388
 333 04ac 32B84677 		.ascii	"2\270Fw\001\305\0354\031u\242\311\024+\261\235|*J\231"
 333      01C51D34 
 333      1975A2C9 
 333      142BB19D 
 333      7C2A4A99 
 334 04c0 319DDABD 		.ascii	"1\235\332\275m\327\356\025b\202\326\241\251$\025\251"
 334      6DD7EE15 
 334      6282D6A1 
 334      A92415A9 
 335 04d0 88864C88 		.ascii	"\210\206L\210\3322+\353\272\252{\224\370\001\303\276"
 335      DA322BEB 
 335      BAAA7B94 
 335      F801C3BE 
 336 04e0 E94961BB 		.ascii	"\351Ia\273\006M\236\354I\301\233\212S\0335|\315tZ\275"
 336      064D9EEC 
 336      49C19B8A 
 336      531B357C 
 336      CD745ABD 
 337 04f4 6DE0A21B 		.ascii	"m\340\242\033yZ\212\323\002=\231x8}KQ\036\311P\334s"
 337      795A8AD3 
 337      023D9978 
 337      387D4B51 
 337      1EC950DC 
 338 0509 AC6A1496 		.ascii	"\254j\024\226\2639\006i\224D\231D\331\003QvA\224\367"
 338      B3390669 
 338      94449944 
 338      D9035176 
 338      4194F7
 339 051c 852829F4 		.ascii	"\205()\364\223QN<\"*\177\304~ \256w\243\273'\330\214"
 339      93514E3C 
 339      222A7FC4 
 339      7E20AE77 
 339      A3BB27D8 
 340 0531 70685366 		.ascii	"phSfe\020\306lk;0\242\306},q;\007\353\253\335i\005O"
 340      6510C66C 
 340      6B3B30A2 
ARM GAS  /var/folders/_f/jzb7lsz153bclt069nvlpp5r0000gn/T//ccmLSEcP.s 			page 26


 340      C67D2C71 
 340      3B07EBAB 
 341 0549 24CD8AE1 		.ascii	"$\315\212\341\232R9~\302\236\361#5/\\\3613\326\020w"
 341      9A52397E 
 341      C29EF123 
 341      352F5CF1 
 341      33D61077 
 342 055d 5D0DDB75 		.ascii	"]\015\333u\367^o\351v\305<&\3174Y}W\263\024$\343\342"
 342      F75E6FE9 
 342      76C53C26 
 342      CF34597D 
 342      57B31424 
 343 0573 0FC88B8E 		.ascii	"\017\310\213\2162\345\010\3445\001y\255\300\310\000"
 343      32E508E4 
 343      350179AD 
 343      C0C800
 344 0582 306366A4 		.ascii	"0cf\244\205b<\212,\231\347)\376\263\240PE\237\015\010"
 344      85623C8A 
 344      2C99E729 
 344      FEB3A050 
 344      459F0D08 
 345 0596 99E7391F 		.ascii	"\231\3479\0374\004!\214\202<\003y\0022\010\362\024d"
 345      3404218C 
 345      823C0379 
 345      023208F2 
 345      1464
 346 05a8 046418E4 		.ascii	"\004d\030\3449\310\013seDG%\037MU\012\236/\332z\276"
 346      39C80B73 
 346      65444725 
 346      1F4D550A 
 346      9E2FDA7A 
 347 05bd 84247903 		.ascii	"\204$y\003\325\"\263\352e\373\252\014$\325\3152\353"
 347      D522B3EA 
 347      65FBAA0C 
 347      24D5CD32 
 347      EB
 348 05ce 36DBEA4E 		.ascii	"6\333\352N\261\266Zc\326\354\267\325\354\263\265z\304"
 348      B1B65A63 
 348      D6ECB7D5 
 348      ECB3B57A 
 348      C4
 349 05df AC7BC13E 		.ascii	"\254{\301>M\026\263\265f\325\207\266\252\217lT\353\314"
 349      4D16B3B5 
 349      66D587B6 
 349      AA8F6C54 
 349      EBCC
 350 05f1 AA8FEDAB 		.ascii	"\252\217\355\253\232\021D\230\312R\365\345\321\030="
 350      9A114498 
 350      CA52F5E5 
 350      D1183D
 351 0600 8092E9B5 		.ascii	"\200\222\351\265\017\327l\327\224-I\353\257vY8j\231"
 351      0FD76CD7 
 351      942D49EB 
 351      AF765938 
 351      6A99
 352 0612 7699A94A 		.ascii	"v\231\251J\250\335\001;\363\216\333\221_1\010K\223\007"
 352      A8DD013B 
ARM GAS  /var/folders/_f/jzb7lsz153bclt069nvlpp5r0000gn/T//ccmLSEcP.s 			page 27


 352      F38EDB91 
 352      5F31084B 
 352      9307
 353 0624 D53B1FA8 		.ascii	"\325;\037\250B\221\234\007\252\266,Kd\020\375\331+\017"
 353      42919C07 
 353      AAB62C4B 
 353      6410FDD9 
 353      2B0F
 354 0636 140155F1 		.ascii	"\024\001U\361W+\004\352w\250n\375/\256x\035\255_\324"
 354      572B04EA 
 354      77A86EFD 
 354      2FAE781D 
 354      AD5FD4
 355 0649 77FF6295 		.ascii	"w\377b\225\302jw'P,3)\232\323\010\240\000vs\352\223"
 355      C26A7727 
 355      502C3329 
 355      9AD308A0 
 355      007673EA 
 356 065e 0F91C6C7 		.ascii	"\017\221\306\307\2216Z\017`,\003\350\272\233q\344\301"
 356      91365A0F 
 356      602C03E8 
 356      BA9B71E4 
 356      C1
 357 066f A7303BD1 		.ascii	"\2470;\321:\350\216\342\314\001\202\226y\"?\333\324"
 357      3AE88EE2 
 357      CC018296 
 357      79223FDB 
 357      D4
 358 0680 9487701B 		.ascii	"\224\207p\033\303c\274P\237\357\202o\320\006\227St\243"
 358      C363BC50 
 358      9FEF826F 
 358      D0069753 
 358      74A3
 359 0692 5725ACE0 		.ascii	"W%\254\340\246\015\347\324@\347\006N\215b,v\032\320"
 359      A60DE7D4 
 359      40E7064E 
 359      8D622C76 
 359      1AD0
 360 06a4 98FB792C 		.ascii	"\230\373y,gw\017=p\355\316 \306\335\314\343\245{\331"
 360      67770F3D 
 360      70EDCE20 
 360      C6DDCCE3 
 360      A57BD9
 361 06b7 592EB81F 		.ascii	"Y.\270\037[mV\276\326\207\017_\363\341\203\313\334\267"
 361      5B6D56BE 
 361      D6870F5F 
 361      F3E183CB 
 361      DCB7
 362 06c9 678CB340 		.ascii	"g\214\263@<8\364\025\034n\346\274\320\026N8\013\214"
 362      3C38F415 
 362      1C6EE6BC 
 362      D0164E38 
 362      0B8C
 363 06db C4B54F22 		.ascii	"\304\265O\"\373O\034\340\337d\301\357k9\012dw\346_\305"
 363      FB4F1CE0 
 363      DF64C1EF 
 363      6B390A64 
ARM GAS  /var/folders/_f/jzb7lsz153bclt069nvlpp5r0000gn/T//ccmLSEcP.s 			page 28


 363      77E65FC5 
 364 06ef B8514E70 		.ascii	"\270QNp(\266\227l-\340\020\254*>\223\245%`9\211\032"
 364      28B6976C 
 364      2DE010AC 
 364      2A3E93A5 
 364      25603989 
 365 0704 3996FF04 		.ascii	"9\226\377\004p\230\310MF\333A\266q\226\375\241\357H"
 365      7098C84D 
 365      46DB41B6 
 365      7196FDA1 
 365      EF48
 366 0716 7EC1EB27 		.ascii	"~\301\353'\363xR\332\304\347V\360i\344\034\315.\330"
 366      F37852DA 
 366      C4E756F0 
 366      69E41CCD 
 366      2ED8
 367 0728 4F620F91 		.ascii	"Ob\017\221)C\350\335h\253j[\330\275\351\244\260A\305"
 367      2943E8DD 
 367      68AB6A5B 
 367      D8BDE9A4 
 367      B041C5
 368 073b A6B0E9B6 		.ascii	"\246\260\351\266\361,\235M\021\222\360_\354Z\242>\011"
 368      F12C9D4D 
 368      1192F05F 
 368      EC5AA23E 
 368      09
 369 074c F1D78EDD 		.ascii	"\361\327\216\335P\340\015\012\232\352\007\225CI*qFl"
 369      50E00D0A 
 369      9AEA0795 
 369      43492A71 
 369      466C
 370 075e 59A1423B 		.ascii	"Y\241B;a\334\016\013Q\304\333\037f\204H\007J\002\026"
 370      61DC0E0B 
 370      51C4DB1F 
 370      66844807 
 370      4A0216
 371 0771 C662849C 		.ascii	"\306b\204\234\276\353\326\325\252=\204\321\311\216F"
 371      BEEBD6D5 
 371      AA3D84D1 
 371      C98E46
 372 0780 CBEC0D8D 		.ascii	"\313\354\015\215<\302\357\326X\315\221]Vsd7+fr\005\355"
 372      3CC2EFD6 
 372      58CD915D 
 372      56736437 
 372      2B667205 
 373 0795 81A8A808 		.ascii	"\201\250\250\010\027\265P\0361//\017\264\207S\303\260"
 373      17B5501E 
 373      312F2F0F 
 373      B48753C3 
 373      B0
 374 07a6 AAECC113 		.ascii	"\252\354\301\023r9\307\314\240\245\364\205\356\374p"
 374      7239C7CC 
 374      A0A5F485 
 374      EEFC70
 375 07b5 E4219757 		.ascii	"\344!\227W\023\204m\363\0259M\217\305\357>\356U\370"
 375      13846DF3 
 375      15394D8F 
ARM GAS  /var/folders/_f/jzb7lsz153bclt069nvlpp5r0000gn/T//ccmLSEcP.s 			page 29


 375      C5EF3EEE 
 375      55F8
 376 07c7 BB979333 		.ascii	"\273\227\2233\230\255\2176\314"
 376      98AD8F36 
 376      CC
 377 07d0 C6F1944E 		.ascii	"\306\361\224N\324v\367\336\017\336\373\370\344\334\276"
 377      D476F7DE 
 377      0FDEFBF8 
 377      E4DCBE
 378 07df 92E3699A 		.ascii	"\222\343i\232}\244\016\370\347\243p\344#\203\320~3\257"
 378      7DA40EF8 
 378      E7A370E4 
 378      2383D07E 
 378      33AF
 379 07f1 32724FE3 		.ascii	"2rO\343D\311\2347\014\254n\337vWEa\020_\014Fc\336\320"
 379      44C99C37 
 379      0CAC6EDF 
 379      76574561 
 379      105F0C46 
 380 0808 3B666429 		.ascii	";fd)\034\355k\315\033\354\320H\241-\236 A\226J\221\035"
 380      1CED6BCD 
 380      1BECD048 
 380      A12D9E20 
 380      41964A91 
 381 081d 1091A5A5 		.ascii	"\020\221\245\245\227\266*q=\203\326\263o\375\006w\212"
 381      97B62A71 
 381      3D83D6B3 
 381      6FFD0677 
 381      8A
 382 082e CD547C46 		.ascii	"\315T|F\317pa:\004\245Ip\245\211\270\322)\256\334\312"
 382      CF70613A 
 382      04A54970 
 382      A589B8D2 
 382      29AEDCCA 
 383 0842 CAF1B88D 		.ascii	"\312\361\270\215\325\312\372\224\347\231\256\342\301"
 383      D5CAFA94 
 383      E799AEE2 
 383      C1
 384 084f 2EA3E7D6 		.ascii	".\243\347\326\327\221\260\300d\000\334\203\177za8d\177"
 384      D791B0C0 
 384      6400DC83 
 384      7F7A6138 
 384      647F
 385 0861 61686D1D 		.ascii	"ahm\035>\203i\250\031\346\350\257\224\344lQ\230\303"
 385      3E8369A8 
 385      19E6E8AF 
 385      94E46C51 
 385      98C3
 386 0873 CF64E1A7 		.ascii	"\317d\341\247\362\235%\356\016\303\317\242\341\037\026"
 386      F29D25EE 
 386      0EC3CFA2 
 386      E11F16
 387 0882 C3DF5A5E 		.ascii	"\303\337Z^\233\351\216;X\370\235\027\022\373]\314\251"
 387      9BE98E3B 
 387      58F89D17 
 387      12FB5DCC 
 387      A9
ARM GAS  /var/folders/_f/jzb7lsz153bclt069nvlpp5r0000gn/T//ccmLSEcP.s 			page 30


 388 0893 714F8CE2 		.ascii	"qO\214\342\323x\323\350\350$:\012eK\030\310\026\031"
 388      D378D3E8 
 388      E8243A0A 
 388      654B18C8 
 388      1619
 389 08a5 38421928 		.ascii	"8B\031(\270\264\265\023\343^FA\307h\213\011\233)h\350"
 389      B8B4B513 
 389      E35E4641 
 389      C7688B09 
 389      9B2968E8 
 390 08b9 A514E402 		.ascii	"\245\024\344\002\346\234?M\301Q\373\024T6\025%\"\032"
 390      E69C3F4D 
 390      C151FB14 
 390      54361525 
 390      221A
 391 08cb AE9F5886 		.ascii	"\256\237X\206\203eU\375J\207\301\346\321`\217\211\301"
 391      836555FD 
 391      4A87C1E6 
 391      D1608F89 
 391      C1
 392 08dc B63CBEBC 		.ascii	"\266<\276\274\035\341!\026l\366\266\302r\027\253\231"
 392      1DE12116 
 392      6CF6B6C2 
 392      7217AB99 
 393 08ec 03DA92B1 		.ascii	"\003\332\222\261\005\322\335ew\363\361rW\233\355E\252"
 393      05D2DD65 
 393      77F3F172 
 393      579BED45 
 393      AA
 394 08fd 8E4E00E2 		.ascii	"\216N\000\342\002\353\355\345H~\356\370\014\236W\241"
 394      02EBEDE5 
 394      487EEEF8 
 394      0C9E57A1 
 395 090d E3D09F6F 		.ascii	"\343\320\237o\211\275@\262\277\330\211(\371y\327v\015"
 395      89BD40B2 
 395      BFD88928 
 395      F979D776 
 395      0D
 396 091e ED22E30A 		.ascii	"\355\"\343\012YN\363\177=\333\242\244\235\204\310\""
 396      594EF37F 
 396      3DDBA2A4 
 396      9D84C822 
 397 092e D659D895 		.ascii	"\326Y\330\225\263\231i\222\005\355$\353l\341\207\013"
 397      B3996992 
 397      05ED24EB 
 397      6CE1870B 
 398 093e 140E0929 		.ascii	"\024\016\011)\241\204\024\213\204\034\270\236\325\000"
 398      A184148B 
 398      841CB89E 
 398      D500
 399 094c 2F514A4A 		.ascii	"/QJJHVI\322c\245\230\375lOI\366a\024*\225d\277T\314"
 399      485649D2 
 399      63A598FD 
 399      6C4F49F6 
 399      61142A95 
 400 0964 FE299AFD 		.ascii	"\376)\232\375\335\233{\256\271\340]\324\012\327x\345"
 400      DD9B7BAE 
ARM GAS  /var/folders/_f/jzb7lsz153bclt069nvlpp5r0000gn/T//ccmLSEcP.s 			page 31


 400      B9E05DD4 
 400      0AD778E5 
 401 0974 4CBD9BC3 		.ascii	"L\275\233\303=\250\334NbY\235l\356\244uR\006\341\235"
 401      3DA8DC4E 
 401      62599D6C 
 401      EEA47552 
 401      06E19D
 402 0987 B653277F 		.ascii	"\266S'\177\206\253\012\306@gJN\204\023\355$\306*YgQ"
 402      86AB0AC6 
 402      40674A4E 
 402      8413ED24 
 402      C62A5967 
 403 099c E3BAD90E 		.ascii	"\343\272\331\016Y9KY9#\262\022\361\244\354>\302\251"
 403      59394B59 
 403      3923B212 
 403      F1A4EC3E 
 403      C2A9
 404 09ae 8C15E348 		.ascii	"\214\025\343H\363\260\263\310J\356x\011+0\012UIX\251"
 404      F3B0B3C8 
 404      4AEE7809 
 404      2B300A55 
 404      4958A9
 405 09c1 1259A9A6 		.ascii	"\022Y\251\246\254$mH\212\261^\231\311\247\014\213\323"
 405      AC246D48 
 405      8AB15E99 
 405      C9A70C8B 
 405      D3
 406 09d2 73AC0C40 		.ascii	"s\254\014@s\364\305\316G,\260s\346\345\265oSV\227\263"
 406      73F4C5CE 
 406      472CB073 
 406      E6E5B56F 
 406      535697B3 
 407 09e6 43C0B514 		.ascii	"C\300\265\024p\215\010\370\350\266\216\207*\\\310\000"
 407      708D08F8 
 407      E8B68E87 
 407      2A5CC800 
 408 09f6 1F3A7E27 		.ascii	"\037:~'\027\001`\023\337\027[\222\353\226\224\307W\212"
 408      17016013 
 408      DF175B92 
 408      EB9694C7 
 408      578A
 409 0a08 EB2B0C43 		.ascii	"\353+\014Cu\022\304u\"\342\363\024\261\275\025&.\356"
 409      7512C475 
 409      22E2F314 
 409      B1BD1526 
 409      2EEE
 410 0a1a C12927F3 		.ascii	"\301)'\363\232[\317\310\354h\3551\230\353\256\201\365"
 410      9A5BCFC8 
 410      EC68ED31 
 410      98EBAE81 
 410      F5
 411 0a2b C5F4DEE8 		.ascii	"\305\364\336\350B\016\0017Q\300\215\"\340\246\212\322"
 411      420E0137 
 411      51C08D22 
 411      E0A68AD2 
 412 0a3b 0477DCC7 		.ascii	"\004w\334\307\000'\014\234\276\207)\340\334\214\236"
 412      00270C9C 
ARM GAS  /var/folders/_f/jzb7lsz153bclt069nvlpp5r0000gn/T//ccmLSEcP.s 			page 32


 412      BE8729E0 
 412      DC8C9E
 413 0a4a 61BC934F 		.ascii	"a\274\223O\211\344G\000/\035\205\232%x\233E\274\277"
 413      89E44700 
 413      2F1D859A 
 413      25789B45 
 413      BCBF
 414 0a5c 52BC778C 		.ascii	"R\274w\214\011}\030\257w\242Vn\266=\333\342\202\343"
 414      097D18AF 
 414      77A2566E 
 414      B63DDBE2 
 414      82E3
 415 0a6e 58E3D6E3 		.ascii	"X\343\326\343\002\243\313\244\275N{a\366\025\240qtG"
 415      02A3CBA4 
 415      BD4E7B61 
 415      F615A071 
 415      7447
 416 0a80 3F509A21 		.ascii	"?P\232!\1773\205oN&\325\255\331\306G\246\301Id\364\223"
 416      7F33856F 
 416      4E26D5AD 
 416      D9C647A6 
 416      C14964F4 
 417 0a95 49F473DF 		.ascii	"I\364s\337\005\360\002\233\214\344+a\013\361\205Z9H"
 417      05F0029B 
 417      8CE42B61 
 417      0BF1855A 
 417      3948
 418 0aa7 F445EE4D 		.ascii	"\364E\356M\262Q\354\330\273\003\341L\346\2408\256\352"
 418      B251ECD8 
 418      BB03E14C 
 418      E6A038AE 
 418      EA
 419 0ab8 887A5221 		.ascii	"\210zR!uP\314\034T\016\034\213\306\324Ari*/\257\341"
 419      7550CC1C 
 419      540E1C8B 
 419      C6D44172 
 419      692A2FAF 
 420 0acd A34999D0 		.ascii	"\243I\231\320\257n\304:l\025\222#\322%j\3752\261\336"
 420      AF6EC43A 
 420      6C159223 
 420      D2256AFD 
 420      32B1DE
 421 0ae0 46AD5FA8 		.ascii	"F\255_\250*\252V\340\263\314\372\372h\343]n\322\005"
 421      2AAA56E0 
 421      B3CCFAFA 
 421      68E35D6E 
 421      D205
 422 0af2 6ABD8259 		.ascii	"j\275\202Y\357\254y\213\331\276/\261]!\330\206EX\362"
 422      EFAC798B 
 422      D9BE2FB1 
 422      5D21D886 
 422      4558F2
 423 0b05 8DEC0AB5 		.ascii	"\215\354\012\265}\225\330n\247\266\363R\323O\260o\226"
 423      7D95D86E 
 423      A7B6F352 
 423      D34FB06F 
 423      96
ARM GAS  /var/folders/_f/jzb7lsz153bclt069nvlpp5r0000gn/T//ccmLSEcP.s 			page 33


 424 0b16 7388A953 		.ascii	"s\210\251S\365\035\261\012\334\301\\\3359^\222\251\301"
 424      F51DB10A 
 424      DCC15CDD 
 424      395E92A9 
 424      C1
 425 0b27 DDAC11BD 		.ascii	"\335\254\021\275y\373W\270\227\336\313#\257l<\253\264"
 425      79FB57B8 
 425      97DECB23 
 425      AF6C3CAB 
 425      B4
 426 0b38 7C2E8023 		.ascii	"|.\200#\333\004\341\310F\246\332o\340\265\303\376\351"
 426      DB04E1C8 
 426      46A6DA6F 
 426      E0B5C3FE 
 426      E9
 427 0b49 C9FCBD00 		.ascii	"\311\374\275\000\2161\327\340\034\301\016s\035\302\011"
 427      8E31D7E0 
 427      1CC10E73 
 427      1DC209
 428 0b58 E8162C00 		.ascii	"\350\026,\000&8\302\334\224\234\007MW\252\330\271\014"
 428      2638C2DC 
 428      949C074D 
 428      57AAD8B9 
 428      0C
 429 0b69 E6F50DBB 		.ascii	"\346\365\015\273\206%\007\274bz\300\353\370\303\001"
 429      862507BC 
 429      627AC0EB 
 429      F8C301
 430 0b78 0F969EA1 		.ascii	"\017\226\236\241}\215&\025\362\360\261\207\000\335\001"
 430      7D8D2615 
 430      F2F0B187 
 430      00DD01
 431 0b87 C78E4050 		.ascii	"\307\216@P\303\355z\025\272\015\012\327-\253O\207x\260"
 431      C3ED7A15 
 431      BA0D0AD7 
 431      2DAB4F87 
 431      78B0
 432 0b99 23E79DF3 		.ascii	"#\347\235\363\331\023)\207<\375h\225P\272\307\350L\337"
 432      D9132987 
 432      3CFD6895 
 432      50BAC7E8 
 432      4CDF
 433 0bab BB7976A8 		.ascii	"\273yv\2501E\326\261\367p\372\031\360z[\344\3761\276"
 433      3145D6B1 
 433      F770FA19 
 433      F07A5BE4 
 433      FE31BE
 434 0bbe 6FDFE384 		.ascii	"o\337\343\204o\244w9\272\261\355\336\223\270K\362\305"
 434      6FA47739 
 434      BAB1EDDE 
 434      93B84BF2 
 434      C5
 435 0bcf DA4081FC 		.ascii	"\332@\201\374\016\320;9\242\336\305\215\023\007\321"
 435      0ED03B39 
 435      A2DEC58D 
 435      1307D1
 436 0bde 93C060D6 		.ascii	"\223\300`\326]\025~\304r\026s\345Q,\251k\0239n\014,"
ARM GAS  /var/folders/_f/jzb7lsz153bclt069nvlpp5r0000gn/T//ccmLSEcP.s 			page 34


 436      5D157EC4 
 436      721673E5 
 436      512CA96B 
 436      13396E0C 
 437 0bf3 35F2F110 		.ascii	"5\362\361\020\015\255k\030\205\356\263`$\266\356\263"
 437      0DAD6B18 
 437      85EEB360 
 437      24B6EEB3 
 438 0c03 3984BA69 		.ascii	"9\204\272ii\324\233\216\235\341\254\026\251Z\253M\260"
 438      69D49B8E 
 438      9DE1AC16 
 438      A95AAB4D 
 438      B0
 439 0c14 47383EF6 		.ascii	"G8>\366\320\343ckK\367m$j\307\214\365B\206\036\320\001"
 439      D0E3636B 
 439      4BF76D24 
 439      6AC78CF5 
 439      42861ED0 
 440 0c29 DDCF2213 		.ascii	"\335\317\"\023T\016\007\330\274\223\241^:f\323\265\373"
 440      540E07D8 
 440      BC93A15E 
 440      3A66D3B5 
 440      FB
 441 0c3a 556E0ECE 		.ascii	"Un\016\316\250\366\336\231P\037=\243\366'7/\263\012"
 441      A8F6DE99 
 441      501F3DA3 
 441      F627372F 
 441      B30A
 442 0c4c A4C92A90 		.ascii	"\244\311*\220~!\220~\352\343d\351\223>\353\217\343\267"
 442      7E21907E 
 442      EAE364E9 
 442      933EEB8F 
 442      E3B7
 443 0c5e AD027928 		.ascii	"\255\002y(h?\244\332\347\017\0176Z\377\017\001\241\326"
 443      683FA4DA 
 443      E70F0F36 
 443      5AFF0F01 
 443      A1D6
 444 0c70 A2FD48D0 		.ascii	"\242\375H\320&Wy\340\312\2000\345\347_}\353=W\246\011"
 444      265779E0 
 444      CA8030E5 
 444      E75F7DEB 
 444      3D57A609 
 445 0c84 37AC9A35 		.ascii	"7\254\2325S\267bMp\250\316\240Z\033\274\332\000-\203"
 445      53B7624D 
 445      70A8CEA0 
 445      5A1BBCDA 
 445      002D83
 446 0c97 5AA7136F 		.ascii	"Z\247\023ou\332\265\341a\332\220\320\300\200\020\355"
 446      75DAB5E1 
 446      61DA90D0 
 446      C08010ED 
 447 0ca7 5C7D4848 		.ascii	"\\}HH@\230vE`\340\324\200\260USW\207\256\326O\325\007"
 447      40987645 
 447      60E0D480 
 447      B0555357 
 447      87AED64F 
ARM GAS  /var/folders/_f/jzb7lsz153bclt069nvlpp5r0000gn/T//ccmLSEcP.s 			page 35


 448 0cbd 2C0B9EFA 		.ascii	",\013\236\372\336l\355\314\3513\336\237>{\346\373Z\253"
 448      DE6CEDCC 
 448      E933DE9F 
 448      3E7BE6FB 
 448      5AAB
 449 0ccf 27DAE0D5 		.ascii	"'\332\340\325\201!k\203\364\332U\001\201+\203W\353\265"
 449      81216B83 
 449      F4DA5501 
 449      812B8357 
 449      EBB5
 450 0ce1 BA20FDF2 		.ascii	"\272 \375\362\200\265!\006\235\341\3475\372\360i+e\337"
 450      80B52106 
 450      9DE1E735 
 450      FAF0692B 
 450      65DF
 451 0cf3 FC3DF6C3 		.ascii	"\374=\366\303\177\016\327\352\302\015A\200\032\214*"
 451      7F0ED7EA 
 451      C20D4180 
 451      1A8C2A
 452 0d02 BEF49B37 		.ascii	"\276\364\2337\337_\351\367\315\017\213\347\373;\371"
 452      DF5FE9F7 
 452      CD0F8BE7 
 452      FB3BF9
 453 0d11 2D593C7F 		.ascii	"-Y<\177\376<\177\305\342o\027\317\363\307\013A\374\346"
 453      FE3C7FC5 
 453      E26F17CF 
 453      F3C70B41 
 453      FCE6
 454 0d23 F9A3EF68 		.ascii	"\371\243\357h\2643>0GKnq\270\336\240\010\014\321\007"
 454      B4333E30 
 454      474B6E71 
 454      B8DEA008 
 454      0CD107
 455 0d36 842D9836 		.ascii	"\204-\2306Mk\3767we\360\262`\277%\272\231\323\247\315"
 455      4D6BFE37 
 455      7765F0B2 
 455      60BF25BA 
 455      99D3A7CD 
 456 0d4a 9A364B1B 		.ascii	"\2326K\033\032\256]\011p\327\204\206\031\302\265K\276"
 456      1AAE5D09 
 456      70D78486 
 456      19C2B54B 
 456      BE
 457 0d5b F972D64C 		.ascii	"\371r\326L\355\242E\363\264\237/^\350\367\323L\255\205"
 457      EDA245F3 
 457      B49F2F5E 
 457      E8F7D34C 
 457      AD85
 458 0d6d 5140827C 		.ascii	"Q@\202|\345\237-\361\367W,\362\233\373\205\277\374\323"
 458      E59F2DF1 
 458      F7572CF2 
 458      9BFB85BF 
 458      FCD3
 459 0d7f 05FE8BC8 		.ascii	"\005\376\213\310\037_up(\031\035\034\2443|\376\227\035"
 459      1F5F7570 
 459      28191D1C 
 459      A4337CFE 
ARM GAS  /var/folders/_f/jzb7lsz153bclt069nvlpp5r0000gn/T//ccmLSEcP.s 			page 36


 459      971D
 460 0d91 C123DD1A 		.ascii	"\301#\335\032\220\220\220 \360\244d\0065\314\362\252"
 460      90909020 
 460      F0A46406 
 460      35CCF2AA 
 461 0da1 80F0FFE8 		.ascii	"\200\360\377\350\014rr\321\220\340t\313\003\302\015"
 461      0C7272D1 
 461      90E074CB 
 461      03C20D
 462 0db0 1FE90C7E 		.ascii	"\037\351\014~\177\023\335\"\323\312\320\345\313\201"
 462      7F13DD22 
 462      D3CAD0E5 
 462      CB81
 463 0dbe B3F75E1E 		.ascii	"\263\367^\036\2048T@M\262\264\320\357\263\265\341jh"
 463      84385440 
 463      4DB2B4D0 
 463      EFB3B5E1 
 463      6A68
 464 0dd0 F8EB0382 		.ascii	"\370\353\003\202\340v\372\313\255\204\207\005\232-\004"
 464      E076FACB 
 464      AD848705 
 464      9A2D04
 465 0ddf CA5CE0F2 		.ascii	"\312\\\340\362]X\260A\017\203U\301\241\253B\203\364"
 465      5D58B041 
 465      0F8355C1 
 465      A1AB4283 
 465      F4
 466 0df0 3A832B74 		.ascii	":\203+t.\321\033\240\353Kh;\003\037\001A\204h\322\017"
 466      2ED11BA0 
 466      EB4B683B 
 466      031F0141 
 466      8468D20F 
 467 0e04 61872C0B 		.ascii	"a\207,\013\010\004j\3061\255\305\001As\205\276\205`"
 467      08046AC6 
 467      31ADC501 
 467      417385BE 
 467      8560
 468 0e16 21046A54 		.ascii	"!\004jTg\360`\317\026A\303\374\3209p\345\222\237\303"
 468      67F060CF 
 468      1641C3FC 
 468      D03970E5 
 468      929FC3
 469 0e29 7D03420C 		.ascii	"}\003B\014\323\306F\031f0\207\032\270\022\242\034/\346"
 469      D3C64619 
 469      6630871A 
 469      B812A21C 
 469      2FE6
 470 0e3b 48073CAD 		.ascii	"H\007<\255\010\013]\273\206\300T\351t\313\327\256\016"
 470      080B5DBB 
 470      86C054E9 
 470      74CBD7AE 
 470      0E
 471 0e4c D4E95CC5 		.ascii	"\324\351\\\305\233i\037\2757\375\003\027\013\0312\351"
 471      9B691FBD 
 471      37FD0317 
 471      0B1932E9 
 472 0e5c 93193334 		.ascii	"\223\03134\222P\255\037}\350f\025\260\214\020\252\377"
ARM GAS  /var/folders/_f/jzb7lsz153bclt069nvlpp5r0000gn/T//ccmLSEcP.s 			page 37


 472      9250AD1F 
 472      7DE86615 
 472      B08C10AA 
 472      FF
 473 0e6d 490F3937 		.ascii	"I\01797p\201\313p@\330\012\027\012\201\366\205\377\037"
 473      7081CB70 
 473      40D80A17 
 473      0A81F685 
 473      FF1F
 474 0e7f 45C1E8DC 		.ascii	"E\301\350\334"
 475              		.text
 476              		.section	.gnu.lto_.symtab.81a14efeb28dc3cf,"",%progbits
 477 0000 70616C52 		.ascii	"palReadBus\000\000\000\000\000\000\000\000\000\000\000"
 477      65616442 
 477      75730000 
 477      00000000 
 477      00000000 
 478 0015 00200100 		.ascii	"\000 \001\000\000palWriteBus\000\000\000\000\000\000"
 478      0070616C 
 478      57726974 
 478      65427573 
 478      00000000 
 479 002b 00000000 		.ascii	"\000\000\000\000\000\000%\001\000\000palSetBusMode\000"
 479      00002501 
 479      00007061 
 479      6C536574 
 479      4275734D 
 480 0043 00000000 		.ascii	"\000\000\000\000\000\000\000\000\000\000\000-\001\000"
 480      00000000 
 480      0000002D 
 480      0100
 481 0051 0070616C 		.ascii	"\000palSetPadCallbackI\000\000\000\000\000\000\000\000"
 481      53657450 
 481      61644361 
 481      6C6C6261 
 481      636B4900 
 482 006c 00000000 		.ascii	"\000\000\000\000=\001\000\000palSetLineCallbackI\000"
 482      3D010000 
 482      70616C53 
 482      65744C69 
 482      6E654361 
 483 0088 00000000 		.ascii	"\000\000\000\000\000\000\000\000\000\000\000F\001\000"
 483      00000000 
 483      00000046 
 483      0100
 484 0096 005F7061 		.ascii	"\000_pal_events\000\000\002\000\000\000\000\000\000"
 484      6C5F6576 
 484      656E7473 
 484      00000200 
 484      00000000 
 485 00ab 0000006C 		.ascii	"\000\000\000l\001\000\000chSysHalt\000\000\002\000\000"
 485      01000063 
 485      68537973 
 485      48616C74 
 485      00000200 
 486 00c0 00000000 		.ascii	"\000\000\000\000\000\000\000K\001\000\000_pal_lld_s"
 486      0000004B 
ARM GAS  /var/folders/_f/jzb7lsz153bclt069nvlpp5r0000gn/T//ccmLSEcP.s 			page 38


 486      0100005F 
 486      70616C5F 
 486      6C6C645F 
 487 00d5 65746772 		.ascii	"etgroupmode\000\000\002\000\000\000\000\000\000\000"
 487      6F75706D 
 487      6F646500 
 487      00020000 
 487      00000000 
 488 00ea 00005101 		.ascii	"\000\000Q\001\000\000"
 488      0000
 489              		.text
 490              		.section	.gnu.lto_.opts,"",%progbits
 491 0000 272D6666 		.ascii	"'-ffp-contract=off' '-fno-trapv' '-mcpu=cortex-m4' "
 491      702D636F 
 491      6E747261 
 491      63743D6F 
 491      66662720 
 492 0033 272D6D74 		.ascii	"'-mthumb' '-mfloat-abi=hard' '-mfpu=fpv4-sp-d16' '-"
 492      68756D62 
 492      2720272D 
 492      6D666C6F 
 492      61742D61 
 493 0066 67676462 		.ascii	"ggdb' '-O2' '-fomit-frame-pointer' '-falign-functio"
 493      2720272D 
 493      4F322720 
 493      272D666F 
 493      6D69742D 
 494 0099 6E733D31 		.ascii	"ns=16' '-ffunction-sections' '-fdata-sections' '-fn"
 494      36272027 
 494      2D666675 
 494      6E637469 
 494      6F6E2D73 
 495 00cc 6F2D636F 		.ascii	"o-common' '-flto' '-fsingle-precision-constant'\000"
 495      6D6D6F6E 
 495      2720272D 
 495      666C746F 
 495      2720272D 
 496              		.text
 497              		.comm	__gnu_lto_v1,1,1
 498              		.comm	__gnu_lto_slim,1,1
 499              		.ident	"GCC: (GNU Tools for ARM Embedded Processors) 4.9.3 20150529 (release) [ARM/embedded-4_9-br
ARM GAS  /var/folders/_f/jzb7lsz153bclt069nvlpp5r0000gn/T//ccmLSEcP.s 			page 39


DEFINED SYMBOLS
                            *ABS*:0000000000000000 hal_pal.c
                            *COM*:0000000000000001 __gnu_lto_v1
                            *COM*:0000000000000001 __gnu_lto_slim

NO UNDEFINED SYMBOLS
