ARM GAS  /var/folders/_f/jzb7lsz153bclt069nvlpp5r0000gn/T//ccp3YamQ.s 			page 1


   1              		.syntax unified
   2              		.cpu cortex-m4
   3              		.eabi_attribute 27, 1
   4              		.eabi_attribute 28, 1
   5              		.fpu fpv4-sp-d16
   6              		.eabi_attribute 20, 1
   7              		.eabi_attribute 21, 1
   8              		.eabi_attribute 23, 3
   9              		.eabi_attribute 24, 1
  10              		.eabi_attribute 25, 1
  11              		.eabi_attribute 26, 1
  12              		.eabi_attribute 30, 2
  13              		.eabi_attribute 34, 1
  14              		.eabi_attribute 18, 4
  15              		.thumb
  16              		.file	"led.c"
  17              		.text
  18              	.Ltext0:
  19              		.section	.gnu.lto_.profile.e4d4944959da53ee,"",%progbits
  20 0000 789C6366 		.ascii	"x\234cf```a\200\000F\006S5\000\001\004\000d"
  20      60606061 
  20      80004606 
  20      53350001 
  20      040064
  21              		.text
  22              		.section	.gnu.lto_.jmpfuncs.e4d4944959da53ee,"",%progbits
  23 0000 789C6366 		.ascii	"x\234cf\300\016\354\2404\033\0033###\210\005\246\230"
  23      C00EECA0 
  23      341B0333 
  23      23232388 
  23      05A698
  24 0013 40043348 		.ascii	"@\0043H\210\275\276\276\236\005\306`f.\007J01*K10\227"
  24      88BDBEBE 
  24      9E05C660 
  24      662E074A 
  24      30312A4B 
  25 002a 333130B0 		.ascii	"310\260\002\3251\327\3273\000\000\215D\005\265"
  25      02D531D7 
  25      D7330000 
  25      8D4405B5 
  26              		.text
  27              		.section	.gnu.lto_.inline.e4d4944959da53ee,"",%progbits
  28 0000 789C6366 		.ascii	"x\234cf\300\001\030!\024\033\003\0033\023#\003\023\210"
  28      C0011821 
  28      141B0303 
  28      33132303 
  28      1388
  29 0012 B9409E09 		.ascii	"\271@\236\011\"\203.\302\204!\302\314 \314\313\310\312"
  29      22832EC2 
  29      8421C2CC 
  29      20CCCBC8 
  29      CA
  30 0023 94F99189 		.ascii	"\224\371\221\211\261q\331\356\036\366\027L?A\342\214"
  30      B171D9EE 
  30      1EF6174C 
  30      3F41E28C 
  31 0033 CB19A518 		.ascii	"\313\031\245\030\2302\300\024\310\034\006\2406\006F"
ARM GAS  /var/folders/_f/jzb7lsz153bclt069nvlpp5r0000gn/T//ccp3YamQ.s 			page 2


  31      9832C014 
  31      C81C06A0 
  31      360646
  32 0042 108313A6 		.ascii	"\020\203\023\246\231\361\005\273\000\204d`Y \257\300"
  32      99F105BB 
  32      00846460 
  32      5920AFC0 
  33 0052 C0F888C5 		.ascii	"\300\370\210\305\201\205\211\201\365\225\270\003\013"
  33      81858981 
  33      F595B803 
  33      0B
  34 005f 83F0B128 		.ascii	"\203\360\261(\026\220\010\013\330\022\026\006\036nF"
  34      1690080B 
  34      D8121606 
  34      1E6E46
  35 006e 16A64CAC 		.ascii	"\026\246L\254\246\2623]\340\307ab+3P?\210\004\033\302"
  35      A6B2335D 
  35      E0C76162 
  35      2B33503F 
  35      88041BC2 
  36 0082 0B348779 		.ascii	"\0134\207y\202\037\303\004?V\006.N\2407\330o\2301\360"
  36      821FC304 
  36      3F56062E 
  36      4EA037D8 
  36      6F9831F0 
  37 0096 FE08055B 		.ascii	"\376\010\005[\301\000\000W1\037;"
  37      C1000057 
  37      311F3B
  38              		.text
  39              		.section	.gnu.lto_.pureconst.e4d4944959da53ee,"",%progbits
  40 0000 789C6366 		.ascii	"x\234cf``\340e\200\0006\006\006F\006&\006f)\026)V)\000"
  40      6060E065 
  40      80003606 
  40      06460626 
  40      06662916 
  41 0018 02F30074 		.ascii	"\002\363\000t"
  42              		.text
  43              		.section	.gnu.lto_ll_led_control.e4d4944959da53ee,"",%progbits
  44 0000 789C6590 		.ascii	"x\234e\220\317K\002A\024\307\337\233\331VM\203\350\350"
  44      CF4B0241 
  44      14C7DF9B 
  44      D9564D83 
  44      E8E8
  45 0012 A98B7809 		.ascii	"\251\213x\011\367\322\245[t\352_\350\024\272\032.Y\206"
  45      F7D2A55B 
  45      74EA5FE8 
  45      14BA1A2E 
  45      5986
  46 0024 EBA98BAB 		.ascii	"\353\251\213\253\030\004AD\364\303kHhVZ\336\362d\267"
  46      18044144 
  46      F4C36B48 
  46      68565ADE 
  46      F264B7
  47 0037 08FA85D6 		.ascii	"\010\372\205\326\336\014\312\240\300CR\004\036\302\336"
  47      DE0CCAA0 
  47      C0435204 
  47      1EC2DE
ARM GAS  /var/folders/_f/jzb7lsz153bclt069nvlpp5r0000gn/T//ccp3YamQ.s 			page 3


  48 0046 EC5EA286 		.ascii	"\354^\242\206y\363\346=\276\237\031\336\227\303\377"
  48      79F3E63D 
  48      BE9F19DE 
  48      97C3FF
  49 0055 E5A59841 		.ascii	"\345\245\230A\200)\312\310\001\331\3065@\332\311\020"
  49      8029CAC8 
  49      01D9C635 
  49      40DAC910 
  50 0065 C5051052 		.ascii	"\305\005\020R\014S\370\306\272\014\317\312\237W\356"
  50      0C53F8C6 
  50      BA0CCFCA 
  50      9F57EE
  51 0074 57D66330 		.ascii	"W\326c0\012T\3266/r\262(Q\022\245\371\2203]\376}\303"
  51      0A54D636 
  51      2F72B228 
  51      5112A5F9 
  51      90335DFE 
  52 008a C8BC3F15 		.ascii	"\310\274?\025.=+\323=\306\340\203\001\026\320\213E\024"
  52      2E3D2BD3 
  52      3DC6E083 
  52      0116D08B 
  52      4514
  53 009c FFE001FA 		.ascii	"\377\340\001\372Iy_\355\324<\\AA\3555w\032\262/OT\275"
  53      49795FED 
  53      D43C5C41 
  53      41ED3577 
  53      1AB22F4F 
  54 00b2 533526A5 		.ascii	"S5&\245\036\343XB\376\233\243\026\340!\372\204\332\\"
  54      1EE35842 
  54      FE9BA316 
  54      E021FA84 
  54      DA5C
  55 00c4 2F3AF8B8 		.ascii	"/:\370\270En5\2762\2036\271\226\227\3517\011\217\376"
  55      456E35BE 
  55      328336B9 
  55      9697E937 
  55      098FFE
  56 00d7 8212E0B1 		.ascii	"\202\022\340\261\01563\253\016>a\201\315\354m\334\346"
  56      0D3633AB 
  56      0E3E6181 
  56      CDEC6DDC 
  56      E6
  57 00e8 4A16C7B0 		.ascii	"J\026\307\260\374\227\243\242\202>!\356f\277M\267\234"
  57      FC97A3A2 
  57      823E21EE 
  57      66BF4DB7 
  57      9C
  58 00f9 350C6358 		.ascii	"5\014cX\014C3\234\240LvAe\244n\364\373\317\255\363\335"
  58      0C43339C 
  58      A04C7641 
  58      65A46EF4 
  58      FBCFADF3 
  59 010e 016AB729 		.ascii	"\001j\267)\204_/\204R\346-L\327\267\207\204\226\336"
  59      845F2F84 
  59      52E62D4C 
  59      D7B78784 
  59      96DE
ARM GAS  /var/folders/_f/jzb7lsz153bclt069nvlpp5r0000gn/T//ccp3YamQ.s 			page 4


  60 0120 786CDFDC 		.ascii	"xl\337\3349\205Q$\302S\313\2116C\241\243\306X \240\330"
  60      39855124 
  60      C253CB89 
  60      3643A1A3 
  60      C65820A0 
  61 0135 3B1454E7 		.ascii	";\024T\347#\213ae)\026L\316\305\023\013\212\032\325"
  61      238B6165 
  61      29164CCE 
  61      C5130B8A 
  61      1AD5
  62 0147 425A5C57 		.ascii	"BZ\\W\364\204\252\304\"\341\200\012R2\252\351R8\230"
  62      F484AAC4 
  62      22E1800A 
  62      5232AAE9 
  62      523898
  63 015a 0CBAC431 		.ascii	"\014\272\3041\253k\313\221\037$\335\216\225"
  63      AB6BCB91 
  63      1F24DD8E 
  63      95
  64              		.text
  65              		.section	.gnu.lto_ll_led_data_available.e4d4944959da53ee,"",%progbits
  66 0000 789C6366 		.ascii	"x\234cf\300\004R@\374\002\210\215\201\230\221\231\201"
  66      C0045240 
  66      FC02888D 
  66      81989199 
  66      81
  67 0011 9169C239 		.ascii	"\221i\3029\006\206F\016&FF\020\203\201\221\241\236\211"
  67      0686460E 
  67      26464610 
  67      838191A1 
  67      9E89
  68 0023 B19EF125 		.ascii	"\261\236\361%\323G&\306\235\353\276\234\345~\301\364"
  68      D34726C6 
  68      9DEBBE9C 
  68      E57EC1F4 
  69 0033 93894181 		.ascii	"\223\211A\201\001\310\3355\351\304\0146\020\227\221"
  69      01C8DD35 
  69      E9C40C36 
  69      109791
  70 0042 05C4BD7E 		.ascii	"\005\304\275~m\306uN\365\245\015\015M\037.\255<\305"
  70      6DC6754E 
  70      F5A50D0D 
  70      4D1F2EAD 
  70      3CC5
  71 0054 D3EAF193 		.ascii	"\323\352\361\223\211\211\3413\023\003\343rF)\306\025"
  71      8989E133 
  71      1303E372 
  71      4629C615 
  72 0064 8C207B18 		.ascii	"\214 {\030W2\252\003U^\335\364f\027\017\263>#H\327\302"
  72      5732AA03 
  72      555EDDF4 
  72      66170FB3 
  72      3E2348D7 
  73 0079 2BD32EB3 		.ascii	"+\323.\263\251.\006\352:\360{S\203\003\313O&f\306U\214"
  73      A92E06EA 
  73      3AF07B53 
  73      8303CB4F 
ARM GAS  /var/folders/_f/jzb7lsz153bclt069nvlpp5r0000gn/T//ccp3YamQ.s 			page 5


  73      2666C655 
  74 008e CCC8FA80 		.ascii	"\314\310\372\200B\014\214\253\031UA\312?\266\374\275"
  74      420C8CAB 
  74      195541CA 
  74      3FB6FCBD 
  75 009e CECDD6D2 		.ascii	"\316\315\326\322\320\320 \0002\033h\344\032F6F \275"
  75      D0D02000 
  75      321B68E4 
  75      1A463646 
  75      20BD
  76 00b0 5EE840C3 		.ascii	"^\350@\303\377\377\217\217\034\334\310\012\024~\002"
  76      FFFF8F8F 
  76      1CDCC80A 
  76      147E02
  77 00bf C420E73F 		.ascii	"\304 \347?\005:\001H3\337cl<0\237\027\244\026h\306\305"
  77      053A0148 
  77      33DF636C 
  77      3C309F17 
  77      A41668C6 
  78 00d4 59CB9AF9 		.ascii	"Y\313\232\371A\356fbd`\\\013v\330\023 \023\250\016\250"
  78      41EE6662 
  78      64605C0B 
  78      76D81320 
  78      13A80EA8 
  79 00e8 4B474F4F 		.ascii	"KGOO\037\202\222\022\223\263S\363R\364\013r\022K\322"
  79      1F829212 
  79      93B353F3 
  79      52F40B72 
  79      124BD2
  80 00fb F28B72F5 		.ascii	"\362\213r\365\22332\2232\363\213\365\213\213\222\365"
  80      93333293 
  80      32F38BF5 
  80      8B8B92F5 
  81 010b 735253F4 		.ascii	"sRS\364\222\031XJ22\213\001P\345d\310"
  81      9219584A 
  81      32328B01 
  81      50E564C8 
  82              		.text
  83              		.section	.gnu.lto_ll_led_data_writeable.e4d4944959da53ee,"",%progbits
  84 0000 789C6366 		.ascii	"x\234cf\300\004R@\374\002\210\215\201\230\221\231\201"
  84      C0045240 
  84      FC02888D 
  84      81989199 
  84      81
  85 0011 9169C239 		.ascii	"\221i\3029\006\206F\016&FF\020\203\201\221\241\236\211"
  85      0686460E 
  85      26464610 
  85      838191A1 
  85      9E89
  86 0023 B19EF125 		.ascii	"\261\236\361%\323G&\306\235\353\276\234\345~\301\364"
  86      D34726C6 
  86      9DEBBE9C 
  86      E57EC1F4 
  87 0033 93894181 		.ascii	"\223\211A\201\001\310\3355\351\304\0146\020\227\221"
  87      01C8DD35 
  87      E9C40C36 
  87      109791
ARM GAS  /var/folders/_f/jzb7lsz153bclt069nvlpp5r0000gn/T//ccp3YamQ.s 			page 6


  88 0042 05C4BD7E 		.ascii	"\005\304\275~m\306uN\365\245\015\015M\037\026\255>\305"
  88      6DC6754E 
  88      F5A50D0D 
  88      4D1F16AD 
  88      3EC5
  89 0054 D3EAF193 		.ascii	"\323\352\361\223\211\211\3413\023\003\343rF)\306\025"
  89      8989E133 
  89      1303E372 
  89      4629C615 
  90 0064 8C207B18 		.ascii	"\214 {\030W2\252\003U^\335\364f\027\017\263>#H\327\302"
  90      5732AA03 
  90      555EDDF4 
  90      66170FB3 
  90      3E2348D7 
  91 0079 2BD32EB3 		.ascii	"+\323.\263\251.\006\352:\360{S\203\003\313O&f\306U\214"
  91      A92E06EA 
  91      3AF07B53 
  91      8303CB4F 
  91      2666C655 
  92 008e CCC8FA80 		.ascii	"\314\310\372\200B\014\214\253\031UA\312?\266\374\275"
  92      420C8CAB 
  92      195541CA 
  92      3FB6FCBD 
  93 009e CECDD6D2 		.ascii	"\316\315\326\322\320\320 \0002\033h\344\032F6F \275"
  93      D0D02000 
  93      321B68E4 
  93      1A463646 
  93      20BD
  94 00b0 5EE840C3 		.ascii	"^\350@\303\377\377\217\217\034\334\315\012\024~\002"
  94      FFFF8F8F 
  94      1CDCCD0A 
  94      147E02
  95 00bf C420E73F 		.ascii	"\304 \347?\005:\001H3\337cl<\260\223\027\244\026h\306"
  95      053A0148 
  95      33DF636C 
  95      3CB09317 
  95      A41668C6 
  96 00d3 C559CB9A 		.ascii	"\305Y\313\232\371A\356fbd`\\\013v\330\023 \023\250\016"
  96      F941EE66 
  96      6264605C 
  96      0B76D813 
  96      2013A80E 
  97 00e7 A84B474F 		.ascii	"\250KGOO\037\202\222\022\223\263S\363R\364\013r\022"
  97      4F1F8292 
  97      1293B353 
  97      F352F40B 
  97      7212
  98 00f9 4BD2F28B 		.ascii	"K\322\362\213r\365\22332\2232\363\213\365\213\213\222"
  98      72F59333 
  98      329332F3 
  98      8BF58B8B 
  98      92
  99 010a F5735253 		.ascii	"\365sRS\364\222\031XJ22\213\0013\247d\276"
  99      F4921958 
  99      4A32328B 
  99      0133A764 
  99      BE
ARM GAS  /var/folders/_f/jzb7lsz153bclt069nvlpp5r0000gn/T//ccp3YamQ.s 			page 7


 100              		.text
 101              		.section	.gnu.lto_ll_led_write.e4d4944959da53ee,"",%progbits
 102 0000 789C8D53 		.ascii	"x\234\215S]l\024U\024\276\337\235\331\331\277i\273m"
 102      5D6C1455 
 102      14BEDF9D 
 102      D9D9BF69 
 102      BB6D
 103 0012 6D537950 		.ascii	"mSyP\223\332\360\000\333}(/\274\231\370\342\223>\373"
 103      93DAF000 
 103      DB7D282F 
 103      BC99F8E2 
 103      933EFB
 104 0025 D494EE1A 		.ascii	"\324\224\356\0326\2425m#\011/L\267K\002\250\204\024"
 104      36A2356D 
 104      23092F4C 
 104      B74B02A8 
 104      8414
 105 0037 A3ABB6D1 		.ascii	"\243\253\266\321\332\250\305*\205\005\252\375\241\254"
 105      DAA8C52A 
 105      8505AAFD 
 105      A1AC
 106 0045 88E5A705 		.ascii	"\210\345\247\005\024\026\312_\300\3246\362g\004\332"
 106      1416CA5F 
 106      C0D436F2 
 106      6704DA
 107 0054 B45D13BA 		.ascii	"\264]\023\272\236sg\032\247\013$Nv\317\314=\367|\347"
 107      9E73671A 
 107      A70B244E 
 107      76CFCC3D 
 107      F77CE7
 108 0067 3BE7BBE7 		.ascii	";\347\273\347j\342\361\247\216\3760\204x\215\337\036"
 108      6AE2F1A7 
 108      8EFE3084 
 108      788DDF1E 
 109 0077 01B9FBAC 		.ascii	"\001\271\373\254\020m>)\265lDX\001}\3449a\231\032t\333"
 109      106D3E29 
 109      B56C4458 
 109      017DE439 
 109      61991A74 
 110 008c AD03FC21 		.ascii	"\255\003\374! \266JM\307V\334\226\017$\006\367\315\235"
 110      20B64A4D 
 110      C756DC96 
 110      0F2406F7 
 110      CD9D
 111 009e 09DE9239 		.ascii	"\011\336\2229)^\020\264\034\3528\2312x\011\235\227\223"
 111      295E10B4 
 111      1CEA3899 
 111      3278099D 
 111      9793
 112 00b0 975293FE 		.ascii	"\227R\223\376\325_YV\342\376\371\376\323\346\266WrR"
 112      D55F5956 
 112      E2FEF9FE 
 112      D3E6B657 
 112      7252
 113 00c2 8A5929F0 		.ascii	"\212Y)\360\015V\241\027\2538\335^\254\246\310\213\351"
 113      0D56A117 
 113      AB38DD5E 
ARM GAS  /var/folders/_f/jzb7lsz153bclt069nvlpp5r0000gn/T//ccp3YamQ.s 			page 8


 113      ACA6C88B 
 113      E9
 114 00d3 7B43A616 		.ascii	"{C\246\026\001\243\272\263\037]0jz\010\225\271\223\266"
 114      01A3BAB3 
 114      1F5D306A 
 114      7A0895B9 
 114      93B6
 115 00e5 5ED27352 		.ascii	"^\322sR\303\267\320\3348r\011\364\241\206\243'w\365"
 115      C3B7D0DC 
 115      387209F4 
 115      A186A327 
 115      77F5
 116 00f7 7AB5750A 		.ascii	"z\265u\012\371\341\205\371D\300F\356\3501\210M\307w"
 116      F9E185F9 
 116      44C046EE 
 116      E831884D 
 116      C777
 117 0109 85405DE0 		.ascii	"\205@]\340{\033\230Ml\367j\353\0250\233\374\265\311"
 117      7B1B984D 
 117      6CF76AEB 
 117      15309BFC 
 117      B5C9
 118 011b C6F52A9C 		.ascii	"\306\365*\234\304\276B\034-\372Q\303\301\377\314L\035"
 118      C4BE421C 
 118      2DFA51C3 
 118      C1FFCC4C 
 118      1D
 119 012c F1682F2B 		.ascii	"\361h/+\340\237\275\273\017\031\325\335\204\374}\351"
 119      E09FBDBB 
 119      0F19D5DD 
 119      84FC7DE9 
 120 013c 723493FC 		.ascii	"r4\223\374\302Z\312\347\221\223\036\354_\231\300~\010"
 120      C25ACAE7 
 120      91931EEC 
 120      5F99C07E 
 120      08
 121 014d F120F968 		.ascii	"\361 \371h2h$-\313\012\341\000\252Y\016R!\015\003BH"
 121      3268242D 
 121      CB0AE100 
 121      AA590E52 
 121      210D0342 
 122 0162 F6504C7A 		.ascii	"\366PLz\364\223kA\355U\305\320\376\307\301\244\307f"
 122      F4936B41 
 122      ED55C5D0 
 122      FEC7C1A4 
 122      C766
 123 0174 D8DE13FB 		.ascii	"\330\336\023\373\217A\342\340\223\030p\010\325\375e"
 123      8F41E2E0 
 123      93187008 
 123      D5FD65
 124 0183 192B9F9F 		.ascii	"\031+\237\237\035\035n\257K\311g5\260R\3246\345\366"
 124      1D1D6EAF 
 124      4BC96735 
 124      B052D436 
 124      E5F6
 125 0195 809B30C0 		.ascii	"\200\2330\300\022x\251)\303G\306\353'\343\013\220\361"
 125      1278A929 
ARM GAS  /var/folders/_f/jzb7lsz153bclt069nvlpp5r0000gn/T//ccp3YamQ.s 			page 9


 125      C347C6EB 
 125      27E30B90 
 125      F1
 126 01a6 07C9044C 		.ascii	"\007\311\004L6Ed\202\305\274Q\302&\304\313R\376*S\024"
 126      36456482 
 126      C5BC51C2 
 126      26C4CB52 
 126      FE2A5314 
 127 01ba E5F46956 		.ascii	"\345\364iVp\206J\316P\305_BLS/<$3\244\026\275\265\253"
 127      70864ACE 
 127      50C55F42 
 127      4C532F3C 
 127      2433A416 
 128 01d1 480C1C38 		.ascii	"H\014\0348\272\226\273[\220:5ss\372\334o>\236\017Mi"
 128      BA96BB5B 
 128      903A3573 
 128      73FADC6F 
 128      3E9E0F4D 
 129 01e6 7178F1F3 		.ascii	"qx\361\363\277\212\272\360Y\233ee\232r\262h\201N\372"
 129      BF8ABAF0 
 129      599B6565 
 129      9A72B268 
 129      814EFA
 130 01f9 30B7427B 		.ascii	"0\267B{_\336=>U\034^\223\223\305\030@\027\036J\325\335"
 130      5FDE3D3E 
 130      551C5E93 
 130      93C51840 
 130      171E4AD5 
 131 020e 0F088B4B 		.ascii	"\017\010\213KHX\257+\305\250#\312+.\"y\245=_g\323x\010"
 131      4858AF2B 
 131      C5A823CA 
 131      2B2E2279 
 131      A53D5F67 
 132 0225 DBF6F5F0 		.ascii	"\333\366\365\360\373^\246\361\021\344GG\233\031\"\315"
 132      FB5EA6F1 
 132      11E44747 
 132      9B1922CD 
 133 0235 46B8A6F9 		.ascii	"F\270\246\371\235c\251@\301QPO\352\024\0100\310i\274"
 133      9D63A940 
 133      C151504F 
 133      EA140830 
 133      C869BC
 134 0248 EE6AF515 		.ascii	"\356j\365\025\325\222\370%\013\322\300\020'\3060\025"
 134      D592F825 
 134      0BD2C010 
 134      27C63015 
 135 0258 27AEA27D 		.ascii	"'\256\242}\321\260\201U6\366D\327\255\264\316X:W\214"
 135      D1B08155 
 135      36F644D7 
 135      ADB4CE58 
 135      3A578C
 136 026b 502485EC 		.ascii	"P$\205\354\367\332!>\212rW\311\244GTH\342\206\023\342"
 136      F7DA213E 
 136      8A7257C9 
 136      A4475448 
 136      E28613E2 
 137 027f A7285E0F 		.ascii	"\247(^\017\300^\007\334\345x\012\313\011\221\012\030"
ARM GAS  /var/folders/_f/jzb7lsz153bclt069nvlpp5r0000gn/T//ccp3YamQ.s 			page 10


 137      C05E07DC 
 137      E5780ACB 
 137      09910A18 
 138 028f 7584EB9C 		.ascii	"u\204\353\234\333s\245\204\205+\305Q%\034\354\301{\364"
 138      DB73A584 
 138      852BC551 
 138      251CECC1 
 138      7BF4
 139 02a1 C1DF3D60 		.ascii	"\301\337=`\177\0312\010?\224j\356~\"=]\264Ab\342J;\234"
 139      7F193208 
 139      3F946AEE 
 139      7E223D5D 
 139      B44162E2 
 140 02b8 664C7211 		.ascii	"fLr\021t|jq\326d\346@H\340\330\312J\351\320L\206\\w"
 140      747C6A71 
 140      D664E640 
 140      48E0D8CA 
 140      4AE9D04C 
 141 02cf 20C5AAF8 		.ascii	" \305\252\370\"w\010\251U\345^\207\034\226eH\251\012"
 141      227708A9 
 141      55E55E87 
 141      1C966548 
 141      A90A
 142 02e1 09B16BCE 		.ascii	"\011\261k\316q\225\251D\245t\326\222\035|<\344t+R\376"
 142      7195A944 
 142      A574D692 
 142      1D7C3CE4 
 142      742B52FE 
 143 02f5 FF24F8F9 		.ascii	"\377$\370\371\211\022\2308\316\022h,\301/J\202c\035"
 143      89129838 
 143      CE12682C 
 143      C12F4A82 
 143      631D
 144 0307 2AAF5B66 		.ascii	"*\257[f\263P\346rb\305\230\3031=\361\336\200/\334g%"
 144      B350E672 
 144      62C598C3 
 144      313DF1DE 
 144      802FDC67 
 145 031c 69E3199C 		.ascii	"i\343\031\234P4\272Ms~\357\271OMg\253\002'\231\311\303"
 145      5034BA4D 
 145      737EEFB9 
 145      4F4D67AB 
 145      022799C9 
 146 0331 4CA71076 		.ascii	"L\247\020v\232\230\337y6\325\011{`+\236:Z\247\235\321"
 146      9A98DF79 
 146      36D5097B 
 146      602B9E3A 
 146      5AA79DD1 
 147 0345 4A7BEDC8 		.ascii	"J{\355\310J\012^\036\224\216\356\027\331Yp\211\236\177"
 147      4A0A5E1E 
 147      948EEE17 
 147      D9597089 
 147      9E7F
 148 0357 BA10E38F 		.ascii	"\272\020\343\217\013\321G\223\237YO\327\027\023\\\243"
 148      0BD14793 
 148      9F594FD7 
 148      17135CA3 
ARM GAS  /var/folders/_f/jzb7lsz153bclt069nvlpp5r0000gn/T//ccp3YamQ.s 			page 11


 149 0367 C1359EE1 		.ascii	"\3015\236\341\032+\325u\321\325\035\276\201\266\314"
 149      1A2BD575 
 149      D1D51DBE 
 149      81B6CC
 150 0376 C7634EAD 		.ascii	"\307cN\255\334\3064%\241\015\032\237\265\265\265\021"
 150      DCC63425 
 150      A10D1A9F 
 150      B5B5B511 
 151 0386 FBB7A1A1 		.ascii	"\373\267\241\241\361\315\330\333\321\310;\233\032Z\337"
 151      F1CDD8DB 
 151      D1C83B9B 
 151      1A5ADF
 152 0395 686A7E2B 		.ascii	"hj~+\322\2701\276!\336\324\022iin\214l\212Ek\033\205"
 152      D2B831BE 
 152      21DED412 
 152      69696E8C 
 152      6C8A456B 
 153 03ab DEBA31DE 		.ascii	"\336\2721\336\242G\033Z\033\374l\352[\342[b\001\332"
 153      A2471B5A 
 153      1BFC6CEA 
 153      5BE25B62 
 153      01DA
 154 03bd AA8F36C7 		.ascii	"\252\2176\307\337\2155c\363\277\275\245\031@"
 154      DF8D3563 
 154      F3BFBDA5 
 154      1940
 155              		.text
 156              		.section	.gnu.lto_ll_led_read.e4d4944959da53ee,"",%progbits
 157 0000 789C6591 		.ascii	"x\234e\221]HSa\030\307\337\347}\317\316>\325\010\"\334"
 157      5D485361 
 157      18C7DFE7 
 157      7DCFCE3E 
 157      D50822DC 
 158 0014 85042212 		.ascii	"\205\004\"\022:wa7\321M\320M7u\323U\020\310\334\026"
 158      3A776137 
 158      D14DD04D 
 158      3775D355 
 158      10C8DC16 
 159 0028 8E2C631B 		.ascii	"\216,c\033]\004\342\331\\\345E\211XD`ff\037\226\251"
 159      5D04E2D9 
 159      5CE54589 
 159      58446066 
 159      661F96A9 
 160 003c F931CDA9 		.ascii	"\3711\315\251\265\213.\"\350\013uf\224\205(e\026\245"
 160      B58B2E22 
 160      E80B7566 
 160      94852865 
 160      16A5
 161 004e 13D72974 		.ascii	"\023\327)t=\3179\023L\017\333\316\336\217\337\363\377"
 161      3DCF3913 
 161      4C0FDBCE 
 161      DE8FDFF3 
 161      FF
 162 005f FF9F47B0 		.ascii	"\377\237G\260\255O)~\233\004cG\360\015\006\006\274\341"
 162      AD4F297E 
 162      9B046347 
 162      F00D0606 
ARM GAS  /var/folders/_f/jzb7lsz153bclt069nvlpp5r0000gn/T//ccp3YamQ.s 			page 12


 162      BCE1
 163 0071 15632113 		.ascii	"\025c!\023\347\"\226\307\024\213\224p2\305&@\322\267"
 163      E72296C7 
 163      148B9470 
 163      32C52640 
 163      D2B7
 164 0083 2500FAC3 		.ascii	"%\000\372\303\200\325p!A\015\314\363E\016C]\313/\255"
 164      80D57021 
 164      410DCCF3 
 164      450E435D 
 164      CB2FAD
 165 0096 5FB9CAD9 		.ascii	"_\271\312\331.\206\313X\343\363k2-A\242\345d\342\332"
 165      2E86CB58 
 165      E3F36B32 
 165      2D41A2E5 
 165      64E2DA
 166 00a9 A4B9F08E 		.ascii	"\244\271\360\216\242\204\1775v\276\260\235;\250r\316"
 166      A2847F35 
 166      76BEB09D 
 166      3BA872CE 
 167 00b9 929CC13D 		.ascii	"\222\234\301=\260C;\330\251\334}(\304\233\023\275\337"
 167      B0433BD8 
 167      A9DC7D28 
 167      C49B13BD 
 167      DF
 168 00ca 6336E104 		.ascii	"c6\341\004\242Z\307\257\216\311\005mH\305\347{\225\375"
 168      A25AC7AF 
 168      8EC9056D 
 168      48C5E77B 
 168      95FD
 169 00dc 92CA053C 		.ascii	"\222\312\005<\000\261\221\303-\006\035P@\267'\353\333"
 169      00B191C3 
 169      2D061D50 
 169      40B727EB 
 169      DB
 170 00ed 8D628F46 		.ascii	"\215b\217F^\031[\011[t\262\256MF5\011\036n\006%\006"
 170      5E195B09 
 170      5B74B2AE 
 170      4D463509 
 170      1E6E0625 
 171 0102 9D3A381E 		.ascii	"\235:8\036\2563\212\275\0328\036yS\245s-\032\307\241"
 171      AE338ABD 
 171      1A381E79 
 171      53A5732D 
 171      1AC7A1
 172 0115 6B33878B 		.ascii	"k3\207\213n(\240\313\177\346fF\015\342\200\006~io\350"
 172      6E28A0CB 
 172      7FE66646 
 172      0DE28006 
 172      7E696FE8 
 173 0129 97F35B91 		.ascii	"\227\363[\221\374\374\355\235'\036\271\251\254\245\323"
 173      FCFCED9D 
 173      271EB9A9 
 173      ACA5D3
 174 0138 A072033C 		.ascii	"\240r\003<\372\277\200\376 \021\271\275\262*\211\303"
 174      FABF80FE 
 174      2011B9BD 
ARM GAS  /var/folders/_f/jzb7lsz153bclt069nvlpp5r0000gn/T//ccp3YamQ.s 			page 13


 174      B22A89C3 
 175 0148 1ADD9D1A 		.ascii	"\032\335\235\032\032\311\326\351\205\336c\361\320:-"
 175      1AC9D6E9 
 175      85DE63F1 
 175      D03A2D
 176 0157 43AF4E17 		.ascii	"C\257N\027\333a\367\006v1\262:i\225#\212\242l\203\036"
 176      DB61F706 
 176      7631B23A 
 176      6995238A 
 176      A26C831E 
 177 016b C8873EC8 		.ascii	"\310\207>\310\247vb\027\373A\006\306\370\372n\367\366"
 177      A7766217 
 177      FB4106C6 
 177      F8FA6EF7 
 177      F6
 178 017c B8924E27 		.ascii	"\270\222N'\373c\265E;\255\002\250U\230\033\017q\314"
 178      FB63B545 
 178      3BAD02A8 
 178      55981B0F 
 178      71CC
 179 018e 782C0365 		.ascii	"x,\003e1\002u\302\214\331\214\214\315b\031\232\357\034"
 179      310275C2 
 179      8CD98C8C 
 179      CD62199A 
 179      EF1C
 180 01a0 06C5B778 		.ascii	"\006\305\267x\017\341\201\236h1\025Nq\011\265?\315\276"
 180      0FE1819E 
 180      6831154E 
 180      7109B53F 
 180      CDBE
 181 01b2 7E6BA2D1 		.ascii	"~k\242\321\012\315J\364w\313\217\254fh\012)J\274J\345"
 181      0ACD4AF4 
 181      77CB8FAC 
 181      66680A29 
 181      4ABC4AE5 
 182 01c6 A6140E29 		.ascii	"\246\024\016)J9\361\354\326\302\263\231lG\221\312\315"
 182      4A39F1EC 
 182      D6C2B399 
 182      6C4791CA 
 182      CD
 183 01d7 3000CDB0 		.ascii	"0\000\315\260D\016\031\014\202\203% \254\034\325\314"
 183      440E190C 
 183      82832520 
 183      AC1CD5CC 
 184 01e7 A217ACCB 		.ascii	"\242\027\254\313Hf1\232\253\313\0306\312\030\266\310"
 184      4866319A 
 184      ABCB1836 
 184      CA18B6C8 
 185 01f7 EC53B905 		.ascii	"\354S\271\005\031x\234\221\271\276|y*\207d\2540\244"
 185      19789C91 
 185      B9BE7C79 
 185      2A8764AC 
 185      30A4
 186 0209 C980DEA5 		.ascii	"\311\200\336\245\325K?\333\300\321\201]\212\037\242"
 186      D54B3FDB 
 186      C0D1815D 
 186      8A1FA2
ARM GAS  /var/folders/_f/jzb7lsz153bclt069nvlpp5r0000gn/T//ccp3YamQ.s 			page 14


 187 0218 5EC6C0B1 		.ascii	"^\306\300\261\304\265.\015g,\224j\026\372\310\202\201"
 187      C4B52E0D 
 187      672C946A 
 187      16FAC882 
 187      81
 188 0229 4D4064AA 		.ascii	"M@d\252v\260T\267 #\037\272;|\321H\026l\210\214df7\207"
 188      76B054B7 
 188      20231FBA 
 188      3B7CD148 
 188      166C888C 
 189 0241 B96379E2 		.ascii	"\271cy\342\003\234\217\177\334AwI\351\306X}\027\257"
 189      039C8F7F 
 189      DC417749 
 189      E9C6587D 
 189      17AF
 190 0253 FEABD429 		.ascii	"\376\253\324)&\225g%\311\000\214B5Kq#\344\333\261\232"
 190      26956725 
 190      C9008C42 
 190      354B7123 
 190      E4DBB19A 
 191 0267 CAB329E2 		.ascii	"\312\263)\342\364\205\265\204\320\005\314$\211[\215"
 191      F485B584 
 191      D005CC24 
 191      895B8D
 192 0276 40EB8D81 		.ascii	"@\353\215\201\245-\201sU\236C\245\236\220\007x\212\031"
 192      A52D8173 
 192      559E43A5 
 192      9E900778 
 192      8A19
 193 0288 91D7BC48 		.ascii	"\221\327\274H\332\214\246!\024Ofe\2143\232!\320>F-."
 193      DA8CA621 
 193      144F6665 
 193      8C339A21 
 193      D03E462D 
 194 029d 2971EA9F 		.ascii	")q\352\237r\227\373\204\367\224\307y\272\322\025<^\345"
 194      7297FB84 
 194      F794C779 
 194      BAD2153C 
 194      5EE5
 195 02af 3FE97457 		.ascii	"?\351tW\370\312}U\001g\300\357vVz=%n&\005+|\001\311"
 195      F8CA7D55 
 195      0167C0EF 
 195      76567A3D 
 195      256E2605 
 196 02c7 E30ABACC 		.ascii	"\343\012\272\314\364S\026\360\235\365Z\360\250\314\343"
 196      F45316F0 
 196      9DF55AF0 
 196      A8CCE3
 197 02d6 F79DF1FA 		.ascii	"\367\235\361\372\015\201\240+\350\375\007T\335Z\343"
 197      0D81A02B 
 197      E8FD0754 
 197      DD5AE3
 198              		.text
 199              		.section	.gnu.lto_ll_led_init.e4d4944959da53ee,"",%progbits
 200 0000 789C95D2 		.ascii	"x\234\225\322\317k\023A\024\007\360\371\316l\266\201"
 200      CF6B1341 
 200      1407F0F9 
ARM GAS  /var/folders/_f/jzb7lsz153bclt069nvlpp5r0000gn/T//ccp3YamQ.s 			page 15


 200      CE6CB681 
 201 0010 A0154F92 		.ascii	"\240\025O\222\223\227P\304&{\360 \236\364\350\237 \036"
 201      939750C4 
 201      267BF020 
 201      9EF4E89F 
 201      201E
 202 0022 8436A958 		.ascii	"\2046\251X\214VR\361 \226nj\244\236DT\324h[\301\340"
 202      8C5652F1 
 202      20966E6A 
 202      A49E4454 
 202      D4685BC1 
 203 0037 CFDAD454 		.ascii	"\317\332\324T\243\246Z\273U\021\017Q)\001\255=\244P"
 203      A3A65ABB 
 203      55110F51 
 203      2901AD3D 
 203      A450
 204 0049 AA28D29A 		.ascii	"\252(\322\232\230\222\032\212\326\367&\344\022A\310"
 204      98921A8A 
 204      D6F726E4 
 204      1241C8
 205 0058 B2CBECEC 		.ascii	"\262\313\354\354\276\367y\363K\211\177//=#J\210\355"
 205      BEF779F3 
 205      4B897F2F 
 205      2F3D234A 
 205      88ED
 206 006a D44209C8 		.ascii	"\324B\011\310\263\357\204\210\272%\300/\002\242W\242"
 206      B3EF8488 
 206      BA25C02F 
 206      02A257A2 
 207 007a 17DF6451 		.ascii	"\027\337dQ\"\233\371\223C\313\015\333\356+\314\247f"
 207      229BF993 
 207      43CB0DDB 
 207      EE2BCCA7 
 207      66
 208 008b 3CA73655 		.ascii	"<\2476U\244\020%)\320\352\305\026vp\013-\0247\234\230"
 208      A4102529 
 208      D0EAC516 
 208      76700B2D 
 208      14379C98 
 209 009f C97B9405 		.ascii	"\311{\224\005A\357\231\344\362[\317WY\221\330\314\335"
 209      41EF99E4 
 209      F25BCF57 
 209      5991D8CC 
 209      DD
 210 00b0 F1736F2E 		.ascii	"\361so.\233\334\225\006w\373\213?b\360%Ht&\307\354]"
 210      9BDC9506 
 210      77FB8B3F 
 210      62F02548 
 210      7426C7EC 
 211 00c5 46452ADC 		.ascii	"FE*\334\206b\363\016\274\270\013\257\240O\002\303\360"
 211      8662F30E 
 211      BCB80BAF 
 211      A04F02C3 
 211      F0
 212 00d6 51F4D285 		.ascii	"Q\364\322\205\241K\246\332\246\335\331\334j\271\251"
 212      A14BA6DA 
 212      A6DDD9DC 
ARM GAS  /var/folders/_f/jzb7lsz153bclt069nvlpp5r0000gn/T//ccp3YamQ.s 			page 16


 212      6AB9A9
 213 00e5 9AB958CD 		.ascii	"\232\271X\3154p\257>\323\020\030\201\217\303\213\261"
 213      3470AF3E 
 213      D3101881 
 213      8FC38BB1 
 214 00f5 DF1F3D66 		.ascii	"\337\037=f\314\266\355\015<b\032j\022&\250\035\335\350"
 214      CCB6ED0D 
 214      3C621A6A 
 214      1226A81D 
 214      DDE8
 215 0107 D86B6B89 		.ascii	"\330kk\211\211\201\264\341\2419S!\005\235$\026(\214"
 215      8981B4E1 
 215      A1395321 
 215      059D2416 
 215      288C
 216 0119 97E0B394 		.ascii	"\227\340\263\224\334\252Y\364]Le\247\\\234I\342\334"
 216      DCAA59F4 
 216      5D4C65A7 
 216      5C9C49E2 
 216      DC
 217 012a C2FB6937 		.ascii	"\302\373i7\317\204\326\216\272\351_\327\026\327\015"
 217      CF84D68E 
 217      BAE95FD7 
 217      16D70D
 218 0139 E26AD4B6 		.ascii	"\342j\324\266\035\263\"]+Rb\224\006\301\377\256\177"
 218      1DB3225D 
 218      2B526294 
 218      06C1FFAE 
 218      7F
 219 014a 7F35BFDE 		.ascii	"\1775\277\336\277\265\"M\334\307 ~r}\201\024\374+\224"
 219      BFB5224D 
 219      DCC7207E 
 219      727D8114 
 219      FC2B94
 220 015d 4C6CA190 		.ascii	"Ll\241\220-\326\330\3779\003\313\347?5\263#0\246\035"
 220      2DD6D8FF 
 220      3903CBE7 
 220      3F35B323 
 220      30A61D
 221 0170 9E001EC0 		.ascii	"\236\000\036\300O\377\246\257\334<\331\314\303\241\035"
 221      4FFFA6AF 
 221      DC3CD9CC 
 221      C3A11D
 222 017f C3434A20 		.ascii	"\303CJ \267\334\377!\276\257\021\267\011i\355\352\005"
 222      B7DCFF21 
 222      BEAF11B7 
 222      0969EDEA 
 222      05
 223 0190 7AA4DDA1 		.ascii	"z\244\335\241\334\231\244\354Y\265O\333\316\016\012"
 223      DC99A4EC 
 223      59B54FDB 
 223      CE0E0A
 224 019f 28714D3C 		.ascii	"(qM<FO\325\317\307\3674\346?\321\276b?S\357\007\264"
 224      464FD5CF 
 224      C7F734E6 
 224      3FD1BE62 
 224      3F53EF07 
ARM GAS  /var/folders/_f/jzb7lsz153bclt069nvlpp5r0000gn/T//ccp3YamQ.s 			page 17


 225 01b4 4FB5315E 		.ascii	"O\2651^\363\277\304\3676\346?\325\276\301\376\263z\337"
 225      F3BFC4F7 
 225      36E63FD5 
 225      BEC1FEB3 
 225      7ADF
 226 01c6 D23ED5C6 		.ascii	"\322>\325\306D\315_\212\037o\304w\343\271\366]\354O"
 226      44CD5F8A 
 226      1F6FC477 
 226      E3B9F65D 
 226      EC4F
 227 01d8 D6FB3B29 		.ascii	"\326\373;)\240\304\265\341\324\374r\374Dc\376\224\366"
 227      A0C4B5E1 
 227      D4FC72FC 
 227      4463FE94 
 227      F6
 228 01e9 4DF65FD4 		.ascii	"M\366_\324\373\273\265O\265\361\222\374<\242\316\364"
 228      FBBBB54F 
 228      B5F192FC 
 228      3CA2CEF4 
 229 01f9 6BE873CC 		.ascii	"k\350s\314\373\315\007\026|Pi\001[\003\001\253z\267"
 229      FBCD0716 
 229      7C506901 
 229      5B0301AB 
 229      7AB7
 230 020b B7050F76 		.ascii	"\267\005\017v\034\016YG\302mG\367wE\016Y\301\003\235"
 230      1C0E5947 
 230      C26D47F7 
 230      77450E59 
 230      C1039D
 231 021e ED9D5DDD 		.ascii	"\355\235]\335Vw$h\205;B\201\240P\341p\310\010\207\""
 231      56772468 
 231      853B4281 
 231      A050E170 
 231      C8088722 
 232 0232 C7FE0272 		.ascii	"\307\376\002rdd\245"
 232      6464A5
 233              		.text
 234              		.section	.gnu.lto_.symbol_nodes.e4d4944959da53ee,"",%progbits
 235 0000 789C55C8 		.ascii	"x\234U\310\253\021\2000\024\004\300\313%d\"(\207\376"
 235      AB118030 
 235      1404C0CB 
 235      25642228 
 235      87FE
 236 0012 2E0281A4 		.ascii	".\002\201\244\000\206A\322\000\035\240i\202\177\027"
 236      008641D2 
 236      001DA069 
 236      827F17
 237 0021 0840BC95 		.ascii	"\010@\274\225\353\001\324\370p\245\200v\001$tcS\202"
 237      EB01D4F8 
 237      70A58076 
 237      01247463 
 237      5382
 238 0033 1BE5ECEC 		.ascii	"\033\345\354\354\024\355\234\224\267sP\301\316E\025"
 238      14ED9C94 
 238      B77350C1 
 238      CE4515
 239 0042 FFF44382 		.ascii	"\377\364C\202\273\251\370\006rN\360!b\236*<\300\276"
ARM GAS  /var/folders/_f/jzb7lsz153bclt069nvlpp5r0000gn/T//ccp3YamQ.s 			page 18


 239      BBA9F806 
 239      724EF021 
 239      629E2A3C 
 239      C0BE
 240 0054 27C0     		.ascii	"'\300"
 241              		.text
 242              		.section	.gnu.lto_.refs.e4d4944959da53ee,"",%progbits
 243 0000 789C6366 		.ascii	"x\234cf``\020b\200\000VV&\006f&\026\026&fV&F6&&v\006"
 243      60601062 
 243      80005656 
 243      26066626 
 243      16162666 
 244 001c 00046000 		.ascii	"\000\004`\000M"
 244      4D
 245              		.text
 246              		.section	.gnu.lto_.decls.e4d4944959da53ee,"",%progbits
 247 0000 789CAD58 		.ascii	"x\234\255XyTT\327\031\237\373\356\354\014h*j\216\247"
 247      795454D7 
 247      199FFBEE 
 247      EC0C682A 
 247      6A8EA7
 248 0013 3D21B4B5 		.ascii	"=!\264\265\266G\031\304\244\255\355?6jbRS,\306\366\364"
 248      B64719C4 
 248      A4ADED3F 
 248      366A6252 
 248      532CC6F6 
 249 0028 B43D7346 		.ascii	"\264=sF\030\303\234\216\203\235\031\223\246\375\347"
 249      18C39C8E 
 249      839D1993 
 249      A6FDE7
 250 0037 B144A9A2 		.ascii	"\261D\251\242R\\@\334\006\001Y\024EA\021\001\001\027"
 250      525C40DC 
 250      06015914 
 250      45411101 
 250      0117
 251 0049 6491C57D 		.ascii	"d\221\305}\001t\304`\024E0\242\"\012\366\273\367\276"
 251      0174C460 
 251      144530A2 
 251      220AF6BB 
 251      F7BE
 252 005b 376F661C 		.ascii	"7of\034\264\351\311;|\314\373\356\373\356\357\376\276"
 252      B4E9C93B 
 252      7CCCFBEE 
 252      FBEEEFFE 
 252      BE
 253 006c E52EEF61 		.ascii	"\345.\357a\231L\026\313\311d/\340\332\023,\223\375K"
 253      994C16CB 
 253      C9642FE0 
 253      DA132C93 
 253      FD4B
 254 007e 2E93A9A0 		.ascii	".\223\251\240m\001\010\002y[\306.\322\326\015\3625\310"
 254      6D010802 
 254      795BC62E 
 254      D2D60DF2 
 254      35C8
 255 0090 1D90BB20 		.ascii	"\035\220\273 \275 \263\300h\021\222\275t\021[\005H\020"
 255      BD20B3C0 
ARM GAS  /var/folders/_f/jzb7lsz153bclt069nvlpp5r0000gn/T//ccp3YamQ.s 			page 19


 255      681192BD 
 255      74115B05 
 255      4810
 256 00a2 880EA418 		.ascii	"\210\016\244\030\344<H\233\360\034\0116\276\027\301"
 256      E43C489B 
 256      F01C0936 
 256      BE17C1
 257 00b1 97FBE927 		.ascii	"\227\373\351'\366\371\332O\237;\257\351s\307O\037\302"
 257      F6F9DA4F 
 257      9F3BAFE9 
 257      73C74F1F 
 257      C2
 258 00c2 7FC228FC 		.ascii	"\177\302(\374~\215\330\263\303\202\377! \363@>\002\231"
 258      7E8DD8B3 
 258      C382FF21 
 258      20F3403E 
 258      0299
 259 00d4 02CFAEC0 		.ascii	"\002\317\256\300o$H\023\310\257@\177\007D\003\362\023"
 259      6F244813 
 259      C8AF407F 
 259      074403F2 
 259      13
 260 00e5 90F12083 		.ascii	"\220\361 \203B\274\332A~\001\3724\220\351 ?\004y\003"
 260      42BCDA41 
 260      7E01FA34 
 260      90E9203F 
 260      047903
 261 00f8 241C315E 		.ascii	"$\0341^w\375\360\"1\035\373\012^\207\005\336\"\007q"
 261      77FDF022 
 261      311DFB0A 
 261      5E8705DE 
 261      220771
 262 010b 7CC2F30F 		.ascii	"|\302\363\017\360\033\211\030/\3541>\031\217\023\260"
 262      F01B8918 
 262      2FEC313E 
 262      198F13B0 
 263 011b FDE58AE4 		.ascii	"\375\345\212\344P#\370+\216\373@\030\257O\030\247\023"
 263      5023F82B 
 263      8EFB4018 
 263      AF4F18A7 
 263      13
 264 012c E49A875F 		.ascii	"\344\232\207_\347@\\ \027An\200t\201\\\005Q\012x\335"
 264      E7405C20 
 264      17416E80 
 264      74815C05 
 264      510A78DD 
 265 0140 C278C447 		.ascii	"\302x\304G\261f|\257\007\034*\337;\320\034p\233CA\332"
 265      B1667CAF 
 265      071C2ADF 
 265      3BD01C70 
 265      9B4341DA 
 266 0154 10A21E49 		.ascii	"\020\242\036I\253\317P\202\252\323\312\211Z}t\260N\213"
 266      ABCF5082 
 266      AAD3CA89 
 266      5A7D74B0 
 266      4E8B
 267 0166 3944EEB3 		.ascii	"9D\356\2633n\234\327N-\344y>\231\257\271\214$\210\224"
ARM GAS  /var/folders/_f/jzb7lsz153bclt069nvlpp5r0000gn/T//ccp3YamQ.s 			page 20


 267      336E9CD7 
 267      4E2DE479 
 267      3E99AFB9 
 267      8C248894 
 268 017a 64578316 		.ascii	"dW\203\026\177\217\032\305\357\252HQA\377\267\265\364"
 268      7F8F1AC5 
 268      EFAA4851 
 268      41FFB7B5 
 268      F4
 269 018b D1F52D4F 		.ascii	"\321\365-Os4T%\345=\006\232\270\372[|v\020\232\254\315"
 269      73345425 
 269      E53D069A 
 269      B8FA5B7C 
 269      76109AAC 
 270 01a0 01A0FEAA 		.ascii	"\001\240\376\252\264\272\357\363\274\034\355CZ\264\033"
 270      B4BAEFF3 
 270      BC1CED43 
 270      5AB41B
 271 01af 615488A6 		.ascii	"aT\210\246\002&\355M\256d\236O\340S\023yM}\220\014\345"
 271      0226ED4D 
 271      AE649E4F 
 271      E0531379 
 271      4D7D900C 
 272 01c4 A149281F 		.ascii	"\241I(\037M\222\241\275h2XP[\264\007\032\213\240\021"
 272      4D92A1BD 
 272      68325850 
 272      5BB4071A 
 272      8BA011
 273 01d7 804F3E3F 		.ascii	"\200O>?\232\244@\332\311\376;\355\367\323\211R\030N"
 273      9AA440DA 
 273      C9FE3BED 
 273      F7D38952 
 273      184E
 274 01e9 4C9B4028 		.ascii	"L\233@(\024\003\205\002\211\0020r;Xq\272`\037Gc\304"
 274      14038502 
 274      89023072 
 274      3B5871BA 
 274      601F4763 
 275 01fe 739E31D3 		.ascii	"s\2361\323\261\230m\177\2742\034\237E\324\377\025\235"
 275      B1986D7F 
 275      BC321C9F 
 275      45D4FF15 
 275      9D
 276 020f 7D5D81F8 		.ascii	"}]\201\370\032S\32275mU\341\036\252\310\277zz\355\211"
 276      1A53D237 
 276      356D55E1 
 276      1EAAC8BF 
 276      7A7AED89 
 277 0223 0A4DD24C 		.ascii	"\012M\322L\236\224\301\253\321a\244\221\255$D\373\023"
 277      9E94C1AB 
 277      D161A491 
 277      AD2444FB 
 277      13
 278 0234 52C7FE5D 		.ascii	"R\307\376]\206\246NB?\005\226\345\300\222<\222\2412"
 278      86A64E42 
 278      3F0596E5 
 278      C0923C92 
ARM GAS  /var/folders/_f/jzb7lsz153bclt069nvlpp5r0000gn/T//ccp3YamQ.s 			page 21


 278      A132
 279 0246 E07844E0 		.ascii	"\340xD\340\230\314\317\"\255\350\020\302\036\311\313"
 279      98CCCF22 
 279      ADE810C2 
 279      1EC9CB
 280 0255 80760604 		.ascii	"\200v\006\004C]yz\267G\203\373\331\270\256\256\373\031"
 280      435D797A 
 280      B74783FB 
 280      D9B8AEAE 
 280      FB19
 281 0267 01F80553 		.ascii	"\001\370\005Sr6n\332\243\240d\325D\355\271\225g\304"
 281      72366EDA 
 281      A3A064D5 
 281      44EDB995 
 281      67C4
 282 0279 AB5946AF 		.ascii	"\253YF\257=\3344\037g\260\373\246\256\301\207:j6\226"
 282      3DDC341F 
 282      67B0FBA6 
 282      AEC1873A 
 282      6A3696
 283 028c A8C5A5FD 		.ascii	"\250\305\245\375\27348\217=\273}\270`\277\022W2e\363"
 283      BB34388F 
 283      3DBB7DB8 
 283      60BF1257 
 283      3265F3
 284 029f 93D37563 		.ascii	"\223\323uc\250\341\233D=trM\216\022\237e\317\322\317"
 284      A8E19B44 
 284      3D74724D 
 284      8E129F65 
 284      CFD2CF
 285 02b2 5C2E93E3 		.ascii	"\\.\223\343KLY\325^pZ\205\257s^u1\201\325\305\332\246"
 285      4B4C59D5 
 285      5E705A85 
 285      AF735E75 
 285      3181D5C5 
 286 02c8 CC5A4CD5 		.ascii	"\314ZL\325\027\3441\227vs \027\211\271\353O\343\361"
 286      17E43197 
 286      76732017 
 286      89B9EB4F 
 286      E3F1
 287 02da 9BEE9034 		.ascii	"\233\356\2204BH&\010\211;\005A\251\027\023W5\344B$q"
 287      42482608 
 287      893B0541 
 287      A9171357 
 287      35E44224 
 288 02ef 0D90B83A 		.ascii	"\015\220\270:)q\023\334y\343\\\227r\177\357\037\364"
 288      297113DC 
 288      79E35C97 
 288      727FEF1F 
 288      F4
 289 0300 F468A0C3 		.ascii	"\364h\240\303\211M\343\011h\023\200\236\224@\033\244"
 289      894DE309 
 289      6813809E 
 289      94401BA4 
 290 0310 6AE0BACF 		.ascii	"j\340\272\317\2716\253\375\303\266\214\006{ew\032\205"
 290      B936ABFD 
 290      C3B68C06 
ARM GAS  /var/folders/_f/jzb7lsz153bclt069nvlpp5r0000gn/T//ccp3YamQ.s 			page 22


 290      7B65771A 
 290      85
 291 0321 6D06D813 		.ascii	"m\006\330\023\022l\223G\221\225\256\332\321\255\301"
 291      126C9347 
 291      9195AEDA 
 291      D1ADC1
 292 0330 6B310D57 		.ascii	"k1\015W{G\312\006\244[%U2%$\026\263\014\265!\235\320"
 292      7B47CA06 
 292      A45B2555 
 292      32252416 
 292      B30CB521 
 293 0346 2DB9A8B8 		.ascii	"-\271\250\270R#\207\305\205\026\360\237\351\254\315"
 293      522387C5 
 293      8516F09F 
 293      E9ACCD
 294 0355 C83F61A3 		.ascii	"\310?a\243M`\206\316 \322\366\306\375\225[w\005\240"
 294      4D6086CE 
 294      20D2F6C6 
 294      FD955B77 
 294      05A0
 295 0367 509D3C74 		.ascii	"P\235<t\342\304q\241\241r\235.\024\256\311N\030\242"
 295      E2C471A1 
 295      A1729D2E 
 295      14AEC94E 
 295      18A2
 296 0379 BFBC285D 		.ascii	"\277\274(]\227\316\273j\020\255\262\012\340w\005\215"
 296      97CEBB6A 
 296      10ADB20A 
 296      E077058D 
 297 0389 137D9A42 		.ascii	"\023}\232B\306\313#\243\312<\371\020\013\211\317y\306"
 297      C6CB23A3 
 297      CA3CF910 
 297      0B89CF79 
 297      C6
 298 039a 8763B784 		.ascii	"\207c\267\204\006\001v]\253\214\251I\302\250\023\232"
 298      0601765D 
 298      AB8CA949 
 298      C2A8139A 
 299 03aa 2A0554F7 		.ascii	"*\005T\367\204\254\242\035\177Fp7B\210\010\356X6\013"
 299      84ACA21D 
 299      7F467037 
 299      428808EE 
 299      58360B
 300 03bd 25D84B68 		.ascii	"%\330Kh\"\374\277\200\344\2572\272L\215:\250\321\177"
 300      22FCBF80 
 300      E4AF32BA 
 300      4C8D3AA8 
 300      D17F
 301 03cf A811CFCF 		.ascii	"\250\021\317\317r\310\320\001\260(!#\225\012CC\320\321"
 301      72C8D001 
 301      B0282123 
 301      950A4343 
 301      D0D1
 302 03e1 4DC8503B 		.ascii	"M\310P;\012E\347@.\202\334\000q\201t\201\\\005\271\216"
 302      0A45E740 
 302      2E82DC00 
 302      71817481 
ARM GAS  /var/folders/_f/jzb7lsz153bclt069nvlpp5r0000gn/T//ccp3YamQ.s 			page 23


 302      5C05B98E 
 303 03f5 42694208 		.ascii	"BiB\010}g\317\001~\026\320\277\006\364\217\371\322?"
 303      7D67CF01 
 303      7E16D0BF 
 303      06F48FF9 
 303      D23F
 304 0407 2ED1A7AE 		.ascii	".\321\247\256v\034\240\256F\352\320A_\323)nK1>g\201"
 304      761CA0AE 
 304      46EAD041 
 304      5FD3296E 
 304      4B313E67 
 305 041c AC6730C1 		.ascii	"\254g0\301\005\017\207:Y0=\015.y\031\\c\006t\334{\305"
 305      050F873A 
 305      59303D0D 
 305      2E79195C 
 305      630674DC 
 306 0432 7FA989C7 		.ascii	"\177\251\211\307\264\260Z\275\023\307\030\262\314Q\323"
 306      B4B05ABD 
 306      13C718B2 
 306      CC51D3
 307 0441 DB5236AA 		.ascii	"\333R6\252}9\326x\273\343\274\316\\'\266G\375gN\002"
 307      7D39D678 
 307      BBE3BCCE 
 307      5C27B647 
 307      FD674E02 
 308 0455 76DE91E2 		.ascii	"v\336\221\342T\353\037\230\031\223\251\340j_\240&\026"
 308      54EB1F98 
 308      1993A9E0 
 308      6A5FA026 
 308      16
 309 0466 32610E48 		.ascii	"2a\016H\333Hf\311@U\020>\306&\300\243\332\"\2476d;\337"
 309      DB4866C9 
 309      4055103E 
 309      C626C0A3 
 309      DA22A736 
 310 047d 56DC5FD0 		.ascii	"V\334_\320\332\032\274\231w&\360#/`\261\240\261\372"
 310      DA1ABC99 
 310      7726F023 
 310      2F60B1A0 
 310      B1FA
 311 048f CA3D8564 		.ascii	"\312=\205d\344\236\"\240n\024\002\035\263\032;nk\361"
 311      E49E22A0 
 311      6E14021D 
 311      B31A3B6E 
 311      6BF1
 312 04a1 084349AA 		.ascii	"\010CI\252\3158\032@Q\234\315\204#\377\374\305\013L"
 312      CD381A40 
 312      519CCD84 
 312      23FFFCC5 
 312      0B4C
 313 04b3 8379CB03 		.ascii	"\203y\313\003\341\226\210\3605E8x\276\267\016\343\015"
 313      E19688F0 
 313      35453878 
 313      BEB70EE3 
 313      0D
 314 04c4 72B67A36 		.ascii	"r\266z6\265$s\014\341\2527\302m\017\204\333\"\302\035"
 314      B524730C 
ARM GAS  /var/folders/_f/jzb7lsz153bclt069nvlpp5r0000gn/T//ccp3YamQ.s 			page 24


 314      E1AA37C2 
 314      6D0F84DB 
 314      22C21D
 315 04d7 8AE0CCBE 		.ascii	"\212\340\314\276\234\242\304\205\014\341y\3577_*\000"
 315      9CA2C485 
 315      0CE179EF 
 315      375F2A00 
 316 04e7 A1A6D839 		.ascii	"\241\246\3309,!\020/z<\020zD\204\273\024\341a\313\205"
 316      2C21102F 
 316      7A3C107A 
 316      4484BB14 
 316      E161CB85 
 317 04fb ED089731 		.ascii	"\355\010\2271\204\346\242\307\035A\014\341\2167\302"
 317      84E6A2C7 
 317      1D410CE1 
 317      8E37C2
 318 050a 3D0F847B 		.ascii	"=\017\204{\"B/E\030)N\\\257\304\307)\0027\264}\260H"
 318      22422F45 
 318      18294E5C 
 318      AFC4C729 
 318      0237B47D 
 319 0520 85C64DF6 		.ascii	"\205\306M\366;=\372aJ|\333\351A\027\265\362\242v\272"
 319      3B3DFA61 
 319      4A7CDBE9 
 319      4117B5F2 
 319      A276BA
 320 0533 00F741E7 		.ascii	"\000\367A\347\373\322\242F\222+\346\364Y\347\325\313"
 320      FBD2A246 
 320      922BE6F4 
 320      59E7D5CB 
 321 0543 415EEB58 		.ascii	"A^\353X\237\327\272\361\300\275\216m\254\334\232\246"
 321      9FD7BAF1 
 321      C0BD8E6D 
 321      ACDC9AA6 
 322 0553 617B2C75 		.ascii	"a{,u\272\262\267\376\014\207[Y\004Z{V\234A\370:S\206"
 322      BAB2B7FE 
 322      0C875B59 
 322      045A7B56 
 322      9C41F83A 
 323 0569 BE3CB782 		.ascii	"\276<\267\202\355\3065t7\316\357jI\013\244\033\322\024"
 323      EDC63574 
 323      37CEEF6A 
 323      490BA41B 
 323      D214
 324 057b A26E2ABC 		.ascii	"\242n*\274\035\203\0371\323\336c9\377\320\302:\235\370"
 324      1D831F31 
 324      D3DE6339 
 324      FFD0C23A 
 324      9DF8
 325 058d BF9D0748 		.ascii	"\277\235\007H\330\332W$\351p\202\202v_S\222\231\251"
 325      D8DA5724 
 325      E9708282 
 325      765F5392 
 325      99A9
 326 059f C6C94C19 		.ascii	"\306\311L\031L\315\315\225\343uL\251\310*\350S\343t"
 326      4CCDCD95 
 326      E3754CA9 
ARM GAS  /var/folders/_f/jzb7lsz153bclt069nvlpp5r0000gn/T//ccp3YamQ.s 			page 25


 326      C82AE853 
 326      E374
 327 05b1 A65437C4 		.ascii	"\246T7\3047k\3616\246\264\247e\345\005\341,\246\264"
 327      376BF136 
 327      A6B4A765 
 327      E505E12C 
 327      A6B4
 328 05c3 8CA47EA3 		.ascii	"\214\244~\243\302\271\012\257\0356\210\355\260\231\227"
 328      C2B90AAF 
 328      1D3688ED 
 328      B09997
 329 05d2 BA0730A5 		.ascii	"\272\0070\245M\275\330\330\270e\235\002\3471\323\324"
 329      4DBDD8D8 
 329      B8659D02 
 329      E731D3D4 
 330 05e2 1B69E7E4 		.ascii	"\033i\347\344\270X\341\265u\206\260\2553\375\356`\251"
 330      B858E1B5 
 330      7586B0AD 
 330      33FDEE60 
 330      A9
 331 05f3 9AAA5005 		.ascii	"\232\252P\005$\271;;\333nh\334\007\252C\3354'+9-J\344"
 331      24B93B3B 
 331      DB6E68DC 
 331      07AA43DD 
 331      34272B39 
 332 060a DC3909F1 		.ascii	"\3349\011\361<PA8\024\371\020\013\236\233\204\3429\210"
 332      3C504138 
 332      14F9100B 
 332      9E9B84E2 
 332      3988
 333 061c C50A6E32 		.ascii	"\305\012n2X\260X$A\343\227\034=P\225t\335_\255\025\201"
 333      58B05824 
 333      41E3971C 
 333      3D509574 
 333      DD5FAD15 
 334 0631 878FAFA5 		.ascii	"\207\217\257\245\307\244\177\003p\202\004\014\343\274"
 334      C7A47F03 
 334      7082040C 
 334      E3BC
 335 063f 0A39D92F 		.ascii	"\0129\331/2*\353[\327\205p\005\363o\365\206\201\006"
 335      322AEB5B 
 335      D7857005 
 335      F36FF586 
 335      8106
 336 0651 0E575345 		.ascii	"\016WSE\276\252\2722\030\205\216\0236\2465e\375\201"
 336      BEAABA32 
 336      18858E13 
 336      36A63565 
 336      FD81
 337 0663 E5C57C4D 		.ascii	"\345\305|M\002\246\343\256\202q\327p\343$xiee\225\355"
 337      02A6E3AE 
 337      8271D770 
 337      E3247869 
 337      656595ED 
 338 0677 E467D964 		.ascii	"\344g\331d\036\345E\214IY\257\003\032)\\(Z\313y\254"
 338      1EE5458C 
 338      4959AF03 
ARM GAS  /var/folders/_f/jzb7lsz153bclt069nvlpp5r0000gn/T//ccp3YamQ.s 			page 26


 338      1A295C28 
 338      5ACB79AC 
 339 068b EE5589CA 		.ascii	"\356U\211\312\374p\212\273\332/.h\342\232U\221\215\324"
 339      FC708ABB 
 339      DA2F2E68 
 339      E29A5591 
 339      8DD4
 340 069d C4E2E545 		.ascii	"\304\342\345E\253\261\247\256W\211S\224\224|\312\243"
 340      ABB1A7AE 
 340      57895394 
 340      947CCAA3 
 341 06ad B2761D0A 		.ascii	"\262v\035\012\015\015\246\354]G\262[t|}8\335\256^\300"
 341      0D0DA6EC 
 341      5D47B25B 
 341      747C7D38 
 341      DDAE5EC0 
 342 06c1 FC58CF05 		.ascii	"\374X\317\005\373\333\024\234d\204\2437\025\304K\302"
 342      FBDB149C 
 342      6484A337 
 342      15C44BC2 
 343 06d1 22951BD5 		.ascii	"\"\225\033\3254M\330\003\311\374\225\274$\306\304\313"
 343      344DD803 
 343      C9FC95BC 
 343      24C6C4CB 
 344 06e1 0DE0E57F 		.ascii	"\015\340\345\177\300\3134N\232\244\256\362D\025\217"
 344      C0CB344E 
 344      9AA4AEF2 
 344      44158F
 345 06f0 88C9CBDC 		.ascii	"\210\311\313\334w\256\353[=&\0300\343G\305\224y\001"
 345      77AEEB5B 
 345      3D261830 
 345      E347C594 
 345      7901
 346 0702 429FF597 		.ascii	"B\237\365\227w\216h\361Z\352/\252\035\252\257\224\343"
 346      778E68F1 
 346      5AEA2FAA 
 346      1DAAAF94 
 346      E3
 347 0713 F54CE147 		.ascii	"\365L\341G\352\207\003\361f\246l\353<w/\020o\247\212"
 347      EA8703F1 
 347      66A66CEB 
 347      3C772F10 
 347      6FA78A
 348 0726 6E77FFD5 		.ascii	"nw\377\325\335\012\222T\361\202\360$%\272\366\012\341"
 348      DD0A9254 
 348      F182F024 
 348      25BAF60A 
 348      E1
 349 0737 1984F03C 		.ascii	"\031\204\360<\207\360l\341F\331c<W\255G`\360\230>\333"
 349      87F06CE1 
 349      46D9633C 
 349      57AD4760 
 349      F0983EDB 
 350 074b 22E43617 		.ascii	"\"\3446\027\274\336\016$s@\234 \231 [A\266\201d\203"
 350      BCDE0E24 
 350      73409C20 
 350      99205B41 
ARM GAS  /var/folders/_f/jzb7lsz153bclt069nvlpp5r0000gn/T//ccp3YamQ.s 			page 27


 350      B6816483 
 351 075f EC00C902 		.ascii	"\354\000\311\002\331\351\316}R\242s_\266R\030y\330w"
 351      D9E9CE7D 
 351      52A2735F 
 351      B6521879 
 351      D877
 352 0771 64AF9D10 		.ascii	"d\257\235\020L\017\273MG\374\233\212\033!\330\356v\333"
 352      4C0FBB4D 
 352      47FC9B8A 
 352      1B21D8EE 
 352      76DB
 353 0783 3EF5B59D 		.ascii	">\365\265\235\342\215Z\357\266L\347|,\217\373\242\026"
 353      E28D5AEF 
 353      B64CE77C 
 353      2C8FFBA2 
 353      16
 354 0794 B96D9FF9 		.ascii	"\271m\237\371\017\223\004\333\3406\315\360\205-\361"
 354      0F9304DB 
 354      E036CDF0 
 354      852DF1
 355 07a3 316D749B 		.ascii	"1mt\233n\366o\352f\020\357\252\3166\221\223\303F(\212"
 355      6EF66FEA 
 355      6610EFAA 
 355      CE369193 
 355      C346288A 
 356 07b7 4DFEE9BA 		.ascii	"M\376\351\272q]{<\322:\3447\012\036\207\201\202l%T\347"
 356      715D7B3C 
 356      D23AE437 
 356      0A1E8781 
 356      826C2554 
 357 07cc 163F338B 		.ascii	"\026?3\213"
 358 07d0 4B2FA97D 		.ascii	"K/\251}\002\253\3178j\327\024\255Fy\000\364D\332fH'"
 358      02ABCF38 
 358      6AD714AD 
 358      467900F4 
 358      44DA6648 
 359 07e5 7AF92B0F 		.ascii	"z\371+\017\264\013\252\342\377\255\020\250\337\376\273"
 359      B40BAAE2 
 359      FFAD10A8 
 359      DFFEBB
 360 07f4 174E2ABC 		.ascii	"\027N*\274\366\255<\316s\337\312\347t\002\0170\356|"
 360      F6AD3CCE 
 360      73DFCAE7 
 360      74020F30 
 360      EE7C
 361 0806 52961288 		.ascii	"R\226\022\210\263Y\345_\335\223\266J\201\363\2312\222"
 361      B359E55F 
 361      DD93B64A 
 361      81F39932 
 361      92
 362 0817 D992AAC4 		.ascii	"\331\222\252\304{\230\222\224\363xX\216\367QE\331Q\326"
 362      7B989294 
 362      F378588E 
 362      F75145D9 
 362      51D6
 363 0829 D786D99C 		.ascii	"\327\206\331\234`K]oy\361\342\370D~\303\233tE*\204("
 363      604B5D6F 
ARM GAS  /var/folders/_f/jzb7lsz153bclt069nvlpp5r0000gn/T//ccp3YamQ.s 			page 28


 363      79F1E2F8 
 363      447EC39B 
 363      74452A84 
 364 083e EF7D6945 		.ascii	"\357}iEzy:|\003\214X\025\356\025\234=\000\316\356\007"
 364      7A793A7C 
 364      038C5815 
 364      EE159C3D 
 364      00CEEE07 
 365 0852 678A40F6 		.ascii	"g\212@\366\201\024{.y\315\354\240F\026\244\335\302\010"
 365      81147B2E 
 365      79CDECA0 
 365      4616A4DD 
 365      C208
 366 0864 FE4B0956 		.ascii	"\376K\011V\257\026v\260$o\004{\004[\341`\351{\376s5"
 366      AF1676B0 
 366      246F047B 
 366      045BE160 
 366      E97BFE73 
 367 0879 9DA5074B 		.ascii	"\235\245\007K\022\224\002_X\251\356i\"\033#\324\344"
 367      1294025F 
 367      58A9EE69 
 367      221B23D4 
 367      E4
 368 088a F9CBE9BE 		.ascii	"\371\313\351\276:\320\3738PLw\253\022\241R@\031\220"
 368      3AD0FB38 
 368      504C77AB 
 368      12A15240 
 368      1990
 369 089c D2BDD75F 		.ascii	"\322\275\327_\272E\367Q\011x\375\272\010\220cU\346\256"
 369      BA45F751 
 369      0978FDBA 
 369      08906355 
 369      E6AE
 370 08ae 407C8B66 		.ascii	"@|\213f\000\267&\016e(\020\3544\376\343yH@;\014heR\014"
 370      00B7260E 
 370      652810EC 
 370      34FEE379 
 370      48403B0C 
 371 08c6 F9E2EB15 		.ascii	"\371\342\353\025N.\236w\036c\014\017\202\277\304\324"
 371      4E2E9E77 
 371      1E630C0F 
 371      82BFC4D4 
 372 08d6 CDC4C7DF 		.ascii	"\315\304\307\337j\360\367\220?\177\267<k-\010\020\375"
 372      6AF0F790 
 372      3F7FB73C 
 372      6B2D0810 
 372      FD
 373 08e7 6D007F8F 		.ascii	"m\000\177\217\000\312C\311\337C\257\364\267\034X\371"
 373      00CA43C9 
 373      DF43AFF4 
 373      B71C58F9 
 374 08f7 63083E5E 		.ascii	"c\010>^|6\320\355\375\352x\304\253t+8\367\221+##UI\337"
 374      7C36D0ED 
 374      FDEA78C4 
 374      AB742B38 
 374      F7912B23 
 375 090f 13A14D78 		.ascii	"\023\241Mxu\334\261r\353M\025m{@^\3328\332\270\377\302"
ARM GAS  /var/folders/_f/jzb7lsz153bclt069nvlpp5r0000gn/T//ccp3YamQ.s 			page 29


 375      75DCB172 
 375      EB4D156D 
 375      7B405EDA 
 375      38DAB8FF 
 376 0924 A33CF944 		.ascii	"\243<\371D\217\0270R\024\022\342Q\216\274\200Uqr\006"
 376      8F173052 
 376      1412E251 
 376      8EBC8055 
 376      717206
 377 0937 DB5E9ADA 		.ascii	"\333^\232\332\256\302\033U\354{\310\303\023\217\324"
 377      AEC21B55 
 377      EC7BC8C3 
 377      138FD4
 378 0946 70767592 		.ascii	"pvu\222s\374\315p\217s<\364B\325\234t~\205{\352\002"
 378      73FCCD70 
 378      8F733CF4 
 378      42D59C74 
 378      7E857BEA 
 379 095b AAE1C8F9 		.ascii	"\252\341\310\371\265*\347x\277\006g1\224#\367;\236\004"
 379      B52AE778 
 379      BF066731 
 379      9423F73B 
 379      9E04
 380 096d E102A6F4 		.ascii	"\341\002\246\364\356,\357\325\275\265_\265\215W\263"
 380      EE2CEFD5 
 380      BDB55FB5 
 380      8D57B3
 381 097c 3366566E 		.ascii	"3fVn6\246\224\217so\321\226\015y\353\016\004B\013:\006"
 381      36A6948F 
 381      736FD196 
 381      0D79EB0E 
 381      04420B3A 
 382 0991 F827082F 		.ascii	"\370'\010/hl{T\220\240%\215\2650\020:\311<\253\334\265"
 382      686C7B54 
 382      90A0258D 
 382      B530103A 
 382      C93CABDC 
 383 09a6 5F814B54 		.ascii	"_\201KT^\347\254y\336\237\256\346I\237\256Zw\227\334"
 383      5EE7AC79 
 383      DE9FAEE6 
 383      499FAE5A 
 383      7797DC
 384 09b9 D08DFA85 		.ascii	"\320\215\372\205\251\011\3620O8\353\324\303\274m\340"
 384      A909F230 
 384      4F38EBD4 
 384      C3BC6DE0 
 385 09c9 8497FFA1 		.ascii	"\204\227\377\241\252\342\037\354\343y5j\204\231}J:;"
 385      AAE21FEC 
 385      E379356A 
 385      84997D4A 
 385      3A3B
 386 09db CD935EFE 		.ascii	"\315\223^\376\357=\315\352\323Q\037\210\015KE\321\316"
 386      EF3DCDEA 
 386      D3511F88 
 386      0D4B45D1 
 386      CE
 387 09ec 3385ACED 		.ascii	"3\205\254\355#-:\315\370>9\265\255HA\333\340E\263\231"
ARM GAS  /var/folders/_f/jzb7lsz153bclt069nvlpp5r0000gn/T//ccp3YamQ.s 			page 30


 387      232D3ACD 
 387      F83E39B5 
 387      AD4841DB 
 387      E045B399 
 388 0a00 B5355D1F 		.ascii	"\2655]\0376z&\007\236\010\234P\035X\240V\232\236\026"
 388      367A2607 
 388      9E089C50 
 388      1D58A056 
 388      9A9E16
 389 0a13 313D3777 		.ascii	"1=7w\234:\250\300\031jv\320,\3548\250\304;\230R\227"
 389      9C3AA8C0 
 389      196A76D0 
 389      2CEC38A8 
 389      C43B9852 
 390 0a28 50DAA1C5 		.ascii	"P\332\241\305yL\331\232\344\272D\303u\226\346\005Z\316"
 390      794CD99A 
 390      E4BA44C3 
 390      7596E605 
 390      5ACE
 391 0a3a F795AF22 		.ascii	"\367\225\257\"_\032\320\031\022\300sl\360\264\3325C"
 391      5F1AD019 
 391      12C0736C 
 391      F0B4DA35 
 391      43
 392 0a4b 6320BFAE 		.ascii	"c \277\256\324\376\2163_\315\334\314g\321\374N\347\371"
 392      D4FE8E33 
 392      5FCDDCCC 
 392      67D1FC4E 
 392      E7F9
 393 0a5d 4E8E8C8C 		.ascii	"N\216\214\214\332D\177\321yB\246M\314\362\005\232\345"
 393      DA447FD1 
 393      7942A64D 
 393      CCF2059A 
 393      E5
 394 0a6e FCD2C13E 		.ascii	"\374\322\301>\357\367\003\322G*\255\213\254X\351\257"
 394      EFF703D2 
 394      472AAD8B 
 394      AC58E9AF 
 395 0a7e 7AB9D9EA 		.ascii	"z\271\331\352\230\021ap(?\370\335\242\220\3312\255\301"
 395      98116170 
 395      283FF8DD 
 395      A290D932 
 395      ADC1
 396 0a90 20B618F4 		.ascii	" \266\030\364\313\3556\275%.\332h\321\3176Y,F\233\376"
 396      CBED36BD 
 396      252EDA68 
 396      D1CF3659 
 396      2C469BFE 
 397 0aa4 D3E8E869 		.ascii	"\323\350\350iF\333\322i\3268\253i\232\311\270\330<\355"
 397      46DBD269 
 397      D638AB69 
 397      9AC9B8D8 
 397      3CED
 398 0ab6 9D99FA88 		.ascii	"\235\231\372\210\360\351\357\206\317\214xW\357\365D"
 398      F0E9EF86 
 398      CF8C7857 
 398      EFF544
ARM GAS  /var/folders/_f/jzb7lsz153bclt069nvlpp5r0000gn/T//ccp3YamQ.s 			page 31


 399 0ac5 6FB6465B 		.ascii	"o\266F[\226\307\230\364K\215\321\261f\253Io\2101-1."
 399      96C798F4 
 399      4B8DD1B1 
 399      66AB496F 
 399      88312D31 
 400 0ada B7380C8E 		.ascii	"\2678\014\216/\226\231\354a\261\262O\276\033|\373\027"
 400      2F9699EC 
 400      61B1B24F 
 400      BE1B7CFB 
 400      17
 401 0aeb 76BDC1EE 		.ascii	"v\275\301\356\210\001\326\000\032`\261\030bl\346\317"
 401      8801D600 
 401      1A60B118 
 401      626CE6CF 
 402 0afb 4C36833D 		.ascii	"L6\203=@\2701[\227\304)\014\357\305\305Y\202\314v\203"
 402      40B8315B 
 402      97C4290C 
 402      EFC5C559 
 402      82CC7683 
 403 0b0f FD0B6B74 		.ascii	"\375\013kt\254-\316\032\267\334N\214m&c\214a\311r\253"
 403      AC2DCE1A 
 403      B7DC4E8C 
 403      6D26638C 
 403      61C972AB 
 404 0b23 0EEE3FB7 		.ascii	"\016\356?\267\231\035&\242\004\201\022\035gu\330\342"
 404      991D26A2 
 404      0481121D 
 404      6775D8E2 
 405 0b33 2C440D26 		.ascii	",D\015&\240F\207\221\032\033\027[\250\315x\261\221\366"
 405      A0468791 
 405      1A1B175B 
 405      A8CD78B1 
 405      91F6
 406 0b45 125BE58B 		.ascii	"\022[\345\213\026}8GEB\370K\203C\303\202\011w?\012\013"
 406      167D3847 
 406      4542F84B 
 406      8343C382 
 406      09773F0A 
 407 0b5a D3B3BFC5 		.ascii	"\323\263\277\305\306\350\277\231\2541n\372$\032\020"
 407      C6E8BF99 
 407      AC316EFA 
 407      241A10
 408 0b69 1912106D 		.ascii	"\031\022\020mt\254\321j5Y\014\346\230)\243\332[,z\267"
 408      74ACD16A 
 408      35590CE6 
 408      9829A3DA 
 408      5B2C7AB7 
 409 0b7d 8BD08730 		.ascii	"\213\320\2070\265\230bD\266S_\352\267\314bt,\211\263"
 409      B5986244 
 409      B6535FEA 
 409      B7CC6274 
 409      2C89B3
 410 0b90 2DD54316 		.ascii	"-\325C\026\026\233\343\354z\273-Z\017=\302\242e\343"
 410      169BE3EC 
 410      7ABB2D5A 
 410      0F3DC2A2 
 410      65E3
ARM GAS  /var/folders/_f/jzb7lsz153bclt069nvlpp5r0000gn/T//ccp3YamQ.s 			page 32


 411 0ba2 85BED40B 		.ascii	"\205\276\324\013\343gF\263\205x\341\325\352\366M'\264"
 411      E36746B3 
 411      8578E1D5 
 411      EAF64D27 
 411      B4
 412 0bb3 D2860041 		.ascii	"\322\206\000A!\341\360\010\270c\214\330U\320\307{(\020"
 412      21E1F008 
 412      B8638CD8 
 412      55D0C77B 
 412      2810
 413 0bc5 0793CD6A 		.ascii	"\007\223\315j\264\030\034:\273c)\324\327\247\313\314"
 413      B4181C3A 
 413      BB6329D4 
 413      D7A7CBCC 
 414 0bd5 710687E2 		.ascii	"q\006\207\342\343\3109s\243\224\221\237\374i\301\334"
 414      E3C83973 
 414      A394919F 
 414      FC69C1DC 
 415 0be5 2855E4C2 		.ascii	"(U\344\302\005s\347\316\211R,X\264`N\024\376\020$rN"
 415      0573E7CE 
 415      89522C58 
 415      B4604E14 
 415      FE102472 
 416 0bfa 14FA232D 		.ascii	"\024\372#-\322\351?78\204\352$\267\330nr(\242-&\243"
 416      D2E93F37 
 416      3884EA24 
 416      B7D86E72 
 416      28A22D26 
 417 0c0f ED7DB7CF 		.ascii	"\355}\267\317\3607\233x\031\271\320\020\021\0366#l\206"
 417      F0379B78 
 417      19B9D010 
 417      111E3623 
 417      6C86
 418 0c21 1EFC8D85 		.ascii	"\036\374\215\205\362Z\026gs\330\365\013?\371xF\204~"
 418      F25A1667 
 418      73D8F50B 
 418      3FF97846 
 418      847E
 419 0c33 FEFC39FA 		.ascii	"\376\3749\372\017\026|\030\371Y\204^\"\002\221D\363"
 419      0F167C18 
 419      F959845E 
 419      22029144 
 419      F3
 420 0c44 E4EF2D8C 		.ascii	"\344\357-\214\212R\314\217\234\375\333(\371o\336\217"
 420      8A52CC8F 
 420      9CFDDB28 
 420      F96FDE8F 
 421 0c54 9A4FFECD 		.ascii	"\232O\376\315\223\223\276x\2311\2063\307(\354\016\243"
 421      9393BE78 
 421      99318633 
 421      C728EC0E 
 421      A3
 422 0c65 C314FEFA 		.ascii	"\303\024\376\372\030\273\223\005q\216\225\251E\337\177"
 422      18BB9305 
 422      718E95A9 
 422      45DF7F
 423 0c74 FC9AAC32 		.ascii	"\374\232\2542s1\272f\253\331\241\202z\267.\267XTK\254"
ARM GAS  /var/folders/_f/jzb7lsz153bclt069nvlpp5r0000gn/T//ccp3YamQ.s 			page 33


 423      7331BA66 
 423      ABD9A182 
 423      7AB72EB7 
 423      58544BAC 
 424 0c88 21F665A6 		.ascii	"!\366e\246h4]i7\377\323dp\374\365\333N\036\213y1\261"
 424      68345D69 
 424      37FFD364 
 424      70FCF5DB 
 424      4E1E8B79 
 425 0c9e F09944EF 		.ascii	"\360\231D\357\204\315\204(\271\247\222#\006J\021((\227"
 425      84CD8428 
 425      B9A79223 
 425      064A1128 
 425      2897
 426 0cb0 9A96427C 		.ascii	"\232\226B|at\007L\225\317\345\020\346%\221\337\321t"
 426      6174074C 
 426      95CFE510 
 426      E62591DF 
 426      D174
 427 0cc2 75D8CCD6 		.ascii	"u\330\314\326Oa\214\377\002H\342\2132"
 427      4F618CFF 
 427      0248E28B 
 427      32
 428              		.text
 429              		.section	.gnu.lto_.symtab.e4d4944959da53ee,"",%progbits
 430 0000 6C6C5F6C 		.ascii	"ll_led_init\000\000\000\000\000\000\000\000\000\000"
 430      65645F69 
 430      6E697400 
 430      00000000 
 430      00000000 
 431 0015 00004001 		.ascii	"\000\000@\001\000\000"
 431      0000
 432              		.text
 433              		.section	.gnu.lto_.opts,"",%progbits
 434 0000 272D6666 		.ascii	"'-ffp-contract=off' '-fno-trapv' '-mcpu=cortex-m4' "
 434      702D636F 
 434      6E747261 
 434      63743D6F 
 434      66662720 
 435 0033 272D6D74 		.ascii	"'-mthumb' '-mfloat-abi=hard' '-mfpu=fpv4-sp-d16' '-"
 435      68756D62 
 435      2720272D 
 435      6D666C6F 
 435      61742D61 
 436 0066 67676462 		.ascii	"ggdb' '-O2' '-fomit-frame-pointer' '-falign-functio"
 436      2720272D 
 436      4F322720 
 436      272D666F 
 436      6D69742D 
 437 0099 6E733D31 		.ascii	"ns=16' '-ffunction-sections' '-fdata-sections' '-fn"
 437      36272027 
 437      2D666675 
 437      6E637469 
 437      6F6E2D73 
 438 00cc 6F2D636F 		.ascii	"o-common' '-flto' '-fsingle-precision-constant'\000"
 438      6D6D6F6E 
 438      2720272D 
ARM GAS  /var/folders/_f/jzb7lsz153bclt069nvlpp5r0000gn/T//ccp3YamQ.s 			page 34


 438      666C746F 
 438      2720272D 
 439              		.text
 440              		.comm	__gnu_lto_v1,1,1
 441              		.comm	__gnu_lto_slim,1,1
 442              		.ident	"GCC: (GNU Tools for ARM Embedded Processors) 4.9.3 20150529 (release) [ARM/embedded-4_9-br
ARM GAS  /var/folders/_f/jzb7lsz153bclt069nvlpp5r0000gn/T//ccp3YamQ.s 			page 35


DEFINED SYMBOLS
                            *ABS*:0000000000000000 led.c
                            *COM*:0000000000000001 __gnu_lto_v1
                            *COM*:0000000000000001 __gnu_lto_slim

NO UNDEFINED SYMBOLS
