ARM GAS  /var/folders/_f/jzb7lsz153bclt069nvlpp5r0000gn/T//cc0r25lP.s 			page 1


   1              		.syntax unified
   2              		.cpu cortex-m4
   3              		.eabi_attribute 27, 1
   4              		.eabi_attribute 28, 1
   5              		.fpu fpv4-sp-d16
   6              		.eabi_attribute 20, 1
   7              		.eabi_attribute 21, 1
   8              		.eabi_attribute 23, 3
   9              		.eabi_attribute 24, 1
  10              		.eabi_attribute 25, 1
  11              		.eabi_attribute 26, 1
  12              		.eabi_attribute 30, 2
  13              		.eabi_attribute 34, 1
  14              		.eabi_attribute 18, 4
  15              		.thumb
  16              		.file	"nvic.c"
  17              		.text
  18              	.Ltext0:
  19              		.section	.gnu.lto_.profile.cf01d0d7635a665,"",%progbits
  20 0000 789C6366 		.ascii	"x\234cf```a\200\000F\006u)\000\000\334\000J"
  20      60606061 
  20      80004606 
  20      75290000 
  20      DC004A
  21              		.text
  22              		.section	.gnu.lto_.jmpfuncs.cf01d0d7635a665,"",%progbits
  23 0000 789C6366 		.ascii	"x\234cf\300\016\314\2414\013\003\023##s}=#\020\3243"
  23      C00ECCA1 
  23      340B0313 
  23      2323737D 
  23      3D2310D4 
  24 0015 41D94C1F 		.ascii	"A\331L\037\231\030\247\365_\331\301\\\373\273aF\003"
  24      9918A7F5 
  24      5FD9C15C 
  24      FBBB6146 
  24      03
  25 0026 C74F2686 		.ascii	"\307O&\206\277L@\265\214\313\031k\031X@\012\031\000"
  25      BF4C40B5 
  25      8CCB196B 
  25      1958400A 
  25      1900
  26 0038 5F210D37 		.ascii	"_!\0157"
  27              		.text
  28              		.section	.gnu.lto_.inline.cf01d0d7635a665,"",%progbits
  29 0000 789C6D4E 		.ascii	"x\234mN\273\015\203@\014}\317X\307q\024\244N\003\023"
  29      BB0D8340 
  29      0C7DCF58 
  29      C77114A4 
  29      4E0313
  30 0013 64ABB04D 		.ascii	"d\253\260M\244\214@G\301\010,\221\021R\246L\312t\274"
  30      A48C4047 
  30      C1082C91 
  30      1152A64C 
  30      CA74BC
  31 0026 CB21AA58 		.ascii	"\313!\252X\262l\353\375\\\341\177-\373t 54R\273\332"
  31      B26CEBFD 
  31      5CE17F2D 
ARM GAS  /var/folders/_f/jzb7lsz153bclt069nvlpp5r0000gn/T//cc0r25lP.s 			page 2


  31      FB742035 
  31      3452BBDA 
  32 003a C3FB8230 		.ascii	"\303\373\2020\365\006{t\016]Q@\024\024kq\304\250|\352"
  32      F5067B74 
  32      0E5D5140 
  32      14146B71 
  32      C4A87CEA 
  33 004e 0B43A0FF 		.ascii	"\013C\240\377\034\014M\242c\374\030\237\353\355\236"
  33      1C0C4DA2 
  33      63FC189F 
  33      EBED9E
  34 005d 5EF635B6 		.ascii	"^\3665\266\340\3143p-C\312\234\341\262-j\331\234r\310"
  34      E0CC3370 
  34      2D43CA9C 
  34      E1B22D6A 
  34      D99C72C8 
  35 0071 90BFB056 		.ascii	"\220\277\260V6T\327aO9xG\0126\270\016\0262"
  35      3654D761 
  35      4F397847 
  35      0A36B80E 
  35      1632
  36              		.text
  37              		.section	.gnu.lto_.pureconst.cf01d0d7635a665,"",%progbits
  38 0000 789C6366 		.ascii	"x\234cf``\340d\200\000\026\006)F)&)\026)\000\002\307"
  38      6060E064 
  38      80001606 
  38      29462926 
  38      29162900 
  39 0016 0080     		.ascii	"\000\200"
  40              		.text
  41              		.section	.gnu.lto_nvicEnableVector.cf01d0d7635a665,"",%progbits
  42 0000 789C9552 		.ascii	"x\234\225R\337K\223Q\030>\317\371\276\355\233\233Zt"
  42      DF4B9351 
  42      183ECFF9 
  42      BEED9B9B 
  42      5A74
  43 0012 132CA26E 		.ascii	"\023,\242n\304+\367E^G\226\340\235$\365\007D\355\306"
  43      C42BF745 
  43      5E4796E0 
  43      9D24F507 
  43      44EDC6
  44 0025 413AD188 		.ascii	"A:\321\210\356<\233c^\024(\336(\311n\322\350\307r\266"
  44      EE3C9B63 
  44      5E1428DE 
  44      28C96ED2 
  44      E8C772B6 
  45 0039 9595A6F0 		.ascii	"\225\225\246\360!X^\22462\022\021%\\`?.\322\2049\250"
  45      21585E94 
  45      36321211 
  45      255C603F 
  45      2ED28439 
  46 004e EC7DCF56 		.ascii	"\354}\317V]\350E\215\355\234\363\376x\336\347y\316\231"
  46      5DE8458D 
  46      ED9CF3FE 
  46      78DEE779 
  46      CE99
  47 0060 21767FFC 		.ascii	"!v\177\374\364;i\010\321@;\014\001\331;'D\304#\001>"
ARM GAS  /var/folders/_f/jzb7lsz153bclt069nvlpp5r0000gn/T//cc0r25lP.s 			page 3


  47      F43B6908 
  47      D1403B0C 
  47      01D93B27 
  47      44C42301 
  48 0075 08884E89 		.ascii	"\010\210N\211N|\224\033\022\275Nr\300W}K)\365\265o>"
  48      4E7C941B 
  48      12BD4E72 
  48      C0577D4B 
  48      29F5B56F 
  49 008a D2E4A020 		.ascii	"\322\344\240 \205\370&\213sp\033\325\324\263\260\270"
  49      85F8268B 
  49      73701BD5 
  49      D4B3B0B8 
  50 009a 16378D3A 		.ascii	"\0267\215:\010:\217\247\266^\371\326eA\342(\207\023"
  50      083A8FA7 
  50      B65EF9D6 
  50      6541E228 
  50      8713
  51 00ac 7DB3036E 		.ascii	"}\263\003n\016\245\311\341\330T\352\371\276\252!\245"
  51      0EA5C9E1 
  51      D854EAF9 
  51      BEAA21A5 
  52 00bc A2CE6C46 		.ascii	"\242\316lF\325\231\005i\340\016\014\232\207\273\360"
  52      D5990569 
  52      E00E0C9A 
  52      87BBF0
  53 00cb E31EFC82 		.ascii	"\343\036\374\202R\002ITQ\367\353\033[\013\246qZ\317"
  53      52024954 
  53      51F7EB1B 
  53      5B0BA671 
  53      5ACF
  54 00dd CDA65E2E 		.ascii	"\315\246^.\224\220\313\277\221\367\367@\216\240\212"
  54      9490CBBF 
  54      91F7F740 
  54      8EA08A
  55 00ec DB37623F 		.ascii	"\3337b?\336\371\3341\222\275\277\250\026)\270A\373\350"
  55      DEF9DC31 
  55      92BDBFA8 
  55      1629B841 
  55      FBE8
  56 00fe 0147EDEC 		.ascii	"\001G\355\354\014\215M\246\315\012\200\333%\001M\203"
  56      0C8D4DA6 
  56      CD0A80DB 
  56      25014D83 
  57 010e 171798D8 		.ascii	"\027\027\230\330\242\243\313C\213\273\214\027/-\226"
  57      A2A3CB43 
  57      8BBB8C17 
  57      2F2D96
  58 011d 10391AC2 		.ascii	"\0209\032\302\227\363AJ\336\215%D\027\273\177\346\015"
  58      97F3414A 
  58      DE8D2544 
  58      17BB7FE6 
  58      0D
  59 012e 9E9B9732 		.ascii	"\236\233\2272/!\226\320\265\354.\306\006\245H\305pv"
  59      2F2196D0 
  59      B5EC2EC6 
  59      06A548C5 
ARM GAS  /var/folders/_f/jzb7lsz153bclt069nvlpp5r0000gn/T//cc0r25lP.s 			page 4


  59      7076
  60 0140 356BB07B 		.ascii	"5k\260{\217)0J\022\2270\335\007n\241\342\346g\2250\271"
  60      8F29304A 
  60      129730DD 
  60      076EA1E2 
  60      E6679530 
  61 0155 58A6A6BB 		.ascii	"X\246\246\273T%\253^\315\315g=:%8\274\371v\373Se\002"
  61      5425AB5E 
  61      CDCD673D 
  61      3A2538BC 
  61      F976FB53 
  62 016b 8311A51C 		.ascii	"\203\021\245\034\253 \275x@N\3234\206\213\205\341\353"
  62      AB20BD78 
  62      404ED334 
  62      868B85E1 
  62      EB
  63 017c BE9AA48A 		.ascii	"\276\232\244\212\321\203\370\220A\002\233\372Q\250r"
  63      D183F890 
  63      41029BFA 
  63      51A872
  64 018b AD3FBBED 		.ascii	"\255?\273\355\261GT,\342\034\"j<DM^\272\364{=\202M\342"
  64      B147542C 
  64      E21C226A 
  64      3C444D5E 
  64      BAF47B3D 
  65 01a2 58E94A7C 		.ascii	"X\351J|n\240\251(\326\242*\301\276\274\031\234(gr\267"
  65      6EA0A928 
  65      D6A22AC1 
  65      BEBC199C 
  65      286772B7 
  66 01b6 4B604C8B 		.ascii	"K`L\213\215\256t\177\227\305&\017\217 \334v\311a\031"
  66      8DAE747F 
  66      97C5260F 
  66      8F20DC76 
  66      C96119
  67 01c9 A50834D9 		.ascii	"\245\0104\331\3233ci\320\021\201\307\032\324\265\034"
  67      D3336369 
  67      D01181C7 
  67      1AD4B51C 
  68 01d9 CF95AEC5 		.ascii	"\317\225\256\305K\035/\022\353\031m\323\202\300\023"
  68      4B1D2F12 
  68      EB196DD3 
  68      82C013
  69 01e8 F809AAAF 		.ascii	"\370\011\252\257\341\375\301\322=\374\253\313r<\325"
  69      E1FDC1D2 
  69      3DFCABCB 
  69      723CD5
  70 01f7 2EB1CBE5 		.ascii	".\261\313\345\341\202\254\3008\273\264\264\313\011v"
  70      E182ACC0 
  70      38BBB4B4 
  70      CB0976
  71 0206 E9D52CE9 		.ascii	"\351\325,\351\231\015\327\177\363<\323<ro\236\311\277"
  71      990DD77F 
  71      F33CD33C 
  71      726F9EC9 
  71      BF
  72 0217 3C53459E 		.ascii	"<SE\236\025D\234\376\006f\341l\216\004\322\037\204\320"
ARM GAS  /var/folders/_f/jzb7lsz153bclt069nvlpp5r0000gn/T//cc0r25lP.s 			page 5


  72      15449CFE 
  72      0666E16C 
  72      8E04D21F 
  72      84D0
  73 0229 270201FB 		.ascii	"'\002\001\373\317\267\2769t1t\346\334\371\343\307\002"
  73      CFB7BE39 
  73      743174E6 
  73      DCF9E3C7 
  73      02
  74 023a B5815A3B 		.ascii	"\265\201Z;\334a7_\270d\267\205\333/w\330\301pKK\270"
  74      DC61375F 
  74      B864B785 
  74      DB2F77D8 
  74      C1704B4B 
  75 024f D53E75B6 		.ascii	"\325>u\266\261\276\361\252\335z%\024\014\004\005Z\315"
  75      B1BEF1AA 
  75      DD7A2514 
  75      0C04055A 
  75      CD
  76 0260 B6F650F8 		.ascii	"\266\366P\370\027\250\2312\316"
  76      17A89932 
  76      CE
  77              		.text
  78              		.section	.gnu.lto_nvicDisableVector.cf01d0d7635a665,"",%progbits
  79 0000 789C8D51 		.ascii	"x\234\215QMk\023Q\024}\347\276\311$uB\0257\226\210\350"
  79      4D6B1351 
  79      147DE7BE 
  79      C9247542 
  79      15379688 
  80 0015 A674D519 		.ascii	"\246t\325\031\261k\241\245\340\256(\372\003D\263i\300"
  80      B16BA1A5 
  80      E0AE28FA 
  80      0344B369 
  80      C0
  81 0026 266245DC 		.ascii	"&bE\334\365\245\211qQ\241\245\033+%\233\326\357\264"
  81      F5A58971 
  81      51A1A51B 
  81      2B259BD6 
  81      EFB4
  82 0038 694D8D1F 		.ascii	"iM\215\037Ea(\370\265P)\266(E\"b,\365c\321\324B3\240"
  82      456128F8 
  82      B55029B6 
  82      28452262 
  82      2CF563D1 
  83 0050 D4FB6644 		.ascii	"\324\373fD\204n\034f\356{\367\276s\3569w\236\024[\237"
  83      846E1C66 
  83      EE7BF7BE 
  83      73EE3977 
  83      9E145B9F 
  84 0064 187F0912 		.ascii	"\030\177\011\022\242\203WH\001\032z%D:B\200\336\010"
  84      A2835748 
  84      011A7A25 
  84      443A4280 
  84      DE08
  85 0076 883E421F 		.ascii	"\210>B\037\276P\2150\344\026F\254\226kJ\251\325\261"
  85      BE508D30 
  85      E41646AC 
ARM GAS  /var/folders/_f/jzb7lsz153bclt069nvlpp5r0000gn/T//cc0r25lP.s 			page 6


  85      966B4AA9 
  85      D5B1
  86 0088 99A60B4D 		.ascii	"\231\246\013M\036\323~P\320\0067\320\302\220\205w\237"
  86      1ED37E50 
  86      D00637D0 
  86      C2908577 
  86      9F
  87 0099 72866C87 		.ascii	"r\206l\207\340\375\303\342\372Kk\205<\302>\235\316\016"
  87      E0FDC3E2 
  87      FA4B6B85 
  87      3CC23E9D 
  87      CE0E
  88 00ab 3F1F3175 		.ascii	"?\0371uJ\206N\313\217\213O\2677\217+\325\357\276(\251"
  88      4A864ECB 
  88      8F8B4FB7 
  88      378F2BD5 
  88      EFBE28A9 
  89 00bf 76C32389 		.ascii	"v\303#\211\233\220\334\017\267\020\303m\304\004\227"
  89      9B90DC0F 
  89      B710C36D 
  89      C40497
  90 00ce 040A68D6 		.ascii	"\004\012h\326\360Z\366\327[\313\314\262\366\216@\023"
  90      F05AF6D7 
  90      5BCBCCB2 
  90      F68E4013 
  91 00de 1330C1EB 		.ascii	"\0230\301\353\324NWmn\216_\237(\033\015\200\206\023"
  91      D44E576D 
  91      6E8E5F9F 
  91      281B0D80 
  91      8613
  92 00f0 130DC921 		.ascii	"\023\015\311!d\350\020\342`\012Qe\222\236\3503\221^"
  92      64E810E2 
  92      600A5165 
  92      929EE833 
  92      915E
  93 0102 E5123295 		.ascii	"\345\0222\225\334\362\225#\272\317\006\321\006K\020"
  93      DCF29523 
  93      BACF06D1 
  93      064B10
  94 0111 BEBF199D 		.ascii	"\276\277\031\235\215j\217\314\302$[XB\177\345\342O\012"
  94      8D6A8FCC 
  94      C2245B58 
  94      427FE5E2 
  94      4F0A
  95 0123 4092415C 		.ascii	"@\222A\\\311\324\315 7\270\304\244G\203\203O\302>i\257"
  95      C9D4CD20 
  95      37B8C4A4 
  95      4783834F 
  95      C23E69AF 
  96 0137 40D12765 		.ascii	"@\321'e\336\347\2522\000\205\030\361,\277R24\202\035"
  96      DEE7AA32 
  96      008518F1 
  96      2CBF5232 
  96      34821D
  97 014a 630A31A6 		.ascii	"c\0121\2462hn\370\343.\215a\300\3327\225\367\001a5\227"
  97      32686EF8 
  97      E32E8D61 
ARM GAS  /var/folders/_f/jzb7lsz153bclt069nvlpp5r0000gn/T//cc0r25lP.s 			page 7


  97      C0DA3795 
  97      F7016135 
  98 015f 518D7AE0 		.ascii	"Q\215z\340\017\325\327\363\021\277$t:\266X\377\332\230"
  98      0FD5D7F3 
  98      11BF2474 
  98      3AB658FF 
  98      DA98
  99 0171 C7685A29 		.ascii	"\307hZ)7\354Q\004\323\374\223\356\260\230>\364\256^"
  99      37EC5104 
  99      D3FC93EE 
  99      B0983EF4 
  99      AE5E
 100 0183 B25A0B2A 		.ascii	"\262Z\013*\013\217\032PB\036k\376\255\360\311\300\345"
 100      0B8F1A50 
 100      421E6BFE 
 100      ADF0C9C0 
 100      E5
 101 0194 F97AC499 		.ascii	"\371z\304\231T\331\264\273\307\243m\230A+\017\353_\330"
 101      54D9B4BB 
 101      C7A36D98 
 101      412B0FEB 
 101      5FD8
 102 01a6 5D38EC4E 		.ascii	"]8\354N\373X\235^\250\311?N\376W\307B\331\327\301\026"
 102      FB589D5E 
 102      A8C93F4E 
 102      FE57C742 
 102      D9D7C116 
 103 01ba 9DDD1E45 		.ascii	"\235\335\036EqO\353\300\327\271\017\347\337q\242\\z"
 103      714FEBC0 
 103      D7B90FE7 
 103      DF71A25C 
 103      7A
 104 01cb C0FD2A48 		.ascii	"\300\375*H\273\213\207\264\252FU\031\314\267\302\316"
 104      BB8B87B4 
 104      AA465519 
 104      CCB7C2CE 
 105 01db 0EDAB6F3 		.ascii	"\016\332\266\363\367\355\354N\234L\034>v\374\300~\273"
 105      F7EDEC4E 
 105      9C4C1C3E 
 105      76FCC07E 
 105      BB
 106 01ec CD6E7352 		.ascii	"\315nsR\275N\367\211S\316\351\324\231\263\275N<\325"
 106      BD4EF789 
 106      53CEE9D4 
 106      99B3BD4E 
 106      3CD5
 107 01fe D3934A3A 		.ascii	"\323\223J:\035G\273:\273\316;\311s\211\270\035\027H"
 107      1D47BB3A 
 107      BBCE3BC9 
 107      7389B81D 
 107      1748
 108 0210 FE062220 		.ascii	"\376\006\" \352\307"
 108      EAC7
 109              		.text
 110              		.section	.gnu.lto_nvicSetSystemHandlerPriority.cf01d0d7635a665,"",%progbits
 111 0000 789C6D52 		.ascii	"x\234mRMHTQ\024\276\337\275o\336\2143\226\321J\014\244"
 111      4D485451 
ARM GAS  /var/folders/_f/jzb7lsz153bclt069nvlpp5r0000gn/T//cc0r25lP.s 			page 8


 111      14BEDFBD 
 111      6FDE8C33 
 111      96D14A0C 
 112 0015 8DB8725E 		.ascii	"\215\270r^\344:0\\\324\"\011j\327&l\012\034PG4\242\315"
 112      E43A305C 
 112      D422096A 
 112      D7266C0A 
 112      1C504734 
 113 002b E01D9DA8 		.ascii	"\340\035\235\250E\352 \021CeQ\026i\352\230\366\243N"
 113      45EA2011 
 113      43655116 
 113      69EA98F6 
 113      A34E
 114 003d 9BA94588 		.ascii	"\233\251E\210\2245d\032\303\320\024h\024m\322\021\342"
 114      9435641A 
 114      C3D01468 
 114      146DD211 
 114      E2
 115 004e 91369DF3 		.ascii	"\2216\235\363&\203\250\313}\357\336\363\367\235\357"
 115      2683A8CB 
 115      7DEFDEF3 
 115      F79DEF
 116 005d 9C7395F8 		.ascii	"\234s\225\370w\325\322wS\012q\210N\270\004dl^\210\210"
 116      77D5D277 
 116      530A7188 
 116      4EB80464 
 116      6C5E8888 
 117 0071 474A95AC 		.ascii	"GJ\225\254\024\332k,ZB\227*\030E\265\001\360E@tJe\240"
 117      14DA6B2C 
 117      5A42972A 
 117      1845B501 
 117      F0454074 
 118 0088 135FE4AA 		.ascii	"\023_\344\252D,5\022\367U\337\321Z\177\2735U~\256\334"
 118      442C3512 
 118      F755DFD1 
 118      5A7FBB35 
 118      557EAEDC 
 119 009c 26BCBC2C 		.ascii	"&\274\274,\342\343.\252\311\345\306\320\322h\231\252"
 119      E2E32EAA 
 119      C9E5C6D0 
 119      D26899AA 
 120 00ac 83A0FB4C 		.ascii	"\203\240\373Lb\375\245\357\263\264%v\263\230\354\237"
 120      62FDA5EF 
 120      B3B42576 
 120      B398EC9F 
 121 00bc 8D9B2C4A 		.ascii	"\215\233,J\203\305\211\215\350\006\252\006\265\356J"
 121      83C5898D 
 121      E806AA06 
 121      B5EE4A
 122 00cb 6527759D 		.ascii	"e'u\235aK\205!(\302\3030*p\017\025\202T\002#\250\"\357"
 122      614B8521 
 122      28C2C330 
 122      2A700F15 
 122      82540223 
 123 00e2 D757D617 		.ascii	"\327W\326\027\014u\320\301M'^,\224\025#\177nE\216\376"
 123      0C75D0C1 
 123      4D275E2C 
ARM GAS  /var/folders/_f/jzb7lsz153bclt069nvlpp5r0000gn/T//cc0r25lP.s 			page 9


 123      9415237F 
 123      6E458EFE 
 124 00f6 27720C55 		.ascii	"'r\014U\354\276\032\335\\\362\231Qb\275cs\2130\0220"
 124      ECBE1ADD 
 124      5CF29951 
 124      62BD6373 
 124      8B301230 
 125 010a 410729C6 		.ascii	"A\007)\306w\246t\2410\370\374\351\200\033%\022\234\317"
 125      77A674A1 
 125      30F8FCE9 
 125      801B2512 
 125      9CCF
 126 011c 058E3509 		.ascii	"\005\2165\011\305p\363O\210e\012\342\206\254H\311\247"
 126      C570F34F 
 126      88650AE2 
 126      86AC48C9 
 126      A7
 127 012d 7A8BE87C 		.ascii	"z\213\350|w\276G1\316w\311\275\371\360\244'\346\345"
 127      77BE4731 
 127      CE77C9BD 
 127      F9F0A427 
 127      E6E5
 128 013f EA944F60 		.ascii	"\352\224O`\234(\360Z!\032\311J\225\205\301\216L\346"
 128      9C28F05A 
 128      211AC94A 
 128      9585C18E 
 128      4CE6
 129 0151 FA9BDE84 		.ascii	"\372\233\336\204\014\377\320\027\264\307\226\256\274"
 129      0CFFD017 
 129      B4C796AE 
 129      BC
 130 015e 6412F711 		.ascii	"d\022\367\021f\323\345\276\205iE\2468\233L\246\312\332"
 130      66D3E5BE 
 130      856945A6 
 130      389B4CA6 
 130      CADA
 131 0170 DCF2ABB4 		.ascii	"\334\362\253\264\207qMG\034\356\2734\215\001\\\215\304"
 131      87714D47 
 131      1CEEBB34 
 131      8D015C8D 
 131      C4
 132 0181 D8CB8D09 		.ascii	"\330\313\215\011\2041\311\331\270\367\313Cq\037\001"
 132      8431C9D9 
 132      B8F7CB43 
 132      711F01
 133 0190 D05C4C3C 		.ascii	"\320\\L< /')\036\"lK\217\303\306p\310g\320\365\356\374"
 133      202F2729 
 133      1E226C4B 
 133      8FC3C670 
 133      C867D0F5 
 134 01a6 A76BC78A 		.ascii	"\247k\307\212\344i\273D\006\335Y\263(\273IE`\267\323"
 134      E469BB44 
 134      06DD59B3 
 134      28BB4945 
 134      60B7D3
 135 01b9 B9B4E2BC 		.ascii	"\271\264\342\274%\206\300#\312\220\301\263~\007\221"
 135      2586C023 
ARM GAS  /var/folders/_f/jzb7lsz153bclt069nvlpp5r0000gn/T//cc0r25lP.s 			page 10


 135      CA90C1B3 
 135      7E0791
 136 01c8 8C5FD77A 		.ascii	"\214_\327zsN\261^\235\351\326\333\377\342\351u\270L"
 136      734EB15E 
 136      9DE9D6DB 
 136      FFE2E975 
 136      B84C
 137 01da CC15E64A 		.ascii	"\314\025\346J\231\247\326)\323\226><\246\311L\375&\332"
 137      99A7D629 
 137      D3963E3C 
 137      A6C94CFD 
 137      26DA
 138 01ec 9B9FFD58 		.ascii	"\233\237\375XR3\242\243\260e)\270\2365\347\025\221)"
 138      5233A2A3 
 138      B06529B8 
 138      9E35E715 
 138      9129
 139 01fe 313F7871 		.ascii	"1?xq\2335\246\243\221\324.\312\215\031\324P\177\235"
 139      9B35A6A3 
 139      91D42ECA 
 139      8D19D450 
 139      7F9D
 140 0210 07968445 		.ascii	"\007\226\204E\354\304{DR\003\007\234\322\004\017\006"
 140      ECC47B44 
 140      5203079C 
 140      D2040F06 
 141 0220 5C1379EC 		.ascii	"\\\023y\354\363\373\255?\273\276)x\"x\370\350\361\275"
 141      F3FBAD3F 
 141      BBBE2978 
 141      2278F8E8 
 141      F1BD
 142 0232 7BFCB5FE 		.ascii	"{\374\265\376Z+\324a556[m\241\366\323\035V \324\322"
 142      5A2BD461 
 142      3535365B 
 142      6DA1F6D3 
 142      1D5620D4 
 143 0247 126AB5F6 		.ascii	"\022j\265\366\037i\250o8k\265\236\011\006\374\001\341"
 143      1F69A86F 
 143      386BB59E 
 143      0906FC01 
 143      E1
 144 0258 6E6A6C3D 		.ascii	"njl=\331|\252\335hk\017\206~\001\023\015\004e"
 144      D97CAADD 
 144      686B0F86 
 144      7E01130D 
 144      0465
 145              		.text
 146              		.section	.gnu.lto_nvicClearPending.cf01d0d7635a665,"",%progbits
 147 0000 789C6551 		.ascii	"x\234eQMKTQ\030~\237\367\336\27132a\321J\006\242\026"
 147      4D4B5451 
 147      187E9FF7 
 147      DEB93332 
 147      61D14A06 
 148 0016 892BEF8D 		.ascii	"\211+\357\215\\\007\212\013Wb\324\017\210\232\215\003"
 148      5C078A0B 
 148      5762D40F 
 148      889A8D03 
ARM GAS  /var/folders/_f/jzb7lsz153bclt069nvlpp5r0000gn/T//cc0r25lP.s 			page 11


 149 0026 391319D1 		.ascii	"9\023\031\321\3163\316d\213\004\305M\202\314\306\222"
 149      CE33CE64 
 149      8B04C54D 
 149      82CCC692 
 150 0036 3E26C732 		.ascii	">&\3072Zd\011\027\241pS1e\024\022\323\302\011\372Z\344"
 150      5A640917 
 150      A1705331 
 150      651412D3 
 150      C209FA5A 
 151 004b 47387751 		.ascii	"G8wQ\372\276\367J\033/\347\236s\236\347<\317\373q\216"
 151      FABEF74A 
 151      1B2FE79E 
 151      739EE73C 
 151      CFFB718E 
 152 005f 45FBBF94 		.ascii	"E\373\277\224\374\177@\324%+,\002\217\277!\312'\030"
 152      FC7F40D4 
 152      252B2C02 
 152      8FBF21CA 
 152      2718
 153 0071 D00D8186 		.ascii	"\320\015\201\206\030C\370\316\353\214q\277<\231l\233"
 153      1843F8CE 
 153      EB8C71BF 
 153      3C996C9B 
 154 0081 31C6FC7E 		.ascii	"1\306\374~\367\274\345zK\300D\233\034\205\301]\264\211"
 154      F7BCE57A 
 154      4BC0449B 
 154      1C85C15D 
 154      B489
 155 0093 64E5D3DA 		.ascii	"d\345\323\332\210mu\202d\377\254\262\365:\371\215\003"
 155      886D7582 
 155      64FFACB2 
 155      F53AF98D 
 155      03
 156 00a4 C631850B 		.ascii	"\3061\205\013\023\313\223\216B\266\025>]\254\274:\330"
 156      13CB938E 
 156      42B6153E 
 156      5DACBC3A 
 156      D8
 157 00b5 7ADB9861 		.ascii	"z\333\230a\177y\336t\332\001[\270\007K\342\341>Rx\200"
 157      7F79DE74 
 157      DA015BB8 
 157      074BE2E1 
 157      3E527880 
 158 00c9 14094528 		.ascii	"\024\011E(\243U\345\353\305\277\037\223NQr\037\212r"
 158      A355E5EB 
 158      C5BF1F93 
 158      4E51721F 
 158      8A72
 159 00db E2211C29 		.ascii	"\342!\034)\233\346\016\373fggmft\321n\002T\316b\264"
 159      9BE60EFB 
 159      6667676D 
 159      6674D16E 
 159      0254CE62 
 160 00f0 2D9962B6 		.ascii	"-\231b\266N1\235\034\345\210\352\342\324\266\2762\353"
 160      4E319D1C 
 160      E588EAE2 
 160      D4B6BE32 
ARM GAS  /var/folders/_f/jzb7lsz153bclt069nvlpp5r0000gn/T//cc0r25lP.s 			page 12


 160      EB
 161 0101 6AADA250 		.ascii	"j\255\242P\033\371W:\255\301\266\231\267%\017\343\327"
 161      1BF9573A 
 161      ADC1B699 
 161      B7250FE3 
 161      D7
 162 0112 FBA98503 		.ascii	"\373\251\205\003Z\250X1+u\254b\270vc\305\212D\226\210"
 162      5AA85831 
 162      2B75AC62 
 162      B87663C5 
 162      8A449688 
 163 0126 8429349C 		.ascii	"\204)4\234\010\333B\211\351\305\330\330\313xh:J\250"
 163      08DB4289 
 163      E9C5D8D8 
 163      CB78683A 
 163      4AA8
 164 0138 84A6C2E7 		.ascii	"\204\246\302\347=I\014\307S\"\214\342lqD*/\314\322\004"
 164      3D490CC7 
 164      53228CE2 
 164      6C71442A 
 164      2FCCD204 
 165 014c 144B848D 		.ascii	"\024K\204\215\237\246dk\004\307,\025L\2636\375\245\376"
 165      9FA6646B 
 165      04C72C15 
 165      4CB336FD 
 165      A5FE
 166 015e B69A0829 		.ascii	"\266\232\010)R8\375\241\361\243\271\204\251\2741~<\340"
 166      5238FDA1 
 166      F1A3B984 
 166      A9BC317E 
 166      3CE0
 167 0170 38E6E4A2 		.ascii	"8\346\344\242\036I.=\014\356\214&\333\313\246\210\200"
 167      1E492E3D 
 167      0CEE8C26 
 167      DBCBA688 
 167      80
 168 0181 13788C12 		.ascii	"\023x\214\0226\302\227\221\223\233\267\252\215\2047"
 168      36C29791 
 168      939BB7AA 
 168      8D8437
 169 0190 6B8A79FF 		.ascii	"k\212y\377H\300M\230G\273\364\032>\332\023xR\011\325"
 169      48C04D98 
 169      47BBF41A 
 169      3EDA1378 
 169      5209D5
 170 01a3 90F7AB3D 		.ascii	"\220\367\253=Z\207\262uiP.G\024\247\\\327\373?\272\373"
 170      5A87B275 
 170      69502E47 
 170      14A75CD7 
 170      FB3FBAFB 
 171 01b7 3317327D 		.ascii	"3\0272}g\317\235<\341v\270\035^n\320\353?\177\321\273"
 171      67CF9D3C 
 171      E176B81D 
 171      5E6ED0EB 
 171      3F7FD1BB 
 172 01cb 94BB7C65 		.ascii	"\224\273|e\320K\347\006\006rY\257\353Low\3575/{5\223"
 172      D04BE706 
ARM GAS  /var/folders/_f/jzb7lsz153bclt069nvlpp5r0000gn/T//cc0r25lP.s 			page 13


 172      067259AF 
 172      EB4C6F77 
 172      EF352F7B 
 173 01e1 76D384EC 		.ascii	"v\323\204\354.1\001\277\237"
 173      2E3101BF 
 173      9F
 174              		.text
 175              		.section	.gnu.lto_.symbol_nodes.cf01d0d7635a665,"",%progbits
 176 0000 789C55C9 		.ascii	"x\234U\311K\015\2000\000\004\321\351\226&\010\302\022"
 176      4B0D8030 
 176      0004D1E9 
 176      962608C2 
 176      12
 177 0011 3AB61250 		.ascii	":\266\022P@*\002\011\2341\301W\006$p({\230\303\333\010"
 177      402A0209 
 177      9C31C157 
 177      06247028 
 177      7B98C3DB 
 178 0026 F47CD32A 		.ascii	"\364|\323*\303\260\200\315XZ\264\311\341\007\273\254"
 178      C3B080CD 
 178      585AB4C9 
 178      E107BBAC 
 179 0036 1AD2258A 		.ascii	"\032\322%\212\034u<\251\217p\312\315\013\344\334\022"
 179      1C753CA9 
 179      8F70CACD 
 179      0BE4DC12 
 180 0046 9598A78E 		.ascii	"\225\230\247\216\033\365\260\034\260"
 180      1BF5B01C 
 180      B0
 181              		.text
 182              		.section	.gnu.lto_.refs.cf01d0d7635a665,"",%progbits
 183 0000 789C6366 		.ascii	"x\234cf```c\200\000F&&f&\006\000\000\301\000\024"
 183      60606063 
 183      80004626 
 183      26662606 
 183      0000C100 
 184              		.text
 185              		.section	.gnu.lto_.decls.cf01d0d7635a665,"",%progbits
 186 0000 789CBD57 		.ascii	"x\234\275WkPTG\026\236\236\036^\303\000Y\335U\213J*"
 186      6B505447 
 186      169E9E1E 
 186      5EC30059 
 186      DD558B4A 
 187 0015 C66CB1C9 		.ascii	"\306l\261\311Vd\214\232\335\344\307V$hVv\313\204\035"
 187      56648C9A 
 187      DDE4C756 
 187      24685676 
 187      CB841D
 188 0028 8C7FF607 		.ascii	"\214\177\366\007!8\211T!\244`\334\325\177\027\006ux"
 188      21388954 
 188      21A460DC 
 188      D57F1706 
 188      7578
 189 003a A888A220 		.ascii	"\250\210\242 \017\007\005A\036\362\024\024y\011\212"
 189      0F070541 
 189      1EF21414 
 189      79098A
ARM GAS  /var/folders/_f/jzb7lsz153bclt069nvlpp5r0000gn/T//cc0r25lP.s 			page 14


 190 0049 3C151505 		.ascii	"<\025\025\005Tp|\202\2102\362\020\020\302\354\351\356"
 190      54707C82 
 190      8832F210 
 190      10C2ECE9 
 190      EE
 191 005a 7BE77105 		.ascii	"{\347q\0056?\266\366\026\347\3369\367|\367\364wNw\237"
 191      363FB6F6 
 191      16E7DE39 
 191      F77CF7F4 
 191      774E779F 
 192 006e 3E608944 		.ascii	">`\211DR\207$\022\023\\\245\313$\022\214%\022;x\347"
 192      52872412 
 192      135CA5CB 
 192      24128C25 
 192      123B78E7 
 193 0082 0B220539 		.ascii	"\013\"\0059\013R-a\027y\337\000r\005\244\031\244\025"
 193      0B522D61 
 193      1779DF00 
 193      7205A419 
 193      A415
 194 0094 A403043E 		.ascii	"\244\003\004>\227tJl/\202s\345\375\220\247\202\367\263"
 194      97744A6C 
 194      2F8273E5 
 194      FD90A782 
 194      F7B3
 195 00a6 04E40390 		.ascii	"\004\344\003\220\277\201l\004\351\005\361\000\007\277"
 195      BF816C04 
 195      E905F100 
 195      07BF
 196 00b4 077102E9 		.ascii	"\007q\002\351\007\375\001\010&8\320\227\201,Al\214\006"
 196      07FD0108 
 196      2638D097 
 196      812C416C 
 196      8C06
 197 00c6 C9DB17E1 		.ascii	"\311\333\027\341\3422\3078\326c\010\376\005\337d\234"
 197      E232C738 
 197      D66308FE 
 197      05DF649C 
 198 00d6 5E3EBE15 		.ascii	"^>\276\025\210\215\203x_\342\253y\036\377$\216? \226"
 198      888D8378 
 198      5FE2AB79 
 198      1EFF248E 
 198      3F2096
 199 00e9 9F3290AB 		.ascii	"\2372\220\253|,;\341\335\277A\276\340}\376\210\3308"
 199      7C2C3BE1 
 199      DDBF41BE 
 199      E07DFE88 
 199      D838
 200 00fb CD0BE48A 		.ascii	"\315\013\344\212\344Q\276@\014b\376\304\3072\336\177"
 200      E451BE40 
 200      0C62FEC4 
 200      C732DE7F 
 201 010b EB1C9C5F 		.ascii	"\353\034\234_IQS^\332\367X\212\340\247\354QjQ\271\033"
 201      4951535E 
 201      DAF7588A 
 201      E0A7EC51 
 201      6A51B91B 
ARM GAS  /var/folders/_f/jzb7lsz153bclt069nvlpp5r0000gn/T//cc0r25lP.s 			page 15


 202 011f F2707797 		.ascii	"\362pw\227gr\034\247\343\326\241<$G\331\010[}\221\004"
 202      67721CA7 
 202      E3D6A13C 
 202      2447D908 
 202      5B7D9104 
 203 0133 EF27BF24 		.ascii	"\357'\277$\006\370\351H\237:\216\213\344\214\011\034"
 203      06F8E948 
 203      9F3A8E8B 
 203      E48C091C 
 204 0143 5E26419F 		.ascii	"^&A\237\270\243\217\335%(\007yP\223\004\345\"wt\032"
 204      B8A38FDD 
 204      25280779 
 204      509304E5 
 204      2277741A 
 205 0157 B993911E 		.ascii	"\271\223\221\036\036z\025m'\347\321\272\377\206\336"
 205      1E7A156D 
 205      27E7D1BA 
 205      FF86DE
 206 0166 D3B5A70B 		.ascii	"\323\265\247\013\017H\221\253|\200\220C)\307\273^\272"
 206      0F4891AB 
 206      7C809043 
 206      29C7BB5E 
 206      BA
 207 0177 80AE90BF 		.ascii	"\200\256\220\277G\324\363g\306\332\235\251y9Q+\023\232"
 207      47D4F367 
 207      C6DA9DA9 
 207      7939512B 
 207      139A
 208 0189 92ECA955 		.ascii	"\222\354\251UF\324\222\252\201q7\252\276KTmOD\244\033"
 208      46D492AA 
 208      817137AA 
 208      BE4B546D 
 208      4F44A41B 
 209 019d 1999E3E2 		.ascii	"\031\231\343\342\265\234S\223+\030P!\214U\004cIP\011"
 209      B59C5393 
 209      2B185021 
 209      8C550463 
 209      495009
 210 01b0 1DFB2377 		.ascii	"\035\373#wT\314\206n\037\250\335g\277(\236\3029n9\242"
 210      54CC866E 
 210      1FA8DD67 
 210      BF289EC2 
 210      396E39A2 
 211 01c4 692800F8 		.ascii	"i(\000\370\031\012/E\213\204\217\010:?w\364\230\233"
 211      190A2F45 
 211      8B848F08 
 211      3A3F77F4 
 211      989B
 212 01d6 353A7F21 		.ascii	"5:\177!t\315hD\222\235\"\206$\201\247R\206\026Yq9\213"
 212      74CD6844 
 212      929D2286 
 212      2481A752 
 212      86165971 
 213 01ec C89CD227 		.ascii	"\310\234\322'\240kk&\033\345\330\201&\340d\322\203N"
 213      A06B6B26 
 213      1BE5D881 
 213      26E064D2 
ARM GAS  /var/folders/_f/jzb7lsz153bclt069nvlpp5r0000gn/T//cc0r25lP.s 			page 16


 213      834E
 214 01fe F927B974 		.ascii	"\371'\271tf\352\352\244\226\031\214\323\031\232\345"
 214      66EAEAA4 
 214      96198CD3 
 214      199AE5
 215 020d 78290545 		.ascii	"x)\005E\234\272\020\347\000\201\177 \247\246\373)S\231"
 215      9CBA10E7 
 215      00817F20 
 215      A7A6FB29 
 215      5399
 216 021f 4E5425BB 		.ascii	"NT%\273\326\015^I\233\236r']\221\007\235bcKB\343\273"
 216      D60D5E49 
 216      9B9E7227 
 216      5D91079D 
 216      62634B42 
 217 0235 1C274355 		.ascii	"\034'CU@\371\034\302\250\002}B\006'_\223Kg\241)1sD\027"
 217      40F91CC2 
 217      A8027D42 
 217      06275F93 
 217      4B67A129 
 218 024d 60BA3E90 		.ascii	"`\272>\220S,:\017/+i\326\244\227gj\242\354\220\334c"
 218      532C3A0F 
 218      2F2B69D6 
 218      A497676A 
 218      A2EC90DC 
 219 0262 EE8F6AE6 		.ascii	"\356\217j\346\370\210R\210\331\235\260\204P\250\006"
 219      F8885288 
 219      D99DB084 
 219      50A806
 220 0271 0AE5160A 		.ascii	"\012\345\026\012U\210\347@\014\020\211\256\240\250\312"
 220      5588E740 
 220      0C1089AE 
 220      A0A8CA
 221 0280 4926653A 		.ascii	"I&e:\372'\235\345c\035\371)\012\363\273ZD_\026\034\030"
 221      FA279DE5 
 221      631DF929 
 221      0AF3BB5A 
 221      445F161C 
 222 0295 BFA4589A 		.ascii	"\277\244X\232\310\317\365;2\344\273\304*\275\027\321"
 222      C8CFF53B 
 222      32E4BBC4 
 222      2ABD17D1 
 223 02a5 52B8D701 		.ascii	"R\270\327\001\224\346\247\2443/]\216\273\020\315]Qg"
 223      94E6A7A4 
 223      332F5D8E 
 223      BB10CD5D 
 223      5167
 224 02b7 4F2E5E9E 		.ascii	"O.^\236\316\351\213\214\335\331\3518\231\323Gr\263&"
 224      CEE98B8C 
 224      DDD9E938 
 224      99D34772 
 224      B326
 225 02c9 13A25FA1 		.ascii	"\023\242_\241z37\011\371\315\2705\240\345\363p\273["
 225      7A333709 
 225      F9CDB835 
 225      A0E5F370 
 225      BB5B
ARM GAS  /var/folders/_f/jzb7lsz153bclt069nvlpp5r0000gn/T//cc0r25lP.s 			page 17


 226 02db 3AFBD26D 		.ascii	":\373\322m^\032\227)\215K\002\215\266\270\275\227\025"
 226      5E1A9729 
 226      8D4B028D 
 226      B6B8BD97 
 226      15
 227 02ec F814DD85 		.ascii	"\370\024\335\205\250\272\365\342k;JC\177\354\244}\023"
 227      A8BAF5E2 
 227      6B3B4A43 
 227      7FECA47D 
 227      13
 228 02fd 5767327D 		.ascii	"Wg2}I>@\215V\014\032\005\006W(\203\303\347\316k]\360"
 228      493E408D 
 228      560C1A05 
 228      06572883 
 228      C3E7CE6B 
 229 0313 39E6A0E8 		.ascii	"9\346\240\350E\222\326\2019\2504; !4Y9h\022\0344S\007"
 229      4592D681 
 229      39A8343B 
 229      20213459 
 229      3968121C 
 230 032a 3D71DCA4 		.ascii	"=q\334\244\014\337b\016\246\352&\236\363\016zm\030\264"
 230      0CDF620E 
 230      A6EA269E 
 230      F30E7A6D 
 230      18B4
 231 033c 58396811 		.ascii	"X9h\021\034\264R\007I1I:\205\315\272&\333\300\022q\033"
 231      1CB45207 
 231      4931493A 
 231      85CDBA26 
 231      DBC01271 
 232 0351 5BD78034 		.ascii	"[\327\2004\375\222<\212h\266\340\035\237-c\\\336\240"
 232      FD923C8A 
 232      68B6E01D 
 232      9F2D635C 
 232      DEA0
 233 0363 D3BCD9BA 		.ascii	"\323\274\331\272J\263\325.d\253\360\320\203\021G\374"
 233      4AB3D52E 
 233      64ABF0D0 
 233      831147FC 
 234 0373 9471CD3E 		.ascii	"\224q\315>\373\244\010\001W\003g\034\210\035]wP\033"
 234      FBA40801 
 234      5703671C 
 234      881D5D77 
 234      501B
 235 0385 9FC9194C 		.ascii	"\237\311\031L\246\367\351W\350\232\025\341k\002\341"
 235      A6F7E957 
 235      E89A15E1 
 235      6B02E1
 236 0394 0E4AF849 		.ascii	"\016J\370IB\242\021\343\343\230z\351\255\210\317\220"
 236      42A211E3 
 236      E3987AE9 
 236      AD88CF90 
 237 03a4 E11CA6EC 		.ascii	"\341\034\246\354\357\036Ot{\277\034\247A}\203\315I^"
 237      EF1E4F74 
 237      7BBF1CA7 
 237      417D83CD 
 237      495E
ARM GAS  /var/folders/_f/jzb7lsz153bclt069nvlpp5r0000gn/T//cc0r25lP.s 			page 18


 238 03b6 3D6AE998 		.ascii	"=j\351\230\222~\230\301u\350\215\335{\207\227E\304\353"
 238      927E98C1 
 238      75E88DDD 
 238      7B879745 
 238      C4EB
 239 03c8 23E33992 		.ascii	"#\3439\222\025\272{\257\303(\220F\253M\177\203\214\205"
 239      15BA7BAF 
 239      C3289046 
 239      AB4D7F83 
 239      8C85
 240 03da 6E22A0D1 		.ascii	"n\"\240\321\211>\264\332\227K\330\276\334\337z\354\""
 240      893EB4DA 
 240      974BD8BE 
 240      DCDF7AEC 
 240      22
 241 03eb A6AA890E 		.ascii	"\246\252\211\016y\364zw\205\014w\262\361c\356\236ns"
 241      79F47A77 
 241      850C77B2 
 241      F163EE9E 
 241      6E73
 242 03fd C0F7A822 		.ascii	"\300\367\250\"Mx4\226\205\204]e[d\357\300\226Z\302o"
 242      4D783496 
 242      85845D65 
 242      5B64EFC0 
 242      965AC26F 
 243 0411 A95B30F4 		.ascii	"\251[0\364maK\265\2741 \262\245z`\006\272-[j\211\\("
 243      6D614BB5 
 243      BC3120B2 
 243      A57A6006 
 243      BA2D5B6A 
 244 0428 19524357 		.ascii	"\031RCW\326?\346vzo>\2471\273[\177G\234\336\005\247"
 244      D63FE676 
 244      7A6F3EA7 
 244      31BB5B7F 
 244      479CDE05 
 245 043d 5D16A73D 		.ascii	"]\026\247=\310\354\025\335\216\2138\212I\231\325\376"
 245      C8EC15DD 
 245      8E8B388A 
 245      4999D5FE 
 246 044d 0AA7A897 		.ascii	"\012\247\250\227\356\353\376XnLF\353\270\336@\243\277"
 246      EEEBFE58 
 246      6E4C46EB 
 246      B8DE40A3 
 246      BF
 247 045e D662D2B9 		.ascii	"\326b\322\271\322\322\035Ek\367\336\226\256\036{\374"
 247      D2D21D45 
 247      6BF7DE96 
 247      AE1E7BFC 
 248 046e 94A5E645 		.ascii	"\224\245\346E}\346N6\300\257*0\360\305\205\266\323\205"
 248      7DE64E36 
 248      C0AF2A30 
 248      F0C585B6 
 248      D385
 249 0480 52EA9F93 		.ascii	"R\352\237\223Z\237\033\012vnL\2344<GTu \252a6\236[\340"
 249      5A9F1B0A 
 249      766E4C9C 
 249      343C4754 
ARM GAS  /var/folders/_f/jzb7lsz153bclt069nvlpp5r0000gn/T//cc0r25lP.s 			page 19


 249      7520AA61 
 250 0498 A078221C 		.ascii	"\240x\"\034\024\217\231\363\322\222\211k\256\226\322"
 250      148F99F3 
 250      D292896B 
 250      AE96D2
 251 04a7 AFA1FBFF 		.ascii	"\257\241\373\377!\300\037Q\370SZ\372\237\010\245?np"
 251      21C01F51 
 251      F8535AFA 
 251      9F08A53F 
 251      6E70
 252 04b9 6CC6CE1A 		.ascii	"l\306\316\032\375`!t_n\345%gldq7>\253\331\257`Q\330"
 252      FD602174 
 252      5F6EE525 
 252      676C6471 
 252      373EABD9 
 253 04d1 D32D5E9B 		.ascii	"\323-^\233\027\355Di\177O\324{\035\267\362X\316\226"
 253      17ED4469 
 253      7F4FD47B 
 253      1DB7F258 
 253      CE96
 254 04e3 1275F691 		.ascii	"\022u\366\221n\324n\376(\206\204(\236\263(j\212\206"
 254      6ED46EFE 
 254      28868428 
 254      9EB3286A 
 254      8A86
 255 04f5 92EDC551 		.ascii	"\222\355\305Q<\003\370 \205\277\240\274\206\004^\231"
 255      3C03F820 
 255      85BFA0BC 
 255      86045E99 
 256 0505 DD075231 		.ascii	"\335\007R1\036g\274\366\246\232N\270`\023S\022\253R"
 256      1E67BCF6 
 256      A69A4EB8 
 256      60135312 
 256      AB52
 257 0517 1318298E 		.ascii	"\023\030)\216\352\355\351i\025\030G\311\250r\351\372"
 257      EAEDE969 
 257      151847C9 
 257      A872E9FA 
 258 0527 DD3C7640 		.ascii	"\335<v@\353\251\256\273<\331!\303\373\230Q\230$\005"
 258      EBA9AEBB 
 258      3CD921C3 
 258      FB985198 
 258      2405
 259 0539 3F494F0B 		.ascii	"?IO\013\032O\272\342\004fll\277\376\230M\221\236\032"
 259      1A4FBAE2 
 259      04666C6C 
 259      BFFE984D 
 259      919E1A
 260 054c 5F3FBB78 		.ascii	"_?\273x\312\001\2472\343\324\241\350D\346\226\303\264"
 260      CA01A732 
 260      E3D4A1E8 
 260      44E696C3 
 260      B4
 261 055d B8942735 		.ascii	"\270\224'5\273\340\014flK\316\314T\260/\251\361n[\374"
 261      BBE00C66 
 261      6C4BCECC 
 261      54B02FA9 
ARM GAS  /var/folders/_f/jzb7lsz153bclt069nvlpp5r0000gn/T//cc0r25lP.s 			page 20


 261      F16E5BFC 
 262 0571 B402E731 		.ascii	"\264\002\3471\343\001\343\365}<[Z\202^d\315\014\262"
 262      E301E3F5 
 262      7D3C5B5A 
 262      825E64CD 
 262      0CB2
 263 0583 85C8B952 		.ascii	"\205\310\271RN\223\345\331,\247l]ro\216\360)\3773={"
 263      4E93E5D9 
 263      2CA76C5D 
 263      726F8EF0 
 263      29FF333D 
 264 0598 EA8E7438 		.ascii	"\352\216t8\315\237cN\312\347\330\304r\334y5\375\360"
 264      CD9F634E 
 264      CAE7D8C4 
 264      72DC7935 
 264      FDF0
 265 05aa 5B2BE517 		.ascii	"[+\345\027\200\317Rx\204t\221\360\021AO\317\236\036"
 265      80CF5278 
 265      847491F0 
 265      11414FCF 
 265      9E1E
 266 05bc 76C1458C 		.ascii	"v\301E\214hV\335D,K\216\236\022\315\251M\310\346\211"
 266      6856DD44 
 266      2C4B8E9E 
 266      12CDA94D 
 266      C8E689
 267 05cf BAD13427 		.ascii	"\272\3214'\033\312\030Q#\305Gu\351\2569P}\230U\310\227"
 267      1BCA1851 
 267      23C54775 
 267      E9AE3950 
 267      7D9855C8 
 268 05e4 378B1CE7 		.ascii	"7\213\034\347g\272W`\272GJ\231N\366UT\333\2643d\303"
 268      67BA5760 
 268      BA474A99 
 268      4EF65554 
 268      DBB43364 
 269 05f9 4749DDD1 		.ascii	"GI\335\321n)\201\353(\323\275\002\323\331\232\251V\205"
 269      6E2981EB 
 269      28D3BD02 
 269      D3D99AA9 
 269      5685
 270 060b 35BA7721 		.ascii	"5\272w!\364\361\316W)\012\\)\263Y\323\012~M\033\365"
 270      F4F1CE57 
 270      290A5C29 
 270      B359D30A 
 270      7E4D1BF5 
 271 061f E71E38B1 		.ascii	"\347\0368\261\2702(\300\2245t\310\221\002\342\177K\364"
 271      B83228C0 
 271      943574C8 
 271      9102E27F 
 271      4BF4
 272 0631 139195FD 		.ascii	"\023\221\225\375\254\003\324\332\021=o\372\346\363\005"
 272      AC03D4DA 
 272      113D6FFA 
 272      E6F305
 273 0640 96F90121 		.ascii	"\226\371\001!\260\375,\260}wJe\342\031\210\003\246\373"
 273      B0FD2CB0 
ARM GAS  /var/folders/_f/jzb7lsz153bclt069nvlpp5r0000gn/T//cc0r25lP.s 			page 21


 273      7D774A65 
 273      E2198803 
 273      A6FB
 274 0652 28D378CA 		.ascii	"(\323x\312\364\200\300\364\366\345;\367\\p5c\232Sv\313"
 274      F480C0F4 
 274      F6E53BF7 
 274      5C703563 
 274      9A5376CB 
 275 0666 C056A091 		.ascii	"\300V\240\221V\011\343\344\314\015'|\205\031\265\371"
 275      5609E3E4 
 275      CC0D277C 
 275      8519B5F9 
 276 0676 7D537216 		.ascii	"}Sr\026\006\251WnS9\261\357\243\025\302\265\230\334"
 276      06A9576E 
 276      5339B1EF 
 276      A315C2B5 
 276      98DC
 277 0688 3CF4A480 		.ascii	"<\364\244\200\246\226\346\377)7\222\253\213\302d0tP"
 277      A696E6FF 
 277      293792AB 
 277      8BC26430 
 277      7450
 278 069a 8A51BA74 		.ascii	"\212Q\272t\261\231\002J\240<\376\0107\211\236\213\212"
 278      B199024A 
 278      A03CFE08 
 278      37899E8B 
 278      8A
 279 06ab D09F5BD9 		.ascii	"\320\237[\331\264\012\365\303\3612\200\030R(\025\020"
 279      B40AF5C3 
 279      F1328018 
 279      52281510 
 280 06bb 931550AB 		.ascii	"\223\025P\253o+\260\007$)&\207x\237\346\242xX\344\263"
 280      6F2BB007 
 280      24292687 
 280      789FE6A2 
 280      7858E4B3 
 281 06cf 46F03921 		.ascii	"F\3609!\3669\211\254\220\034\247?O\220\260\365\321K"
 281      F63989AC 
 281      901CA73F 
 281      4F90B0F5 
 281      D14B
 282 06e1 1E291404 		.ascii	"\036)\024\004\276ZY\220\325\002r\\\214|-B\326\012\310"
 282      BE5A5990 
 282      D502725C 
 282      8C7C2D42 
 282      D60AC8
 283 06f4 2931F28D 		.ascii	")1\362\215\010yA@\276\022#G\220mDMBD\323\342\210f,\310"
 283      08794140 
 283      BE122347 
 283      906D444D 
 283      4244D3E2 
 284 070c 83FCACAF 		.ascii	"\203\374\254\257\323HP\037\330\357S\023A\303q\201NJ"
 284      D348501F 
 284      D8EF5313 
 284      41C37181 
 284      4E4A
 285 071e 3DD011E9 		.ascii	"=\320\021\351\012\224\014r\002$\025D\017r\014$\011$"
ARM GAS  /var/folders/_f/jzb7lsz153bclt069nvlpp5r0000gn/T//cc0r25lP.s 			page 22


 285      0A940C72 
 285      02241544 
 285      0F720C24 
 285      0924
 286 0730 05240DE4 		.ascii	"\005$\015\3448H\006H\"\310Q\351\012z\352Q\266\315\204"
 286      38480648 
 286      22C851E9 
 286      0A7AEA51 
 286      B6CD84
 287 0743 036C6114 		.ascii	"\003la\024\311\347_\330\330H+\312\177\225\300vT\314"
 287      C9E75FD8 
 287      D8482BCA 
 287      7F95C076 
 287      54CC
 288 0755 764C1457 		.ascii	"vL\024W\313\312\244U(\032|\306\360>\205M\205bE>+\005"
 288      CBCAA455 
 288      281A7CC6 
 288      F03E854D 
 288      8562453E 
 289 076b 9FC3629F 		.ascii	"\237\303b\237F\213Or\204\033\316\024\330s\210@$BSdn"
 289      468B4F72 
 289      841BCE14 
 289      D8738840 
 289      24425364 
 290 0780 0886C667 		.ascii	"\010\206\306g\246]\321b\217\2712\205\262 A\377\213d"
 290      A65DD162 
 290      8FB93285 
 290      B22041FF 
 290      8B64
 291 0792 5112EDFB 		.ascii	"Q\022\355\373\220#\312\004o\006K\023A(\011M\304\251"
 291      9023CA04 
 291      6F064B13 
 291      4128094D 
 291      C4A9
 292 07a4 83397A7B 		.ascii	"\2039z{\233F2\323jEK\320))\373\007\011\236\244\304\033"
 292      9B4632D3 
 292      6A454BD0 
 292      2929FB07 
 292      099EA4C4 
 293 07b9 8A1BA436 		.ascii	"\212\033\2446h\322\366Y\320\331<:\233\242\253\372\242"
 293      68D2F659 
 293      D0D93C3A 
 293      9BA2ABFA 
 293      A2
 294 07ca 07598931 		.ascii	"\007Y\21118\222"
 294      3892
 295 07d0 B15A4C87 		.ascii	"\261ZL\207\"\354\350\336\215\243{\271\244\177\337\036"
 295      22ECE8DE 
 295      8DA37BB9 
 295      A47FDF1E 
 296 07e0 379C64C7 		.ascii	"7\234d\307\3320ms\256\\h6t\277\252\331\250\276v\246"
 296      DA306D73 
 296      AE5C6836 
 296      74BFAAD9 
 296      A8BE76A6 
 297 07f4 DE0D67B0 		.ascii	"\336\015g\260\357[\307\352\212\234p6S\306\207\353{\035"
 297      EF5BC7EA 
ARM GAS  /var/folders/_f/jzb7lsz153bclt069nvlpp5r0000gn/T//cc0r25lP.s 			page 23


 297      8A9C7036 
 297      53C687EB 
 297      7B1D
 298 0806 713E5332 		.ascii	"q>S2\023\217\344\263a)\213\2626m\215=.f\266\262\350"
 298      138FE4B3 
 298      61298BB2 
 298      366D8D3D 
 298      2E66B6B2 
 299 081b B3EDF6B8 		.ascii	"\263\355\366\270\202w\361pr\224\225\310w(\243#\207\241"
 299      8277F170 
 299      729495C8 
 299      7728A323 
 299      87A1
 300 082d EFBFC06C 		.ascii	"\357\277\300lB\013\340\312Z\200\211\335\306hV\206\024"
 300      420BE0CA 
 300      5A8089DD 
 300      C6685686 
 300      14
 301 083e 44ED8FCF 		.ascii	"D\355\217\317)d_:\323\177\217_\245\037q\231\277TV\010"
 301      29645F3A 
 301      D37F8F5F 
 301      A51F7199 
 301      BF545608 
 302 0852 A5B29C95 		.ascii	"\245\262\234\225\312\264\216\256\024\027\361\031P\006"
 302      CAB48EAE 
 302      1417F119 
 302      5006
 303 0860 0BF02C5D 		.ascii	"\013\360,]{\347h\255\254\020je\315t\337\015g\361\031"
 303      7BE768AD 
 303      AC106A65 
 303      CD74DF0D 
 303      67F119
 304 0873 302FBA76 		.ascii	"0/\272vl\304\344\214kY\020\311\023m\215\354\377\364"
 304      6CC4E48C 
 304      6B5910C9 
 304      136D8DEC 
 304      FFF4
 305 0885 6544ED68 		.ascii	"eD\355hl\270\353\214\033\230M\307i\013\344\270\231)"
 305      6CB8EB8C 
 305      1B984DC7 
 305      690BE4B8 
 305      9929
 306 0897 390FAF26 		.ascii	"9\017\257&\260\332\377\021\255\300\217\237\247\270\340"
 306      B0DAFF11 
 306      ADC08F9F 
 306      A7B8E0
 307 08a6 ABCC3678 		.ascii	"\253\3146x\"\247[\201o2\345\376\304\375zv\372\255\""
 307      22A75B81 
 307      6F32E5FE 
 307      C4FD7A76 
 307      FAAD22
 308 08b9 EAC5C8B4 		.ascii	"\352\305\310\264rg\334\315l\375C\011\3032\334\307\224"
 308      7267DCCD 
 308      6CFD4309 
 308      C332DCC7 
 308      94
 309 08ca 88BA829B 		.ascii	"\210\272\202\233\014\3709=\232FN\354q\304\217\230\255"
ARM GAS  /var/folders/_f/jzb7lsz153bclt069nvlpp5r0000gn/T//cc0r25lP.s 			page 24


 309      0CF8393D 
 309      9A464EEC 
 309      71C48F98 
 309      AD
 310 08db E4645639 		.ascii	"\344dV9\313\355:\232\367\330b\223\303\374\331\273\""
 310      CBED3A9A 
 310      F7D86293 
 310      C3FCD9BB 
 310      22
 311 08ec 64EF639A 		.ascii	"d\357c\232\274\210\264,\003\346\323\241\027\016\232"
 311      BC88B42C 
 311      03E6D3A1 
 311      170E9A
 312 08fb 46484721 		.ascii	"FHG!MG\023M\307\025!\035\315\207\322\372\355\255\321"
 312      4D47134D 
 312      C715211D 
 312      CD87D2FA 
 312      EDADD1
 313 090e 79D205D0 		.ascii	"y\322\005\320\347\353\273f\235\361\200-K\005c9\243\345"
 313      E7EBBB66 
 313      9DF1802D 
 313      4B056339 
 313      A3E5
 314 0920 4A9DF010 		.ascii	"J\235\360\020\263\235/\216\237bM\301F\242\326\353\270"
 314      B39D2F8E 
 314      9F624DC1 
 314      46A2D6EB 
 314      B8
 315 0931 0C0536DA 		.ascii	"\014\0056\332\331\364i\256|\237\266\377L\346(\233\004"
 315      D9F469AE 
 315      7C9FB6FF 
 315      4CE6289B 
 315      04
 316 0942 DA25E564 		.ascii	"\332%\345d\334k\303\363G{]\210\266\203_+\317;r\335\304"
 316      DC6BC3F3 
 316      477B5D88 
 316      B6835F2B 
 316      CF3B72DD 
 317 0957 E7EA3508 		.ascii	"\347\3525\010\240\204\006p\203\006p]\010 f\252\270\026"
 317      A0840670 
 317      8306705D 
 317      082066AA 
 317      B816
 318 0969 5BA349B8 		.ascii	"[\243I\270\363\242\207Kr\240_\030\343g\257f\210c}\220"
 318      F3A2874B 
 318      72A05F18 
 318      E367AF66 
 318      88637D90 
 319 097d AF7543E9 		.ascii	"\257uC\351\3127\224\211\255\347z\331\006\240\315B\356"
 319      CA379489 
 319      ADE77AD9 
 319      06A0CD42 
 319      EE
 320 098e E3E28105 		.ascii	"\343\342\201\005\272\236n!\212\"\266s+O\224m\025\007"
 320      BA9E6E21 
 320      8A22B673 
 320      2B4F946D 
ARM GAS  /var/folders/_f/jzb7lsz153bclt069nvlpp5r0000gn/T//cc0r25lP.s 			page 25


 320      1507
 321 09a0 711B6875 		.ascii	"q\033huQZ=\224V\267@\353\365t^\377[A\314\213\036\272"
 321      515A3D94 
 321      56B740EB 
 321      F5745EFF 
 321      5B41CC8B 
 322 09b6 DD10ABC0 		.ascii	"\335\020\253\300S,\210\343\373K\246X\277\3723Q\367\034"
 322      532C88E3 
 322      FB4BA658 
 322      BFFA3351 
 322      F71C
 323 09c8 8D6A97E1 		.ascii	"\215j\227\341Y~\353\327\226\216\260=\253#\372\3223\367"
 323      597EEBD7 
 323      968EB03D 
 323      AB23FAD2 
 323      33F7
 324 09da 9F96395A 		.ascii	"\237\2269ZZ\211\025\326M\205\0079\371\015\246\366\026"
 324      5A8915D6 
 324      4D850739 
 324      F90DA6F6 
 324      16
 325 09eb 05C79FFD 		.ascii	"\005\307\237\375\245pN\214X\237\375,\243\205\310\334"
 325      A5704E8C 
 325      589FFD2C 
 325      A385C8DC 
 326 09fb 27CC9AFB 		.ascii	"'\314\232\373\204\342\271\261\226\226\"\275P\200\366"
 326      84E2B9B1 
 326      969622BD 
 326      5080F6
 327 0a0a 8AA17D22 		.ascii	"\212\241}\"\350\214\331\353\0311\264\320\032z8B\237"
 327      E88CD9EB 
 327      1931B4D0 
 327      1A7A3842 
 327      9F
 328 0a1b A4046433 		.ascii	"\244\004d3\234i-<RX\347\250U\344\364\200y\374\313b\247"
 328      9C692D3C 
 328      5258E7A8 
 328      55E4F480 
 328      79FCCB62 
 329 0a30 976CC23A 		.ascii	"\227l\302:\254\325\037\243X2\005W\305\330v\333\024D"
 329      ACD51FA3 
 329      58320557 
 329      C5D876DB 
 329      1444
 330 0a42 E8754A38 		.ascii	"\350uJ8U\317\003\203J\036*\224)t\301\206\253V\377\246"
 330      55CF0383 
 330      4A1E2A94 
 330      2974C186 
 330      AB56FFA6 
 331 0a56 40F09A2F 		.ascii	"@\360\232/\366\372\221-2\331<~\333\334\343[\302\332"
 331      F6FA912D 
 331      32D93C7E 
 331      DBDCE35B 
 331      C2DA
 332 0a68 6F0EAB61 		.ascii	"o\016\253a\356\260,\320isZ\013\346\034\337j^c\314^\253"
 332      EEB02CD0 
 332      69735A0B 
ARM GAS  /var/folders/_f/jzb7lsz153bclt069nvlpp5r0000gn/T//cc0r25lP.s 			page 26


 332      E61CDF6A 
 332      5E63CC5E 
 333 0a7d C5D01A6B 		.ascii	"\305\320\032k\257\320\251\244\221\031\200\365I\273:"
 333      AFD0A9A4 
 333      911980F5 
 333      49BB3A
 334 0a8c 8214562D 		.ascii	"\202\024V-\272g\233\326\010}*\201\336\001\350]\251\010"
 334      BA679BD6 
 334      087D2A81 
 334      DE01E85D 
 334      A908
 335 0a9e 3A886CA9 		.ascii	":\210l\251\376b\246Z4\367\012\260\342\032k\346Z;7W+"
 335      FE62A65A 
 335      34F70AB0 
 335      E21A6BE6 
 335      5A3B3757 
 336 0ab3 EC3E33B6 		.ascii	"\354>3\266^\214\275(\306\306\231\261usc\337\352\003"
 336      5E8CBD28 
 336      C6C699B1 
 336      757363DF 
 336      EA03
 337 0ac5 73209CD3 		.ascii	"s \234\323\3244\302\2676\343\320\332\364C\2732\010\362"
 337      D434C2B7 
 337      36E3D0DA 
 337      F443BB32 
 337      08F2
 338 0ad7 10E42588 		.ascii	"\020\344%\210\001\344>\310S\2201\220\347 \303 \257@"
 338      01E43EC8 
 338      53903190 
 338      E720C320 
 338      AF40
 339 0ae9 8C20CF40 		.ascii	"\214 \317@\036\203<\002\031\000y\0022\012\362\002d\010"
 339      1E833C02 
 339      19007902 
 339      320AF202 
 339      6408
 340 0afb E481B94F 		.ascii	"\344\201\271O\204\224\246\220\224\336\204\224v\362\034"
 340      8494A690 
 340      94DE8494 
 340      76F21C
 341 0b0a 85C2876E 		.ascii	"\205\302\207n\211f?\332\034N\2258\034\326~\263\320i"
 341      89663FDA 
 341      1C4E9538 
 341      1CD67EB3 
 341      D069
 342 0b1c 433549BB 		.ascii	"C5I\273\272\221\271\272\272\250\2364\275=\362XLq\307"
 342      BA91B9BA 
 342      BAA89E34 
 342      BD3DF258 
 342      4C71C7
 343 0b2f 431DD104 		.ascii	"C\035\321\004x\312\225\232\373\256\021\241\357\232+"
 343      78CA959A 
 343      FBAE11A1 
 343      EF9A2B
 344 0b3e 31E835E4 		.ascii	"1\3505\344\343\377\221\033(}\321\207o\2259\333\264q"
 344      E3FF911B 
 344      287DD187 
ARM GAS  /var/folders/_f/jzb7lsz153bclt069nvlpp5r0000gn/T//cc0r25lP.s 			page 27


 344      6F9539DB 
 344      B471
 345 0b50 13364DDF 		.ascii	"\0236M\337$\337\306\221\247,p[@\230\343\216\240\020"
 345      24DFC691 
 345      A72C705B 
 345      4098E38E 
 345      A010
 346 0b62 CD9AD5FE 		.ascii	"\315\232\325\376\032\373\277~\363\335ro\211\334\337"
 346      1AFBBF7E 
 346      F3DD726F 
 346      89DCDF
 347 0b71 5F78E3AF 		.ascii	"_x\343\257\334\021\036\246\014\016\015\014\010Vz\253"
 347      DC111EA6 
 347      0C0E0D0C 
 347      08567AAB 
 348 0b81 838303C2 		.ascii	"\203\203\003\302\224?\005\006\256\014\010\333\2762$"
 348      943F0506 
 348      AE0C08DB 
 348      BE3224
 349 0b90 3444BD52 		.ascii	"4D\275R\035\360C\320\312\265_(W\257\372\364\263U_\254"
 349      1DF043D0 
 349      CAB55F28 
 349      57AFFAF4 
 349      B3555FAC 
 350 0ba4 FE4C6963 		.ascii	"\376LicQ\006\205\004\006\357\330\252Vn\017\010\334\026"
 350      51068504 
 350      06EFD8AA 
 350      566E0F08 
 350      DC16
 351 0bb6 14A256FA 		.ascii	"\024\242V\372oU\377\030\260#X\343\257\331\365\263:\334"
 351      6F55FF18 
 351      B02358E3 
 351      AFD9F5B3 
 351      3ADC
 352 0bc8 739B64F3 		.ascii	"s\233d\363\377\306\177\370\256p\245\177\270f+\260\006"
 352      FFC67FF8 
 352      AE70A57F 
 352      B8662BB0 
 352      06
 353 0bd9 A7EF84FC 		.ascii	"\247\357\204\374+(pCH\300\017\301\352-\352@Mh\330_<"
 353      2B287043 
 353      48C00FC1 
 353      EA2DEA40 
 353      4D68D85F 
 354 0bee 3D95E63F 		.ascii	"=\225\346?\357mA?\004}\353\347\277z\225\347\032\317"
 354      EF6D413F 
 354      047DEBE7 
 354      BF7A95E7 
 354      1ACF
 355 0c00 35CAD070 		.ascii	"5\312\320p\3456\030\374\347\3200M\27020t\373\366\320"
 355      E53618FC 
 355      E7D0304D 
 355      B8323074 
 355      FBF6D0
 356 0c13 10A5976A 		.ascii	"\020\245\227j\223\367\246\235J\342\3063P\362\033\362"
 356      93F7A69D 
 356      4AE2C633 
ARM GAS  /var/folders/_f/jzb7lsz153bclt069nvlpp5r0000gn/T//cc0r25lP.s 			page 28


 356      50F21BF2 
 357 0c23 5C1F146E 		.ascii	"\\\037\024n\361\367.y\343\247\326\370\355\012\327\250"
 357      F1F72E79 
 357      E3A7D6F8 
 357      ED0AD7A8 
 358 0c33 B76F0C08 		.ascii	"\267o\014\010\331\032\254\016\363\015\013\012\015\013"
 358      D91AAC0E 
 358      F30D0B0A 
 358      0D0B
 359 0c41 D2ECA2A3 		.ascii	"\322\354\242\243{\007\253\003\302|\325!\300\350'\247"
 359      7B07AB03 
 359      C27CD521 
 359      C0E827A7 
 360 0c51 C06D00DC 		.ascii	"\300m\000\334\030\020\254\361\\\230G\230\306\034P\340"
 360      1810ACF1 
 360      5C984798 
 360      C61C50E0 
 361 0c61 3688C3D1 		.ascii	"6\210\303\321\337\377\307\035!\201\376\376.\302\017"
 361      DFFFC71D 
 361      2181FEFE 
 361      2EC20F
 362 0c70 CFCFD77E 		.ascii	"\317\317\327~\272\366\275\205F\2278\220\251\373\334"
 362      BAF6BD85 
 362      46973890 
 362      A9FBDC
 363 0c7f 5FE3C426 		.ascii	"_\343\304&\221\374\372f\213\217\267\377f\310\270\314"
 363      91FCFA66 
 363      8B8FB7FF 
 363      66C8B8CC 
 364 0c8f C76F83CA 		.ascii	"\307o\203\312I\265\001\356[6\254_%\363\361\336\240r"
 364      49B501EE 
 364      5B36AC5F 
 364      25F3F1DE 
 364      A072
 365 0ca1 5431ED53 		.ascii	"T1\355S0\372Z\214\253\301h\245\256\221\371x}eQ\327J"
 365      30FA5A8C 
 365      ABC168A5 
 365      AE91F978 
 365      7D6551D7 
 366 0cb6 7D7CCDCA 		.ascii	"}|\315\312g2\277\315>\252\277/\034\033\237Y\365N\015"
 366      6732BFCD 
 366      3EAABF2F 
 366      1C1B9F59 
 366      F54E0D
 367 0cc9 C9AED27B 		.ascii	"\311\256\322{\223\237\217\237\322;4L\255\364\021B\006"
 367      939F8F9F 
 367      D23B344C 
 367      ADF41142 
 367      06
 368 0cda C53F70FB 		.ascii	"\305?p\373Z\022\270\237\367W\224\260\235\267\357w>\353"
 368      5A12B89F 
 368      F75794B0 
 368      9DB7EF77 
 368      3EEB
 369 0cec 818A9F4A 		.ascii	"\201\212\237J\266e\363\267*;/\037\225\267\012\373\201"
 369      B665F3B7 
 369      2A3B2F1F 
ARM GAS  /var/folders/_f/jzb7lsz153bclt069nvlpp5r0000gn/T//cc0r25lP.s 			page 29


 369      95B70AFB 
 369      81
 370 0cfd 7893E746 		.ascii	"x\223\347F_;\277\215\304\350\3755\3346\222\333z\270"
 370      5F3BBF8D 
 370      C4E8FD35 
 370      DC3692DB 
 370      7AB8
 371 0d0f D96DDAF4 		.ascii	"\331m\332\364\265\227J\366\025\271y\201\216}\277V\341"
 371      B5974AF6 
 371      15B97981 
 371      8E7DBF56 
 371      E1
 372 0d20 F5205EEB 		.ascii	"\365 ^\353U2\260\251 V/\0258\367\362V\375\007\010\224"
 372      5532B0A9 
 372      20562F15 
 372      38F7F256 
 372      FD070894 
 373 0d34 2B10     		.ascii	"+\020"
 374              		.text
 375              		.section	.gnu.lto_.symtab.cf01d0d7635a665,"",%progbits
 376 0000 6E766963 		.ascii	"nvicEnableVector\000\000\000\000\000\000\000\000\000"
 376      456E6162 
 376      6C655665 
 376      63746F72 
 376      00000000 
 377 0019 000000C3 		.ascii	"\000\000\000\303\000\000\000nvicDisableVector\000\000"
 377      0000006E 
 377      76696344 
 377      69736162 
 377      6C655665 
 378 0033 00000000 		.ascii	"\000\000\000\000\000\000\000\000\000\000\307\000\000"
 378      00000000 
 378      0000C700 
 378      00
 379 0040 006E7669 		.ascii	"\000nvicSetSystemHandlerPriority\000\000\000\000\000"
 379      63536574 
 379      53797374 
 379      656D4861 
 379      6E646C65 
 380 0062 00000000 		.ascii	"\000\000\000\000\000\000\000\311\000\000\000nvicCle"
 380      000000C9 
 380      0000006E 
 380      76696343 
 380      6C65
 381 0074 61725065 		.ascii	"arPending\000\000\000\000\000\000\000\000\000\000\000"
 381      6E64696E 
 381      67000000 
 381      00000000 
 381      00000000 
 382 0088 00CB0000 		.ascii	"\000\313\000\000\000chSysHalt\000\000\002\000\000\000"
 382      00636853 
 382      79734861 
 382      6C740000 
 382      02000000 
 383 009c 00000000 		.ascii	"\000\000\000\000\000\000\320\000\000\000"
 383      0000D000 
 383      0000
ARM GAS  /var/folders/_f/jzb7lsz153bclt069nvlpp5r0000gn/T//cc0r25lP.s 			page 30


 384              		.text
 385              		.section	.gnu.lto_.opts,"",%progbits
 386 0000 272D6666 		.ascii	"'-ffp-contract=off' '-fno-trapv' '-mcpu=cortex-m4' "
 386      702D636F 
 386      6E747261 
 386      63743D6F 
 386      66662720 
 387 0033 272D6D74 		.ascii	"'-mthumb' '-mfloat-abi=hard' '-mfpu=fpv4-sp-d16' '-"
 387      68756D62 
 387      2720272D 
 387      6D666C6F 
 387      61742D61 
 388 0066 67676462 		.ascii	"ggdb' '-O2' '-fomit-frame-pointer' '-falign-functio"
 388      2720272D 
 388      4F322720 
 388      272D666F 
 388      6D69742D 
 389 0099 6E733D31 		.ascii	"ns=16' '-ffunction-sections' '-fdata-sections' '-fn"
 389      36272027 
 389      2D666675 
 389      6E637469 
 389      6F6E2D73 
 390 00cc 6F2D636F 		.ascii	"o-common' '-flto' '-fsingle-precision-constant'\000"
 390      6D6D6F6E 
 390      2720272D 
 390      666C746F 
 390      2720272D 
 391              		.text
 392              		.comm	__gnu_lto_v1,1,1
 393              		.comm	__gnu_lto_slim,1,1
 394              		.ident	"GCC: (GNU Tools for ARM Embedded Processors) 4.9.3 20150529 (release) [ARM/embedded-4_9-br
ARM GAS  /var/folders/_f/jzb7lsz153bclt069nvlpp5r0000gn/T//cc0r25lP.s 			page 31


DEFINED SYMBOLS
                            *ABS*:0000000000000000 nvic.c
                            *COM*:0000000000000001 __gnu_lto_v1
                            *COM*:0000000000000001 __gnu_lto_slim

NO UNDEFINED SYMBOLS
