ARM GAS  /var/folders/_f/jzb7lsz153bclt069nvlpp5r0000gn/T//ccTldrxG.s 			page 1


   1              		.syntax unified
   2              		.cpu cortex-m4
   3              		.eabi_attribute 27, 1
   4              		.eabi_attribute 28, 1
   5              		.fpu fpv4-sp-d16
   6              		.eabi_attribute 20, 1
   7              		.eabi_attribute 21, 1
   8              		.eabi_attribute 23, 3
   9              		.eabi_attribute 24, 1
  10              		.eabi_attribute 25, 1
  11              		.eabi_attribute 26, 1
  12              		.eabi_attribute 30, 2
  13              		.eabi_attribute 34, 1
  14              		.eabi_attribute 18, 4
  15              		.thumb
  16              		.file	"queue.c"
  17              		.text
  18              	.Ltext0:
  19              		.section	.gnu.lto_.profile.99010af63bcdf08b,"",%progbits
  20 0000 789C6366 		.ascii	"x\234cf```c\200\000F\206O\214\253\030\001\005\302\001"
  20      60606063 
  20      80004686 
  20      4F8CAB18 
  20      0105C201 
  21 0014 A9       		.ascii	"\251"
  22              		.text
  23              		.section	.gnu.lto_.jmpfuncs.99010af63bcdf08b,"",%progbits
  24 0000 789C6D4C 		.ascii	"x\234mL9\016\2000\014\263\343Babg\345\221\035\263\362"
  24      390E8030 
  24      0CB3E342 
  24      616267E5 
  24      911DB3F2 
  25 0014 6CA2A403 		.ascii	"l\242\244\003Hx\361)\013\377\270'\3570R\356l\014\034"
  25      4878F129 
  25      0BFFB827 
  25      EF3052EE 
  25      6C0C1C
  26 0027 1EB04A9A 		.ascii	"\036\260J\232\006\001\2159\264\251\224\255\312\346\344"
  26      06018D39 
  26      B4A994AD 
  26      CAE6E4
  27 0036 35345E27 		.ascii	"54^'>\011\322\306u\217\347\245\236\327\242^\264E\351"
  27      3E09D2C6 
  27      758FE7A5 
  27      9ED7A25E 
  27      B445E9
  28 0049 780023DD 		.ascii	"x\000#\335\017\030"
  28      0F18
  29              		.text
  30              		.section	.gnu.lto_.inline.99010af63bcdf08b,"",%progbits
  31 0000 789C8551 		.ascii	"x\234\205Q=K\003A\020}3\267\311m>\274\030\002\206D\363"
  31      3D4B0341 
  31      107D33B7 
  31      C96D3EBC 
  31      18028644 
  32 0015 51042C02 		.ascii	"Q\004,\002\026V\"\0106\266V\376\200\224\346_\254`\221"
  32      16562208 
ARM GAS  /var/folders/_f/jzb7lsz153bclt069nvlpp5r0000gn/T//ccTldrxG.s 			page 2


  32      36B656FE 
  32      8094E65F 
  32      AC6091
  33 0028 42219D9D 		.ascii	"B!\235\235\004\004?\032k\301&e0\205X\010v\022\211\344"
  33      04043F1A 
  33      6BC12665 
  33      30855808 
  33      761289E4 
  34 003c 2C2C2C04 		.ascii	",,,\004\265rgW\305\200\340-\274y\274\331773\033\340"
  34      B5726757 
  34      C580E02D 
  34      BC79BCD9 
  34      3737331B 
  35 0051 EF6F997D 		.ascii	"\357o\231}L\001\215\011\021x\365\260WBtn\002\227 \314"
  35      4C018D09 
  35      1178F5B0 
  35      5742746E 
  35      029720CC 
  36 0065 DFCE5AB5 		.ascii	"\337\316Z\265\331\035>\0222\375Q\325\311\214\312k\302"
  36      D91D3E12 
  36      32FD51D5 
  36      C98CCA6B 
  36      C2
  37 0076 DE2604EB 		.ascii	"\336&\004\353j\341(^D\366\371*\305\2408T\036\345V\""
  37      6AE1285E 
  37      44F6F92A 
  37      C5A03854 
  37      1EE55622 
  38 008a 025477D3 		.ascii	"\002Tw\323\237 \313\340\007~\012\003T\346\210\235U\240"
  38      9F20CBE0 
  38      077E0A03 
  38      54E6889D 
  38      55A0
  39 009c 15469315 		.ascii	"\025F\223\025\244\207M+\215\224\362(\240\035\325P\273"
  39      A4874D2B 
  39      8D94F228 
  39      A01DD550 
  39      BB
  40 00ad 85AC540B 		.ascii	"\205\254T\013,\262T\372)\213_\\\216B.\242\024m\2770"
  40      2CB254FA 
  40      298B5F5C 
  40      8E422EA2 
  40      146DBF30 
  41 00c1 DD8FAF6F 		.ascii	"\335\217\257ot\314\357\322-\235P\031\324v\001SI\262"
  41      74CCEFD2 
  41      2D9D5019 
  41      D4760153 
  41      49B2
  42 00d3 C95351DB 		.ascii	"\311SQ\333.\260$w\216/\367BIZ+\235\211\332v\301N+\353"
  42      2EB02477 
  42      8E2FF742 
  42      495A2B9D 
  42      89DA76C1 
  43 00ea 8098B4A5 		.ascii	"\200\230\264\245\311^\215\241z5c\321\324\2144:\256\032"
  43      C95E8DA1 
  43      7A3563D1 
  43      D48C343A 
ARM GAS  /var/folders/_f/jzb7lsz153bclt069nvlpp5r0000gn/T//ccTldrxG.s 			page 3


  43      AE1A
  44 00fc 5DD7487C 		.ascii	"]\327H|4\014\325m\373_\004<\216\214vL\226\202|\311\217"
  44      340CD56D 
  44      FB5F043C 
  44      8E8C764C 
  44      96827CC9 
  45 0111 DF124032 		.ascii	"\337\022@2\037\35732o\033V\273\223\355\005\235\242\022"
  45      1FEF3332 
  45      6F1B56BB 
  45      93ED059D 
  45      A212
  46 0123 AA9DE03C 		.ascii	"\252\235\340<I\024\312\336\003\267\267\260\3209`\314"
  46      4914CADE 
  46      03B7B7B0 
  46      D03960CC 
  47 0133 74B6ACD6 		.ascii	"t\266\254\326w\033\267(\240\035\265\17749\267\263\020"
  47      771BB728 
  47      A01DB57F 
  47      3439B7B3 
  47      10
  48 0144 99F49451 		.ascii	"\231\364\224Q\017\326\240\007K\377\371\354\020\312?"
  48      0FD6A007 
  48      4BFFF9EC 
  48      10CA3F
  49 0153 AF21F53D 		.ascii	"\257!\365=\254\177\334\340\242\350\036\027\237!+_\337"
  49      AC7FDCE0 
  49      A2E81E17 
  49      9F212B5F 
  49      DF
  50              		.text
  51              		.section	.gnu.lto_.pureconst.99010af63bcdf08b,"",%progbits
  52 0000 789C6366 		.ascii	"x\234cf``\020f\200\000N\006)F)&Kf)\026)V)6)v)\016V\000"
  52      60601066 
  52      80004E06 
  52      29462926 
  52      4B662916 
  53 001e 0DD00138 		.ascii	"\015\320\0018"
  54              		.text
  55              		.section	.gnu.lto_remove_pos_circular.99010af63bcdf08b,"",%progbits
  56 0000 789C8D56 		.ascii	"x\234\215V\353O\034U\024\277\347\316\354\314\354\203"
  56      EB4F1C55 
  56      14BFE7CE 
  56      ECCCEC83 
  57 0010 2D5020E9 		.ascii	"-P \351\206-\357\245\215\001\374\3507\353'\343\177!"
  57      862DEFA5 
  57      8D01FCE8 
  57      37EB27E3 
  57      7F21
  58 0022 221F8C89 		.ascii	"\"\037\214\211Z\233~\356\000kQb\265\301\242\350\226"
  58      5A9B7EEE 
  58      006B5162 
  58      B5C1A2E8 
  58      96
  59 0033 142CD45A 		.ascii	"\024,\324Zj)h)\017\305\245\"\320\226R1X\251\232\225"
  59      6A296829 
  59      0FC5A522 
  59      D0965231 
ARM GAS  /var/folders/_f/jzb7lsz153bclt069nvlpp5r0000gn/T//ccTldrxG.s 			page 4


  59      58A99A95 
  60 0047 2A7DA036 		.ascii	"*}\2406)\226t\301\327z\316\271\003,\013m\330\300\235"
  60      299674C1 
  60      D77ACEB9 
  60      032C0B6D 
  60      D8C09D
  61 005a 7B7FF33B 		.ascii	"{\177\363;\217{^\273\232\330\370i\302\377g\334B\224"
  61      8F7B5EBB 
  61      9AD8F869 
  61      C2FF67DC 
  61      4294
  62 006c E213BC02 		.ascii	"\342\023\274\002\344\341I!j,\011\272\332hj3l\351R{s"
  62      E4E14921 
  62      6A2C09BA 
  62      DA686A33 
  62      6CE9527B 
  63 0081 4C08DBE3 		.ascii	"L\010\333\343\012\233\302\366\271\300T\004Cm\206-S\032"
  63      0A9BC2F6 
  63      B9C05404 
  63      436D862D 
  63      531A
  64 0093 8A6031C1 		.ascii	"\212`1\301\222\356\321 \236<\227\036\307\223\033<\212"
  64      92EED120 
  64      9E3C971E 
  64      C7931B3C 
  64      8A
  65 00a4 EE01A08D 		.ascii	"\356\001\240\215\000q@j\272\3130-\267\007\016h\272\000"
  65      0071406A 
  65      BACB302D 
  65      B7070E68 
  65      BA00
  66 00b6 1B3FE9EC 		.ascii	"\033?\351\354\223) \201\037\223\017\363rA\302\341hg"
  66      93292081 
  66      1F930FF3 
  66      7241C2E1 
  66      6867
  67 00c8 B3B7B403 		.ascii	"\263\267\264\003\031\367\032\373\317\202}\344\331e)"
  67      19F71AFB 
  67      CF827DE4 
  67      D96529
  68 00d7 C47DA9EE 		.ascii	"\304}\251\356\000\037A)\222\332\357\274\367\033h\371"
  68      001F4129 
  68      92DAEFBC 
  68      F71B68F9 
  69 00e7 2070DF7F 		.ascii	" p\337\177f\361\212\367\216\\\226\220O\307\201\306\361"
  69      66F18AF7 
  69      8E5C9690 
  69      4FC781C6 
  69      F1
  70 00f8 66838E52 		.ascii	"f\203\216R\247c\370\237\226\210\277\344\270m\327F\347"
  70      A763F89F 
  70      9688BFE4 
  70      B86DD746 
  70      E7
  71 0109 7BEC3DFA 		.ascii	"{\354=\372\262\324\340$h\250\017>\206\000\234\202\200"
  71      B2D4E024 
  71      68A80F3E 
ARM GAS  /var/folders/_f/jzb7lsz153bclt069nvlpp5r0000gn/T//ccTldrxG.s 			page 5


  71      86009C82 
  71      80
  72 011a 40484027 		.ascii	"@H@'\224 \273\363\355\360!\320\012Y\357\241\277\032"
  72      9420BBF3 
  72      EDF021D0 
  72      0A59EFA1 
  72      BF1A
  73 012c 4EF848D2 		.ascii	"N\370H\322\216.)I\035N\247J\342e>\201\022\242/\204\377"
  73      8E2E2949 
  73      1D4EA74A 
  73      E2653E81 
  73      12A22F84 
  74 0141 FDDE6B84 		.ascii	"\375\336k\204\371f\354-\234\001\003\360\201\357\376"
  74      F966EC2D 
  74      9C0103F0 
  74      81EFFE
  75 0150 F8E0FCBC 		.ascii	"\370\340\374\274\253\250\215T\235FU\341V\373\277D\002"
  75      ABA88D54 
  75      9D4655E1 
  75      56FBBF44 
  75      02
  76 0161 3651E85C 		.ascii	"6Q\350\\\262\013\212\2722\243v\"q|hbP\337\015lD\007"
  76      B20B8ABA 
  76      32A37622 
  76      717C6862 
  76      50DF0D6C 
  77 0177 5A0D2057 		.ascii	"Z\015 WM2m\321\342\306\305\345\301Ezi\347\243]\032\355"
  77      4D326DD1 
  77      E2C6C5E5 
  77      C1457A69 
  77      E7A35D1A 
  78 018c FCB818E9 		.ascii	"\374\270\030\351,\231A\347Lbo\247\327Y\264d\023\226"
  78      2C9941E7 
  78      4C626FA7 
  78      D759B464 
  78      1396
  79 019e 439C1DF4 		.ascii	"C\234\035\364\202\357\222KX\220\315\357$N\036\235\363"
  79      82EF924B 
  79      5890CDEF 
  79      244E1E9D 
  79      F3
  80 01af 695740BB 		.ascii	"iW@\273Bb\027\361\353b\242\227\320\022\342 \2109\274"
  80      426217F1 
  80      EB62A297 
  80      D012E220 
  80      8839BC
  81 01c2 31D6C24D 		.ascii	"1\326\302M)\361\241]\203\332\014\212\311\365\321\221"
  81      29F1A15D 
  81      83DA0C8A 
  81      C9F5D191 
  82 01d2 53DE5D27 		.ascii	"S\336]'\360\336\2553\035\007u\240H;W<\013\273\350\""
  82      F0DEAD33 
  82      1D0775A0 
  82      483B573C 
  82      0BBBE822 
  83 01e6 02A9D1A6 		.ascii	"\002\251\321\246\2614$/\326w\375hj!\216\375\337\261"
  83      B134242F 
ARM GAS  /var/folders/_f/jzb7lsz153bclt069nvlpp5r0000gn/T//ccTldrxG.s 			page 6


  83      D677FD68 
  83      6A218EFD 
  83      DFB1
  84 01f8 F63E3707 		.ascii	"\366>7\007\314~\337n\225\257G\023\211')\\\335\233\205"
  84      CC7EDF6E 
  84      95AF4713 
  84      8927295C 
  84      DD9B85
  85 020b 6B7DF0A1 		.ascii	"k}\360\241\007\2128\366h\344S\314\000\036\343\344!\372"
  85      078A38F6 
  85      68E453CC 
  85      001EE3E4 
  85      21FA
  86 021d A609AC5A 		.ascii	"\246\011\254Z\355\007\250\355]\270YI/\343\322\215\302"
  86      ED07A8ED 
  86      5DB85949 
  86      2FE3D28D 
  86      C2
  87 022e 3FCF5D9D 		.ascii	"?\317]\235\262\250b4\326un\351\330\335\264\026\210\240"
  87      B2A86234 
  87      D6756EE9 
  87      D8DDB416 
  87      88A0
  88 0240 B7665C1A 		.ascii	"\267f\\\032\360\031\031B\374\350\342;\327\267\225=\206"
  88      F0191942 
  88      FCE8E23B 
  88      D7B7953D 
  88      86
  89 0251 818073D0 		.ascii	"\201\200s\320\002\177rEB/\224\011\324\030\253\237\003"
  89      027F7245 
  89      422F9409 
  89      D418AB9F 
  89      03
  90 0262 A5D11397 		.ascii	"\245\321\023\227\200H]\263\241\316^4\202(A\215\007'"
  90      80485DB3 
  90      A1CE5E34 
  90      8228418D 
  90      0727
  91 0274 3405FA10 		.ascii	"4\005\372\020\201\335\201d^\032\363|\244\354\201GA\376"
  91      81DD8164 
  91      5E1AF37C 
  91      A4EC8147 
  91      41FE
  92 0286 64E75CA9 		.ascii	"d\347\\\251\316Y(\003\347\3119\350C\177H\260\261-\213"
  92      CE592803 
  92      E7C939E8 
  92      437F48B0 
  92      B12D8B
  93 0299 24937835 		.ascii	"$\223x5Xr\271\314\365:\334~\344\242j\345\317\265\243"
  93      5872B9CC 
  93      F53ADC7E 
  93      E4A26AE5 
  93      CFB5A3
  94 02ac 3D8EDBE9 		.ascii	"=\216\333\351\3506\024\0070\037r-l\351\0346]`\033SN"
  94      E8361407 
  94      301F722D 
  94      6CE91C36 
ARM GAS  /var/folders/_f/jzb7lsz153bclt069nvlpp5r0000gn/T//ccTldrxG.s 			page 7


  94      5D601B53 
  95 02c1 B19A1866 		.ascii	"\261\232\030f[\275mA%i>\"f\037\376>\362\213\237b\246"
  95      5BBD6D41 
  95      25693E22 
  95      661FFE3E 
  95      F28B9F62 
  96 02d6 C300C70C 		.ascii	"\303\000\307\014(f\203\03434\277(\225\012t\317\204P"
  96      2866831C 
  96      3334BF28 
  96      950A74CF 
  96      8450
  97 02e8 407C07E1 		.ascii	"@|\007\341\311:\377*Fdq\013\320]]\366i\350\216\326\354"
  97      C93AFF2A 
  97      4664710B 
  97      D05D5DF6 
  97      69E88ED6 
  98 02fd 457F5C54 		.ascii	"E\177\\Tb\344A\367\355\247(\321q\231\261\265\264}\276"
  98      62E441F7 
  98      EDA728D1 
  98      7199B1B5 
  98      B47DBE
  99 0310 96B62F54 		.ascii	"\226\266/T\332\206\0320m\254\"\023]P\211\234v\220\355"
  99      DA861A30 
  99      6DAC2213 
  99      5D50899C 
  99      7690ED
 100 0323 08B29B86 		.ascii	"\010\262\233\206:g!D\011\211,\267\273y\276\320\340\332"
 100      3A672144 
 100      09892CB7 
 100      BB79BED0 
 100      E0DA
 101 0335 26600856 		.ascii	"&`\010V\362\310\264lt\007\311\234\307\206\237t\005\346"
 101      F2C8B46C 
 101      7407C99C 
 101      C7869F74 
 101      05E6
 102 0347 6C485D86 		.ascii	"lH]\206\223\216/WS\027$jJ\352\002\314\315v\270QN]\016"
 102      938E2F57 
 102      5317246A 
 102      4AEA02CC 
 102      CD76B851 
 103 035e F7CCB131 		.ascii	"\367\314\2611p\370kM6;\3231\267\307Jj\262al2l\264d\201"
 103      70F86B4D 
 103      363BD331 
 103      B7C74A6A 
 103      B2616C32 
 104 0376 244CF219 		.ascii	"$L\362\031\273\031\212(\357\230^\324\266\334\364\356"
 104      BB198A28 
 104      EF985ED4 
 104      B6DCF4EE 
 105 0386 8C973AAF 		.ascii	"\214\227:\257vv\240\356\262\317\036\267\303\263\211"
 105      7676A0EE 
 105      B2CF1EB7 
 105      C3B389
 106 0395 44DE2663 		.ascii	"D\336&c\323\261q\001\345\207\225\215\024\005\311\255"
 106      D3B17101 
 106      E587958D 
ARM GAS  /var/folders/_f/jzb7lsz153bclt069nvlpp5r0000gn/T//ccTldrxG.s 			page 8


 106      1405C9AD 
 107 03a5 FB30E9AF 		.ascii	"\3730\351\257\034i\2523c\265=\273c\225\353\206\300\354"
 107      1C69AA33 
 107      63B53DBB 
 107      6395EB86 
 107      C0EC
 108 03b7 E0AFA349 		.ascii	"\340\257\243I\256le\016\360}\3117\262\320\345\214\204"
 108      AE6C650E 
 108      F07DC937 
 108      B2D0E58C 
 108      84
 109 03c8 FB125247 		.ascii	"\373\022RG5|M\223\"e\204\214\020\177\224G\310\030\245"
 109      357C4D93 
 109      2265848C 
 109      107F9447 
 109      C818A5
 110 03db 2F37B911 		.ascii	"/7\271\021\335\353\032\021\263\204\021wQ\305\215s\222"
 110      DDEB1A11 
 110      B3841177 
 110      51C58D73 
 110      92
 111 03ec 2E3A098D 		.ascii	".:\011\215\325\337\212<\241\304w\306e\320)\021>\347"
 111      D5DF8A3C 
 111      A1C477C6 
 111      65D02911 
 111      3EE7
 112 03fe A1464457 		.ascii	"\241FDWG\002\203\371\210\254\215\004\206\012\230\227"
 112      470283F9 
 112      88AC8D04 
 112      860A9897 
 113 040e EF8C0486 		.ascii	"\357\214\004\206\0127\230\306\372(p\352\343R\322\030"
 113      0A3798C6 
 113      FA2870EA 
 113      E352D218 
 114 041e 184BAD25 		.ascii	"\030K\255%E\315s\250\227\271\224\012\225\013\261\310"
 114      45CD73A8 
 114      97B9940A 
 114      950BB1C8 
 115 042e 1150EAB1 		.ascii	"\021P\352\261\271\203+S\000\001\012\004\202\234\035"
 115      B9832B53 
 115      00010A04 
 115      829C1D
 116 043d 33690A30 		.ascii	"3i\0120\034\344)p#WI\026\243\265\370k\367\336\360P\210"
 116      1CE42970 
 116      23574916 
 116      A3B5F86B 
 116      F7DEF050 
 117 0452 3C3E0AD1 		.ascii	"<>\012\321\305\245\251>c\325\270N!\232`\343W\310O\354"
 117      C5A5A93E 
 117      63D5B84E 
 117      219A60E3 
 117      57C84FEC 
 118 0466 F509EC75 		.ascii	"\365\011\354u\026\016\242\274\352\365 \326\242\213z"
 118      160EA2BC 
 118      EAF520D6 
 118      A28B7A
 119 0475 BDC838E9 		.ascii	"\275\3108\351F\253\226\323\353C\015\017\"\026\245$."
ARM GAS  /var/folders/_f/jzb7lsz153bclt069nvlpp5r0000gn/T//ccTldrxG.s 			page 9


 119      46AB96D3 
 119      EB430D0F 
 119      2216A524 
 119      2E
 120 0486 4B88CC7E 		.ascii	"K\210\314~c\2472\022B\220\306\007]\235\241G\031\237"
 120      63A73212 
 120      4290C607 
 120      5D9DA147 
 120      199F
 121 0498 E49B87C8 		.ascii	"\344\233\207\310\376L\335\355\267\\\252AC$/\370\242"
 121      FE4CDDED 
 121      B75CAA41 
 121      43242FF8 
 121      A2
 122 04a9 6E312D55 		.ascii	"n1-U\025\336\255q\336\356\330\332\210\273\2726\342\276"
 122      15DEAD71 
 122      DEEED8DA 
 122      88BBBA36 
 122      E2BE
 123 04bb 591971D3 		.ascii	"Y\031q\323\232R\021@-+>\336\360o\322\352\306\303\365"
 123      9A521140 
 123      2D2B3EDE 
 123      F06FD2EA 
 123      C6C3F5
 124 04ce 4EB15EFE 		.ascii	"N\261^\376M\361-\224\241.\366\323C\241\211AM\264\377"
 124      4DF12D94 
 124      A12EF6D3 
 124      43A18941 
 124      4DB4FF
 125 04e1 69F57547 		.ascii	"i\365uG\337\302\200 \022\203\345\345\025\352\357\271"
 125      DFC28020 
 125      1283E5E5 
 125      15EAEFB9 
 126 04f1 CAAA17AB 		.ascii	"\312\252\027\253_z\276b\337\253U\025{\367W\357\257."
 126      5F7ABE62 
 126      DFAB5515 
 126      7BF757EF 
 126      AF2E
 127 0503 AF12B057 		.ascii	"\257\022\260W{\345\345}\360\302\377\202)$\270"
 127      7BE5E57D 
 127      F0C2FF82 
 127      2924B8
 128              		.text
 129              		.section	.gnu.lto_remove_from_q.99010af63bcdf08b,"",%progbits
 130 0000 789C8555 		.ascii	"x\234\205U[O\\U\024\336k\357\231s\346\314\231\001\344"
 130      5B4F5C55 
 130      14DE6BEF 
 130      9973E6CC 
 130      9901E4
 131 0013 5228B716 		.ascii	"R(\267\026\021[\323\000\017>\250\211F\337\364\305\337"
 131      115BD300 
 131      0F3EA889 
 131      46DFF4C5 
 131      DF
 132 0024 A04879A8 		.ascii	"\240Hy\250\232\326\026\232\370\326\003\214\255\022M"
 132      9AD6169A 
 132      F8D6038C 
ARM GAS  /var/folders/_f/jzb7lsz153bclt069nvlpp5r0000gn/T//ccTldrxG.s 			page 10


 132      AD124D
 133 0033 09564529 		.ascii	"\011VE)J\003\325\266(\224\266\\\012\275\014\275\000"
 133      4A03D5B6 
 133      2894B65C 
 133      0ABD0CBD 
 133      00
 134 0044 A5B4A649 		.ascii	"\245\264\246I\005Z\222\201\012\0220\230\320B\230\022"
 134      055A9281 
 134      0A123098 
 134      D0429812 
 135 0054 35E35A6B 		.ascii	"5\343Zk\217d\270X'3{\366^\363}k}\373\333\353\354Qb\375"
 135      8F64B858 
 135      27337BF6 
 135      5EF37D6B 
 135      7DFBDBEB 
 136 006c EB3A7E2E 		.ascii	"\353:~.\232B\274\214\337\020'@V\337\026\242\334#\301"
 136      9A42BC8C 
 136      DF102740 
 136      56DF16A2 
 136      DC23C1
 137 007f D613052E 		.ascii	"\326\023\005.\232\364z\\R}\332/\204\343u\007L\341\370"
 137      9AF47A5C 
 137      527DDA2F 
 137      84E37507 
 137      4CE1F8
 138 0092 DC606880 		.ascii	"\334`h\200\001\246\006\230\322s{\220\000\336+\012\001"
 138      01A60698 
 138      D2737B90 
 138      00DE2B0A 
 138      01
 139 00a3 1E69C52E 		.ascii	"\036i\305.-\235\007\274:q\257\307\226>\235\317\317\371"
 139      2D9D07BC 
 139      3A71AFC7 
 139      963E9DCF 
 139      CFF9
 140 00b5 7C3A0DF8 		.ascii	"|:\015\370\001\350[\2008 \225\313m\230\036\313k\373"
 140      01E85B80 
 140      382095CB 
 140      6D981ECB 
 140      6BFB
 141 00c7 FC70C065 		.ascii	"\374p\300e\013p\360\225\300\262\315\330\205+v1+\037"
 141      0B70F095 
 141      C0B2CDD8 
 141      852B7631 
 141      2B1F
 142 00d9 4AA80E36 		.ascii	"J\250\0166\327\332\333\216cp\376\327\236\323\340\034"
 142      D7DADB8E 
 142      6370FED7 
 142      9ED3E01C 
 143 00e9 797B590A 		.ascii	"y{Y\012\261 \365\236\341\007\330\206\240\223\017\033"
 143      B120F59E 
 143      E107D886 
 143      A0930F1B 
 144 00f9 AA416D05 		.ascii	"\252Am\005\201\363\363-\213\267\354\031\271,a+-\273"
 144      81F3F32D 
 144      8BB7EC19 
 144      B92C612B 
ARM GAS  /var/folders/_f/jzb7lsz153bclt069nvlpp5r0000gn/T//ccTldrxG.s 			page 11


 144      2DBB
 145 010b 6B066A0D 		.ascii	"k\006j\015ZJ\027-\207'\007\317Yy\215\216S\021\274\177"
 145      5A4A172D 
 145      872707CF 
 145      59798D8E 
 145      5311BC7F 
 146 011f C679CDB5 		.ascii	"\306y\315\265,\025\234\000\205\371\340$\244\303)H\027"
 146      2C159C00 
 146      85F9E024 
 146      A4C32948 
 146      17
 147 0130 1812D00C 		.ascii	"\030\022\320\014y\210n\232\371\352wP;8o\340\257\372"
 147      79886E9A 
 147      F9EA7750 
 147      3B386FE0 
 147      AFFA
 148 0142 BA38664E 		.ascii	"\2728fN\214O\216\370\2347\226\245\013~\\K\305\015\374"
 148      8C4F8EF8 
 148      9C3796A5 
 148      0B7E5C4B 
 148      C50DFC
 149 0155 C4D4DEF9 		.ascii	"\304\324\336\371\371\256x\225\317\324\252\351\246\271"
 149      F9AE7895 
 149      CFD4AAE9 
 149      A6B9
 150 0163 78A23A13 		.ascii	"x\242:\0233W\207\231\352\206\226\265T\267\200V\246V"
 150      33578799 
 150      EA8696B5 
 150      54B78056 
 150      A656
 151 0175 471EE4AA 		.ascii	"G\036\344\252\347\23195\334>g0\263a\266\321`\336\351"
 151      E7993935 
 151      DC3E6730 
 151      B361B6D1 
 151      60DEE9
 152 0188 0D786D90 		.ascii	"\015xm\220G\350\207\201\277Gl#\300\006\262Cp\006\014"
 152      47E88781 
 152      BF476C23 
 152      C006B243 
 152      70060C
 153 019b C0EFD6C4 		.ascii	"\300\357\326\304\240\023\2114\266\036\275\354z\032\030"
 153      A0138934 
 153      B61EBDEC 
 153      7A1A18
 154 01aa 2E79545C 		.ascii	".yT\\\322\000\032M\240\210\005\244\337K&\3308H\037\315"
 154      D2001A4D 
 154      A08805A4 
 154      DF4B26D8 
 154      38481FCD 
 155 01be FC381871 		.ascii	"\3748\030q@\246\304\3234\201\311\211<&q\212d\202\245"
 155      40A6C4D3 
 155      3481C989 
 155      3C26718A 
 155      6482A5
 156 01d1 F07413D1 		.ascii	"\360t\023\321Ri\235F\263\3154#\231F\006\377\234I\212"
 156      52699D46 
 156      B3CD3423 
ARM GAS  /var/folders/_f/jzb7lsz153bclt069nvlpp5r0000gn/T//ccTldrxG.s 			page 12


 156      994606FF 
 156      9C498A
 157 01e4 B368C8A6 		.ascii	"\263h\310\246!\207\203BL\241\\K\374&\245\260\3240T<"
 157      21878342 
 157      4CA15C4B 
 157      FC26A5B0 
 157      D430543C 
 158 01f8 45DBB9D7 		.ascii	"E\333\271\327w\355\224\275\375{\332\374\350\361\203"
 158      77ED94BD 
 158      FD7BDAFC 
 158      E8F183
 159 0207 2E2077A3 		.ascii	". w\243\307~\026\266\223N\201\320\340H\277\037\301\213"
 159      C77E16B6 
 159      934E81D0 
 159      E048BF1F 
 159      C18B
 160 0219 875AC74C 		.ascii	"\207Z\307L\365\002\273\366g\250\251\313\312=F\235\364"
 160      F502BBF6 
 160      67A8A9CB 
 160      CA3D469D 
 160      F4
 161 022a B5D3203F 		.ascii	"\265\323 ?\016F\"\257\222u\347V[\247_\253}\203v\310"
 161      0E4622AF 
 161      9275E756 
 161      5BA75FAB 
 161      7D8376C8 
 162 023e 65DBB048 		.ascii	"e\333\260H\007\232\207\313\260\304\005JS\002\273\\\335"
 162      079A87CB 
 162      B0C4054A 
 162      5302BB5C 
 162      DD
 163 024f 878A8EB6 		.ascii	"\207\212\216\266P\321\252*\023=\223}>g\300\011LD\"["
 163      50D1AA2A 
 163      133D937D 
 163      3E67C009 
 163      4C44225B 
 164 0263 9E5468F9 		.ascii	"\236Th\371\213/Gm\242TLtW\336\214\241\254\353\244\015"
 164      8B2F476D 
 164      A2544C74 
 164      57DE8CA1 
 164      ACEBA40D 
 165 0277 28B17BF9 		.ascii	"(\261{\371o|\363\341\300g\240^b\037\346\276\351\234"
 165      6F7CF3E1 
 165      C067A05E 
 165      621FE6BE 
 165      E99C
 166 0289 75B3C286 		.ascii	"u\263\302\206P\243\021\243\257\373\177\215\010\216\365"
 166      50A311A3 
 166      AFFB7F8D 
 166      088EF5
 167 0298 2BE8825C 		.ascii	"+\350\202\\8\217\237\036\362\004\335X\220\260\266\315"
 167      388F9F1E 
 167      F204DD58 
 167      90B0B6CD 
 168 02a8 E00259B5 		.ascii	"\340\002Y\265\306\303N\302_d\017/\201\021\226\311\370"
 168      C6C34EC2 
 168      5F640F2F 
ARM GAS  /var/folders/_f/jzb7lsz153bclt069nvlpp5r0000gn/T//ccTldrxG.s 			page 13


 168      811196C9 
 168      F8
 169 02b9 FBF8D4CF 		.ascii	"\373\370\324\317w<\364\034\232\014o\177\374\335\037"
 169      773CF41C 
 169      9A0C6F7F 
 169      FCDD1F
 170 02c8 FE7AA82B 		.ascii	"\376z\250+w\034\0176HXZp\231\224@\020\352A\240\311\241"
 170      771C0F36 
 170      48585A70 
 170      99944010 
 170      EA41A0C9 
 171 02dd 43D3752F 		.ascii	"C\323u/j\372\246\260L\301Pe\255\241\327\251\230\021"
 171      6AFAA6B0 
 171      4CC15065 
 171      ADA1D7A9 
 171      9811
 172 02ef A314AA39 		.ascii	"\243\024\25298\244t0\015#\360\\z,n3\343\322(\333\222"
 172      38A47430 
 172      0D23F05C 
 172      7A2C6E33 
 172      E3D228DB 
 173 0304 5787D263 		.ascii	"W\207\322c\225\250\015\224x\220\006\275\254\344JTI\315"
 173      95A80D94 
 173      789006BD 
 173      ACE44A54 
 173      49CD
 174 0316 B164226F 		.ascii	"\261d\"o\004M\215B\257\"\024\223kE\241\272#\240\253"
 174      044D8D42 
 174      AF221493 
 174      6B45A1BA 
 174      23A0AB
 175 0329 65A07078 		.ascii	"e\240px&\035\273TR\200|\301 7\223K\340\335\010\330\276"
 175      261DBB54 
 175      52807CC1 
 175      2037934B 
 175      E0DD08D8 
 176 033e 68218769 		.ascii	"h!\207i\207\025\035\017253\023\253\205?\232\377\304"
 176      87151D0F 
 176      32353313 
 176      AB853F9A 
 176      FFC4
 177 0350 4B3A2D1F 		.ascii	"K:-\037\351\274\361\370N\227\261R\334M\216]\343\342"
 177      E9BCF1F8 
 177      4E97B152 
 177      DC4D8E5D 
 177      E3E2
 178 0362 D749E72F 		.ascii	"\327I\347/\020\030\252\214\323\344\024\344\323\201N"
 178      1018AA8C 
 178      D3E414E4 
 178      D3814E
 179 0371 03CE722C 		.ascii	"\003\316r,T\226\241N\320\303\345\026\001\223\032\370"
 179      5496A14E 
 179      D0C3E516 
 179      01931AF8 
 180 0381 52D5529D 		.ascii	"R\325R\235\207\016(,\263\010\313\262\357\202\216dc\020"
 180      870E282C 
 180      B308CBB2 
ARM GAS  /var/folders/_f/jzb7lsz153bclt069nvlpp5r0000gn/T//ccTldrxG.s 			page 14


 180      EF828E64 
 180      6310
 181 0393 9E4DE79D 		.ascii	"\236M\347\235s\350I\265\373x\343\331\274%Cg\307T\217"
 181      73E849B5 
 181      FB78E3D9 
 181      BC254367 
 181      C7548F
 182 03a6 B2A95BC2 		.ascii	"\262\251[\30221,\201R\321\376\351a\302\353\002\203\014"
 182      32312C81 
 182      52D1FEE9 
 182      61C2EB02 
 182      830C
 183 03b8 36C59819 		.ascii	"6\305\230\031\335>G\331\351\216\266\245^\245\251\336"
 183      DD3E47D9 
 183      E98EB6A5 
 183      5EA5A9DE 
 184 03c8 D88372AD 		.ascii	"\330\203r\255:(\274\007\274\244\240\237\024`\374\350"
 184      3A28BC07 
 184      BCA4A09F 
 184      1460FCE8 
 185 03d8 E2E7F7E2 		.ascii	"\342\347\367\342\363w\320M>\200r\036\361_\003\334\200"
 185      F377D04D 
 185      3E80721E 
 185      F15F03DC 
 185      80
 186 03e9 7CDD4677 		.ascii	"|\335Fw\245\316h\207\361\300uw\360\332\027\2464v\264"
 186      A5CE6887 
 186      F1C07577 
 186      F0DA17A6 
 186      3476B4
 187 03fc 3B38E45F 		.ascii	";8\344_]\005\017\330\027=\340\301h/,U\015E\005\306\257"
 187      5D050FD8 
 187      173DE0C1 
 187      682F2C55 
 187      0D4505C6 
 188 0411 C3C645B1 		.ascii	"\303\306E\2617\243\3471Z\371n4-\242\365y\240W\011>\034"
 188      37A3E731 
 188      5AF96E34 
 188      2DA2F579 
 188      A057093E 
 189 0426 128DA957 		.ascii	"\022\215\251W\320\004\217h1\025\"oU\236=\374\246\306"
 189      D0048F68 
 189      3115226F 
 189      559E3DFC 
 189      A6C6
 190 0438 2AB242B0 		.ascii	"*\262B\260E\026\371\211\244\034\214z.t\276\217!\257"
 190      4516F989 
 190      A41C8C7A 
 190      2E74BE8F 
 190      21AF
 191 044a 1811DAE2 		.ascii	"\030\021\332\342\320\267x8\314H\302\237\377m\262\225"
 191      D0B77838 
 191      CC48C29F 
 191      FF6DB295 
 192 045a 1B2B8933 		.ascii	"\033+\2113\330b\\(m2G\225\210q\\\012\256\034\267RWj"
 192      D8625C28 
 192      6D324795 
ARM GAS  /var/folders/_f/jzb7lsz153bclt069nvlpp5r0000gn/T//ccTldrxG.s 			page 15


 192      88715C0A 
 192      AE1CB752 
 193 0470 8D322C4D 		.ascii	"\2152,Ml>\211\377\357\323\200aCv\341\230\344\255\245"
 193      6C3E89FF 
 193      EFD38061 
 193      4376E198 
 193      E4ADA5
 194 0483 0EF29100 		.ascii	"\016\362\221\000\004% \334\006\014\370\361\276\016A"
 194      042520DC 
 194      060CF8F1 
 194      BE0E41
 195 0492 7970E175 		.ascii	"yp\341u}i\322M\016\302\302\\Y\005\005\205\372\375NQ"
 195      7D69D24D 
 195      0EC2C25C 
 195      59050585 
 195      FAFD4E51 
 196 04a6 F17B25BB 		.ascii	"\361{%\273w\026\226\356+.\334\273\277d\177IA\261\360"
 196      771696EE 
 196      2B2EDCBB 
 196      BF647F49 
 196      41B1F0
 197 04b9 16EFD95D 		.ascii	"\026\357\331]V\362a\331[\273v\302^wiY\321\2762\205\030"
 197      56F261D9 
 197      5BBB76C2 
 197      5E776959 
 197      D1BE3285 
 198 04ce D8A53ED8 		.ascii	"\330\245>\330S\372\017\361\274\251\326"
 198      53FA0FF1 
 198      BCA9D6
 199              		.text
 200              		.section	.gnu.lto_q_remove.part.3.99010af63bcdf08b,"",%progbits
 201 0000 789C8D54 		.ascii	"x\234\215T[OTW\024^k\357s?g\006\343\203\017\22365\""
 201      5B4F5457 
 201      145E6BEF 
 201      733F6706 
 201      E3830F93 
 202 0017 315E8017 		.ascii	"1^\200\027\337|\351c\377\205i\201\007\323\004\343-\361"
 202      DF7CE963 
 202      FF856981 
 202      07D304E3 
 202      2DF1
 203 0029 C5B061C6 		.ascii	"\305\260a\306Kxh\014MS/\245^\012A\213e\274+^p\000\023"
 203      4B78680C 
 203      4D532FA5 
 203      5E0A418B 
 203      65BC2B5E 
 204 0040 F106F18E 		.ascii	"\361\006\361\216\226R\265\320\212M\023\021\332a\202"
 204      9652B5D0 
 204      8A4D1311 
 204      DA6182
 205 004f 665C6BEF 		.ascii	"f\\k\357\323\202-i8\231\331\227\265\327\367\255o\255"
 205      D3822D69 
 205      3899D997 
 205      B5D7F7AD 
 205      6FAD
 206 0061 B5CF91F0 		.ascii	"\265\317\221\360\337\247\215\376{m\200\012\2321\001"
 206      DFA78DFE 
ARM GAS  /var/folders/_f/jzb7lsz153bclt069nvlpp5r0000gn/T//ccTldrxG.s 			page 16


 206      7B6D800A 
 206      9A3101
 207 0070 18EDEEA7 		.ascii	"\030\355\356\247E\204B\317\002}\236\353=)\254c\002T"
 207      458442CF 
 207      027D9EEB 
 207      3D29AC63 
 207      0254
 208 0082 608FDC04 		.ascii	"`\217\334\004P\221\205\241\261\333\350\360\242\333s"
 208      509185A1 
 208      B1DBE8F0 
 208      A2DB73
 209 0091 84AB8F02 		.ascii	"\204\253\217\002\217\375\"W\310\331[\317\360t{\276\010"
 209      8FFD2257 
 209      C8D95BCF 
 209      F0747BBE 
 209      08
 210 00a2 FA6FB03D 		.ascii	"\372o\260=\354\221d\017\014\034CD\236\001\241.\022\322"
 210      EC91640F 
 210      0C1C4344 
 210      9E01A12E 
 210      12D2
 211 00b4 B21DD7F3 		.ascii	"\262\035\327\363\203\020\353\244\017\250\350Y\240\265"
 211      8310EBA4 
 211      0FA8E859 
 211      A0B5
 212 00c2 3A46F298 		.ascii	":F\362\230\030\027\330\3311y;|!\012\002\026\003m/4\365"
 212      1817D8D9 
 212      31793B7C 
 212      210A0216 
 212      036D2F34 
 213 00d7 ED71788B 		.ascii	"\355qx\213\026o\247[_\2159\313Z\011\371\352\356\225"
 213      166FA75B 
 213      5F8D39CB 
 213      5A09F9EA 
 213      EE95
 214 00e9 FBD1F64F 		.ascii	"\373\321\366O\012B\300\204\000l\303\024\036\301\024"
 214      0A42C084 
 214      006CC314 
 214      1EC114
 215 00f8 873A8ACB 		.ascii	"\207:\212\313\310\263\345\305\327/Q.FFe\3364\357O\226"
 215      C8B3E5C5 
 215      D72F512E 
 215      464665DE 
 215      34EF4F96 
 216 010c 7DA75443 		.ascii	"}\247TC.{R}l\025\204\304\357Q\316\306\221\011\260\035"
 216      2E7B527D 
 216      6C1584C4 
 216      EF51CEC6 
 216      9109B01D 
 217 0120 CBC8FBE8 		.ascii	"\313\310\373\350\370\301\335(\227h\344\303_n\234\366"
 217      F8C1DD28 
 217      9768E4C3 
 217      5F6E9CF6 
 218 0130 0DB2CF20 		.ascii	"\015\262\317 -<\366o\244\005\370\003\226\261\373x\346"
 218      2D3CF66F 
 218      A405F803 
 218      96B1FB78 
ARM GAS  /var/folders/_f/jzb7lsz153bclt069nvlpp5r0000gn/T//ccTldrxG.s 			page 17


 218      E6
 219 0141 EDA3D0C9 		.ascii	"\355\243\320\311\350\304\310\207\304t\240\203\000\234"
 219      E8C4C887 
 219      C474A083 
 219      009C
 220 014f 58F6D440 		.ascii	"X\366\324@\213(=\244Tc\356\317\236\206H\325O\025\213"
 220      8B283DA4 
 220      5463EECF 
 220      9E8648D5 
 220      4F158B
 221 0162 6E41D85A 		.ascii	"nA\330Z\376\252\024.O\305\235\303,\226\222\377\344\316"
 221      FEAA142E 
 221      4FC59DC3 
 221      2C9692FF 
 221      E4CE
 222 0174 EC8FAE2C 		.ascii	"\354\217\256,\3272\246\207[\316\373\214UO;[\257E\252"
 222      D732A687 
 222      5BCEFB8C 
 222      554F3B5B 
 222      AF45AA
 223 0187 4F659E16 		.ascii	"Oe\236\026\213\037Q\362x\374}51\305\011,\315.T\252X"
 223      8B1F51F2 
 223      78FC7D35 
 223      31C5092C 
 223      CD2E54AA 
 224 019c FC6DB06C 		.ascii	"\374m\260l\021\"g&\264U\222^\022L\203\315\203\203,\335"
 224      11226726 
 224      B455925E 
 224      124C83CD 
 224      83832CDD 
 225 01b0 D5471EA7 		.ascii	"\325G\036\247\342\323\200\001\257B\032\234\210\207\004"
 225      E2D38001 
 225      AF421A9C 
 225      888704
 226 01bf 7B26B54F 		.ascii	"{&\265O\011/\001F\350\337+h\212h\222\243d\242\351\011"
 226      092F0146 
 226      E8DF2B68 
 226      8A6892A3 
 226      64A2E909 
 227 01d3 369C1D1F 		.ascii	"6\234\035\037\272+\337\257\003\243t\031H\325It\362\202"
 227      BA2BDFAF 
 227      03A37419 
 227      48D54974 
 227      F282
 228 01e5 6BF1F3C8 		.ascii	"k\361\363\310\300\035\217\273*\201\323;3u\340\217D3"
 228      C01D8FBB 
 228      2A81D33B 
 228      3375E08F 
 228      4433
 229 01f7 EEAF57CA 		.ascii	"\356\257W\312+\0107/\020Oq.tt\370\367\253\317\223\345"
 229      2B08372F 
 229      104F712E 
 229      7474F8F7 
 229      ABCF93E5 
 230 020b EDC4945B 		.ascii	"\355\304\224[\301\351\236\306f|-t\216g\260\034\036b"
 230      C1E99EC6 
 230      667C2D74 
ARM GAS  /var/folders/_f/jzb7lsz153bclt069nvlpp5r0000gn/T//ccTldrxG.s 			page 18


 230      8E67B01C 
 230      1E62
 231 021d 835AC3BC 		.ascii	"\203Z\303\274\034&\317\322`\224H\273\257\203\226sgX"
 231      1C26CFD2 
 231      609448BB 
 231      AF839673 
 231      6758
 232 022f 98A0723E 		.ascii	"\230\240r>QVr\200\2633\001\316Q\000fy\366\201!\261\346"
 232      51567280 
 232      B33301CE 
 232      51006679 
 232      F68121B1 
 233 0244 4D725E93 		.ascii	"Mr^\223 \223t\022\311\003\314\334N\327\306J\210G\367"
 233      20937412 
 233      C903CCDC 
 233      4ED7C64A 
 233      8847F7
 234 0257 6894E67D 		.ascii	"h\224\346}\272j]\215\257W\232C\233\017\207\320\345\035"
 234      BA6A5D8D 
 234      AF579A43 
 234      9B0F87D0 
 234      E51D
 235 0269 537E7BEF 		.ascii	"S~{\357\213\016\261mZ\355\342`\336\0043\342\005\334"
 235      8B0EB16D 
 235      5AEDE260 
 235      DE0433E2 
 235      05DC
 236 027b 067941CE 		.ascii	"\006yA\316\230\347\370vA\370\232\315\206\266k \207p"
 236      98E7F876 
 236      41F89ACD 
 236      86B66B20 
 236      8770
 237 028d 7BEEAB9B 		.ascii	"{\356\253\233\321\234\004\301\004\027\010/j\002F\027"
 237      D19C04C1 
 237      0417082F 
 237      6A024617 
 238 029d 44A8A10E 		.ascii	"D\250\241\016\320Kj\372\367\323si\244x\377\237\3547"
 238      D04B6AFA 
 238      F7D37369 
 238      A478FF9F 
 238      EC37
 239 02af 935F3E2E 		.ascii	"\223_>.\341d-\274\244\223\325\267\375\262\251\330\360"
 239      E1642DBC 
 239      A493D5B7 
 239      FDB2A9D8 
 239      F0
 240 02c0 CE91B8EE 		.ascii	"\316\221\270\356>E!Kz\217c\366\001\021\223\225\235\376"
 240      3E45214B 
 240      7A8F63F6 
 240      01119395 
 240      9DFE
 241 02d2 0A8C299C 		.ascii	"\012\214)\234}\037\2549\356CD0\354\342\270x\205Bil\343"
 241      7D1FAC39 
 241      EE434430 
 241      ECE2B878 
 241      8542696C 
 242 02e7 502C339A 		.ascii	"P,3\232\313\335\211\335s\354N\305\037Lo\214c\021 .\276"
ARM GAS  /var/folders/_f/jzb7lsz153bclt069nvlpp5r0000gn/T//ccTldrxG.s 			page 19


 242      CBDD89DD 
 242      73EC4EC5 
 242      1F4C6F8C 
 242      6311202E 
 243 02fc 0BF41DD3 		.ascii	"\013\364\035\3239?[m\016\023\363no\267\316Xr\306=\246"
 243      393F5B6D 
 243      0E13F36E 
 243      6FB7CE58 
 243      72C63DA6 
 244 0310 BDB7D25D 		.ascii	"\275\267\322]q\306\204I\304!<\030\260(B\272iG\177\373"
 244      71C68449 
 244      C4213C18 
 244      B02842BA 
 244      69477FFB 
 245 0324 7D34C749 		.ascii	"}4\307I\362\300\245)\272\270b\346\332&\265\273\017M"
 245      F2C0A529 
 245      BAB862E6 
 245      DA26B5BB 
 245      0F4D
 246 0336 AEA40BBD 		.ascii	"\256\244\013\275\000\214\3255\227o\251\001\226\314["
 246      008CD535 
 246      976FA901 
 246      96CC5B
 247 0345 5DEF8CBA 		.ascii	"]\357\214\272\253\177\253[\364\217\270\022\326\366+"
 247      AB7FAB5B 
 247      F48FB812 
 247      D6F62B
 248 0354 D24A8841 		.ascii	"\322J\210A\272\214I\357H\202^\344\000\306\034z\221C"
 248      BA8C49EF 
 248      48825EE4 
 248      00C61C7A 
 248      9143
 249 0366 7E9187B1 		.ascii	"~\221\207\261\336|\227\251\213\264\247\316~XQQi~\237"
 249      DE7C97A9 
 249      8BB4A7CE 
 249      7E585151 
 249      697E9F
 250 0379 7D5AF579 		.ascii	"}Z\365yMmu\345\246\215U\225\033\266\324l\251\251\250"
 250      4D6D75E5 
 250      A68D5595 
 250      1BB6D46C 
 250      A9A9A8
 251 038c 02DC1054 		.ascii	"\002\334\020T\255\257\335\\\263u\363\332u\325\270\356"
 251      ADAFDD5C 
 251      B375F3DA 
 251      75D5B8EE 
 252 039c 1DD0C1FB 		.ascii	"\035\320\301\373\\"
 252      5C
 253              		.text
 254              		.section	.gnu.lto_q_remove.99010af63bcdf08b,"",%progbits
 255 0000 789C8D53 		.ascii	"x\234\215S\333K\024Q\030?\337\231\253;[m\201\021B\""
 255      DB4B1451 
 255      183FDF99 
 255      AB3B5B6D 
 255      81114222 
 256 0014 992994EE 		.ascii	"\231)\224\356k\217>F\377D\324\272A\004\206\246\320\213"
 256      6B8F3E46 
ARM GAS  /var/folders/_f/jzb7lsz153bclt069nvlpp5r0000gn/T//ccTldrxG.s 			page 20


 256      FF44D4BA 
 256      410486A6 
 256      D08B
 257 0026 ECACBB56 		.ascii	"\354\254\273V\017R\262\320\015\263\314\262\322R\323"
 257      0F52B2D0 
 257      0DB3CCB2 
 257      D252D3
 258 0035 D4D22C37 		.ascii	"\324\322,7\022\223\302$S\333\264\213\227]\320\"p\333"
 258      1293C224 
 258      53DBB48B 
 258      975DD022 
 258      70DB
 259 0047 4817B3ED 		.ascii	"H\027\263\355\373f\306\264\262p\33193\347\234\357w\371"
 259      FB66C6B4 
 259      B270D939 
 259      33E79CEF 
 259      77F9
 260 0059 7E674660 		.ascii	"~gF`\177\377\016\342U.2\266\013\357\220\304\200W\274"
 260      7FFF0EE2 
 260      552E32B6 
 260      0BEF90C4 
 260      8057BC
 261 006c 60CCAB72 		.ascii	"`\314\253r\256v\2452\335&\0149\231n\027\270h\314$c&"
 261      AE76A532 
 261      DD260C39 
 261      996E17B8 
 261      68CC2463 
 262 0081 826A1649 		.ascii	"\202j\026I\\\236M\306e\245z7.\313\240\230\313\212\271"
 262      5C9E4DC6 
 262      65A57A37 
 262      2ECBA098 
 262      CB8AB9
 263 0094 0F2A00DD 		.ascii	"\017*\000\335\0310\017\027DIVT\360\010\036\317\014\217"
 263      19300F17 
 263      44495654 
 263      F0081ECF 
 263      0C8F
 264 00a6 72E868FC 		.ascii	"r\350h\374\332\257M\3638gi\014\247\235\201\276\3632"
 264      DAAF4DF3 
 264      3867690C 
 264      A79D81BE 
 264      F332
 265 00b8 4D41A4E9 		.ascii	"MA\244\351B\355\354\214\234Y\253\353\372\354`\367\220"
 265      42EDEC8C 
 265      9C59ABEB 
 265      FAEC60F7 
 265      90
 266 00c9 BD6C4F9C 		.ascii	"\275lO\234s\026\343\014n@\012\334\204\024\"\255\203"
 266      7316E30C 
 266      6E400ADC 
 266      841422AD 
 266      83
 267 00da 4CACBC36 		.ascii	"L\254\2746}\356#\010i@(\377\367\252\312\365\031Wu\275"
 267      7DEE2308 
 267      694028FF 
 267      F7AACAF5 
 267      195775BD 
ARM GAS  /var/folders/_f/jzb7lsz153bclt069nvlpp5r0000gn/T//ccTldrxG.s 			page 21


 268 00ee 34D8D4A2 		.ascii	"4\330\324\242\347\212q.@=\010+q\270\304\340\026d`u]"
 268      E78A712E 
 268      403D082B 
 268      71B8C4E0 
 268      16646075 
 269 0103 B4BA0284 		.ascii	"\264\272\002\204m\006rd\352Yk\222\211\3543\221\"\334"
 269      6D067264 
 269      EA596B92 
 269      89EC3391 
 269      22DC
 270 0115 FE132932 		.ascii	"\376\023)2h\200\014*\217\372\027_k\262\037\3559\310"
 270      68800C2A 
 270      8FFA175F 
 270      6BB21FED 
 270      39C8
 271 0127 159A6904 		.ascii	"\025\232i\004\031\360\336\264)\250'\022S\015\345c\242"
 271      19F0DEB4 
 271      29A82712 
 271      530DE563 
 271      A2
 272 0138 43001212 		.ascii	"C\000\022\022\021\310%\032d\032\024 \016\033=j4\330"
 272      11C8251A 
 272      641A1420 
 272      0E1B3D6A 
 272      34D8
 273 014a 69602C8C 		.ascii	"i`,\214WDf\021|\216\310\302\010\224n$\2317\275=\365"
 273      57446611 
 273      7C8EC8C2 
 273      08946E24 
 273      9937BD3D 
 274 015f 5AD67594 		.ascii	"Z\326u\224\321/TP7\326\221A\023d\0217\033\205\322o{"
 274      D12F5450 
 274      37D69141 
 274      13641137 
 274      1B85D26F 
 275 0174 D91C17B1 		.ascii	"\331\034\027\261\370\371\344|\314N\011J\016\302\216"
 275      F8F9E47C 
 275      CC4E094A 
 275      0EC28E
 276 0183 8EB678B5 		.ascii	"\216\266x\265*\250\364\352\372\370\342\224\206*s\230"
 276      2AA8F4EA 
 276      FAF8E294 
 276      862A7398 
 277 0193 C61D8A0E 		.ascii	"\306\035\212\016\232\241\012\030\212\004\023O\005r\376"
 277      9AA10A18 
 277      8A04134F 
 277      0572FE
 278 01a2 9BD478A8 		.ascii	"\233\324x\2506\234\253\256\020kA1\024$\200\301\034?"
 278      369CABAE 
 278      106B4131 
 278      142480C1 
 278      1C3F
 279 01b4 7336A4A5 		.ascii	"s6\244\245_\301\254\306\337\205\362\202\376j\375G\""
 279      5FC1ACC6 
 279      DF85F282 
 279      FE6AFD47 
 279      22
ARM GAS  /var/folders/_f/jzb7lsz153bclt069nvlpp5r0000gn/T//ccTldrxG.s 			page 22


 280 01c5 01AB646D 		.ascii	"\001\253dm\341\357B:q\260a\360\207|\211\3232)\242eH"
 280      E1EF423A 
 280      71B061F0 
 280      877C89D3 
 280      3229A265 
 281 01da 372B22A8 		.ascii	"7+\"\250\024\020\005l\245\275\271\267\320\334\224P\346"
 281      1410056C 
 281      A5BDB9B7 
 281      D0DC9450 
 281      E6
 282 01eb 4378E0A5 		.ascii	"Cx\340\245J\375\240\021\234\266\315_\376\274\016\373"
 282      4AFDA011 
 282      9CB6CD5F 
 282      FEBC0EFB 
 283 01fb 4121993A 		.ascii	"A!\231:i%\001\\\257\371\3243\271>{'\366\007m\330\326"
 283      6925015C 
 283      AFF9D433 
 283      B93E7B27 
 283      F6076DD8 
 284 0210 176E68B6 		.ascii	"\027nh\266C6\205\323>\221l\022\312kc\270g0\320A\302"
 284      433685D3 
 284      3E916C12 
 284      CA6B63B8 
 284      6730D041 
 285 0225 7D6440C7 		.ascii	"}d@\307\375\276\315\226%$\261\374\212l\000\204\267p"
 285      FDBECD96 
 285      2524B1FC 
 285      8A6C0084 
 285      B770
 286 0237 2278D146 		.ascii	"\"x\321F{\304q\351\325\251F^\262\240\237\32419%F\024"
 286      7BC471E9 
 286      D5A9465E 
 286      B2A09FD4 
 286      31392546 
 287 024c D0012578 		.ascii	"\320\001%x4\012J\231\3508W\015\270\304\236p\003>\370"
 287      340A4A99 
 287      E838570D 
 287      B8C49E70 
 287      033EF8
 288 025f 5F78E72F 		.ascii	"_x\347/8&e\301\251\245\350p@0-\331\326\326\324\203\345"
 288      382665C1 
 288      A9A5E870 
 288      40302DD9 
 288      D6D6D483 
 289 0274 A6BACCA6 		.ascii	"\246\272\314\246B\276T\213\001v,\035\202\314\306\230"
 289      42BE548B 
 289      01762C1D 
 289      82CCC698 
 290 0284 79082335 		.ascii	"y\010#5\222\271\253\255\215\377\241\301o|\005\217\214"
 290      92B9ABAD 
 290      8DFFA1C1 
 290      6F7C058F 
 290      8C
 291 0295 D87D81E3 		.ascii	"\330}\201\343a\313\242\035YH\003\211\003\023\033\254"
 291      61CBA21D 
 291      59480389 
 291      03131BAC 
ARM GAS  /var/folders/_f/jzb7lsz153bclt069nvlpp5r0000gn/T//ccTldrxG.s 			page 23


 292 02a5 776D8913 		.ascii	"wm\211\023_\315\340\226\177\363v/\373\016B6r\031>\025"
 292      5FCDE096 
 292      7FF3762F 
 292      FB0E4236 
 292      72193E15 
 293 02b9 33BD32C7 		.ascii	"3\2752\307\252\331%\305\310\010<6\262\303\334\2258\267"
 293      AAD925C5 
 293      C8083C36 
 293      B2C3DC95 
 293      38B7
 294 02cb 193095BE 		.ascii	"\0310\225\276\253\367\340u0\330N-\207\2218\"c\355\326"
 294      ABF7E075 
 294      30D84E2D 
 294      87913822 
 294      63EDD6
 295 02de 9C1CA7F9 		.ascii	"\234\034\247\371?\260\337u\330\235\237\347<Z\350r\026"
 295      3FB0DF75 
 295      D89D9FE7 
 295      3C5AE872 
 295      16
 296 02ef 14BB8BDD 		.ascii	"\024\273\213\3359.\006\0056\327\221\374\"\367\261\242"
 296      392E0605 
 296      36D791FC 
 296      22F7B1A2 
 297 02ff 7D87F27E 		.ascii	"}\207\362~\002\263H\233\023"
 297      02B3489B 
 297      13
 298              		.text
 299              		.section	.gnu.lto_q_init.99010af63bcdf08b,"",%progbits
 300 0000 789C9D52 		.ascii	"x\234\235RKOSA\024\2363s\357-\322\362\210\013\0277>"
 300      4B4F5341 
 300      149E3373 
 300      EF2DD2F2 
 300      880B1737 
 301 0015 88082C0C 		.ascii	"\210\010,\014%\272r\351Op\341\236\010\\\023\242\220"
 301      25BA72E9 
 301      4F70E19E 
 301      085C13A2 
 301      90
 302 0026 F05AE886 		.ascii	"\360Z\350\206[h4&,\010$JD\202\025\012\202R\020\004\005"
 302      5B683426 
 302      2C08244A 
 302      4482150A 
 302      82521004 
 303 003b 7C746122 		.ascii	"|ta\"\215\342+\021\324\005()\204\207&\005\033\241\021"
 303      8DE22B11 
 303      D4052829 
 303      84872605 
 303      1BA111
 304 004e A9E7CC54 		.ascii	"\251\347\314T\202\250\211:\351\315\3343\375\276\357"
 304      82A8893A 
 304      E9CDDC33 
 304      FDBEEF
 305 005d 7EE73B23 		.ascii	"~\347;#\330\257\3538>{5\306\216\340\016\016\006\274"
 305      D8AFEB38 
 305      3E7B35C6 
 305      8EE00E0E 
ARM GAS  /var/folders/_f/jzb7lsz153bclt069nvlpp5r0000gn/T//ccTldrxG.s 			page 24


 305      06BC
 306 006f FE19639E 		.ascii	"\376\031c\236$\316\215\020cv\262x<\216\233K$JM\225\032"
 306      24CE8D10 
 306      6376B278 
 306      3C8E9B4B 
 306      244A4D95 
 307 0084 37EA0596 		.ascii	"7\352\005\226\272\375\204J\035\014\3052\000\350\205"
 307      BAFD844A 
 307      1D0CC532 
 307      00E885
 308 0093 01ABE642 		.ascii	"\001\253\346B\323\015\250\206\005\276\314a8\020\035"
 308      D30DA886 
 308      05BECC61 
 308      38101D
 309 00a2 77CEF318 		.ascii	"w\316\363\030g\031\014\313\221\206\261&\203J\320\250"
 309      67190CCB 
 309      9186B126 
 309      834AD0A8 
 310 00b2 FCEA8F2C 		.ascii	"\374\352\217,\0309~\333\266#3\235\263\307\202Z\214s"
 310      18397EDB 
 310      B623339D 
 310      B3C7825A 
 310      8C73
 311 00c4 F69933E8 		.ascii	"\366\2313\350\004\023\256\203I\202]\220\203\310\366"
 311      0413AE83 
 311      49825D90 
 311      83C8F6
 312 00d3 F94B8B20 		.ascii	"\371K\213 2\200X\336\365\226\346\324\2546\333\256\011"
 312      328058DE 
 312      F596E6D4 
 312      AC36DBAE 
 312      09
 313 00e4 F6F4DB47 		.ascii	"\366\364\333G\221$\240\033\304V\036\0361\270\001Y\210"
 313      9124A01B 
 313      C4561E1E 
 313      31B80159 
 313      88
 314 00f5 5E9CFC30 		.ascii	"^\234\3740\346\024\373%\263c-\320\345T\314\220bjps;"
 314      E614FB25 
 314      B3632DD0 
 314      E554CC90 
 314      626A7073 
 315 010a 5363D023 		.ascii	"Sc\320#\231\257z\007\206RD\266d\256\364}<\251\210K\212"
 315      99AF7A07 
 315      865244B6 
 315      64AEF47D 
 315      3CA9884B 
 316 011f A843603B 		.ascii	"\250C`;Qg\320\013Y\204\376\022\360\3679\304!\311l\215"
 316      5167D00B 
 316      5984FE12 
 316      F0F739C4 
 316      21C96C8D 
 317 0133 F92E6B99 		.ascii	"\371.k\231>\244\276\017\275(\012z\257\332\033\3618\220"
 317      3EA4BE0F 
 317      BD280A7A 
 317      AFDA1BF1 
 317      3890
ARM GAS  /var/folders/_f/jzb7lsz153bclt069nvlpp5r0000gn/T//ccTldrxG.s 			page 25


 318 0145 40DFCF02 		.ascii	"@\337\317\002j!c\331\373m\322ix1\225t\270\005\231\024"
 318      6A2163D9 
 318      FB6DD269 
 318      78319574 
 318      B8059914 
 319 0159 08E6D00F 		.ascii	"\010\346\320\017\006\340\336\2733h\307\343\003\255\033"
 319      06E0DEBB 
 319      3368C7E3 
 319      03AD1B
 320 0168 4DBB200D 		.ascii	"M\273 \015\360\253\330<\371\325\200\372\325\201,\030"
 320      F0ABD83C 
 320      F9D580FA 
 320      D5812C18 
 321 0178 74EC2447 		.ascii	"t\354$G.zc,\214\017\215g\026\013\334\305k\360\276\251"
 321      2E7A632C 
 321      8C0F8D67 
 321      160BDCC5 
 321      6BF0BEA9 
 322 018c 6D3B4C9A 		.ascii	"m;L\232\253\\\340'\247\303\317_&\321\\\360>\300@\302"
 322      AB5CE027 
 322      A7C3CF5F 
 322      26D15CF0 
 322      3EC040C2 
 323 01a0 CC2C8688 		.ascii	"\314,\206\210SW\350r\005\326\266\202\005\202oo\2025"
 323      5357E872 
 323      05D6B682 
 323      05826F6F 
 323      8235
 324 01b2 167F9A00 		.ascii	"\026\177\232\000w\203B\353\210\366t\214\3269\010\255"
 324      778342EB 
 324      88F6748C 
 324      D63908AD 
 325 01c2 237A7013 		.ascii	"#zp\023\255\263h\210\211\011\250\0116\372$\232ZE\006"
 325      ADB36888 
 325      8909A809 
 325      36FA249A 
 325      5A4506
 326 01d5 7B073553 		.ascii	"{\0075S\347'\242B)\030\211\243\006\211A\271\301\265"
 326      E727A242 
 326      291889A3 
 326      068941B9 
 326      C1B5
 327 01e7 D64F292D 		.ascii	"\326O)-\320\354\261m\272.dIy\300\377\256-=\232I\315"
 327      D0ECB16D 
 327      BA2E6449 
 327      79C0FFAE 
 327      2D3D9A49 
 328 01fc 3D882DC3 		.ascii	"=\210-\303\020\264\300\012\345\306\340\016\344\242\016"
 328      10B4C00A 
 328      E5C6E00E 
 328      E4A20E
 329 020b 8944227E 		.ascii	"\211D\"~\367od\366\375Y\346\256\224\241\334a\030r!\323"
 329      F76F64F6 
 329      FD59E6AE 
 329      94A1DC61 
 329      187221D3 
 330 021f 945E7CA9 		.ascii	"\224^|\251\377ffD\252\310)\216\376P\251m87\027\326U"
ARM GAS  /var/folders/_f/jzb7lsz153bclt069nvlpp5r0000gn/T//ccTldrxG.s 			page 26


 330      FF666644 
 330      AAC8298E 
 330      FE50A96D 
 330      383717D6 
 331 0234 934E95D4 		.ascii	"\223N\225\324ts\254}\207L*\216+\215\301=0U\034\341D"
 331      7473AC7D 
 331      874C2A8E 
 331      2B8DC13D 
 331      30551CE1 
 332 0249 9E2EC4FE 		.ascii	"\236.\304\376O\032\367\245\001A\006\036P\032.\022\271"
 332      4F1AF7A5 
 332      0141061E 
 332      501A2E12 
 332      B9
 333 025a B8DCB1FB 		.ascii	"\270\334\261\373/d\256D\033\337\246\221\214\003\036"
 333      2F64AE44 
 333      1BDFA691 
 333      8C031E
 334 0269 4A198D64 		.ascii	"J\031\215d\202$#\344$\015y\245\246\300\223\316V)\252"
 334      822423E4 
 334      240D79A5 
 334      A6C093CE 
 334      5629AA
 335 027c 3900C836 		.ascii	"9\000\3106E\335\005\023\016\230\372z1\026\234\212lS"
 335      45DD0513 
 335      0E98FA7A 
 335      31169C8A 
 335      6C53
 336 028e A39B0804 		.ascii	"\243\233\010\004\307,\366\270\335y\352Wp\242\360\224"
 336      C72CF6B8 
 336      DD79EA57 
 336      70A2F094 
 337 029e 555A9457 		.ascii	"UZ\224WQ^\230WVeUY\356B\006e\242\304*I\256(>k\345\027"
 337      515E9857 
 337      56655559 
 337      EE420665 
 337      A2C42A49 
 338 02b8 9CA9B42A 		.ascii	"\234\251\264*\034\245U%\371\326\351\312\357\367\361"
 338      1CA55525 
 338      F9D6E9CA 
 338      EFF7F1
 339 02c7 7E79     		.ascii	"~y"
 340              		.text
 341              		.section	.gnu.lto_q_enqueue.99010af63bcdf08b,"",%progbits
 342 0000 789C9553 		.ascii	"x\234\225SYOSA\024\2363\367\266\024\272\330j\342C\023"
 342      594F5341 
 342      149E33F7 
 342      B614BAD8 
 342      6AE24313 
 343 0014 94880846 		.ascii	"\224\210\010F\240\017\372h\"\317>\371\017\214\226>\030"
 343      A00FFA68 
 343      22CF3EF9 
 343      0F8C963E 
 343      18
 344 0025 131085C4 		.ascii	"\023\020\205\3047\246K\220G\304\210\030$\024\265*\310"
 344      37A64B90 
 344      47C48818 
ARM GAS  /var/folders/_f/jzb7lsz153bclt069nvlpp5r0000gn/T//ccTldrxG.s 			page 27


 344      2414B52A 
 344      C8
 345 0036 A2C82E6A 		.ascii	"\242\310.jUb0n1A)\215ADj@\301P!B\343R\317\231[6\005"
 345      5562306E 
 345      3141298D 
 345      41446A40 
 345      C1502142 
 346 0051 A337EDDC 		.ascii	"\2437\355\334;\347\316\267\234\357\316(\354\317k\017"
 346      3BE7CEB7 
 346      9CEFCE28 
 346      ECCF6B0F 
 347 0061 FEA754C6 		.ascii	"\376\247T\306\262\361\016:\006\274\3429cn\003\347j\035"
 347      B2F10E3A 
 347      06BCE239 
 347      636E03E7 
 347      6A1D
 348 0073 3091A244 		.ascii	"0\221\242D\2372&L\012\250Z]\005\240\007\006\254\224"
 348      9F32264C 
 348      0AA85A5D 
 348      05A00706 
 348      AC94
 349 0085 2B2A94C2 		.ascii	"+*\224\302$\217r\350i\231{f\234\3401\316\322\030N{+"
 349      248F72E8 
 349      69997B66 
 349      9CE031CE 
 349      D2184E7B 
 350 009a 07AAF534 		.ascii	"\007\252\3654\005\225\246\337\0023\223\372\314\200\020"
 350      0595A6DF 
 350      023393FA 
 350      CC8010
 351 00a9 62C6D31C 		.ascii	"b\306\323\0349\020Tc\234\263Y\316\340*\330\341\032\330"
 351      39105463 
 351      9CB359CE 
 351      E02AD8E1 
 351      1AD8
 352 00bb 89AE0132 		.ascii	"\211\256\0012q\345\345\211s\037AI\003B\371\276\327\326"
 352      71E5E589 
 352      731F4149 
 352      0342F9BE 
 352      D7D6
 353 00cd 58322E09 		.ascii	"X2.\011\341\011v\267\211<\004)\320\010\312J\034\226"
 353      E10976B7 
 353      893C0429 
 353      D008CA4A 
 353      1C96
 354 00df 185C870C 		.ascii	"\030\\\207\014\\\335\020\365W\200\262M\"\037\373*\""
 354      5CDD10F5 
 354      5780B24D 
 354      221FFB2A 
 354      22
 355 00f0 C91A72A0 		.ascii	"\311\032r\240E\344A\214\253\320\244!\263\355\260\223"
 355      45E4418C 
 355      ABD0A421 
 355      B3EDB093 
 356 0100 702A8366 		.ascii	"p*\203f\310\240\305Q\337\217!\243\336\207\346\254\344"
 356      C8A0C551 
 356      DF8F21A3 
ARM GAS  /var/folders/_f/jzb7lsz153bclt069nvlpp5r0000gn/T//ccTldrxG.s 			page 28


 356      DE87E6AC 
 356      E4
 357 0111 09ADB480 		.ascii	"\011\255\264\200\036\360\336\2721(\342\361\367\315}"
 357      1EF0DEBA 
 357      3128E2F1 
 357      F7CD7D
 358 0120 8E4D8008 		.ascii	"\216M\200\010\344 )\035=\352iH\242\301@C2\015F\034t"
 358      E420291D 
 358      3DEA6948 
 358      A2C14043 
 358      320D461C 
 359 0135 261CC04C 		.ascii	"&\034\300LO\026 \001+\275\261\321\300\3308\376)\272"
 359      4F162001 
 359      2BBDB1D1 
 359      C0D838FE 
 359      29BA
 360 0147 084EF0AE 		.ascii	"\010N\360\256\274\006\217\215\014\014?\352o4f]A\003"
 360      BC068F8D 
 360      0C0C3FEA 
 360      6F34665D 
 360      4103
 361 0159 FE50A04C 		.ascii	"\376P\240L\005jJ\273\240\025\262H\223\205\301\363u?"
 361      056A4ABB 
 361      A015B248 
 361      9385C1F3 
 361      753F
 362 016b 9BE7BA95 		.ascii	"\233\347\272\225\331\352e\266\237\003M\345P\0135n!F"
 362      D9EA65B6 
 362      9F034DE5 
 362      500B356E 
 362      2146
 363 017d 278EA1D0 		.ascii	"'\216\241\320<\032\275A\231\302M\2543T\011\016\245R"
 363      3C1ABD41 
 363      99C24DAC 
 363      3354090E 
 363      A552
 364 018f 4FABA446 		.ascii	"O\253\244FC\201\361<\303\012\2516\224B\271%)Z\376dl"
 364      4381F13C 
 364      C30AA936 
 364      9442B925 
 364      295AFE64 
 365 01a4 61D624A5 		.ascii	"a\326$\245\254$\025\016\267\271\215\277K\335\222R\355"
 365      AC24150E 
 365      B7B98DBF 
 365      4BDD9252 
 365      ED
 366 01b5 ABA596D8 		.ascii	"\253\245\226\330\260$\241\261\263U!cz=~\221\321p(?\350"
 366      B024A1B1 
 366      B3552163 
 366      7A3D7E91 
 366      D170283F 
 367 01ca F38B9FF1 		.ascii	"\363\213\237\3618\254\361E\023n: \2358\326\300\213\363"
 367      38ACF145 
 367      136E3A20 
 367      9D38D6C0 
 367      8BF3
 368 01dc C2CFCB83 		.ascii	"\302\317\313\203\361\370\276\365\321\235\011\364+\360"
ARM GAS  /var/folders/_f/jzb7lsz153bclt069nvlpp5r0000gn/T//ccTldrxG.s 			page 29


 368      F1F8BEF5 
 368      D19D09F4 
 368      2BF0
 369 01ea 85BCADBB 		.ascii	"\205\274\255\273\311\021f\207=\311\327\021l\0327\265"
 369      C9116687 
 369      3DC9D711 
 369      6C1A37B5 
 370 01fa 829D7646 		.ascii	"\202\235vF\273\266jo\223P\344\355\370\213\227\006j\027"
 370      BBB66A6F 
 370      9350E4ED 
 370      F88B9706 
 370      6A17
 371 020c 43C169C7 		.ascii	"C\301i\307B\335\264\031\333E\233I\324i\027\011`\375"
 371      42DDB419 
 371      DB459B49 
 371      D4691709 
 371      60FD
 372 021e E2A7FE31 		.ascii	"\342\247\3761K\316.\354\037\272\261\355/\\j\366@\016"
 372      4BCE2EEC 
 372      1FBAB1ED 
 372      2F5C6AF6 
 372      400E
 373 0230 66E7AD2C 		.ascii	"f\347\255,\233\343\032\243\001Ia\273\235\212\355e\203"
 373      9BE31AA3 
 373      014961BB 
 373      9D8AED65 
 373      83
 374 0241 8A564C96 		.ascii	"\212VL\226u\035\245\\\371\316\234\370*\213B\230+\035"
 374      751DA55C 
 374      F9CE9CF8 
 374      2A8B4298 
 374      2B1D
 375 0253 8DF5C47A 		.ascii	"\215\365\304z\227\305nC\016r\021K\347\351\275\032\263"
 375      97C56E43 
 375      0E72114B 
 375      E7E9BD1A 
 375      B3
 376 0264 F12F8E2F 		.ascii	"\361/\216/\314\235\031\336@$:\350\223$\264\275\341\216"
 376      CC9D19DE 
 376      40243AE8 
 376      9324B4BD 
 376      E18E
 377 0276 74EC1939 		.ascii	"t\354\03195\010\032\205I\343\364V\353\265\271\031Y\261"
 377      35081A85 
 377      49E3F456 
 377      EBB5B919 
 377      59B1
 378 0288 4A8BAAEA 		.ascii	"J\213\252\3527'\314.\205\244[\025\022y\267\343\261B"
 378      3727CC2E 
 378      85A45B15 
 378      1279B7E3 
 378      B142
 379 029a 14DC955B 		.ascii	"\024\334\225[\342\036*\315s\2134\031\355\333\242QZ\377"
 379      E21E2ACD 
 379      738B3419 
 379      EDDBA251 
 379      5AFF
ARM GAS  /var/folders/_f/jzb7lsz153bclt069nvlpp5r0000gn/T//ccTldrxG.s 			page 30


 380 02ac 2DD7A074 		.ascii	"-\327\240t)\017\343\375\305\\\247\022\271\332\220E\313"
 380      290FE3FD 
 380      C55CA712 
 380      B9DA9045 
 380      CB
 381 02bd F5FF237C 		.ascii	"\365\377#|\260\314\373\220\"\264\311\355\240\312\343"
 381      B0CCFB90 
 381      22B4C9ED 
 381      A0CAE3
 382 02cc 38026E2B 		.ascii	"8\002n+\356{\214\346\003\000\354\260\3637\323\200:J"
 382      EE7B8CE6 
 382      0300ECB0 
 382      F337D380 
 382      3A4A
 383 02de 53219E5C 		.ascii	"S!\236\\\240%\210K\315\315uh\277\303\207\234G]\005\371"
 383      A025884B 
 383      CDCD7568 
 383      BFC3879C 
 383      475D05F9 
 384 02f2 8E13C79D 		.ascii	"\216\023\307\235\216\242\022W\211+\327\311\240(\305"
 384      8EA21257 
 384      892BD7C9 
 384      A028C5
 385 0301 595850EC 		.ascii	"YXP\354:Y|\360H\376/L\364\266\276"
 385      3A597CF0 
 385      48FE2F4C 
 385      F4B6BE
 386              		.text
 387              		.section	.gnu.lto_q_dequeue.99010af63bcdf08b,"",%progbits
 388 0000 789C9553 		.ascii	"x\234\225SKOSA\024\2363s[\372\240\017!n\032\211\004"
 388      4B4F5341 
 388      149E3373 
 388      5BFAA00F 
 388      216E1A89 
 389 0015 444814D8 		.ascii	"DH\024\330\370\003X\273\362\037\030-]\030\023\024\205"
 389      F80358BB 
 389      F21F182D 
 389      5D181314 
 389      85
 390 0026 C41DB7D0 		.ascii	"\304\035\267\320\340\206\005bT\022$R\261*\210`y\011"
 390      E0860562 
 390      54122452 
 390      B12A8860 
 390      7909
 391 0038 F8AA5AEB 		.ascii	"\370\252Z\353\203\250\321D,$\"`1\340#\241B\004\"X\317"
 391      83A8D144 
 391      2C242260 
 391      31E023A1 
 391      42042258 
 392 004d 99290111 		.ascii	"\231)\001\021\015\336\264s\357\234{\316\3678\347\216"
 392      0DDEB473 
 392      EF9C7BCE 
 392      F738E78E 
 393 005d 607F5E7B 		.ascii	"`\177^{\360\237e`l7\336\301\300\200\327\276`\314k\342"
 393      F09F6560 
 393      6C37DEC1 
 393      C080D7BE 
ARM GAS  /var/folders/_f/jzb7lsz153bclt069nvlpp5r0000gn/T//ccTldrxG.s 			page 31


 393      60CC6BE2 
 394 0071 5CAB154C 		.ascii	"\\\253\025L\267\010}\2201=U\200\246\342\032\000=0`\025"
 394      B7087D90 
 394      313D5580 
 394      A6E21A00 
 394      3D306015 
 395 0085 5C685001 		.ascii	"\\hP\001\323<\316\241\277}\356\271u\212/r\226\311p;"
 395      D33CCEA1 
 395      BF7DEEB9 
 395      758A2F72 
 395      96C9703B 
 396 0099 50F7A4DE 		.ascii	"P\367\244\336H[\320h\373#03m\314\015\350\272>\363\272"
 396      485BD068 
 396      FB233033 
 396      6DCC0DE8 
 396      BA3EF3BA 
 397 00ad 63725F48 		.ascii	"cr_H[\344\234\315r\006W\300\005W\301Ep-\220\213\231"
 397      5BE49CCD 
 397      720657C0 
 397      0557C145 
 397      702D908B 
 398 00c2 97A6CE7D 		.ascii	"\227\246\316}\002\221\011T\345[jl\260\3474\353ze\250"
 398      02910954 
 398      E55B6A6C 
 398      B0E734EB 
 398      7A65A8
 399 00d5 AF532FC2 		.ascii	"\257S/\302\"\001\255 \326\326a\210\3015\310\301\354"
 399      2201AD20 
 399      D6D66188 
 399      C135C8C1 
 399      EC
 400 00e6 9678532D 		.ascii	"\226xS-\210,Y9\364\341Y\267YU>U\225\032\264\255\257"
 400      882C5939 
 400      F4E159B7 
 400      59553E55 
 400      951AB4AD 
 401 00fb D4185C87 		.ascii	"\324\030\\\207\034J\217\373\226\337Z\215>\224\347$U"
 401      1C4A8FFB 
 401      96DF5A8D 
 401      3E94E724 
 401      55
 402 010c 28A61D8C 		.ascii	"(\246\035\214\200\367\216\264\220\236H4\267\327ti[\001"
 402      80F78EB4 
 402      909E4834 
 402      B7D77469 
 402      5B01
 403 011e 4B1086D8 		.ascii	"K\020\206\330\014\364h$\210\024z2\341\002f\332Zp1X\201"
 403      0CF46824 
 403      88147A32 
 403      E10266DA 
 403      5A703158 
 404 0133 706DF4C6 		.ascii	"pm\364\306N\213\203\026'-i\264\244\323\302X\014\377"
 404      4E8B8316 
 404      272D69B4 
 404      A4D3C258 
 404      0CFF
 405 0145 D4C749DC 		.ascii	"\324\307I\334\340]\014A\345\026\3222\034\011\267Z\363"
ARM GAS  /var/folders/_f/jzb7lsz153bclt069nvlpp5r0000gn/T//ccTldrxG.s 			page 32


 405      E05D0C41 
 405      E516D232 
 405      1C09B75A 
 405      F3
 406 0156 2EA396A6 		.ascii	".\243\226\246h\240Z\003r\250.\350\200<bg#P\371}/\233"
 406      68A05A03 
 406      72A82EE8 
 406      803C6267 
 406      2350F97D 
 407 016c E7064C1F 		.ascii	"\347\006L\037\234X\230M\245F\033\235T=2\322\351\265"
 407      9C58984D 
 407      A5461B9D 
 407      543D32D2 
 407      E9B5
 408 017e 36428357 		.ascii	"6B\203W\327\307\226\217\"\321<J\276A\015\206 4\002C"
 408      D7C7968F 
 408      22D13C4A 
 408      BE410D86 
 408      20340243 
 409 0192 96D0A988 		.ascii	"\226\320\251\210 \177\277q\215E\003\261\"\323\032\256"
 409      207FBF71 
 409      8D4503B1 
 409      22D31AAE 
 410 01a2 4EE4423E 		.ascii	"N\344B>*\220\300\213g\316F\255\331~\354\350\330\273"
 410      2A90C08B 
 410      67CE46AD 
 410      D97EECE8 
 410      D8BB
 411 01b4 6871C8D7 		.ascii	"hq\310\327\244\377L$`\203\211$\353\273 \2330\330\033"
 411      A4FF4C24 
 411      60838924 
 411      EBBB209B 
 411      30D81B
 412 01c7 F045AB9A 		.ascii	"\360E\253\232k\214\304\210\212![eL\"\023~W\002\255\364"
 412      6B8CC488 
 412      8A215B65 
 412      4C22137E 
 412      5702ADF4 
 413 01db 06237E83 		.ascii	"\006#~\203zM\232\336\307^\2762\221!\224\202\333\236"
 413      7A4D9ADE 
 413      C75EBE32 
 413      91219482 
 413      DB9E
 414 01ed 850B5F6D 		.ascii	"\205\013_mh\010\251R\310K7Q`\374\374\334\351aG\376."
 414      6808A952 
 414      C84B3751 
 414      60FCFCDC 
 414      E96147FE 
 415 0202 1A6C0F1A 		.ascii	"\032l\017\032\373\306%k/\344Swz\375\031\0120\345\037"
 415      FBC6256B 
 415      2FE45377 
 415      7AFD190A 
 415      30E51F
 416 0215 08173F87 		.ascii	"\010\027?\207'\354\204\300\341\246D\240\201C\237B\030"
 416      27EC84C0 
 416      E1A644A0 
 416      81439F42 
ARM GAS  /var/folders/_f/jzb7lsz153bclt069nvlpp5r0000gn/T//ccTldrxG.s 			page 33


 416      18
 417 0226 3D19160A 		.ascii	"=\031\026\012\302\204(\030\251\252OZ0\243L\214\312!"
 417      C2842818 
 417      A9AA4F5A 
 417      30A34C8C 
 417      CA21
 418 0238 5854C8B2 		.ascii	"XT\310\262V\266\266^6\002\230\241_\216`\200F\200\205"
 418      56B6B65E 
 418      360298A1 
 418      5F8E6080 
 418      468085
 419 024b 75E38EE4 		.ascii	"u\343\216\344\004V\362p^!!s\255\311\334[\230\213\320"
 419      0456F270 
 419      5E212173 
 419      ADC9DC5B 
 419      988BD0
 420 025e D24E3CE2 		.ascii	"\322N<\342Mv\310\2669C\267W\015\335\221\206\252\352"
 420      4D76C8B6 
 420      3943B757 
 420      0DDD9186 
 420      AAEA
 421 0270 AA570CD9 		.ascii	"\252W\014\331\021\005v\270T\237\266\253\230cs\260w%"
 421      110576B8 
 421      549FB6AB 
 421      986373B0 
 421      7725
 422 0282 AC3C20F7 		.ascii	"\254< \367\024lwu,\011\353\224\310\016i\317o\337\300"
 422      146C7775 
 422      2C09EB94 
 422      C80E69CF 
 422      6FDFC0
 423 0295 9EF677DC 		.ascii	"\236\366w\334\320\252\334\373\220\217XR\\\360\361x\022"
 423      D0AADCFB 
 423      908F5852 
 423      5CF0F178 
 423      12
 424 02a6 3B6D73F2 		.ascii	";ms\362\036H\030\372\204\341\341\212\353/\\A\244#\012"
 424      1E4818FA 
 424      84E1E18A 
 424      EB2F5C41 
 424      A4230A
 425 02b9 EC74A9EE 		.ascii	"\354t\251\356\333\376O^x\025\367\021\311K\227\037\260"
 425      DBFE4F5E 
 425      7815F711 
 425      C94B971F 
 425      B0
 426 02ca 268FED28 		.ascii	"&\217\355(x\235x\024Q\373G\000$\340m\301m\330]\261\024"
 426      789D7814 
 426      51FB4700 
 426      24E06DC1 
 426      6DD85DB1 
 427 02df 4CC5230E 		.ascii	"L\305#\016\224\203\375\312(((T\277\203\007\334\207="
 427      9483FDCA 
 427      28282854 
 427      BF8307DC 
 427      873D
 428 02f1 25C585C7 		.ascii	"%\305\205\307\217\271\013K\313=\345\236\0027\203R\213"
ARM GAS  /var/folders/_f/jzb7lsz153bclt069nvlpp5r0000gn/T//ccTldrxG.s 			page 34


 428      8FB90B4B 
 428      CB3DE59E 
 428      02378352 
 428      8B
 429 0302 FB484999 		.ascii	"\373HI\231\347D\331\376C\305\277\000~\022\305\250"
 429      E744D9FE 
 429      43C5BF00 
 429      7E12C5A8 
 430              		.text
 431              		.section	.gnu.lto_q_front.99010af63bcdf08b,"",%progbits
 432 0000 789C7D52 		.ascii	"x\234}R\335K\024Q\024\277\277{g\307\335\235U\267\350"
 432      DD4B1451 
 432      14BFBF7B 
 432      67C7DD9D 
 432      55B7E8
 433 0013 694190CC 		.ascii	"iA\220\314\024J}\351\017\3601\372'\242\326}\210\300"
 433      144A7DE9 
 433      0FF031FA 
 433      27A2D67D 
 433      88C0
 434 0025 B2147AF3 		.ascii	"\262\024z\363\256n\365\322\203\030\225d\322\252m\245"
 434      AE6EF5D2 
 434      83189564 
 434      D2AA6DA5 
 435 0035 A5E6C75A 		.ascii	"\245\346\307Zj\320B\"\221}\020\244\255Bf\246\241E\240"
 435      6AD04222 
 435      917D10A4 
 435      AD4266A6 
 435      A145A0
 436 0048 29E992B5 		.ascii	")\351\222\265\2353\263\201Y4\354\316\275\367\314\371"
 436      9D33B381 
 436      5934ECCE 
 436      BDF7CCF9 
 437 0058 7D9C73AE 		.ascii	"}\234s\256\022\177?\007\350\177R\011\261\237V\270\004"
 437      127F3F07 
 437      E87F5209 
 437      B19F56B8 
 437      04
 438 0069 64C30B21 		.ascii	"d\303\013!\302n)\215\006%\264W\351q!\264O\301p\342\006"
 438      C26E298D 
 438      0625B457 
 438      E97121B4 
 438      4FC170E2 
 439 007e C01B0151 		.ascii	"\300\033\001Q+\225\201Z,\311\025\211\241\356\265\347"
 439      2B95815A 
 439      2CC91589 
 439      A1EEB5E7 
 440 008e D6A24C49 		.ascii	"\326\242LI\221/\3508\334\370\244\311\344#\014>~\217"
 440      912FE838 
 440      DCF8A4C9 
 440      E4230C3E 
 440      7E8F
 441 00a0 2D2F9945 		.ascii	"-/\231E1\255\365r[\377k\337\331\203))\305\252\024\270"
 441      31ADF572 
 441      5BFF6BDF 
 441      D9832929 
 441      C5AA14B8 
ARM GAS  /var/folders/_f/jzb7lsz153bclt069nvlpp5r0000gn/T//ccTldrxG.s 			page 35


 442 00b4 85006E23 		.ascii	"\205\000n#\300t\035(\242\314\033\213W>A\345\203Q\221"
 442      C0741D28 
 442      A2CC1B8B 
 442      573E41E5 
 442      835191
 443 00c7 CD96E69C 		.ascii	"\315\226\346\234\302v\255\353\022\335}\272\334HI\205"
 443      C276ADEB 
 443      12DD7DBA 
 443      DC484985 
 444 00d7 4EA8AD38 		.ascii	"N\250\2558\012\011\334A!ew\254D\033\240v\333\310\311"
 444      0A09DC41 
 444      216577AC 
 444      441BA076 
 444      DBC8C9
 445 00ea 0F4F073C 		.ascii	"\017O\007<\016\362\221\2034pw;\322\020\350B!\247\257"
 445      0EF29183 
 445      3470773B 
 445      D210E842 
 445      21A7AF
 446 00fd 447EBCB1 		.ascii	"D~\274\261\314\010\331\363\263+2\323\015\023\264\366"
 446      CC08D9F3 
 446      B32B32D3 
 446      0D13B4F6 
 447 010d EC4CE874 		.ascii	"\354L\350t\272\275\353Y\334\310\006A\210\206\325\\\274"
 447      BABDEB59 
 447      DCC80641 
 447      8886D55C 
 447      BC
 448 011e 3599228B 		.ascii	"5\231\"\213wnz\301\303G/\275\\\026l^1OL\334\251\005"
 448      776E7AC1 
 448      C3472FBD 
 448      5C166C5E 
 448      314F4CDC 
 449 0134 AA955635 		.ascii	"\252\225V5\211\272\035\254656\332i\025\337$\265h2v\316"
 449      89BA1DAC 
 449      363536DA 
 449      6915DF24 
 449      B5683276 
 450 0149 00D7E03C 		.ascii	"\000\327\340<\350A1\363\213i\324};$\326\245\213\322"
 450      E84131F3 
 450      8B69D47D 
 450      3B24D6A5 
 450      8BD2
 451 015b C7E73656 		.ascii	"\307\3476V}\334J\323\317\350\351\351\276\260\325\202"
 451      7DDC4AD3 
 451      CFE8E9E9 
 451      BEB0D582 
 452 016b E6B0D6B3 		.ascii	"\346\260\326\263W\037[$\277N\256\356q\017\321\213\026"
 452      571F5B24 
 452      BF4EAEEE 
 452      710FD18B 
 452      16
 453 017c 0892498C 		.ascii	"\010\222I\214\214).\341\017\261\331dl\276\334\275E\254"
 453      8C292EE1 
 453      0FB1D964 
 453      6CBEDCBD 
 453      45AC
ARM GAS  /var/folders/_f/jzb7lsz153bclt069nvlpp5r0000gn/T//ccTldrxG.s 			page 36


 454 018e 8FC44890 		.ascii	"\217\304H\220\0016s\352\322\345\244U\320JM\233}\233"
 454      013673EA 
 454      D2E5A455 
 454      D04A4D9B 
 454      7D9B
 455 01a0 AC4844A2 		.ascii	"\254HD\242\372g:\215\1774=\203\357G\001s\210\011D\222"
 455      FA673A8D 
 455      7F343D83 
 455      EF470173 
 455      88094492 
 456 01b4 F5EB174C 		.ascii	"\365\353\027LV$\313(p2\026H\211\256\216\242Z\006{'Z"
 456      5624CB28 
 456      70321648 
 456      89AE8EA2 
 456      5A067B27 
 457 01c9 5DCE67F6 		.ascii	"]\316g\366\364n\376\345+7WDV\350\030\337\270\376%\233"
 457      F46EFEE5 
 457      2B375744 
 457      56E818DF 
 457      B8FE259B 
 458 01dd 2A22A92C 		.ascii	"*\"\251,\256e\200%(~m\355\342Tn\311>\236]\234\012\373"
 458      AE658025 
 458      287E6DED 
 458      E2546EC9 
 458      3E9E5D9C 
 459 01f3 2A6DD541 		.ascii	"*m\325A\224p{\006[\363\034\302\254\3770\264}\036\235"
 459      94707B06 
 459      5BF31CC2 
 459      ACFF30B4 
 459      7D1E9D
 460 0206 CB610689 		.ascii	"\313a\006\211\3736\003\317\024\017\034\206\231\363\243"
 460      FB3603CF 
 460      140F1C86 
 460      99F3A3
 461 0215 CAA17013 		.ascii	"\312\241p\023\013E\352\2332%x\310&E\355)x\235\220w\253"
 461      0B45EA9B 
 461      322578C8 
 461      2645ED29 
 461      789D9077 
 462 022a 6D63BB6D 		.ascii	"mc\273m\"\360`\310\036\3010\217\200\200\215\357s3\023"
 462      22F060C8 
 462      1EC1308F 
 462      80808DEF 
 462      733313
 463 023d F89D4703 		.ascii	"\370\235G\003K(;\327\312\344\216P.Q\333\2752\354+2\203"
 463      4B283BD7 
 463      CAE48E50 
 463      2E51DBBD 
 463      32EC2B32 
 464 0252 B09FC64E 		.ascii	"\260\237\306N6?\002\330\033\220\233\375\273\260'\240"
 464      363F02D8 
 464      1B909BFD 
 464      BBB027A0 
 465 0262 1EC67D74 		.ascii	"\036\306}t\235\3009\324\205\274\322\3222\347w\364H\360"
 465      9DC039D4 
 465      85BCD2D2 
 465      32E777F4 
ARM GAS  /var/folders/_f/jzb7lsz153bclt069nvlpp5r0000gn/T//ccTldrxG.s 			page 37


 465      48F0
 466 0274 78A8B2A2 		.ascii	"x\250\262\242\354\364\251`YUM\250&T\032\024\250\362"
 466      ECF4A960 
 466      59554DA8 
 466      26541A14 
 466      A8F2
 467 0286 064F5456 		.ascii	"\006OTV\207\316T\037>V\361\013\006)8<"
 467      87CE541F 
 467      3E56F10B 
 467      0629383C 
 468              		.text
 469              		.section	.gnu.lto_q_isempty.99010af63bcdf08b,"",%progbits
 470 0000 789C658F 		.ascii	"x\234e\217\315+\204Q\024\306\317s\356;\223\232L\262"
 470      CD2B8451 
 470      14C6CF73 
 470      EE3B939A 
 470      4CB2
 471 0012 D21B459A 		.ascii	"\322\033E\232$\314\374\013\326\376\013\306\254\224\032"
 471      24CCFC0B 
 471      D6FE0BC6 
 471      AC941A
 472 0021 9AF5BC18 		.ascii	"\232\365\274\030\331X\310\206\232&\345#\3373Rh\254F"
 472      D958C886 
 472      9A26E523 
 472      DF335268 
 472      AC46
 473 0033 5958F848 		.ascii	"YX\370H\026#\013j\214\032\244\014\212\2670\3161vn\367"
 473      16230B6A 
 473      8C1AA40C 
 473      8AB730CE 
 473      31766EF7 
 474 0047 DE73CFE9 		.ascii	"\336s\317\351\234\337\363\\C\377\227-\247\007D-\022"
 474      9CDFF35C 
 474      43FF972D 
 474      A707442D 
 474      12
 475 0058 61083C75 		.ascii	"a\010<uJ4R\303\200>\010\024g\304q\317e\306q\366\373"
 475      4A3452C3 
 475      803E0814 
 475      67C471CF 
 475      65C671F6 
 476 006d 026D4B8E 		.ascii	"\002mK\2163\372\\\330\271\364\2157\270L\364\312\204"
 476      33FA5CD8 
 476      B9F48D37 
 476      B84CF4CA 
 476      84
 477 007e 4E1BEDCA 		.ascii	"N\033\355\312\3012\332\244o\2614\363\000\323\014\222"
 477      C132DAA4 
 477      6FB134F3 
 477      00D30C92 
 478 008e 7736FD76 		.ascii	"w6\375v\342+\261\313h\326t\177\372h\326\253)[\232&>"
 478      E22BB1CB 
 478      68D6747F 
 478      FA68D6AB 
 478      295B9A26 
 479 00a3 53497F60 		.ascii	"SI\177`A\210\271\354\266\323m\271l\260\002\243\314U"
 479      4188B9EC 
ARM GAS  /var/folders/_f/jzb7lsz153bclt069nvlpp5r0000gn/T//ccTldrxG.s 			page 38


 479      B6D36DB9 
 479      6CB002A3 
 479      CC55
 480 00b5 D858834D 		.ascii	"\330X\203MR\"\254#\240\355\345\304W\336\347M8\216S\247"
 480      5222AC23 
 480      A0EDE5C4 
 480      57DEE74D 
 480      388E53A7 
 481 00c9 BA22B801 		.ascii	"\272\"\270\001\257x\247L}\316\251TnS\223{\226G\234K"
 481      AF78A74C 
 481      7DCEA954 
 481      6E53937B 
 481      96479C4B 
 482 00dd BB9141CB 		.ascii	"\273\221A\313\"uHE\271\3643w\314\032\315\025Fw\313\371"
 482      22754845 
 482      B9F43377 
 482      CC1ACD15 
 482      4677CBF9 
 483 00f1 03A3D3EF 		.ascii	"\003\243\323\357l\004|S<;\257Q[\206Tg\347c\356\2516"
 483      6C047C53 
 483      3C3BAF51 
 483      5B865467 
 483      E763EEA9 
 484 0106 85245CF6 		.ascii	"\205$\\\366\2743cS|h}\376\361\260\340\357\352\0202\322"
 484      BC336353 
 484      7C687DFE 
 484      F1B0E0EF 
 484      EA1032D2 
 485 011a 48E145E1 		.ascii	"H\341E\341\204\014\272\350\012c[\023\215U\240%L\264"
 485      840CBAE8 
 485      0A635B13 
 485      8D55A025 
 485      4CB4
 486 012c DA740DFC 		.ascii	"\332t\015\374\025~=@\265e\242)\030\014Uw_ox 2\330\037"
 486      157E3D40 
 486      B565A229 
 486      180C5577 
 486      5F6F7820 
 487 0143 1A1E0A87 		.ascii	"\032\036\012\207\242\261H,\022\014\023\242?\315\353"
 487      A2B1482C 
 487      120C13A2 
 487      3FCDEB
 488 0152 7A02     		.ascii	"z\002"
 489              		.text
 490              		.section	.gnu.lto_.symbol_nodes.99010af63bcdf08b,"",%progbits
 491 0000 789C55CA 		.ascii	"x\234U\3121\016\202`\024\003\340\276W~\374%:x\342&\014"
 491      310E8260 
 491      1403E0BE 
 491      577EFC25 
 491      3A78E226 
 492 0015 C4D10B60 		.ascii	"\304\321\013`\010\367`app\360\020FW\235\030\334\300"
 492      08F76061 
 492      7070F010 
 492      46579D18 
 492      DCC0
 493 0027 04135F97 		.ascii	"\004\023_\227\346kJ\000\003\326x\026p\272\001\022\332"
 493      E66B4A00 
ARM GAS  /var/folders/_f/jzb7lsz153bclt069nvlpp5r0000gn/T//ccTldrxG.s 			page 39


 493      03D67816 
 493      70BA0112 
 493      DA
 494 0038 EEB8836F 		.ascii	"\356\270\203oeq8\310\327\301\332>\303+\361w8w\213\241"
 494      657138C8 
 494      D7C1DA3E 
 494      C32BF177 
 494      38778BA1 
 495 004c 22984AC1 		.ascii	"\"\230J\301\205\312\340\244Mp\251\374o:P7\217\317\236"
 495      85CAE0A4 
 495      4D70A9FC 
 495      6F3A5037 
 495      8FCF9E
 496 005f 6EB83F5F 		.ascii	"n\270?_F\032\372\346\315o\217\227)qy\324\327)a\006\031"
 496      461AFAE6 
 496      CD6F8F97 
 496      297179D4 
 496      D7296106 
 497 0074 D93421   		.ascii	"\3314!"
 498              		.text
 499              		.section	.gnu.lto_.refs.99010af63bcdf08b,"",%progbits
 500 0000 789C6366 		.ascii	"x\234cf```d\200\002\000\000=\000\005"
 500      60606064 
 500      80020000 
 500      3D0005
 501              		.text
 502              		.section	.gnu.lto_.decls.99010af63bcdf08b,"",%progbits
 503 0000 789CAD96 		.ascii	"x\234\255\226kPT\347\031\307\317\263\357ao\\4cK:\314"
 503      6B5054E7 
 503      19C7CFB3 
 503      EF616F5C 
 503      34634B3A 
 504 0015 744A980E 		.ascii	"tJ\230\016\323v\2245i3\323|\252m:S\353\207N2S?\365\303"
 504      D3769435 
 504      6933D37C 
 504      AA6D3A53 
 504      EB874E32 
 505 002d 66B39C34 		.ascii	"f\263\2344;\201\005v\227\316\330O\007HF'\215b1\"\306"
 505      3B810576 
 505      97CED84F 
 505      07484627 
 505      8D623122 
 506 0042 9A6C14BC 		.ascii	"\232l\024\274A\010\342\005\204\240\334\202\313M@\014"
 506      4108E205 
 506      84A0DC82 
 506      CB4D400C 
 507 0052 A8082C28 		.ascii	"\250\010,(\006A#\022#\"\022\372\274\227\263{v\263\314"
 507      06412312 
 507      232212FA 
 507      BC97B37B 
 507      76B3CC
 508 0065 D899BEC3 		.ascii	"\330\231\276\303\263{\336\367<\357\377\371=\317{Y\210"
 508      B37BDEF7 
 508      3CEFFFF9 
 508      3DCF7B59 
 508      88
 509 0076 2449B944 		.ascii	"$I\271D\222V\260\025X%i\034$\011\277\244\327\320pX\252"
ARM GAS  /var/folders/_f/jzb7lsz153bclt069nvlpp5r0000gn/T//ccTldrxG.s 			page 40


 509      9256B015 
 509      5825691C 
 509      2409BFA4 
 509      D7D07058 
 510 008b 45EB42DB 		.ascii	"E\353B\333,\361fA\353C\033B\033A\013\242\335F\233E\273"
 510      2CF16641 
 510      EB431B42 
 510      1B410BA2 
 510      DD469B45 
 511 00a0 87761FED 		.ascii	"\207v\037\355\261\364\303F\347\304\013\335$\264\004"
 511      B1F4C346 
 511      E7C40BDD 
 511      24B404
 512 00af A1BB05ED 		.ascii	"\241\273\005\355\034Z2Z'Z\035\332\"\332\357E\374v\264"
 512      1C5A325A 
 512      275A1DDA 
 512      22DAEF45 
 512      FC76B4
 513 00c2 0EB41634 		.ascii	"\016\264\0264\203\320Y\212\241?\024C\377\234.F\262\320"
 513      83D0598A 
 513      A13F1443 
 513      FF9C2E46 
 513      B2D0
 514 00d4 AD13DA34 		.ascii	"\255\023\3324\026\010}\203\230\037K\227\346\230\250"
 514      16087D83 
 514      981F4B97 
 514      E698A8
 515 00e3 D3DC2234 		.ascii	"\323\334\"4\251\366\274\216\373)\332\025\264e\264^\021"
 515      A9F6BC8E 
 515      FB29DA15 
 515      B465B45E 
 515      11
 516 00f4 4746BB28 		.ascii	"GF\273(\330\265<\210\320\034\022\271D\267\240\310#V"
 516      D8B53C88 
 516      D01C12B9 
 516      44B7A0C8 
 516      2356
 517 0106 3C8D5B8B 		.ascii	"<\215[\213\365=\3325\241\251\305\321b\004\245\360\032"
 517      F53DDA35 
 517      A1A9C5D1 
 517      6204A5F0 
 517      1A
 518 0117 4537BA5E 		.ascii	"E7\272^\346\0301\350Zo\0261h\2748\241\327\026\225\007"
 518      E61831E8 
 518      5A6F1631 
 518      68BC38A1 
 518      D7169507 
 519 012b 088DE836 		.ascii	"\010\215\3506\273\212n]\024?\321i\265\011\275\331\030"
 519      BB8A6E5D 
 519      143FD169 
 519      B509BDD9 
 519      18
 520 013c 7A743F59 		.ascii	"zt?YV\251E\262NO\253u\273\340\324\230AhD\267\373\377"
 520      56A945B2 
 520      4E4FAB75 
 520      BBE0D498 
 520      416844B7 
ARM GAS  /var/folders/_f/jzb7lsz153bclt069nvlpp5r0000gn/T//ccTldrxG.s 			page 41


 521 0152 83AE41A7 		.ascii	"\203\256A\247\013bnt\243\373\335(\361\375\020\275\267"
 521      0B626E74 
 521      A3FBDD28 
 521      F1FD10BD 
 521      B7
 522 0163 B57DA6F1 		.ascii	"\265}\246\361\304:\033\017\014\260o\340j\235L\014@\237"
 522      C43A1B0F 
 522      0CB06FE0 
 522      6A9D4C0C 
 522      409F
 523 0175 0F974D5C 		.ascii	"\017\227M\\\261\256?\241\252\352\016\265\271\037\302"
 523      B1AE3FA1 
 523      AAEA0EB5 
 523      B91FC2
 524 0184 4EEF8F1C 		.ascii	"N\357\217\034\3571\221\347\230S\301\221\306\017L\323"
 524      EF3191E7 
 524      9853C191 
 524      C60F4CD3 
 525 0194 0648B6B2 		.ascii	"\006H\266\262W\273\272?j!\254\273B_\033Jn>\254\000\260"
 525      57BBBA3F 
 525      6A21ACBB 
 525      425F1B4A 
 525      6E3EAC00 
 526 01a9 A6EF50D5 		.ascii	"\246\357P\325Bu\256D%?\221`}\012\3742E\202\317 \035"
 526      4275AE44 
 526      253F9160 
 526      7D0AFC32 
 526      4582CF20 
 527 01be DDE018AC 		.ascii	"\335\340\030\254\227\340\004\244@%\244H\345\030l\256"
 527      97E004A4 
 527      4025A448 
 527      E5186CAE 
 528 01ce F1491054 		.ascii	"\361I\020TU\206*\260\302q \314\003\241i\004\016`\010"
 528      55862AB0 
 528      C27120CC 
 528      03A16904 
 528      0E6008
 529 01e1 0E57BC1E 		.ascii	"\016W\274\036[\364\363\325D\227\212\272\177LE\253Q\364"
 529      5BF4F3D5 
 529      44978ABA 
 529      7F4C45AB 
 529      51F4
 530 01f3 68581463 		.ascii	"hX\024c\204\322:W\375\2607\036\331\223\254\251\264\333"
 530      84D23A57 
 530      FDB0371E 
 530      D993ACA9 
 530      B4DB
 531 0205 50122833 		.ascii	"P\022(3b7\301*\323\356\310\215\017>\204\204\367i\310"
 531      6237C12A 
 531      D3EEC88D 
 531      0F3E8484 
 531      F769C8
 532 0218 DD45AA25 		.ascii	"\335E\252%\220\304\244j0\306I\214!A-\320r\263o\364n"
 532      90C4A46A 
 532      30C6498C 
 532      21412DD0 
 532      72B36FF4 
ARM GAS  /var/folders/_f/jzb7lsz153bclt069nvlpp5r0000gn/T//ccTldrxG.s 			page 42


 533 022d 1F18A934 		.ascii	"\037\030\25142-?+\323\336\356\372Q+\023\373\021\355"
 533      322D3F2B 
 533      D3DEEEFA 
 533      512B13FB 
 533      11ED
 534 023f 068E2D34 		.ascii	"\006\216-4\032I?\260wg\277\334Yn$WY\30705\030\334o\216"
 534      1A493FB0 
 534      7767BFDC 
 534      596E2457 
 534      59C73035 
 535 0257 9D5BFD6A 		.ascii	"\235[\375j\2715\035-a\271\325!\320\331pn\325\272\334"
 535      B9351D2D 
 535      61B9D521 
 535      D0D9706E 
 535      D5BADC
 536 026a 0647071F 		.ascii	"\006G\007\037\031#\350\353\"\350\317qz\364\374tx\327"
 536      1923E8EB 
 536      22E8CF71 
 536      7AF4FC74 
 536      78D7
 537 027c 311329E4 		.ascii	"1\023)\344[\340\320\235\223\373\010\331\316;\327\216"
 537      5BE0D09D 
 537      93FB08D9 
 537      CE3BD78E 
 538 028c CE5F3693 		.ascii	"\316_6\223\335\274S\276\267\264*\216%d\246\335\2033"
 538      DDBC53BE 
 538      B7B42A8E 
 538      2564A6DD 
 538      8333
 539 029e C78FC491 		.ascii	"\307\217\304\221R\376\256\277\263`d\0159\300;\335\223"
 539      52FEAEBF 
 539      B360640D 
 539      39C03BDD 
 539      93
 540 02af 8FBF4D60 		.ascii	"\217\277M`\216k\261k\232(\256lH\204\264uii\351ii~J\037"
 540      8E6BB16B 
 540      9A28AE6C 
 540      4884B475 
 540      6969E969 
 541 02c7 B87399EC 		.ascii	"\270s\231\354W\375\255\000[\254p\036\361[a]\210\014"
 541      57FDAD00 
 541      5BAC701E 
 541      F15B615D 
 541      880C
 542 02d9 9A185E0D 		.ascii	"\232\030^\015\375\224\376\215\356\352nU\335\344\223"
 542      FD94FE8D 
 542      EEEA6E55 
 542      DDE493
 543 02e8 E0143A9C 		.ascii	"\340\024:\234f\357\250;f\014_by\332!\015:\320.\242\265"
 543      66EFA83B 
 543      660C5F62 
 543      79DA210D 
 543      3AD02EA2 
 544 02fd A0B5411A 		.ascii	"\240\265A\032\253\000\015\344\357\251U7\275Kh\224\013"
 544      AB000DE4 
 544      EFA95537 
 544      BD4B6894 
ARM GAS  /var/folders/_f/jzb7lsz153bclt069nvlpp5r0000gn/T//ccTldrxG.s 			page 43


 544      0B
 545 030e D1519A99 		.ascii	"\321Q\232\231\322\257R\270ka0P\233\331\214\256X\025"
 545      D2AF52B8 
 545      6B613050 
 545      9BD98CAE 
 545      5815
 546 0320 6888F6FD 		.ascii	"h\210\366\375E\310\225\026\337\177AU\315\014B\022u\027"
 546      45C89516 
 546      DF7F4155 
 546      CD0C4212 
 546      7517
 547 0332 8D860C76 		.ascii	"\215\206\014vV\033\003\033i\304\306\230*<-\006\327\025"
 547      561B031B 
 547      69C4C698 
 547      2A3C2D06 
 547      D715
 548 0344 82FB2276 		.ascii	"\202\373\"v\011XD\334 \025\223\3557\214\220\276\216"
 548      095844DC 
 548      201593ED 
 548      378C90BE 
 548      8E
 549 0355 060FF61A 		.ascii	"\006\017\366\032\001:\321\367Lx\325)\011k\261\252\005"
 549      013AD1F7 
 549      4C78D529 
 549      096BB1AA 
 549      05
 550 0366 012CD2B3 		.ascii	"\001,\322\263\024\014\027\256\245p\371pb\304\226\351"
 550      140C17AE 
 550      A570F970 
 550      62C496E9 
 551 0376 D45149D0 		.ascii	"\324QI\320%6|\027\333\360\255}\365\245 \343-ES\370\033"
 551      25367C17 
 551      DBF0AD7D 
 551      F5A520E3 
 551      2D4553F8 
 552 038b 3B31831D 		.ascii	";1\203\035\235}2\033B\027\350\0066x\350\340\275E\323"
 552      9D7D321B 
 552      4217E806 
 552      3678E8E0 
 552      BD45D3
 553 039e F37B195B 		.ascii	"\363{\031[\221\272V\206\327\222u\232\275\360<~\366\200"
 553      91BA5686 
 553      D792759A 
 553      BDF03C7E 
 553      F680
 554 03b0 CC1126F7 		.ascii	"\314\021&\367t\006\022I+\337Hs\023\237T\230R?V\233k"
 554      74061249 
 554      2BDF4873 
 554      139F5498 
 554      523F569B 
 555 03c5 E6AA2BE7 		.ascii	"\346\252+\347\337()R\313\325\340\312\312\317T3\235\006"
 555      DF282952 
 555      CBD5E0CA 
 555      CACF5433 
 555      9D06
 556 03d7 97422590 		.ascii	"\227B%\220\3503\313\002\372 56[UI\343\036\2636\324\317"
 556      E833CB02 
ARM GAS  /var/folders/_f/jzb7lsz153bclt069nvlpp5r0000gn/T//ccTldrxG.s 			page 44


 556      FA203536 
 556      5B5549E3 
 556      1EB336D4 
 557 03ec D13E6DEE 		.ascii	"\321>m\356\274\033\346\035\340\203\363\247j\247\255"
 557      BC1BE61D 
 557      E083F3A7 
 557      6AA7AD
 558 03fb 6C906E86 		.ascii	"l\220n\206\313|p\361\304x\261\274j\022WX\022\203Z\022"
 558      CB7C70F1 
 558      C478B1BC 
 558      6A125758 
 558      12835A12 
 559 040f B75B46AB 		.ascii	"\267[F\253d\362\220'Qtd\271\333\302\222\360\217\035"
 559      64F29027 
 559      517464B9 
 559      DBC292F0 
 559      8F1D
 560 0421 3606D4E6 		.ascii	"6\006\324\346\225\225\013j*\235\002_\351\022\370JK`"
 560      95950B6A 
 560      2A9D025F 
 560      E912F84A 
 560      4B60
 561 0433 882570F4 		.ascii	"\210%p\364\223\312b9\004\3013\270uq\250,L;\314\301\252"
 561      93CA6239 
 561      04C133B8 
 561      7571A82C 
 561      4C3BCCC1 
 562 0448 46C7CA8C 		.ascii	"F\307\312\214z\260-\372C~\215\201]\325\300\336\353X"
 562      7AB02DFA 
 562      437E8D81 
 562      5DD5C0DE 
 562      EB58
 563 045a 7A2F8914 		.ascii	"z/\211\024\022\006V\261of\312\312\300\202\313\207\247"
 563      120656B1 
 563      6F66CACA 
 563      C082CB87 
 563      A7
 564 046b 3635BFAB 		.ascii	"65\277\253>]Y)\242[\033g\301u\035\333u\215m\344\031"
 564      3E5D5929 
 564      A25B1B67 
 564      C1751DDB 
 564      758D6DE4 
 565 0480 D96E3C0B 		.ascii	"\331n<\013\333\030c\033\325\330\006OOvXH\011g\373n\341"
 565      DB18631B 
 565      D5D8064F 
 565      4F765848 
 565      0967FB6E 
 566 0495 C06519D9 		.ascii	"\300e\031\331\3745*^\024\006\025\377ET\015t\006\214"
 566      FC352A5E 
 566      140615FF 
 566      45540D74 
 566      068C
 567 04a7 EBB8C635 		.ascii	"\353\270\3065\256`\324\242o\326\026\275\361F\3371>\204"
 567      AE60D4A2 
 567      6FD616BD 
 567      F146DF31 
 567      3E84
ARM GAS  /var/folders/_f/jzb7lsz153bclt069nvlpp5r0000gn/T//ccTldrxG.s 			page 45


 568 04b9 97344C70 		.ascii	"\2274Lp\254\217\307\372\375\211!\326I>x\352\301D\374"
 568      AC8FC7FA 
 568      FD8921D6 
 568      493E78EA 
 568      C144FC
 569 04cc AAA8B718 		.ascii	"\252\250\267\030\352M\015ux{\353\222\205\034\340\250"
 569      EA4D0D75 
 569      787BEB92 
 569      851CE0A8 
 570 04dc 350557A7 		.ascii	"5\005W\247\343\031\252\377<=\321\264\212\204\316\200"
 570      E319AAFF 
 570      3C3DD1B4 
 570      8A84CE80 
 571 04ec 291DEA94 		.ascii	")\035\352\224\206z\233\241\236\336?\334\234\304\020"
 571      867A9BA1 
 571      9EDE3FDC 
 571      9CC410
 572 04fb E8A5CC59 		.ascii	"\350\245\314Yw\315\016\266%\204\260\276\346X\007{\352"
 572      77CD0EB6 
 572      2584B0BE 
 572      E658077B 
 572      EA
 573 050c 1F9155B9 		.ascii	"\037\221U\271\3560\256i\215+P\324s;\221\034\342\\}\323"
 573      EE30AE69 
 573      8D2B50D4 
 573      733B911C 
 573      E25C7DD3 
 574 0520 8FAEC771 		.ascii	"\217\256\307q\256\3510\027\316\200\031\035\327\214\306"
 574      AEE93017 
 574      CE80191D 
 574      D78CC6
 575 052f 35CBB84A 		.ascii	"5\313\270J\307N~n!U\\\241\261\246\257=\211+,\207\025"
 575      C74E7E6E 
 575      21555CA1 
 575      B1A6AF3D 
 575      892B2C87 
 576 0544 E822DCD5 		.ascii	"\350\"\334\325)\334\325\024\3561\205\257\233\212K\343"
 576      29DCD514 
 576      EE3185AF 
 576      9B8A4BE3 
 577 0554 C959AED0 		.ascii	"\311Y\256\320Up\3511\341\012\037\211\275\377;&\360\215"
 577      5570E931 
 577      E10A1F89 
 577      BDFF3B26 
 577      F08D
 578 0566 4EE01B4D 		.ascii	"N\340\033M\340>\023\330W\332\375\037\0239\317\004\344"
 578      E03E13D8 
 578      57DAFD1F 
 578      1339CF04 
 578      E4
 579 0577 5B8B630B 		.ascii	"[\213c\013&H\261\244\247\224\341\241\237\007\213\264"
 579      2648B1A4 
 579      A794E1A1 
 579      9F078BB4 
 580 0587 9DFD4A16 		.ascii	"\235\375J\026\356^\233\027\372\225\374\026o5\372J\202"
 580      EE5E9B17 
 580      FA95FC16 
ARM GAS  /var/folders/_f/jzb7lsz153bclt069nvlpp5r0000gn/T//ccTldrxG.s 			page 46


 580      6F35FA4A 
 580      82
 581 0598 07589987 		.ascii	"\007X\231\207\3427r\207\272\211\216\302\234\220\347"
 581      E2377287 
 581      BA898EC2 
 581      9C90E7
 582 05a7 AD0CC7B9 		.ascii	"\255\014\307\271\020\206\372b\270\3513\010U\234\257"
 582      1086FA62 
 582      B8E93308 
 582      559CAF
 583 05b6 C270D39E 		.ascii	"\302p\323\236\177%\351\013N5\302\025\177\304*\376\235"
 583      7F25E90B 
 583      4E35C215 
 583      7FC42AFE 
 583      9D
 584 05c7 56F1854B 		.ascii	"V\361\205K\265\345\011\244\235g\333[zf \201e\033\254"
 584      B5E509A4 
 584      9D67DB5B 
 584      7A662081 
 584      651BAC
 585 05da 6E53B4F3 		.ascii	"nS\264\363\244\002\233\005\013\272\224\027\264\224\037"
 585      A4029B05 
 585      0BBA9417 
 585      B4941F
 586 05e9 B394EBC7 		.ascii	"\263\224\353\307oV\257\211\270w\351\301\012\007]\024"
 586      6F56AF89 
 586      B877E9C1 
 586      0A075D14 
 587 05f9 F7EE22BB 		.ascii	"\367\356\"\273w\007\317\354,\226\311%\036\363\302\336"
 587      7707CFEC 
 587      2C96C925 
 587      1EF3C2DE 
 588 0609 D34DB4C2 		.ascii	"\323M\264\302\315\376`CQw\202*\356\227\027\330\305\012"
 588      CDFE6043 
 588      5177822A 
 588      EE9717D8 
 588      C50A
 589 061b 4F74319F 		.ascii	"Ot1\237h1\227\370a\331\331:\020\371\317\015\275\221"
 589      683197F8 
 589      61D9D93A 
 589      10F9CF0D 
 589      BD91
 590 062d C2319F8A 		.ascii	"\3021\237\212\230OY\314\206\252\231\236\244\010\357"
 590      984F59CC 
 590      86AA999E 
 590      A408EF
 591 063c DE08EF65 		.ascii	"\336\010\357e\341\275\314\274\003\0376\324\033\"\274"
 591      E1BDCCBC 
 591      031F36D4 
 591      1B22BC
 592 064b AF45787F 		.ascii	"\257Ex\177/\274\351\267)\337\345\366\375\326\3563\376"
 592      2FBCE9B7 
 592      29DFE5F6 
 592      FDD6EE33 
 592      FE
 593 065c E92F5B53 		.ascii	"\351/[S_\225,v\273\030\260\333\362\275\036[V\216\323"
 593      5F952C76 
ARM GAS  /var/folders/_f/jzb7lsz153bclt069nvlpp5r0000gn/T//ccTldrxG.s 			page 47


 593      BB18B0DB 
 593      F2BD1E5B 
 593      568ED3
 594 066f 91657B55 		.ascii	"\221e{U\311\312rxl\177w:78<\331\033\3349ne\203\342x"
 594      C9CA7278 
 594      6C7F773A 
 594      37383CD9 
 594      1BDC396E 
 595 0687 D3B5E137 		.ascii	"\323\265\3417\257\330^\332\370\342\313\033_y\351e[\304"
 595      AFD85EDA 
 595      F8E2CB1B 
 595      5F79E965 
 595      5BC4
 596 0699 1B9BCBED 		.ascii	"\033\233\313\355\314\312\317Tl\331\016\347\333.\267"
 596      CCCACF54 
 596      6CD90EE7 
 596      DB2EB7
 597 06a8 62B3672A 		.ascii	"b\263g*o9\362\263|v\337\266\\\305\233\361\266\364\327"
 597      6F39F2B3 
 597      7C76DFB6 
 597      5CC59BF1 
 597      B6F4D7
 598 06bb FF8FBE77 		.ascii	"\377\217\276w\233\327f\367\3722\021\032EM\257\347+\371"
 598      9BD766F7 
 598      FA32111A 
 598      454DAFE7 
 598      2BF9
 599 06cd 8ADD276F 		.ascii	"\212\335'o\335\372\347?\376<#\303\306\377\336t8\337"
 599      DDFAE73F 
 599      FE3C23C3 
 599      C6FFDE74 
 599      38DF
 600 06df 51DC99A1 		.ascii	"Q\334\231\241I\224\001y(\206\234\351\3609\314NG\256"
 600      49940179 
 600      28869CE9 
 600      F039CC4E 
 600      47AE
 601 06f1 C3E9F26D 		.ascii	"\303\351\362m\213{\313\223\343\366\311\036\305\341\221"
 601      8B7BCB93 
 601      E3F6C91E 
 601      C5E191
 602 0700 BDAE7F2A 		.ascii	"\275\256\177*/\254*\221G\003\341\374u\036%;\347\037"
 602      2FAC2A91 
 602      4703E1FC 
 602      751E253B 
 602      E71F
 603 0712 8A3D37C7 		.ascii	"\212=7\307kw\272<\316|L\344\247?\230\345\3658\305\014"
 603      6B77BA3C 
 603      CE7C4CE4 
 603      A73F98E5 
 603      F538C50C 
 604 0726 A7942866 		.ascii	"\247\224(f`\250l{\336\232<;\357g\344:<\276\214_\233"
 604      60A86C7B 
 604      DE9A3C3B 
 604      EF67E43A 
 604      3CBE8C5F 
 605 073b B5BE31CF 		.ascii	"\265\2761\317\356r\273|\226<\273\342fS\361)SaO\246<"
ARM GAS  /var/folders/_f/jzb7lsz153bclt069nvlpp5r0000gn/T//ccTldrxG.s 			page 48


 605      EE72BB7C 
 605      963CBBE2 
 605      6653F129 
 605      53614FA6 
 606 0750 3BE38CB3 		.ascii	";\343\214\263\377!''\013\307]^%;\327\267\3559\035K\026"
 606      FF212727 
 606      0BC75D5E 
 606      253BD7B7 
 606      ED391D4B 
 607 0765 16DDE1F9 		.ascii	"\026\335\341\371/\025\362\036M"
 607      2F15F21E 
 607      4D
 608              		.text
 609              		.section	.gnu.lto_.symtab.99010af63bcdf08b,"",%progbits
 610 0000 715F7265 		.ascii	"q_remove\000\000\000\000\000\000\000\000\000\000\000"
 610      6D6F7665 
 610      00000000 
 610      00000000 
 610      000000
 611 0013 00E00000 		.ascii	"\000\340\000\000\000q_init\000\000\000\000\000\000\000"
 611      00715F69 
 611      6E697400 
 611      00000000 
 611      0000
 612 0025 00000000 		.ascii	"\000\000\000\000\000\346\000\000\000q_enqueue\000\000"
 612      00E60000 
 612      00715F65 
 612      6E717565 
 612      75650000 
 613 0039 00000000 		.ascii	"\000\000\000\000\000\000\000\000\000\000\353\000\000"
 613      00000000 
 613      0000EB00 
 613      00
 614 0046 00715F64 		.ascii	"\000q_dequeue\000\000\000\000\000\000\000\000\000\000"
 614      65717565 
 614      75650000 
 614      00000000 
 614      00000000 
 615 005a 0000ED00 		.ascii	"\000\000\355\000\000\000q_front\000\000\000\000\000"
 615      0000715F 
 615      66726F6E 
 615      74000000 
 615      0000
 616 006c 00000000 		.ascii	"\000\000\000\000\000\000\000\357\000\000\000q_isemp"
 616      000000EF 
 616      00000071 
 616      5F697365 
 616      6D70
 617 007e 74790000 		.ascii	"ty\000\000\000\000\000\000\000\000\000\000\000\000\370"
 617      00000000 
 617      00000000 
 617      0000F8
 618 008d 000000   		.ascii	"\000\000\000"
 619              		.text
 620              		.section	.gnu.lto_.opts,"",%progbits
 621 0000 272D6666 		.ascii	"'-ffp-contract=off' '-fno-trapv' '-mcpu=cortex-m4' "
 621      702D636F 
ARM GAS  /var/folders/_f/jzb7lsz153bclt069nvlpp5r0000gn/T//ccTldrxG.s 			page 49


 621      6E747261 
 621      63743D6F 
 621      66662720 
 622 0033 272D6D74 		.ascii	"'-mthumb' '-mfloat-abi=hard' '-mfpu=fpv4-sp-d16' '-"
 622      68756D62 
 622      2720272D 
 622      6D666C6F 
 622      61742D61 
 623 0066 67676462 		.ascii	"ggdb' '-O2' '-fomit-frame-pointer' '-falign-functio"
 623      2720272D 
 623      4F322720 
 623      272D666F 
 623      6D69742D 
 624 0099 6E733D31 		.ascii	"ns=16' '-ffunction-sections' '-fdata-sections' '-fn"
 624      36272027 
 624      2D666675 
 624      6E637469 
 624      6F6E2D73 
 625 00cc 6F2D636F 		.ascii	"o-common' '-flto' '-fsingle-precision-constant'\000"
 625      6D6D6F6E 
 625      2720272D 
 625      666C746F 
 625      2720272D 
 626              		.text
 627              		.comm	__gnu_lto_v1,1,1
 628              		.comm	__gnu_lto_slim,1,1
 629              		.ident	"GCC: (GNU Tools for ARM Embedded Processors) 4.9.3 20150529 (release) [ARM/embedded-4_9-br
ARM GAS  /var/folders/_f/jzb7lsz153bclt069nvlpp5r0000gn/T//ccTldrxG.s 			page 50


DEFINED SYMBOLS
                            *ABS*:0000000000000000 queue.c
                            *COM*:0000000000000001 __gnu_lto_v1
                            *COM*:0000000000000001 __gnu_lto_slim

NO UNDEFINED SYMBOLS
