ARM GAS  /var/folders/_f/jzb7lsz153bclt069nvlpp5r0000gn/T//ccPK7SiJ.s 			page 1


   1              		.syntax unified
   2              		.cpu cortex-m4
   3              		.eabi_attribute 27, 1
   4              		.eabi_attribute 28, 1
   5              		.fpu fpv4-sp-d16
   6              		.eabi_attribute 20, 1
   7              		.eabi_attribute 21, 1
   8              		.eabi_attribute 23, 3
   9              		.eabi_attribute 24, 1
  10              		.eabi_attribute 25, 1
  11              		.eabi_attribute 26, 1
  12              		.eabi_attribute 30, 2
  13              		.eabi_attribute 34, 1
  14              		.eabi_attribute 18, 4
  15              		.thumb
  16              		.file	"stack.c"
  17              		.text
  18              	.Ltext0:
  19              		.section	.gnu.lto_.profile.1e83cf49ee29850a,"",%progbits
  20 0000 789C6366 		.ascii	"x\234cf```a\200\000F\006Ws\000\0015\000\205"
  20      60606061 
  20      80004606 
  20      57730001 
  20      350085
  21              		.text
  22              		.section	.gnu.lto_.jmpfuncs.1e83cf49ee29850a,"",%progbits
  23 0000 789C6D8A 		.ascii	"x\234m\212\301\015\3000\020\30204\312H\035-\317[\275"
  23      C10DC030 
  23      10C23034 
  23      CA481D2D 
  23      CF5BBD
  24 0013 5729F985 		.ascii	"W)\371\205\007\266\020\321=\357\346P\200YU\034I\226"
  24      07B610D1 
  24      3DEFE650 
  24      8059551C 
  24      4996
  25 0025 50167F59 		.ascii	"P\026\177Y\262qz64\236~\225>\325\326\007a"
  25      B2717A36 
  25      349E7E95 
  25      3ED5D607 
  25      61
  26              		.text
  27              		.section	.gnu.lto_.inline.1e83cf49ee29850a,"",%progbits
  28 0000 789C6D51 		.ascii	"x\234mQ\261J\304P\020\234\335\274$/G\314\005\265\361"
  28      B14AC450 
  28      109CDDBC 
  28      242F47CC 
  28      05B5F1
  29 0013 38B85888 		.ascii	"8\270X\210\225\340\027H\012k\361\023l\024\363\027\261"
  29      95E01748 
  29      0A6BF113 
  29      6C14F317 
  29      B1
  30 0024 BB42C45A 		.ascii	"\273B\304Z,R\235\247\205?`\023\301NA\375\001\005\261"
  30      2C529DA7 
  30      853F6013 
  30      C14E41FD 
ARM GAS  /var/folders/_f/jzb7lsz153bclt069nvlpp5r0000gn/T//ccPK7SiJ.s 			page 2


  30      0105B1
  31 0037 B8D6D24A 		.ascii	"\270\326\322Jw7\036(\230\220\331}\363\362vf\222\000"
  31      77371E28 
  31      9890D97D 
  31      F3F27666 
  31      9200
  32 0049 FF5F2FD4 		.ascii	"\377_/\324\325\020\350%\304,K\222\307\271f\204^\273"
  32      D510E825 
  32      C42C4B92 
  32      C7B96684 
  32      5EBB
  33 005b C590C681 		.ascii	"\305\220\306\201\237\372\251\276E\3102J\350\360\203"
  33      9FFAA9BE 
  33      45C8324A 
  33      E8F083
  34 006a E9F5FDF1 		.ascii	"\351\365\375\361\331\317\370\223\225\276\240\001\250"
  34      D9CFF893 
  34      95BEA001 
  34      A8
  35 0077 B2823F9B 		.ascii	"\262\202?\233:n\252le\205\367e\363\344\376\3546\320"
  35      3A6EAA6C 
  35      6585F765 
  35      F3E4FEEC 
  35      36D0
  36 0089 4DFE22D0 		.ascii	"M\376\"\320\245\322\007VTX$\240\247\304\017\242fd\372"
  36      A5D20756 
  36      545824A0 
  36      A7C40FA2 
  36      6664FA
  37 009c B5E07858 		.ascii	"\265\340xX;\017w\276R\373\302\233\341\0145I\033\234"
  37      3B0F77BE 
  37      52FBC29B 
  37      E10C3549 
  37      1B9C
  38 00ae EEE8CD58 		.ascii	"\356\350\315X\312)\222\323A\251\260\247P\310@*\264\323"
  38      CA2992D3 
  38      41A9B0A7 
  38      50C8402A 
  38      B4D3
  39 00c0 D1847E28 		.ascii	"\321\204~(\241\342v\215A\263\3301\342\351\206\323\326"
  39      A1E2768D 
  39      41B3D831 
  39      E2E986D3 
  39      D6
  40 00d1 1BE1552A 		.ascii	"\033\341U*\0055Q\316\206\3406]V(l]v\250\304\266BM\032"
  40      053551CE 
  40      86E0365D 
  40      56286C5D 
  40      76A8C4B6 
  41 00e8 5D662FA6 		.ascii	"]f/\246\024Z\352\243\311\315ql\301$\306\025\015\304"
  41      145AEAA3 
  41      C9CD716C 
  41      C124C615 
  41      0DC4
  42 00fa 4AF553E7 		.ascii	"J\365S\347\276:7\013\363p\"+b\341x=G\3640\314%\315$"
  42      BE3A370B 
  42      F370222B 
ARM GAS  /var/folders/_f/jzb7lsz153bclt069nvlpp5r0000gn/T//ccPK7SiJ.s 			page 3


  42      62E1783D 
  42      47F430CC 
  43 0111 1337F1F5 		.ascii	"\0237\361\365\252\007\275\271B\235i\001\337%\233F\225"
  43      AA07BDB9 
  43      429D6901 
  43      DF259B46 
  43      95
  44 0122 1D551AB5 		.ascii	"\035U\032\265k_\302\301\005\226/(\335\257\301\256C\373"
  44      6B5FC2C1 
  44      05962F28 
  44      DDAFC1AE 
  44      43FB
  45 0134 BBDF7D18 		.ascii	"\273\337}\030M\212"
  45      4D8A
  46              		.text
  47              		.section	.gnu.lto_.pureconst.1e83cf49ee29850a,"",%progbits
  48 0000 789C6366 		.ascii	"x\234cf``\340f\200\000V\006)F\011&)f)\026V\000\003\363"
  48      6060E066 
  48      80005606 
  48      29460926 
  48      29662916 
  49 0018 0089     		.ascii	"\000\211"
  50              		.text
  51              		.section	.gnu.lto_stack_init.part.0.1e83cf49ee29850a,"",%progbits
  52 0000 789C9552 		.ascii	"x\234\225RKO\023Q\024\276\337\275\363\250T\220\270\023"
  52      4B4F1351 
  52      14BEDFBD 
  52      F3A85490 
  52      B813
  53 0012 6242C4CA 		.ascii	"bB\304\312Fh\334\271\364'\370\017\210\224\232\030\204"
  53      4668DCB9 
  53      F427F80F 
  53      88949A18 
  53      84
  54 0023 85C5856E 		.ascii	"\205\305\205n\230bm\214qajB\210B\000\225\"\202\245<"
  54      98626D8C 
  54      71616A42 
  54      88420095 
  54      2282A53C 
  55 0037 E569BA70 		.ascii	"\345i\272p\201\013QYH \306W@\305G\002\265\2414D\353"
  55      810B5159 
  55      4820C657 
  55      40C54702 
  55      B5A13444 
  56 004c 39778C41 		.ascii	"9w\214A\\\250\223\231\2369g\276\357;\337=\247J\374y"
  56      5CA89399 
  56      9E3967BE 
  56      EF3BDF3D 
  56      A74AFC79 
  57 0060 1DA627AA 		.ascii	"\035\246'\252\2048J\021\246\200qu\216^\014H\035%\024"
  57      84384A11 
  57      A6807175 
  57      8E5E0C48 
  57      1D2514
  58 0073 C7B04701 		.ascii	"\307\260G\001\374\" \232\014\251\320\204U\271.1\221"
  58      FC22209A 
  58      0CA9D084 
ARM GAS  /var/folders/_f/jzb7lsz153bclt069nvlpp5r0000gn/T//ccPK7SiJ.s 			page 4


  58      55B92E31 
  58      91
  59 0084 C83CF67E 		.ascii	"\310<\366~\2209)\312\004\245\223\261\331V\213S\030\234"
  59      903929CA 
  59      04A593B1 
  59      D9568B53 
  59      189C
  60 0096 6E75AFAD 		.ascii	"nu\257\255Z\025\335\216\343\254\315\367\254\034O\031"
  60      5A15DD8E 
  60      E3ACCDF7 
  60      AC1C4F19 
  61 00a6 3929C557 		.ascii	"9)\305W)\320\203\022\334A\011\313\365\242\202\220\227"
  61      29D08312 
  61      DC4109CB 
  61      F5A28290 
  61      97
  62 00b7 6F0F76EE 		.ascii	"o\017v\356Ve`Vk2}\251\300w\313q\232S3C\3161\")\334\205"
  62      56656056 
  62      6B327DA9 
  62      C077CB71 
  62      9A533343 
  63 00d1 DACEA392 		.ascii	"\332\316\243\222@\037|\204\376\270\360f\326\253\016"
  63      401F7C84 
  63      FEB8F066 
  63      D6AB0E
  64 00e0 68667C33 		.ascii	"hf|3\321\353u\231\213.\323@\377N\246!pO3\347\007\206"
  64      D1EB7599 
  64      8B2ED340 
  64      FF4EA621 
  64      704F33E7 
  65 00f6 C70AD521 		.ascii	"\307\012\325!\315L'?\237t\211[.\321Db'\221f3\000\037"
  65      CD4C273F 
  65      9F74895B 
  65      2ED14462 
  65      27916633 
  66 010c A33712DD 		.ascii	"\2437\022\335I[\035\321\314\216\\\327u\243\274\213\250"
  66      495B1DD1 
  66      CC8E5CD7 
  66      75A3BC8B 
  66      A8
  67 011d AF1F3DAD 		.ascii	"\257\037=\255ME:\235\357\371<X \371\273\200{\021c=\362"
  67      4D453A9D 
  67      EFF93C58 
  67      20F9BB80 
  67      7B11633D 
  68 0132 6DC16B45 		.ascii	"m\301kEh*\305\030D9\017\204\3460\004\013\024\2702\260"
  68      682AC518 
  68      44390F84 
  68      E630040B 
  68      14B832B0 
  69 0146 D771F2F9 		.ascii	"\327q\362\371\367/d!\300-I\204\252\264\000\362m\200"
  69      F72F6421 
  69      C02D4984 
  69      AAB400F2 
  69      6D80
  70 0158 CF6DB21D 		.ascii	"\317m\262\035\213~,[\360L\3052=\274\236e:\036E\265B"
  70      8B7E2C5B 
ARM GAS  /var/folders/_f/jzb7lsz153bclt069nvlpp5r0000gn/T//ccPK7SiJ.s 			page 5


  70      F04CC532 
  70      3DBC9E65 
  70      3A1E45B5 
  71 016d 458E4BB8 		.ascii	"E\216K\270\320\026\235\213\230,\237\2252K\335%b\027"
  71      D0169D8B 
  71      982C9F95 
  71      324BDD25 
  71      6217
  72 017f C7C78B78 		.ascii	"\307\307\213xK$\201a\262\366\234\326\314\375\251\013"
  72      4B248161 
  72      B2F69CD6 
  72      CCFDA90B 
  73 018f 81C4129A 		.ascii	"\201\304\022\232[\006\343\245\\\"\364\253\345'\317<"
  73      5B06E3A5 
  73      5C22F4AB 
  73      E527CF3C 
  74 019f 8C56DAFD 		.ascii	"\214V\332\375\350f\307\227\302v\334\010;\216''\355,"
  74      E866C797 
  74      C276DC08 
  74      3B8E2727 
  74      ED2C
  75 01b1 8D78844F 		.ascii	"\215x\204OG\237\3322\327\026\367T\366\321\301x\323\036"
  75      479FDA32 
  75      D716F754 
  75      F6D1C178 
  75      D31E
  76 01c3 8CA21D69 		.ascii	"\214\242\035i>\234\300\030*\263$@vZ\242\033#\273\\;"
  76      3E9CC018 
  76      2AB32440 
  76      765AA21B 
  76      23BB5C3B 
  77 01d7 2635DBFE 		.ascii	"&5\333\376\2471i5\367I\213P\255\321\014\\\020\335\212"
  77      A7316935 
  77      F7498B50 
  77      ADD10C5C 
  77      10DD8A
  78 01ea A06C2AD6 		.ascii	"\240l*\326U\364\323\323?\233\2600\256M\200ML\260\011"
  78      55F4D3D3 
  78      3F9BB030 
  78      AE4D804D 
  78      4CB009
  79 01fd 8B95D692 		.ascii	"\213\225\326\222\375\373\376.u\363\323\303\267E\277"
  79      FDFBFE2E 
  79      75F3D3C3 
  79      B745BF
  80 020c A44C4C6A 		.ascii	"\244LLj)\275\255)T\022 \034\237\272bk\347T\232\326\316"
  80      29BDAD29 
  80      5412201C 
  80      9FBA626B 
  80      E7549AD6 
  81 0221 9B63EBFD 		.ascii	"\233c\353\375\245\377/=\243\245\025K?`\227\334d\205"
  81      A5FF2F3D 
  81      A3A5154B 
  81      3F6097DC 
  81      6485
  82 0233 72DEE14B 		.ascii	"r\336\341K\204\213EV\332B\274\203\215\203%r\272\216"
  82      848B4556 
ARM GAS  /var/folders/_f/jzb7lsz153bclt069nvlpp5r0000gn/T//ccPK7SiJ.s 			page 6


  82      DA42BC83 
  82      8D832572 
  82      BA8E
  83 0245 F60CFE46 		.ascii	"\366\014\376F\260\375UU~\367\2569\021\250\0136\324\372"
  83      B0FD5555 
  83      7EF7AE39 
  83      11A80B36 
  83      D4FA
  84 0257 436702FE 		.ascii	"Cg\002\376P#%U\001\201\220\252\017\326\027\204N\235"
  84      50232555 
  84      018190AA 
  84      0FD61784 
  84      4E9D
  85 0269 0F56D79C 		.ascii	"\017V\327\234k\014\206\354\206\263\365\325\301\323\215"
  85      6B0C86EC 
  85      86B3F5D5 
  85      C1D38D
  86 0278 3F008CBC 		.ascii	"?\000\214\274E\325"
  86      45D5
  87              		.text
  88              		.section	.gnu.lto_stack_init.1e83cf49ee29850a,"",%progbits
  89 0000 789C6592 		.ascii	"x\234e\222\317k\023A\024\307\337wfv\223&\025\202\340"
  89      CF6B1341 
  89      14C7DF77 
  89      66769326 
  89      1582E0
  90 0013 25A01443 		.ascii	"%\240\024C\332[B\361\342M\377\004\361\037(6\215 \232"
  90      DA5B42F1 
  90      E24DFF04 
  90      F11F2836 
  90      8D209A
  91 0026 1E9A7850 		.ascii	"\036\232xP(\2356A\212B\025O%\207\332\242\261\266j\222"
  91      289D3641 
  91      8A42154F 
  91      2587DAA2 
  91      B1B66A92 
  92 003a B65A5054 		.ascii	"\266ZPT\342E*R\177T\245\012\342\017h\304\212\207\266"
  92      E2452A52 
  92      7F54A50A 
  92      E20F68C4 
  92      8A87B6
  93 004d 91DA1074 		.ascii	"\221\332\020t}\263[J\255\313\356\316\276\335\317\347"
  93      7DB35B4A 
  93      ADCBEECE 
  93      BEDDCFE7 
  94 005d CDBC372B 		.ascii	"\315\2747+\351\377\343(_\003\202\350 \217\360\021\304"
  94      E9FFE328 
  94      5F0382E8 
  94      208FF011 
  94      C4
  95 006e A5E744FD 		.ascii	"\245\347D\375~!\354u\037\351\200\314?!\322\315r3T^\250"
  95      7E21EC75 
  95      1FE980CC 
  95      3F21D2CD 
  95      7233545E 
  96 0083 84FD601F 		.ascii	"\204\375`\037\207\326\2338G\026l#\301\006\314H\240>"
  96      87D69B38 
ARM GAS  /var/folders/_f/jzb7lsz153bclt069nvlpp5r0000gn/T//ccPK7SiJ.s 			page 7


  96      47166C23 
  96      C106CC48 
  96      A03E
  97 0095 219565A3 		.ascii	"!\225e\243\017\313bU\340^\361\347|\360\233\250\013j"
  97      0FCB6255 
  97      E05EF1E7 
  97      7CF09BA8 
  97      0B6A
  98 00a7 210EEF5F 		.ascii	"!\016\357_\236\033\266M\010e\302Fae\331n+h\255W\026"
  98      9E1BB64D 
  98      0865C246 
  98      6165D96E 
  98      2B68AD57 
  99 00bc C6AB472A 		.ascii	"\306\253G*\252.\004\325\004a\034a\334@\330$\234@\033"
  99      AA2E04D5 
  99      04611C61 
  99      DC40D824 
  99      9C401B
 100 00cf 93E7AF4D 		.ascii	"\223\347\257M\2156\313\026\030k\270\2746\030\210^\325"
 100      8D36CB16 
 100      186BB8BC 
 100      3618885E 
 100      D5
 101 00e0 7AA0F270 		.ascii	"z\240\362pZ\037fIb\022r\273\307\257\0107\021e\372\373"
 101      5A1F6649 
 101      621272BB 
 101      C7AF0837 
 101      1165FAFB 
 102 00f4 E297B9A0 		.ascii	"\342\227\271\240\334\357\232\3277\212\023A\317|\357"
 102      DCEF9AD7 
 102      378A1341 
 102      CF7CEF
 103 0103 990AB776 		.ascii	"\231\012\267v\232\212p\3335\027J3\263\273d\253k\256"
 103      9A8A70DB 
 103      35174A33 
 103      B3BB64AB 
 103      6BAE
 104 0115 957F1CF7 		.ascii	"\225\177\034\367\304\206'Z(\356\024-B\011QC\257\027"
 104      C486275A 
 104      28EE142D 
 104      42095143 
 104      AF17
 105 0127 0B659F6C 		.ascii	"\013e\237lw\315+\365\261\274\212\214\261\372\371\351"
 105      77CD2BF5 
 105      B1BC8A8C 
 105      B1FAF9E9 
 106 0137 CBAE4A6E 		.ascii	"\313\256JnT\377q\034\230\004\345\177\023x\007\033\253"
 106      54FF711C 
 106      9804E57F 
 106      1378071B 
 106      AB
 107 0148 B9DF8B41 		.ascii	"\271\337\213A;\307]\011a\012\021\323\020\356\3034\367"
 107      3BC75D09 
 107      610A11D3 
 107      10EEC334 
 107      F7
 108 0159 98C7D2EE 		.ascii	"\230\307\322\356\212v\234\332\310\305\354\201=M\340"
ARM GAS  /var/folders/_f/jzb7lsz153bclt069nvlpp5r0000gn/T//ccPK7SiJ.s 			page 8


 108      8A769CDA 
 108      C8C5EC81 
 108      3D4DE0
 109 0168 59B9637C 		.ascii	"Y\271c|\2230\213V0E[p\327AK\354\231M\2512\302\243|\213"
 109      93308B56 
 109      30455B70 
 109      D7414BEC 
 109      994DA932 
 110 0180 DCBBACD3 		.ascii	"\334\273\254\323n2\375\022\222'\372\264\364\342\225"
 110      6E32FD12 
 110      9227FAB4 
 110      F4E295
 111 018f DFEC86E2 		.ascii	"\337\354\206\342\3743\233K\250r\353x\247=\272\307\203"
 111      FC339B4B 
 111      A872EB78 
 111      A73DBAC7 
 111      83
 112 01a0 D5765832 		.ascii	"\325vX2|g\013Vt\341\220a\347\263\223\360`\213\341\241"
 112      7C670B56 
 112      74E19061 
 112      E7B393F0 
 112      608BE1A1 
 113 01b4 67F9C7D2 		.ascii	"g\371\307\322\300\226\003\302\335-\332\242G\255\362"
 113      C09603C2 
 113      DD2DDAA2 
 113      47ADF2
 114 01c3 03CE853C 		.ascii	"\003\316\205<\324\374!#\257\207\212\242\267\241\007"
 114      D4FC2123 
 114      AF878AA2 
 114      B7A107
 115 01d2 B5BF2EEC 		.ascii	"\265\277.\354\232\340\"1\213^\342Yy\225\234\256.|\256"
 115      9AE02231 
 115      8B5EE259 
 115      79959CAE 
 115      2E7CAE
 116 01e5 6BBB457C 		.ascii	"k\273E|D\177\210\2771\365\025@$,7\2328\217e\036\271"
 116      447F88BF 
 116      31F51540 
 116      242C379A 
 116      388F651E 
 117 01fa 9791B032 		.ascii	"\227\221\2602u\303\240\\\375\336X,\356\235\235\307\022"
 117      75C3A05C 
 117      FDDE582C 
 117      EE9D9DC7 
 117      12
 118 020b 2793DD5D 		.ascii	"'\223\335]\361tO\"\236\316p\020K\020\3222\225L\005\322"
 118      F1744F22 
 118      9ECE7010 
 118      4B10D232 
 118      954C05D2 
 119 021f 27CE263B 		.ascii	"'\316&;:\317d\222i_\367\351TG\362T\346/\207\316\356"
 119      3ACF6492 
 119      695FF7E9 
 119      5447F254 
 119      E62F87CE 
 120 0234 F3       		.ascii	"\363"
 121              		.text
ARM GAS  /var/folders/_f/jzb7lsz153bclt069nvlpp5r0000gn/T//ccPK7SiJ.s 			page 9


 122              		.section	.gnu.lto_stack_push.1e83cf49ee29850a,"",%progbits
 123 0000 789C8D53 		.ascii	"x\234\215SmK\223Q\030>\327\363\266gsk\2637baH%\006\241"
 123      6D4B9351 
 123      183ED7F3 
 123      B667736B 
 123      B3376261 
 124 0018 FBD077F1 		.ascii	"\373\320w\361'\364\013\002[~*\012\262\372\352\343\024"
 124      27F40B02 
 124      5B7E2A0A 
 124      B2FAEAE3 
 124      14
 125 0029 7BFB128B 		.ascii	"{\373\022\213L*)S\311r\276\255\\iZ\263\004\023z!\250"
 125      4C2A2953 
 125      C972BEAD 
 125      5C695AB3 
 125      04137A21 
 126 003e AC904271 		.ascii	"\254\220Bq\241\224\340L\260Qa\367}\316\252Y\024\216"
 126      A194E04C 
 126      B05161F7 
 126      7DCEAA59 
 126      148E
 127 0050 ED3CE73E 		.ascii	"\355<\347>\273\357\353\276\256\353\334\217.\376\376"
 127      BBEFEBBE 
 127      AEEBDC8F 
 127      2EFEFE
 128 005f ECA25FD8 		.ascii	"\354\242_\330\020b\007=a\012hg\236\012Qck\2321\352\027"
 128      1062073D 
 128      610A6867 
 128      9E0A5163 
 128      6B9A31EA 
 129 0074 8E471F2B 		.ascii	"\216G\037+\023\216W\207\241\216\015\2007\002\242Z\323"
 129      138E5787 
 129      A18E0D80 
 129      3702A25A 
 129      D3
 130 0085 0D546356 		.ascii	"\015TcVKk\350\357Z|\2227\243e4Q((\034\210>j\2648\204"
 130      4B6BE8EF 
 130      5A7C9237 
 130      A3653451 
 130      28281C88 
 131 009e C1E1D7B6 		.ascii	"\301\341\327\266\371Y\253\270\315q\234\371\251\216\324"
 131      F959ABB8 
 131      CD719CF9 
 131      A98ED4
 132 00ad EEA491D1 		.ascii	"\356\244\221\3214\361Y\023\270\206 \332\021d\270\353"
 132      34F15913 
 132      B88620DA 
 132      1164B8EB 
 133 00bd 28A6CC53 		.ascii	"(\246\314S\255\275W\274z!\270\252\261g\341\204\247\250"
 133      ADBD57BC 
 133      7A21B8AA 
 133      B167E184 
 133      A7A8
 134 00cf C57122C9 		.ascii	"\305q\"\311\241\270SNE:n@\317\255\243#\201\016\024Q"
 134      A1B8534E 
 134      453A6E40 
 134      CFADA323 
ARM GAS  /var/folders/_f/jzb7lsz153bclt069nvlpp5r0000gn/T//ccPK7SiJ.s 			page 10


 134      810E1451 
 135 00e3 F6E957E7 		.ascii	"\366\351W\347\367\350[ea\274\245-\341\226d\3129l=\327"
 135      F7E85B65 
 135      61BCA52D 
 135      E19664CA 
 135      396C3DD7 
 136 00f7 10332519 		.ascii	"\0203%\031\233\303\343\303\3431\027\303:\311\211\210"
 136      9BC3E3C3 
 136      E33117C3 
 136      3AC98988 
 137 0107 84351053 		.ascii	"\2045\020S\260\235\004\333%a\015\201n\024qz\272\356"
 137      B09D04DB 
 137      25610D81 
 137      6E14717A 
 137      BAEE
 138 0119 FB789E55 		.ascii	"\373x\236UG\351\001\246LL{`\201\236\335k\223\316\362"
 138      47E901A6 
 138      4C4C7B60 
 138      819EDD6B 
 138      93CEF2
 139 012c 724B6230 		.ascii	"rKb0\264\016TA(\314\304\244\255i\361\342\242\305\262"
 139      B40E5441 
 139      28CCC4A4 
 139      AD69F1E2 
 139      A2C5B2
 140 013f 79E7E69D 		.ascii	"y\347\346\235\207\026\227\227\026\333\307g~^\002\034"
 140      87169797 
 140      16DBC767 
 140      7E5E021C 
 141 014f E6D3E216 		.ascii	"\346\323\342\026b\232\260\331\330\024YCO\375-\"\211"
 141      629AB0D9 
 141      D8145943 
 141      4FFD2D22 
 141      89
 142 0160 74F726EE 		.ascii	"t\367&\356\266\244\231D\344\375\364\263\3476\313\320"
 142      B6A49944 
 142      E4FDF4B3 
 142      E736CBD0 
 143 0170 05F3EAFB 		.ascii	"\005\363\352\373ry\316\327\204\213\310h\236%j\336\313"
 143      7279CED7 
 143      848BC868 
 143      9E256ADE 
 143      CB
 144 0181 36D2F9D5 		.ascii	"6\322\371\325\217#SkJv\022:\342h\302\002S\026\270\211"
 144      8F23536B 
 144      4A76123A 
 144      E268C202 
 144      5316B889 
 145 0195 12C18893 		.ascii	"\022\301\210\223\353\025\240\265:\204[\022\201\325\242"
 145      EB15A0B5 
 145      3A845B12 
 145      81D5A2
 146 01a4 8F105EA2 		.ascii	"\217\020^\242\356um0K\211@\344\370\244\210\320X\231"
 146      EE756D30 
 146      4B8940E4 
 146      F8A488D0 
 146      5899
ARM GAS  /var/folders/_f/jzb7lsz153bclt069nvlpp5r0000gn/T//ccPK7SiJ.s 			page 11


 147 01b6 E4DB3B68 		.ascii	"\344\333;h\250?]\377\201\277\264x\366\215\237\341-$"
 147      A83F5DFF 
 147      81BFB478 
 147      F68D9FE1 
 147      2D24
 148 01c8 24BC34F5 		.ascii	"$\2744\365\266$X\333P\377\002\012\302V\252\177M\222"
 148      B62458DB 
 148      50FF020A 
 148      C256AA7F 
 148      4D92
 149 01da 49577287 		.ascii	"IWr\207 (\251\321R)njD\211RXs\201:\363P\315\311o\355"
 149      2028A9D1 
 149      52296E6A 
 149      44895258 
 149      73813AF3 
 150 01f3 733EEE90 		.ascii	"s>\356\220\307\227\270\300\206\011\364+\007\242\315"
 150      C797B8C0 
 150      8609F42B 
 150      07A2CD
 151 0202 1B3831D7 		.ascii	"\03381\327Ok\205\23754\027A*%x\0140e\334%\226\004,\333"
 151      4F6B859F 
 151      35341741 
 151      2A25780C 
 151      3065DC25 
 152 021a A47F2AF4 		.ascii	"\244\177*\364\256F\241\215A\251\320`\002CJa\264\376"
 152      AE46A18D 
 152      41A9D060 
 152      02434A61 
 152      B4FE
 153 022c B1A6207C 		.ascii	"\261\246 |J\341h\323L\334\220\012!pO*\214D\221%\231"
 153      4AE168D3 
 153      4CDC900A 
 153      21704F2A 
 153      8C449125 
 154 0241 CBAAE0DF 		.ascii	"\313\252\340\337\367t\377\367M'QB\320\312\313\211\254"
 154      F774FFF7 
 154      4D275142 
 154      D0CACB89 
 154      AC
 155 0252 977ED5E9 		.ascii	"\227~\325\351\302xjQ\227\235h\326\207Wz\031 I\224\250"
 155      C2786A51 
 155      979D68D6 
 155      87577A19 
 155      204994A8 
 156 0266 86648B3A 		.ascii	"\206d\213:\313\317\365\322\253\2744\271\307\203\254"
 156      CBCFF5D2 
 156      ABBC34B9 
 156      C783AC
 157 0275 97931BFF 		.ascii	"\227\223\033\377\364\322\376\313\313\315\031\006\016"
 157      F4D2FECB 
 157      CBCD1906 
 157      0E
 158 0282 E0A1F472 		.ascii	"\340\241\364rDz\231/\307\306\220s\376\0165\001\261\304"
 158      447A992F 
 158      C7C69073 
 158      FE0E3501 
 158      B1C4
ARM GAS  /var/folders/_f/jzb7lsz153bclt069nvlpp5r0000gn/T//ccPK7SiJ.s 			page 12


 159 0294 33F601C0 		.ascii	"3\366\001\300\266\240\366\251\023\330\036\324c\207\350"
 159      B6A0F6A9 
 159      13D81ED4 
 159      6387E8
 160 02a3 9500A790 		.ascii	"\225\000\247\220\256\202\322\322\220\372\356\255\010"
 160      AE82D2D2 
 160      90FAEEAD 
 160      08
 161 02b0 EFAF3CB8 		.ascii	"\357\257<\270/Tu8\034\252:BAiX\240\312\012\037\2538"
 161      2F547538 
 161      1CAA3A42 
 161      416958A0 
 161      CA0A1FAB 
 162 02c5 70B4F207 		.ascii	"p\264\362\007\334Z\204\207"
 162      DC5A8487 
 163              		.text
 164              		.section	.gnu.lto_stack_pop.1e83cf49ee29850a,"",%progbits
 165 0000 789C8D53 		.ascii	"x\234\215S\337K\223Q\030>\3179g\237\337\266\317mVW\203"
 165      DF4B9351 
 165      183ECF39 
 165      679FDFB6 
 165      CF6D5657 
 166 0015 4232F122 		.ascii	"B2\361\"tA\377@\227\375\025AYWA\027\332\275\337\324"
 166      7441FF40 
 166      97FD1541 
 166      59574117 
 166      DABDDFD4 
 167 0029 24A28B30 		.ascii	"$\242\2130\010\321\244\362G\277\363g\263\324U\253$\272"
 167      08D1A4F2 
 167      47BFF367 
 167      B3D455AB 
 167      24BA
 168 003b C8229858 		.ascii	"\310\"\230X\021\012\241\221\224\340l\264F\204\275\357"
 168      110AA191 
 168      94E06CB4 
 168      4684BDEF 
 169 004b F966CE49 		.ascii	"\371f\316I\341\307v\276s\316\336\347y\237\3479gJl}\016"
 169      E1C776BE 
 169      73CEDEE7 
 169      799FE739 
 169      674A6C7D 
 170 0060 D2F78816 		.ascii	"\322\367\210\026\242\212\336\360\011\310\013\257\205"
 170      A28ADEF0 
 170      09C80BAF 
 170      85
 171 006d 88DB52EA 		.ascii	"\210\333R\352\344\036\341\006T:&\\GA{\333\032\340\211"
 171      E41EE106 
 171      543A265C 
 171      47417BDB 
 171      1AE089
 172 0080 8068924A 		.ascii	"\200h\222J\243\011K2#1>\220\235\016~\221y)*\005-'\332"
 172      A3094B32 
 172      23313E90 
 172      9D0E7E91 
 172      79292A05 
 173 0097 5F7658BC 		.ascii	"_vX\274\204\346\345\257\376\225%\253\246\337u\335\225"
 173      84E6E5AF 
ARM GAS  /var/folders/_f/jzb7lsz153bclt069nvlpp5r0000gn/T//ccPK7SiJ.s 			page 13


 173      FE9525AB 
 173      A6DF75DD 
 173      95
 174 00a8 9ED1B473 		.ascii	"\236\321\264s\346p^J\361]\012\334@\0247\021e\272[\250"
 174      E6705E4A 
 174      F15D0ADC 
 174      40143711 
 174      65BA5BA8 
 175 00bc A1CA737D 		.ascii	"\241\312s}\303W\035U\011Fu\014\255\236\015T\367\272"
 175      C3571D55 
 175      0946750C 
 175      AD9E0D54 
 175      F7BA
 176 00ce 6E732A39 		.ascii	"ns*9\342\036\322y\251p\033\252\030G[\002wP\315-\227"
 176      E21ED279 
 176      A9701BAA 
 176      18475B02 
 176      7750CD2D 
 177 00e3 275252ED 		.ascii	"'RR\3555\310\221db.\344!\347=\244\306\335R\244\026\270"
 177      35C89164 
 177      622EE421 
 177      E73DA4C6 
 177      DD52A416 
 178 00f8 876A2ECF 		.ascii	"\207j.\317\264\376\236\015Z\255$/\302\252H\314\000,"
 178      B4FE9E0D 
 178      5AAD242F 
 178      C2AA48CC 
 178      002C
 179 010a D07B7047 		.ascii	"\320{pG\312][\353M\274J\350\235 \010\321p7\037M}\026"
 179      CA5D5BEB 
 179      4DBC4AE8 
 179      9D2008D1 
 179      70371F4D 
 180 0120 0F360D96 		.ascii	"\0176\015\226\237g\001\236\005i(s\300\274!\232\332a"
 180      9F67019E 
 180      05692873 
 180      C0BC219A 
 180      DA61
 181 0132 FE25C2B3 		.ascii	"\376%\302\263\012\032\374B,\020;\247\267H\376\351\255"
 181      0A1AFC42 
 181      2C103BA7 
 181      B748FEE9 
 181      AD
 182 0143 3EA0792C 		.ascii	">\240y,3\035W\3340'}\244e~\341\315[\233\223S\202\245"
 182      331D57DC 
 182      30277DA4 
 182      657EE1CD 
 182      5B9B9353 
 183 0159 257E5E59 		.ascii	"%~^Y.\357F\027\3622\220\243\366\203\034\026\355\367"
 183      2EEF4617 
 183      F23290A3 
 183      F6831C16 
 183      EDF7
 184 016b 7C9DFA14 		.ascii	"|\235\372\024\252\335O\364\030B7VY\265\3000j\305\014"
 184      AADD4FF4 
 184      18423756 
 184      59B5C030 
ARM GAS  /var/folders/_f/jzb7lsz153bclt069nvlpp5r0000gn/T//ccPK7SiJ.s 			page 14


 184      6AC50C
 185 017e 5ADFB544 		.ascii	"Z\337\265D7\010\343\327'\317\2271\241\217\012FL\326"
 185      3708E3D7 
 185      27CF9731 
 185      A18F0A46 
 185      4CD6
 186 0190 DC5F8974 		.ascii	"\334_\211t\214\332\267\264\267\275\350<\340U\257+\350"
 186      8CDAB7B4 
 186      B7BDE83C 
 186      E055AF2B 
 186      E8
 187 01a1 CAF7F90D 		.ascii	"\312\367\371\015`\215\236\260\300(\201Hh;\270\254HS"
 187      608D9EB0 
 187      C0288148 
 187      683BB8AC 
 187      4853
 188 01b3 DC7553FA 		.ascii	"\334uS\372\337\272\356o\350J\240\226\350\205q\233\316"
 188      DFBAEE6F 
 188      E84AA096 
 188      E885719B 
 188      CE
 189 01c4 14DCDAFF 		.ascii	"\024\334\332\377\261w9{\361}\230i,\214\031\032>\015"
 189      B177397B 
 189      F17D9869 
 189      2C8C191A 
 189      3E0D
 190 01d6 3C207B24 		.ascii	"< {$\371R\3337\351Q\370\211\265\370\266\371\350L\037"
 190      F952DB37 
 190      E951F889 
 190      B5F8B6F9 
 190      E84C1F
 191 01e9 1AB52D1D 		.ascii	"\032\265-\035\226WB\2646\025r\357\037\001o+X\034\263"
 191      965742B4 
 191      361572EF 
 191      1F016F2B 
 191      581CB3
 192 01fc 551A7390 		.ascii	"U\032s\2200\030g\035\230\240\326\306\371\265P\301\372"
 192      3018671D 
 192      98A0D6C6 
 192      F9B550C1 
 192      FA
 193 020d 5F98DE04 		.ascii	"_\230\336\004+$\341\344\244\203\311R\013A$\215\005s"
 193      2B24E1E4 
 193      A483C952 
 193      0B41248D 
 193      0573
 194 021f B11E7112 		.ascii	"\261\036q\022A\223\304\360\314z\022\241\355$a\343\261"
 194      4193C4F0 
 194      CC7A12A1 
 194      ED2461E3 
 194      B1
 195 0230 A1514CF3 		.ascii	"\241QL\363d=\211l!\211\260\227D\347\354bV\231$\350\252"
 195      643D896C 
 195      2189B097 
 195      44E7EC62 
 195      569924E8 
 196 0245 A7362711 		.ascii	"\2476'\021\241FTX\234DE\261%\2734\211r\302\340\251I"
ARM GAS  /var/folders/_f/jzb7lsz153bclt069nvlpp5r0000gn/T//ccPK7SiJ.s 			page 15


 196      A1465458 
 196      9C4445B1 
 196      25BB3489 
 196      72C2E0A9 
 197 025a E2D99624 		.ascii	"\342\331\226$\266e\275\034\317\215f\315\232\247\330"
 197      B665BD1C 
 197      CF8D66CD 
 197      9AA7D8
 198 0269 7A85B97C 		.ascii	"z\205\271|\332\\\3769\304#\"\307G\373\031@UT~\034\335"
 198      DA5CFE39 
 198      C42322C7 
 198      47FB1940 
 198      55547E1C 
 199 027e 857D5195 		.ascii	"\205}Q\225L8\364G\001\327Pf\273\353\352b\336\347\330"
 199      4C38F447 
 199      01D75066 
 199      BBEBEA62 
 199      DEE7D8
 200 0291 D1FA9327 		.ascii	"\321\372\223'N\035\21756\324\307\032O\323\242\256^\240"
 200      4E1D8F35 
 200      36D4C71A 
 200      4FD3A2AE 
 200      5EA0
 201 02a3 110D7F00 		.ascii	"\021\015\177\000\027\350\205\242"
 201      17E885A2 
 202              		.text
 203              		.section	.gnu.lto_stack_get_sp.1e83cf49ee29850a,"",%progbits
 204 0000 789C654F 		.ascii	"x\234eO\277K\202Q\024\275\347\275/\223\254\210F#\260"
 204      BF4B8251 
 204      14BDE7BD 
 204      2F93AC88 
 204      4623B0
 205 0013 411CC24F 		.ascii	"A\034\302O\032\333\372W\312\232\202\206lh\363)\016\321"
 205      1ADBFA57 
 205      CA9A8286 
 205      6C68F329 
 205      0ED1
 206 0025 14D26094 		.ascii	"\024\322`\224$\375\240\237j\006\0269}CDKES\021QP\006"
 206      24FDA09F 
 206      6A061639 
 206      7D43444B 
 206      45531151 
 207 003b 45046A81 		.ascii	"E\004j\2019\204\335K\015A\217w\271\357\274{\317\271"
 207      3984DD4B 
 207      0D418F77 
 207      B9EFBC7B 
 207      CFB9
 208 004d E76AFA7F 		.ascii	"\347j\372\177\274\034\203 \352\343\014MPs\347D1\267"
 208      BC1C8320 
 208      EAE30C4D 
 208      5073E744 
 208      31B7
 209 005f 02E441A0 		.ascii	"\002\344A\240\250B\024/\252\252p\224\3738\363<\253\206"
 209      A842142F 
 209      AAAA7094 
 209      FB38F33C 
 209      AB86
ARM GAS  /var/folders/_f/jzb7lsz153bclt069nvlpp5r0000gn/T//ccPK7SiJ.s 			page 16


 210 0071 221F312C 		.ascii	"\"\0371,%OS.\201\260\004&OJ\225\226\300\2721\361J\255"
 210      254F532E 
 210      81B00426 
 210      4F4A9596 
 210      C0BA31F1 
 211 0087 38BD309F 		.ascii	"8\2750\237\341\212\242wE\330\200\027\233\220A\330B\200"
 211      E18AA277 
 211      45D88017 
 211      9B9041D8 
 211      4280
 212 0099 5B67D70A 		.ascii	"[g\327\012\231v\355\203\320R{\265\2316\377*\323\234"
 212      9976ED83 
 212      D0527BB5 
 212      9936FF2A 
 212      D39C
 213 00ab EB7D3364 		.ascii	"\353}3d5\224\3066\364_\036\177\021v\340\227\366j\342"
 213      3594C636 
 213      F45F1E7F 
 213      1176E097 
 213      F66AE2
 214 00be EBCAE34A 		.ascii	"\353\312\343J\030c\272D\233%w\341b\373\224\357vL\263"
 214      1863BA44 
 214      9B2577E1 
 214      62FB94EF 
 214      764CB3
 215 00d1 F9985D3A 		.ascii	"\371\230]:\264,6\317\355\232\304\000\2259d\225'\006"
 215      B42C36CF 
 215      ED9AC400 
 215      95396495 
 215      2706
 216 00e3 9CF50DE2 		.ascii	"\234\365\015\342\007\205\333\001\341\325\225f\311\373"
 216      0785DB01 
 216      E1D59566 
 216      C9FB
 217 00f1 F2C5A55B 		.ascii	"\362\305\245[\366\320$\023\212\237\313o\035i,\306\214"
 217      F6D02413 
 217      8A9FCB6F 
 217      1D692CC6 
 217      8C
 218 0102 717A1ACA 		.ascii	"qz\032\312\252+\205\254\270\347\332\312\353\361Cg\260"
 218      AA2B85AC 
 218      B8E7DACA 
 218      EBF14367 
 218      B0
 219 0113 9F759143 		.ascii	"\237u\221C\03251@\310#Hw\210\231\326_M\222\241\220a"
 219      1A353140 
 219      C8234877 
 219      8899D65F 
 219      4D92A190 
 220 0128 5CEFB5ED 		.ascii	"\\\357\265\355\320\317\035\031\016\217\217M\214\206"
 220      D0CF1D19 
 220      0E8F8F4D 
 220      8C86
 221 0136 2293E150 		.ascii	"\"\223\341Pd\212\201\035&D\276\001\342\005w\033"
 221      648A811D 
 221      2644BE01 
 221      E205771B 
ARM GAS  /var/folders/_f/jzb7lsz153bclt069nvlpp5r0000gn/T//ccPK7SiJ.s 			page 17


 222              		.text
 223              		.section	.gnu.lto_.symbol_nodes.1e83cf49ee29850a,"",%progbits
 224 0000 789C6366 		.ascii	"x\234cf``\210d\200\002&\226z\006\206\011\347\030\030"
 224      60608864 
 224      80022696 
 224      7A068609 
 224      E71818
 225 0013 EAEB19E7 		.ascii	"\352\353\031\347.\342``b\250g\204\362\031\346-\000\362"
 225      2EE26060 
 225      62A86784 
 225      F219E62D 
 225      00F2
 226 0025 19EB9950 		.ascii	"\031\353\231P\370L\365\314(|\346z\026d>3#\003C\323G"
 226      F84CF5CC 
 226      287CE67A 
 226      16643E33 
 226      230343D3 
 227 003a 3B060009 		.ascii	";\006\000\011S\026\327"
 227      5316D7
 228              		.text
 229              		.section	.gnu.lto_.refs.1e83cf49ee29850a,"",%progbits
 230 0000 789C6366 		.ascii	"x\234cf```d\200\002\000\000=\000\005"
 230      60606064 
 230      80020000 
 230      3D0005
 231              		.text
 232              		.section	.gnu.lto_.decls.1e83cf49ee29850a,"",%progbits
 233 0000 789CAD55 		.ascii	"x\234\255UkLTG\024\276\347\316.\260\313\012\032[mL\233"
 233      6B4C5447 
 233      14BEE7CE 
 233      2EB0CB0A 
 233      1A5B6D4C 
 234 0015 0069886D 		.ascii	"\000i\210m\224U[\233\372\243\251\251iJ\375a\332\304"
 234      94555B9B 
 234      FAA3A9A9 
 234      694AFD61 
 234      DAC4
 235 0027 FE6A9ACD 		.ascii	"\376j\232\315\272\254J\272\"a\227&\366\327\025\264R"
 235      BAAC4ABA 
 235      22619726 
 235      F6D715B4 
 235      52
 236 0038 B5885B50 		.ascii	"\265\210[P|\257/\012>\021\337\240\210\242\010,\010\212"
 236      7CAF2F0A 
 236      3E11DFA0 
 236      88A2082C 
 236      088A
 237 004a 820AD4C5 		.ascii	"\202\012\324\3057 \270<|\201\270=3s\367\245\027\364"
 237      3720B83C 
 237      7C81B83D 
 237      3373F7A5 
 237      17F4
 238 005c 476F38DC 		.ascii	"Go8\334;3g\276\363\235\357\234\231%\002>\242 x\360I"
 238      3B3367BE 
 238      F39DEF9C 
 238      9925023E 
 238      A22078F0 
ARM GAS  /var/folders/_f/jzb7lsz153bclt069nvlpp5r0000gn/T//ccPK7SiJ.s 			page 18


 239 0071 0B1784E9 		.ascii	"\013\027\204\351\370\035\202S?\240\021\264\"\264V\264"
 239      F81D8253 
 239      3FA011B4 
 239      22B456B4 
 240 0081 78813F6A 		.ascii	"x\201?j\264;h\355h\317\350\004\010\202\012\2047\036"
 240      B43B68ED 
 240      68CFE804 
 240      08820A84 
 240      371E
 241 0093 EAA3418B 		.ascii	"\352\243A\213@\323\241\315\226q\212d\254r\264f\264z"
 241      40D3A1CD 
 241      96718A64 
 241      AC72B466 
 241      B47A
 242 00a5 3415DA35 		.ascii	"4\025\3325\264\033h\215hM\034\226a\274\376\320\270a"
 242      B41B688D 
 242      684D1C96 
 242      61BCFED0 
 242      B861
 243 00b7 23E0AA71 		.ascii	"#\340\252qc\233\354+\312\376J8\224\373(\005\234^\031"
 243      639BEC2B 
 243      CAFE4A38 
 243      94FB2805 
 243      9C5E19
 244 00ca 87F28A96 		.ascii	"\207\362\212\226yF\311\\\353\320\316\011\\\037/O\312"
 244      7946C95C 
 244      EBD0CE09 
 244      5C1F2F4F 
 244      CA
 245 00db DB2D73EF 		.ascii	"\333-s\357\226y?S\210G\027\"\024\342\015\276%\336\200"
 245      96793F53 
 245      88471722 
 245      14E20DBE 
 245      25DE80
 246 00ee 1C532DC7 		.ascii	"\034S-\307T\212'(\350Ok\242\016\210\027/\307k\226\335"
 246      548A2728 
 246      E84F6BA2 
 246      0E88172F 
 246      C76B96DD 
 247 0102 1BE5B752 		.ascii	"\033\345\267R\355zDX\177\371\372q\025\021\201~\357\314"
 247      ED7A4458 
 247      7FF9FA71 
 247      1511817E 
 247      EFCC
 248 0114 6DBBAA9D 		.ascii	"m\273\252\235\264G\222\244\014\251\254\036\374N+\233"
 248      B44792A4 
 248      0CA9AC1E 
 248      FC4E2B9B 
 249 0124 0B6A42C9 		.ascii	"\013jB\311\030\346\2644\257du\350C\021\306i\331R\246"
 249      18E6B434 
 249      AF6475E8 
 249      4311C669 
 249      D952A6
 250 0137 73E359C2 		.ascii	"s\343Y\302\206\036\272,\332\357\364\357\006\320\306"
 250      861EBA2C 
 250      DAEFF4EF 
 250      06D0C6
ARM GAS  /var/folders/_f/jzb7lsz153bclt069nvlpp5r0000gn/T//ccPK7SiJ.s 			page 19


 251 0146 6648529A 		.ascii	"fHR\232\344\266K\344\003\001&M\200O&\010\260\037b\321"
 251      E4B64BE4 
 251      0301264D 
 251      804F2608 
 251      B01F62D1 
 252 015a 0DF26192 		.ascii	"\015\362a\222\000{`\002\354\205\011\302.\014\346.\031"
 252      007B6002 
 252      EC8509C2 
 252      2E0CE62E 
 252      19
 253 016b 708124A9 		.ascii	"p\201$\251`\037h\241\000\010\363@\3224\002' \272\232"
 253      601F68A1 
 253      0008F340 
 253      D2340227 
 253      20BA9A
 254 017e 76FFA80C 		.ascii	"v\377\250\014zp8\320\301t\347\373\024\364\000\202\376"
 254      7A7038D0 
 254      C174E7FB 
 254      14F40082 
 254      FE
 255 018f E307C518 		.ascii	"\343\007\305\030\276\264N\036\350\257\015G\356\021\332"
 255      BEB44E1E 
 255      E8AF0D47 
 255      EE11DA
 256 019e 283A2CB6 		.ascii	"(:,\266W\346\206\340P\247U\321as\313\352l\320\255\244"
 256      57E686E0 
 256      50A755D1 
 256      6173CBEA 
 256      6CD0ADA4 
 257 01b2 21B3D225 		.ascii	"!\263\322%Me\004\203*\304\030\2070\206\000E\240c%\301"
 257      4D650483 
 257      2AC41887 
 257      30860045 
 257      A06325C1 
 258 01c6 377AE79C 		.ascii	"7z\347\234\332l\3270,\211\311\344\274\375\274O\307\300"
 258      DA6CD730 
 258      2C89C9E4 
 258      BCFDBC4F 
 258      C7C0
 259 01d8 46D3E1A3 		.ascii	"F\323\341\243\333G{\324\244\036\202\326\"\370\332\306"
 259      DB477BD4 
 259      A41E82D6 
 259      22F8DAC6 
 260 01e8 A67BFD84 		.ascii	"\246{\375\204\271\212t\330\327\331\235\247!-\3345\247"
 260      B98A74D8 
 260      D7D99DA7 
 260      212DDC35 
 260      A7
 261 01f9 7AD31A35 		.ascii	"z\323\0325\351\340\203\2546{\203\212\364AP\035\242x"
 261      E9E083AC 
 261      367B838A 
 261      F441501D 
 261      A278
 262 020b 1DD6773E 		.ascii	"\035\326w>?\022\306\206\036\017\241\222\355h\255o\323"
 262      3F12C686 
 262      1E0FA192 
 262      ED68AD6F 
ARM GAS  /var/folders/_f/jzb7lsz153bclt069nvlpp5r0000gn/T//ccPK7SiJ.s 			page 20


 262      D3
 263 021c 40AC962B 		.ascii	"@\254\226+|\354\036S\270\0243(\366\213\021%k\301t\225"
 263      7CEC1E53 
 263      B8143328 
 263      F68B1125 
 263      6BC17495 
 264 0230 D225757E 		.ascii	"\322%u~\204\000\3070\303\343\230!\234Fi\243diKp\362"
 264      8400C730 
 264      C3E39821 
 264      9C4669A3 
 264      64694B70 
 265 0245 144E22F0 		.ascii	"\024N\"\360\341\333\335\253\264^\340\301\362\314q\024"
 265      E1DBDDAB 
 265      B45EE0C1 
 265      F2CC7114 
 266 0255 B80C814F 		.ascii	"\270\014\201O\372\201KaD\3443\312\310\313\017o\267x"
 266      FA814B61 
 266      44E433CA 
 266      C8CB0F6F 
 266      B778
 267 0267 815FAD58 		.ascii	"\201_\255X\303\312w\016\201O\370\201\313F\006>\253\010"
 267      C3CA770E 
 267      814FF881 
 267      CB46063E 
 267      AB08
 268 0279 0C593DCE 		.ascii	"\014Y=\316k\241A\245<\027T\312r^Jz\004\312\266V\253"
 268      6BA141A5 
 268      3C1754CA 
 268      725E4A7A 
 268      04CAB656 
 269 028e 88839F87 		.ascii	"\210\203\237\207\035\177<\274\252#y|p\246\364y\205\226"
 269      1D7F3CBC 
 269      AA23797C 
 269      70A6F479 
 269      8596
 270 02a0 ECE583D5 		.ascii	"\354\345\203\325\031\256*-9\"\006U\"\232W\342\326\246"
 270      19AE2A2D 
 270      39220655 
 270      229A57E2 
 270      D6A6
 271 02b2 17BB346C 		.ascii	"\027\2734lH\257\332H\232X\345}ig\204\257\026\366\212"
 271      48AFDA48 
 271      9A58E57D 
 271      696784AF 
 271      16F68A
 272 02c5 0F69664E 		.ascii	"\017ifN\244p\321\237Yt`b\234\245\340\243\010\325\230"
 272      A470D19F 
 272      59746062 
 272      9CA5E0A3 
 272      08D598
 273 02d8 58B49C58 		.ascii	"X\264\234X%NVq\305.\274,]\246\366\036\21476\325*l\222"
 273      254E5671 
 273      C52EBC2C 
 273      5DA6F61E 
 273      8C3736D5 
 274 02ef CF869D55 		.ascii	"\317\206\235U\255\006)T\370)8\375gC\314\353<:\240\363"
 274      AD062954 
ARM GAS  /var/folders/_f/jzb7lsz153bclt069nvlpp5r0000gn/T//ccPK7SiJ.s 			page 21


 274      F82938FD 
 274      6743CCEB 
 274      3C3AA0F3 
 275 0303 52F6B4F3 		.ascii	"R\366\264\363b\324\241\377\005\277\177\015\214\310\371"
 275      62D4A1FF 
 275      05BF7F0D 
 275      8CC8F9
 276 0312 92226718 		.ascii	"\222\"g\030X\265\247;$\250\030uA\305\250\367\025c{S"
 276      58B5A73B 
 276      24A81875 
 276      41C5A8F7 
 276      15637B53 
 277 0326 667E28B9 		.ascii	"f~(\271+\027\243p\313r-i\347\203]9\353\366\251\331\221"
 277      2B17A370 
 277      CB722D69 
 277      E7835D39 
 277      EBF6A9D9 
 278 033b 09A3C3FA 		.ascii	"\011\243\303\372\252\245\315\221\344\021[\013\251~R"
 278      AAA5CD91 
 278      E4115B0B 
 278      A97E52
 279 034a FA0BC4C4 		.ascii	"\372\013\304\304\304\214\215\211u`\220\302v\347\025"
 279      C48C8D89 
 279      756090C2 
 279      76E715
 280 0359 9D543985 		.ascii	"\235T9\205\342\302e$\177\035\306\3729N\244\021\013i"
 280      E2C26524 
 280      7F1DC6FA 
 280      394EA411 
 280      0B69
 281 036b 5C813A3B 		.ascii	"\\\201:;\234E\322\314e\004\342\265p\345u\327\006\306"
 281      9C45D2CC 
 281      6504E2B5 
 281      70E575D7 
 281      06C6
 282 037d EE539F6B 		.ascii	"\356S\237k\215\317\365\252\262+\207]\213\002JY\2224"
 282      8DCFF5AA 
 282      B22B875D 
 282      8B024A59 
 282      9234
 283 038f D326C061 		.ascii	"\323&\300at8\302\326\250;\012\0037Q\243\033\020\003"
 283      7438C2D6 
 283      A83B0A03 
 283      3751A31B 
 283      1003
 284 03a1 D7D01AD1 		.ascii	"\327\320\032\321\232 \206)\312\"T\361\010\330\235p^"
 284      9A208629 
 284      CA2254F1 
 284      08D89D70 
 284      5E
 285 03b2 91382343 		.ascii	"\2218#C+\344\252\234\026F\327\005\2714\276\253[t\365"
 285      2BE4AA9C 
 285      1646D705 
 285      B934BEAB 
 285      5B74F5
 286 03c5 376E0D85 		.ascii	"7n\015\205\261\261J4\240\005\243\277\215\011\203\257"
 286      B1B14A34 
ARM GAS  /var/folders/_f/jzb7lsz153bclt069nvlpp5r0000gn/T//ccPK7SiJ.s 			page 22


 286      A005A3BF 
 286      8D0983AF 
 287 03d5 0D016846 		.ascii	"\015\001hF\307\243\376\342\323h\336\213\364\301\356"
 287      C7A3FEE2 
 287      D368DE8B 
 287      F4C1EE
 288 03e4 33AEE0F3 		.ascii	"3\256\340\363\325\034\300U\200V\371\252leW\345\271\272"
 288      D51CC055 
 288      8056F9AA 
 288      6C6557E5 
 288      B9BA
 289 03f6 13EB4085 		.ascii	"\023\353@\205\277\331T\273\237\331][\322R\227\317\247"
 289      BFD954BB 
 289      9FD95D5B 
 289      D25297CF 
 289      A7
 290 0407 F036857F 		.ascii	"\3606\205\177\201MV54|\313\346p\033\334\342s\025\366"
 290      814D5635 
 290      347CCBE6 
 290      701BDCE2 
 290      7315F6
 291 041a B46FC6E7 		.ascii	"\264o\306\347\260\\\322\245\321*\230\035\3309m0\036"
 291      B05CD2A5 
 291      D12A981D 
 291      D8396D30 
 291      1E
 292 042b FFBB40C5 		.ascii	"\377\273@\305Y\345\035\275\361\200\220\277\011\353\230"
 292      59E51DBD 
 292      F18090BF 
 292      09EB98
 293 043a BC017B89 		.ascii	"\274\001{\2116j\253TV\350\256\335_'n\310r\244I\257<"
 293      366AAB54 
 293      56E8AEDD 
 293      5F276EC8 
 293      72A449AF 
 294 044f 1E9044BA 		.ascii	"\036\220D\272\015n\373\022\023\3507K\014\356@\324\273"
 294      0D6EFB12 
 294      13E8374B 
 294      0CEE40D4 
 294      BB
 295 0460 D0BDAB40 		.ascii	"\320\275\253@\367\336;\320}\300\350\336\367\322\355"
 295      F7DE3BD0 
 295      7DC0E8DE 
 295      F7D2ED
 296 046f 3C31B42D 		.ascii	"<1\264-\222\224s\272\327\017g\316F\266\216Bi\203\344"
 296      929473BA 
 296      D70F67CE 
 296      46B68E42 
 296      6983E4
 297 0482 1025BC48 		.ascii	"\020%\274H\220(n\200\207\001D\037z\211\2663\242E;w\037"
 297      90286E80 
 297      8701441F 
 297      7A89B633 
 297      A2453B77 
 298 0497 E33F4133 		.ascii	"\343?A3)\304\320\265\216r\015\271\304\361\372\366J\331"
 298      29C4D0B5 
 298      8E720DB9 
ARM GAS  /var/folders/_f/jzb7lsz153bclt069nvlpp5r0000gn/T//ccPK7SiJ.s 			page 23


 298      C4F1FAF6 
 298      4AD9
 299 04a9 84DC6403 		.ascii	"\204\334d\003\325\326=\177\336R\001\236\217\030\336"
 299      D5D63D7F 
 299      DE52019E 
 299      8F18DE
 300 04b8 150ED615 		.ascii	"\025\016\326\025\035H\2147n\227\334\022\217\261%\272"
 300      1D488C37 
 300      6E97DC12 
 300      8FB125BA 
 301 04c8 B115DC01 		.ascii	"\261\025\334\001M\351\366\0244\276\227+9\316\002\273"
 301      4DE9F614 
 301      34BE972B 
 301      39CE02BB 
 302 04d8 43695F52 		.ascii	"Ci_Rw\337\015\374Z_^\307\276\354z\243/)\220\353\346"
 302      77DF0DFC 
 302      5A5F5EC7 
 302      BEEC7AA3 
 302      2F2990EB 
 303 04ed 958432EC 		.ascii	"\225\2042\354nz\370\037\311(J\307\022{\270\367AO}\010"
 303      6E7AF81F 
 303      C9284AC7 
 303      127BB8F7 
 303      414F7D08 
 304 0501 C48E6588 		.ascii	"\304\216e\210\315\330\212\275\350\333\351o\305.o+*\245"
 304      CDD88ABD 
 304      E8DBE96F 
 304      C52E6F2B 
 304      2AA5
 305 0513 033D98C5 		.ascii	"\003=\230\305p\031\2412\253\2322\326F\262\272QT^\337"
 305      7019A132 
 305      AB9A32D6 
 305      46B2BA51 
 305      545EDF
 306 0526 CCF5EED3 		.ascii	"\314\365\356\323j_-\373x-W\344\035\357\017\035\266\230"
 306      6A5F2DFB 
 306      782D57E4 
 306      1DEF0F1D 
 306      B698
 307 0538 4F5831FB 		.ascii	"OX1\373\275\305\3548_Q\024F\\\\|\207ss\012+\246\273"
 307      BDC5EC38 
 307      5F511446 
 307      5C5C7C87 
 307      73730A2B 
 308 054e B6B649C4 		.ascii	"\266\266I\304\202\362\326c\233\340i@A\237z\013\372\214"
 308      82F2D663 
 308      9BE06940 
 308      419F7A0B 
 308      FA8C
 309 0560 1574282B 		.ascii	"\025t(+\253\213\220N\006\"\366\367\267n\021e\021\334"
 309      AB8B904E 
 309      0622F6F7 
 309      B76E1165 
 309      11DC
 310 0572 037575EC 		.ascii	"\003uu\354\002\037@\312\317\375B\364\216(\304\213\221"
 310      021F40CA 
 310      CFFD42F4 
ARM GAS  /var/folders/_f/jzb7lsz153bclt069nvlpp5r0000gn/T//ccPK7SiJ.s 			page 24


 310      8E28C48B 
 310      91
 311 0583 85687A92 		.ascii	"\205hz\222[\023\031t\210\007\202\016\361\240\357^\316"
 311      5B131974 
 311      8807820E 
 311      F1A0EF5E 
 311      CE
 312 0594 2EEADB10 		.ascii	".\352\333\020\316\344\3019Y\262\323\331\353N\206\372"
 312      CEE4C139 
 312      59B2D3D9 
 312      EB4E86FA 
 313 05a4 247BC925 		.ascii	"${\311%\033<vFR\017+\331+&\331\220W\262CO\213\033B\310"
 313      1B3C7646 
 313      520F2BD9 
 313      2B26D990 
 313      57B2434F 
 314 05bc 361593AC 		.ascii	"6\025\223\254\272\346t\016\361jv\177b\200f\270\013<"
 314      BAE6740E 
 314      F16A767F 
 314      628066B8 
 314      0B3C
 315 05ce 019A79BC 		.ascii	"\001\232y\274\232I\"\325\354B\313\343\225\221>\036\234"
 315      9A4922D5 
 315      EC42CBE3 
 315      95913E1E 
 315      9C
 316 05df 5B69ED9D 		.ascii	"[i\355\235KA4\342\003i\244\211\224\306RQ\246Q\\]\214"
 316      4B4134E2 
 316      0369A489 
 316      94C65251 
 316      A6515C5D 
 317 05f4 C7B080D3 		.ascii	"\307\260\200\323\030*\314\370\212\261p\035,\277\210"
 317      182ACCF8 
 317      8AB1701D 
 317      2CBF88
 318 0603 BF225299 		.ascii	"\277\"R\231\307\363u\030\335\002\351\242\237\003~s\016"
 318      C7F37518 
 318      DD02E9A2 
 318      9F037E73 
 318      0E
 319 0614 CB18878D 		.ascii	"\313\030\207\215\216\277^\204\007)I\257\030\177\304"
 319      8EBF5E84 
 319      072949AF 
 319      187FC4
 320 0623 E522BF0E 		.ascii	"\345\"\277\016\351;451\311\366\245\301\026\362\335\234"
 320      E93B3435 
 320      31C9F6A5 
 320      C116F2DD 
 320      9C
 321 0634 9FA26609 		.ascii	"\237\242f\011\032\203A\2360\350S\255)z\313b\223\321"
 321      1A83419E 
 321      30E853AD 
 321      297ACB62 
 321      93D1
 322 0646 A29F65B6 		.ascii	"\242\237e\266X\214)\372\005&\323dc\312\242\311I\213"
 322      588C29FA 
 322      0526D364 
ARM GAS  /var/folders/_f/jzb7lsz153bclt069nvlpp5r0000gn/T//ccPK7SiJ.s 			page 25


 322      63CAA2C9 
 322      498B
 323 0658 93CC93CD 		.ascii	"\223\314\223\315\306y\211\223?\237\241\2376e\352\364"
 323      C6798993 
 323      3F9FA19F 
 323      3665EAF4 
 324 0668 2933A64D 		.ascii	")3\246M\327\007\255\350\023\223L\226\324\004\263~\221"
 324      D707ADE8 
 324      13934C96 
 324      D404B37E 
 324      91
 325 0679 D1B43031 		.ascii	"\321\26401\311\2547$\230\347\033S-6\203mI\262\331\032"
 325      C9AC3724 
 325      98E71B53 
 325      2D36836D 
 325      49B2D91A 
 326 068d B75098FB 		.ascii	"\267P\230\373\377\340[\227X\365\006\253-\001I#h\270"
 326      FFE05B97 
 326      58F506AB 
 326      2D014923 
 326      68B8
 327 069f C9B80847 		.ascii	"\311\270\010GF\323\257\006\333\250\337\214\226T\263"
 327      46D3AF06 
 327      DBA8DF8C 
 327      9654B3
 328 06ae 61BEC5B8 		.ascii	"a\276\305\270\300j\260\205\321\264\246~a\260iy\206\364"
 328      C06AB085 
 328      D1B4A67E 
 328      61B06979 
 328      86F4
 329 06c0 333A2E4E 		.ascii	"3:.N\317\377\346\341\016sR\202\017\225mB<5\373P\375"
 329      CFFFE6E1 
 329      0E735282 
 329      0F956D42 
 329      3C35FB50 
 330 06d5 F4FD9CB9 		.ascii	"\364\375\234\271\014\340\263i>\000\372\371\361\260\000"
 330      0CE0B369 
 330      3E00FAF9 
 330      F1B000
 331 06e4 344BCC98 		.ascii	"4K\314\230b\250\022\2146\243hMVY\023\1777\017\037\222"
 331      62A8128C 
 331      36A3684D 
 331      5659137F 
 331      370F1F92 
 332 06f8 B146F731 		.ascii	"\261F\3671\234~bR\242-.\331\230b\213\233\362\321\033"
 332      9C7E6252 
 332      A22D2ED9 
 332      98628B9B 
 332      F2D11B
 333 070b 7BAC2926 		.ascii	"{\254)&\331\337$h\375\376,{\236\265M\315\336\362br\252"
 333      D9DF2468 
 333      FDFE2C7B 
 333      9EB54DCD 
 333      DEF26272 
 334 0720 7561045D 		.ascii	"ua\004]L1/H\264\332\314)#Q\367\372 \027\215\274}q\262"
 334      4C312F48 
 334      B4DACC29 
ARM GAS  /var/folders/_f/jzb7lsz153bclt069nvlpp5r0000gn/T//ccPK7SiJ.s 			page 26


 334      2351F7FA 
 334      20178DBC 
 335 0737 8E7F2D30 		.ascii	"\216\177-0\333\014\326\344\377\000Z\345IR"
 335      DB0CD6E4 
 335      FF005AE5 
 335      4952
 336              		.text
 337              		.section	.gnu.lto_.symtab.1e83cf49ee29850a,"",%progbits
 338 0000 73746163 		.ascii	"stack_init\000\000\000\000\000\000\000\000\000\000\000"
 338      6B5F696E 
 338      69740000 
 338      00000000 
 338      00000000 
 339 0015 00E90000 		.ascii	"\000\351\000\000\000stack_push\000\000\000\000\000\000"
 339      00737461 
 339      636B5F70 
 339      75736800 
 339      00000000 
 340 002a 00000000 		.ascii	"\000\000\000\000\000\000\367\000\000\000stack_pop\000"
 340      0000F700 
 340      00007374 
 340      61636B5F 
 340      706F7000 
 341 003e 00000000 		.ascii	"\000\000\000\000\000\000\000\000\000\000\000\000\001"
 341      00000000 
 341      00000000 
 341      01
 342 004b 00007374 		.ascii	"\000\000stack_get_sp\000\000\000\000\000\000\000\000"
 342      61636B5F 
 342      6765745F 
 342      73700000 
 342      00000000 
 343 0061 00000000 		.ascii	"\000\000\000\000\004\001\000\000"
 343      04010000 
 344              		.text
 345              		.section	.gnu.lto_.opts,"",%progbits
 346 0000 272D6666 		.ascii	"'-ffp-contract=off' '-fno-trapv' '-mcpu=cortex-m4' "
 346      702D636F 
 346      6E747261 
 346      63743D6F 
 346      66662720 
 347 0033 272D6D74 		.ascii	"'-mthumb' '-mfloat-abi=hard' '-mfpu=fpv4-sp-d16' '-"
 347      68756D62 
 347      2720272D 
 347      6D666C6F 
 347      61742D61 
 348 0066 67676462 		.ascii	"ggdb' '-O2' '-fomit-frame-pointer' '-falign-functio"
 348      2720272D 
 348      4F322720 
 348      272D666F 
 348      6D69742D 
 349 0099 6E733D31 		.ascii	"ns=16' '-ffunction-sections' '-fdata-sections' '-fn"
 349      36272027 
 349      2D666675 
 349      6E637469 
 349      6F6E2D73 
 350 00cc 6F2D636F 		.ascii	"o-common' '-flto' '-fsingle-precision-constant'\000"
ARM GAS  /var/folders/_f/jzb7lsz153bclt069nvlpp5r0000gn/T//ccPK7SiJ.s 			page 27


 350      6D6D6F6E 
 350      2720272D 
 350      666C746F 
 350      2720272D 
 351              		.text
 352              		.comm	__gnu_lto_v1,1,1
 353              		.comm	__gnu_lto_slim,1,1
 354              		.ident	"GCC: (GNU Tools for ARM Embedded Processors) 4.9.3 20150529 (release) [ARM/embedded-4_9-br
ARM GAS  /var/folders/_f/jzb7lsz153bclt069nvlpp5r0000gn/T//ccPK7SiJ.s 			page 28


DEFINED SYMBOLS
                            *ABS*:0000000000000000 stack.c
                            *COM*:0000000000000001 __gnu_lto_v1
                            *COM*:0000000000000001 __gnu_lto_slim

NO UNDEFINED SYMBOLS
