ARM GAS  /var/folders/_f/jzb7lsz153bclt069nvlpp5r0000gn/T//cchbQmFv.s 			page 1


   1              		.syntax unified
   2              		.cpu cortex-m4
   3              		.eabi_attribute 27, 1
   4              		.eabi_attribute 28, 1
   5              		.fpu fpv4-sp-d16
   6              		.eabi_attribute 20, 1
   7              		.eabi_attribute 21, 1
   8              		.eabi_attribute 23, 3
   9              		.eabi_attribute 24, 1
  10              		.eabi_attribute 25, 1
  11              		.eabi_attribute 26, 1
  12              		.eabi_attribute 30, 2
  13              		.eabi_attribute 34, 1
  14              		.eabi_attribute 18, 4
  15              		.thumb
  16              		.file	"button.c"
  17              		.text
  18              	.Ltext0:
  19              		.section	.gnu.lto_.profile.a7a56d04963fd2b2,"",%progbits
  20 0000 789C6366 		.ascii	"x\234cf```a\200\000F\206h3\000\001`\000\232"
  20      60606061 
  20      80004686 
  20      68330001 
  20      60009A
  21              		.text
  22              		.section	.gnu.lto_.jmpfuncs.a7a56d04963fd2b2,"",%progbits
  23 0000 789C6366 		.ascii	"x\234cf\300\016\202\2414;\0033###\210\005\246\230@\004"
  23      C00E82A1 
  23      343B0333 
  23      23232388 
  23      05A69840 
  24 0015 334888BD 		.ascii	"3H\210\275\276\276\236\005&\307\012\244\353\201\262"
  24      BEBE9E05 
  24      26C70AA4 
  24      EB81B2
  25 0024 20650C0D 		.ascii	" e\014\015\214\037\231\030\357?9\177\221\343\005\323"
  25      8C1F9918 
  25      EF3F397F 
  25      91E305D3 
  26 0034 4FB0D072 		.ascii	"O\260\320rF)\240,\033P3s}=\003\000S\014\013\236"
  26      4629A02C 
  26      1B503373 
  26      7D3D0300 
  26      530C0B9E 
  27              		.text
  28              		.section	.gnu.lto_.inline.a7a56d04963fd2b2,"",%progbits
  29 0000 789C6366 		.ascii	"x\234cf\300\016\256Civ\006\006f&F\006& \223m\201<\210"
  29      C00EAE43 
  29      69760606 
  29      66264606 
  29      2620936D 
  30 0017 6260C410 		.ascii	"b`\304\020a\302\020af\020\344bda\312\370\310\304\270"
  30      61C21061 
  30      6610E462 
  30      6461CAF8 
  30      C8C4B8
  31 002a 6BD28919 		.ascii	"k\322\211\031l/\230~21\26200.g\224b`\312\004S s\030"
ARM GAS  /var/folders/_f/jzb7lsz153bclt069nvlpp5r0000gn/T//cchbQmFv.s 			page 2


  31      6C2F987E 
  31      3231B230 
  31      302E6794 
  31      6260CA04 
  32 0042 80DA4056 		.ascii	"\200\332@V@\3641\276`\027\200\220\014,\013\344\025\030"
  32      40F431BE 
  32      60178090 
  32      0C2C0BE4 
  32      1518
  33 0054 849AEC58 		.ascii	"\204\232\354X\030X\236\360\262\200\215d\301\260\204"
  33      18589EF0 
  33      B2808D64 
  33      C1B084
  34 0063 5542D60A 		.ascii	"UB\326\012(\"\375\343\022#\003\367\0127\210\343\270"
  34      2822FDE3 
  34      122303F7 
  34      0A3788E3 
  34      B8
  35 0074 60048708 		.ascii	"`\004\207\010\320a\023\374&\370\2611pq\002\225\261\337"
  35      D06113FC 
  35      26F8B131 
  35      70710295 
  35      B1DF
  36 0086 3063E0FD 		.ascii	"0c\340\375\021\012V\305\000\000PL\031\223"
  36      110A56C5 
  36      0000504C 
  36      1993
  37              		.text
  38              		.section	.gnu.lto_.pureconst.a7a56d04963fd2b2,"",%progbits
  39 0000 789C6366 		.ascii	"x\234cf``\340g\200\000v\006\006F\006&\006f)\026\006"
  39      6060E067 
  39      80007606 
  39      06460626 
  39      06662916 
  40 0015 562B3629 		.ascii	"V+6)\000\004\034\000\235"
  40      00041C00 
  40      9D
  41              		.text
  42              		.section	.gnu.lto_ll_button_control.a7a56d04963fd2b2,"",%progbits
  43 0000 789C6366 		.ascii	"x\234cf\300\004R@\034\311\310\300\340\012\244\031\231"
  43      C0045240 
  43      1CC9C8C0 
  43      E00AA419 
  43      99
  44 0011 19189926 		.ascii	"\031\030\231&\234c`h\344`bd\0041\030\030\031\352\231"
  44      9C636068 
  44      E4606264 
  44      04311818 
  44      19EA99
  45 0024 18EB195F 		.ascii	"\030\353\031_2}db\334\271\356\313Y\356\027L?\231\030"
  45      327D6462 
  45      DCB9EECB 
  45      59EE174C 
  45      3F9918
  46 0037 141880DC 		.ascii	"\024\030\200\334]\223N\314`\003q\031Y@\334\353\327f"
  46      5D934ECC 
  46      60037119 
ARM GAS  /var/folders/_f/jzb7lsz153bclt069nvlpp5r0000gn/T//cchbQmFv.s 			page 3


  46      5940DCEB 
  46      D766
  47 0049 5CE7545F 		.ascii	"\\\347T_\332\320\320\364\341\323\332S<\255\036?\231"
  47      DAD0D0F4 
  47      E1D3DA53 
  47      3CAD1E3F 
  47      99
  48 005a 98183E33 		.ascii	"\230\030>310.g\224b\\\301\010\262\207q%\243:P\345\325"
  48      31302E67 
  48      94625CC1 
  48      08B28771 
  48      25A33A50 
  49 0070 4D6F76F1 		.ascii	"Mov\3610\0331\202t-\2742\3552\233\352b\240\256\003\357"
  49      301B3182 
  49      742DBC32 
  49      ED329BEA 
  49      62A0AE03 
  50 0085 373538B0 		.ascii	"758\260\374dbf\\\305\310\214\254\017(\304\300\270\232"
  50      FC646266 
  50      5CC5C88C 
  50      AC0F28C4 
  50      C0B89A
  51 0098 5115A4FA 		.ascii	"Q\025\244\372z\337\012vfs\260\316)\227\2775qAt\366-"
  51      7ADF0A76 
  51      6673B0CE 
  51      2997BF35 
  51      714174F6 
  52 00ad 6603DAC6 		.ascii	"f\003\332\306\302\270\006]#\013\003\343Z\210\306+M\035"
  52      C2B8065D 
  52      230B03E3 
  52      5A88C62B 
  52      4D1D
  53 00bf ECCC3660 		.ascii	"\354\3146`\215WZ.\344C\364\255\005\353cb\\\207\256\017"
  53      8D575A2E 
  53      E443F4AD 
  53      05EB6362 
  53      5C87AE0F 
  54 00d3 C859CFA8 		.ascii	"\310Y\317\250\012R\374\261\345\357un\266\226\206\206"
  54      0A52FCB1 
  54      E5EF756E 
  54      B6968686 
  55 00e3 06019067 		.ascii	"\006\001\220g\200~\330\300\310\006\014.\206\365B\007"
  55      807ED8C0 
  55      C8060C2E 
  55      86F54207 
  56 00f3 1AFEFF5F 		.ascii	"\032\376\377_\374\344\340OV\240\360\023 \006\205\327"
  56      FCE4E04F 
  56      56A0F013 
  56      200685D7 
  57 0103 53A05620 		.ascii	"S\240V \315|\217\261\361\300w^\220Z\240\031\367\237"
  57      CD7C8FB1 
  57      F1C0775E 
  57      905AA019 
  57      F79F
  58 0115 9CBFC801 		.ascii	"\234\277\310\001\012(\240\"\306\215\340\220x\302\304"
  58      0A28A022 
  58      C68DE090 
ARM GAS  /var/folders/_f/jzb7lsz153bclt069nvlpp5r0000gn/T//cchbQmFv.s 			page 4


  58      78C2C4
  59 0124 08520714 		.ascii	"\010R\007\024\320\327\323\203\242\244\304\344\354\324"
  59      D0D7D383 
  59      A2A4C4E4 
  59      ECD4
  60 0132 BC14FD82 		.ascii	"\274\024\375\202\234\304\222\264\374\242\\\375\344\214"
  60      9CC492B4 
  60      FCA25CFD 
  60      E48C
  61 0140 CCA4CCFC 		.ascii	"\314\244\314\374b\375\342\242d\375\244\322\222\222\374"
  61      62FDE2A2 
  61      64FDA4D2 
  61      9292FC
  62 014f 3CBD6406 		.ascii	"<\275d\006\226\222\214\314b\226\224\304\222DN\020\021"
  62      96928CCC 
  62      629694C4 
  62      92444E10 
  62      11
  63 0160 5F9C5995 		.ascii	"_\234Y\225\012\000Q\223\220\264"
  63      0A005193 
  63      90B4
  64              		.text
  65              		.section	.gnu.lto_ll_button_data_available.a7a56d04963fd2b2,"",%progbits
  66 0000 789C6366 		.ascii	"x\234cf\300\004R@\374\012\210\315\200\230\221\231\201"
  66      C0045240 
  66      FC0A88CD 
  66      80989199 
  66      81
  67 0011 9169C239 		.ascii	"\221i\3029\006\206F\016&FF\020\203\201\221\241\236\211"
  67      0686460E 
  67      26464610 
  67      838191A1 
  67      9E89
  68 0023 B19EF125 		.ascii	"\261\236\361%\323G&\306\235\353\276\234\345~\301\364"
  68      D34726C6 
  68      9DEBBE9C 
  68      E57EC1F4 
  69 0033 93894181 		.ascii	"\223\211A\201\001\310\3355\351\304\0146\020\227\221"
  69      01C8DD35 
  69      E9C40C36 
  69      109791
  70 0042 05C4BD7E 		.ascii	"\005\304\275~m\306uN\365\245\015\015M\037\036\255?\305"
  70      6DC6754E 
  70      F5A50D0D 
  70      4D1F1EAD 
  70      3FC5
  71 0054 D3EAF193 		.ascii	"\323\352\361\223\211\211\3413\023\003\343rF)\306\025"
  71      8989E133 
  71      1303E372 
  71      4629C615 
  72 0064 8C207B18 		.ascii	"\214 {\030W2\252\003U^\335\364f\027\017\263\021#H\327"
  72      5732AA03 
  72      555EDDF4 
  72      66170FB3 
  72      112348D7 
  73 0078 C22BD32E 		.ascii	"\302+\323.\263\251.\006\352:\360oS\203\003\313O&f\306"
  73      B3A92E06 
ARM GAS  /var/folders/_f/jzb7lsz153bclt069nvlpp5r0000gn/T//cchbQmFv.s 			page 5


  73      EA3AF06F 
  73      538303CB 
  73      4F2666C6 
  74 008c 558CCCC8 		.ascii	"U\214\314\310\372\200B\014\214\253\031UA\312?\266\374"
  74      FA80420C 
  74      8CAB1955 
  74      41CA3FB6 
  74      FC
  75 009d BDCECDD6 		.ascii	"\275\316\315\326\322\320\320 \0002\033h\344\032F6F "
  75      D2D0D020 
  75      00321B68 
  75      E41A4636 
  75      4620
  76 00af BD5EE840 		.ascii	"\275^\350@\303\377\377\213\217\035\234\314\306\010\024"
  76      C3FFFF8B 
  76      8F1D9CCC 
  76      C60814
  77 00be 7F02C420 		.ascii	"\177\002\304 \367?\005\272\001H3\337cl<0\361\030#H5"
  77      F73F05BA 
  77      014833DF 
  77      636C3C30 
  77      F1182348 
  78 00d3 D0948BB3 		.ascii	"\320\224\213\263\2265\363\203\\\316\304\310\300\270"
  78      9635F383 
  78      5CCEC4C8 
  78      C0B8
  79 00e1 16ECB427 		.ascii	"\026\354\264'@&P!P\233\276\236\036\024%%&g\247\346\245"
  79      40265021 
  79      509BBE9E 
  79      1E142525 
  79      2667A7E6 
  80 00f6 E817E424 		.ascii	"\350\027\344$\226\244\345\027\345\352'gd&e\346\027\353"
  80      96A4E517 
  80      E5EA2767 
  80      642665E6 
  80      17EB
  81 0108 171725EB 		.ascii	"\027\027%\353'\225\226\224\344\347\351%3\260\224dd\026"
  81      27959694 
  81      E4E7E925 
  81      33B09464 
  81      6416
  82 011a 030048AC 		.ascii	"\003\000H\254f\245"
  82      66A5
  83              		.text
  84              		.section	.gnu.lto_ll_button_data_writeable.a7a56d04963fd2b2,"",%progbits
  85 0000 789C6366 		.ascii	"x\234cf\300\004R@\374\006\210\315\200\230\221\231\201"
  85      C0045240 
  85      FC0688CD 
  85      80989199 
  85      81
  86 0011 9169C239 		.ascii	"\221i\3029\006\206F\016&FF\020\203\201\221\241\236\211"
  86      0686460E 
  86      26464610 
  86      838191A1 
  86      9E89
  87 0023 B19EF125 		.ascii	"\261\236\361%\323G&\306\235\353\276\234\345~\301\364"
  87      D34726C6 
ARM GAS  /var/folders/_f/jzb7lsz153bclt069nvlpp5r0000gn/T//cchbQmFv.s 			page 6


  87      9DEBBE9C 
  87      E57EC1F4 
  88 0033 93894181 		.ascii	"\223\211A\201\001\310\3355\351\304\0146\020\227\221"
  88      01C8DD35 
  88      E9C40C36 
  88      109791
  89 0042 05C4BD7E 		.ascii	"\005\304\275~m\306uN\365\245\015\015M\0376m\\\3028s"
  89      6DC6754E 
  89      F5A50D0D 
  89      4D1F366D 
  89      5CC23873 
  90 0056 CA02A014 		.ascii	"\312\002\240\024\023\303g&\006\306\345\214R\214+\030"
  90      13C36726 
  90      06C6E58C 
  90      528C2B18 
  91 0066 413631AE 		.ascii	"A61\256dT\007\252\275\272\351\315.\036f#F\220\276\205"
  91      645407AA 
  91      BDBAE9CD 
  91      2E1E6623 
  91      4690BE85 
  92 007a 57A65D66 		.ascii	"W\246]fS]\014\324w\340\337\246\006\007\226\237L\314"
  92      535D0CD4 
  92      77E0DFA6 
  92      0607969F 
  92      4CCC
  93 008c 8CAB1899 		.ascii	"\214\253\030\231\221\365\001\205\030\030W3\252\202\224"
  93      91F50185 
  93      18185733 
  93      AA8294
  94 009b 7F6CF97B 		.ascii	"\177l\371{\235\233\255\245\241\241A\000d6\320\3105\214"
  94      9D9BADA5 
  94      A1A14100 
  94      6436D0C8 
  94      358C
  95 00ad 6C8C407A 		.ascii	"l\214@z\275\320\201\206\377\377\027\037;8\227\215\021"
  95      BDD08186 
  95      FFFF171F 
  95      3B38978D 
  95      11
  96 00be 28FE0488 		.ascii	"(\376\004\210A>x\012t\003\220f\276\307\330x`\3661F\220"
  96      413E780A 
  96      74039066 
  96      BEC7D878 
  96      60F63146 
  97 00d3 6AA029F7 		.ascii	"j\240)\367\237\234\277\310\361\002\354@\006\306\265"
  97      9F9CBFC8 
  97      F102EC40 
  97      06C6B5
  98 00e2 60A73D61 		.ascii	"`\247=ab\004)\004\012\350\353\351AQRbrvj^\212~ANbIZ"
  98      62042904 
  98      0AE8EBE9 
  98      41515262 
  98      72766A5E 
  99 00fd 7E51AE7E 		.ascii	"~Q\256~rFfRf~\261~qQ\262~RiII~\236^2\003KIFf1\000a\210"
  99      72466652 
  99      667EB17E 
  99      7151B27E 
ARM GAS  /var/folders/_f/jzb7lsz153bclt069nvlpp5r0000gn/T//cchbQmFv.s 			page 7


  99      52694949 
 100 011e 6825     		.ascii	"h%"
 101              		.text
 102              		.section	.gnu.lto_ll_button_read.a7a56d04963fd2b2,"",%progbits
 103 0000 789C8D94 		.ascii	"x\234\215\224\373O\024W\024\307\357\271wv\3665+\213"
 103      FB4F1457 
 103      14C7EFB9 
 103      7776F635 
 103      2B8B
 104 0012 4AAAC644 		.ascii	"J\252\306D#!\232\030Xc\17701\376\320\237\032\375+\014"
 104      23219A18 
 104      58637F30 
 104      31FED09F 
 104      1AFD2B0C 
 105 0026 A046E203 		.ascii	"\240F\342\003\003\353/\376\342\260ll\023\2656\276\""
 105      03EB2FFE 
 105      E2B06C6C 
 105      13B536BE 
 105      22
 106 0037 556B115A 		.ascii	"Uk\021Z_\010\302\312kE\035\213\345!\253\270\272\210"
 106      5F08C2CA 
 106      6B451D8B 
 106      E521ABB8 
 106      BA88
 107 0049 7D44D142 		.ascii	"}D\321Bc\025\242\370\350:?X<\347\016nv\207H\330\354"
 107      6315A2F8 
 107      E83A3F58 
 107      3CE70E6E 
 107      768748D8 
 108 005e DE9D7BE6 		.ascii	"\336\235{\346|\357\371~\316\235;\202M\375|\211\277\012"
 108      7CEFF97E 
 108      CE9D3B82 
 108      4DFD7C89 
 108      BF0A
 109 0070 95B175F8 		.ascii	"\225\261u\370\017\016\006\374\373;\030pq.:\2260\335"
 109      0F0E06FC 
 109      FB3B1870 
 109      712E3A96 
 109      30DD
 110 0082 A3249633 		.ascii	"\243$\2263]\023\240Xa\005\200.\030\260\335\\(\260\033"
 110      5D13A058 
 110      6105802E 
 110      18B0DD5C 
 110      28B01B
 111 0095 FEE5E31C 		.ascii	"\376\345\343\034\332\353\337\336\366>\343&g\213\031"
 111      DAEBDFDE 
 111      F63EE326 
 111      678B19
 112 00a4 4EA3077B 		.ascii	"N\243\007{\216\2514\005\205\246\203\017\216\015\272"
 112      8EA93405 
 112      85A6830F 
 112      8E0DBA
 113 00b3 97FEACEB 		.ascii	"\227\376\254\353\241W\241H-T\035\376\011oq\366\2063"
 113      A157A148 
 113      2D541DFE 
 113      096F71F6 
 113      8633
ARM GAS  /var/folders/_f/jzb7lsz153bclt069nvlpp5r0000gn/T//cchbQmFv.s 			page 8


 114 00c5 38030BE0 		.ascii	"8\003\013\340,,\240\005\317\301R\314\035h\032\215jb"
 114      2C2CA005 
 114      CFC152CC 
 114      1D681A8D 
 114      6A62
 115 00d7 2590AE3A 		.ascii	"%\220\256:q\364\276\232W\203:c\264I\377J1\271\200\363"
 115      71F4BE9A 
 115      57833A63 
 115      B449FF4A 
 115      31B980F3 
 116 00eb 20D27518 		.ascii	" \322u\030bp\001\362({\360\273\263N\261J*\017\337\377"
 116      627001F2 
 116      287BF0BB 
 116      B34EB14A 
 116      2A0FDFFF 
 117 00ff 2FE4B194 		.ascii	"/\344\261\224{k\324\265&W\240\316.T\030\\\264\204\211"
 117      7B6BD4B5 
 117      2657A0CE 
 117      2E54185C 
 117      B48489
 118 0112 D0B74EB1 		.ascii	"\320\267N\261F\012\023\341\273\245\226\356\274\324q"
 118      460A13E1 
 118      BBA596EE 
 118      BCD471
 119 0121 A8B7EB70 		.ascii	"\250\267\353p\322\000y\224\374\343\263\277\332@|-\205"
 119      D2007994 
 119      FCE3B3BF 
 119      DA407C2D 
 119      85
 120 0132 6346B445 		.ascii	"cF\264E\313\255F\345P\325\337}\232\336\243\207\207&"
 120      CBAD46E5 
 120      50D5DF7D 
 120      9ADEA387 
 120      8726
 121 0144 261699DC 		.ascii	"&\026\231\334\001\2272W\260>\324\245\261\250\301\305"
 121      01973257 
 121      B03ED4A5 
 121      B1A8C1C5 
 122 0154 5A29EF8B 		.ascii	"Z)\357\213\264\276\362X\362\343\225\335ir\016M\237\221"
 122      B4BEF258 
 122      F2E395DD 
 122      69720E4D 
 122      9F91
 123 0166 8F873F0C 		.ascii	"\217\207?\014z\325\260\256\353~h\204\\\210@.\265\024"
 123      7AD5B0AE 
 123      EB7E6884 
 123      5C88402E 
 123      B514
 124 0178 3B791954 		.ascii	";y\031T`\214\177\2126\3146\364\211\211H,\336\272\242"
 124      608C7F8A 
 124      36CC36F4 
 124      8989482C 
 124      DEBAA2
 125 018b 3EF70B60 		.ascii	">\367\013`\024\303m\304\256\341nc\216\012\004\344D4"
 125      14C36DC4 
 125      AEE16E63 
 125      8E0A04E4 
ARM GAS  /var/folders/_f/jzb7lsz153bclt069nvlpp5r0000gn/T//cchbQmFv.s 			page 9


 125      4434
 126 019d D58583D3 		.ascii	"\325\205\203\323\015\324\030/\3155\032|\024\314\242"
 126      0DD4182F 
 126      CD351A7C 
 126      14CCA2
 127 01ac 2B3F0DD9 		.ascii	"+?\015\3314\235CWsi\310\241)c\303X\231\036\214\021\354"
 127      349D4357 
 127      7369C8A1 
 127      2963C358 
 127      991E8C11 
 128 01c1 0FFE8B3F 		.ascii	"\017\376\213? \3242\036\033w\220\231$w\240\337\307\303"
 128      20D4321E 
 128      1B779099 
 128      2477A0DF 
 128      C7C3
 129 01d3 FD71173D 		.ascii	"\375q\027=\024B\332o~\177j\314w\022\216W\350\272\261"
 129      1442DA6F 
 129      7E7F6ACC 
 129      77128E57 
 129      E8BAB1
 130 01e6 D5E4AE24 		.ascii	"\325\344\256$\356Q3\361\341\275\323/n>\235\225\277\334"
 130      EE5133F1 
 130      E1BDD32F 
 130      6E3E9D95 
 130      BFDC
 131 01f8 E46E6881 		.ascii	"\344nh\201\223\360\232\250\030\264B>{\000!}\275\004"
 131      93F09AA8 
 131      18B4423E 
 131      7B00217D 
 131      BD04
 132 020a 44E3B82E 		.ascii	"D\343\270.\005\214\326=\263d\010\271\322\353\240\012"
 132      058CD63D 
 132      B36408B9 
 132      D2EBA00A 
 133 021a DA70C501 		.ascii	"\332p\305\001\010?\254L\356S-+j\372\363\251\342C\320"
 133      083FAC4C 
 133      EE532D2B 
 133      6AFAF3A9 
 133      E243D0
 134 022d 3ED9D411 		.ascii	">\331\324\0214\326\261D\032o\354\257vZ\331\316\364\005"
 134      34D6B144 
 134      1A6FECAF 
 134      765AD9CE 
 134      F405
 135 023f 1D538C2F 		.ascii	"\035S\214/3\271\007]@t\322\370\211\267\207~\317\"\343"
 135      33B9075D 
 135      4074D2F8 
 135      89B7877E 
 135      CF22E3
 136 0252 5EB8228D 		.ascii	"^\270\"\215\203\265W\037\366\277\254\201\374\013\270"
 136      83B5571F 
 136      F6BFAC81 
 136      FC0BB8
 137 0261 57C66ADA 		.ascii	"W\306j\332\323\016\310\177\315\345^]E(,\371\360\233"
 137      D30EC87F 
 137      CDE55E5D 
 137      45282CF9 
ARM GAS  /var/folders/_f/jzb7lsz153bclt069nvlpp5r0000gn/T//cchbQmFv.s 			page 10


 137      F09B
 138 0273 51B02A62 		.ascii	"Q\260*b#\234\0249(\347\351\345\225)\345\347\233\\Kb"
 138      239C1439 
 138      28E7E9E5 
 138      9529E5E7 
 138      9B5C4B62 
 139 0287 93AE5179 		.ascii	"\223\256Qy\270\216\025Q\317d\353S\004\336\231[6\246"
 139      B88E1551 
 139      CF64EB53 
 139      04DE995B 
 139      36A6
 140 0299 B37C2365 		.ascii	"\263|#e\371Wi\271\362\321\236\230b\225\320\254*\265"
 140      F95769B9 
 140      F2D19E98 
 140      6295D0AC 
 140      2AB5
 141 02ab 478ED639 		.ascii	"G\216\3269\310\250\317\305\240\023\227\317\340\362a"
 141      C8A8CFC5 
 141      A01397CF 
 141      E0F261
 142 02ba 5E0657FC 		.ascii	"^\006W\374\207_*\263$\227<\001\303m/\257h6\256\233\222"
 142      875F2AB3 
 142      24973C01 
 142      C36D2FAF 
 142      6836AE9B 
 143 02cf EB37C9E5 		.ascii	"\3537\311\345\223\\\215\211O\\Y3\347\352\232\216\253"
 143      935C8D89 
 143      4F5C5933 
 143      E7EA9A8E 
 143      AB
 144 02e0 3BC5D563 		.ascii	";\305\325c\347\362[U\372\236\276\177\243I.?\203^;W6"
 144      E7F25B55 
 144      FA9EBE7F 
 144      A3492E3F 
 144      835E3B57 
 145 02f5 E66570F5 		.ascii	"\346ep\365\017u\036\220\351\012\247z\025\275m\367\334"
 145      0F751E90 
 145      E90AA77A 
 145      15BD6DF7 
 145      DC
 146 0306 36AE5B92 		.ascii	"6\256[\222\253Ore[\373\225\342\2323s\256\330t\\\267"
 146      AB4F7265 
 146      5BFB95E2 
 146      9A3373AE 
 146      D8745CB7 
 147 031a 535C77EC 		.ascii	"S\\w\354\\s\255*U\311X\227\334\000\337<\006\375v\256"
 147      5C73AD2A 
 147      55C95897 
 147      DC00DF3C 
 147      06FD76AE 
 148 032e 1CCCCBE0 		.ascii	"\034\314\313\340j8\365\356\177\220\\\202\352=i\177n"
 148      6A38F5EE 
 148      7F905C82 
 148      EA3D697F 
 148      6E
 149 033f 7A6C5C77 		.ascii	"zl\\w%W\\r\345\310\2439\320%\322\216fm\374q\\\310\243"
 149      25575C72 
ARM GAS  /var/folders/_f/jzb7lsz153bclt069nvlpp5r0000gn/T//cchbQmFv.s 			page 11


 149      E5C8A339 
 149      D025D28E 
 149      666DFC71 
 150 0356 89E7EE9E 		.ascii	"\211\347\356\236<w#xI\357\013L\366\3137S\022\201\036"
 150      3C772378 
 150      49EF0B4C 
 150      F6CB3753 
 150      12811E
 151 0369 4185F167 		.ascii	"A\205\361g\327\244\021\344\373\007\200N2\357\210\354"
 151      D7A411E4 
 151      FB07804E 
 151      32EF88EC 
 152 0379 2099A86B 		.ascii	" \231\250k^\210/\034 !\022\006\012\012&\277E\205\305"
 152      5E882F1C 
 152      20211206 
 152      0A0A26BF 
 152      4585C5
 153 038c 5B366EDF 		.ascii	"[6n\337\020\330\261\2650\270\251\264l[\240xsIQIiy\240"
 153      10D8B1B5 
 153      30B8A9B4 
 153      6C5BA078 
 153      73495149 
 154 03a3 BCAC3850 		.ascii	"\274\2548P\2643\030,\335^P\314\224\340\346\222reCa\260"
 154      B433182C 
 154      DD5E50CC 
 154      94E0E692 
 154      72654361 
 155 03b8 D04DC3FA 		.ascii	"\320M\303\372\362\222]\033\241\010\312>\002\312 Z\025"
 155      F2925D1B 
 155      A108CA3E 
 155      02CA205A 
 155      15
 156              		.text
 157              		.section	.gnu.lto_ll_button_write.a7a56d04963fd2b2,"",%progbits
 158 0000 789C6366 		.ascii	"x\234cf\300\004R@\034\313\310\300\340\012\244\031\231"
 158      C0045240 
 158      1CCBC8C0 
 158      E00AA419 
 158      99
 159 0011 19189926 		.ascii	"\031\030\231&\234c`h\344`bd\0041\030\030\031\352\231"
 159      9C636068 
 159      E4606264 
 159      04311818 
 159      19EA99
 160 0024 18EB195F 		.ascii	"\030\353\031_2}db\334\271\356\313Y\356\027L?\231\030"
 160      327D6462 
 160      DCB9EECB 
 160      59EE174C 
 160      3F9918
 161 0037 141880DC 		.ascii	"\024\030\200\334]\223N\314`\003q\031Y@\334\353\327f"
 161      5D934ECC 
 161      60037119 
 161      5940DCEB 
 161      D766
 162 0049 5CE7545F 		.ascii	"\\\347T_\332\320\320\364\241i\373\022\306\231S\026\000"
 162      DAD0D0F4 
 162      A169FB12 
ARM GAS  /var/folders/_f/jzb7lsz153bclt069nvlpp5r0000gn/T//cchbQmFv.s 			page 12


 162      C6995316 
 162      00
 163 005a A598183E 		.ascii	"\245\230\030>310.g\224b\\\301\010\262\211q%\243:P\355"
 163      3331302E 
 163      6794625C 
 163      C108B289 
 163      7125A33A 
 164 0070 D54D6F76 		.ascii	"\325Mov\3610\0331\202\364-\2742\3552\233\352b\240\276"
 164      F1301B31 
 164      82F42DBC 
 164      32ED329B 
 164      EA62A0BE 
 165 0084 036F3735 		.ascii	"\003o758\260\374dbf\\\305\310\214\254\017(\304\300\270"
 165      38B0FC64 
 165      62665CC5 
 165      C88CAC0F 
 165      28C4C0B8 
 166 0098 9A5115A4 		.ascii	"\232Q\025\244\372z\337\012vfs\260\316)\227\2775qAt\366"
 166      FA7ADF0A 
 166      766673B0 
 166      CE2997BF 
 166      35714174 
 167 00ad 2C66F3F8 		.ascii	",f\363\370\311\304\302\270\006]#\013\003\343Z\210\306"
 167      C9C4C2B8 
 167      065D230B 
 167      03E35A88 
 167      C6
 168 00be 2B4D1DEC 		.ascii	"+M\035\354\3146`\215WZ.\344C\364\255\006\353cb\\\207"
 168      CC36608D 
 168      575A2EE4 
 168      43F4AD06 
 168      EB63625C 
 169 00d3 AE0FC859 		.ascii	"\256\017\310Y\317\250\012R\374\261\345\357un\266\226"
 169      CFA80A52 
 169      FCB1E5EF 
 169      756EB696 
 170 00e3 86860601 		.ascii	"\206\206\006\001\220g\200~\330\300\310\006\0140\206"
 170      9067807E 
 170      D8C0C806 
 170      0C3086
 171 00f2 F542071A 		.ascii	"\365B\007\032\376\377_|\377\340o6F\240\370\023 \006"
 171      FEFF5F7C 
 171      FFE06F36 
 171      46A0F813 
 171      2006
 172 0104 05D953A0 		.ascii	"\005\331S\240^ \315|\217\261\361\300\317c\214 \325@"
 172      5E20CD7C 
 172      8FB1F1C0 
 172      CF638C20 
 172      D540
 173 0116 53EE3F39 		.ascii	"S\356?9\177\221\343\0058D\030\0307\202\303\342\011\023"
 173      7F91E305 
 173      38441818 
 173      3782C3E2 
 173      0913
 174 0128 23482150 		.ascii	"#H!P@_O\017\212\222\022\223\263S\363R\364\013r\022K"
 174      405F4F0F 
ARM GAS  /var/folders/_f/jzb7lsz153bclt069nvlpp5r0000gn/T//cchbQmFv.s 			page 13


 174      8A921293 
 174      B353F352 
 174      F40B7212 
 175 013d D2F28B72 		.ascii	"\322\362\213r\365\22332\2232\363\213\365\213\213\222"
 175      F5933332 
 175      9332F38B 
 175      F58B8B92 
 176 014d F5934A4B 		.ascii	"\365\223JKJ\362\363\364\222\031XJ22\213YR\022K\0229"
 176      4AF2F3F4 
 176      9219584A 
 176      32328B59 
 176      52124B12 
 177 0162 41447C71 		.ascii	"AD|qfU*\000F!\221\330"
 177      66552A00 
 177      462191D8 
 178              		.text
 179              		.section	.gnu.lto_button_cb.a7a56d04963fd2b2,"",%progbits
 180 0000 789C8D55 		.ascii	"x\234\215UoLSW\024\277\347\276\307k\241T\2209u\354\017"
 180      6F4C5357 
 180      14BFE7BE 
 180      C76BA154 
 180      903975EC 
 181 0015 24C43833 		.ascii	"$\30483\3419M0\373\260\270\205\017\213\311\330\214|"
 181      E1394D30 
 181      FBB0B885 
 181      0F8BC9D8 
 181      8C7C
 182 0027 5B9618A8 		.ascii	"[\226\030\250\235\022,5m]\364\203\361\025\3524a\032"
 182      9D122C35 
 182      6D5DF483 
 182      F115EA34 
 182      611A
 183 0039 879AA11B 		.ascii	"\207\232\241\033C\247\323m((**8\255\377\2001\304\177"
 183      43A7D36D 
 183      28282A2A 
 183      38ADFF80 
 183      31C47F
 184 004c 0C411814 		.ascii	"\014A\030\024\006\013Kd\003q@\307\\w\316}\305\225\202"
 184      060B4B64 
 184      037140C7 
 184      5C77CE7D 
 184      C59582
 185 005f 86A6BD7D 		.ascii	"\206\246\275}\367\334\363\373\235s~\367\336\363$6\371"
 185      F7DCF3FB 
 185      9D737EF7 
 185      DEF32436 
 185      F9
 186 0070 138FBF1C 		.ascii	"\023\217\277\034#c\013\2001\220\030\360]\215\214\271"
 186      23630B80 
 186      319018F0 
 186      5D8D8CB9 
 187 0080 8D1C801E 		.ascii	"\215\034\200\036\030\260-\034\266\300\357|\220\303."
 187      18B02D1C 
 187      B6C0EF7C 
 187      90C32E
 188 008f 6F699169 		.ascii	"oi\221i\3767\232\246\015t\327\272Wx\301\317\031\033"
 188      FE379AA6 
ARM GAS  /var/folders/_f/jzb7lsz153bclt069nvlpp5r0000gn/T//cchbQmFv.s 			page 14


 188      0D74D7BA 
 188      5778C1CF 
 188      191B
 189 00a1 E23A0F1C 		.ascii	"\342:\017\034\205\371\350\343\331\261\347=i10|<_\366"
 189      85F9E8E3 
 189      D9B1E73D 
 189      6931307C 
 189      3C5FF6
 190 00b4 E886A98F 		.ascii	"\350\206\251\217\3739$\322\264\252\260\256H\241)\227"
 190      FB3924D2 
 190      B4AAB0AE 
 190      48A12997 
 191 00c4 69AA75B7 		.ascii	"i\252u\267\3555\315;\244iy\336\262\012\355-\331\317"
 191      ED35CD3B 
 191      A46979DE 
 191      B20AED2D 
 191      D9CF
 192 00d6 25F81624 		.ascii	"%\370\026$\244\203\357 \036\276\207x\206&\006\2450\217"
 192      A483EF20 
 192      1EBE8778 
 192      862606A5 
 192      308F
 193 00e8 DC876BCF 		.ascii	"\334\207k\317\326\311R\252 n.\370\363\352\214\244\203"
 193      D6C952AA 
 193      206E2EF8 
 193      F3EA8CA4 
 193      83
 194 00f9 08F5D5FF 		.ascii	"\010\365\325\377\275\332\3539\240\375\033\010`22\034"
 194      BDDAEB39 
 194      A0FD1B08 
 194      6032321C 
 195 0109 9B48A07F 		.ascii	"\233H\240\177(\253\303\303\217e\351M\201.\0379\177!"
 195      28ABC3C3 
 195      8F65E94D 
 195      812E1F39 
 195      7F21
 196 011b 886E38F1 		.ascii	"\210n8\361\241\327=\216\216\2002\035\2750\036\026\204"
 196      A1D73D8E 
 196      8E80321D 
 196      BD301E16 
 196      84
 197 012c 608FF6F5 		.ascii	"`\217\366\365\237\223\2444\201m((\331\307EI^1\3377\322"
 197      9F93A434 
 197      816D2828 
 197      D9C74549 
 197      5E31DF37 
 198 0141 5013236A 		.ascii	"P\023#j\232K\323\177\002\356\355\006\242\326|-U\262"
 198      9A4BD37F 
 198      02EEED06 
 198      A2D67C2D 
 198      55B2
 199 0153 B748F3F8 		.ascii	"\267H\363\370\002\201\004?W\340\204N}\022\023\253\010"
 199      0281043F 
 199      57E0844E 
 199      7D1213AB 
 199      08
 200 0164 4D6CD0F3 		.ascii	"Ml\320\363\370\236I\361 \"\026\216C\022\224\343\357"
ARM GAS  /var/folders/_f/jzb7lsz153bclt069nvlpp5r0000gn/T//cchbQmFv.s 			page 15


 200      F89E49F1 
 200      2022168E 
 200      431294E3 
 200      EF
 201 0175 1424E9AA 		.ascii	"\024$\351\252\302iPpW\370\270\265<\316\253\005\002\247"
 201      C2695070 
 201      57F8B8B5 
 201      3CCEAB05 
 201      02A7
 202 0187 4AAA47E3 		.ascii	"J\252G\343a\256\004$\215\214\"\031\"p0*8D\032p\2102"
 202      61AE0424 
 202      8D8C2219 
 202      2270302A 
 202      38441A70 
 203 019d D2349286 		.ascii	"\3224\222\206(FP\023=\232i\230\211\203)\016\207h\306"
 203      28465013 
 203      3D9A6998 
 203      8983290E 
 203      8768C6
 204 01b0 7A3002ED 		.ascii	"z0\002\355p/\347\364/5C^,eT\252\325]\216\226\336\021"
 204      702FE7F4 
 204      2F35435E 
 204      2C6554AA 
 204      D55D8E96 
 205 01c6 E535EDF5 		.ascii	"\3455\355\365\177\246\010\251\006J\016\225\233\253+"
 205      7FA608A9 
 205      064A0E95 
 205      9BAB2B
 206 01d5 3421F6B2 		.ascii	"4!\366\262\200\344\347f83\225\330P\011I\210\354\332"
 206      80E4E766 
 206      383395D8 
 206      50094988 
 206      ECDA
 207 01e7 F1D72920 		.ascii	"\361\327) a\314\211\014\316\342j\033\344u_\252\377c"
 207      61CC890C 
 207      CEE26A1B 
 207      E4755FAA 
 207      FF63
 208 01f9 E9849A7D 		.ascii	"\351\204\232}\2368Q\344\020\20701\030\234\003%L!\337"
 208      9E3851E4 
 208      10873031 
 208      189C0325 
 208      4C21DF
 209 020c 6863A3C2 		.ascii	"hc\243\302\340<\371\363\260\245\213\237\324\276\310"
 209      E03CF9F3 
 209      B0A58B9F 
 209      D4BEC8
 210 021b A08A96A4 		.ascii	"\240\212\226\244\211K\336\3759\224\023\203jZ\224'\305"
 210      894BDEFD 
 210      39941383 
 210      6A5A9427 
 210      C5
 211 022c B94071E0 		.ascii	"\271@q\340\007R\032\330N:\346\235\017FwK\011%\274X+"
 211      07521AD8 
 211      4E3AE69D 
 211      0F46774B 
 211      0925BC58 
ARM GAS  /var/folders/_f/jzb7lsz153bclt069nvlpp5r0000gn/T//cchbQmFv.s 			page 16


 212 0241 4AF4F319 		.ascii	"J\364\363\031\204\330\3336\346\216\222Q1\270\010\011"
 212      84D8DB36 
 212      E68E9251 
 212      31B80809 
 213 0251 22ADFD5B 		.ascii	"\"\255\375[?\337\027\215\026\270\004\262(\220\341\221"
 213      3FDF178D 
 213      16B804B2 
 213      2890E191 
 214 0261 9071A17E 		.ascii	"\220q\241~\333\201a9\341\353 :\206|o=\250\251\212\024"
 214      DB816139 
 214      E1EB203A 
 214      867C6F3D 
 214      A8A98A14 
 215 0275 E8CB8486 		.ascii	"\350\313\204\206+ \263v\310\307zn*T\016\371|uwg\031"
 215      2B20B376 
 215      C8C77A6E 
 215      2A540EF9 
 215      7C757767 
 216 028a DF3CA66D 		.ascii	"\337<\246m\327\214~\036;\204\247\221\004\200\253\260"
 216      D78C7E1E 
 216      3B84A791 
 216      0480ABB0 
 217 029a 19B76B26 		.ascii	"\031\267k&\303\335\361]\277\363\2128\021xNF\260\312"
 217      C3DDF15D 
 217      BFF38A38 
 217      11784E46 
 217      B0CA
 218 02ac FB905779 		.ascii	"\373\220Wy\362\310\253d\032\341\024\271\263\347\346"
 218      F2C8AB64 
 218      1AE114B9 
 218      B3E7E6
 219 02bb 6D23692E 		.ascii	"m#i.\213\014\317\214\226\364\233\213\341\013<\332q\350"
 219      8B0CCF8C 
 219      96F49B8B 
 219      E10B3CDA 
 219      71E8
 220 02cd 0FD72849 		.ascii	"\017\327(I\264\177\371hwkL\362kxn\340:\024\303Cq\177"
 220      B47FF968 
 220      776B4CF2 
 220      6B786EE0 
 220      3A14C343 
 221 02e3 A1069291 		.ascii	"\241\006\222\221\361J%\350|\021\241|\206p\276\3470 "
 221      F14A25E8 
 221      7C11A17C 
 221      8670BEE7 
 221      3020
 222 02f5 D406F97A 		.ascii	"\324\006\371z\032\012*\215\311\245\232\007\027fA\235"
 222      1A0A2A8D 
 222      C9A59A07 
 222      1766419D 
 223 0305 A004A2FC 		.ascii	"\240\004\242\374QP\346\215S*\323\311\351y\250\027\004"
 223      5150E68D 
 223      532AD3C9 
 223      E979A817 
 223      04
 224 0316 E2F8FFA4 		.ascii	"\342\370\377\244\023t\030t\002\003r\340<\277C\321\347"
 224      13741874 
ARM GAS  /var/folders/_f/jzb7lsz153bclt069nvlpp5r0000gn/T//cchbQmFv.s 			page 17


 224      020372E0 
 224      3CBF43D1 
 224      E7
 225 0327 464C13AD 		.ascii	"FL\023\255d\032\015\232\"\321\212t\265\305}\0252en\304"
 225      641A0D9A 
 225      22D18A74 
 225      B5C57D15 
 225      32656EC4 
 226 033b 4D6DC018 		.ascii	"Mm\300\030\350R\261\355Z0\221(\364C'\367\221\352O\015"
 226      E852B1ED 
 226      5A309128 
 226      F44327F7 
 226      91EA4F0D 
 227 034f C20943DD 		.ascii	"\302\011C\335@\247f\340B\337r\3227JD\3366\274'B\007"
 227      40A766E0 
 227      42DF72D2 
 227      374A44DE 
 227      36BC2742 
 228 0364 9982A642 		.ascii	"\231\202\246BA\022R\212\033\217\330\013O+\307\014\215"
 228      4112528A 
 228      1B8FD80B 
 228      4F2BC70C 
 228      8D
 229 0375 A21C89CA 		.ascii	"\242\034\211\312\271\011\311\310#$\031<\366\206Nk\236"
 229      B909C9C8 
 229      2324193C 
 229      F6864E6B 
 229      9E
 230 0386 8E2866B8 		.ascii	"\216(f\270%Xdb\271\255\213R\3305+\230\310\256\202\374"
 230      25586462 
 230      B9AD8B52 
 230      D8352B98 
 230      C8AE82FC 
 231 039a 3140FD31 		.ascii	"1@\3751\017\205|\261Q<\344\021\344z\207\002\232\311"
 231      0F857CB1 
 231      513CE411 
 231      E47A8702 
 231      9AC9
 232 03ac 7BE0C4F1 		.ascii	"{\340\304\361\005S\272\317\326\335\025r\277\013\311"
 232      0553BACF 
 232      D6DD1572 
 232      BF0BC9
 233 03bb A1BB3E1B 		.ascii	"\241\273>\033MMB\273\274\302\301\343/=+\232\201\340"
 233      4D4D42BB 
 233      BCC2C1E3 
 233      2F3D2B9A 
 233      81E0
 234 03cd 3F879457 		.ascii	"?\207\224W\366\262^\336\314\351\224g\202fQ\236\221X"
 234      F6B25EDE 
 234      CCE99467 
 234      8266519E 
 234      9158
 235 03df EE050FCD 		.ascii	"\356\005\017\315\3019:C\\hJ\246\360\2038\007C@K8a4\264"
 235      C1393A43 
 235      5C684AA6 
 235      F0833807 
 235      43404B38 
ARM GAS  /var/folders/_f/jzb7lsz153bclt069nvlpp5r0000gn/T//cchbQmFv.s 			page 18


 236 03f6 0AC24822 		.ascii	"\012\302H\"\274\217\204\355\260U\213!>\206\204\2140"
 236      BC8F84ED 
 236      B0558B21 
 236      3E86848C 
 236      30
 237 0407 98B61F7B 		.ascii	"\230\266\037{6\335B\177cO\352\304fr->\330\225\224I\335"
 237      36DD427F 
 237      634FEAC4 
 237      66722D3E 
 237      D8959449 
 238 041c A24D748B 		.ascii	"\242Mt\213\366\251\357\254A,\303/\377\337\331\330I]"
 238      F6A9EFAC 
 238      412CC32F 
 238      FFDFD9D8 
 238      495D
 239 042e B47A7A5D 		.ascii	"\264zz]\264Ct\321'\205\233\321\324\371\324.:\332\330"
 239      B44374D1 
 239      27859BD1 
 239      D4F9D42E 
 239      3ADAD8
 240 0441 AB88A486 		.ascii	"\253\210\244\206P\303\260\276X\323\204}\321GK\221a}"
 240      50C3B0BE 
 240      58D3847D 
 240      D1474B91 
 240      617D
 241 0453 712087A2 		.ascii	"q \207\2420\350\232\272/v\213J\177\015\351\213\207\373"
 241      30E89ABA 
 241      2F768B4A 
 241      7F0DE98B 
 241      87FB
 242 0465 7D55CA78 		.ascii	"}U\312x\313\353\024-\257G\264\274\360\376\326\213\375"
 242      CBEB142D 
 242      AF47B4BC 
 242      F0FED68B 
 242      FD
 243 0476 0D7B498B 		.ascii	"\015{I\213\270:$5\275\356/\267\216(\251\247\265\355"
 243      B83A2435 
 243      BDEE2FB7 
 243      8E28A9A7 
 243      B5ED
 244 0488 B86B98EC 		.ascii	"\270k\230\354o\220\312:\300\355\353\375@l\013\243\367"
 244      6F90CA3A 
 244      C0EDEBFD 
 244      406C0BA3 
 244      F7
 245 0499 11D07B08 		.ascii	"\021\320{\010Y\324\224\224\3407+\323\222c\315]\255\256"
 245      59D49494 
 245      E0372BD3 
 245      9263CD5D 
 245      ADAE
 246 04ab 5F97E9FA 		.ascii	"_\227\351\372\310\356\260\251\226\265\331Y\331v\247"
 246      C8EEB0A9 
 246      96B5D959 
 246      D976A7
 247 04ba EA7458D4 		.ascii	"\352tX\324\254\015.\227=7\305\302\244L\307\032E\237"
 247      AC0D2E97 
 247      3D37C5C2 
ARM GAS  /var/folders/_f/jzb7lsz153bclt069nvlpp5r0000gn/T//cchbQmFv.s 			page 19


 247      A44CC71A 
 247      459F
 248 04cc 45385D99 		.ascii	"E8]\231.\253ds\2561de:\255+\034\331\313\236\220\341"
 248      2EAB6473 
 248      AE316465 
 248      3AAD2B1C 
 248      D9CB9E90 
 249 04e1 378DE0EF 		.ascii	"7\215\340\357g\254Z\274(eI\312\022\025\211,v\233\315"
 249      67AC5ABC 
 249      286549CA 
 249      1215892C 
 249      769BCD
 250 04f4 9EABAEB7 		.ascii	"\236\253\256\267;\\N\365\355\225\351i\351\0331\210\305"
 250      3B5C4EF5 
 250      ED95E969 
 250      E91B3188 
 250      C5
 251 0505 EEB0AEFA 		.ascii	"\356\260\256\372x\251-e-{wZx\353F\027\241\325\264\364"
 251      78A92D65 
 251      2D7B775A 
 251      78EB4617 
 251      A1D5B4F4 
 252 0519 8CE5196A 		.ascii	"\214\345\031j\032\302\325\345\271\226u\033V[U\213\315"
 252      1AC2D5E5 
 252      B996751B 
 252      565B558B 
 252      CD
 253 052a 99ED5CB5 		.ascii	"\231\355\\\265\306bA\262\327\237M\346p\251\331\343\250"
 253      C66241B2 
 253      D79F4DE6 
 253      70A9D9E3 
 253      A8
 254 053b B5CE4D4E 		.ascii	"\265\316MND\304\246g\254L\244R\326;\262\027&\316[\304"
 254      44C4A667 
 254      AC4CA452 
 254      D63BB217 
 254      26CE5BC4 
 255 054f B883196C 		.ascii	"\270\203\031lV\233\335\261\211\375\007\250\323C\036"
 255      569BDDB1 
 255      89FD07A8 
 255      D3431E
 256              		.text
 257              		.section	.gnu.lto_ll_button_init.a7a56d04963fd2b2,"",%progbits
 258 0000 789C95D2 		.ascii	"x\234\225\322\317k\023A\024\007\360\371\316n\266\201"
 258      CF6B1341 
 258      1407F0F9 
 258      CE6EB681 
 259 0010 602B9E24 		.ascii	"`+\236$^\274\204\"\232,x\020\364\242G\377\004\361 4"
 259      5EBC8422 
 259      9A2C7810 
 259      F4A247FF 
 259      04F12034 
 260 0024 A9623136 		.ascii	"\251b16\222F\017b\351\246\215\324\223\210B\021M\024"
 260      92460F62 
 260      E9A68DD4 
 260      93884211 
 260      4D14
ARM GAS  /var/folders/_f/jzb7lsz153bclt069nvlpp5r0000gn/T//cchbQmFv.s 			page 20


 261 0036 2CFEACA6 		.ascii	",\376\254\246\332\032kj\325\215\006#R\225\322\203U\244"
 261      DA1A6B6A 
 261      D58D0623 
 261      5295D283 
 261      55A4
 262 0048 82A6A288 		.ascii	"\202\246\242\210\2324\2455\024[\337\2334 \021\204,\273"
 262      9A34A535 
 262      145BDF9B 
 262      34201184 
 262      2CBB
 263 005a CCCEEE7B 		.ascii	"\314\316\356{\237\367fv5\361\357\341\246kL\023b\033"
 263      9FF76676 
 263      35F1EFE1 
 263      A66B4C13 
 263      621B
 264 006c 8DD004E4 		.ascii	"\215\320\004\344\251WBD\235\022\340\033\001\321%\321"
 264      A9574244 
 264      9D12E01B 
 264      01D125D1 
 265 007c 85AFB228 		.ascii	"\205\257\262(1\236^\232D\363e\313\352.\314\216L\271"
 265      319E5E9A 
 265      44F365CB 
 265      EA2ECC8E 
 265      4CB9
 266 008e 8EAF2D4B 		.ascii	"\216\257-K!JR`\223\033\033\330\301U4S\334@\377\324\264"
 266      214A5260 
 266      931B1BD8 
 266      C1553453 
 266      DC40FFD4 
 267 00a3 4BDB0C41 		.ascii	"K\333\014A\367\351\344\334K\327\027Y\226X\317\323\321"
 267      F7E9E4DC 
 267      4BD71759 
 267      9658CFD3 
 267      D1
 268 00b4 D3CFCF1A 		.ascii	"\323\317\317\032<\225:O{\213?c\360\364\223h\277\030"
 268      3C953A4F 
 268      7B8B3F63 
 268      F0F49368 
 268      BF18
 269 00c6 B276E865 		.ascii	"\262v\350e\251\341\03246\257\303\215\033p\013z$0\000"
 269      A9E11A34 
 269      36AFC38D 
 269      1B700B7A 
 269      243000
 270 00d9 0F45BFCF 		.ascii	"\017E\277\317\225\372\032\265-\312\315\215\307\326U"
 270      95FA1AB5 
 270      2DCACD8D 
 270      C7D655
 271 00e8 12172B89 		.ascii	"\022\027+\211:n\326&\352\002\267\340\341\350b\354\367"
 271      3A6ED626 
 271      EA02B7E0 
 271      E1E862EC 
 271      F7
 272 00f9 1B9711B3 		.ascii	"\033\227\021\263,k57L\235&a\200\306\3015\266\265\274"
 272      2C6B3537 
 272      4C9D2661 
 272      80C6C135 
ARM GAS  /var/folders/_f/jzb7lsz153bclt069nvlpp5r0000gn/T//cchbQmFv.s 			page 21


 272      B6B5BC
 273 010c FC299B49 		.ascii	"\374)\233I5\300Ek\246B\032T\226\310S\034o\301\214\224"
 273      35C0456B 
 273      A6421A54 
 273      96C8531C 
 273      6FC18C94 
 274 0120 3C6AEFD0 		.ascii	"<j\357\320\335W\314g\034\234J\344\207\374\353\011'\257"
 274      DD57CC67 
 274      1C9C4AE4 
 274      87FCEB09 
 274      27AF
 275 0132 84F68EA6 		.ascii	"\204\366\216\246\251_\027\277\257J\340|\324\262l\243"
 275      A95F17BF 
 275      AF4AE07C 
 275      D4B26CA3 
 276 0142 2C1D0B52 		.ascii	",\035\013Rb\220\272\340w\227\276e?6z7\226\245\201\333"
 276      6290BAE0 
 276      7797BE65 
 276      3F367A37 
 276      96A581DB 
 277 0156 4860961B 		.ascii	"H`\226\033\020\270\003\357\002%\023[(\314\024\253\354"
 277      10B803EF 
 277      0225135B 
 277      28CC14AB 
 277      EC
 278 0167 FF9CF8DC 		.ascii	"\377\234\370\334\231\267M\354\010\014)\207W\200ax\377"
 278      99B74DEC 
 278      080C2987 
 278      57806178 
 278      FF
 279 0178 6E871FDD 		.ascii	"n\207\037\335\245\004r\347{?\307\367\324\3436 \245\\"
 279      A50472E7 
 279      7B3FC7F7 
 279      D4E33620 
 279      A55C
 280 018a 85DC53EE 		.ascii	"\205\334S\356\205\311\223I\331\271h\235\260\354\255"
 280      85C99349 
 280      D9B9689D 
 280      B0ECAD
 281 0199 1450E29A 		.ascii	"\024P\342\232\030Ag\305\377\021\337U\237\177_\371\032"
 281      184167C5 
 281      FF11DF55 
 281      9F7F5FF9 
 281      1A
 282 01aa FBE95ADF 		.ascii	"\373\351Z\337\247|\252\215\321\252?\037\337]\237\377"
 282      A77CAA8D 
 282      D1AA3F1F 
 282      DF5D9FFF 
 283 01ba 40F93AFB 		.ascii	"@\371:\373c\265\276\251|\252\215\207U\177)~\264\036"
 283      63B5BEA9 
 283      7CAA8D87 
 283      557F297E 
 283      B41E
 284 01cc DF8947CA 		.ascii	"\337\211G\312w\260\377\270\326\337N\001%\256\015\273"
 284      77B0FFB8 
 284      D6DF4E01 
 284      25AE0DBB 
ARM GAS  /var/folders/_f/jzb7lsz153bclt069nvlpp5r0000gn/T//cchbQmFv.s 			page 22


 285 01dc EA3F4B1C 		.ascii	"\352?K\034\253\317\317(\337`\377I\255\277S\371T\033"
 285      ABCFCF28 
 285      DF60FF49 
 285      ADBF53F9 
 285      541B
 286 01ee 4FC99F46 		.ascii	"O\311\237F\324\036\316a\205\2378w\245\247I}~\010d\331"
 286      D41ECE61 
 286      859F3877 
 286      A5A7497D 
 286      7E0864D9 
 287 0202 A5FF17FC 		.ascii	"\245\377\027\374\337\322~\232>\337\312\351o\011\034"
 287      DFD27E9A 
 287      3EDFCAE9 
 287      6F091C
 288 0211 D8DBDE6A 		.ascii	"\330\333\336j\036\012\266D\366\205\302\007\315\300\376"
 288      1E0AB644 
 288      F685C207 
 288      CDC0FE
 289 0220 367F5BA8 		.ascii	"6\177[\250\303\354\010\007L\377\341H$\324\356\013\010"
 289      C3EC0807 
 289      4CFFE148 
 289      24D4EE0B 
 289      08
 290 0231 2D186CD5 		.ascii	"-\030l\325\375\255\341#\177\000\324\201l\216"
 290      FDADE123 
 290      7F00D481 
 290      6C8E
 291              		.text
 292              		.section	.gnu.lto_.symbol_nodes.a7a56d04963fd2b2,"",%progbits
 293 0000 789C55C8 		.ascii	"x\234U\310\315\011\302@\000D\341\267\263Y\263\007{\260"
 293      CD09C240 
 293      0044E1B7 
 293      B359B307 
 293      7BB0
 294 0012 D4C951F0 		.ascii	"\324\311Q\360\222\002Dr\264\000\261\002\317\326 \030"
 294      92024472 
 294      B400B102 
 294      CFD62018 
 295 0022 7FA2D620 		.ascii	"\177\242\326 \006T\310\316ex_\004\366\374\246^\206\366"
 295      0654C8CE 
 295      65785F04 
 295      F6FCA65E 
 295      86F6
 296 0034 0836EBED 		.ascii	"\0106\353\355r\216.r(\345*\253\224\233\034K\271\313"
 296      728E2E72 
 296      28E52AAB 
 296      949B1C4B 
 296      B9CB
 297 0046 55296739 		.ascii	"U)g9\375e\323e4\310\263)\204\247\\\177\201\246\031\373"
 297      FD65D365 
 297      34C8B329 
 297      84A75C7F 
 297      81A619FB 
 298 005a 21E749C7 		.ascii	"!\347I\307\224\351O\357\020S\315a\365ZT\211\335x\360"
 298      94E94FEF 
 298      1053CD61 
 298      F55A5489 
ARM GAS  /var/folders/_f/jzb7lsz153bclt069nvlpp5r0000gn/T//cchbQmFv.s 			page 23


 298      DD78F0
 299 006d 014BA237 		.ascii	"\001K\24277"
 299      37
 300              		.text
 301              		.section	.gnu.lto_.refs.a7a56d04963fd2b2,"",%progbits
 302 0000 789C6366 		.ascii	"x\234cf``\020b\200\000V6&\006f&f\026&\026V&F6&&v\006"
 302      60601062 
 302      80005636 
 302      26066626 
 302      66162616 
 303 001c 00046E00 		.ascii	"\000\004n\000N"
 303      4E
 304              		.text
 305              		.section	.gnu.lto_.decls.a7a56d04963fd2b2,"",%progbits
 306 0000 789CAD5A 		.ascii	"x\234\255ZyTTW\232\257[\267\026\252, \211&q<=\347\030"
 306      79545457 
 306      9AAF5BB7 
 306      16AA2C20 
 306      8926713C 
 307 0017 6686E3CC 		.ascii	"f\206\343\314I,\243\351\356\344\237\351tL\2725mFG\223"
 307      492CA3E9 
 307      EEE49FE9 
 307      744CBA35 
 307      6D464793 
 308 002b 33674EF7 		.ascii	"3gN\367\234\352\002J\245\233-U\245\211\363\317<\304"
 308      9CEA024A 
 308      A59B2D55 
 308      A589F3CF 
 308      3CC4
 309 003d 155C082E 		.ascii	"\025\\\010. q)\005\024\004\264\020\027T\204r\001\331"
 309      20712905 
 309      1404B410 
 309      17548472 
 309      01D9
 310 004f 51415110 		.ascii	"QAQ\020,A@@\240p\005d\231\357\336\373^\275WEab\237\256"
 310      2C414040 
 310      A0700564 
 310      99EFDEFB 
 310      5EBD5745 
 311 0067 E367BDEF 		.ascii	"\343g\275\357\276\357\376\276\375\336\373^\201e2\331"
 311      BEEFFEBE 
 311      FDDEFB5E 
 311      816532D9 
 312 0077 5DB94C36 		.ascii	"]\271L6\016\037\327,\231\354_42\231\037\214-\001\202"
 312      0E1FD72C 
 312      99EC5F34 
 312      32991F8C 
 312      2D0182
 313 008a 61593ED0 		.ascii	"aY>\320{2\366\201[\262\001\240'@\317\200^\000\015\001"
 313      7B32F681 
 313      5BB201A0 
 313      2740CF80 
 313      5E000D01 
 314 009e 8D029523 		.ascii	"\215\002\225#\231\254\012\250\006\311&|\310\034%P\000"
 314      99AC0AA8 
 314      06C9267C 
 314      C81C2550 
ARM GAS  /var/folders/_f/jzb7lsz153bclt069nvlpp5r0000gn/T//cchbQmFv.s 			page 24


 314      00
 315 00af 900EE802 		.ascii	"\220\016\350\002\220\223\350\345\357#^\306\373C\364"
 315      9093E8E5 
 315      EF235EC6 
 315      FB43F4
 316 00be 287CCC13 		.ascii	"(|\314\023\346<\3611\347\331O\314y\346c\316\013^\336"
 316      E63CF131 
 316      E7D94FCC 
 316      79E663CE 
 316      0B5EDE
 317 00d1 977D5710 		.ascii	"\227}W\020\363\377\035\240v\240\305@\227a\254\020\250"
 317      F3FF1DA0 
 317      76A0C540 
 317      9761AC10 
 317      A8
 318 00e2 01AEBF04 		.ascii	"\001\256\277\004\302@\235@\3050v\0121=/|\350\031\372"
 318      C2409D40 
 318      C530760A 
 318      313D2F7C 
 318      E819FA
 319 00f5 197118F2 		.ascii	"\031q\030\3621\217\304\367\037d,'\302\\bG-L(\201\357"
 319      318FC4F7 
 319      1F642C27 
 319      C25C6247 
 319      2D4C2881 
 320 010a 0CF8FE84 		.ascii	"\014\370\376\204\267s&oS>\360\307\020\323q\013\276\233"
 320      B773266F 
 320      533EF0C7 
 320      10D3710B 
 320      BE9B
 321 011c 80EE0255 		.ascii	"\200\356\002U\360\266\177\014\244\001\232\201X\216\363"
 321      F0B67F0C 
 321      A4019A81 
 321      588EF3
 322 012b E03B0748 		.ascii	"\340;\007H\013\327\347\340\373\003\240\323\274?g\201"
 322      0BD7E7E0 
 322      FB03A0D3 
 322      BC3F6781 
 323 013b 0E001D02 		.ascii	"\016\000\035\002\262\001\235\001\312\344e\211m-p\335"
 323      B2019D01 
 323      CAE46589 
 323      6D2D70DD 
 324 014b 0AD40ED4 		.ascii	"\012\324\016\324\315\327\300#\276\036\372\201\036\373"
 324      CDD7C023 
 324      BE1EFA81 
 324      1EFB
 325 0159 A809522F 		.ascii	"\250\011R/\244\236J$>!\304\342=\316\373\327\005\324"
 325      A49E4A24 
 325      3E21C4E2 
 325      3DCEFBD7 
 325      05D4
 326 016b 0DA4E6E3 		.ascii	"\015\244\346\343{\017\350\021P+P/P\037P\007\220\212"
 326      7B0FE811 
 326      502B502F 
 326      501F5007 
 326      908A
 327 017d C71B9089 		.ascii	"\307\033\220\2115)\324\250\367g@\216N\244e\234\326<"
ARM GAS  /var/folders/_f/jzb7lsz153bclt069nvlpp5r0000gn/T//cchbQmFv.s 			page 25


 327      3529D4A8 
 327      F767408E 
 327      4EA4659C 
 327      D63C
 328 018f 94A300ED 		.ascii	"\224\243\000\355\247\204M\337\265;G\011\254N\353G\330"
 328      A7844DDF 
 328      B53B4709 
 328      AC4EEB47 
 328      D8
 329 01a0 E1925B9B 		.ascii	"\341\222[\2330\226#r\235\226r\277^\373\376Q\216\343"
 329      30962372 
 329      9D9672BF 
 329      5EFBFE51 
 329      8EE3
 330 01b2 36718E8F 		.ascii	"6q\216\217E\204\235\256\202\333\032\034@e\006\252\367"
 330      45849DAE 
 330      82DB1A1C 
 330      406506AA 
 330      F7
 331 01c3 5D09C0EF 		.ascii	"]\011\300\357\322\353\330\303\347\267\250\001*HK\305"
 331      D2EBD8C3 
 331      E7B7A801 
 331      2A484BC5 
 332 01d3 86366E5E 		.ascii	"\2066n^\247\245\354\270\360!b\362\212\365?d\350\220"
 332      A7A5ECB8 
 332      F02162F2 
 332      8AF53F64 
 332      E890
 333 01e5 367813C7 		.ascii	"6x\023\307\255\345lq\334\233\261y\277\220\241#h\006"
 333      ADE56C71 
 333      DC9BB179 
 333      BF90A123 
 333      6806
 334 01f7 CA443364 		.ascii	"\312D3d\310\216\202a\012:\212\336\227\241\\\030<\006"
 334      C88E8261 
 334      0A3A8ADE 
 334      97A15C18 
 334      3C06
 335 0209 83E96083 		.ascii	"\203\351`\203\253\342y\351/8N\201\216#-\312A\230J@\324"
 335      ABE279E9 
 335      2F384E81 
 335      8E232DCA 
 335      41984A40 
 336 021e 88366698 		.ascii	"\2106f\230\274\371T\371\250rr\344\023\223!\307\227\354"
 336      BCF954F9 
 336      A87272E4 
 336      139321C7 
 336      97EC
 337 0230 788720E7 		.ascii	"x\207 \347\001r\266\210\014\212\334\320q\361\027\332"
 337      0172B688 
 337      0C8ADCD0 
 337      71F117DA 
 338 0240 F0E4D027 		.ascii	"\360\344\320''\203>~5\351m\002\235\017\320Y\"t\236\000"
 338      27833E7E 
 338      35E96D02 
 338      9D0FD059 
 338      22749E00 
ARM GAS  /var/folders/_f/jzb7lsz153bclt069nvlpp5r0000gn/T//cchbQmFv.s 			page 26


 339 0254 4D6E40AC 		.ascii	"Mn@\254\316\036{Z=\205&e&\011\335\271\244\262\024\025"
 339      CE1E7B5A 
 339      3D852665 
 339      2609DDB9 
 339      A4B21415 
 340 0268 4D8A82B0 		.ascii	"M\212\202\260\305E\203\245Z<\202h\224\267lr\226k\361"
 340      C54583A5 
 340      5A3C8268 
 340      94B76C72 
 340      966BF1
 341 027b 7AB947C8 		.ascii	"z\271G\310\337c!\277\367\343P\272\206\262$\332\201\304"
 341      DF6321BF 
 341      F7E350BA 
 341      86B224DA 
 341      81C4
 342 028d F0B20E2E 		.ascii	"\360\262\016.-\000\005kY\010\223X\010\013\301\232\002"
 342      2D00056B 
 342      59089358 
 342      080BC19A 
 342      02
 343 029e D19AF778 		.ascii	"\321\232\367xc\250s\211q\234\246,@\206N\201\033\247"
 343      63A87389 
 343      719CA62C 
 343      40864E81 
 343      1BA7
 344 02b0 896FE7C1 		.ascii	"\211o\347\301\267\367x\337\316\302\3409\030\004\340"
 344      B7F778DF 
 344      CEC2E039 
 344      1804E0
 345 02bf 9291A275 		.ascii	"\222\221\242u\356`O\230T\344c\022\213\365\372$\032\353"
 345      EE604F98 
 345      54E46312 
 345      8BF5FA24 
 345      1AEB
 346 02d1 0B60C219 		.ascii	"\013`\302\031\321\204B1\326\350|U\326q9\015\006'\227"
 346      D1844231 
 346      D6E87C55 
 346      D671390D 
 346      062797
 347 02e4 4982A363 		.ascii	"I\202\243c\301\331\377|\343\034\234\310\374\337\320"
 347      C1D9FF7C 
 347      E31C9CC8 
 347      FCDFD0
 348 02f3 DCDFEA8F 		.ascii	"\334\337\352\217\3672&yw\345^5\316\244\214\342\301P"
 348      F7322679 
 348      77E55E35 
 348      CEA48CE2 
 348      C150
 349 0305 CB0B359A 		.ascii	"\313\0135\232\241\011\236\221\302\371\241\022\244\221"
 349      A1099E91 
 349      C2F9A112 
 349      A491
 350 0313 6D2486BA 		.ascii	"m$\206\272\326&\276\361\255\014\275?\003\375+XY\012"
 350      D626BEF1 
 350      AD0CBD3F 
 350      03FD2B58 
 350      590A
ARM GAS  /var/folders/_f/jzb7lsz153bclt069nvlpp5r0000gn/T//cchbQmFv.s 			page 27


 351 0325 56925B32 		.ascii	"V\222[2t\005l\274\312\333\270\211\373\224\214\242\313"
 351      74056CBC 
 351      CADBB889 
 351      FB948CA2 
 351      CB
 352 0336 084B5A27 		.ascii	"\010KZ'\005\306\031\020\250\2723\324\323\255\301\307"
 352      05C61910 
 352      A8BA33D4 
 352      D3ADC1C7 
 353 0346 985E676B 		.ascii	"\230^gk_\312\024|\2011\335\035G\214\270\234]\267<\331"
 353      5FCA147C 
 353      8131DD1D 
 353      478CB89C 
 353      5DB73CD9 
 354 035a BD08DF62 		.ascii	"\275\010\337b\327\225\255\203Ot\324\2117\010k?\351:"
 354      D795AD83 
 354      4F74D489 
 354      37086B3F 
 354      E93A
 355 036c ACC1EDEC 		.ascii	"\254\301\355\354\336\303\202\254<\025\036f\314\236\027"
 355      DEC382AC 
 355      3C151E66 
 355      CC9E17
 356 037b 55A58154 		.ascii	"U\245\201Tp:aO\227lMW\341D\314<\274~\373\214\002\357"
 356      703A614F 
 356      976C4D57 
 356      E144CC3C 
 356      BC7EFB8C 
 357 0391 624C7C53 		.ascii	"bL|SV\225\032\357\303\036\205\360\016+\204m\225\251"
 357      56951AEF 
 357      C31E85F0 
 357      0E2B846D 
 357      95A9
 358 03a3 17316559 		.ascii	"\0271eY\317%\265=\315@B\262\\I\034\236\356\216\301-"
 358      CF25B53D 
 358      CD4042B2 
 358      5C491C9E 
 358      EE8EC12D 
 359 03b7 88C13B7C 		.ascii	"\210\301;|\246\352 \012\365\356~\033v\"\222\251\233"
 359      A6EA200A 
 359      F5EE7E1B 
 359      762292A9 
 359      9B
 360 03c8 90A91B62 		.ascii	"\220\251\033b\246\336\021\233\302\331\220\361\237\276"
 360      A6DE119B 
 360      C2D990F1 
 360      9FBE
 361 03d6 416F4F06 		.ascii	"AoO\006\032\277\276\222\366C\003\200^\027AoJZ\255\275"
 361      1ABFBE92 
 361      F6430380 
 361      5E17416F 
 361      4A5AADBD 
 362 03ea CEB9C7CF 		.ascii	"\316\271\307\3177l\343d\260\307\217\2606\273\003\260"
 362      376CE364 
 362      B0C78FB0 
 362      36BB03B0 
 363 03fa D744D806 		.ascii	"\327D\330\006IU\235\214?\320\256\301GX\270\232\356n"
ARM GAS  /var/folders/_f/jzb7lsz153bclt069nvlpp5r0000gn/T//cchbQmFv.s 			page 28


 363      49559D8C 
 363      3FD0AEC1 
 363      4758B89A 
 363      EE6E
 364 040c D98974F1 		.ascii	"\331\211t\361b\351R\203\204\352\225\241\273H\307O\333"
 364      62E95283 
 364      84EA95A1 
 364      BB48C74F 
 364      DB
 365 041d 946B2FD4 		.ascii	"\224k/\324(\340,@+\366\217\264\037S2\257\230\351\020"
 365      28E02C40 
 365      2BF68FB4 
 365      1F5332AF 
 365      98E910
 366 0430 88A16644 		.ascii	"\210\241fD\306\336\354\333\270\367\360\024\024\244S"
 366      C6DEECDB 
 366      B8F7F014 
 366      14A453
 367 043f 04BDFBEE 		.ascii	"\004\275\373\356\324\240 \205N\027\004\237`\033\250"
 367      D4A02085 
 367      4E17049F 
 367      601BA8
 368 044e 7075E726 		.ascii	"pu\347&\353\2229\247\003\321\262*\003\373\332\321T\301"
 368      EB9239A7 
 368      03D1B22A 
 368      03FBDAD1 
 368      54C1
 369 0460 A75944DF 		.ascii	"\247YD\337)\242U&\265\207H\210\3668\231=rvI\314 \300"
 369      29A25526 
 369      B5874888 
 369      F638993D 
 369      727649CC 
 370 0476 CE96C230 		.ascii	"\316\226\3020\307:\214\272`\250\234Guw`&\235\370o\004"
 370      C73A8CBA 
 370      60A89C47 
 370      75776026 
 370      9DF86F04 
 371 048a 77178488 		.ascii	"w\027\204\210\340\276\301\332N\204mC\357\302\377\367"
 371      E0BEC1DA 
 371      4E846D43 
 371      EFC2FFF7 
 372 049a 91E25542 		.ascii	"\221\342UB\017\250\320C*\364\003\025\342\270O\2552T"
 372      0FA8D043 
 372      2AF40315 
 372      E2B84FAD 
 372      3254
 373 04ac 0C120EA2 		.ascii	"\014\022\016\242\351\"\257\032\202\216\372!C\235(\010"
 373      E922AF1A 
 373      828EFA21 
 373      439D2808 
 374 04bc DD036A05 		.ascii	"\335\003j\005\352\005z\004\324\007\324\001\324\203\202"
 374      EA057A04 
 374      D407D401 
 374      D48382
 375 04cb 684288F9 		.ascii	"hB\210\371\266\356\023\334\247`~7\230_\343m~\255h>u"
 375      B6EE13DC 
 375      A7607E37 
ARM GAS  /var/folders/_f/jzb7lsz153bclt069nvlpp5r0000gn/T//cchbQmFv.s 			page 29


 375      985FE36D 
 375      7EAD683E 
 376 04e0 F5EE09EA 		.ascii	"\365\356\011\352\352b\035\272\344-:\313-)\304\247\005"
 376      EA621DBA 
 376      E42D3ACB 
 376      2D29C4A7 
 376      05
 377 04f1 8C950613 		.ascii	"\214\225\006\023\\\2208\324\305\202)\025h\363\020\350"
 377      5C9038D4 
 377      C5822915 
 377      68F310E8 
 378 0501 660254EF 		.ascii	"f\002T\357#\373\237\034\261\230\026V\223g\342\230\205"
 378      23FB9F1C 
 378      B1981656 
 378      9367E298 
 378      85
 379 0512 2C7354F4 		.ascii	",sT\364\241\230\215Jo\033\253<\335\261\335c\256\023"
 379      A1988D4A 
 379      6F1BAB3C 
 379      DDB1DD63 
 379      AE13
 380 0524 D90ADF99 		.ascii	"\331\012\337\231\023\201m]b\234\252}\0033a\322\012\316"
 380      13816D5D 
 380      629CAA7D 
 380      033361D2 
 380      0ACE
 381 0536 A6257E44 		.ascii	"\246%~DB\306\367\200\270m\357\033\316\355@\270\211_"
 381      42C6F780 
 381      B86DEF1B 
 381      CEED40B8 
 381      895F
 382 0548 2F8E1C2C 		.ascii	"/\216\034,\322\316\334\317]\263\273\232\373\233\246"
 382      D2CEDCCF 
 382      5DB3BB9A 
 382      FB9BA6
 383 0557 EDE16C6B 		.ascii	"\355\341lk\2711\262A\323X\271\334-$#\327l\247\032@3"
 383      B931B241 
 383      D358B9DC 
 383      2D2423D7 
 383      6CA71A40 
 384 056c C9627C39 		.ascii	"\311b|9\367\242?\336\247\240(W\317q}\201\024\3056Fl"
 384      F7A23FDE 
 384      A7A02857 
 384      CF717D81 
 384      14C53646 
 385 0581 E446C6C7 		.ascii	"\344F\306\3071\015\346c\011\302c\001\341\011E\310\035"
 385      310DE663 
 385      09C26301 
 385      E10945C8 
 385      1D
 386 0592 38528CF0 		.ascii	"8R\214\360i\036\341eQ%b\010\011i\2522\3161>\376\033"
 386      691EE165 
 386      51256208 
 386      0969AA32 
 386      CE313EFE 
 387 05a7 0AF05402 		.ascii	"\012\360T\002\360T\000xF\001z\037\344\216\253q-\003"
 387      F0540078 
ARM GAS  /var/folders/_f/jzb7lsz153bclt069nvlpp5r0000gn/T//cchbQmFv.s 			page 30


 387      46017A1F 
 387      E48EAB71 
 387      2D03
 388 05b9 D87F70E7 		.ascii	"\330\177p\347\217*\000p\330m)n\000\342\303s\011\300"
 388      8F2A0070 
 388      D86D296E 
 388      00E2C373 
 388      09C0
 389 05cb 7301E005 		.ascii	"s\001\340\005\0058\320\221c\327\340\026\006\220\332"
 389      0538D091 
 389      63D7E016 
 389      0690DA
 390 05da BE732E33 		.ascii	"\276s.3\240\300c\376\240d\376\2400\177\210\316\277T"
 390      A0C063FE 
 390      A064FEA0 
 390      307F88CE 
 390      BF54
 391 05ec 5BB01BD1 		.ascii	"[\260\033\321\005`\261\216_\022^\024\227\014\250\336"
 391      0560B18E 
 391      5F125E14 
 391      970CA8DE 
 392 05fc 95F4D092 		.ascii	"\225\364\320\222w$\005\365\222\266\3200m!r\346J\037"
 392      772405F5 
 392      92B6D030 
 392      6D2172E6 
 392      4A1F
 393 060e 77EA701F 		.ascii	"w\352p\037\323\1773{\340\206\002\014\260\331\235E9\202"
 393      D37F337B 
 393      E086020C 
 393      B0D99D45 
 393      3982
 394 0620 0130018D 		.ascii	"\0010\001\215H\014\030\021\014\030\245\006\214\331\343"
 394      480C1811 
 394      0C18A506 
 394      8CD9E3
 395 062f 76A8F020 		.ascii	"v\250\360 \005\220\017\357\037\314U\243\251\301>{\223"
 395      05900FEF 
 395      1FCC55A3 
 395      A9C13E7B 
 395      93
 396 0640 9307BF76 		.ascii	"\223\007\277vo\322\025\265;\267\211\256\376\3430yL\\"
 396      6FD215B5 
 396      3BB789AE 
 396      FEE33079 
 396      4C5C
 397 0652 51496509 		.ascii	"QIe\011\005\365\262\271\361v\200\307\":\356\261h\305"
 397      05F5B2B9 
 397      F17680C7 
 397      223AEEB1 
 397      68C5
 398 0664 CA8545F4 		.ascii	"\312\205E\364\312\365\246l\025\335\321m\324\347]\225"
 398      CAF5A66C 
 398      15DDD16D 
 398      D4E75D95 
 399 0674 05CD5ABA 		.ascii	"\005\315Z\272\307M#\354\356\316\301R%\206\323\004a\022"
 399      C74D23EC 
 399      EECEC152 
ARM GAS  /var/folders/_f/jzb7lsz153bclt069nvlpp5r0000gn/T//cchbQmFv.s 			page 31


 399      2586D304 
 399      6112
 400 0686 F7C7D9FD 		.ascii	"\367\307\331\375q2c\206\327\327m`G\001\007=\012d\266"
 400      71326386 
 400      D7D76D60 
 400      4701073D 
 400      0A64B6
 401 0699 D624F9D3 		.ascii	"\326$\371\323\211\263\350\304\243\017\303\260\235\211"
 401      89B3E8C4 
 401      A30FC3B0 
 401      9D89
 402 06a7 F65E4AFF 		.ascii	"\366^J\377^\013{F\334\317;\214\220(6mX\247\303\027\330"
 402      5E0B7B46 
 402      DCCF3B8C 
 402      9028366D 
 402      58A7C317 
 403 06bc F4ADF9A9 		.ascii	"\364\255\371\251\251~\3702c\006\02332\024\270\2021\347"
 403      A97EF832 
 403      63061333 
 403      3214B882 
 403      31E7
 404 06ce 0F66F5FB 		.ascii	"\017f\365\373\341\033\214).\217\255\326\342\333\214"
 404      E11B8C29 
 404      2E8FADD6 
 404      E2DB8C
 405 06dd 694A3A78 		.ascii	"iJ:x$\000\337eL\315X\342c5v*=v\373\000\266\333\2476"
 405      2400DF65 
 405      4CCD58E2 
 405      6335762A 
 405      3D76FB00 
 406 06f5 B43FC5D4 		.ascii	"\264?\305\324l\352\305\256\212\037\267+q+\357\357\375"
 406      6CEAC5AE 
 406      8A1FB72B 
 406      712BEFEF 
 406      FD
 407 0706 A43A05EE 		.ascii	"\244:\005\356Qzl\3433\3316\236\3343x\322\217\262\320"
 407      517A6CE3 
 407      33D9369E 
 407      DC3378D2 
 407      8FB2D0
 408 0719 5724D787 		.ascii	"W$\327\207\232\257\335\327\270Os\247\333i\212R\344Z"
 408      9AAFDDD7 
 408      B84F73A7 
 408      DB698A52 
 408      E45A
 409 072b B453EE4E 		.ascii	"\264S\356N\321L\351i\016\302\241\314\204X\374 \237\201"
 409      D14CE969 
 409      0EC2A1CC 
 409      8458FC20 
 409      9F81
 410 073d 92E4108B 		.ascii	"\222\344\020\213d(\210\231|,v\301\340n9=\315\345\267"
 410      64288899 
 410      7C2C76C1 
 410      E06E393D 
 410      CDE5B7
 411 0750 F6256805 		.ascii	"\366%h\005\340\370\222m\364\214\226\012\300;D`\320\363"
 411      E0F8926D 
ARM GAS  /var/folders/_f/jzb7lsz153bclt069nvlpp5r0000gn/T//cchbQmFv.s 			page 32


 411      F48C960A 
 411      C03B4460 
 411      D0F3
 412 0762 2AE43D3E 		.ascii	"*\344=>\221\321\231\376\355\255\010?g\376%\354|Z.\307"
 412      91D199FE 
 412      EDAD083F 
 412      67FE25EC 
 412      7C5A2EC7 
 413 0776 C39451C4 		.ascii	"\303\224Q\304\027\027NCAS\371Mr\323Y\227\377Y;\347X"
 413      17174E43 
 413      4153F94D 
 413      72D35997 
 413      FF593BE7 
 414 078b 8BA9DE1F 		.ascii	"\213\251\336\037A\357~\371T\021^\\\345Y\241\333\270"
 414      41EF7EF9 
 414      54115E5C 
 414      E559A1DB 
 414      B8
 415 079c 4FCD3249 		.ascii	"O\3152I\265\021aR\34560c\237<\010\035\220Kv\232\013"
 415      B5116152 
 415      E5363063 
 415      9F3C081D 
 415      904B769A 
 416 07b1 71AACC39 		.ascii	"q\252\3149\024w\257O\\\340\204\365\363|\032\362#\022"
 416      1477AF4F 
 416      5CE084F5 
 416      F37C1AF2 
 416      2312
 417 07c3 1317D08A 		.ascii	"\023\027\320\212\356\322^\025\276\252\242\306o"
 417      EED25E15 
 417      BEAAA2C6 
 417      6F
 418 07d0 7976A649 		.ascii	"yv\246I\207\202\202\246Q\353\235\347\322jt\\\331\034"
 418      878282A6 
 418      51EB9DE7 
 418      D26A745C 
 418      D91C
 419 07e2 BA752682 		.ascii	"\272u&\202\212t\3714_\033\224\215h(jS\022/\211\025\007"
 419      8A74F934 
 419      5F1B948D 
 419      68286A53 
 419      122F8915 
 420 07f7 27174DE2 		.ascii	"'\027M\342\327\022\322\316\242\227D\230x\231\001^\036"
 420      D712D2CE 
 420      A2974498 
 420      7899015E 
 420      1E
 421 0808 022FD3E4 		.ascii	"\002/\323\344b\317:\317\306\2519DD&\332~h{\177B\340"
 421      62CF3ACF 
 421      C6A93944 
 421      4426DA7E 
 421      687B7F42 
 422 081d 34C08C9D 		.ascii	"4\300\214\235\024S\346\001\010sv\334>4\246\305\345\324"
 422      1453E601 
 422      087376DC 
 422      3E34A6C5 
 422      E5D4
ARM GAS  /var/folders/_f/jzb7lsz153bclt069nvlpp5r0000gn/T//cchbQmFv.s 			page 33


 423 082f 5F7471B8 		.ascii	"_tq\270\254P\201k\030\303\215\225\215\372\343z\306\354"
 423      AC50816B 
 423      18C38D95 
 423      8DFAE37A 
 423      C6EC
 424 0841 6BAE7BE4 		.ascii	"k\256{\344\217\357PF\227\355j\314V\222\244\012\037\010"
 424      8FEF5046 
 424      97ED6ACC 
 424      5692A40A 
 424      1F08
 425 0853 CFBA38E7 		.ascii	"\317\2728\3471><\233!\003[\301\347\034\371$\373\235"
 425      313E3C9B 
 425      21035BC1 
 425      E71CF924 
 425      FB9D
 426 0865 7411DB00 		.ascii	"t\021\333\000)\332H\022C\305\211\327\247\301\353\343"
 426      29DA4812 
 426      43C589D7 
 426      A7C1EBE3 
 427 0875 60E429A0 		.ascii	"`\344)\240<\240l\240\\\240c@'\201\354@'\200\362\335"
 427      3CA06CA0 
 427      5CA06340 
 427      2781EC40 
 427      2780F2DD 
 428 0889 B95F1767 		.ascii	"\271_\027g;\016\313:\323\274\315[\263\307\256\014\242"
 428      3B0ECB3A 
 428      D3BCCD5B 
 428      B3C7AE0C 
 428      A2
 429 089a 056ED1ED 		.ascii	"\005n\321\355\276E\205M\031d\263\335\262\361\336\262"
 429      BE45854D 
 429      1964B3DD 
 429      B2F1DEB2 
 430 08aa B33C51CB 		.ascii	"\263<Q\313\334\222\231\336\222\265\336\250\271n\331"
 430      DC9299DE 
 430      92B5DEA8 
 430      B96ED9
 431 08b9 2DBEC324 		.ascii	"-\276\303$\302\226\273E\263\274E\035^\242\025n\321\243"
 431      C296BB45 
 431      B3BC451D 
 431      5EA2156E 
 431      D1A3
 432 08cb BE45DD16 		.ascii	"\276E\335\026\304:\213\323L\344\024s\030\212\342\210"
 432      C43A8BD3 
 432      4CE41473 
 432      188AE288 
 433 08db 6F73DDB8 		.ascii	"os\335\270\316\034IZ\023|FAr0\311JSAu\346\370\350,y"
 433      CE1C495A 
 433      137C4641 
 433      7230C94A 
 433      534175E6 
 434 08f3 72FEC517 		.ascii	"r\376\305\027\260\372L\245r\225\241~\250\000\2006\211"
 434      B0FA4CA5 
 434      7295A17E 
 434      A8008036 
 434      89
 435 0904 2B0F9944 		.ascii	"+\017\231D?\276\312\003\235\201\252\370[+\004\352\327"
ARM GAS  /var/folders/_f/jzb7lsz153bclt069nvlpp5r0000gn/T//cchbQmFv.s 			page 34


 435      3FBECA03 
 435      9D81AAF8 
 435      5B2B04EA 
 435      D7
 436 0915 D573B344 		.ascii	"\325s\263D\351\261\215\025\310\245\333\330Y\271\216"
 436      E9B18D15 
 436      C8A5DBD8 
 436      59B98E
 437 0924 B703849B 		.ascii	"\267\003\204\233_\234\331\342\217[X\3457\346$\305+q"
 437      5F9CD9E2 
 437      8F5B58E5 
 437      37E624C5 
 437      2B71
 438 0936 1B63C652 		.ascii	"\033c\306Rk\022U\270\2231\353\322\237\217*p7c\354\305"
 438      6B1255B8 
 438      9331EBD2 
 438      9F8F2A70 
 438      3763ECC5 
 439 094a D99BD91B 		.ascii	"\331\233\331\033\227?\323\243\302z\327f\266\371\351"
 439      973FD3A3 
 439      C27AD766 
 439      B6F9E9
 440 0959 E8F3DEB6 		.ascii	"\350\363\336\266\363\231~\330\305DK\\;\037\370\343\265"
 440      F3997ED8 
 440      C5444B5C 
 440      3B1FF8E3 
 440      B5
 441 096a 6AB64B16 		.ascii	"j\266K\026\356Mb\3638\312'\0359\001\307\206\235\354"
 441      EE4D62F3 
 441      38CA271D 
 441      3901C786 
 441      9DEC
 442 097c E6A911DB 		.ascii	"\346\251\021\333\210\022\037bLG\332\261C\001\370\030"
 442      88121F62 
 442      4C47DAB1 
 442      4301F818 
 443 098c 65149927 		.ascii	"e\024\231'Zs\264h\252.\210?\021x\266;\272\002a-\345"
 443      5A73B468 
 443      AA2E883F 
 443      1178B63B 
 443      BA02612D 
 444 09a1 A3550ED1 		.ascii	"\243U\016\321*\343#!\015@\251G\000\256\312\335\307a"
 444      2AE32321 
 444      0D40A947 
 444      00AECADD 
 444      C761
 445 09b3 57CF8507 		.ascii	"W\317\205\007\313v\304q\351\323\311(*\341\261|T>M\345"
 445      CB76C471 
 445      E9D3C928 
 445      2AE1B17C 
 445      543E4DE5 
 446 09c7 E01C3F72 		.ascii	"\340\034?r\177\342rTx8O\211{\325\036{\336\002\317w\030"
 446      7FE27254 
 446      78384F89 
 446      7BD51E7B 
 446      DE02CF77 
 447 09dc 0BC47718 		.ascii	"\013\304w\030\265\331\371\367u\223\276j\250\001'\026"
ARM GAS  /var/folders/_f/jzb7lsz153bclt069nvlpp5r0000gn/T//cchbQmFv.s 			page 35


 447      B5D9F9F7 
 447      7593BE6A 
 447      A8012716 
 448 09ec F0FB4E25 		.ascii	"\360\373N%\324D\225\234\177(|Tl\377\307\343\034<\264"
 448      D444959C 
 448      7F287C54 
 448      6CFFC7E3 
 448      1C3CB4
 449 09ff 57437956 		.ascii	"WCyV\210\325\264@|(<\273\373\216]\211o\370QC\256?\337"
 449      88D5B440 
 449      7C283CBB 
 449      FB8E5D89 
 449      6FF85143 
 450 0a16 05279D16 		.ascii	"\005'\235\026\306\210g\274\005\302c_Q^j\227\212\016"
 450      C68867BC 
 450      05C2635F 
 450      515E6A97 
 450      8A0E
 451 0a28 11C0EB72 		.ascii	"\021\300\353r:X\223\276\366\264Nz\360\203#\241\030\272"
 451      3A5893BE 
 451      F6B44E7A 
 451      F08323A1 
 451      18BA
 452 0a3a 3A3939F8 		.ascii	":99\370\335\220\363\007?GW\336Q\015~\3004\364\025\\"
 452      DD90F307 
 452      3F4757DE 
 452      510D7EC0 
 452      34F4155C 
 453 0a4e 48527BD4 		.ascii	"HR{\324\035HK\346\336\224\324\235\274\352\361\372D\204"
 453      1D484BE6 
 453      DE94D49D 
 453      BCEAF1FA 
 453      4484
 454 0a60 8275D4B1 		.ascii	"\202u\324\261\256\272B]\026q\254\001D\352E\307n\262"
 454      AEBA425D 
 454      1671AC01 
 454      44EA45C7 
 454      6EB2
 455 0a72 4479E652 		.ascii	"Dy\346R\012\212nA\254\244\270\310\341\344z\375\361Q"
 455      0A8A6E41 
 455      ACA4B8C8 
 455      E1E47AFD 
 455      F151
 456 0a84 0DB148F5 		.ascii	"\015\261H\365\370\372@\221\202-\336\301|\266O\352\316"
 456      F8FA4091 
 456      822DDEC1 
 456      7CB64FEA 
 456      CE
 457 0a95 9EE0C87A 		.ascii	"\236\340\310z@T\335\006U\215?g\345\276D\322@\3575\362"
 457      4054DD06 
 457      558D3F67 
 457      E5BE44D2 
 457      40EF35F2 
 458 0aa9 95D6028A 		.ascii	"\225\326\002\212\357B\3375\0015\003\335\221\356\316"
 458      EF42DF35 
 458      013503DD 
 458      91EECE
ARM GAS  /var/folders/_f/jzb7lsz153bclt069nvlpp5r0000gn/T//cchbQmFv.s 			page 36


 459 0ab8 F1747922 		.ascii	"\361ty\"A\255\365\3260K\272:\301>\273\3712[q\204\352"
 459      41ADF5D6 
 459      304BBA3A 
 459      C13EBBF9 
 459      325B7184 
 460 0acd 9B282C3E 		.ascii	"\233(,>2n\341W'H\3405\337\226\213\225\272\211.N\215"
 460      326EE157 
 460      2748E035 
 460      DF968B95 
 460      BA892E4E 
 461 0ae2 BE16A7CE 		.ascii	"\276\026\247\316\033\273\206\260\327\371Zp\0209\301"
 461      1BBB86B0 
 461      D7F95A70 
 461      1039C1
 462 0af1 AF9FF291 		.ascii	"\257\237\362\221*\330\016\253\332=\020\274,\246\253"
 462      2AD80EAB 
 462      DA3D10BC 
 462      2CA6AB
 463 0b00 512E9EA5 		.ascii	"Q.\236\245\257\215\346\037Rx\024\303=\217\036\274\357"
 463      AF8DE61F 
 463      527814C3 
 463      3D8F1EBC 
 463      EF
 464 0b11 3E4B3BB2 		.ascii	">K;\262\322o\006\340|\2321\264c\353\332\012\015.d\314"
 464      D26F06E0 
 464      7C9A31B4 
 464      63EBDA0A 
 464      0D2E64CC 
 465 0b25 C9D27BD5 		.ascii	"\311\322{\325\376\270\2241\347;\327\336Q\343*\306\014"
 465      FEB89431 
 465      E73BD7DE 
 465      51E32AC6 
 465      0C
 466 0b36 76773E42 		.ascii	"vw>B\270\2361\307\232/\177\007\375\245\322\022\177\006"
 466      B89E31C7 
 466      9A2F7F07 
 466      FDA5D212 
 466      7F06
 467 0b48 E96BD9FF 		.ascii	"\351k\331\377\203\341\362\272\332kJ:N\206\324\304\363"
 467      83E1F2BA 
 467      DA6B4A3A 
 467      4E86D4C4 
 467      F3
 468 0b59 A12B05C7 		.ascii	"\241+\005\307U\254\357\270\211}\327\015\356\252\370"
 468      55ACEFB8 
 468      897DD70D 
 468      EEAAF8
 469 0b68 BEEB8478 		.ascii	"\276\353\204x<\024\372\256b\354>=\227vAB;DwU\342+\236"
 469      3C14FAAE 
 469      62EC3E3D 
 469      97764142 
 469      3B447755 
 470 0b7f 3BA70E9E 		.ascii	";\247\016\236s\277\224\214o\257\245\357n\036\201x\273"
 470      73BF948C 
 470      6FAFA5EF 
 470      6E1E8178 
 470      BB
ARM GAS  /var/folders/_f/jzb7lsz153bclt069nvlpp5r0000gn/T//cchbQmFv.s 			page 37


 471 0b90 28DE2539 		.ascii	"(\336%9m\372\320\336\343C;9 \337h\213G\002rQ\303\310"
 471      6DFAD0DE 
 471      E3433B39 
 471      20DF688B 
 471      47027251 
 472 0ba6 5F60F543 		.ascii	"_`\365C}\200\374@D~\364j\344^\237\310(m\347\320I\317"
 472      7D80FC40 
 472      447EF46A 
 472      E45E9FC8 
 472      286DE7D0 
 473 0bbc 7625B062 		.ascii	"v%\260b\206\372\335\031j+\266\017O\301YZ\032\355\215"
 473      86FADD19 
 473      6A2BB60F 
 473      4FC1595A 
 473      1AED8D
 474 0bcf DB3A92FD 		.ascii	"\333:\222\375\260\2351M\331\347\272\003\361I\306\254"
 474      B09D314D 
 474      D9E7BA03 
 474      F149C6AC 
 475 0bdf BF50DEA4 		.ascii	"\277P\336\244\304\347\030\223\225\276s\253\032;\030"
 475      C4E71893 
 475      95BE73AB 
 475      1A3B18
 476 0bee D3B037F7 		.ascii	"\323\2607\367\254\026_aL\337\306\344\233r\\\301\230"
 476      AC165F61 
 476      4CDFC6E4 
 476      9B725CC1 
 476      98
 477 0bff D4F2A640 		.ascii	"\324\362\246@\334\310\256_\344\325\325`\334\303\230"
 477      DCC8AE5F 
 477      E4D5D560 
 477      DCC398
 478 0c0e EB9D8D1D 		.ascii	"\353\235\215\035Z\374\2341=\303\333\022\375\3608e\324"
 478      5AFC9C31 
 478      3DC3DB12 
 478      FDF03865 
 478      D4
 479 0c1f 5B5B1ACF 		.ascii	"[[\032\317!4uj\220.X\330\021l\264\206\335/\257\207 "
 479      2134756A 
 479      902E58D8 
 479      116CB486 
 479      DD2FAF87 
 480 0c34 342FF91A 		.ascii	"4/\371\032\036\007\347G\241v9\0344a\303uO\210\305\301"
 480      1E07E747 
 480      A176391C 
 480      3461C375 
 480      4F88C5C1 
 481 0c48 934EA0EB 		.ascii	"\223N\240\353\306\226\346\002\3359\266n\214\361\215"
 481      C696E602 
 481      DD39B66E 
 481      8CF18D
 482 0c57 FAD277A3 		.ascii	"\372\322w\243J\3439\342Q\361c,\236\264y\266\306\221"
 482      4AE339E2 
 482      51F1632C 
 482      9EB479B6 
 482      C691
 483 0c69 EE7C39A1 		.ascii	"\356|9\241;i\233o\347\227\004\242i\330\247&\311!d\334"
ARM GAS  /var/folders/_f/jzb7lsz153bclt069nvlpp5r0000gn/T//cchbQmFv.s 			page 38


 483      3B699B6F 
 483      E79704A2 
 483      69D8A726 
 483      C92164DC 
 484 0c7d EC47F50C 		.ascii	"\354G\365\014\212\345\360R\322\206\207\216\017\016\350"
 484      8AE5F052 
 484      D286878E 
 484      0F0EE8
 485 0c8c 70C11412 		.ascii	"p\301\024\0229|?\347F\336\02445(\330g\020^\000B\034"
 485      397C3FE7 
 485      46DE1434 
 485      3528D867 
 485      105E0042 
 486 0ca1 6641580F 		.ascii	"fAX\017\001Y'\006\200\263\2175?\015\214\345l\227\020"
 486      01592706 
 486      80B38F35 
 486      3F0D8CE5 
 486      6C9710
 487 0cb4 55B61633 		.ascii	"U\266\0263Q\367\\\257mr\204\272\007\022\023\027\237"
 487      51F75CAF 
 487      6D7284BA 
 487      07121317 
 487      9F
 488 0cc5 EE3D87EB 		.ascii	"\356=\207\353\275\037\356\3350\033A\255/\023\330&q\357"
 488      BD1FEEDD 
 488      301B41AD 
 488      2F13D826 
 488      71EF
 489 0cd7 A4AE9C6C 		.ascii	"\244\256\234l\022\033@\342\271\350.Q#\270\373\234+\215"
 489      121B40E2 
 489      B9E82E51 
 489      23B8FB9C 
 489      2B8D
 490 0ce9 0FC4993A 		.ascii	"\017\304\231:\366>9=\317\246\303\331\224\321n(\331P"
 490      F63E393D 
 490      CFA6C3D9 
 490      94D16E28 
 490      D950
 491 0cfb E187F863 		.ascii	"\341\207\370c|pP\220\357sy<\257\374\007P\276\035\007"
 491      7C705090 
 491      EF73793C 
 491      AFFC0750 
 491      BE1D07
 492 0d0e A144A024 		.ascii	"\241D\240$\240m@[\201v\000m\001J\220\304\306\32520\370"
 492      A06D405B 
 492      8176006D 
 492      014A90C4 
 492      C6D53230 
 493 0d23 871D1C39 		.ascii	"\207\035\0349B\020\3136Cl\342\245\261\3618\273r\234"
 493      4210CB36 
 493      436CE2A5 
 493      B1F138BB 
 493      729C
 494 0d35 6D742D7D 		.ascii	"mt-}\371Ed7y\313z\275$\264\275d/\312\310N\362T\316d"
 494      F9456437 
 494      79CB7ABD 
 494      24B4BD64 
ARM GAS  /var/folders/_f/jzb7lsz153bclt069nvlpp5r0000gn/T//cchbQmFv.s 			page 39


 494      2FCAC84E 
 495 0d4d 277B03E7 		.ascii	"'{\003\347\034~J\337\326A\333\242'\336\262\023\336\300"
 495      1C7E4ADF 
 495      D641DBA2 
 495      27DEB213 
 495      DEC0
 496 0d5f F5326022 		.ascii	"\3652`\"\354\362\026\366\334ul\375\242\350\200OQI5>"
 496      ECF216F6 
 496      DC756CFD 
 496      A2E8804F 
 496      5149353E 
 497 0d73 9AEB4704 		.ascii	"\232\353G\004|U\365\220h\336c\337\346\211\256\214<\246"
 497      7C55F590 
 497      68DE63DF 
 497      E689AE8C 
 497      3CA6
 498 0d85 EF28C9CB 		.ascii	"\357(\311\313\345g\274,\377\216R\372\324\002\325\224"
 498      E567BC2C 
 498      FF8E52FA 
 498      D402D594 
 499 0d95 DA517D6B 		.ascii	"\332Q}k\212p\316\036W!\264\013D\333\304\332\210\307"
 499      8A70CE1E 
 499      5721B40B 
 499      44DBC4DA 
 499      88C7
 500 0da7 AF3A67EF 		.ascii	"\257:g\357\204,\277n\306\241\256\362\036\0264x\276k"
 500      842CBF6E 
 500      C6A1AEF2 
 500      1E163478 
 500      BE6B
 501 0db9 DF85A58D 		.ascii	"\337\205\245\215\276\033\013\013g]\332\226\215Z\334"
 501      BE1B0B0B 
 501      675DDA96 
 501      8D5ADC
 502 0dc8 C1CAB12A 		.ascii	"\301\312\261*\341\300\036\376\325\017[.c\033\256\006"
 502      E1C01EFE 
 502      D50F5B2E 
 502      631BAE06 
 503 0dd8 E02E76B3 		.ascii	"\340.v\263\263uC\217\006?aL\306\266\346v%\036e\314\301"
 503      B375438F 
 503      063F614C 
 503      C6B6E676 
 503      251E65CC 
 504 0ded 866D996A 		.ascii	"\206m\231j\274\301\237\275>jJ\334\241\300\011\224Q9"
 504      BCC19FBD 
 504      3E6A4ADC 
 504      A1C00994 
 504      5139
 505 0dff 9E25D4A8 		.ascii	"\236%\324\250YI\213\355\224\002+\177\012\236\301W\322"
 505      59498BED 
 505      94022B7F 
 505      0A9EC157 
 505      D2
 506 0e10 7EDEBB34 		.ascii	"~\336\2734\360\356\000xq\020\310\006tH\272\270\345>"
 506      F0EE0078 
 506      7110C806 
 506      7448BAB8 
ARM GAS  /var/folders/_f/jzb7lsz153bclt069nvlpp5r0000gn/T//cchbQmFv.s 			page 40


 506      E53E
 507 0e22 1B31FE40 		.ascii	"\0331\376@\217\300\344a?\025jr\377+\312\241\234\225"
 507      8FC0E461 
 507      3F156A72 
 507      FF2BCAA1 
 507      9C95
 508 0e34 0311DDEB 		.ascii	"\003\021\335\353-\352\225G[\231(\373\243OX\311A\250"
 508      2DEA9547 
 508      5B9928FB 
 508      A34F58C9 
 508      41A8
 509 0e46 C2BED291 		.ascii	"\302\276\322\2212\207\376\256\270\217\227u\267\205\244"
 509      3287FEAE 
 509      B88F9775 
 509      B785A4
 510 0e55 D469A68B 		.ascii	"\324i\246\213\240\314\366\373Z]\236\305]\316\366w?w"
 510      A0CCF6FB 
 510      5A5D9EC5 
 510      5DCEF677 
 510      3F77
 511 0e67 413D6400 		.ascii	"A=d\000\314\036\354\256\207\375\023\352A\032/\224\016"
 511      CC1EECAE 
 511      87FD13EA 
 511      411A2F94 
 511      0E
 512 0e78 61FAA990 		.ascii	"a\372\251\220A\026\012F:\022\344\364\334L\340\331Y:"
 512      41160A46 
 512      3A12E4F4 
 512      DC4CE0D9 
 512      593A
 513 0e8a B6A6BB33 		.ascii	"\266\246\2733\020\237\245\231\3218N\344\215\302\271"
 513      109FA599 
 513      D1384EE4 
 513      8DC2B9
 514 0e99 533135E8 		.ascii	"S15\350]\330\245t4\312\333^\024~\311\242|\014\353\320"
 514      5DD8A574 
 514      34CADB5E 
 514      147EC9A2 
 514      7C0CEBD0 
 515 0ead 1162D324 		.ascii	"\021b\323$\241#\300v\2209\214\025\036u[\004u[L\352\366"
 515      A123C076 
 515      90398C15 
 515      1E755B04 
 515      755B4CEA 
 516 0ec2 A29C4D26 		.ascii	"\242\234M&f\036\0073\263\301\274\\\240LIV\235\225\365"
 516      661E0733 
 516      B3C1BC5C 
 516      A04C4956 
 516      9D95F5
 517 0ed5 B4DFE09C 		.ascii	"\264\337\340\234\205Z\345^\312\304\224J\316\371_J7\377"
 517      855AE55E 
 517      CAC4944A 
 517      CEF95F4A 
 517      37FF
 518 0ee7 1C4CCEF9 		.ascii	"\034L\316\371YX!\300U\261\337\002\240\266Q\262\267\355"
 518      595821C0 
 518      55B1DF02 
ARM GAS  /var/folders/_f/jzb7lsz153bclt069nvlpp5r0000gn/T//cchbQmFv.s 			page 41


 518      A0B651B2 
 518      B7ED
 519 0ef9 93FCE203 		.ascii	"\223\374\342\003\030\022\304cX\334\376*\226\370\021"
 519      1812C463 
 519      58DCFE2A 
 519      96F811
 520 0f08 04AFFC49 		.ascii	"\004\257\374I\347\036\365\350(\273\320Qr\256r\303\012"
 520      E71EF5E8 
 520      28BBD051 
 520      72AE72C3 
 520      0A
 521 0f19 AFDDC31D 		.ascii	"\257\335\303\035\226\023\020\212W\205\205\252\276\003"
 521      9613108A 
 521      578585AA 
 521      BE03
 522 0f27 45910742 		.ascii	"E\221\007B\016q\2218*\331@\006\353_>\361\367\350\355"
 522      0E719138 
 522      2AD94006 
 522      EB5F3EF1 
 522      F7E8ED
 523 0f3a 3C0F4BF2 		.ascii	"<\017K\362\335\275\355j\213MP\341q\232pu\177\327\351"
 523      DDBDED6A 
 523      8B4D50E1 
 523      719A7075 
 523      7FD7E9
 524 0f4d 3C2D8246 		.ascii	"<-\202F\234*<il\037\262\207\210Mu\001\264\025\274rA"
 524      9C2A3C69 
 524      6C1FB287 
 524      884D7501 
 524      B415BC72 
 525 0f62 AEB0739F 		.ascii	"\256\260s\237\362o\012\317\363\302\236o\364$\255R}\227"
 525      F26F0ACF 
 525      F3C29E6F 
 525      F424AD52 
 525      7D97
 526 0f74 E6026C41 		.ascii	"\346\002lA'\261\027\260\244U\244AZ\013Xqt\213+\340#"
 526      27B117B0 
 526      A455A441 
 526      5A0B5871 
 526      748B2BE0 
 527 0f89 741E2274 		.ascii	"t\036\"t\016\242s\032\350,\320)\2403\036\005T@\265\020"
 527      0EA2731A 
 527      E82CD029 
 527      A0331E05 
 527      5440B510 
 528 0f9d F30B7D   		.ascii	"\363\013}"
 529 0fa0 9B2F2ED8 		.ascii	"\233/.\330\3457\250,y\263p\316[\326\353lP\006\275[\340"
 529      E537A82C 
 529      79B370CE 
 529      5BD6EB6C 
 529      5006BD5B 
 530 0fb5 AB774F5E 		.ascii	"\253wO^\254M\015\364\312\255`6\272\000\326\376\034\313"
 530      AC4D0DF4 
 530      CAAD6036 
 530      BA00D6FE 
 530      1CCB
 531 0fc7 A98A1AC8 		.ascii	"\251\212\032\310q!\010\257\027s\\ \311\361\223\324\303"
ARM GAS  /var/folders/_f/jzb7lsz153bclt069nvlpp5r0000gn/T//cchbQmFv.s 			page 42


 531      712108AF 
 531      17735C20 
 531      C9F193D4 
 531      C3
 532 0fd8 FEF83CFD 		.ascii	"\376\370<\375s\017<x5\276\024\303\023b0=\345ly\231#"
 532      730F3C78 
 532      35BE14C3 
 532      1362303D 
 532      E56C7999 
 533 0fed 67A71C32 		.ascii	"g\247\0342\275\010b\353\200o\267\021\336ol\275C\353"
 533      BD0862EB 
 533      806FB711 
 533      DE6F6CBD 
 533      43EB
 534 0fff E0       		.ascii	"\340"
 535 1000 0DBC0806 		.ascii	"\015\274\010\006\026K\015\252\000\237\035\276|\316("
 535      164B0DAA 
 535      009F1DBE 
 535      7CCE28
 536 100f CB9A272C 		.ascii	"\313\232',WU`\365e@X'Z\355\360\265}\271\315\271\004"
 536      575560F5 
 536      65405827 
 536      5AEDF0B5 
 536      7DB9CDB9 
 537 1024 6A7CA904 		.ascii	"j|\251\004\027G/\3665\006z\224\361e\2172\276\342.\343"
 537      17472FF6 
 537      35067A94 
 537      F1658F32 
 537      BEE22EE3 
 538 1038 AEDAFDAE 		.ascii	"\256\332\375\256@\272\226\301\030\277\226U\333S{\374"
 538      40BA96C1 
 538      18BF9655 
 538      DB537BFC 
 539 1048 E9582C39 		.ascii	"\351X,9\354b:x\373\312\346j,}/@vg\311;\025\272`\224"
 539      EC623A78 
 539      FBCAE66A 
 539      2C7D2F40 
 539      7667C93B 
 540 1060 62FEC540 		.ascii	"b\376\305@\347x\375\323)\270\227\375MM\346p\235?\375"
 540      E778FDD3 
 540      29B897FD 
 540      4D4DE670 
 540      9D3FFD
 541 1073 41C8D5DC 		.ascii	"A\310\325\334\337?G\362\323\034LBeX\374U\010\256\251"
 541      DF3F47F2 
 541      D31C4C42 
 541      6558FC55 
 541      08AEA9
 542 1086 07A81C93 		.ascii	"\007\250\034\223_\205\316\277l\255WL\372\033T\005\325"
 542      5F85CEBF 
 542      6CAD574C 
 542      FA1B5405 
 542      D5
 543 1097 F8475EE1 		.ascii	"\370G^\341\275\234\275\3604?\302\024&\325\304\377@~"
 543      BD9CBDF0 
 543      343FC214 
 543      26D5C4FF 
ARM GAS  /var/folders/_f/jzb7lsz153bclt069nvlpp5r0000gn/T//cchbQmFv.s 			page 43


 543      407E
 544 10a9 847372AE 		.ascii	"\204sr\256\343\243\017\336N9\301]\242?\345!Df\241J\211"
 544      E3A30FDE 
 544      4E39C15D 
 544      A23FE521 
 544      4466A14A 
 545 10be CA4A4165 		.ascii	"\312JAe\025U\031w?a\\\201+\003\331[\250\341\265yj\012"
 545      15551977 
 545      3F615C81 
 545      2B03D95B 
 545      A8E1B579 
 546 10d4 632BC8D8 		.ascii	"c+\310\3300\223\377)\213 TK\020\252\005\204\032\212"
 546      3093FF29 
 546      8B20544B 
 546      10AA0584 
 546      1A8A
 547 10e6 5077B5BC 		.ascii	"Pw\265\274U\345\021\372B\217\320\327\262\320\223o\220"
 547      55E511FA 
 547      428FD0D7 
 547      B2D0936F 
 547      90
 548 10f7 2ECBDEF7 		.ascii	".\313\336\367g\374\200\252S\264\355\265\237\016D\301"
 548      67FC80AA 
 548      53B4EDB5 
 548      9F0E44C1 
 549 1107 33666885 		.ascii	"3fh\205?\332\250\307\360\244\217\275\377hc\3607\344"
 549      3FDAA8C7 
 549      F0A48FBD 
 549      FF6863F0 
 549      37E4
 550 1119 868CFC19 		.ascii	"\206\214\374\031\010\371\366\361g\005\327\241\032\310"
 550      08F9F6F1 
 550      6705D7A1 
 550      1AC8
 551 1127 2D19AA83 		.ascii	"-\031\252\203\255\355\006\246\317{\361\011y\343j\255"
 551      ADED06A6 
 551      CF7BF109 
 551      79E36AAD 
 552 1137 E41111E9 		.ascii	"\344\021\021\351\244+\376M*?\213\002\220\237!\037\356"
 552      A42BFE4D 
 552      2A3F8B02 
 552      909F211F 
 552      EE
 553 1148 4ED5BC95 		.ascii	"N\325\274\225\310?^\315D\324\026aE\222\241[\370-a\016"
 553      C83F5ECD 
 553      44D41661 
 553      4592A15B 
 553      F82D610E 
 554 115c 65C80EE8 		.ascii	"e\310\016\350\310\255S\323\363\315\307\364i.\315\331"
 554      C8AD53D3 
 554      F3CDC7F4 
 554      692ECDD9 
 555 116c 83E85B41 		.ascii	"\203\350[A5M\311\372\202\202\000\312\252d\364\027C\327"
 555      354DC9FA 
 555      828200CA 
 555      AA64F417 
 555      43D7
ARM GAS  /var/folders/_f/jzb7lsz153bclt069nvlpp5r0000gn/T//cchbQmFv.s 			page 44


 556 117e 6EFFC98D 		.ascii	"n\377\311\215i\024\214\271\303l\357\215\353\311U\361"
 556      69148CB9 
 556      C36CEF8D 
 556      EBC955F1 
 557 118e D6708235 		.ascii	"\326p\2025\015\340\333mL\304\233\2505\215\314\232&j"
 557      0DE0DB6D 
 557      4CC49BA8 
 557      358DCC9A 
 557      266A
 558 11a0 4D4B8A23 		.ascii	"MK\212#\336\363\375C\205\307vt\227O\303]\232\206\214"
 558      DEF3FD43 
 558      85C77674 
 558      974FC35D 
 558      9A868C
 559 11b3 87D9FD18 		.ascii	"\207\331\375\030w\261\264?\256\273=\350G\177\201u\015"
 559      77B1B43F 
 559      AEBB3DE8 
 559      477F8175 
 559      0D
 560 11c4 8F3FFA28 		.ascii	"\217?\372(\207<\367\321\352\211]\307\352\247Y\222\375"
 560      873CF7D1 
 560      EA895DC7 
 560      EAA75992 
 560      FD
 561 11d5 6621FB2D 		.ascii	"f!\373-4\373\367\353o^\323\342\2347\330\321\255\353"
 561      34FBF7EB 
 561      6F5ED3E2 
 561      9C37D8D1 
 561      ADEB
 562 11e7 CE762D2E 		.ascii	"\316v-.fL\357\325\261|%4\025r\322\031\364I\372\361!"
 562      664CEFD5 
 562      B17C2534 
 562      1572D219 
 562      F449FAF1 
 563 11fc 35D3B36F 		.ascii	"5\323\263oG\336\237\362\216l\340h\211\241\003\216D\005"
 563      47DE9FF2 
 563      8E6CE068 
 563      89A1038E 
 563      4405
 564 120e 55744F50 		.ascii	"UtOP\204\356Cc\021\226\351j\245\272\036\324\017pZ\274"
 564      84EE4363 
 564      1196E96A 
 564      A5BA1ED4 
 564      0F705ABC 
 565 1222 F5CD49E0 		.ascii	"\365\315I\340\033O\034\233\316~G\276p*\214y\020\267"
 565      1B4F1C9B 
 565      CE7E47BE 
 565      702A8C79 
 565      10B7
 566 1234 E933DA37 		.ascii	"\3513\3327\250\315\015\374\200\000\267\011\300\355\024"
 566      A8CD0DFC 
 566      8000B709 
 566      C0ED14
 567 1243 D8D79F88 		.ascii	"\330\327\237\2104\345\217\365\005N\332\213\235\264\027"
 567      34E58FF5 
 567      054EDA8B 
 567      9DB417
ARM GAS  /var/folders/_f/jzb7lsz153bclt069nvlpp5r0000gn/T//cchbQmFv.s 			page 45


 568 1252 3B84EE1F 		.ascii	";\204\356\037sn\34748y2\313\342v8\236\"j\232\275zW\357"
 568      736EE734 
 568      387932CB 
 568      E276389E 
 568      226A9ABD 
 569 1269 BFBB1784 		.ascii	"\277\273\027\204Ko\020 \364\320m\\\0271\356\241`\\7"
 569      4B6F1020 
 569      F4D06D5C 
 569      1731EEA1 
 569      605C37
 570 127c 35EE525A 		.ascii	"5\356RZC\262\032?f\330\003\355\307\257\371\013\251\032"
 570      43B21A3F 
 570      66D803ED 
 570      C7AFF90B 
 570      A91A
 571 128e F9E5C454 		.ascii	"\371\345\304T\365HR\325#\000=\242@\311\265\345o\341"
 571      F54852D5 
 571      23003DA2 
 571      40C9B5E5 
 571      6FE1
 572 12a0 F56F4D62 		.ascii	"\365oMb\343p\202\263T'$g\324Wrz\335f\366\0213{\005\364"
 572      E37082B3 
 572      54272467 
 572      D457727A 
 572      DD66F611 
 573 12b8 7E8ABEFF 		.ascii	"~\212\276\377Zs\227\002\247N\006\177\260\277*]\303\262"
 573      5A739702 
 573      A74E067F 
 573      B0BF2A5D 
 573      C3B2
 574 12ca D33B213B 		.ascii	"\323;!;.7\362\000Av\011\310\217\361L\231\342\353\360"
 574      2E37F200 
 574      417609C8 
 574      8FF14C99 
 574      E2EBF0
 575 12dd 4893EAF7 		.ascii	"H\223\352\367\377\361\315\314\3712\277U\341Q\326_}d"
 575      FFF1CDCC 
 575      F932BF55 
 575      E151D65F 
 575      7D64
 576 12ef B06A0D06 		.ascii	"\260j\015\006\341\322\240_e1\353#\242C\215\021\372\371"
 576      E1D2A05F 
 576      6531EB23 
 576      A2438D11 
 576      FAF9
 577 1301 A68808A3 		.ascii	"\246\210\010\243Y\277\"4\364\003\2439\362\203\250\350"
 577      59BF2234 
 577      F403A339 
 577      F283A8E8 
 578 1311 28D30726 		.ascii	"(\323\007&cH\370\007\037}\242\237;\347\303_\316\371"
 578      6348F807 
 578      1F7DA29F 
 578      3BE7C35F 
 578      CEF9
 579 1323 64EE2FF5 		.ascii	"d\356/\365\036w\364\341Q\241\021\253\302L\372Hc\350"
 579      1E77F4E1 
 579      51A111AB 
ARM GAS  /var/folders/_f/jzb7lsz153bclt069nvlpp5r0000gn/T//cchbQmFv.s 			page 46


 579      C24CFA48 
 579      63E8
 580 1335 CAF02893 		.ascii	"\312\360(\223\336\020fZn\\\025a5X\327\304\230,\263W"
 580      DE10665A 
 580      6E5C1561 
 580      3558D7C4 
 580      982CB357 
 581 1349 CABEFEFB 		.ascii	"\312\276\376\373\340[\326X\364\006\2135\014\254\006"
 581      E05BD658 
 581      F4068B35 
 581      0CAC06
 582 1358 D07F9E3D 		.ascii	"\320\177\236=[\317\376\205\030C\377j\212\012s\313\021"
 582      5BCFFE85 
 582      1843FF6A 
 582      8A0A73CB 
 582      11
 583 1369 B56002D1 		.ascii	"\265`\002\321L\275\2357\327\355-\271\234\022\021a\010"
 583      4CBD9D37 
 583      D7ED2DB9 
 583      9C121161 
 583      08
 584 137a 3387AF36 		.ascii	"3\207\2576\231\015\226)\374Ex\324\362h\245\341\263\350"
 584      990D9629 
 584      FC4578D4 
 584      F268A5E1 
 584      B3E8
 585 138c E8888070 		.ascii	"\350\210\200p\213\301\262&*t\2459:*z\225\205\010\233"
 585      8BC1B226 
 585      2A74A539 
 585      3A2A7A95 
 585      85089B
 586 139f 4DC630C3 		.ascii	"M\3060\303\362UQ:\270\376\316\034n5\021&\000\230\320"
 586      F255513A 
 586      B8FECE1C 
 586      6E351126 
 586      0098D0
 587 13b2 E828AB39 		.ascii	"\350(\2539:\202\260\323\010\250\321j\244\302\306\220"
 587      3A82B0D3 
 587      08A8D16A 
 587      A4C2C690 
 588 13c2 082AF3B6 		.ascii	"\010*\363\2660Hg\011\243\212o\276Y\370\271\232X\363"
 588      30486709 
 588      A38A6FBE 
 588      59F8B99A 
 588      58F3
 589 13d4 B1C1AA61 		.ascii	"\261\301\252av\301\2256t\2451*\312\024a\010\017\233"
 589      76C19536 
 589      74A5312A 
 589      CA146108 
 589      0F9B
 590 13e6 35A96B11 		.ascii	"5\251k\021\021z\267\365\340\336\233\300\204\254\262"
 590      117AB7F5 
 590      E0DE9BC0 
 590      84ACB2
 591 13f5 5AA3A304 		.ascii	"Z\243\243\004[\364\023\246\306D\030\255\313\243\315"
 591      5BF413A6 
 591      C64418AD 
ARM GAS  /var/folders/_f/jzb7lsz153bclt069nvlpp5r0000gn/T//cchbQmFv.s 			page 47


 591      CBA3CD
 592 1404 917A484E 		.ascii	"\221zHNHx\264Eo1\207\352\331\244\331\241\262\351\"\002"
 592      4878B445 
 592      6F3187EA 
 592      D9A4D9A1 
 592      B2E92202 
 593 1418 B5D4B8DA 		.ascii	"\265\324\270\332\030\036A,\365\276\341v!@\274A|\015"
 593      181E412C 
 593      F5BEE176 
 593      2140BC41 
 593      7C0D
 594 142a 14592AA2 		.ascii	"\024Y*\242\021\354\011\221\304\331\372\226\004\215\037"
 594      11EC0991 
 594      C4D9FA96 
 594      048D1F
 595 1439 9AEEC943 		.ascii	"\232\356\311C\020L\346(c\204\301\252\263X#!O+b\302\243"
 595      104CE628 
 595      6384C1AA 
 595      B3582321 
 595      4F2B62C2 
 596 144e 0D56E557 		.ascii	"\015V\345W\213?\377b\251j\361\327\377\275\344\213\245"
 596      8B3FFF62 
 596      A96AF1D7 
 596      FFBDE48B 
 596      A5
 597 145f EAC5CB96 		.ascii	"\352\305\313\226|\361\305\347K\225K\276Y\362\371R\274"
 597      7CF1C5E7 
 597      4B954BBE 
 597      59F2F952 
 597      BC
 598 1470 1068F1E7 		.ascii	"\020h\361\347K\321\177\321,\177\370+w\226\311%\266\230"
 598      4BD17FD1 
 598      2C7FF82B 
 598      7796C925 
 598      B698
 599 1482 ACCAD008 		.ascii	"\254\312\320\010\223\321\374;wH\340\337|\022\204\305"
 599      93D1FC3B 
 599      7748E0DF 
 599      7C1284C5 
 600 1492 CB0C73E7 		.ascii	"\313\014s\347\314\2367{\236\036\302\261\022\2122&\332"
 600      CC9E377B 
 600      9E1EC2B1 
 600      128A3226 
 600      DA
 601 14a3 6CB5E897 		.ascii	"l\265\350\227}\375\325\274\271\372E\213>\327\377~\311"
 601      7DFDD5BC 
 601      B9FA458B 
 601      3ED7FF7E 
 601      C9
 602 14b4 C2C5ABE7 		.ascii	"\302\305\253\347\352EC \326h\201\342\263eK\227*\027"
 602      EA454320 
 602      D66881E2 
 602      B3654B97 
 602      2A17
 603 14c6 2D9EFF87 		.ascii	"-\236\377\207\245\212\337\376n\351\"\362\337\002\005"
 603      A58ADFFE 
 603      6EE922F2 
ARM GAS  /var/folders/_f/jzb7lsz153bclt069nvlpp5r0000gn/T//cchbQmFv.s 			page 48


 603      DF0205
 604 14d5 998B638C 		.ascii	"\231\213c\214a\362\3600\245\305j\264\232\336\344\003"
 604      61F2F030 
 604      A5C56AB4 
 604      9ADEE403 
 605 14e5 CD5C8A8E 		.ascii	"\315\\\212\2161X'\214X\374#M\221\321\3465\206\030\250"
 605      3158278C 
 605      58FC234D 
 605      91D1E635 
 605      8618A8
 606 14f8 38A848FA 		.ascii	"8\250H\372\265\022\242i2+\242L\337[?y\265\311\321\226"
 606      B512A269 
 606      322BA24C 
 606      DF5B3F79 
 606      B5C9D196 
 607 150c 88F01077 		.ascii	"\210\360\020wM\204\256\0040\202@\012^e\011\377_\223"
 607      4D84AE04 
 607      3082400A 
 607      5E6509FF 
 607      5F93
 608 151e C1FA3FAF 		.ascii	"\301\372?\257\333q\004\020$\274:\357\243\331\237\200"
 608      DB710410 
 608      24BC3AEF 
 608      A3D99F80 
 609 152e 4677FF59 		.ascii	"Fw\377Y\303\240\255@\311\224\350\220\277\230B\255\006"
 609      C3A0AD40 
 609      C994E890 
 609      BF9842AD 
 609      06
 610 153f A24B698C 		.ascii	"\242Ki\214\010_\021\245\003\023V\230\254P\335\241\006"
 610      085F11A5 
 610      03135698 
 610      AC50DDA1 
 610      06
 611 1550 EBC7AF6D 		.ascii	"\353\307\257m}h\264\331D\2725\306\034\275:\034\202\340"
 611      7D68B4D9 
 611      44BA35C6 
 611      1CBD3A1C 
 611      82E0
 612 1562 17695941 		.ascii	"\027iYAc\243\211\204r\014\211\376\036\012\201\014Y\325"
 612      63A38984 
 612      720C89FE 
 612      1E0A810C 
 612      59D5
 613 1574 7C0F43DB 		.ascii	"|\017C\333\360W_\276ZYhtddt\024\237\340\337.\375j\376"
 613      F0575FBE 
 613      5A596874 
 613      64647414 
 613      9FE0DF2E 
 614 158b 57DF93B1 		.ascii	"W\337\223\261\230\360\010\223\331\242\377\375\374\371"
 614      98F00893 
 614      D9A2FFFD 
 614      FCF9
 615 1599 6080B04C 		.ascii	"`\200\260L\251BV-_n2ckt\214\362;s\214\325\2544\207\301"
 615      A942562D 
 615      5F6E3263 
 615      6B748CF2 
ARM GAS  /var/folders/_f/jzb7lsz153bclt069nvlpp5r0000gn/T//cchbQmFv.s 			page 49


 615      3B738CD5 
 616 15b1 FF3834CA 		.ascii	"\37784\312\2524\233\240\236\002\255+I\311[\014\337\256"
 616      AA349BA0 
 616      9E02AD2B 
 616      49C95B0C 
 616      DFAE
 617 15c3 32AD8228 		.ascii	"2\255\202(\277\021\272\322\3401\004=,\334\363\023.\025"
 617      BF11BAD2 
 617      E031043D 
 617      2CDCF313 
 617      2E15
 618 15d5 3166D3EA 		.ascii	"1f\323\352y\257\266\322l\225\304#\"\334b%\346(\351\364"
 618      79AFB6D2 
 618      6C95C423 
 618      22DC6225 
 618      E628E9F4 
 619 15e9 B9AF31D3 		.ascii	"\271\2571\323\022\2722\014&\376\352u\246\254\261\010"
 619      12BA320C 
 619      26FEEA75 
 619      A6ACB108 
 620 15f9 EECBBFFD 		.ascii	"\356\313\277\375N\376\255\371\327\257\231<H\016\233"
 620      4EFEADF9 
 620      D7AF993C 
 620      480E9B
 621 1608 1D19A2B1 		.ascii	"\035\031\242\261\254\2164\3204i,\260\362\220\246\016"
 621      AC8E34D0 
 621      34692CB0 
 621      F290A60E 
 622 1618 A399241A 		.ascii	"\243\231$\032\024d\025\321Xa#\202&\211\214\371\247I"
 622      146415D1 
 622      58612382 
 622      26898CF9 
 622      A749
 623 162a 973800E1 		.ascii	"\2278\000\341\027o\035A1\300\004\213q\205\351\343\011"
 623      176F1D41 
 623      31C0048B 
 623      7185E9E3 
 623      09
 624 163b 13262C6C 		.ascii	"\023&,l\022\004\003?\006(j\276\351\346\375|\000~u\204"
 624      1204033F 
 624      06286ABE 
 624      E9E6FD7C 
 624      007E7584 
 625 164f 821456A5 		.ascii	"\202\024V\245\237Z\221\3353$\253cxT\270u\206!,d\005"
 625      9F5A91DD 
 625      3324AB63 
 625      7854B875 
 625      86212C64 
 626 1664 18630AFD 		.ascii	"\030c\012\375\253aU\024\364\343_\015\313\315\321\221"
 626      AB615514 
 626      F4E35F0D 
 626      CBCDD191 
 627 1674 86708BF9 		.ascii	"\206p\213\371uJ\"\314\024\262j\005\240O\227\300y\200"
 627      754A22CC 
 627      14B26A05 
 627      A04F97C0 
 627      7980
ARM GAS  /var/folders/_f/jzb7lsz153bclt069nvlpp5r0000gn/T//cchbQmFv.s 			page 50


 628 1686 2960F330 		.ascii	")`\3630C9.[cY\004\343\277\203\341\205\313\226~\370z"
 628      43392E5B 
 628      635904E3 
 628      BF83E185 
 628      CB967EF8 
 629 169b 85000ADE 		.ascii	"\205\000\012\336\"\215\342\011\355o\214\370\316\270"
 629      228DE209 
 629      ED6F8CF8 
 629      CEB8
 630 16a9 86AC5D11 		.ascii	"\206\254]\021\260\271\377\346oh\267\225\244\275\015"
 630      B0B9FFE6 
 630      6F68B795 
 630      A4BD0D
 631 16b8 AB7F1D09 		.ascii	"\253\177\035\011\0124n\005\376\006\003\264\224\341\263"
 631      0A346E05 
 631      FE0603B4 
 631      94E1B3
 632 16c7 DF2EFB62 		.ascii	"\337.\373b\311\322\205\213~\026.,\215\004U?\377\253"
 632      C9D2858B 
 632      7E162E2C 
 632      8D04553F 
 632      FFAB
 633 16d9 650B97E9 		.ascii	"e\013\227\351\347\003\254~\241\340A\244\005vnX\302\210"
 633      E703AC7E 
 633      A1E041A4 
 633      05766E58 
 633      C288
 634 16eb 173410DF 		.ascii	"\0274\020\337\320x\363\241\230F\365z\245`\212d\360\377"
 634      D078F3A1 
 634      9846F57A 
 634      A5608A64 
 634      F0FF
 635 16fd 01620B11 		.ascii	"\001b\013\021\274"
 635      BC
 636              		.text
 637              		.section	.gnu.lto_.symtab.a7a56d04963fd2b2,"",%progbits
 638 0000 62757474 		.ascii	"button_cb\000\000\000\000\000\000\000\000\000\000\000"
 638      6F6E5F63 
 638      62000000 
 638      00000000 
 638      00000000 
 639 0014 00FD0000 		.ascii	"\000\375\000\000\000ll_button_init\000\000\000\000\000"
 639      006C6C5F 
 639      62757474 
 639      6F6E5F69 
 639      6E697400 
 640 002c 00000000 		.ascii	"\000\000\000\000\000\000\000\311\001\000\000_dbg_ch"
 640      000000C9 
 640      0100005F 
 640      6462675F 
 640      6368
 641 003e 65636B5F 		.ascii	"eck_unlock_from_isr\000\000\002\000\000\000\000\000"
 641      756E6C6F 
 641      636B5F66 
 641      726F6D5F 
 641      69737200 
 642 0059 00000000 		.ascii	"\000\000\000\000\314\001\000\000_dbg_check_lock_fro"
ARM GAS  /var/folders/_f/jzb7lsz153bclt069nvlpp5r0000gn/T//cchbQmFv.s 			page 51


 642      CC010000 
 642      5F646267 
 642      5F636865 
 642      636B5F6C 
 643 0074 6D5F6973 		.ascii	"m_isr\000\000\002\000\000\000\000\000\000\000\000\000"
 643      72000002 
 643      00000000 
 643      00000000 
 643      00
 644 0085 CE010000 		.ascii	"\316\001\000\000"
 645              		.text
 646              		.section	.gnu.lto_.opts,"",%progbits
 647 0000 272D6666 		.ascii	"'-ffp-contract=off' '-fno-trapv' '-mcpu=cortex-m4' "
 647      702D636F 
 647      6E747261 
 647      63743D6F 
 647      66662720 
 648 0033 272D6D74 		.ascii	"'-mthumb' '-mfloat-abi=hard' '-mfpu=fpv4-sp-d16' '-"
 648      68756D62 
 648      2720272D 
 648      6D666C6F 
 648      61742D61 
 649 0066 67676462 		.ascii	"ggdb' '-O2' '-fomit-frame-pointer' '-falign-functio"
 649      2720272D 
 649      4F322720 
 649      272D666F 
 649      6D69742D 
 650 0099 6E733D31 		.ascii	"ns=16' '-ffunction-sections' '-fdata-sections' '-fn"
 650      36272027 
 650      2D666675 
 650      6E637469 
 650      6F6E2D73 
 651 00cc 6F2D636F 		.ascii	"o-common' '-flto' '-fsingle-precision-constant'\000"
 651      6D6D6F6E 
 651      2720272D 
 651      666C746F 
 651      2720272D 
 652              		.text
 653              		.comm	__gnu_lto_v1,1,1
 654              		.comm	__gnu_lto_slim,1,1
 655              		.ident	"GCC: (GNU Tools for ARM Embedded Processors) 4.9.3 20150529 (release) [ARM/embedded-4_9-br
ARM GAS  /var/folders/_f/jzb7lsz153bclt069nvlpp5r0000gn/T//cchbQmFv.s 			page 52


DEFINED SYMBOLS
                            *ABS*:0000000000000000 button.c
                            *COM*:0000000000000001 __gnu_lto_v1
                            *COM*:0000000000000001 __gnu_lto_slim

NO UNDEFINED SYMBOLS
