ARM GAS  /var/folders/_f/jzb7lsz153bclt069nvlpp5r0000gn/T//ccplhlOt.s 			page 1


   1              		.syntax unified
   2              		.cpu cortex-m4
   3              		.eabi_attribute 27, 1
   4              		.eabi_attribute 28, 1
   5              		.fpu fpv4-sp-d16
   6              		.eabi_attribute 20, 1
   7              		.eabi_attribute 21, 1
   8              		.eabi_attribute 23, 3
   9              		.eabi_attribute 24, 1
  10              		.eabi_attribute 25, 1
  11              		.eabi_attribute 26, 1
  12              		.eabi_attribute 30, 2
  13              		.eabi_attribute 34, 1
  14              		.eabi_attribute 18, 4
  15              		.thumb
  16              		.file	"chan_recv_queue.c"
  17              		.text
  18              	.Ltext0:
  19              		.section	.gnu.lto_.profile.884d4bf8cb72b0b7,"",%progbits
  20 0000 789C6366 		.ascii	"x\234cf```a\200\000F\206\342`\000\001\255\000\317"
  20      60606061 
  20      80004686 
  20      E2600001 
  20      AD00CF
  21              		.text
  22              		.section	.gnu.lto_.jmpfuncs.884d4bf8cb72b0b7,"",%progbits
  23 0000 789C6DC8 		.ascii	"x\234m\310\261\015\000 \020BQ\376\241q&'\263\274\325"
  23      B10D0020 
  23      104251FE 
  23      A1712627 
  23      B3BCD5
  24 0013 D5A89D14 		.ascii	"\325\250\235\024<\202\365O\277V\031h\231\311\033\366"
  24      3C82F54F 
  24      BF561968 
  24      99C91BF6 
  25 0023 10F26057 		.ascii	"\020\362`WH\021\024\257;`Q\016\232\345\322\007\350"
  25      481114AF 
  25      3B60510E 
  25      9AE5D207 
  25      E8
  26              		.text
  27              		.section	.gnu.lto_.inline.884d4bf8cb72b0b7,"",%progbits
  28 0000 789C858E 		.ascii	"x\234\205\216\261jBA\020E\357\314\254\2765\357\361\202"
  28      B16A4241 
  28      1045EFCC 
  28      ACBE35EF 
  28      F182
  29 0012 820625A0 		.ascii	"\202\006%\240V\376\206M\254B\376 `\243\350_l\271\245"
  29      56FE864D 
  29      AC42FE20 
  29      60A3E85F 
  29      6CB9A5
  30 0025 1F10885D 		.ascii	"\037\020\210]^\252\374\202\245]Hgg\023\210\255\235\351"
  30      5EAAFC82 
  30      A55D4867 
  30      671388AD 
  30      9DE9
ARM GAS  /var/folders/_f/jzb7lsz153bclt069nvlpp5r0000gn/T//ccplhlOt.s 			page 2


  31 0037 9CD9A411 		.ascii	"\234\331\244\021\002\331\205\271\263\367rfV\360\367"
  31      02D985B9 
  31      B3F77266 
  31      56F0F7
  32 0046 79A41FAD 		.ascii	"y\244\037\255\001W\015\"\326\247\324\342\010y5a\270"
  32      01570D22 
  32      D6A7D4E2 
  32      08793561 
  32      B8
  33 0057 75DF5948 		.ascii	"u\337YH(Kj\320\342\310\264\377|\377\360\007\376f\263"
  33      284B6AD0 
  33      E2C8B4FF 
  33      7CFFF007 
  33      FE66B3
  34 006a 5FA8075A 		.ascii	"_\250\007Z&\301E\250S\2502w\231\204g\032~\255\252\267"
  34      26C145A8 
  34      53A83277 
  34      9984671A 
  34      7EADAAB7 
  35 007e C242CE41 		.ascii	"\302B\316A\257\346\316\223\020\245\0150H\177\201\372"
  35      AFE6CE93 
  35      10A50D30 
  35      487F81FA 
  36 008e BA9F3607 		.ascii	"\272\2376\007\255\36168\017\367\324\015~\340\3237K\004"
  36      ADF13638 
  36      0FF7D40D 
  36      7EE0D337 
  36      4B04
  37 00a0 D256560F 		.ascii	"\322VV\017v\031\335!\261\3222\265\202\372\360\020\005"
  37      7619DD21 
  37      B1D232B5 
  37      82FAF010 
  37      05
  38 00b1 F9E94EBD 		.ascii	"\371\351N\275]\346\030\022o\234\265>\031i\204\240\367"
  38      5DE61812 
  38      6F9CB53E 
  38      196984A0 
  38      F7
  39 00c2 CBD85A19 		.ascii	"\313\330Z\031g\203\355\211Ql\357\325\333\030c\325\212"
  39      6783ED89 
  39      516CEFD5 
  39      DB1863D5 
  39      8A
  40 00d3 32B2E978 		.ascii	"2\262\351xp\270.\014th5/\300v|&dq\364\037\21032\255"
  40      70B82E0C 
  40      7468352F 
  40      C0767C26 
  40      6471F41F 
  41 00eb 393F     		.ascii	"9?"
  42              		.text
  43              		.section	.gnu.lto_.pureconst.884d4bf8cb72b0b7,"",%progbits
  44 0000 789C6366 		.ascii	"x\234cf``\340f\200\000V\006)F\011&)f)\026)\000\004\010"
  44      6060E066 
  44      80005606 
  44      29460926 
  44      29662916 
  45 0018 009E     		.ascii	"\000\236"
ARM GAS  /var/folders/_f/jzb7lsz153bclt069nvlpp5r0000gn/T//ccplhlOt.s 			page 3


  46              		.text
  47              		.section	.gnu.lto_chan_recv_q_init.part.2.884d4bf8cb72b0b7,"",%progbits
  48 0000 789C9592 		.ascii	"x\234\225\222\313O\023Q\024\306\357w\357tZ\251<\342"
  48      CB4F1351 
  48      14C6EF77 
  48      EF745AA9 
  48      3CE2
  49 0012 B231D104 		.ascii	"\2621\321\004\011\211\201\342\336\215q\345\322\377\240"
  49      098981E2 
  49      DE8D71E5 
  49      D2FFA0
  50 0021 81324683 		.ascii	"\2012F\203\220\3602\321\015\003T\214+MM\324\010\004"
  50      90F032D1 
  50      0D03548C 
  50      2B4D4DD4 
  50      0804
  51 0033 1110112C 		.ascii	"\021\020\021,\005\004\005_,\\\260\360\235(\001\023|"
  51      0504055F 
  51      2C5CB0F0 
  51      9D280113 
  51      7C
  52 0044 A420A098 		.ascii	"\244 \240\230\202\304\322\250\324s\356\240\021\\(73"
  52      82C4D2A8 
  52      D473EEA0 
  52      115C2837 
  52      33
  53 0055 39F7DC39 		.ascii	"9\367\3349\337\357\236\307(\361\367\312\243\367\245"
  53      DFEF9EC7 
  53      28F1F7CA 
  53      A3F7A5
  54 0064 12623F59 		.ascii	"\022b?Y\270\004\214\263Ohc@j+\241\330\326z\024\300\033"
  54      B8048CB3 
  54      4F686340 
  54      6A2BA1D8 
  54      D67A14C0 
  55 0079 01516348 		.ascii	"\001QcH\205\032\314\311E\211\341\310\362c\357\254LJ"
  55      851ACCC9 
  55      4589E1C8 
  55      F263EFAC 
  55      4C4A
  56 008b B153903B 		.ascii	"\261S\220;\022\036\273h\262\013\203\335o\035\36193\267"
  56      121EBB68 
  56      B20B83DD 
  56      6F1DF139 
  56      33B7
  57 009d C3B6ED78 		.ascii	"\303\266\355x\270k\372\340\250\221\224R|\221\002\235"
  57      B86BFAE0 
  57      A8919452 
  57      7C91029D 
  58 00ad F0E11A7C 		.ascii	"\360\341\032|\214\353B.E\266\317^\230\207\332\015V\205"
  58      8CEB422E 
  58      45B6CF5E 
  58      9887DA0D 
  58      5685
  59 00bf BE373766 		.ascii	"\27677f\344\264\331v\335\350D\277\275\217D\012\327\241"
  59      E4B4D976 
  59      DDE844BF 
ARM GAS  /var/folders/_f/jzb7lsz153bclt069nvlpp5r0000gn/T//ccplhlOt.s 			page 4


  59      BD8F440A 
  59      D7A1
  60 00d1 FED4D191 		.ascii	"\376\324\321\221@7r(z~\374\335\230W\345i\345\325\225"
  60      40377228 
  60      7A7EFCDD 
  60      9857E569 
  60      E5D595
  61 00e4 4897D751 		.ascii	"H\227\327Q.8J\003=\033\225\206\300\015\255|\321;0\224"
  61      2E384A03 
  61      3D1B9586 
  61      C00DAD7C 
  61      D13B3094 
  62 00f8 AEF668E5 		.ascii	"\256\366h\345R\364\323!Gx\246\315<\220\224.D6\352\250"
  62      52F4D321 
  62      4778A6CD 
  62      3C90942E 
  62      4436EAA8 
  63 010c 35BDC8E1 		.ascii	"5\275\310\341\340\257\221\216\250[\355\325\302\226d"
  63      E0AF918E 
  63      A85BEDD5 
  63      C29664
  64 011b EB2523BB 		.ascii	"\353%#\273\225\224o\037=+\036\015]\266WS)0 \272\036"
  64      95946F1F 
  64      3D2B1E0D 
  64      5DB65753 
  64      293020BA 
  65 0130 E02C522C 		.ascii	"\340,R,\206~\214{\315\0205%\013}\310\346~P\033\372a"
  65      867E8C7B 
  65      CD103525 
  65      0B7DC8E6 
  65      7E501BFA 
  66 0145 820C9FF4 		.ascii	"\202\014\237\364n\263\355T\352\303k\231\011\360\225"
  66      6EB3ED54 
  66      EAC36B99 
  66      09F095
  67 0154 04A15345 		.ascii	"\004\241SE)P9\\\265\213\2631\331w\203k\361\360V\210"
  67      2950395C 
  67      B58BB331 
  67      D977836B 
  67      F1F05688 
  68 0168 18BD3CA2 		.ascii	"\030\275<\242\030\225HVM\323!\333I\32475\314\204\\|"
  68      18954856 
  68      4DD321DB 
  68      49D43735 
  68      CC845C7C 
  69 017c 4742CA04 		.ascii	"GB\312\004\245 \2218\031?\235\306\223rm\025\030\240"
  69      A5209138 
  69      193F9DC6 
  69      93726D15 
  69      18A0
  70 018e FC5ED1A8 		.ascii	"\374^\321\2509\011\272\212\202\304$\352\246N}^V\216"
  70      3909BA8A 
  70      82C424EA 
  70      A64E7D5E 
  70      568E
  71 01a0 48AD1D85 		.ascii	"H\255\035\205\301>\311\337\304\236>\367\260\\\351\232"
  71      C13EC9DF 
ARM GAS  /var/folders/_f/jzb7lsz153bclt069nvlpp5r0000gn/T//ccplhlOt.s 			page 5


  71      C49E3EF7 
  71      B05CE99A 
  72 01b0 06575A16 		.ascii	"\006WZ\026\322\233\321Xk\333\236\244$\201\201\233\\"
  72      D29BD158 
  72      6BDB9EA4 
  72      2481819B 
  72      5C
  73 01c1 337DBAF2 		.ascii	"3}\272\362\361\341\373\214\374n*W\217\037\203h\306\022"
  73      F1E1FB8C 
  73      FC6E2A57 
  73      8F1F8368 
  73      C612
  74 01d3 972C3084 		.ascii	"\227,0\204|B37\036\355\364\257\221\377\017\265\203Q"
  74      7C423337 
  74      1EEDF4AF 
  74      91FF0FB5 
  74      8351
  75 01e5 B7340A8C 		.ascii	"\2674\012\214\272\215|d\373t\212\255\031\233\"\351\244"
  75      BA8D7C64 
  75      FB748AAD 
  75      199B22E9 
  75      A4
  76 01f6 8635490F 		.ascii	"\2065I\017b\344\027\251>\334\260\032[k\232\213\352\347"
  76      62E417A9 
  76      3EDCB01A 
  76      5B6B9A8B 
  76      EAE7
  77 0208 AA1B93ED 		.ascii	"\252\033\223\355[t\323R\2642\005\356\300\347t*\006'"
  77      5B74D352 
  77      B43205EE 
  77      C0E7742A 
  77      0627
  78 021a 9063D735 		.ascii	"\220c\3275j\023I\334\325I(N\342\036w\306d\320\371\276"
  78      6A1349DC 
  78      D549284E 
  78      E21E77C6 
  78      64D0F9BE 
  79 022e 9EEDFF46 		.ascii	"\236\355\377F5-\237\233\310\374\215r\343\276F\031\214"
  79      352D9F9B 
  79      C8FC8D72 
  79      E3BE4619 
  79      8C
  80 023f 7AC02837 		.ascii	"z\300(7\355\246\011\315\277\303\024j\263DBz\204\230"
  80      EDA609CD 
  80      BFC3146A 
  80      B344427A 
  80      8498
  81 0251 8107BB7C 		.ascii	"\201\007\273|\262\247\204~\031\3607j@\256\337_\340<"
  81      B2A7847E 
  81      19F0376A 
  81      40AEDF5F 
  81      E03C
  82 0263 4585C112 		.ascii	"E\205\301\022\253\254\270\240\262\"X\020<\\X\026\250"
  82      ABACB8A0 
  82      B2225810 
  82      3C5C5816 
  82      A8
ARM GAS  /var/folders/_f/jzb7lsz153bclt069nvlpp5r0000gn/T//ccplhlOt.s 			page 6


  83 0274 B082C702 		.ascii	"\260\202\307\002\345\325V\265\345\017\012\224\253R\253"
  83      E5D556B5 
  83      E50F0A94 
  83      AB52AB
  84 0283 34ADF2C8 		.ascii	"4\255\362\310\011+Pt\274\312\252t\227U\227\006\254\243"
  84      092B5074 
  84      BCCAAA74 
  84      97559706 
  84      ACA3
  85 0295 553F0143 		.ascii	"U?\001C\011g\245"
  85      0967A5
  86              		.text
  87              		.section	.gnu.lto_chan_recv_q_init.884d4bf8cb72b0b7,"",%progbits
  88 0000 789C6592 		.ascii	"x\234e\222\317k\023A\024\307\347;3\273\211M+A\360\222"
  88      CF6B1341 
  88      14C7E73B 
  88      33BB894D 
  88      2B41F092 
  89 0014 83082106 		.ascii	"\203\010!\006D\022\361\352A\361\344Q\374\007B\233\256"
  89      4412F1EA 
  89      41F1E451 
  89      FC07429B 
  89      AE
  90 0025 289A4093 		.ascii	"(\232@\223FP(\2356A\004AK/J\305\037\245\2156Q\223\330"
  90      4650289D 
  90      36410441 
  90      4B2F4AC5 
  90      1FA58D36 
  91 003c 6A4111C9 		.ascii	"jA\021\311Iz\260\376\226*\210?\240\321\266(\264Fj\227"
  91      497AB0FE 
  91      962A883F 
  91      A0D1B628 
  91      B4466A97 
  92 0050 AAF1CD6E 		.ascii	"\252\361\315n)\265.\273;\373v?\2377\363\336\254`\377"
  92      29B52EBB 
  92      3BFB763F 
  92      9F37F3DE 
  92      AC60FF
  93 0063 1F07E952 		.ascii	"\037\007\351R\234\261}4\302\303\300\373\2360\326\343"
  93      9CB17D34 
  93      C2C3C0FB 
  93      9E30D6E3 
  94 0073 E5DC5CF4 		.ascii	"\345\334\\\3640\325$\006\036\321\367f\261\022J7\224"
  94      30D52406 
  94      1ED1F766 
  94      B1124A37 
  94      94
  95 0084 DC7CB085 		.ascii	"\334|\260\205B\343U\224\"\003\246\226`\002zd`\335\\"
  95      42E35594 
  95      2203A696 
  95      60027A64 
  95      60DD5C
  96 0097 48C34437 		.ascii	"H\303D7f\371\002\307\275\322\217I\337\014\2679\333\312"
  96      66F902C7 
  96      BDD28F49 
  96      DF0CB739 
  96      DBCA
ARM GAS  /var/folders/_f/jzb7lsz153bclt069nvlpp5r0000gn/T//ccplhlOt.s 			page 7


  97 00a9 28BCDF3F 		.ascii	"(\274\337?q\301\324!\244\016\227\363\363\263f8\257\224"
  97      71C1D421 
  97      A40E97F3 
  97      F3B36638 
  97      AF94
  98 00bb 9AEF2FD4 		.ascii	"\232\357/\324\016T\245\3159\253s\206\353\010`\004\001"
  98      0E54A5CD 
  98      39AB7386 
  98      EB086004 
  98      01
  99 00cc 9DB08030 		.ascii	"\235\260\2000\221\3033\347\347 \266C[\271_\227.n\014"
  99      91C333E7 
  99      E720B643 
  99      5BB95F97 
  99      2E6E0C
 100 00df 0D29D55B 		.ascii	"\015)\325[};\252\366\222$P\204X\353\321+\206\033\010"
 100      7D3BAAF6 
 100      92245084 
 100      58EBD12B 
 100      861B08
 101 00f2 113D37F5 		.ascii	"\021=7\365i\302'v8\346\265\245R\301\347\232\337\\S\342"
 101      69C22776 
 101      38E6B5A5 
 101      52C1E79A 
 101      DF5C53E2 
 102 0106 E67A5332 		.ascii	"\346zS2\334r\314\027\345\261\361\026\261\3231\277W\276"
 102      DC72CC17 
 102      E5B1F116 
 102      B1D331BF 
 102      57BE
 103 0118 1E72C573 		.ascii	"\036r\305sC\346~\233\033(\255\367\014\2062B\032^,\345"
 103      43E67E9B 
 103      1B28ADF7 
 103      0C863242 
 103      1A5E2CE5 
 104 012c 2B1EB1DB 		.ascii	"+\036\261\333\021\257\330\203\00328H\346\307\307\317"
 104      11AFD883 
 104      03323848 
 104      E6C7C7CF 
 105 013c DAABB9AB 		.ascii	"\332\253\271\253\352O\243\001\235\240\362o\002\367 "
 105      EA4FA301 
 105      9DA0F26F 
 105      02F720
 106 014b 6321F77B 		.ascii	"c!\367{\312g\346\250)~\334FP\367\203\3320J-\246\261"
 106      CA67E6A8 
 106      297EDC46 
 106      50F783DA 
 106      304A2DA6 
 107 0160 BCA9AA1A 		.ascii	"\274\251\252\032\215\372p1\033\335\274\0014+5\214n\002"
 107      8DFA7031 
 107      1BDDBC01 
 107      342B358C 
 107      6E02
 108 0172 7ACD12BA 		.ascii	"z\315\022\272f\003\316:\3304yzOj\204\320(^#\367&[\336"
 108      6603CE3A 
 108      D834797A 
 108      4F6A84D0 
ARM GAS  /var/folders/_f/jzb7lsz153bclt069nvlpp5r0000gn/T//ccplhlOt.s 			page 8


 108      285E23F7 
 109 0189 A533FDE4 		.ascii	"\2453\375\344\202&\3720\375\364\271Wo\206\244\374c+"
 109      8226FA30 
 109      FDF4B957 
 109      6F86A4FC 
 109      632B
 110 019b 4BA851E7 		.ascii	"K\250Q\347h\243]:\345\302r-,\010\276\263\012Kvf\217"
 110      68A35D3A 
 110      E5C2722D 
 110      2C08BEB3 
 110      0A4B7666 
 111 01b0 6627B345 		.ascii	"f'\263E\270\260A\360\227\276\221r\263\206\015\037\303"
 111      B8B041F0 
 111      97BE9172 
 111      B3860D1F 
 111      C3
 112 01c1 DD55D860 		.ascii	"\335U\330`\017\267\211w8\345wI\375\177\\~y\266\304\273"
 112      0FB78977 
 112      38E57749 
 112      FD7F5C7E 
 112      79B6C4BB 
 113 01d5 96D569E5 		.ascii	"\226\325i\345\265\271Y\347T#\306\321\305hRZ$e\263\271"
 113      B5B959E7 
 113      5423C6D1 
 113      C568525A 
 113      2465B3B9 
 114 01e9 C7714DA7 		.ascii	"\307qM\247\206\367\350\361\3237\242>\003\010\006\304"
 114      86F7E8F1 
 114      D337A23E 
 114      030806C4 
 115 01f9 520BE531 		.ascii	"R\013\3451\364#\2652\030\220\272lh\224\212\017G\"Q\367"
 115      F423B532 
 115      1890BA6C 
 115      68948A0F 
 115      472251F7 
 116 020d 6C6B8D1F 		.ascii	"lk\215\037\265\222\355\321t*\036\215\037nM\306RV\374"
 116      B592EDD1 
 116      742A1E8D 
 116      1F6E4DC6 
 116      5256FC
 117 0220 78AC2363 		.ascii	"x\254#ce\254H\234\241C$\254DS\372\310I+\326v\242\323"
 117      65AC489C 
 117      A14324AC 
 117      4453FAC8 
 117      492BD676 
 118 0236 4A7B9299 		.ascii	"J{\222\231D\314:\326\371\027\300\242\361\303"
 118      44CC3AD6 
 118      F917C0A2 
 118      F1C3
 119              		.text
 120              		.section	.gnu.lto_chan_recv_q_enqueue.884d4bf8cb72b0b7,"",%progbits
 121 0000 789C9553 		.ascii	"x\234\225S[O\023Q\020>sv\267\027\332b\321\304\207&^"
 121      5B4F1351 
 121      103E7376 
 121      B717DA62 
 121      D1C48726 
 122 0015 1244880A 		.ascii	"\022D\210\012$^\036\215<\373\344?\300ZHLL0\240\370\312"
ARM GAS  /var/folders/_f/jzb7lsz153bclt069nvlpp5r0000gn/T//ccplhlOt.s 			page 9


 122      245E1E8D 
 122      3CFBE43F 
 122      C05A484C 
 122      4C30A0F8 
 123 002a B65484F8 		.ascii	"\266T\204\370\242\030\020E\002\210x\001\012X\271\013"
 123      A2181045 
 123      02887801 
 123      0A58B90B 
 124 003a 52140989 		.ascii	"R\024\011\211\2501A\005TD\004\003\242\006\244\021\010"
 124      A8314105 
 124      54440403 
 124      A206A411 
 124      08
 125 004b 609D395B 		.ascii	"`\2359[\240\0040\272igw\346\314|\337\314w\316\221\330"
 125      A00430BA 
 125      696777E6 
 125      CC7CDFCC 
 125      77CE91D8 
 126 005f DAE720FE 		.ascii	"\332\347 \376\367+\214\035\3027(\014\370\245\027\214"
 126      F72B8C1D 
 126      C237280C 
 126      F8A5178C 
 127 006f 390D9CCB 		.ascii	"9\015\234\313\305\300\3240i\252\2071\325,\201\254\305"
 127      C5C0D430 
 127      69AA8731 
 127      D52C81AC 
 127      C5
 128 0080 6500FA60 		.ascii	"e\000\372`\3002\270$C\006\214\363)\016\315\325\376\347"
 128      C032B824 
 128      43068CF3 
 128      290ECDD5 
 128      FEE7
 129 0092 A6313EC7 		.ascii	"\2461>\307\331N\206nKnw\201\216\\\220\311\235/\237\034"
 129      D94E866E 
 129      4B6E7781 
 129      8E5C90C9 
 129      9D2F9F1C 
 130 00a6 D74597AB 		.ascii	"\327E\227\253\252:\351\365\214\036\363\311s\234\263"
 130      AA3AE9F5 
 130      8C1EF3C9 
 130      739CB3
 131 00b5 69CEE00E 		.ascii	"i\316\340\016\330\340.\330\010\356\036Dc\346\255\261"
 131      D8E02ED8 
 131      08EE1E44 
 131      63E6ADB1 
 132 00c5 AB5F41DA 		.ascii	"\253_A\332\003T\345^(*\014\217*SU\227\357\275WM\300"
 132      0354E55E 
 132      282A0C8F 
 132      2A535597 
 132      EFBD574D 
 133 00da 22092A40 		.ascii	"\"\011*@\012\255\303\020\203J\210\302l\177\336\305n"
 133      0AADC310 
 133      834A88C2 
 133      6C7FDEC5 
 133      6E
 134 00eb 59DA272A 		.ascii	"Y\332'*k\333+s\214\242\233\343\344\316\234\237\314\011"
 134      6BDB2B73 
ARM GAS  /var/folders/_f/jzb7lsz153bclt069nvlpp5r0000gn/T//ccplhlOt.s 			page 10


 134      8CA29BE3 
 134      E4CE9C9F 
 134      CC09
 135 00fd 13DD98C9 		.ascii	"\023\335\230\311\355\271\336\331h$\\\3257\357\022\270"
 135      EDB9DED9 
 135      68245CD5 
 135      37EF12B8 
 136 010d 325469B8 		.ascii	"2Ti\270\036\304\255\026\2702\203\032\210\242\364)\367"
 136      1EC4AD16 
 136      B832831A 
 136      88A2F429 
 136      F7
 137 011e E25B93CE 		.ascii	"\342[\223\316\215\351V\352\031[\255\005\035\340\273"
 137      8DE956EA 
 137      195BAD05 
 137      1DE0BB
 138 012d 66B34F0D 		.ascii	"f\263O\015\004>wu,*[\000K\020\206zQ\350SGFO\306@\306"
 138      043E7775 
 138      2C2A5B00 
 138      4B10867A 
 138      51E85347 
 139 0146 48C68446 		.ascii	"H\306\204F1\243\321Y\310\204\223k\245\205\0102\214\215"
 139      31A3D159 
 139      C884936B 
 139      A5850832 
 139      8C8D
 140 0158 E09FA41D 		.ascii	"\340\237\244\035E\007\337\322\033pEP\003\375]\235\025"
 140      4507DFD2 
 140      1B704550 
 140      03FD5D9D 
 140      15
 141 0169 A698DBD8 		.ascii	"\246\230\333\330@\211\247,K\006\032Z{\340>\304\020%"
 141      4089A72C 
 141      4B061A5A 
 141      7BE03EC4 
 141      1025
 142 017b 1B00D7AF 		.ascii	"\033\000\327\257\243l\206+\241\332\353\205\366?\312"
 142      A36C862B 
 142      A1DAEB85 
 142      F63FCA
 143 018a ABB2A108 		.ascii	"\253\262\241\010\012\235\252:4\321\204\305|\006\033"
 143      0A9DAA3A 
 143      34D184C5 
 143      7C061B
 144 0199 F592E8F0 		.ascii	"\365\222\350\360\000\027\030\322\370\336m\243\241Vq"
 144      001718D2 
 144      F8DE6DA3 
 144      A15671
 145 01a8 0D79CA46 		.ascii	"\015y\312F\022\014!\\u\310\205|\313\\\224\376lxv\332"
 145      120C215C 
 145      75C8857C 
 145      CB5C94FE 
 145      6C7876DA 
 146 01bc 2CB8ACC4 		.ascii	",\270\254\30450\340u\232\326p\325\013\256\206\325\\"
 146      3530E075 
 146      9AD670D5 
 146      0BAE86D5 
ARM GAS  /var/folders/_f/jzb7lsz153bclt069nvlpp5r0000gn/T//ccplhlOt.s 			page 11


 146      5C
 147 01cd CB701812 		.ascii	"\313p\030\022\265sy\371}\246\310R\334\355\241\017}I"
 147      B57379F9 
 147      7DA6C852 
 147      DCEDA10F 
 147      7D49
 148 01df 3E7789FA 		.ascii	">w\211\372;\020\200u\366<\330N#D\022\306:\365\3525\265"
 148      3B108075 
 148      F63CD84E 
 148      234412C6 
 148      3AF5EA35 
 149 01f4 8467FB02 		.ascii	"\204g\373\002\201#\033W7\005\253_\203\273/\263\361\000"
 149      81231B57 
 149      3705AB5F 
 149      83BB2FB3 
 149      F100
 150 0206 7584EAE1 		.ascii	"u\204\352\341Pby\024\247\306c/\341\250\015S\255;\264"
 150      50627914 
 150      A7C6632F 
 150      E1A80D53 
 150      AD3BB4
 151 0219 553D927C 		.ascii	"U=\222|\034y\371\312@\363\242*\350\326\317\026\177\267"
 151      1C79F9CA 
 151      40F3A22A 
 151      E8D6CF16 
 151      7FB7
 152 022b E0BCD8A6 		.ascii	"\340\274\330\246\201&m&\002\214\337\234\350\034\016"
 152      81266D26 
 152      028CDF9C 
 152      E81C0E
 153 023a 8FDD8BF3 		.ascii	"\217\335\213\363C\013\216\375\223\013\316\207\020\213"
 153      430B8EFD 
 153      930BCE87 
 153      108B
 154 0248 E265E666 		.ascii	"\342e\346f\371\271\206\2105z\330e\243`]V\257\244\005"
 154      F9B98688 
 154      357AD865 
 154      A3605D56 
 154      AFA405
 155 025b 8D22AE90 		.ascii	"\215\"\256\220\314\271\237,\301mY\"Ba\351\362lD\326"
 155      CCB99F2C 
 155      C16D5922 
 155      4261E9F2 
 155      6C44D6
 156 026e BA42D606 		.ascii	"\272B\326\006\261\210E(\015\227\017k\310\246\277t|\303"
 156      B1884528 
 156      0D970F6B 
 156      C8A6BF74 
 156      7CC3
 157 0280 7FA57F13 		.ascii	"\177\245\177\023\201(\360H\200\320\001\207v\321\261"
 157      8128F048 
 157      80D00187 
 157      76D1B1
 158 028f 6BF0422F 		.ascii	"k\360B/h\020f\01533_\247\371\026\014\205^0\235\231\201"
 158      6810660D 
 158      33335FA7 
 158      F9160C85 
ARM GAS  /var/folders/_f/jzb7lsz153bclt069nvlpp5r0000gn/T//ccplhlOt.s 			page 12


 158      5E309D99 
 159 02a4 0FC44405 		.ascii	"\017\304D\005\301\224p$\306D\302\311/\335\032\234gY"
 159      C1947024 
 159      C644C2C9 
 159      2FDD1A9C 
 159      6759
 160 02b6 4765958E 		.ascii	"Ge\225\2164\236\015\357\036VA\20785\217\261\031q\021"
 160      349E0DEF 
 160      1E564187 
 160      38358FB1 
 160      197111
 161 02c9 C556B46D 		.ascii	"\305V\264m\3270\255\377\246\375\0231\211\270\262\235"
 161      D730ADFF 
 161      A6FD1331 
 161      89B8B29D 
 162 02d9 4BDA7F0B 		.ascii	"K\332\177\013j\037\201(\232\366\377/\363\323\025\334"
 162      6A1F8128 
 162      9AF6FF2F 
 162      F3D315DC 
 163 02e9 2E923942 		.ascii	".\2229B\034\031Y\\\332ApZ\361r\240|_\000`\267\215/x"
 163      1C19595C 
 163      DA41705A 
 163      F172A07C 
 163      5F0060B7 
 164 0300 0079A49E 		.ascii	"\000y\244\236\323x\277\201R\260.:..^\373\235\260;N%"
 164      D378BF81 
 164      52B02E3A 
 164      2E2E5EFB 
 164      9DB03B4E 
 165 0315 A724C59F 		.ascii	"\247$\305\237Is\304;N\332S\022\323\222\035\347\022S"
 165      4973C43B 
 165      4EDA5312 
 165      D3921DE7 
 165      1253
 166 0327 D393D393 		.ascii	"\323\223\323\223\343\034\014R\215\"\230d?k\377\003\012"
 166      E31C0C52 
 166      8D229864 
 166      3F6BFF03 
 166      0A
 167 0338 8FD42F   		.ascii	"\217\324/"
 168              		.text
 169              		.section	.gnu.lto_chan_recv_q_dequeue.884d4bf8cb72b0b7,"",%progbits
 170 0000 789C9553 		.ascii	"x\234\225SYO\023Q\024\276\347\316\264\224\356\202\306"
 170      594F1351 
 170      14BEE7CE 
 170      B494EE82 
 170      C6
 171 0011 84986882 		.ascii	"\204\230h\202\010Q\241/\372\346\003\217\306?AjibbB\002"
 171      0851A12F 
 171      FAE6038F 
 171      C63F416A 
 171      69626242 
 172 0026 8AAF4C17 		.ascii	"\212\257L\027p}\300\032\220\004\210\324\212\013\010"
 172      707DC01A 
 172      900488D4 
 172      8A0B08
 173 0035 5836055C 		.ascii	"X6\005\\\212\"\230\200\032\023\027 \006\201\024\003"
ARM GAS  /var/folders/_f/jzb7lsz153bclt069nvlpp5r0000gn/T//ccplhlOt.s 			page 13


 173      8A229880 
 173      1A131720 
 173      06811403 
 174 0045 A2094823 		.ascii	"\242\011H#4\242\365\234;\243,.\301I{g\356\231s\276\345"
 174      34A2F59C 
 174      3BA32C2E 
 174      C1497B67 
 174      EE9973BE 
 175 005a 9CB912FB 		.ascii	"\234\271\022\373\375\332\207\377\003:\306\366\343\035"
 175      FDDA87FF 
 175      033AC6F6 
 175      E31D
 176 0068 740C78F9 		.ascii	"t\014x\3713\306<\006\316\345r\211)FI\031dL1K \253q\031"
 176      33C63C06 
 176      CEE57289 
 176      29464919 
 176      644C314B 
 177 0080 801E18B0 		.ascii	"\200\036\030\260\022.\311P\0023|\236CWs\354\251i\232"
 177      122EC950 
 177      02337C9E 
 177      435773EC 
 177      A9699A
 178 0093 C739DBC1 		.ascii	"\3079\333\301p\333\035xR\245\247-\310\264\375Z?7\243"
 178      70DB1D78 
 178      52A5A72D 
 178      C8B4FD5A 
 178      3F37A3
 179 00a6 CFAC5714 		.ascii	"\317\254W\024e\316\033~i.=\030\347\234-p\006\327 \015"
 179      65CE1B7E 
 179      692E3D18 
 179      E79C2D70 
 179      06D7200D 
 180 00ba AE431AC1 		.ascii	"\256C\032\301\335\200L\314\2742}\361\003H\273\201\252"
 180      DD804CCC 
 180      BC327DF1 
 180      0348BB81 
 180      AA
 181 00cb FCCBB5D5 		.ascii	"\374\313\265\325\326\214\220\242x#o[\225\\9\316%h\000"
 181      D68C90A2 
 181      78236F5B 
 181      955C39CE 
 181      256800
 182 00de 69751D86 		.ascii	"iu\035\206\0304B\006f\307*\316>\221\245\275jeOpVR+\227"
 182      18344206 
 182      66C72ACE 
 182      3E91A5BD 
 182      6A654F70 
 183 00f6 D54A196E 		.ascii	"\325J\031n\256\257\224\0314A\006\245\317\373\277\275"
 183      AEAF9419 
 183      344106A5 
 183      CFFBBFBD 
 184 0106 31E9FD28 		.ascii	"1\351\375(\317N\252PL3\350\001\357-)\021%\221\010\015"
 184      CF4EAA50 
 184      4C33E801 
 184      EF2D2911 
 184      2591080D 
 185 011a F476E861 		.ascii	"\364v\350a\013`\015\342\020\235\216\036\365\204\221"
ARM GAS  /var/folders/_f/jzb7lsz153bclt069nvlpp5r0000gn/T//ccplhlOt.s 			page 14


 185      0B600DE2 
 185      109D8E1E 
 185      F58491
 186 0129 444F065C 		.ascii	"DO\006\\t\311\264\030)f\002\002\266\320\033+-6Z\354"
 186      74C9B418 
 186      29660202 
 186      B6D01B2B 
 186      2D365AEC 
 187 013d B4A4D092 		.ascii	"\264\244\320\222J\013cQ\374S#\247p\203w\3515x7\221\230"
 187      4A0B6351 
 187      FC5323A7 
 187      708377E9 
 187      35783791 
 188 0152 91FEBE06 		.ascii	"\221\376\276\006S\326U\024S\327\024*\223\201,\252\027"
 188      53D65514 
 188      53D7142A 
 188      93812CAA 
 188      17
 189 0163 B44016B1 		.ascii	"\264@\026\261\263Q\360~9\304\026\271\016\323\007'\227"
 189      B351F07E 
 189      39C416B9 
 189      0ED30727 
 189      97
 190 0174 16CCD469 		.ascii	"\026\314\324i\275\235\252GG[=\246Z\250\366(\312\370"
 190      BD9DAA47 
 190      475B3DA6 
 190      5AA8F628 
 190      CAF8
 191 0186 29DF5664 		.ascii	")\337VdZD\315\267\250\305\020\206Z`H\023\251\350\227"
 191      5A44CDB7 
 191      A8C51086 
 191      5A604813 
 191      A9E897
 192 0199 C8E11AB2 		.ascii	"\310\341\032\262\361\246P4\327\260\212\254\025\311\220"
 192      F1A65034 
 192      D7B08AAC 
 192      15C990
 193 01a8 900A0472 		.ascii	"\220\012\004r\274\242r\330\224\036\304\236\216O\017"
 193      BCA272D8 
 193      941EC49E 
 193      8E4F0F
 194 01b7 E747FC75 		.ascii	"\347G\374u\312\367D\002\3760\023\255\276\015\322\011"
 194      CAF74402 
 194      FE3013AD 
 194      BE0DD209 
 195 01c7 83BD02FF 		.ascii	"\203\275\002\377\260\257\361\234\236\030Q2\244\253\031"
 195      B0AFF19C 
 195      9E185132 
 195      A4AB19
 196 01d6 53C8845F 		.ascii	"S\310\204_\226\204^:\303\003\347u\352k\322\364.\372"
 196      96845E3A 
 196      C303E775 
 196      EA6BD2F4 
 196      2EFA
 197 01e8 FC85811C 		.ascii	"\374\205\201\034\241\024\334v,]\372dAGH\225D^\332\211"
 197      A114DC76 
 197      2C5DFA64 
ARM GAS  /var/folders/_f/jzb7lsz153bclt069nvlpp5r0000gn/T//ccplhlOt.s 			page 15


 197      41474895 
 197      445EDA89 
 198 01fc 02E335B1 		.ascii	"\002\3435\261\013#\266\354=4\332\0164\366\231\013\326"
 198      0B23B6EC 
 198      3D34DA0E 
 198      34F6990B 
 198      D6
 199 020d 4EC8A6F6 		.ascii	"N\310\246\366tNlS\001\223\376\201py\266o\322J\010\034"
 199      744E6C53 
 199      0193FE81 
 199      7079B66F 
 199      D24A081C 
 200 0221 6E0B041A 		.ascii	"n\013\004\0329\334Q\021\306N.s\025\302\200(\030\361"
 200      39DC5111 
 200      C64E2E73 
 200      15C28028 
 200      18F1
 201 0233 556A1692 		.ascii	"Uj\026\2221\204\325\213\245s\247\215$Sgf\320\205\220"
 201      3184D58B 
 201      A573A78D 
 201      24536766 
 201      D08590
 202 0246 9852A5A5 		.ascii	"\230R\245\245\030\321\011&\212A\235\211\201\326\354"
 202      18D10926 
 202      8A419D89 
 202      81D6EC
 203 0255 5FC6E435 		.ascii	"_\306\3445\306pT\021)N4&\350\026\203\352A5\353\022\034"
 203      C6705411 
 203      294E3426 
 203      E81683EA 
 203      4135EB12 
 204 026a 22C1A825 		.ascii	"\"\301\250%\334\245I\222\315\371\001\217\3269\313\306"
 204      DCA54992 
 204      CDF9018F 
 204      D639CBC6 
 205 027a 8CDE5B31 		.ascii	"\214\336[1z_\030\365\005\312\372$\025\302\212(\2603"
 205      7A5F18F5 
 205      05CAFA24 
 205      15C28A28 
 205      B033
 206 028c 4D0007B7 		.ascii	"M\000\007\267\2531\333\306`\037\010Xqt\"*l{YT\203\265"
 206      AB31DBC6 
 206      601F0858 
 206      7174222A 
 206      6C7B5954 
 207 02a2 0B641BC1 		.ascii	"\013d\033\301\006\202V\255\027\253\275\311\177\307\355"
 207      068256AD 
 207      17ABBDC9 
 207      7FC7ED
 208 02b1 5D91FB10 		.ascii	"]\221\373\020\262\021K\210\013\017Mh\330)\033\223\367"
 208      B2114B88 
 208      0B0F4D68 
 208      D8291B93 
 208      F7
 209 02c2 48C0D0A7 		.ascii	"H\300\320\247\015}?]\177\324\306\233\212(\260K\270\016"
 209      0D7D3F5D 
 209      7FD4C69B 
ARM GAS  /var/folders/_f/jzb7lsz153bclt069nvlpp5r0000gn/T//ccplhlOt.s 			page 16


 209      8A28B04B 
 209      B80E
 210 02d4 4C58FE4F 		.ascii	"LX\376O\336\343\025\334~\222\227*>lY\234\3471\360\330"
 210      DEE315DC 
 210      7E92972A 
 210      3E6C599C 
 210      E731F0D8 
 211 02e8 F18CA2F6 		.ascii	"\361\214\242\366\367\000H\300\207\302\233\261\273RM"
 211      F70048C0 
 211      87C29BB1 
 211      BB524D
 212 02f7 9B19CF3E 		.ascii	"\233\031\317>P\016\366+3'\307\241\376\016;]G\335\005"
 212      500EF62B 
 212      3327C7A1 
 212      FE0E3B5D 
 212      47DD05
 213 030a F98E6345 		.ascii	"\371\216cE.\207\353\210\263 \257\310\355:\221WX\354"
 213      2E87EB88 
 213      B320AFC8 
 213      ED3A9157 
 213      58EC
 214 031c 2E76E7B8 		.ascii	".v\347\270\030\024&\213`\276\363\270\363\007=h\322m"
 214      1814268B 
 214      60BEF3B8 
 214      F3073D68 
 214      D26D
 215              		.text
 216              		.section	.gnu.lto_chan_recv_q_front.884d4bf8cb72b0b7,"",%progbits
 217 0000 789C7D52 		.ascii	"x\234}R]KTQ\024=\353\234;\327qf4\213 \030z\010\314\224"
 217      5D4B5451 
 217      143DEB9C 
 217      3BD77166 
 217      348B2018 
 218 0018 4AE7A5DE 		.ascii	"J\347\245\336}\214\376\204L\343@\020\010Z\366\352\031"
 218      7D8CFE84 
 218      4CE34010 
 218      085AF6EA 
 218      19
 219 0029 1D91CA07 		.ascii	"\035\221\312\007+4C\245\314\354\303RK\033K-\230BL\260"
 219      2B3443A5 
 219      CCECC352 
 219      4B1B4B2D 
 219      98424CB0 
 220 003d 0F822CB5 		.ascii	"\017\202,\2650\22314\0114\207t\320\232\366\276w\010"
 220      30933134 
 220      09348774 
 220      D09AF6BE 
 220      7708
 221 004f B5E832F7 		.ascii	"\265\3502\367\236s\366\254\275\326^{\037%\376~\016\321"
 221      9E73F6AC 
 221      BDD65E7B 
 221      1F25FE7E 
 221      0ED1
 222 0061 5BA38438 		.ascii	"[\243\2048L+\034\002\262\356\225\020!\247\224F\235\022"
 222      4C2B1C02 
 222      B2EE9510 
 222      21A79446 
ARM GAS  /var/folders/_f/jzb7lsz153bclt069nvlpp5r0000gn/T//ccplhlOt.s 			page 17


 222      9D12
 223 0073 DAA5F4A8 		.ascii	"\332\245\364\250\020\332\243`\330q\003\340\215\200\250"
 223      10DAA360 
 223      D87103E0 
 223      8D80A8
 224 0082 90CA4005 		.ascii	"\220\312@\005\346\345\222D\177W\374\245{N&\244\330#"
 224      E6E59244 
 224      7F57FCA5 
 224      7B4E26A4 
 224      D823
 225 0094 E8387061 		.ascii	"\3508pa\244\321\344#\014>\256\265/\316\233\271\355Z"
 225      A4D1E423 
 225      0C3EAEB5 
 225      2FCE9BB9 
 225      ED5A
 226 00a6 EBC567BD 		.ascii	"\353\305g\275o=\325G\022R\212e)p\023^\334\202\227\351"
 226      6F3DD547 
 226      12528A65 
 226      2970135E 
 226      DC8297E9 
 227 00ba 6E239790 		.ascii	"n#\227\220\327\347.}\205\332\017\316\012\257\2674e\346"
 227      D7E72E7D 
 227      85DA0FCE 
 227      0AAFB734 
 227      65E6
 228 00cc B4695D19 		.ascii	"\264i]\031\375\330\243\013\215\204T\350\200\332\230"
 228      FDD8A30B 
 228      8D8454E8 
 228      80DA98
 229 00db 4721813B 		.ascii	"G!\201;\310!t\274\376\334\210\241\016\332\231\203\255"
 229      C82174BC 
 229      FEDC88A1 
 229      0EDA9983 
 229      AD
 230 00ec 0BCACE5C 		.ascii	"\013\312\316\\\2673\015\334\335\232i\010t\"\207\341"
 230      B7330DDC 
 230      DD9A6908 
 230      742287E1 
 231 00fc 4BE19FEF 		.ascii	"K\341\237\357\335f\230\312\313\342\252\250\230.\230"
 231      DD6698CA 
 231      CBE2AAA8 
 231      982E98
 232 010b A0B57B47 		.ascii	"\240\265{GT'\223m\317\237~0\221\001\312!\036\226s\360"
 232      5427936D 
 232      CF9F7E30 
 232      9101CA21 
 232      1E9673F0 
 233 011f D6648E34 		.ascii	"\326d\2164\3369\351\343H\347\217\213cnX\304\"FT\334"
 233      DE39E9E3 
 233      48E78F8B 
 233      636E58C4 
 233      224654DC 
 234 0133 AA59324B 		.ascii	"\252Y2K\253z\207\312\355,71<\324\341\316\273Ar\372r"
 234      AB7A87CA 
 234      ED2C3731 
 234      3CD4E1CE 
 234      BB4172FA 
ARM GAS  /var/folders/_f/jzb7lsz153bclt069nvlpp5r0000gn/T//ccplhlOt.s 			page 18


 235 0148 1DBB4A0D 		.ascii	"\035\273J\015\002\335\310cv1\211\312\037G\305\212t\020"
 235      02DDC863 
 235      763189CA 
 235      1F47C58A 
 235      7410
 236 015a 78746675 		.ascii	"xtfu\331\303\2354\2638wr\262'\344nASH\353\351\346\252"
 236      D9C39D34 
 236      B3387772 
 236      B227E46E 
 236      415348EB 
 237 0171 5D24BE42 		.ascii	"]$\276B5\335\343\026\342>Z H$\372dX\261\203MR\323\235"
 237      35DDE316 
 237      E23E5A20 
 237      4824FA64 
 237      58B1834D 
 238 0188 6DB142E7 		.ascii	"m\261B\347\006\261\036\022#AN\260\230\023\365\015\343"
 238      06B11E12 
 238      23414EB0 
 238      9813F50D 
 238      E3
 239 0199 EEEC56EA 		.ascii	"\356\354V\352\331\364\334xq4|U\377J&\361\217\236\247"
 239      D9F4DC78 
 239      71347C55 
 239      FF4A26F1 
 239      8F9EA7
 240 01ac F27B91CD 		.ascii	"\362{\221\315\034b\014\341\361\252\265Z\223\025\251"
 240      1C620CE1 
 240      F1AAB55A 
 240      9315A9
 241 01bb 6464DB88 		.ascii	"dd\333\210YR\242\233\243\310K\337\322\330y\207\3757"
 241      5952A29B 
 241      A3C84BDF 
 241      D2D87987 
 241      FD37
 242 01cd D7F429F6 		.ascii	"\327\364)\366\372\215\223\035Q)t\214\254^\371\226A\216"
 242      FA8D931D 
 242      5129748C 
 242      AC5EF996 
 242      418E
 243 01df 482A8DBD 		.ascii	"H*\215\275<`\011\2127\307/Nl\313?\300\243\213\220\261"
 243      3C60098A 
 243      37C72F4E 
 243      6CCB3FC0 
 243      A38B90B1 
 244 01f3 EFD252ED 		.ascii	"\357\322R\355C>\267\247\357\363n\2330\355?\014\327\026"
 244      433EB7A7 
 244      EFF36E9B 
 244      30ED3F0C 
 244      D716
 245 0205 86663299 		.ascii	"\206f2\231A\342\241\305\300#\305#\233a\252f]\332\024"
 245      41E2A1C5 
 245      C023C523 
 245      9B61AA66 
 245      5DDA14
 246 0218 4E62A148 		.ascii	"Nb\241HUC\312B:\205({\245z\361\214\213\313tx\004\372"
 246      5543CA42 
 246      3A85287B 
ARM GAS  /var/folders/_f/jzb7lsz153bclt069nvlpp5r0000gn/T//ccplhlOt.s 			page 19


 246      A57AF18C 
 246      8BCB7478 
 247 022e 8992208D 		.ascii	"\211\222 \215)\210\213\234\020\320\032\324\3318R\315"
 247      29888B9C 
 247      10D01AD4 
 247      D93852CD 
 248 023e FE63CCD8 		.ascii	"\376c\314\330d\214F\025U\011\226qc\300\032\324 U\263"
 248      648C4615 
 248      55099671 
 248      63C01AD4 
 248      2055B3
 249 0251 05E0B300 		.ascii	"\005\340\263\000\256\024\3401O\222{hX\027g\012\241,"
 249      AE14E031 
 249      4F927B68 
 249      5817670A 
 249      A12C
 250 0263 BA0E14FA 		.ascii	"\272\016\024\372\002`\237W\326Fvb\257W\275\210x\350"
 250      02609F57 
 250      D6467662 
 250      AF57BD88 
 250      78E8
 251 0275 928131D4 		.ascii	"\222\2011\324\235\334\202\002\237\375;\346\017\234\010"
 251      9DDC8202 
 251      9FFD3BE6 
 251      0F9C08
 252 0284 9614FB4E 		.ascii	"\226\024\373N\226\005|\201\343\376\222\242\262`\340"
 252      96057C81 
 252      E3FE92A2 
 252      B260E0
 253 0293 74516979 		.ascii	"tQiy\260<X\020\020(M\267\202\305\376S\376\337\253NE"
 253      B03C5810 
 253      10284DB7 
 253      82C5FE53 
 253      FEDFAB4E 
 254 02a8 0D       		.ascii	"\015"
 255              		.text
 256              		.section	.gnu.lto_.symbol_nodes.884d4bf8cb72b0b7,"",%progbits
 257 0000 789C6366 		.ascii	"x\234cf``\210d\200\002&\216z\006\206\011\347\030\030"
 257      60608864 
 257      8002268E 
 257      7A068609 
 257      E71818
 258 0013 EAEB19E7 		.ascii	"\352\353\031\347.\342``b\250g\204\362\031\346-\000\362"
 258      2EE26060 
 258      62A86784 
 258      F219E62D 
 258      00F2
 259 0025 99EB9950 		.ascii	"\231\353\231P\370,\365\314(|\326z\026d>3#\003C\323G"
 259      F82CF5CC 
 259      287CD67A 
 259      16643E33 
 259      230343D3 
 260 003a 3B06000B 		.ascii	";\006\000\013\231\026\341"
 260      9916E1
 261              		.text
 262              		.section	.gnu.lto_.refs.884d4bf8cb72b0b7,"",%progbits
 263 0000 789C6366 		.ascii	"x\234cf```d\200\002\000\000=\000\005"
ARM GAS  /var/folders/_f/jzb7lsz153bclt069nvlpp5r0000gn/T//ccplhlOt.s 			page 20


 263      60606064 
 263      80020000 
 263      3D0005
 264              		.text
 265              		.section	.gnu.lto_.decls.884d4bf8cb72b0b7,"",%progbits
 266 0000 789CAD56 		.ascii	"x\234\255VmPT\327\031\276\357=\273\313\262,`J\033;N"
 266      6D5054D7 
 266      19BEEF3D 
 266      BBCBB22C 
 266      604A1B3B 
 267 0015 7F20D3A1 		.ascii	"\177 \323\241\255U\326\320\246\323\374\252\235t\246"
 267      AD55D6D0 
 267      A6D3FCAA 
 267      9D74A6
 268 0024 497E38ED 		.ascii	"I~8\355L\374\325\316\334lv\327\270\323u\265\313\222"
 268      4CFCD5CE 
 268      DC6C76D7 
 268      B8D375B5 
 268      CB92
 269 0036 A9FDD30B 		.ascii	"\251\375\323\013h\004E$L\014\250\325Y\371R$!\010\021"
 269      68044524 
 269      4C0CA8D5 
 269      59F95224 
 269      210811
 270 0049 3FA88A1F 		.ascii	"?\250\212\037\320\025bX\020E\005\303B$\250kq\371P@\324"
 270      D0156258 
 270      104505C3 
 270      4224A86B 
 270      71F95040 
 271 005e ED7BCEB9 		.ascii	"\355{\316\271\373\005\273\216\235\351\035^\366\276\347"
 271      FB05BB8E 
 271      9DE91D5E 
 271      F6BEE7
 272 006d BCE7799F 		.ascii	"\274\347y\237\3679\357\271\367\022A\020\274 \010\001"
 272      F739EFB9 
 272      F7124110 
 272      BC200801 
 273 007d BCB6EA05 		.ascii	"\274\266\352\005\341\037\242 hp\354\017h\004\255\011"
 273      E11FA220 
 273      6870EC0F 
 273      6804AD09 
 274 008d 6D06ED2D 		.ascii	"m\006\355-\201_j\264gt\016\327h\321\222\321RAXt\321"
 274      815F6AB4 
 274      67740ED7 
 274      68D192D1 
 274      52415874 
 275 00a2 182D5A0A 		.ascii	"\030-Z\012\032\302\012\357(8M\012\326c\2641\005o\012"
 275      1AC20AEF 
 275      28384D0A 
 275      D663B431 
 275      056F0A
 276 00b5 6D026D1A 		.ascii	"m\002m\032\355!\3328\032(\030\013/\226\367\005\270K"
 276      ED21DA38 
 276      1A28180B 
 276      2F96F705 
 276      B84B
 277 00c7 707E5E89 		.ascii	"p~^\211\025\225\370X8\224{b\014\234Q\205\027\305\372"
ARM GAS  /var/folders/_f/jzb7lsz153bclt069nvlpp5r0000gn/T//ccplhlOt.s 			page 21


 277      1595F858 
 277      38947B62 
 277      0C9C5185 
 277      17C5FA
 278 00da ADC29344 		.ascii	"\255\302\223D\360\232P\270ic\324\234\034\007s!\036\315"
 278      F09A50B8 
 278      6963D49C 
 278      1C077321 
 278      1ECD
 279 00ec A152F0A6 		.ascii	"\241R\360\246#\352\007\005c\341\225\372?\340\212\021"
 279      23EA0705 
 279      63E195FA 
 279      3FE08A11 
 280 00fc B820C4DE 		.ascii	"\270 \304\336\233\011\021\312{n\234P\021\021\350}U\305"
 280      9B0911CA 
 280      7B6E9C50 
 280      1111E87D 
 280      55C5
 281 010e 709F6EE5 		.ascii	"p\237n\345QY\226\013\3456\017\204\203v\014\324}\225"
 281      5159960B 
 281      E5360F84 
 281      83760CD4 
 281      7D95
 282 0120 405E6141 		.ascii	"@^aAy\265\255\305\011wExU\307\246J\272\366\235'\314"
 282      79B5ADC5 
 282      09774578 
 282      55C7A64A 
 282      BAF69D27 
 283 0135 0DD069B1 		.ascii	"\015\320i\261\354\333\351\032\000]f\241,\347\313\376"
 283      ECDBE91A 
 283      005D66A1 
 283      2CE7CBFE 
 284 0145 3299FC50 		.ascii	"2\231\374P\200\225\313\340g\313\004\370\03421\014\216"
 284      8095CBE0 
 284      67CB04F8 
 284      1C32310C 
 284      8E
 285 0156 C04A018E 		.ascii	"\300J\001\216\3022\250\207eB5&\363\267>\361\202,\253"
 285      C232A887 
 285      65423526 
 285      F3B73EF1 
 285      822CAB
 286 0169 E033D041 		.ascii	"\3403\320A\035\020\026\201\244i\006N@\364\366\327\374"
 286      1D101681 
 286      A469064E 
 286      40F4F6D7 
 286      FC
 287 017a 3136E817 		.ascii	"16\350\027\361@\347\013\272~@A\033\020\364p\030\024"
 287      F140E70B 
 287      BA7E4041 
 287      1B10F470 
 287      1814
 288 018c 7384CA3A 		.ascii	"s\204\312:\3250}%\011\271\247\350\322\251{\272\314]"
 288      D5307D25 
 288      09B9A7E8 
 288      D2A97BBA 
 288      CC5D
ARM GAS  /var/folders/_f/jzb7lsz153bclt069nvlpp5r0000gn/T//ccplhlOt.s 			page 22


 289 019e A14157AF 		.ascii	"\241AW\257SQw`\260\370\023\320\357\240)K\013\344Dw\012"
 289      53517760 
 289      B0F813D0 
 289      EFA0294B 
 289      0BE44477 
 290 01b3 836AC41C 		.ascii	"\203j\304\034\3070\207\000M@\267\200\375b\364\245\236"
 290      C7308700 
 290      4D40B780 
 290      FD62F4A5 
 290      9E
 291 01c4 817A0DC3 		.ascii	"\201z\015\303r1\231\366t\235\274\255c`\337\247\356t"
 291      723199F6 
 291      749DBCAD 
 291      6360DFA7 
 291      EE74
 292 01d6 E7C70D49 		.ascii	"\347\307\015I\304\003l\256\361\\}Q\"\213}\217\2723\333"
 292      C4036CAE 
 292      F15C7D51 
 292      228B7D8F 
 292      BA33DB
 293 01e9 FC453C54 		.ascii	"\374E<TO\3353\223\247\266\351\311\010\017mi\337U\255"
 293      4FDD3393 
 293      A7B6E9C9 
 293      080F6D69 
 293      DF55AD
 294 01fc 21E3CC11 		.ascii	"!\343\314\021G\257z\367jc\313\320\032O\006\337\3412"
 294      47AF7AF7 
 294      6A63CBD0 
 294      1A4F06DF 
 294      E132
 295 020e 26C369E4 		.ascii	"&\303i\344~*,CC\204\014u\023\256R \025\274\007\232\252"
 295      7E2A2C43 
 295      43840C75 
 295      13AE5220 
 295      15BC079A 
 296 0223 6A5A38B7 		.ascii	"jZ8\2675\324\255\336\363\351gj\306MK\335g\327\356_L"
 296      35D4ADDE 
 296      F3E9676A 
 296      C64D4BDD 
 296      67D7EE5F 
 297 0238 24553CB4 		.ascii	"$U<\264kdvJ\317B\227Pw_\377\3504a\241\"u\247|\343\265"
 297      6B64764A 
 297      CF429750 
 297      775FFFE8 
 297      3461A122 
 298 0251 89E40B1E 		.ascii	"\211\344\013\036\272\247s\377n59\303\235\322\341\262"
 298      BAA773FF 
 298      6E3539C3 
 298      9DD2E1B2 
 299 0261 AB2AD221 		.ascii	"\253*\322!F\265S:o\247r\337\354\227Z\346\006\002\204"
 299      46B5533A 
 299      6FA772DF 
 299      EC975AE6 
 299      060284
 300 0274 D65C79DB 		.ascii	"\326\\y\3333\234\010\231:\336(-\243\254Q\334X\314\245"
 300      339C0899 
 300      3ADE282D 
ARM GAS  /var/folders/_f/jzb7lsz153bclt069nvlpp5r0000gn/T//ccplhlOt.s 			page 23


 300      A3AC51DC 
 300      58CCA5
 301 0287 7031E94A 		.ascii	"p1\351J-L\027\271@V\037I\021\240\015U8\217*\300\277"
 301      2D4C17B9 
 301      40561F49 
 301      11A00D55 
 301      388F2AC0 
 302 029c 519A7445 		.ascii	"Q\232tE\232v\034\354\300A\004n\036\031\337\251\013\002"
 302      9A761CEC 
 302      C041046E 
 302      1E19DFA9 
 302      0B02
 303 02ae CF5F2C79 		.ascii	"\317_,y\225\002w\"\360\3050\260\033^\210|96\362\266"
 303      95027722 
 303      F0C530B0 
 303      1B5E887C 
 303      3936F2B6 
 304 02c2 E643B620 		.ascii	"\346C\266 p\335\316\335L\376\257\020\370B\030\270\363"
 304      70DDCEDD 
 304      4CFEAF10 
 304      F84218B8 
 304      F3
 305 02d3 C5C05D31 		.ascii	"\305\300]1\201\241\252\355`\247\212Lq\341*?\272\333"
 305      81A1AAED 
 305      60A78A4C 
 305      71E12A3F 
 305      BADB
 306 02e5 A72773DC 		.ascii	"\247's\3349wv\266CG\236s\247\270\320{YG\266\223(}\227"
 306      397776B6 
 306      43479E73 
 306      A7B8D07B 
 306      5947B693 
 307 02fc 737D87F6 		.ascii	"s}\207\366\317U'2\227>\347S)]\367wrUJH\341\262\216\037"
 307      CF552732 
 307      973EE753 
 307      295DF777 
 307      72554A48 
 308 0314 51BE7DC8 		.ascii	"Q\276}\310\327\023\346\273<\222.?\015B\350(\300U\244"
 308      D713E6BB 
 308      3C922E3F 
 308      0D42E828 
 308      C055A4
 309 0327 BB5CA1DB 		.ascii	"\273\\\241\333\203\203\275\\\207\366\247g\267\252\203"
 309      8383BD5C 
 309      87F6A767 
 309      B7AA83
 310 0336 EDBA68D1 		.ascii	"\355\272h\321\365\030\213\224\203[\306\366\342\032R"
 310      F5188B94 
 310      835BC6F6 
 310      E21A52
 311 0345 E80E53E8 		.ascii	"\350\016S\350\013w\254X\353;\376D\037\244\354\033\343"
 311      0B77AC58 
 311      EB3BFE44 
 311      1FA4EC1B 
 311      E3
 312 0356 12DFC0F8 		.ascii	"\022\337\300\370\257\303\361\327\340\205\234\373cr\206"
 312      AFC3F1D7 
ARM GAS  /var/folders/_f/jzb7lsz153bclt069nvlpp5r0000gn/T//ccplhlOt.s 			page 24


 312      E0859CFB 
 312      637286
 313 0365 A97AF913 		.ascii	"\251z\371\023B\312\230v\252\203G\213\206T\220\226\221"
 313      42CA9876 
 313      AA83478B 
 313      86549096 
 313      91
 314 0376 99F13126 		.ascii	"\231\3611&\222K]\362\032\247\000g0\372,{\002\334\202"
 314      924B5DF2 
 314      1AA70067 
 314      30FA2C7B 
 314      02DC82
 315 0389 340A0083 		.ascii	"4\012\000\203\2105\000\031p\0332XF\027f\364\336\354"
 315      88350019 
 315      701B3258 
 315      461766F4 
 315      DEEC
 316 039b 7DAF2D9F 		.ascii	"}\257-\237\260\215\277\202\254hlh\177\177JW\257\300"
 316      B08DBF82 
 316      AC686C68 
 316      7F7F4A57 
 316      AFC0
 317 03ad 7FAC62EF 		.ascii	"\177\254b\357\215l-\235\027\024\352\312\305Pn\365\232"
 317      8D6C2D9D 
 317      1714EACA 
 317      C5506EF5 
 317      9A
 318 03be DBB61256 		.ascii	"\333\266\022V\333M\005%T\002Ci\244L\250&\223c\023\036"
 318      DB4D0525 
 318      54024369 
 318      A44CA826 
 318      9363131E 
 319 03d2 0D64A631 		.ascii	"\015d\2461\304\001\015\300\020\306\236\013\353A\023"
 319      C4010DC0 
 319      10C69E0B 
 319      EB4113
 320 03e1 B02B562D 		.ascii	"\260+V-\360\015\226\020\257\034z\266\345\341\346$R\301"
 320      F00D9610 
 320      AF1C7AB6 
 320      E5E1E624 
 320      52C1
 321 03f3 6569EE2C 		.ascii	"ei\356,\177\004\220\201\272\270\250\376\003\237\367"
 321      7F049081 
 321      BAB8A8FE 
 321      039FF7
 322 0402 A6E6C9AE 		.ascii	"\246\346\311\256\013<\243\0273\216\340o\0109\202%\317"
 322      0B3CA317 
 322      338EE06F 
 322      08398225 
 322      CF
 323 0413 2CB3CC2D 		.ascii	",\263\314-8\177\202\2518\242\244\275\203i\277\305\264"
 323      387F82A9 
 323      38A2A4BD 
 323      8369BFC5 
 323      B4
 324 0424 C3912ABA 		.ascii	"\303\221*\272\233\376\334\226G\330\323\353_\012\262"
 324      9BFEDC96 
ARM GAS  /var/folders/_f/jzb7lsz153bclt069nvlpp5r0000gn/T//ccplhlOt.s 			page 25


 324      47D8D3EB 
 324      5F0AB2
 325 0433 F2C48BD6 		.ascii	"\362\304\213\326\320uN\226\265\014k\201\212\250\314"
 325      D0754E96 
 325      B50C6B81 
 325      8AA8CC
 326 0442 D0B19E4B 		.ascii	"\320\261\236KjH\313\214\225\036\276\303\254\361\030"
 326      6A48CB8C 
 326      951EBEC3 
 326      ACF118
 327 0451 30293B51 		.ascii	"0);Q\312Q\0148\031\226r$(%*\323W\353\237\323F\275%F"
 327      CA510C38 
 327      19967224 
 327      28252AD3 
 327      57EB9FD3 
 328 0469 23F64880 		.ascii	"#\366H\2001\376\226\300\310C\375%G\022H??\226\225\367"
 328      31FE96C0 
 328      C843FD25 
 328      4712483F 
 328      3F9695F7 
 329 047d 8E951332 		.ascii	"\216\225\0232\310\235\233\207'{\265d\224;\007\356\327"
 329      C89D9B87 
 329      277BB564 
 329      943B07EE 
 329      D7
 330 048e D5AA898F 		.ascii	"\325\252\211\217;\236\313y\003\251\304O\242\236\267"
 330      3B9ECB79 
 330      03A9C44F 
 330      A29EB7
 331 049d 7AF6BC4D 		.ascii	"z\366\274M\370\246\252d&\0052\350>dd0\261\276\366\260"
 331      F8A6AA64 
 331      260532E8 
 331      3E646430 
 331      B1BEF6B0 
 332 04b1 66C19470 		.ascii	"f\301\224p\027\331\372\0275\013\223\213n\232\367f\203"
 332      17D9FA17 
 332      350B938B 
 332      6E9AF766 
 332      83
 333 04c2 C6BD1ADE 		.ascii	"\306\275\032\336\321\201oa o\355\305\033\326\214\001"
 333      D1816F61 
 333      206FEDC5 
 333      1BD68C01 
 334 04d2 5FB239BF 		.ascii	"_\2629\277\"\327$\3125\216rM\241M\243=D\233\010o\236"
 334      22D724CA 
 334      358E724D 
 334      A14DA33D 
 334      449B086F 
 335 04e7 ECBAD524 		.ascii	"\354\272\325$\257A>\230\345\301\302,\377\201\350#p\005"
 335      AF413E98 
 335      E5C1C22C 
 335      FF81E823 
 335      7005
 336 04f9 8F803FD6 		.ascii	"\217\200?\326\021\220\275\335A\252\367b\326\304\231"
 336      1190BDDD 
 336      41AAF762 
 336      D6C499
ARM GAS  /var/folders/_f/jzb7lsz153bclt069nvlpp5r0000gn/T//ccplhlOt.s 			page 26


 337 0508 B27C3742 		.ascii	"\262|7B\371\356\307\256j\205rV\012\036\226\337I\215"
 337      F9EEC7AE 
 337      6A857256 
 337      0A1E96DF 
 337      498D
 338 051a 3C2B8F31 		.ascii	"<+\2171\366xx\203\375\321g%Z\000x\204u\277\214\006\364"
 338      F6787883 
 338      FDD16725 
 338      5A007884 
 338      75BF8C06 
 339 052f D55A7DFD 		.ascii	"\325Z}\375\214>\252;\036Gu\307\214\362\0151\303\276"
 339      8C3EAA3B 
 339      1E4775C7 
 339      8CF20D31 
 339      C3BE
 340 0541 212E749F 		.ascii	"!.t\237\374\024T\370\341\006o\351\340O\354#\244u\260"
 340      FC1454F8 
 340      E1066FE9 
 340      E04FEC23 
 340      A475B0
 341 0554 FB081FC2 		.ascii	"\373\010\037\302\317\014\230\00568QQ\231\315\306p\031"
 341      CF0C9805 
 341      36385151 
 341      99CDC670 
 341      19
 342 0565 CCF1314F 		.ascii	"\314\3611O^{G\312\322=\214o\201\274DEU\010\347\231\207"
 342      5E7B47CA 
 342      D23D8C6F 
 342      81BC4445 
 342      5508E799 
 343 057a A5F8FF09 		.ascii	"\245\370\377\011\2508-w\335\314<!\217x[\3155\014_\325"
 343      A8382D77 
 343      DDCC3C21 
 343      8F785BCD 
 343      350C5FD5 
 344 058e A61F94DB 		.ascii	"\246\037\224\333\032\375\007\216U\257\330[\352\312\227"
 344      1AFD078E 
 344      55AFD85B 
 344      EACA97
 345 059d 9F070220 		.ascii	"\237\007\002 \213t\031<\015\311\"\320{V\031<\203\364"
 345      8B74193C 
 345      0DC922D0 
 345      7B56193C 
 345      83F4
 346 05af 97E1FB3C 		.ascii	"\227\341\373<\006\337\300\313\360\315\023)_YT\370\016"
 346      06DFC0CB 
 346      F0CD1329 
 346      5F5954F8 
 346      0E
 347 05c0 4D35F710 		.ascii	"M5\367\020r\\\305\370\236\257{\220\227\214|]\215\362"
 347      725CC5F8 
 347      9EAF7B90 
 347      978C7C5D 
 347      8DF2
 348 05d2 5ED925CA 		.ascii	"^\331%\312\370\036C\252\270\002\362\3050U\274\347T\013"
 348      F81E43AA 
 348      B802F2C5 
ARM GAS  /var/folders/_f/jzb7lsz153bclt069nvlpp5r0000gn/T//ccplhlOt.s 			page 27


 348      3055BCE7 
 348      540B
 349 05e4 444AB5E6 		.ascii	"DJ\265\346P}q\022\343@\217'\347Z\341\251\271\256\011"
 349      507D7112 
 349      E3408F27 
 349      E75AE1A9 
 349      B9AE09
 350 05f7 F1DA2AB2 		.ascii	"\361\332*\262\301\261\226\373\255\020\227\327G\214\327"
 350      C1B196FB 
 350      AD1097D7 
 350      478CD7
 351 0606 B620AFFC 		.ascii	"\266 \257\374\216\372\011\015\351\340\274\036\264\337"
 351      8EFA090D 
 351      E9E0BC1E 
 351      B4DF
 352 0614 ADD6305E 		.ascii	"\255\3260^.\037mD\371)~\302\320\025\260=\202\327\366"
 352      2E1F6D44 
 352      F9297EC2 
 352      D015B03D 
 352      82D7F6
 353 0627 20AF42C6 		.ascii	" \257B\306\253r\360\336~\316\201\236Z\316+\357\304\365"
 353      AB72F0DE 
 353      7ECE819E 
 353      5ACE2BEF 
 353      C4F5
 354 0639 B5215A45 		.ascii	"\265!ZE\234\326\364lm\267:.\255\235\214\326\216 \255"
 354      9CD6F46C 
 354      6DB73A2E 
 354      AD9D8CD6 
 354      8E20AD
 355 064c 1DBBFAEF 		.ascii	"\035\273\372\357\000\271\305i\035->=\251\320*\254\322"
 355      00B9C569 
 355      1D2D3E3D 
 355      A9D02AAC 
 355      D2
 356 065d B8E5B640 		.ascii	"\270\345\266@\3407t\001\024G\260*\016\262\332\305X\235"
 356      E0377401 
 356      1447B02A 
 356      0EB2DAC5 
 356      589D
 357 066f 2CBAE34D 		.ascii	",\272\343M&\343\034\340\321\276{>\035\007\370g\024@"
 357      26E31CE0 
 357      D1BE7B3E 
 357      1D07F867 
 357      1440
 358 0681 49044049 		.ascii	"I\004@I\020`7\003p\035\230?\224\020\325\367\264\225"
 358      10603703 
 358      701D983F 
 358      9410D5F7 
 358      B495
 359 0693 C2844B45 		.ascii	"\302\204KE\336\367\3647!\327jw\376Zrj~\277v]\372\233"
 359      DEF7F437 
 359      21D76A77 
 359      FE5A726A 
 359      7EBF765D 
 360 06a9 42A22429 		.ascii	"B\242$)\003\222!7\307a\260m2\031m\2067-6\233\321a\370"
 360      03922137 
ARM GAS  /var/folders/_f/jzb7lsz153bclt069nvlpp5r0000gn/T//ccplhlOt.s 			page 28


 360      C761B06D 
 360      32196D86 
 360      372D369B 
 361 06c0 C0645A65 		.ascii	"\300dZetl\\e\337d\267\254\262\030\337\267\256\372\345"
 361      746C5C65 
 361      DF64B7AC 
 361      B218DFB7 
 361      AEFAE5
 362 06d3 1B86ECD5 		.ascii	"\033\206\354\325\257\275\276\372\215\354\327\015Q3\006"
 362      AFBDBEFA 
 362      8DECD70D 
 362      513306
 363 06e2 ABDD64CB 		.ascii	"\253\335d\3135[\014\033\215\246\015V\273\305 \231-\353"
 363      355B0C1B 
 363      8DA60D56 
 363      BBC52099 
 363      2DEB
 364 06f4 8DB936A7 		.ascii	"\215\2716\247\344\334\262\331\222\223\265Ax\367\377"
 364      E4DCB2D9 
 364      9293B541 
 364      78F7FF
 365 0703 839FB325 		.ascii	"\203\237\263%\307 \3458\315H\032A_1m0\332%\207\305\364"
 365      C720E538 
 365      CD481A41 
 365      5F316D30 
 365      DA2587C5 
 366 0718 A1F4D75C 		.ascii	"\241\364\327\\K\256Er&1\307lt\032%\247j\335\272\267"
 366      4BAE4572 
 366      2631C76C 
 366      741A25A7 
 366      6ADDBAB7 
 367 072c 7FF7E3AC 		.ascii	"\177\367\343\254,\003\377{\337h\372\213\305n\016AQf"
 367      2C03FF7B 
 367      DF68FA8B 
 367      C56E0E41 
 367      5166
 368 073e C89292D3 		.ascii	"\310\222\222\323\2316\331\235\226\2779%\2539\311d\334"
 368      9936D99D 
 368      96BF3925 
 368      AB39C964 
 368      DC
 369 074f 287D68B4 		.ascii	"(}h\264Q\260d\376\273\336f\374 Grj\251R\257\375Jr\352"
 369      51B064FE 
 369      BBDE66FC 
 369      2047726A 
 369      A952AFFD 
 370 0766 B868F476 		.ascii	"\270h\364vy\\t\266\010\241\325\354F\265\356\355\265"
 370      795C74B6 
 370      08A1D5EC 
 370      46B5EEED 
 370      B5
 371 0777 EF32805F 		.ascii	"\3572\200_d\207\000\350\255\232\245\370\236\331\352"
 371      648700E8 
 371      AD9AA5F8 
 371      9ED9EA
 372 0786 706E6189 		.ascii	"pna\211\244\315\233p\312\342\370y\\\344\0055c\016\025"
 372      A4CD9B70 
ARM GAS  /var/folders/_f/jzb7lsz153bclt069nvlpp5r0000gn/T//ccplhlOt.s 			page 29


 372      CAE2F879 
 372      5CE40535 
 372      630E15
 373 0799 AD576B32 		.ascii	"\255Wk2n6\232\254\316-\352\365\016\254F\345\260\030"
 373      6E369AAC 
 373      CE2DEAF5 
 373      0EAC46E5 
 373      B018
 374 07ab 1DAA1CEB 		.ascii	"\035\252\034\353\337-K#\026HV\273\325\231\265\331\350"
 374      DF2D4B23 
 374      164856BB 
 374      D599B5D9 
 374      E8
 375 07bc 706665FF 		.ascii	"pfe\377dQ\206\034\207i\021\272IX\262p}Z\344\200"
 375      6451861C 
 375      876911BA 
 375      4958B270 
 375      7D5AE480 
 376 07d0 C5CEE2A2 		.ascii	"\305\316\342\242\306\314\0266\026\271;\022#\365_A\361"
 376      C6CC1636 
 376      16B93B12 
 376      23F55F41 
 376      F1
 377 07e1 A167     		.ascii	"\241g"
 378              		.text
 379              		.section	.gnu.lto_.symtab.884d4bf8cb72b0b7,"",%progbits
 380 0000 6368616E 		.ascii	"chan_recv_q_init\000\000\000\000\000\000\000\000\000"
 380      5F726563 
 380      765F715F 
 380      696E6974 
 380      00000000 
 381 0019 00000003 		.ascii	"\000\000\000\003\001\000\000chan_recv_q_enqueue\000"
 381      01000063 
 381      68616E5F 
 381      72656376 
 381      5F715F65 
 382 0034 00000000 		.ascii	"\000\000\000\000\000\000\000\000\000\000\000\010\001"
 382      00000000 
 382      00000008 
 382      01
 383 0041 00006368 		.ascii	"\000\000chan_recv_q_dequeue\000\000\000\000\000\000"
 383      616E5F72 
 383      6563765F 
 383      715F6465 
 383      71756575 
 384 005c 00000000 		.ascii	"\000\000\000\000\000\000\015\001\000\000chan_recv_q"
 384      00000D01 
 384      00006368 
 384      616E5F72 
 384      6563765F 
 385 0071 5F66726F 		.ascii	"_front\000\000\000\000\000\000\000\000\000\000\000\000"
 385      6E740000 
 385      00000000 
 385      00000000 
 385      0000
 386 0083 0F010000 		.ascii	"\017\001\000\000"
 387              		.text
ARM GAS  /var/folders/_f/jzb7lsz153bclt069nvlpp5r0000gn/T//ccplhlOt.s 			page 30


 388              		.section	.gnu.lto_.opts,"",%progbits
 389 0000 272D6666 		.ascii	"'-ffp-contract=off' '-fno-trapv' '-mcpu=cortex-m4' "
 389      702D636F 
 389      6E747261 
 389      63743D6F 
 389      66662720 
 390 0033 272D6D74 		.ascii	"'-mthumb' '-mfloat-abi=hard' '-mfpu=fpv4-sp-d16' '-"
 390      68756D62 
 390      2720272D 
 390      6D666C6F 
 390      61742D61 
 391 0066 67676462 		.ascii	"ggdb' '-O2' '-fomit-frame-pointer' '-falign-functio"
 391      2720272D 
 391      4F322720 
 391      272D666F 
 391      6D69742D 
 392 0099 6E733D31 		.ascii	"ns=16' '-ffunction-sections' '-fdata-sections' '-fn"
 392      36272027 
 392      2D666675 
 392      6E637469 
 392      6F6E2D73 
 393 00cc 6F2D636F 		.ascii	"o-common' '-flto' '-fsingle-precision-constant'\000"
 393      6D6D6F6E 
 393      2720272D 
 393      666C746F 
 393      2720272D 
 394              		.text
 395              		.comm	__gnu_lto_v1,1,1
 396              		.comm	__gnu_lto_slim,1,1
 397              		.ident	"GCC: (GNU Tools for ARM Embedded Processors) 4.9.3 20150529 (release) [ARM/embedded-4_9-br
ARM GAS  /var/folders/_f/jzb7lsz153bclt069nvlpp5r0000gn/T//ccplhlOt.s 			page 31


DEFINED SYMBOLS
                            *ABS*:0000000000000000 chan_recv_queue.c
                            *COM*:0000000000000001 __gnu_lto_v1
                            *COM*:0000000000000001 __gnu_lto_slim

NO UNDEFINED SYMBOLS
