ARM GAS  /var/folders/_f/jzb7lsz153bclt069nvlpp5r0000gn/T//ccPciYQq.s 			page 1


   1              		.syntax unified
   2              		.cpu cortex-m4
   3              		.eabi_attribute 27, 1
   4              		.eabi_attribute 28, 1
   5              		.fpu fpv4-sp-d16
   6              		.eabi_attribute 20, 1
   7              		.eabi_attribute 21, 1
   8              		.eabi_attribute 23, 3
   9              		.eabi_attribute 24, 1
  10              		.eabi_attribute 25, 1
  11              		.eabi_attribute 26, 1
  12              		.eabi_attribute 30, 2
  13              		.eabi_attribute 34, 1
  14              		.eabi_attribute 18, 4
  15              		.thumb
  16              		.file	"chan_send_queue.c"
  17              		.text
  18              	.Ltext0:
  19              		.section	.gnu.lto_.profile.537a7c55134da16,"",%progbits
  20 0000 789C6366 		.ascii	"x\234cf```a\200\000F\206\342`\000\001\255\000\317"
  20      60606061 
  20      80004686 
  20      E2600001 
  20      AD00CF
  21              		.text
  22              		.section	.gnu.lto_.jmpfuncs.537a7c55134da16,"",%progbits
  23 0000 789C6DC8 		.ascii	"x\234m\310\261\015\000 \020BQ\376\241q&'\263\274\325"
  23      B10D0020 
  23      104251FE 
  23      A1712627 
  23      B3BCD5
  24 0013 D5A89D14 		.ascii	"\325\250\235\024<\202\365O\277V\031h\231\311\033\366"
  24      3C82F54F 
  24      BF561968 
  24      99C91BF6 
  25 0023 10F26057 		.ascii	"\020\362`WH\021\024\257;`Q\016\232\345\322\007\350"
  25      481114AF 
  25      3B60510E 
  25      9AE5D207 
  25      E8
  26              		.text
  27              		.section	.gnu.lto_.inline.537a7c55134da16,"",%progbits
  28 0000 789C858E 		.ascii	"x\234\205\2161j\202A\020\205\337\314\254\376k\224?\250"
  28      316A8241 
  28      1085DFCC 
  28      ACFE6B94 
  28      3FA8
  29 0012 98A004D4 		.ascii	"\230\240\004\324\312k\330h\025r\003\301F\321[l\271e"
  29      CA6BD868 
  29      157203C1 
  29      46D15B6C 
  29      B965
  30 0024 BA2008B1 		.ascii	"\272 \010\261\213\271\205\245\020BH\227.M\012[;\355"
  30      8BB985A5 
  30      10424897 
  30      2E4D0A5B 
  30      3BED
ARM GAS  /var/folders/_f/jzb7lsz153bclt069nvlpp5r0000gn/T//ccPciYQq.s 			page 2


  31 0036 32B3B111 		.ascii	"2\263\261\021\204\354\302\274\331\367\370fVp\371\214"
  31      84ECC2BC 
  31      D9F7F866 
  31      5670F98C 
  32 0046 E84F0BC0 		.ascii	"\350O\013\300U\211\210\365)\205\330Cy=d\270U\333YH\310"
  32      558988F5 
  32      2985D843 
  32      793D64B8 
  32      55DB5948 
  33 005b 732AD16C 		.ascii	"s*\321l\317\364\375\363\361\351w|d\263_\250\005\232"
  33      CFF4FDF3 
  33      F1E9777C 
  33      64B35FA8 
  33      059A
  34 006d 27C159A8 		.ascii	"'\301Y\250Shm\356<\011O4\\\274=\275\347\026r\035\364"
  34      53686DEE 
  34      3C094F34 
  34      5CBC3DBD 
  34      E716721D 
  35 0082 6AEE3409 		.ascii	"j\3564\011Q\332\000\203\364\027(\256\332is\320\032\357"
  35      51DA0083 
  35      F41728AE 
  35      DA6973D0 
  35      1AEF
  36 0094 82F370CB 		.ascii	"\202\363p\313f\360\035\237\276\231#\220\266\362\370"
  36      66F01D9F 
  36      BE992390 
  36      B6F2F8
  37 00a3 6097D1EC 		.ascii	"`\227\321\354\022+-c+(vwQP>\014\324\373\312\034C\342"
  37      122B2D63 
  37      2B287677 
  37      51503E0C 
  37      D4FBCA1C 
  38 00b9 ADB3D627 		.ascii	"\255\263\326'#\215\020\264N\214\255\225~\326\331\036"
  38      238D10B4 
  38      4E8CAD95 
  38      7ED6D91E 
  39 00c9 1895EDBD 		.ascii	"\030\225\355\275z\033c\254ZQF67\036\034\256+\006:\324"
  39      7A1B63AC 
  39      5A514636 
  39      371E1CAE 
  39      2B063AD4 
  40 00dd AA676023 		.ascii	"\252g`#>\023\262\330\373\017\304/5\3169C"
  40      3E13B2D8 
  40      FB0FC42F 
  40      35CE3943 
  41              		.text
  42              		.section	.gnu.lto_.pureconst.537a7c55134da16,"",%progbits
  43 0000 789C6366 		.ascii	"x\234cf``\340f\200\000V\006)F\011&)f)\026)\000\004\010"
  43      6060E066 
  43      80005606 
  43      29460926 
  43      29662916 
  44 0018 009E     		.ascii	"\000\236"
  45              		.text
  46              		.section	.gnu.lto_chan_send_q_init.part.2.537a7c55134da16,"",%progbits
  47 0000 789C9592 		.ascii	"x\234\225\222\313O\023Q\024\306\357w\357tZix\304\270"
ARM GAS  /var/folders/_f/jzb7lsz153bclt069nvlpp5r0000gn/T//ccPciYQq.s 			page 3


  47      CB4F1351 
  47      14C6EF77 
  47      EF745A69 
  47      78C4B8
  48 0013 6A4C3441 		.ascii	"jL4ABb\240\270wc\\\271\364?h\240\214\321 $XX\350\206"
  48      4262A0B8 
  48      77635CB9 
  48      F43F68A0 
  48      8CD12024 
  49 002b 011A5C6A 		.ascii	"\001\032\\jj|D \210\200\210`) \010\370b\341\202\304"
  49      6A7C4420 
  49      88808860 
  49      292008F8 
  49      62E182C4 
  50 003f B7891288 		.ascii	"\267\211\022\210\342#\005\001\305\024$B\243R\317\271"
  50      E2230501 
  50      C5142442 
  50      A352CFB9 
  51 004f 834670A1 		.ascii	"\203Fp\241\334\314\344\334s\347|\277{\036\243\304\337"
  51      DCCCE4DC 
  51      73E77CBF 
  51      7B1EA3C4 
  51      DF
  52 0060 2B8FDE17 		.ascii	"+\217\336\027J\210\375d\341\0220N?\246\215\001\251\255"
  52      4A88FD64 
  52      E112304E 
  52      3FA68D01 
  52      A9AD
  53 0072 84625BED 		.ascii	"\204b[\355Q\000o\004D\225!\025\2520+\027$\206\242K\217"
  53      51006F04 
  53      44952115 
  53      AA302B17 
  53      2486A24B 
  54 0087 BC333229 		.ascii	"\27432)\305NA\356pd\364\202\311.\014v\277\265%f\315"
  54      C54E41EE 
  54      7064F482 
  54      C92E0C76 
  54      BFB52566 
  55 009c DC36DBB6 		.ascii	"\3346\333\266\023\221\216\251\203#FRJ\361E\012\264\303"
  55      13918EA9 
  55      83234652 
  55      4AF1450A 
  55      B4C3
  56 00ae 87ABF031 		.ascii	"\207\253\3601\256\003\271\024\331:s~\016j7X\025\376"
  56      AE03B914 
  56      D93A737E 
  56      0E6A3758 
  56      15FE
  57 00c0 DE589F91 		.ascii	"\336X\237\221\323b\3335#\343\275\366>\022)\\\203\372"
  57      D362DB35 
  57      23E3BDF6 
  57      3E12295C 
  57      83FA
  58 00d2 53474702 		.ascii	"SGG\002\235\310\241\350\271\261w\243^\225\247\225WV"
  58      9DC8A1E8 
  58      B9B177A3 
  58      5E95A795 
ARM GAS  /var/folders/_f/jzb7lsz153bclt069nvlpp5r0000gn/T//ccPciYQq.s 			page 4


  58      5756
  59 00e4 A21D5E47 		.ascii	"\242\035^G9\357(\015tmT\032\002\327\265\362yw\337@\272"
  59      39EF280D 
  59      746D541A 
  59      02D7B5F2 
  59      7977DF40 
  60 00f9 DAA3958B 		.ascii	"\332\243\225\213\261O\207\034\341\251\026\363@R\272"
  60      B14F871C 
  60      E1A916F3 
  60      4052BA
  61 0108 10DDA8A3 		.ascii	"\020\335\250\243\326t#\207\203\277F\333bn\265W\013\233"
  61      D6742387 
  61      83BF46DB 
  61      626EB557 
  61      0B9B
  62 011a 92CD178D 		.ascii	"\222\315\027\215\354fR\276}\370\264x$|\311^M\245\300"
  62      EC6652BE 
  62      7DF8B478 
  62      247CC95E 
  62      4DA5C0
  63 012d 80D87A80 		.ascii	"\200\330z\200\263H\261\020\3761\3465\303\324\224,\364"
  63      B348B110 
  63      FE31E635 
  63      C3D4942C 
  63      F4
  64 013e 209BFB41 		.ascii	" \233\373Am\350\205\0112|\322\275\325\266S\251\017\257"
  64      6DE88509 
  64      327CD2BD 
  64      D5B653A9 
  64      0FAF
  65 0150 6426C057 		.ascii	"d&\300W\022\204N\025\245@\345p\325.\316\306d\337\015"
  65      12844E15 
  65      A540E570 
  65      D52ECEC6 
  65      64DF0D
  66 0163 AEC5C35B 		.ascii	"\256\305\303[!\342\364\362\210\342T\"Y5E\207l'P\333"
  66      21E2F4F2 
  66      88E25422 
  66      59354587 
  66      6C2750DB 
  67 0177 50371D76 		.ascii	"P7\035v\361\035\313R.S\012\022g\037\014\276N\343I\271"
  67      F11DCB52 
  67      2E530A12 
  67      671F0CBE 
  67      4EE349B9 
  68 018b B609F451 		.ascii	"\266\011\364Q~/i\324\234\004]EAb\0025\223'?/)G\244\326"
  68      7E2F69D4 
  68      9C045D45 
  68      41620235 
  68      93273F2F 
  69 01a3 8E22609F 		.ascii	"\216\"`\237\344o\342O\236yX\256tM\375+M\363\351\215"
  69      E46FE24F 
  69      9E7958AE 
  69      744DFD2B 
  69      4DF3E98D 
  70 01b7 A8AFB66D 		.ascii	"\250\257\266mOR\222\300\300\015\256\231>]\376x\377}"
  70      4F5292C0 
ARM GAS  /var/folders/_f/jzb7lsz153bclt069nvlpp5r0000gn/T//ccPciYQq.s 			page 5


  70      C00DAE99 
  70      3E5DFE78 
  70      FF7D
  71 01c9 467E2795 		.ascii	"F~'\225\253\307\217~4b\221K\026\030@>\241\231\233\210"
  71      ABC78F7E 
  71      3462914B 
  71      1618403E 
  71      A1999B88 
  72 01dd B5FBD7C8 		.ascii	"\265\373\327\310\377\207\332\301\250\233\032\005F\015"
  72      FF87DAC1 
  72      A89B1A05 
  72      460D
  73 01eb 221FD93E 		.ascii	"\"\037\331>\235bs\306\246H:\251!M\322\203\030\376E\252"
  73      9D6273C6 
  73      A6483AA9 
  73      214DD283 
  73      18FE45AA 
  74 01ff 8DD4ADC6 		.ascii	"\215\324\255\306\327\232\346\242\372\271\352\372d\353"
  74      D79AE6A2 
  74      FAB9EAFA 
  74      64EB
  75 020d 16DDB414 		.ascii	"\026\335\264\024\255L\201[\3609\235\212\303\011\344"
  75      AD4C815B 
  75      F0399D8A 
  75      C309E4
  76 021c D8758DDA 		.ascii	"\330u\215\332D\022\267u\022\212\223\270\303\2351\031"
  76      4412B775 
  76      128A93B8 
  76      C39D3119 
  77 022c 74AEA76B 		.ascii	"t\256\247k\373\277Q\015Kg\3063\177\243\334\270\253Q"
  77      FBBF510D 
  77      4B67C633 
  77      7FA3DCB8 
  77      AB51
  78 023e 06A3EE31 		.ascii	"\006\243\3561\312M\273)B\363\3570\211\352,\261,=BL\303"
  78      CA4DBB29 
  78      42F3EF30 
  78      89EA2CB1 
  78      2C3D424C 
  79 0253 835D3ED9 		.ascii	"\203]>\331UB\277\014\370\0335 \327\357/p\236\242\302"
  79      5542BF0C 
  79      F81B3520 
  79      D7EF2F70 
  79      9EA2C2
  80 0266 60895556 		.ascii	"`\211UV\\\020:\026,\010\036.,\013\204\310\013\224WZ"
  80      5C103A16 
  80      2C081E2E 
  80      2C0B84C8 
  80      0B94575A 
  81 027a 95963F28 		.ascii	"\225\226?(P\256J\255\322\264\320\221\023V\240\350x\205"
  81      50AE4AAD 
  81      D2B4D091 
  81      1356A0E8 
  81      7885
  82 028c 15729755 		.ascii	"\025r\227U\226\006\254\243\025?\001V\242g\250"
  82      9606ACA3 
  82      153F0156 
ARM GAS  /var/folders/_f/jzb7lsz153bclt069nvlpp5r0000gn/T//ccPciYQq.s 			page 6


  82      A267A8
  83              		.text
  84              		.section	.gnu.lto_chan_send_q_init.537a7c55134da16,"",%progbits
  85 0000 789C6592 		.ascii	"x\234e\222\317k\023A\024\307\347;3\273\211\215-A\361"
  85      CF6B1341 
  85      14C7E73B 
  85      33BB898D 
  85      2D41F1
  86 0013 92830821 		.ascii	"\222\203\010!\006D\022\321\243\007\305\223G\361\037"
  86      064412D1 
  86      A307C593 
  86      47F11F
  87 0022 086DBAA2 		.ascii	"\010m\272\242h\002m\232\203B\351\324\004\021\004\225"
  87      68026D9A 
  87      8342E9D4 
  87      04110495 
  88 0032 5EAA157F 		.ascii	"^\252\025\177\2246j\242&\261\325\202\"\222\223\0244"
  88      94366AA2 
  88      26B1D582 
  88      22929314 
  88      34
  89 0043 FE962A88 		.ascii	"\376\226*\210?\240\221\266(\264Fj\227\252\361\315n)"
  89      3FA091B6 
  89      28B4466A 
  89      97AAF1CD 
  89      6E29
  90 0055 B52EBB3B 		.ascii	"\265.\273;\373v?\2377\363\336\254`\377\037\373\351R"
  90      FB763F9F 
  90      37F3DEAC 
  90      60FF1FFB 
  90      E952
  91 0067 9CB13D34 		.ascii	"\234\261=4\302\303\300\317>e\254\327\313\2719\357a\252"
  91      C2C3C0CF 
  91      3E65ACD7 
  91      CBB939EF 
  91      61AA
  92 0079 490C3CA2 		.ascii	"I\014<\242\357k\305R(\335Pr\363\301F\012\215\327Q\212"
  92      EF6BC552 
  92      28DD5072 
  92      F3C1460A 
  92      8DD7518A 
  93 008d 0C985A82 		.ascii	"\014\230Z\202\011\350\221\201\365p!\015\023=\230\346"
  93      09E89181 
  93      F570210D 
  93      133D98E6 
  94 009d 731CF78A 		.ascii	"s\034\367\212?\252\276)ns\266\211Qx\277o\374\234\251"
  94      3FAABE29 
  94      6E73B689 
  94      5178BF6F 
  94      FC9CA9
  95 00b0 43481D2E 		.ascii	"CH\035.\346f\247\315pN)5\333\227\257\355\253H\233sV"
  95      E666A7CD 
  95      704E2935 
  95      DB97AFED 
  95      AB489B73 
  96 00c5 E70CD710 		.ascii	"\347\014\327\020\300u\004t\302<\302D\016O\365\317@l"
  96      C0750474 
ARM GAS  /var/folders/_f/jzb7lsz153bclt069nvlpp5r0000gn/T//ccPciYQq.s 			page 7


  96      C23CC244 
  96      0E4FF5CF 
  96      406C
  97 00d7 81B6B2BF 		.ascii	"\201\266\262\277.^h\011\015)u\274\362nD\355&I\240\000"
  97      2E5E6809 
  97      0D2975BC 
  97      F26E44ED 
  97      2649A000 
  98 00eb B1D2A357 		.ascii	"\261\322\243W\0147\020\"zf\342\363\270Olu\314\253\013"
  98      0C371022 
  98      7A66E2F3 
  98      B84F6C75 
  98      CCAB0B
  99 00fe C5BCCF35 		.ascii	"\305\274\3175\277\271\246\304\315\325\246d\270\345\230"
  99      BFB9A6C4 
  99      CDD5A664 
  99      B8E598
 100 010d 2F4BA363 		.ascii	"/K\243c\315b\233c~/\177=\340\212g\206\314\27567P\\\355"
 100      CD629B63 
 100      7E2F7F3D 
 100      E08A6786 
 100      CCBD3637 
 101 0124 190C2584 		.ascii	"\031\014%\2044<_\314\225=b\247#^\266\007\007dp\220\314"
 101      343C5FCC 
 101      953D62A7 
 101      235EB607 
 101      07647090 
 102 0139 4F4F9EB7 		.ascii	"OO\236\267W\262W\324\237F\003:A\371\337\004\356A\306"
 102      57B257D4 
 102      9F46033A 
 102      41F9DF04 
 102      EE41C6
 103 014c 5CF6F784 		.ascii	"\\\366\367\204\317\314RS\374\270\215\240\356\007\265"
 103      CFCC5253 
 103      FCB88DA0 
 103      EE07B5
 104 015b 61845A4C 		.ascii	"a\204ZLci]E5\032\365\341Bf\307\2065\240Y\251at\023\320"
 104      63695D45 
 104      351AF5E1 
 104      4266C786 
 104      35A059A9 
 105 0173 6B96D035 		.ascii	"k\226\3205\033p\326\301&\311\323{R#\204F\361\006\331"
 105      1B70D6C1 
 105      26C9D37B 
 105      52238446 
 105      F106D9
 106 0186 B799D276 		.ascii	"\267\231\322v\235\351'\0274\321\307\311g/\274z3$\345"
 106      9DE92717 
 106      34D1C7C9 
 106      672FBC7A 
 106      3324E5
 107 0199 1F5D5A42 		.ascii	"\037]ZB\215:G\033\355\322\235.,W\302\202\340;\313\260"
 107      8D3A471B 
 107      EDD29D2E 
 107      2C57C282 
 107      E03BCBB0 
 108 01ad 64A77669 		.ascii	"d\247vi\266\232)\300\205\015\202\317?\356\257\266h\330"
ARM GAS  /var/folders/_f/jzb7lsz153bclt069nvlpp5r0000gn/T//ccPciYQq.s 			page 8


 108      B69A29C0 
 108      850D82CF 
 108      3FEEAFB6 
 108      68D8
 109 01bf 58CF7077 		.ascii	"X\317pw\0316\330\303\315\342=N\370]R\377\037\227^\235"
 109      1936D8C3 
 109      CDE23D4E 
 109      F85D52FF 
 109      1F975E9D 
 110 01d3 2EF2EE45 		.ascii	".\362\356EuRymn\3269\325\2101t3\232\224\026I\331l\356"
 110      7552796D 
 110      6ED639D5 
 110      88317433 
 110      9A941649 
 111 01ea 715CD3A9 		.ascii	"q\\\323\251\341\003z\375\364\215\250/\000\202\001\261"
 111      E1037AFD 
 111      F48DA82F 
 111      008201B1 
 112 01fa D04C790C 		.ascii	"\320Ly\014\375H\255\014\006\244.\033\032\245\342\303"
 112      FD48AD0C 
 112      06A42E1B 
 112      1AA5E2C3 
 113 020a 9148D43D 		.ascii	"\221H\324=\333Z\343\207\255d{4\325\031\217\306\017\266"
 113      DB5AE387 
 113      AD647B34 
 113      D5198FC6 
 113      0FB6
 114 021c 2663298A 		.ascii	"&c)\212b\035i+mE\342\014\035\"a%\232R\207\216Y\261\266"
 114      621D692B 
 114      6D45E20C 
 114      1D226125 
 114      9A52878E 
 115 0233 A35D56CA 		.ascii	"\243]V\312\223L'b\326\221\256\277\307\273\361\305"
 115      934C2762 
 115      D691AEBF 
 115      C7BBF1C5 
 116              		.text
 117              		.section	.gnu.lto_chan_send_q_enqueue.537a7c55134da16,"",%progbits
 118 0000 789C9553 		.ascii	"x\234\225S[OSA\020\336\331si\241\005[%>4\361\222 BT"
 118      5B4F5341 
 118      10DED973 
 118      69A1055B 
 118      253E34F1 
 119 0018 E0417D55 		.ascii	"\340A}U\236}\362\037\020\004\022\023\023\014\"\317\234"
 119      9E7DF21F 
 119      10041213 
 119      130C22CF 
 119      9C
 120 0029 96067914 		.ascii	"\226\006y\024\014\210\001\002\210x\341VE@@\201\203V"
 120      0C880102 
 120      8878E156 
 120      45404081 
 120      8356
 121 003b 22C14B30 		.ascii	"\"\301K0\210\200\010\210\200\240`@P \250ufO\271\005"
 121      88800888 
 121      80A06040 
 121      5020A875 
ARM GAS  /var/folders/_f/jzb7lsz153bclt069nvlpp5r0000gn/T//ccPciYQq.s 			page 9


 121      664FB905 
 122 004f 307AD2CE 		.ascii	"0z\322\3169\263;\363}3\337\356Hl\363s\214\376\012c\307"
 122      39B33BF3 
 122      7D33DFEE 
 122      486CF373 
 122      8CFE0A63 
 123 0064 F10D0A03 		.ascii	"\361\015\012\003~\371%cN3\347r\0210-P\232}\316\230f"
 123      7EF92563 
 123      4E33E772 
 123      11302D50 
 123      9A7DCE98 
 124 0079 954036D6 		.ascii	"\225@6\326e\000\372`\300\322\270$C\032L\362Y\016\215"
 124      6500FA60 
 124      C0D2B824 
 124      431A4CF2 
 124      590E8D
 125 008c D5F32F2C 		.ascii	"\325\363/,\023|\211\263\375\014\335\246\354gy*\271 "
 125      137C89B3 
 125      FD0CDDA6 
 125      EC67792A 
 125      B920
 126 009e 93BB5C36 		.ascii	"\223\273\\63\251\206\227i\2326\363\272j\354\264./q\316"
 126      33A98697 
 126      699A36F3 
 126      BA6AECB4 
 126      2E2F71CE 
 127 00b2 E638835B 		.ascii	"\3468\203[\340\200\333\340 \270;\020\216\2217&\256~"
 127      E080DBE0 
 127      20B83B10 
 127      8E913726 
 127      AE7E
 128 00c4 06E91050 		.ascii	"\006\351\020P\226\373ga~pX\251\246\271\364\201\032-"
 128      96FB6761 
 128      7E7058A9 
 128      A6B9F481 
 128      1A2D
 129 00d6 06932428 		.ascii	"\006\223$(\007i}\036.1\250\2000\214\036\357\030\350"
 129      07697D1E 
 129      2E31A880 
 129      308C1EEF 
 129      18E8
 130 00e8 B04A4744 		.ascii	"\260JGD\246\267\353]\205\240g\305\302\317\351lx\037"
 130      A6B7EB5D 
 130      85A067C5 
 130      C2CFE96C 
 130      781F
 131 00fa 28CA0921 		.ascii	"(\312\011!\367\323\367\236\031\013\001k\372\262K\000"
 131      F7D3F79E 
 131      190B016B 
 131      FAB24B00 
 132 010a CB506900 		.ascii	"\313Pi\000W!p\265\000\226\031x \214\302g\335\277\336"
 132      572170B5 
 132      00961978 
 132      208CC267 
 132      DDBFDE
 133 011d 5A543786 		.ascii	"ZT7\206\333\250h\254\365.\250\200o\317N]\363\371>\266"
 133      DBA868AC 
ARM GAS  /var/folders/_f/jzb7lsz153bclt069nvlpp5r0000gn/T//ccPciYQq.s 			page 10


 133      F52EA880 
 133      6FCF4E5D 
 133      F3F93EB6 
 134 0131 B765A9B0 		.ascii	"\267e\251\260\0130\007q\250\032\205>U2&2f2\001d,h\024"
 134      0B300771 
 134      A81A853E 
 134      55322632 
 134      66320164 
 135 0148 2B1A3588 		.ascii	"+\0325\210L0\2716\332\260\223al\024\377$\356\030:\370"
 135      4C30B936 
 135      DAB09361 
 135      6C14FF24 
 135      EE183AF8 
 136 015c 967AC065 		.ascii	"\226z\300e\247\012\372\332\275\345\226\210\233XA\261"
 136      A70AFADA 
 136      BDE59688 
 136      9B5841B1 
 137 016c A7344306 		.ascii	"\2474C\006j\333x\340\036D\020%\353\007\327\217Sl\201"
 137      6ADB78E0 
 137      1E441025 
 137      EB07D78F 
 137      536C81
 138 017f 2BEBD537 		.ascii	"+\353\3257\011\365\277\226UfB!\344;5mx\272\001\223\371"
 138      09F5BF96 
 138      55664221 
 138      E43B356D 
 138      78BA0193 
 139 0194 02165A43 		.ascii	"\002\026ZC\262\303}\334`H\243\017\355\241\2566p\015"
 139      B2C37DDC 
 139      6048A30F 
 139      EDA1AE36 
 139      700D
 140 01a6 7B4A4763 		.ascii	"{JGc\314\353\270j\221\013\371V\271(\274sdq\316*\270"
 140      CCEBB86A 
 140      910BF956 
 140      B928BC73 
 140      6471CE2A 
 141 01bb 6CC4D5DF 		.ascii	"l\304\325\337_\343\264l\342\252\023\\\365\033\271V\341"
 141      5FE3B46C 
 141      E2AA135C 
 141      F51BB956 
 141      E1
 142 01cc 7049E42E 		.ascii	"pI\344.\345\344\366ZBK\360\274\207\207z\023tw\261\366"
 142      E5E4F65A 
 142      424BF0BC 
 142      87877A13 
 142      7477B1F6 
 143 01e0 DBE7832D 		.ascii	"\333\347\203-N\335_\316\003\010%\214-\362\265kZ1\317"
 143      4EDD5FCE 
 143      0308258C 
 143      2DF2B56B 
 143      5A31CF
 144 01f3 D47DBE93 		.ascii	"\324}\276\223\333g7\370\263\337\200\2737\275\365(U\204"
 144      DB6737F8 
 144      B3DF80BB 
 144      37BDF528 
 144      5584
ARM GAS  /var/folders/_f/jzb7lsz153bclt069nvlpp5r0000gn/T//ccPciYQq.s 			page 11


 145 0205 EA615362 		.ascii	"\352aSb{\014\273\306\213/a\253\365\263\315\373\214]"
 145      7B0CBBC6 
 145      8B2F61AB 
 145      F5B3CDFB 
 145      8C5D
 146 0217 13920C8D 		.ascii	"\023\222\014\215\276\3522S\277\250\012\272u\213E\323"
 146      BEEA3253 
 146      BFA80ABA 
 146      758B45D3 
 147 0227 41D82F96 		.ascii	"A\330/\226i\246N\033\211\000\327\257\177\361\216\004"
 147      69A64E1B 
 147      8900D7AF 
 147      7FF18E04 
 148 0237 471EC6FE 		.ascii	"G\036\306\376\241\011\333\376\306\005\347C\210D\361"
 148      A109DBFE 
 148      C605E743 
 148      8844F1
 149 0246 D2B333E6 		.ascii	"\322\2633\346\271\201\2109&8\340\240\305\332\214n\311"
 149      B9818839 
 149      2638E0A0 
 149      C5DA8C6E 
 149      C9
 150 0257 580C10EB 		.ascii	"X\014\020\353\012\311\234\375!\310\177,+D(,\215\317"
 150      0AC99CFD 
 150      21C87F2C 
 150      2B44282C 
 150      8DCF
 151 0269 76648FD6 		.ascii	"vd\217\326\310\232!\022\261\010\245>\353\204\201l\371"
 151      C89A2112 
 151      B108A53E 
 151      EB84816C 
 151      F9
 152 027a 4BC505F3 		.ascii	"K\305\005\363W\372v\020\210\002-\002\204n8\264\212\212"
 152      57FA7610 
 152      88022D02 
 152      846E38B4 
 152      8A8A
 153 028c 5D8397BA 		.ascii	"]\203\227\272\301\200\260\032\230\351\271\252\341\007"
 153      C180B01A 
 153      98E9B9AA 
 153      E107
 154 029a E1D2FA09 		.ascii	"\341\322\372\011SC\030\350 :\312\363\207\004#1\006\022"
 154      534318E8 
 154      203ACAF3 
 154      87042331 
 154      0612
 155 02ac 4E6EC96E 		.ascii	"Nn\311n\177?\253:*\033t\244\366\0348|\230\005m\342\326"
 155      7F3FAB3A 
 155      2A1B74A4 
 155      F61C387C 
 155      98056DE2 
 156 02c1 3CC662C4 		.ascii	"<\306b\304$\212\243h\331k`\332\376M\373'\242\0231\263"
 156      248AA368 
 156      D96B60DA 
 156      FE4DFB27 
 156      A21331B3 
 157 02d5 DE15EDA7 		.ascii	"\336\025\355\247\374\332\333\021\305\320\376\377e~\272"
ARM GAS  /var/folders/_f/jzb7lsz153bclt069nvlpp5r0000gn/T//ccPciYQq.s 			page 12


 157      FCDADB11 
 157      C5D0FEFF 
 157      657EBA
 158 02e4 86DB4E32 		.ascii	"\206\333N2\333\305\225\221\305\320\016\202\323\206\303"
 158      DBC59591 
 158      C5D00E82 
 158      D386C3
 159 02f3 81F28D03 		.ascii	"\201\362\215\003\300A\007/\360\000\362HS\347q\276\201"
 159      C041072F 
 159      F000F248 
 159      53E771BE 
 159      81
 160 0304 42302F3C 		.ascii	"B0/<**\332\370\235\211\213?\227\230\224\020\235r!>:"
 160      2A2ADAF8 
 160      9D898B3F 
 160      97989410 
 160      9D72213E 
 161 0319 FE6C5C52 		.ascii	"\376l\\Rl\012z\261\311\251\211\251\211Q\361\014\222"
 161      6C0A7AB1 
 161      C9A989A9 
 161      8951F10C 
 161      92
 162 032a 03849F10 		.ascii	"\003\204\237\020w1\356\017\200E\325\331"
 162      7731EE0F 
 162      8045D5D9 
 163              		.text
 164              		.section	.gnu.lto_chan_send_q_dequeue.537a7c55134da16,"",%progbits
 165 0000 789C9553 		.ascii	"x\234\225S[O\023Q\020>sv[J\357\002\306\204\230h\202"
 165      5B4F1351 
 165      103E7376 
 165      5B4AEF02 
 165      C6849868 
 166 0015 08518117 		.ascii	"\010Q\201\027}\363\201G\343\237 \265\220\230\230\220"
 166      7DF38147 
 166      E39F20B5 
 166      90989890 
 167 0025 20F2CC96 		.ascii	" \362\314\226VL\210\017X\003b\220\010T\274\240R\313"
 167      564C880F 
 167      58036290 
 167      0854BCA0 
 167      52CB
 168 0037 4D40D4A2 		.ascii	"M@\324\242\025%\200\306\304K!\210@\012\001D\003B\204"
 168      152580C6 
 168      C44B2188 
 168      400A0144 
 168      034284
 169 004a 46B4CE9C 		.ascii	"F\264\316\234]\345\342%\270i\317\356\231\235\371.3{"
 169      5DE5E225 
 169      B869CFEE 
 169      999DF92E 
 169      337B
 170 005c 24F6FB75 		.ascii	"$\366\373u\020\377\207u\214\035\302;\350\030\360\362"
 170      10FF8775 
 170      8C1DC23B 
 170      E818F0F2 
 171 006c E78CB90C 		.ascii	"\347\214\271\014\234\313\345\022S\214\222\322\317\230"
 171      9CCBE512 
ARM GAS  /var/folders/_f/jzb7lsz153bclt069nvlpp5r0000gn/T//ccPciYQq.s 			page 13


 171      538C92D2 
 171      CF98
 172 007a 62964056 		.ascii	"b\226@V\3432\000=0`\305\\\222\241\030f\370\002\207\316"
 172      E332003D 
 172      3060C55C 
 172      92A11866 
 172      F80287CE 
 173 008e A6A541D3 		.ascii	"\246\245A\3234\217r\266\233\341\266\313\373\254JO[\220"
 173      348F72B6 
 173      9BE1B6CB 
 173      FBAC4A4F 
 173      5B90
 174 00a0 69FBB561 		.ascii	"i\373\265a~F\237\326\240(\312|}\340\225\371\364\221"
 174      7E469FD6 
 174      A028CA7C 
 174      7DE095F9 
 174      F491
 175 00b2 28E76C91 		.ascii	"(\347l\2213\270\006\311p\035\222\011\356\006\244a\346"
 175      33B806C9 
 175      701D9209 
 175      EE06A461 
 175      E6
 176 00c3 95E90BB3 		.ascii	"\225\351\013\263 \355\003\252\362\254\326T[S}\212R\022"
 176      20ED03AA 
 176      F2ACD654 
 176      5B537D8A 
 176      5212
 177 00d5 1C6956B2 		.ascii	"\034iV\262\345(\227\240\021\244\365u\030bp\023R1{\252"
 177      E52897A0 
 177      11A4F575 
 177      18627013 
 177      52317BAA 
 178 00e9 6FA4CF2C 		.ascii	"o\244\317,\035\020\225M\237\372\3036\265rU\255\224\341"
 178      1D10954D 
 178      9FFAC336 
 178      B57255AD 
 178      94E1
 179 00fb D6E64A99 		.ascii	"\326\346J\231\301mH\245\364\005\317\267\267&\275\007"
 179      C16D48A5 
 179      F405CFB7 
 179      B726BD07 
 180 010b E5D94915 		.ascii	"\345\331I\025\212i\002=\340\335\237\020Tb1\337\323\236"
 180      8A69023D 
 180      E0DD9F10 
 180      546231DF 
 180      D39E
 181 011d 4E3D6C07 		.ascii	"N=l\007\254A\034\242\323\321\243\2360\342\350\311\200"
 181      AC411CA2 
 181      D3D1A39E 
 181      30E2E8C9 
 181      80
 182 012e 8B2E9E16 		.ascii	"\213.\236\026#\305L@\300\026zc\245\305F\213\235\226"
 182      23C54C40 
 182      C0167A63 
 182      A5C5468B 
 182      9D96
 183 0140 045A1269 		.ascii	"\004Z\022ia,\202\177j\344$n\360.\275\201\222m$f\250"
ARM GAS  /var/folders/_f/jzb7lsz153bclt069nvlpp5r0000gn/T//ccPciYQq.s 			page 14


 183      612C827F 
 183      6AE4246E 
 183      F02EBD81 
 183      926D2466 
 184 0155 37D4684A 		.ascii	"7\324hJ\277\212bj\375\276R\031\310\242z\201\037\322"
 184      BF8A626A 
 184      FDBE5219 
 184      C8A27A81 
 184      1FD2
 185 0167 899D0D43 		.ascii	"\211\235\015C\311\227\243l\231\3530\275\177be\321L\235"
 185      C997A36C 
 185      99EB30BD 
 185      7F6265D1 
 185      4C9D
 186 0179 D6DBA97A 		.ascii	"\326\333\251zx\270\331e\252\201j\227\242\214\225\271"
 186      78B8D965 
 186      AA816A97 
 186      A28C95B9 
 187 0189 7720D332 		.ascii	"w \3232j\276C-\206\000\324\000C\232\340\305^\211\034"
 187      6ABE432D 
 187      8600D400 
 187      439AE0C5 
 187      5E891C
 188 019c 6E201BF3 		.ascii	"n \033\363\373\"\331\206ud\315H\206\204T \220\243\025"
 188      FB22D986 
 188      7564CD48 
 188      86845420 
 188      90A315
 189 01af 9561534A 		.ascii	"\225aSJ\035\366tl6\234\033\364\324*\337c1\370\303L\264"
 189      1DF6746C 
 189      369C1BF4 
 189      D42ADF63 
 189      31F8C34C 
 190 01c4 FA164821 		.ascii	"\372\026H!\014\366\032<aw\313Y=1\242dHQ3&\221\011\277"
 190      0CF61A3C 
 190      6177CB59 
 190      3D31A264 
 190      48513326 
 191 01db 2C09BDB4 		.ascii	",\011\275\264\007\006\316\351\324\327\244\351}\344\305"
 191      0706CEE9 
 191      D4D7A4E9 
 191      7DE4C5
 192 01ea 4B033942 		.ascii	"K\0039B)\270m[\271\374\321\202\216\220*\216\274\264"
 192      29B86D5B 
 192      B9FCD182 
 192      8E902A8E 
 192      BCB4
 193 01fc 1205C62F 		.ascii	"\022\005\306/-\235\037\262e\354\247\321\266\241\261"
 193      2D9D1FB2 
 193      65ECA7D1 
 193      B6A1B1
 194 020b CF5CB0B6 		.ascii	"\317\\\260\266C\006\265\247}|\247\012\030\367\017\204"
 194      4306B5A7 
 194      7D7CA70A 
 194      18F70F84 
 195 021b FA0FA109 		.ascii	"\372\017\241\011+!p\270+\020h\344\320\241\"\214\236"
 195      2B2170B8 
ARM GAS  /var/folders/_f/jzb7lsz153bclt069nvlpp5r0000gn/T//ccPciYQq.s 			page 15


 195      2B1068E4 
 195      D0A1228C 
 195      9E
 196 022c 59E52A84 		.ascii	"Y\345*\204\001Q0\342\256\324,\304c\010\253+\372;\336"
 196      015130E2 
 196      AED42CC4 
 196      6308AB2B 
 196      FA3BDE
 197 023f 1949A62E 		.ascii	"\031I\246.\211A'BbJ\225\226bD'\230(\006U\266\004Z\263"
 197      89412742 
 197      624A9596 
 197      62442798 
 197      280655B6 
 198 0256 7F199337 		.ascii	"\177\031\2237\030\303Q\005\245(\321\230\240K\014\352"
 198      18C35105 
 198      A528D198 
 198      A04B0CEA 
 199 0266 1EAAD994 		.ascii	"\036\252\331\224\220%\022\214ZB7M\222l.\014\270\264"
 199      9025128C 
 199      5A42374D 
 199      926C2E0C 
 199      B8B4
 200 0278 CE59B666 		.ascii	"\316Y\266f\364\376\232\321\007\302\250\333[\032\222"
 200      F4FE9AD1 
 200      07C2A8DB 
 200      5B1A92
 201 0287 54082BA2 		.ascii	"T\010+\242\300\236d\001\\\267K\215\331\266\006\373P"
 201      C09E6401 
 201      5CB74B8D 
 201      D9B606FB 
 201      50
 202 0298 C08AA313 		.ascii	"\300\212\243\023Ta[K#\032\254] \333\010\326[g\325z\261"
 202      54615B4B 
 202      231AAC5D 
 202      20DB08D6 
 202      5B67D57A 
 203 02ad DE9BFC77 		.ascii	"\336\233\374w\334\2365\271\217 \003\261\204\270\300"
 203      DC9E35B9 
 203      8F2003B1 
 203      84B8C0
 204 02bc E0B8869D 		.ascii	"\340\270\206\235\2605y\217\005\014}\332\020\372\351"
 204      B035798F 
 204      050C7DDA 
 204      10FAE9
 205 02cb 7A4E1B6F 		.ascii	"zN\033o\"\242\300^\341\332;n\371?yO\326p{I^\242\370"
 205      22A2C05E 
 205      E1DA3B6E 
 205      F93F794F 
 205      D6707B49 
 206 02e2 B065719E 		.ascii	"\260eq\236G\301e\3073\212\332\247\000\220\200\317\005"
 206      47C165C7 
 206      338ADAA7 
 206      009080CF 
 206      05
 207 02f3 92B0BB52 		.ascii	"\222\260\273Rw\213\031\317>P\016\366+-33K\375\035s8"
 207      778B19CF 
 207      3E500EF6 
ARM GAS  /var/folders/_f/jzb7lsz153bclt069nvlpp5r0000gn/T//ccPciYQq.s 			page 16


 207      2B2D3333 
 207      4BFD1D73 
 208 0308 4FE4E5E7 		.ascii	"O\344\345\347f\025\236tf9\217;\362s\012q\227SP\224W"
 208      66159E74 
 208      66398F3B 
 208      F2730A71 
 208      97535094 
 209 031d 9497E964 		.ascii	"\224\227\351dP\020/\366\271\216S\216\037aJ\324\002"
 209      50102FF6 
 209      B98E538E 
 209      1F614AD4 
 209      02
 210              		.text
 211              		.section	.gnu.lto_chan_send_q_front.537a7c55134da16,"",%progbits
 212 0000 789C7D52 		.ascii	"x\234}R[KTQ\024\336\337\336g\216\343\314x)\204`\350"
 212      5B4B5451 
 212      14DEDFDE 
 212      678EE3CC 
 212      78298460 
 213 0015 2130532A 		.ascii	"!0S*\235\227z\3671\372\0232\215B\020\010f>\273G'\204"
 213      9D977AF7 
 213      31FA1332 
 213      8D421008 
 213      663EBB47 
 214 002b 20B04233 		.ascii	" \260B3\314n\223]\314\264\2641\265\036&\020K\206\012"
 214      CC6E935D 
 214      CCB4B431 
 214      B51E2610 
 214      4B860A
 215 003e A16C146F 		.ascii	"\241l\024o\211\212\332\005MI\207\254i\255s\206P\213"
 215      898ADA05 
 215      4D4987AC 
 215      69AD7386 
 215      508B
 216 0050 8699B3CF 		.ascii	"\206\231\263\317Z\363\255\357[\337Z[\211\277?G\350W"
 216      5AF3ADEF 
 216      5BDF5A5B 
 216      89BF3F47 
 216      E857
 217 0062 A784384A 		.ascii	"\247\2048J'\034\002\262\376\215\020A\247\224F\275\022"
 217      271C02B2 
 217      FE8D1041 
 217      A79446BD 
 217      12
 218 0073 DAA5744C 		.ascii	"\332\245tL\010\355Q0\354\274\001\360\213\200\250\226"
 218      08ED5130 
 218      ECBC01F0 
 218      8B80A896 
 219 0083 CA403516 		.ascii	"\312@5\026\345\212D_\307\332k\367\202LH\261OP\330\177"
 219      E58A445F 
 219      C7DA6BF7 
 219      824C48B1 
 219      4F50D87F 
 220 0097 F15593C9 		.ascii	"\361U\223\311!\014\016\177\264./\232\371\255Z\353\345"
 220      210C0E7F 
 220      B42E2F9A 
 220      F9AD5AEB 
ARM GAS  /var/folders/_f/jzb7lsz153bclt069nvlpp5r0000gn/T//ccPciYQq.s 			page 17


 220      E5
 221 00a8 99EE779E 		.ascii	"\231\356w\236\263\307\022R\212U)p\027^\334\203\227\351"
 221      B3C71252 
 221      8A552970 
 221      175EDC83 
 221      97E9
 222 00ba EE239F90 		.ascii	"\356#\237\220\267\027./A\035\004W\2056[\2323\363\302"
 222      B7172E2F 
 222      411D0457 
 222      85365B9A 
 222      33F3C2
 223 00cd 5AD744C7 		.ascii	"Z\327D\307\273t\261\221\220\012mP[\353(%\360\000y\204"
 223      BB74B191 
 223      900A6D50 
 223      5BEB2825 
 223      F0007984 
 224 00e1 9E1F1A1F 		.ascii	"\236\037\032\037\362\250\303Ve\307\327X<\313\256\334"
 224      F2A8C356 
 224      65C7D758 
 224      3CCBAEDC 
 225 00f1 B42B0DB4 		.ascii	"\264+\015\264\357\2544\004\036\"\217\341+\241\237\037"
 225      EFAC3404 
 225      1E228FE1 
 225      2BA19F1F 
 226 0101 DC6688DA 		.ascii	"\334f\210\332\313\346\256\250\231\016\230\240\263sw"
 226      CBE6AEA8 
 226      990E98A0 
 226      B37377
 227 0110 542793E1 		.ascii	"T'\223\341\227/\246Ld\200j\210\207\345\034\374j2G\032"
 227      972FA64C 
 227      64806A88 
 227      87E51CFC 
 227      6A32471A 
 228 0124 BF39E9E1 		.ascii	"\2779\351\341H\347\207\213snX\304b\226\250xTsd\226N"
 228      48E7878B 
 228      736E58C4 
 228      6296A878 
 228      54736496 
 229 0139 35829A5D 		.ascii	"5\202\232],7:8\320\346.\270Cr\372J=\273J-\002\235(`"
 229      2C373A38 
 229      D0E62EB8 
 229      4372FA4A 
 229      3DBB4A2D 
 230 0151 7631869A 		.ascii	"v1\206\232\357\307\305\272t\02086\263\261\352\341I\232"
 230      EFC7C5BA 
 230      74103836 
 230      B3B1EAE1 
 230      499A
 231 0163 D95C3B36 		.ascii	"\331\\;6\326\025t\267\2409\250\365\364\265\332=$\276"
 231      D61574B7 
 231      A039A8F5 
 231      F4B5DA3D 
 231      24BE
 232 0175 4E3D3DE2 		.ascii	"N==\342\021\3421Z H$:<\250\330\3016\251\351\316\360"
 232      11E2315A 
 232      2048243A 
 232      3CA8D8C1 
ARM GAS  /var/folders/_f/jzb7lsz153bclt069nvlpp5r0000gn/T//ccPciYQq.s 			page 18


 232      36A9E9CE 
 233 018a 6CB1738B 		.ascii	"l\261s\213X\027\211\221 \027X\314\211\206\306\270;\367"
 233      58178991 
 233      201758CC 
 233      8986C6B8 
 233      3BF7
 234 019c 26CD6C7A 		.ascii	"&\315lz)^\032\015\335\320\277\222I\374c\346\251\372"
 234      295E1A0D 
 234      DDD0BF92 
 234      49FC63E6 
 234      A9FA
 235 01ae 6EE43287 		.ascii	"n\3442\207x\217P\2746|\336dEj\031\2716b\216\224\350"
 235      788F50BC 
 235      367CDE64 
 235      456A19B9 
 235      36628E94 
 236 01c3 E628F2D2 		.ascii	"\346(\362\322\2632r\301a\377\315=M\315\276\035v\262"
 236      B33272C1 
 236      61FFCD3D 
 236      4DCDBE1D 
 236      76B2
 237 01d5 236A85C2 		.ascii	"#j\205\302\310\306\365/\031\344\210\244\322\330\313"
 237      C8C6F52F 
 237      19E488A4 
 237      D2D8CB
 238 01e4 1396A0FC 		.ascii	"\023\226\240\374\325\265K\243Y\205\207xu\0212\366MZ"
 238      D5B54BA3 
 238      59858778 
 238      751132F6 
 238      4D5A
 239 01f6 AA3D28E4 		.ascii	"\252=(\344\361\364|\334k\023\246\375\207\341\326\247"
 239      F1F47CDC 
 239      6B13A6FD 
 239      87E1D6A7 
 240 0206 81994C66 		.ascii	"\201\231Lf\220xj1\360J\321k3L\326mJ\233\302I,\224\251"
 240      90786A31 
 240      F04AD16B 
 240      334CD66D 
 240      4A9BC249 
 241 021d 6D4C5948 		.ascii	"mLYH\247\024U7\304z'\\\334\246#G\240\217(\011\322\224"
 241      A7145537 
 241      C47A275C 
 241      DCA62347 
 241      A08F2809 
 242 0233 82B8C809 		.ascii	"\202\270\310\011\001\255E\235[Cj\330\177\214\031\333"
 242      01AD459D 
 242      5B436AD8 
 242      7F8C19DB 
 243 0243 8CD1AAA2 		.ascii	"\214\321\252\242*\3012n\364[\213zF\335\354\000\370,"
 243      2AC1326E 
 243      F45B8B7A 
 243      46DDEC00 
 243      F82C
 244 0255 802B0578 		.ascii	"\200+\005x\316\233\344\031\032\326\305\231D0\233\256"
 244      CE9BE419 
 244      1AD6C599 
 244      44309BAE 
ARM GAS  /var/folders/_f/jzb7lsz153bclt069nvlpp5r0000gn/T//ccPciYQq.s 			page 19


 245 0265 03A5E601 		.ascii	"\003\245\346\001\034\360\312\366H\016\366{\325\347\210"
 245      1CF0CAF6 
 245      480EF67B 
 245      D5E788
 246 0274 872E1918 		.ascii	"\207.\031\030C\323\311/*\362\331\337\023\376\300\251"
 246      43D3C92F 
 246      2AF2D9DF 
 246      13FEC0A9 
 247 0284 B2F2525F 		.ascii	"\262\362R_\345\351\200/p\322_^RIQIEUYUYQ@\240\"\335"
 247      E5E9802F 
 247      70D25F5E 
 247      52495149 
 247      45555955 
 248 029e 8A4BFD67 		.ascii	"\212K\375g\374\277\001\021\226FG"
 248      FCBF0111 
 248      964647
 249              		.text
 250              		.section	.gnu.lto_.symbol_nodes.537a7c55134da16,"",%progbits
 251 0000 789C6366 		.ascii	"x\234cf``\210d\200\002&\216z\006\206\011\347\030\030"
 251      60608864 
 251      8002268E 
 251      7A068609 
 251      E71818
 252 0013 EAEB19E7 		.ascii	"\352\353\031\347.\342``b\250g\204\362\031\346-\000\362"
 252      2EE26060 
 252      62A86784 
 252      F219E62D 
 252      00F2
 253 0025 99EB9950 		.ascii	"\231\353\231P\370,\365\314(|\326z\026d>3#\003C\323G"
 253      F82CF5CC 
 253      287CD67A 
 253      16643E33 
 253      230343D3 
 254 003a 3B06000B 		.ascii	";\006\000\013\231\026\341"
 254      9916E1
 255              		.text
 256              		.section	.gnu.lto_.refs.537a7c55134da16,"",%progbits
 257 0000 789C6366 		.ascii	"x\234cf```d\200\002\000\000=\000\005"
 257      60606064 
 257      80020000 
 257      3D0005
 258              		.text
 259              		.section	.gnu.lto_.decls.537a7c55134da16,"",%progbits
 260 0000 789CAD96 		.ascii	"x\234\255\226\177PT\327\025\307\337y\367\355\262\273"
 260      7F5054D7 
 260      15C7DF79 
 260      F7EDB2BB 
 261 0010 F2C39424 		.ascii	"\362\303\224$v\234\376\201;\035\332Ze\015i:\315_\265"
 261      769CFE81 
 261      3B1DDA5A 
 261      650D693A 
 261      CD5FB5
 262 0023 93CE34C9 		.ascii	"\223\3164\311\037\231v&\376\225\316l7\273O\335\351\272"
 262      1F997626 
 262      FE95CE6C 
 262      37BB4FDD 
 262      E9BA
ARM GAS  /var/folders/_f/jzb7lsz153bclt069nvlpp5r0000gn/T//ccPciYQq.s 			page 20


 263 0035 DADD2513 		.ascii	"\332\335%\023\373\327C\374-\"\356D\005l\230\215 ?4\022"
 263      FBD743FC 
 263      2D22EE44 
 263      056C988D 
 263      203F3412 
 264 0049 4483A815 		.ascii	"D\203\250\025\021\225\240\250 \370\033\225\005\005T"
 264      1195A0A8 
 264      20F81B95 
 264      050554
 265 0058 0A821045 		.ascii	"\012\202\020EQ\266\347\336\373\366'\013cg\372\206\313"
 265      51B6E7DE 
 265      FBF6270B 
 265      6367FA86 
 265      CB
 266 0069 BE73DFB9 		.ascii	"\276s\337\271\337\3639\347\236\367\203\010\202\340\007"
 266      DFF339E7 
 266      9EF78308 
 266      82E007
 267 0078 4108E051 		.ascii	"A\010\340Q\221(\010\033DA\320\342\334\237q\020\0345"
 267      9128081B 
 267      4441D0E2 
 267      DC9F7110 
 267      1C35
 268 008a 389EE1F8 		.ascii	"8\236\341\370P\340\207\006\307+z\015\327\350p$\341H"
 268      50E08706 
 268      C72B7A0D 
 268      D7E87024 
 268      E148
 269 009c 0161CA41 		.ascii	"\001a\312A}t8\222q\240\254\360\261\252S\243j=\305\321"
 269      7D743892 
 269      71A0ACF0 
 269      B1AA53A3 
 269      6A3DC5D1 
 270 00b0 AFEA8DE2 		.ascii	"\257\352\215\342\030\3011\206c\010\3070\016P5b\017\026"
 270      18C13186 
 270      6308C730 
 270      0E503562 
 270      0F16
 271 00c2 7706DDD9 		.ascii	"w\006\335\331x}B\365\025U\377x:\224]\037G\247O\345\242"
 271      787D42F5 
 271      1555FF78 
 271      3A945D1F 
 271      47A74FE5 
 272 00d7 5A7F5039 		.ascii	"Z\177P9I\004\327\210\312\246\213\223s\3224\232\261z"
 272      4904D788 
 272      CAA68B93 
 272      73D2349A 
 272      B17A
 273 00e9 3486A4EA 		.ascii	"4\206\244\352\215E\344\017\252F\354\221\362?\350\212"
 273      8D45E40F 
 273      AA46EC91 
 273      F23FE88A 
 274 00f9 11BA20C4 		.ascii	"\021\272 \304\337\233\021\021v]\276qD\"\"\320\363\222"
 274      DF9B1111 
 274      765DBE71 
 274      442222D0 
 274      F392
ARM GAS  /var/folders/_f/jzb7lsz153bclt069nvlpp5r0000gn/T//ccPciYQq.s 			page 21


 275 010b 82EE2B86 		.ascii	"\202\356+\206\005\373\024E\331\2504\264A\330isg\345"
 275      05FB1445 
 275      D9A834B4 
 275      41D86973 
 275      67E5
 276 011d 8504F206 		.ascii	"\205\004\362\006s\312.;\236\233\360@\204\267\015\354"
 276      73CA2E3B 
 276      9E9BF040 
 276      84B70DEC 
 277 012d 525E4BD1 		.ascii	"R^K\321)\302\314\000\275,z\357\215\355\0050\244oT\224"
 277      29C2CC00 
 277      BD2C7AEF 
 277      8DED0530 
 277      A46F5494 
 278 0141 35CAB057 		.ascii	"5\312\260W!?\025`\301\\\370\325\\\001\016@:\272A\005"
 278      213F1560 
 278      C15CF8D5 
 278      5C010E40 
 278      3ABA4105 
 279 0155 2C10601F 		.ascii	",\020`\037\314\205\3750W(\305`\303\307_\370AQ$\370\026"
 279      CC85FD30 
 279      5728C560 
 279      C3C75FF8 
 279      415124F8 
 280 016a 0C500984 		.ascii	"\014P\011\204y 4\215\300\001D\377\365\275\177\211/\372"
 280      7920348D 
 280      C00144FF 
 280      F5BD7F89 
 280      2FFA
 281 017c DD74A213 		.ascii	"\335t\242\0239-oQ\321*\024-\017\213b\214PZG\253\306"
 281      392D6F51 
 281      D12A142D 
 281      0F8B628C 
 281      505A47AB 
 282 0191 2ECE42F6 		.ascii	".\316B\366dC\0325\217y\233\013\264h&\032$jv\336\316"
 282      64431A35 
 282      8F799B0B 
 282      B468261A 
 282      246A76DE 
 283 01a6 FD0A1237 		.ascii	"\375\012\0227\323\220\3719\212\2769\231IUc\214\203\030"
 283      D390F939 
 283      8ABE3999 
 283      4955638C 
 283      8318
 284 01b8 43801AA0 		.ascii	"C\200\032\240[\300~\321\373\314\345\316\375Z\246\345"
 284      5BC07ED1 
 284      FBCCE5CE 
 284      FD5AA6E5 
 285 01c8 6365DAD1 		.ascii	"ce\332\321Rw\307\300\304\336\244\346@\361\375:\221\264"
 285      5277C7C0 
 285      C4DEA4E6 
 285      40F1FD3A 
 285      91B4
 286 01da 01BBB67D 		.ascii	"\001\273\266}k\343\270\236\364p\243\366\354\326R-\031"
 286      6BE3B89E 
 286      F470A3F6 
 286      ECD6522D 
ARM GAS  /var/folders/_f/jzb7lsz153bclt069nvlpp5r0000gn/T//ccPciYQq.s 			page 22


 286      19
 287 01eb 6286D8DB 		.ascii	"b\206\330\333\341/\324\305O\364\350t\211\016\224{Y\242"
 287      E12FD4C5 
 287      4FF4E874 
 287      890E947B 
 287      59A2
 288 01fd 75487724 		.ascii	"uHw$\234hUD\242\225#\276| \005|\227kJ\366\326\352\031"
 288      9C685544 
 288      A29523BE 
 288      7C20057C 
 288      976B4AF6 
 289 0214 E9626A96 		.ascii	"\351bj\226\356\330\371\255\206\201\352\250\371\352\352"
 289      EED8F9AD 
 289      8681EAA8 
 289      F9EAEA
 290 0223 A3D37A52 		.ascii	"\243\323zR\302][z\306G\023\231\353lj\026]\357\035#\314"
 290      C25D5B7A 
 290      C6471399 
 290      EB6C6A16 
 290      5DEF1D23 
 291 0238 55A4E6E8 		.ascii	"U\244\346\350\300P\231\236|\307]w\234\337\275MCNp#\277"
 291      C050999E 
 291      7CC75D77 
 291      9CDFBD4D 
 291      434E7023 
 292 024d DBDB2191 		.ascii	"\333\333!\221&1\252a\322x\303\354\032\030?\254cf @h"
 292      2631AA61 
 292      D278C3EC 
 292      1A183FAC 
 292      63662040 
 293 0262 CE7BEEB4 		.ascii	"\316{\356\264u\353!\335\300[\241\266\227\265B\023&\323"
 293      75EB21DD 
 293      C05BA1B6 
 293      97B54213 
 293      26D3
 294 0274 184E264D 		.ascii	"\030N&M\315\205\325E\311Q4\025\311\002\324c\025Nb\025"
 294      CD85D545 
 294      C9513415 
 294      C902D463 
 294      154E6215 
 295 0288 E02C9626 		.ascii	"\340,\226&M-\315i\234<\203\223(|\250gh\213!(<q:\357"
 295      4D2DCD69 
 295      9C3C8393 
 295      287CA867 
 295      688B2128 
 296 02a0 6D2ADC8C 		.ascii	"m*\334\214\302\247\302\302M0\243\362\017\361\225\327"
 296      C2A7C2C2 
 296      4D30A3F2 
 296      0FF195D7 
 297 02b0 1DFAC611 		.ascii	"\035\372\306\021\024\256\334\262\215\225\377<\0127\204"
 297      14AEDCB2 
 297      8D95FF3C 
 297      0A3784
 298 02bf 859B6716 		.ascii	"\205\233g\026>\027W\030J\032\212\317Kd\224\027n\317"
 298      3E175718 
 298      4A1A8ACF 
 298      4B649417 
ARM GAS  /var/folders/_f/jzb7lsz153bclt069nvlpp5r0000gn/T//ccPciYQq.s 			page 23


 298      6ECF
 299 02d1 FA075712 		.ascii	"\372\007W\022\311sn\234\254\037o2\220In\344n\364\237"
 299      C9736E9C 
 299      AC1F6F32 
 299      90496EE4 
 299      6EF49F
 300 02e4 33900D24 		.ascii	"3\220\015$\252\276\363x}\273v?/\3253\223>\311S(ns\237"
 300      AABEF378 
 300      7DBB763F 
 300      2FD53393 
 300      3EC95328 
 301 02fb 52921CAA 		.ascii	"R\222\034\252\260\267\351g\224\267\035y/\205y\347E\342"
 301      B0B7E967 
 301      94B71D79 
 301      2F8579E7 
 301      45E2
 302 030d F27E1742 		.ascii	"\362~\027B\315\016\227\021w\236\212\333\212\223m\274"
 302      CD0E9711 
 302      779E8ADB 
 302      8A936DBC 
 303 031d 0E675FD6 		.ascii	"\016g_\326\257\325\004\333u\312\242+q\026\251\267\246"
 303      AFD504DB 
 303      75CAA22B 
 303      7116A9B7 
 303      A6
 304 032e 97ED4507 		.ascii	"\227\355E\007\"\\\014#\264\207;V,\033\370\376Eb\020"
 304      225C0C23 
 304      B4873B56 
 304      2C1BF8FE 
 304      456210
 305 0341 79A09F97 		.ascii	"y\240\237\227\370\032\372_\010\373w\300\214\314W\343"
 305      F81AFA5F 
 305      08FB77C0 
 305      8CCC57E3 
 306 0351 32C3E87E 		.ascii	"2\303\350~\345+B\274\254vR\361\276M]\022\244\032\323"
 306      E52B42BC 
 306      AC7652F1 
 306      BE4D5D12 
 306      A41AD3
 307 0364 8DDB3190 		.ascii	"\215\3331\220\222\357S\026{\0048\216\336\377f\367\370"
 307      92EF5316 
 307      7B04388E 
 307      DEFF66F7 
 307      F8
 308 0375 0D48A502 		.ascii	"\015H\245\002p\013\265n\202\021:\301\310\"\3720\242"
 308      700BB56E 
 308      82113AC1 
 308      C822FA30 
 308      A2
 309 0386 FF66FBDF 		.ascii	"\377f\373\337\032\326\020\266\361-HE}C\373\373K\272"
 309      1AD610B6 
 309      F12D4845 
 309      7D43FBFB 
 309      4BBA
 310 0398 7A3EFE63 		.ascii	"z>\376c\031\373od\352\350uAEW\017\246r\253\335\326\260"
 310      19FB6F64 
 310      EAE87541 
ARM GAS  /var/folders/_f/jzb7lsz153bclt069nvlpp5r0000gn/T//ccPciYQq.s 			page 24


 310      45570FA6 
 310      72ABDDD6 
 311 03ad 96B0DCAE 		.ascii	"\226\260\334\256\253*\241\024\230J5%\2415y\322?\322"
 311      AB2AA114 
 311      984A3525 
 311      A13579D2 
 311      3FD2
 312 03bf A685F454 		.ascii	"\246\205\364T\246\330\251\005\270\203\276'\302\365\240"
 312      A6D8A905 
 312      B883BE27 
 312      C2F5A0
 313 03ce 01D8112F 		.ascii	"\001\330\021/\027\270\215)L\227\016\226\245\342\336"
 313      17B88D29 
 313      4C970E96 
 313      A5E2DE
 314 03dd F67A2D29 		.ascii	"\366z-)\340-U\244t\037\232E|\314\320\344\266W\016&\201"
 314      E02D55A4 
 314      741F9A45 
 314      7CCCD0E4 
 314      B6570E26 
 315 03f2 31D5684C 		.ascii	"1\325hL\367\261\3358\340}3[\3615\362\370w1~7\376\206"
 315      F7B1DD38 
 315      E07D335B 
 315      F135F2F8 
 315      77317E37 
 316 0408 E2443073 		.ascii	"\342D0s\016\205q\034\302\353\207YM\273U\210\373\010"
 316      0E85711C 
 316      C2EB8759 
 316      4DBB5588 
 316      FB08
 317 041a 710F21FC 		.ascii	"q\017!\3748z\302uU\374\347\353%Z\021\252\336\025\253"
 317      387AC275 
 317      55FCE7EB 
 317      255A11AA 
 317      DE15AB
 318 042d CEB785CB 		.ascii	"\316\267\205\313\263\3625\267\375\265!\233\260\207\337"
 318      B3F235B7 
 318      FDB5219B 
 318      B087DF
 319 043c 31D5597D 		.ascii	"1\325Y}`\306l\301I\334\202\356)[\200e}XV=I\202em\301"
 319      60C66CC1 
 319      49DC82EE 
 319      295B8065 
 319      7D58563D 
 320 0455 B2F6A146 		.ascii	"\262\366\241Fm\270\254\335\321e\215N\007z1\213\2312"
 320      6DB8ACDD 
 320      D1658D4E 
 320      077A318B 
 320      9932
 321 0467 C26A36B5 		.ascii	"\302j6\265\376\353\252!\352E\322\027\261\311\002\364"
 321      FEEBAA21 
 321      EA45D217 
 321      B1C902F4 
 322 0477 F317097A 		.ascii	"\363\027\011z~s=\257\"\201t\361M\330\363\360\340.B\356"
 322      7E733DAF 
 322      228174F1 
 322      4DD8F3F0 
ARM GAS  /var/folders/_f/jzb7lsz153bclt069nvlpp5r0000gn/T//ccPciYQq.s 			page 25


 322      E02E42EE 
 323 048b 73E366F9 		.ascii	"s\343f\371\223v\035\031\344\306\327\217*\3134d\224\033"
 323      93761D19 
 323      E4C6D78F 
 323      2ACB3464 
 323      941B
 324 049d 6DE7B23B 		.ascii	"m\347\262;S\3108\211z`'\262\007v\302\316\262\216[\011"
 324      53C83889 
 324      7A6027B2 
 324      0776C2CE 
 324      B28E5B09 
 325 04b1 7CEB8C46 		.ascii	"|\353\214FV\333\233U\332\346E\360\261\001\0060\301\307"
 325      56DB9B55 
 325      DAE645F0 
 325      B1010630 
 325      C1C7
 326 04c3 91BD1659 		.ascii	"\221\275\026Y\331\370\033\367XM\363\011\2469\214)\216"
 326      D9F81BF7 
 326      584DF309 
 326      A6398C29 
 326      8E
 327 04d4 E218C331 		.ascii	"\342\030\3031\204c$\362\306\270\324\306Z\032\363\202"
 327      846324F2 
 327      C6B8D4C6 
 327      5A1AF382 
 328 04e4 07B161C2 		.ascii	"\007\261a\302\273\302xn\005y\376\023\3538\010\321\373"
 328      BBC2786E 
 328      0579FE13 
 328      EB3808D1 
 328      FB
 329 04f5 7711F7EF 		.ascii	"w\021\367\357q\274[H\361\267\006E\036\306\215\026\352"
 329      71BC5B48 
 329      F1B70645 
 329      1EC68D16 
 329      EA
 330 0506 16C577A3 		.ascii	"\026\305w\243FY\214d\350\372(~\376\363\325{-\257\346"
 330      46598C64 
 330      E8FA287E 
 330      FEF3D57B 
 330      2DAFE6
 331 0519 C8267DE4 		.ascii	"\310&}\344\275\366\024}\277\0177\305\343\031\233\342"
 331      BDF6147D 
 331      BF0F37C5 
 331      E3199BE2 
 332 0529 47ACD0EB 		.ascii	"G\254\320\353T\013w,PQT\240\213j\216\247Q\315\361L\375"
 332      540B772C 
 332      505154A0 
 332      8B6A8EA7 
 332      51CDF14C 
 333 053e CA78C6BE 		.ascii	"\312x\306\2762\032[\353v\202\204\237v\360\241\001>c"
 333      321A5BEB 
 333      7682849F 
 333      76F0A101 
 333      3E63
 334 0550 9F29C76F 		.ascii	"\237)\307o\267V\360)\374\020\201q`\223/\317<:&\262I"
 334      B756F029 
 334      FC108171 
ARM GAS  /var/folders/_f/jzb7lsz153bclt069nvlpp5r0000gn/T//ccPciYQq.s 			page 26


 334      60932FCF 
 334      3C3A26B2 
 335 0565 5C07CFF9 		.ascii	"\\\007\317\371\344\017\267/5&\317\331\301\200s\224\331"
 335      E40FB72F 
 335      3526CFD9 
 335      C1807394 
 335      D9
 336 0576 122D4338 		.ascii	"\022-C8\320\004\314\301\377/@\342\\\247\372\016\007"
 336      D004CCC1 
 336      FF2F40E2 
 336      5CA7FA0E 
 336      07
 337 0587 B4E4156F 		.ascii	"\264\344\025o\253}\347v\227k\323\212\225\206\352\341"
 337      AB7DE776 
 337      976BD38A 
 337      9586EAE1 
 338 0597 03074BE7 		.ascii	"\003\007K\347\027\346\373\326(\223\201\000(\"]\006/"
 338      17E6FBD6 
 338      28938100 
 338      28225D06 
 338      2F
 339 05a8 437511E8 		.ascii	"Cu\021\3509K\015^A\332\353\000O\306\003\016\274\016"
 339      394B0D5E 
 339      41DAEB00 
 339      4FC6030E 
 339      BC0E
 340 05ba 70B64881 		.ascii	"p\266H\201\025Q\005\336u7\027\337\226'$\006\\\230\177"
 340      155105DE 
 340      753717DF 
 340      96272406 
 340      5C987F
 341 05cd BF320981 		.ascii	"\2772\011\201}\325J\241\342\023\025|\023\"+\256\200"
 341      7DD54AA1 
 341      E213157C 
 341      13222BAE 
 341      80
 342 05de 35629815 		.ascii	"5b\230\025\3179k\216HYs;\213\363\222\031\003\275?9\254"
 342      CF396B8E 
 342      4859733B 
 342      8BF39219 
 342      03BD3F39 
 343 05f3 F2E06E7D 		.ascii	"\362\340n}b\210k\255\310&\007\353'\006\222\246\345Z"
 343      62886BAD 
 343      C82607EB 
 343      270692A6 
 343      E55A
 344 0605 CFB8D605 		.ascii	"\317\270\326\005\271\352\316\226\027\022r\211s}\335"
 344      B9EACE96 
 344      17127289 
 344      737DDD
 345 0614 72EF472D 		.ascii	"r\357G-\343\362\015\322VT^\342G\020]\001\033\"\2706"
 345      E3F20DD2 
 345      56545EE2 
 345      47105D01 
 345      1B22B836 
 346 0628 04B93632 		.ascii	"\004\27162\256\347\205u;\265\214\201\336Q\234k\335\205"
 346      AEE78575 
ARM GAS  /var/folders/_f/jzb7lsz153bclt069nvlpp5r0000gn/T//ccPciYQq.s 			page 27


 346      3BB58C81 
 346      DE519C6B 
 346      DD85
 347 063a A16B24C4 		.ascii	"\241k$\304\265\211s];5V\005\323rma\\\233\203\\\275\205"
 347      B589735D 
 347      3B355605 
 347      D3726D61 
 347      5C9B835C 
 348 0650 EB8E2493 		.ascii	"\353\216$\223\036\3165\352\353\277(r\256\315%\332f\245"
 348      1ECE35EA 
 348      EBBF2872 
 348      AECD25DA 
 348      66A5
 349 0662 2110F83D 		.ascii	"!\020\370=]\000\271\021X\271A\254\255\014\353JY\343"
 349      5D00B911 
 349      58B941AC 
 349      AD0CEB4A 
 349      59E3
 350 0674 D114F294 		.ascii	"\321\024\362\224\013\254\237\3542\361\365\305Q\353\363"
 350      0BAC9FEC 
 350      32F1F5C5 
 350      51EBF3
 351 0683 22D6E705 		.ascii	"\"\326\347\005\327oc\353k\2176\025\245Du>\355\2450o"
 351      D76F63EB 
 351      6B8F3615 
 351      A544753E 
 351      EDA5306F 
 352 0697 BEC83B9F 		.ascii	"\276\310;\237\376&d\331\235\236\337\231=\332?}\262$"
 352      FE2664D9 
 352      9D9EDF99 
 352      3DDA3F7D 
 352      B224
 353 06a9 ED03416F 		.ascii	"\355\003Ao6\253\023fS\226\333er\254\264Z\034\246\017"
 353      36AB1366 
 353      5396DB65 
 353      72ACB45A 
 353      1CA60F
 354 06bc 6487C3E2 		.ascii	"d\207\303\3422-\263Z\027Z\\+\026:W:\345\205\262\345"
 354      322DB35A 
 354      175A5C2B 
 354      163A573A 
 354      E585B2E5 
 355 06d0 73FBC2DF 		.ascii	"s\373\302\337\274o\312\\\364\316{\213\336\317|\317\024"
 355      BC6FCA5C 
 355      F4CE7B8B 
 355      DECF7CCF 
 355      14
 356 06e1 75C56477 		.ascii	"u\305dwZ\035Y6\331\264\302b]nw\312&\263M^j\311rx\314"
 356      5A1D5936 
 356      D9B4C262 
 356      5D6E77CA 
 356      26B34D5E 
 357 06fa 9ED5AB64 		.ascii	"\236\325\253dw\306r\341\323\377\217\276{\265\333dv{"
 357      77C672E1 
 357      D3FF8FBE 
 357      7BB5DB64 
 357      767B
ARM GAS  /var/folders/_f/jzb7lsz153bclt069nvlpp5r0000gn/T//ccPciYQq.s 			page 28


 358 070c 6C088DA2 		.ascii	"l\010\215\242oX\227[\234f\267\354\264\231\377\221%g"
 358      6F58975B 
 358      9C66B7EC 
 358      B499FF91 
 358      2567
 359 071e C966CF2C 		.ascii	"\311f\317,f\330,\036\213\331#-Y\362\321\037\177\236"
 359      66D82C1E 
 359      8BD9232D 
 359      59F2D11F 
 359      7F9E
 360 0730 9161E27F 		.ascii	"\221a\342\177\237[\254\177\307\213!)J\206\224\024\316"
 360      9F5BAC7F 
 360      C78B2129 
 360      4A869414 
 360      CE
 361 0741 605DE9F4 		.ascii	"`]\351\364\310_z\314v\333,\253e\205\371\013\213\203"
 361      C85F7ACC 
 361      76DB2CAB 
 361      6585F90B 
 361      8B83
 362 0753 8A25F1DF 		.ascii	"\212%\361\337\245\016\3132\267\331\243\243\225z\347"
 362      A50ECB32 
 362      B7D9A3A3 
 362      957AE7
 363 0762 B7668F81 		.ascii	"\267f\217\201\027\215\236\316\233V\235-Bi\015;\221\226"
 363      178D9ECE 
 363      9B569D2D 
 363      42690D3B 
 363      9196
 364 0774 7CF4C9A7 		.ascii	"|\364\311\247L\340\335\314\220\000=\325\260\020\011"
 364      4CE0DDCC 
 364      90003DD5 
 364      B01009
 365 0783 2B64B7DB 		.ascii	"+d\267\333\262L\376\211\315\356\362\254f\001\315\253"
 365      B24CFE89 
 365      CDEEF2AC 
 365      6601CDAB 
 366 0793 56A28BEC 		.ascii	"V\242\213\354\372\365\264\021br\307X\022\315[g\265\254"
 366      FAF5B411 
 366      6272C758 
 366      12CD5B67 
 366      B5AC
 367 07a5 B258ED9E 		.ascii	"\262X\355\236\325\232\245.\314Jr\311\026\227\344\266"
 367      D59AA52E 
 367      CC4A72C9 
 367      1697E4B6 
 368 07b5 FF539E13 		.ascii	"\377S\236\023\261\300lw\332=\031\253,.OF\346/\246Dp"
 368      B1C06C77 
 368      DA3D19AB 
 368      2C2E4F46 
 368      E62FA644 
 369 07ca BBAC53D4 		.ascii	"\273\254S\324\255\302"
 369      ADC2
 370 07d0 ECD8F5A9 		.ascii	"\354\330\365\251\221\023\262\223\371E\315\331d6\027"
 370      9113B293 
 370      F945CDD9 
 370      643617
ARM GAS  /var/folders/_f/jzb7lsz153bclt069nvlpp5r0000gn/T//ccPciYQq.s 			page 29


 371 07df B94B6606 		.ascii	"\271Kf\006\365_\210q\254\324"
 371      F55F8871 
 371      ACD4
 372              		.text
 373              		.section	.gnu.lto_.symtab.537a7c55134da16,"",%progbits
 374 0000 6368616E 		.ascii	"chan_send_q_init\000\000\000\000\000\000\000\000\000"
 374      5F73656E 
 374      645F715F 
 374      696E6974 
 374      00000000 
 375 0019 00000003 		.ascii	"\000\000\000\003\001\000\000chan_send_q_enqueue\000"
 375      01000063 
 375      68616E5F 
 375      73656E64 
 375      5F715F65 
 376 0034 00000000 		.ascii	"\000\000\000\000\000\000\000\000\000\000\000\010\001"
 376      00000000 
 376      00000008 
 376      01
 377 0041 00006368 		.ascii	"\000\000chan_send_q_dequeue\000\000\000\000\000\000"
 377      616E5F73 
 377      656E645F 
 377      715F6465 
 377      71756575 
 378 005c 00000000 		.ascii	"\000\000\000\000\000\000\015\001\000\000chan_send_q"
 378      00000D01 
 378      00006368 
 378      616E5F73 
 378      656E645F 
 379 0071 5F66726F 		.ascii	"_front\000\000\000\000\000\000\000\000\000\000\000\000"
 379      6E740000 
 379      00000000 
 379      00000000 
 379      0000
 380 0083 0F010000 		.ascii	"\017\001\000\000"
 381              		.text
 382              		.section	.gnu.lto_.opts,"",%progbits
 383 0000 272D6666 		.ascii	"'-ffp-contract=off' '-fno-trapv' '-mcpu=cortex-m4' "
 383      702D636F 
 383      6E747261 
 383      63743D6F 
 383      66662720 
 384 0033 272D6D74 		.ascii	"'-mthumb' '-mfloat-abi=hard' '-mfpu=fpv4-sp-d16' '-"
 384      68756D62 
 384      2720272D 
 384      6D666C6F 
 384      61742D61 
 385 0066 67676462 		.ascii	"ggdb' '-O2' '-fomit-frame-pointer' '-falign-functio"
 385      2720272D 
 385      4F322720 
 385      272D666F 
 385      6D69742D 
 386 0099 6E733D31 		.ascii	"ns=16' '-ffunction-sections' '-fdata-sections' '-fn"
 386      36272027 
 386      2D666675 
 386      6E637469 
 386      6F6E2D73 
ARM GAS  /var/folders/_f/jzb7lsz153bclt069nvlpp5r0000gn/T//ccPciYQq.s 			page 30


 387 00cc 6F2D636F 		.ascii	"o-common' '-flto' '-fsingle-precision-constant'\000"
 387      6D6D6F6E 
 387      2720272D 
 387      666C746F 
 387      2720272D 
 388              		.text
 389              		.comm	__gnu_lto_v1,1,1
 390              		.comm	__gnu_lto_slim,1,1
 391              		.ident	"GCC: (GNU Tools for ARM Embedded Processors) 4.9.3 20150529 (release) [ARM/embedded-4_9-br
ARM GAS  /var/folders/_f/jzb7lsz153bclt069nvlpp5r0000gn/T//ccPciYQq.s 			page 31


DEFINED SYMBOLS
                            *ABS*:0000000000000000 chan_send_queue.c
                            *COM*:0000000000000001 __gnu_lto_v1
                            *COM*:0000000000000001 __gnu_lto_slim

NO UNDEFINED SYMBOLS
