ARM GAS  /var/folders/_f/jzb7lsz153bclt069nvlpp5r0000gn/T//cc6vHTKV.s 			page 1


   1              		.syntax unified
   2              		.cpu cortex-m4
   3              		.eabi_attribute 27, 1
   4              		.eabi_attribute 28, 1
   5              		.fpu fpv4-sp-d16
   6              		.eabi_attribute 20, 1
   7              		.eabi_attribute 21, 1
   8              		.eabi_attribute 23, 3
   9              		.eabi_attribute 24, 1
  10              		.eabi_attribute 25, 1
  11              		.eabi_attribute 26, 1
  12              		.eabi_attribute 30, 2
  13              		.eabi_attribute 34, 1
  14              		.eabi_attribute 18, 4
  15              		.thumb
  16              		.file	"crt1.c"
  17              		.text
  18              	.Ltext0:
  19              		.section	.gnu.lto_.profile.d78f386baff6753a,"",%progbits
  20 0000 789C6366 		.ascii	"x\234cf```a\200\000F\006IQ\000\000\273\0007"
  20      60606061 
  20      80004606 
  20      49510000 
  20      BB0037
  21              		.text
  22              		.section	.gnu.lto_.jmpfuncs.d78f386baff6753a,"",%progbits
  23 0000 789C6366 		.ascii	"x\234cf\300\016\004\2414+\020320010030\260\0009\000"
  23      C00E04A1 
  23      342B1033 
  23      32303031 
  23      30303330 
  24 0018 03080024 		.ascii	"\003\010\000$"
  25              		.text
  26              		.section	.gnu.lto_.inline.d78f386baff6753a,"",%progbits
  27 0000 789C6366 		.ascii	"x\234cf\300\016\342\2414+\003\0033\023#\003\023\220"
  27      C00EE2A1 
  27      342B0303 
  27      33132303 
  27      1390
  28 0012 C9B6401E 		.ascii	"\311\266@\036D10b\2100a\2100\003y\020\021\0260\011\244"
  28      44313062 
  28      88306188 
  28      30037910 
  28      11163009 
  29 0027 445E7102 		.ascii	"D^q\002E\224\332\026\315d\204+c\000\000\376\271\006"
  29      4594DA16 
  29      CD64842B 
  29      630000FE 
  29      B906
  30 0039 9F       		.ascii	"\237"
  31              		.text
  32              		.section	.gnu.lto_.pureconst.d78f386baff6753a,"",%progbits
  33 0000 789C6366 		.ascii	"x\234cf``\340f\200\000V\006\011F\011&\011f\023\026)"
  33      6060E066 
  33      80005606 
  33      09460926 
  33      09661316 
ARM GAS  /var/folders/_f/jzb7lsz153bclt069nvlpp5r0000gn/T//cc6vHTKV.s 			page 2


  34 0015 00043A00 		.ascii	"\000\004:\000\264"
  34      B4
  35              		.text
  36              		.section	.gnu.lto___core_init.d78f386baff6753a,"",%progbits
  37 0000 789C6366 		.ascii	"x\234cf\300\004R@\\\002\304\336@\314\310\314\300\310"
  37      C0045240 
  37      5C02C4DE 
  37      40CCC8CC 
  37      C0C8
  38 0012 34E11C03 		.ascii	"4\341\034\003C#\007\023##\210\301\300\310P\317\304X"
  38      43230713 
  38      232388C1 
  38      C0C850CF 
  38      C458
  39 0024 CFF892E9 		.ascii	"\317\370\222\351#\023\343\204\003\253gp\253/mhh\370"
  39      2313E384 
  39      03AB6770 
  39      AB2F6D68 
  39      68F8
  40 0036 30E9B244 		.ascii	"0\351\262D\253\304O&\006\206\317L\020c\030\2273\252"
  40      ABC44F26 
  40      0686CF4C 
  40      10631897 
  40      33AA
  41 0048 3300D57C 		.ascii	"3\000\325|l\371{\235\233\255\005\250F\000\"\307\270"
  41      6CF97B9D 
  41      9BAD05A8 
  41      460022C7 
  41      B8
  42 0059 82918D11 		.ascii	"\202\221\215\021H\257\027:\320\360\377\377\3429\177"
  42      48AF173A 
  42      D0F0FFFF 
  42      E2397F
  43 0068 2EB30085 		.ascii	".\263\000\205\237\0001\310\374\247LL \232\371\036##"
  43      9F0031C8 
  43      FCA74C4C 
  43      209AF91E 
  43      2323
  44 007a 4821C8A4 		.ascii	"H!\310\244'L\214 !\240\002O==}8r\316\310L\312\364\017"
  44      274C8C20 
  44      21A0024F 
  44      3D3D7D38 
  44      72CEC84C 
  45 0091 8E3732D0 		.ascii	"\21672\3203\3263\326\317/\326O\316\317\315\315\317\323"
  45      33D633D6 
  45      CF2FD64F 
  45      CECFCDCD 
  45      CFD3
  46 00a3 2F2E492C 		.ascii	"/.I,*)-\320w\014\362u\366\255\000\211\026d\346\244\026"
  46      2A292DD0 
  46      770CF275 
  46      F6AD0089 
  46      1664E6A4 
  47 00b8 15EBBB3B 		.ascii	"\025\353\273;;\353'\027\225\030\352%3\000\000\017\245"
  47      3BEB2717 
  47      9518EA25 
  47      3300000F 
ARM GAS  /var/folders/_f/jzb7lsz153bclt069nvlpp5r0000gn/T//cc6vHTKV.s 			page 3


  47      A5
  48 00c9 4011     		.ascii	"@\021"
  49              		.text
  50              		.section	.gnu.lto___early_init.d78f386baff6753a,"",%progbits
  51 0000 789C6366 		.ascii	"x\234cf\300\004R@\\\004\304\336@\314\310\314\300\310"
  51      C0045240 
  51      5C04C4DE 
  51      40CCC8CC 
  51      C0C8
  52 0012 34E11C03 		.ascii	"4\341\034\003C#\007\023##\210\301\300\310P\317\304X"
  52      43230713 
  52      232388C1 
  52      C0C850CF 
  52      C458
  53 0024 CFF892E9 		.ascii	"\317\370\222\351#\023\343\204\003\253gp\253/mhh\370"
  53      2313E384 
  53      03AB6770 
  53      AB2F6D68 
  53      68F8
  54 0036 70E8BA44 		.ascii	"p\350\272D\253\304O&\006\206\317L\020c\030\2273\252"
  54      ABC44F26 
  54      0686CF4C 
  54      10631897 
  54      33AA
  55 0048 3300D57C 		.ascii	"3\000\325|l\371{\235\233\255\005\250F\000\"\307\270"
  55      6CF97B9D 
  55      9BAD05A8 
  55      460022C7 
  55      B8
  56 0059 82918D11 		.ascii	"\202\221\215\021H\257\027:\320\360\377\377\3439\022"
  56      48AF173A 
  56      D0F0FFFF 
  56      E33912
  57 0068 40C12740 		.ascii	"@\301'@\0142\375)\023\023\210f\276\307\310\010R\006"
  57      0C32FD29 
  57      13138866 
  57      BEC7C808 
  57      5206
  58 007a 32E70913 		.ascii	"2\347\011\023#H\010\250\300SOO\037\216\23432\2232\375"
  58      234808A8 
  58      C0534F4F 
  58      1F8E9C33 
  58      329332FD 
  59 008e 83E38D0C 		.ascii	"\203\343\215\014\364\214\365\214\365\363\213\365\223"
  59      F48CF58C 
  59      F5F38BF5 
  59      93
  60 009b F37373F3 		.ascii	"\363ss\363\363\364\213K\022\213JJ\013\364\035\203|\235"
  60      F3F48B4B 
  60      128B4A4A 
  60      0BF41D83 
  60      7C9D
  61 00ad 7D2B40A2 		.ascii	"}+@\242\005\2319\251E\305\372\356\316\316\372\311E%"
  61      059939A9 
  61      45C5FAEE 
  61      CECEFAC9 
  61      4525
ARM GAS  /var/folders/_f/jzb7lsz153bclt069nvlpp5r0000gn/T//cc6vHTKV.s 			page 4


  62 00bf 867AC90C 		.ascii	"\206z\311\014\000FZ>\310"
  62      00465A3E 
  62      C8
  63              		.text
  64              		.section	.gnu.lto___late_init.d78f386baff6753a,"",%progbits
  65 0000 789C6366 		.ascii	"x\234cf\300\004R@\\\004\304\336@\314\310\314\300\310"
  65      C0045240 
  65      5C04C4DE 
  65      40CCC8CC 
  65      C0C8
  66 0012 34E11C03 		.ascii	"4\341\034\003C#\007\023##\210\301\300\310P\317\304X"
  66      43230713 
  66      232388C1 
  66      C0C850CF 
  66      C458
  67 0024 CFF892E9 		.ascii	"\317\370\222\351#\023\343\204\003\253gp\253/mhh\370"
  67      2313E384 
  67      03AB6770 
  67      AB2F6D68 
  67      68F8
  68 0036 B0E8B644 		.ascii	"\260\350\266D\253\304O&\006\206\317L\020c\030\2273\252"
  68      ABC44F26 
  68      0686CF4C 
  68      10631897 
  68      33AA
  69 0048 3300D57C 		.ascii	"3\000\325|l\371{\235\233\255\005\250F\000\"\307\270"
  69      6CF97B9D 
  69      9BAD05A8 
  69      460022C7 
  69      B8
  70 0059 82918D11 		.ascii	"\202\221\215\021H\257\027:\320\360\377\377\3429\022"
  70      48AF173A 
  70      D0F0FFFF 
  70      E23912
  71 0068 40C12740 		.ascii	"@\301'@\0142\375)\023\023\210f\276\307\310\010R\006"
  71      0C32FD29 
  71      13138866 
  71      BEC7C808 
  71      5206
  72 007a 32E70913 		.ascii	"2\347\011\023#H\010\250\300SOO\037\216\23432\2232\375"
  72      234808A8 
  72      C0534F4F 
  72      1F8E9C33 
  72      329332FD 
  73 008e 83E38D0C 		.ascii	"\203\343\215\014\364\214\365\214\365\363\213\365\223"
  73      F48CF58C 
  73      F5F38BF5 
  73      93
  74 009b F37373F3 		.ascii	"\363ss\363\363\364\213K\022\213JJ\013\364\035\203|\235"
  74      F3F48B4B 
  74      128B4A4A 
  74      0BF41D83 
  74      7C9D
  75 00ad 7D2B40A2 		.ascii	"}+@\242\005\2319\251E\305\372\356\316\316\372\311E%"
  75      059939A9 
  75      45C5FAEE 
  75      CECEFAC9 
ARM GAS  /var/folders/_f/jzb7lsz153bclt069nvlpp5r0000gn/T//cc6vHTKV.s 			page 5


  75      4525
  76 00bf 867AC90C 		.ascii	"\206z\311\014\000\026*>l"
  76      00162A3E 
  76      6C
  77              		.text
  78              		.section	.gnu.lto___default_exit.d78f386baff6753a,"",%progbits
  79 0000 789C6366 		.ascii	"x\234cf\300\004&@\\\014\304\336@\314\310\312\300\310"
  79      C0042640 
  79      5C0CC4DE 
  79      40CCC8CA 
  79      C0C8
  80 0012 34E11C03 		.ascii	"4\341\034\003C#\007\023#3\210\301\310\314\310\002\021"
  80      43230713 
  80      233388C1 
  80      C8CCC802 
  80      11
  81 0023 60810838 		.ascii	"`\201\010822\32431\2630\002\011\210\376\227L\037\231"
  81      3232D433 
  81      31B33002 
  81      0988FE97 
  81      4C1F99
  82 0036 18271C58 		.ascii	"\030'\034X=\203[}iCC\303\207Ow%Z%~210|f\202(`\\\316"
  82      3D835B7D 
  82      694343C3 
  82      874F7725 
  82      5A257E32 
  83 0053 A8CE0054 		.ascii	"\250\316\000T\363\261\345\357un\266\026\240\032\001"
  83      F3B1E5EF 
  83      756EB616 
  83      A01A01
  84 0062 881CE30A 		.ascii	"\210\034\343\012F6F \275^\350@\303\377\377\217\347\236"
  84      46364620 
  84      BD5EE840 
  84      C3FFFF8F 
  84      E79E
  85 0074 B9CF02E4 		.ascii	"\271\317\002\344>\001J1\002I&\240\335O\200\226\000-"
  85      3E014A31 
  85      024926A0 
  85      DD4F8096 
  85      002D
  86 0086 657CC2C4 		.ascii	"e|\302\304\002\245\031\301Fz\352\351\351\303\221sFf"
  86      02A519C1 
  86      467AEAE9 
  86      E9C39173 
  86      4666
  87 0098 52A67F70 		.ascii	"R\246\177p\274\221\201\236\261\236\261~~\261~r~nn~\236"
  87      BC91819E 
  87      B19EB17E 
  87      7EB17E72 
  87      7E6E6E7E 
  88 00ad 7E714962 		.ascii	"~qIbQIi\201\276c\220\257\263o\005H\264 3'\265\250X\337"
  88      51496981 
  88      BE6390AF 
  88      B36F0548 
  88      B4203327 
  89 00c5 DDD9593F 		.ascii	"\335\331Y?\271\250\304P/\231\001\000hxC<"
  89      B9A8C450 
ARM GAS  /var/folders/_f/jzb7lsz153bclt069nvlpp5r0000gn/T//cc6vHTKV.s 			page 6


  89      2F990100 
  89      6878433C 
  90              		.text
  91              		.section	.gnu.lto___init_ram_areas.d78f386baff6753a,"",%progbits
  92 0000 789C8D54 		.ascii	"x\234\215ToL[U\024\277\347\336\327\327\327\276\326\226"
  92      6F4C5B55 
  92      14BFE7DE 
  92      D7D7D7BE 
  92      D696
  93 0012 81C9B2C4 		.ascii	"\201\311\262\304h\302\007\374\262\276\375\371b\366\305"
  93      68C207FC 
  93      B2BEFDF9 
  93      62F6C5
  94 0021 2C7C5013 		.ascii	",|P\023\247\306\371]'\232H\342F\003\230\230(\341\001"
  94      A7C6F95D 
  94      279A48E2 
  94      46039898 
  94      28E101
  95 0034 D5654E81 		.ascii	"\325eN\201\020\235M\3146\027\377\014d\014&nk\331&eL"
  95      109D4DCC 
  95      3617FF0C 
  95      640C266E 
  95      6BD92665 
  96 0049 CBE68621 		.ascii	"\313\346\206!\302LtAb\030\376\211.\253\325\225\352H"
  96      C24C7441 
  96      6218FE89 
  96      2EABD595 
  96      EA48
  97 005b 3DE7DCA2 		.ascii	"=\347\334\242\245\033FR\336\275\347\334s\177\347w~\347"
  97      A51B4652 
  97      DEBDE7DC 
  97      737FE777 
  97      7EE7
  98 006d BDA3C4AD 		.ascii	"\275\243\304\255\177\007\360\377%S\210'p\205\200\000"
  98      7F07F0FF 
  98      25538827 
  98      70858000 
  99 007d D93D2944 		.ascii	"\331=)D\233%A\351\215\002\217\336\030z3fy\244\361zZ"
  99      9B2541E9 
  99      8D028FDE 
  99      187A3366 
  99      79A4F17A 
 100 0092 08D76FC6 		.ascii	"\010\327o\306\274\302\015\230`\221\037\274z\035\263"
 100      BCC20D98 
 100      60911FBC 
 100      7A1DB3
 101 00a1 2CE9D5E7 		.ascii	",\351\325\347>>\367I[\233~6m\015\274\325\017@\253\000"
 101      3E3EF749 
 101      5B9B7E36 
 101      6D0DBCD5 
 101      0F40AB00 
 102 00b5 D12A95E1 		.ascii	"\321*\225\3411\275\226\317\366C\253\241\004\024\012"
 102      31BD96CF 
 102      F643ABA1 
 102      04140A
 103 00c4 8556E6E6 		.ascii	"\205V\346\346\321\024-\275\374$3\022\272S\375q\273\346"
 103      D1142DBD 
ARM GAS  /var/folders/_f/jzb7lsz153bclt069nvlpp5r0000gn/T//cc6vHTKV.s 			page 7


 103      FC243312 
 103      BA53FD71 
 103      BBE6
 104 00d6 03D775AF 		.ascii	"\003\327u\257\367d\326\276\2626/\205\310J\035\000\207"
 104      F764D6BE 
 104      B2362F85 
 104      C84A1D00 
 104      87
 105 00e7 A14660CC 		.ascii	"\241F`\314`\377\364\001P\017\003\355\223G\177\277d\377"
 105      60FFF401 
 105      500F03ED 
 105      93477FBF 
 105      64FF
 106 00f9 28F312EE 		.ascii	"(\363\022\356!s\244g\"n\222)\0152\277\375pi\217\254"
 106      2173A467 
 106      226E9229 
 106      0D32BFFD 
 106      70698FAC 
 107 010d 3EE4BAED 		.ascii	">\344\272\355s{\323\223\001w\302\215\315\025\012w\347"
 107      737BD393 
 107      0177C28D 
 107      CD150A77 
 107      E7
 108 011e A5825E50 		.ascii	"\245\202^P\210\013}\260\016>\202uE\261\360J&\266\364"
 108      880B7DB0 
 108      0E3E8275 
 108      45B1F04A 
 108      26B6F4
 109 0131 B56DC690 		.ascii	"\265m\306\220@\030\372\241Z'\207#`\202\020\212<\030"
 109      4018FAA1 
 109      5A278723 
 109      6082108A 
 109      3C18
 110 0143 D3967A63 		.ascii	"\323\226zc:\250\036c\002\035\211\266\321\200N\321\371"
 110      3AA81E63 
 110      021D89B6 
 110      D1804ED1 
 110      F9
 111 0154 43BA2485 		.ascii	"C\272$\205\001\003\267K\001G\031b\261w\317\031\251\266"
 111      0103B74B 
 111      01471962 
 111      B177CF19 
 111      A9B6
 112 0166 3344FAE6 		.ascii	"3D\372\346\215\231;\030\342\335\256\303f\011\300\340"
 112      8D993B18 
 112      E2DDAEC3 
 112      6609C0E0 
 113 0176 6D0186A0 		.ascii	"m\001\206\240zpM\312-\024\262\347\276\332]sJ\336\011"
 113      7A704DCA 
 113      2D14B2E7 
 113      BEDA5D73 
 113      4ADE09
 114 0189 82784986 		.ascii	"\202xI\206V|n\360\323\342\247\237\3756\357\003\002a"
 114      567C6EF0 
 114      D3E2A79F 
 114      FD36EF03 
 114      0261
ARM GAS  /var/folders/_f/jzb7lsz153bclt069nvlpp5r0000gn/T//cc6vHTKV.s 			page 8


 115 019b 83F8F084 		.ascii	"\203\370\360\204\330\016\363Y\005y+\331Q\305PB\314c"
 115      D80EF359 
 115      05792BD9 
 115      51C55042 
 115      CC63
 116 01ad D553425C 		.ascii	"\325SB\\\225\022\027u\031\332Sow\336\305*h\005\366u"
 116      95121775 
 116      19DA536F 
 116      77DEC52A 
 116      6805F675 
 117 01c1 4D2754CB 		.ascii	"M'T\313_n\334\265\362\322\\\222Z\273\357\346\277\234"
 117      5F6EDCB5 
 117      F2D25C92 
 117      5ABBEFE6 
 117      BF9C
 118 01d3 B2487D93 		.ascii	"\262H}\223\315\276\2567\023\260\037\336i\353\246(/\034"
 118      CDBEAE37 
 118      13B01FDE 
 118      69EBA628 
 118      2F1C
 119 01e5 8316F898 		.ascii	"\203\026\370\230\352\300\263\203\363\275q\233\001R\017"
 119      EAC0B383 
 119      F3BD719B 
 119      01520F
 120 01f4 623C0C63 		.ascii	"b<\014c \326\366\011\264\010J\253D\314Ki\303\314''A"
 120      20D6F609 
 120      B4084AAB 
 120      44CC4B69 
 120      C3CC2727 
 121 0209 7C03ED27 		.ascii	"|\003\355'\216\245\263\252\254EH\237xs\207\360\376q"
 121      8EA5B3AA 
 121      AC45489F 
 121      787387F0 
 121      FE71
 122 021b 3073D25F 		.ascii	"0s\322_JEq\272\343\213\007\177\015\022\025\327M9yi!"
 122      4A4571BA 
 122      E38B077F 
 122      0D1215D7 
 122      4D397969 
 123 0230 229C2852 		.ascii	"\"\234(R\271v\266\363\317\320\372~7\234\227>8\211<~"
 123      B976B6F3 
 123      CFD0FA7E 
 123      379C973E 
 123      38893C7E 
 124 0244 E3F70D12 		.ascii	"\343\367\015\022\260^ \005\367~B\245D\210\3144\246\322"
 124      B05E2005 
 124      F77E42A5 
 124      4488CC34 
 124      A6D2
 125 0256 4A27B2CB 		.ascii	"J'\262\313\220#\377\205\234dd \344\221\025\310C\204"
 125      9023FF85 
 125      9C646420 
 125      E49115C8 
 125      4384
 126 0268 6C0BB100 		.ascii	"l\013\261\000\260B\331\271\275\273\327,\213\013\247"
 126      B042D9B9 
 126      BDBBD72C 
ARM GAS  /var/folders/_f/jzb7lsz153bclt069nvlpp5r0000gn/T//cc6vHTKV.s 			page 9


 126      8B0BA7
 127 0277 A045F67A 		.ascii	"\240E\366zs\262\312\276\362\307S(\220!\360\243S\310"
 127      73B2CABE 
 127      F2C75328 
 127      9021F0A3 
 127      53C8
 128 0289 E6C66BB3 		.ascii	"\346\306k\263\311\3734\235`i\335\306\212\272!/\3759"
 128      C9FB349D 
 128      6069DDC6 
 128      8ABA212F 
 128      FD39
 129 029b 29E13431 		.ascii	")\34141\2033$6\336\3559\024\244\233eUx9V\025c?\305X"
 129      83332436 
 129      DEED3914 
 129      A49B6555 
 129      78395615 
 130 02b3 84C6F08E 		.ascii	"\204\306\360\216\370\253\013\311\015:U\210\002\350\235"
 130      F8AB0BC9 
 130      0D3A5588 
 130      02E89D
 131 02c2 BC0CF2DF 		.ascii	"\274\014\362\337\"B:\352Zr\223\216\012S\312\322(\026"
 131      22423AEA 
 131      5A72938E 
 131      0A53CAD2 
 131      2816
 132 02d4 31CC1DF6 		.ascii	"1\314\035\366\010\034\017\305\026\363e%\264\3011R\367"
 132      081C0FC5 
 132      16F36525 
 132      B4C13152 
 132      F7
 133 02e5 FBD2B047 		.ascii	"\373\322\260G#\005V\326\262\272\312\243\2542K\226B\225"
 133      230556D6 
 133      B2BACAA3 
 133      AC324B96 
 133      4295
 134 02f7 672036D9 		.ascii	"g 6\331\261\253\210A9\004\351,\261\223\352\227\314\313"
 134      B1AB8841 
 134      3904E92C 
 134      B193EA97 
 134      CCCB
 135 0309 C8C5B892 		.ascii	"\310\305\270\222}f\001\0246@\335$G\310\270\230%}Mz\001"
 135      7D660114 
 135      3640DD24 
 135      47C8B898 
 135      257D4D7A 
 136 031e 31143329 		.ascii	"1\0243)\017\240\303\273,\370\365\241\231\367\324\252"
 136      0FA0C3BB 
 136      2CF8F5A1 
 136      99F7D4AA 
 137 032e B21945D9 		.ascii	"\262\031E\331\306\220Gi;\374\350;\213',\320\354HQ\306"
 137      C6904769 
 137      3BFCE83B 
 137      8B272CD0 
 137      EC4851C6 
 138 0342 4ABA708B 		.ascii	"J\272p\213\214\225,\220E\002A\211@\006k\222\231^\326"
 138      8C952C90 
 138      45024189 
ARM GAS  /var/folders/_f/jzb7lsz153bclt069nvlpp5r0000gn/T//cc6vHTKV.s 			page 10


 138      40066B92 
 138      995ED6
 139 0355 A4E2FF6A 		.ascii	"\244\342\377j2\316\232P\355p\256L\223\012\202eM\214"
 139      32CE9A50 
 139      ED70AE4C 
 139      930A8265 
 139      4D8C
 140 0367 9CB44CEC 		.ascii	"\234\264L\354t\245\3674\277`>\022\200\331\376\274E\307"
 140      74A5F734 
 140      BF603E12 
 140      80D9FEBC 
 140      45C7
 141 0379 56610284 		.ascii	"Va\002\204\376\342\373\305l\200G,\022\373\254\204;\177"
 141      FEE2FBC5 
 141      6C80472C 
 141      12FBAC84 
 141      3B7F
 142 038b A855047F 		.ascii	"\250U\004\177\261ct\277\242/\022\355U\207E\371t\370"
 142      B16374BF 
 142      A22F12ED 
 142      558745F9 
 142      74F8
 143 039d BC643ABC 		.ascii	"\274d:\274\377\326\276#\036\312a[d\236\037\357;\031"
 143      FFD6BE23 
 143      1ECA615B 
 143      649E1FEF 
 143      3B19
 144 03af 7206DC6E 		.ascii	"r\006\334n7\265\005\013\2054\336\203\011=\021i\312\217"
 144      37B5050B 
 144      8534DE83 
 144      093D1169 
 144      CA8F
 145 03c1 27067C7A 		.ascii	"'\006|z\226\334K\243\375<8X\352\005\036%4\312l1l\302"
 145      96DC4BA3 
 145      FD3C3858 
 145      EA051E25 
 145      34CA6C31 
 146 03d7 556C018E 		.ascii	"Ul\001\216\262Y\034\336\331G\364\264\2403@'\022z(\022"
 146      B2591CDE 
 146      D947F4B4 
 146      A0334027 
 146      127A2812 
 147 03eb 71FEF9D5 		.ascii	"q\376\371\325>W\377t\375\243\333\237\334\264!\2629\262"
 147      3E57FF74 
 147      FDA3DB9F 
 147      DCB421B2 
 147      39B2
 148 03fd D9696872 		.ascii	"\331ihr\352\032v\356l\330\34545\357hl~!\352l}|[\355"
 148      EA1A76EE 
 148      6CD8E534 
 148      35EF686C 
 148      7E21EA6C 
 149 0415 B617C91B 		.ascii	"\266\027\311\033\255\177\376\331\306&\347\201\332Z\247"
 149      AD7FFED9 
 149      C626E781 
 149      DA5AA7
 150 0424 AEB17963 		.ascii	"\256\261yc\244N\250\306\035Q\331\034\205\350\337\313"
ARM GAS  /var/folders/_f/jzb7lsz153bclt069nvlpp5r0000gn/T//cc6vHTKV.s 			page 11


 150      A44EA8C6 
 150      1D51D91C 
 150      85E8DFCB 
 151 0434 FB58E8   		.ascii	"\373X\350"
 152              		.text
 153              		.section	.gnu.lto_.symbol_nodes.d78f386baff6753a,"",%progbits
 154 0000 789C55CA 		.ascii	"x\234U\312\3532Bq\030\205\361\367\371\357\275)B%R(w"
 154      EB324271 
 154      1885F1F7 
 154      F9EFBD29 
 154      42255228 
 155 0015 E2D2DE19 		.ascii	"\342\322\336\031\012\205\016:9fW\344n\\\023k|P\353\313"
 155      0A850E3A 
 155      396657E4 
 155      6E5C136B 
 155      7C50EBCB 
 156 0029 6FE69915 		.ascii	"o\346\231\025\231\3319\366\267p\211\233\365\276\315"
 156      99D939F6 
 156      B770899B 
 156      F5BECD
 157 0038 DC6D9A66 		.ascii	"\334m\232f,4p\326B\023\017k\341\012\217\376Cl\341\032"
 157      2C3470D6 
 157      42130F6B 
 157      E10A8FFE 
 157      436CE11A 
 158 004c 8F571FC9 		.ascii	"\217W\037\311\005\226\006\217\222\033\310\273%-\202"
 158      0596068F 
 158      921BC8BB 
 158      252D82
 159 005b 6813895B 		.ascii	"h\023\211[bqG\"\356\331\020\0356E\227\214\350\221\025"
 159      62714722 
 159      EED9101D 
 159      3645978C 
 159      E89115
 160 006e 7DB6C403 		.ascii	"}\266\304\003\333b@N\014\331\021#v\305\230=1!/\036)"
 160      DB62404E 
 160      0CD91123 
 160      76C5983D 
 160      31212F1E 
 161 0083 88278AE2 		.ascii	"\210'\212\342\231}\361BI\274r \3368\024S\312\342\235"
 161      997DF142 
 161      49BC7220 
 161      DE381453 
 161      CAE29D
 162 0096 23915211 		.ascii	"#\221R\0213\252b\316\261Xp\">8\025\237\324\304\222\272"
 162      33AA62CE 
 162      B1587022 
 162      3E38159F 
 162      D4C492BA 
 163 00aa F8E2EC17 		.ascii	"\370\342\354\027\373\001\370\354@\343"
 163      FB01F8EC 
 163      40E3
 164              		.text
 165              		.section	.gnu.lto_.refs.d78f386baff6753a,"",%progbits
 166 0000 789C25C1 		.ascii	"x\234%\301[\032\201P\030\000\300\377\233:\024\241(\227"
 166      5B1A8150 
 166      1800C0FF 
ARM GAS  /var/folders/_f/jzb7lsz153bclt069nvlpp5r0000gn/T//cc6vHTKV.s 			page 12


 166      9B3A14A1 
 166      2897
 167 0012 90E3B61A 		.ascii	"\220\343\266\032\373\337\217\207f\212\210\370\305L)"
 167      FBDF8F87 
 167      668A88F8 
 167      C54C29
 168 0021 91A69C2C 		.ascii	"\221\246\234,,Uj+k\215\215\255\235Vg\357\24078:9\273"
 168      2C556A2B 
 168      6B8D8DAD 
 168      9D5667EF 
 168      A037383A 
 169 0037 185DDDDC 		.ascii	"\030]\335\334M\036\262\247\227\267\217o\374\001}Z\003"
 169      4D1EB2A7 
 169      97B78F6F 
 169      FC017D5A 
 169      03
 170 0048 98       		.ascii	"\230"
 171              		.text
 172              		.section	.gnu.lto_.decls.d78f386baff6753a,"",%progbits
 173 0000 789CAD98 		.ascii	"x\234\255\230iPTW\026\307\373\276\333\013\264Mcie)\247"
 173      69505457 
 173      16C7FBBE 
 173      DB0BB44D 
 173      63696529 
 174 0015 2A63B4CA 		.ascii	"*c\264\312\232%\332\002\212\225\371\220d\306\232Jf&"
 174      9A25DA02 
 174      8A95F990 
 174      64C69A4A 
 174      6626
 175 0027 DB6C9FE6 		.ascii	"\333l\237\346C\027\301\236\0115\010\031hk\222\017V\265"
 175      4317C19E 
 175      09350819 
 175      686B920F 
 175      56B5
 176 0039 A2040808 		.ascii	"\242\004\010\010\"\"K\304f\213\204\035\004\264\233}"
 176      22224BC4 
 176      668B841D 
 176      04B49B7D 
 177 0049 6F647101 		.ascii	"odq\001\027\004\241!*\262#`XD\230\373\356=\357a\277"
 177      1704A121 
 177      2AB22360 
 177      584498FB 
 177      EE3DEF61 
 178 005e 87335FA6 		.ascii	"\2073_\246\313\343\355\373\3369\277\363\177\367\177"
 178      CBE3EDFB 
 178      DE39BFF3 
 178      7FF77F
 179 006d DFEB6EB0 		.ascii	"\337\353n\260B\241hB\012\305\032y\275\363\212Ba\303"
 179      42A16842 
 179      0AC51A79 
 179      BDF38A42 
 179      61C3
 180 007f 0A859A1C 		.ascii	"\012\205\232\034\373T\261\376R\221($QB\242\214\204\215"
 180      FB54B1FE 
 180      52912824 
 180      5142A28C 
 180      848D
ARM GAS  /var/folders/_f/jzb7lsz153bclt069nvlpp5r0000gn/T//cc6vHTKV.s 			page 13


 181 0091 44258937 		.ascii	"D%\2117I|Hj\007\3108D\342\001\211\021\022\343$\246H"
 181      497C486A 
 181      07C83844 
 181      E2018911 
 181      12E324A6 
 182 00a6 3C21314F 		.ascii	"<!1Ob\211\304\012\2115\022\034\311\327\220\320\222\360"
 182      6289C40A 
 182      8935121C 
 182      C9D790D0 
 182      92F0
 183 00b8 20B199C4 		.ascii	" \261\231\304+$^'\361\023\022o\220\330Ib\027\211\237"
 183      2B245E27 
 183      F113126F 
 183      90D84962 
 183      17899F
 184 00cb 93788B84 		.ascii	"\223x\213\204\027\211}$\016\220\370\025\211wI\374\206"
 184      17897D24 
 184      0E90F815 
 184      897749FC 
 184      86
 185 00dc C46F497C 		.ascii	"\304oI|\200\024./^'zA?\202c\322W\311\006y%\033\344\225"
 185      80142E2F 
 185      5E277A41 
 185      3F8263D2 
 185      57C90679 
 186 00f4 6D9057B6 		.ascii	"m\220W\266A\236m\203<\333\006y\374\272\351 O\017\357"
 186      419E6D83 
 186      3CDB0679 
 186      FCBAE920 
 186      4F0FEF
 187 0107 3F22C92D 		.ascii	"?\"\311-\012\266\236\037\223\367}d\274E\342\023\362"
 187      0AB69E1F 
 187      93F77D64 
 187      BC45E213 
 187      F2
 188 0118 BE898CBF 		.ascii	"\276\211\214\277'\241$\321E\242\203\304u\022\235\320"
 188      27A124D1 
 188      45A283C4 
 188      75129DD0 
 189 0128 A312C60F 		.ascii	"\243\022\306\017%\353\360\204C\266\302\371\316M\217"
 189      25EBF084 
 189      43B6C2F9 
 189      CE4D8F
 190 0137 39A4D76E 		.ascii	"9\244\327n\347\247\366xG\222\232LuZ%?\255|6\334\243"
 190      E7A7F678 
 190      47929A4C 
 190      755A253F 
 190      AD7C36DC 
 191 014c 7CEDAC85 		.ascii	"|\355\254\205\274\342\302,\233\225\350\323W\321E\264"
 191      BCE2C22C 
 191      9B95E8D3 
 191      57D145B4 
 192 015c 0DE5A06D 		.ascii	"\015\345\240m\204\370=z\215\374\3777%#\335K\353nq\303"
 192      84F83D7A 
 192      8DFCFF37 
 192      2523DD4B 
 192      EB6E71C3 
ARM GAS  /var/folders/_f/jzb7lsz153bclt069nvlpp5r0000gn/T//cc6vHTKV.s 			page 14


 193 0170 C43AF23E 		.ascii	"\304:\362>3i\250G\373V.)\213\260\324\315\240\365v\367"
 193      3369A847 
 193      FB562E29 
 193      8BB0D4CD 
 193      A0F576F7 
 194 0184 C222663D 		.ascii	"\302\"f=\361+4\351d\327\370,Vr\012\224\2170;\033\033"
 194      F12B34E9 
 194      64D7F82C 
 194      56720A94 
 194      8F303B1B 
 195 0199 5553EDB9 		.ascii	"US\355\271=\315b\265\316\330K\243p\262\305\332`Y][C"
 195      3DCD62B5 
 195      CED84BA3 
 195      70B2C5DA 
 195      60595D5B 
 196 01ae B415CA45 		.ascii	"\264\025\312E\030\345\241\267H\313\002\244T\360S\266"
 196      18E5A1B7 
 196      48CB02A4 
 196      54F053B6 
 197 01be 8885683B 		.ascii	"\210\205h;\251m8=;\211\360\241\227\220\217\015\264\246"
 197      A96D383D 
 197      3B89F0A1 
 197      97908F0D 
 197      B4A6
 198 01d0 E929D95A 		.ascii	"\351)\331Z\225\255v\304\325\255\255\275K\241E\"\264"
 198      95AD76C4 
 198      D5ADADBD 
 198      4BA14522 
 198      B4
 199 01e1 98871609 		.ascii	"\230\207\026\011\320\022\012M\274}~\304\035\377\353"
 199      D0120A4D 
 199      BC7D7EC4 
 199      1DFFEB
 200 01f0 25505BFF 		.ascii	"%P[\377c+b\320{.\320R\021z\211\207\226\012\3202\012"
 200      632B62D0 
 200      7B2ED052 
 200      117A8987 
 200      960AD032 
 201 0205 2D1E3835 		.ascii	"-\03685\253\301G)\264wh\264G\203\243\021\235\\HJ\273"
 201      ABC14729 
 201      B47768B4 
 201      4783A311 
 201      9D5C484A 
 202 021a A3E33B54 		.ascii	"\243\343;T\010\035\006z\023\354\356BOt\031QS\032O\307"
 202      081D067A 
 202      13ECEE42 
 202      4F741951 
 202      531A4FC7 
 203 022e 0F717CDB 		.ascii	"\017q|\333t\353\264K\333r\261\355\025\276m\271\320\326"
 203      74EBB44B 
 203      DB72B1ED 
 203      15BE6DB9 
 203      D0D6
 204 0240 46DB9665 		.ascii	"F\333\226e<\272\257\301gY\253\221\360\246?\362\210b"
 204      3CBAAFC1 
 204      6759AB91 
 204      F0A63FF2 
ARM GAS  /var/folders/_f/jzb7lsz153bclt069nvlpp5r0000gn/T//cc6vHTKV.s 			page 15


 204      8862
 205 0252 6BE445B5 		.ascii	"k\344E\265\303\"\"\354\002\202\224\331\205\372JZ\177"
 205      C32222EC 
 205      028294D9 
 205      85FA4A5A 
 205      7F
 206 0263 B6EADB78 		.ascii	"\266\352\333xw\272S,\024\321>\2748\247\243[e3?\255\255"
 206      77BA532C 
 206      14D13EBC 
 206      38A7A35B 
 206      65333FAD 
 207 0278 596CD1E2 		.ascii	"Yl\321\342\357\030>:\302\331\246\305Elr\354\273\312"
 207      EF183E3A 
 207      C2D9A6C5 
 207      456C72EC 
 207      BBCA
 208 028a 680D497C 		.ascii	"h\015I|SK\257i0u)\313\235N\371\307\211'9\3049\036Y2"
 208      534BAF69 
 208      307529CB 
 208      9D4EF9C7 
 208      892739C4 
 209 02a2 F5689736 		.ascii	"\365h\2276\213l\230\231\345\354\341\017\302,\357\241"
 209      8B6C9899 
 209      E5ECE10F 
 209      C22CEFA1 
 210 02b2 46A445B5 		.ascii	"F\244E\265\242\034Z\315\277\",\226\343\374ftw\350\025"
 210      A21C5ACD 
 210      BF222C96 
 210      E3FC6674 
 210      77E815
 211 02c5 E25E440D 		.ascii	"\342^D\015h\027\311\240\271\250\216\034\254'\007\011"
 211      6817C9A0 
 211      B9A88E1C 
 211      AC270709 
 212 02d5 B879A5E6 		.ascii	"\270y\245\346\204\012iwm\\\324\274A\021\225`\217\214"
 212      840A6977 
 212      6D5CD4BC 
 212      41119560 
 212      8F8C
 213 02e7 7FD56251 		.ascii	"\177\325bQ\242&\"\241f]\002Q$n\344\351\301\360<\225"
 213      A22622A1 
 213      665D0251 
 213      246EE4E9 
 213      C1F03C95 
 214 02fb 2E6A9D4B 		.ascii	".j\235K\223\327\357\215\026\244\203\314\310\346'EJ<"
 214      93D7EF8D 
 214      16A483CC 
 214      C8E62745 
 214      4A3C
 215 030d CD6E8CE8 		.ascii	"\315n\214\350\362\372Gz\274\312&\025\017\223\223T8\002"
 215      F2FA477A 
 215      BCCA2615 
 215      0F939354 
 215      3802
 216 031f D349D6D9 		.ascii	"\323I\326\331\304|\025]N7~j\315.\230V\3433\364\234\272"
 216      C47C155D 
 216      4E377E6A 
ARM GAS  /var/folders/_f/jzb7lsz153bclt069nvlpp5r0000gn/T//cc6vHTKV.s 			page 16


 216      CD2E9856 
 216      E333F49C 
 217 0334 E2D46A8A 		.ascii	"\342\324j\212'\332\261c\307\326\035\273\254\244\345"
 217      27DAB163 
 217      C7D61DBB 
 217      ACA4E5
 218 0343 8C7D6014 		.ascii	"\214}`\024\361w\007\342\373 \007\221x\015m]\277\260"
 218      F17707E2 
 218      FB200791 
 218      780D6D5D 
 218      BFB0
 219 0355 9FF10A2E 		.ascii	"\237\361\012.\362:\024|\272u\251\324\362\336\011Ls\333"
 219      F23A147C 
 219      BA75A9D4 
 219      F2DE094C 
 219      73DB
 220 0367 A5B95791 		.ascii	"\245\271W\221$yj=\271uC\360/\370\324\323\364\231`\261"
 220      24796A3D 
 220      B97543F0 
 220      2FF8D4D3 
 220      F49960B1 
 221 037b BC6756A0 		.ascii	"\274gV\240*r\272\232b\370d\262X\350\006Y\331.\264\003"
 221      2A72BA9A 
 221      62F864B2 
 221      58E80659 
 221      D92EB403 
 222 038f 7590B84E 		.ascii	"u\220\270N\242\023\355\240\013G\033,\2567h\333X\015"
 222      A213EDA0 
 222      0B471B2C 
 222      AE3768DB 
 222      580D
 223 03a1 EDC03BE1 		.ascii	"\355\300;\341\234\364v\343\023\024\302\246\024\327\177"
 223      9CF476E3 
 223      1314C2A6 
 223      14D77F
 224 03b0 66AE6CC8 		.ascii	"f\256l\310\015[\351\372p\235q\243g4h\353\256\215D\241"
 224      0D5BE9FA 
 224      709D71A3 
 224      673468EB 
 224      AE8D44A1 
 225 03c4 1EA2E57F 		.ascii	"\036\242\345\177\351\242\275\226\325\010u\223\304\233"
 225      E9A2BD96 
 225      D5087593 
 225      C49B
 226 03d2 EB8EF3AD 		.ascii	"\353\216\363\255\205\216\211\345W\3237m\205\026\326"
 226      858E89E5 
 226      57D3376D 
 226      8516D6
 227 03e1 97B5506C 		.ascii	"\227\265Pl\310\347o\227\366\374\327\331\335C\375\025"
 227      C8E76F97 
 227      F6FCD7D9 
 227      DD43FD15 
 228 03f1 EE261DDC 		.ascii	"\356&\035\334M\013\231\316qD\347\032~\352\\\215\263"
 228      4D0B99CE 
 228      7144E71A 
 228      7EEA5C8D 
 228      B3
ARM GAS  /var/folders/_f/jzb7lsz153bclt069nvlpp5r0000gn/T//cc6vHTKV.s 			page 17


 229 0402 786A23E0 		.ascii	"xj#\340\301\313o/\335\213\273\253\227\337\211\304\015"
 229      C1CB6F2F 
 229      DD8BBBAB 
 229      97DF89C4 
 229      0D
 230 0413 7497EE73 		.ascii	"t\227\356st!>\353\211\373\2268\270\374\355fz\035\267"
 230      74213EEB 
 230      89FB9638 
 230      B8FCED66 
 230      7A1DB7
 231 0426 49FA1D9A 		.ascii	"I\372\035\232~\017m\021\212\370\354\033\215\267\012"
 231      7E0F6D11 
 231      8AF8EC1B 
 231      8DB70A
 232 0435 542F66DF 		.ascii	"T/f\337\372o\331a\305=\331\036\270\230\355\322\304\361"
 232      FA6FD961 
 232      C53DD91E 
 232      B898EDD2 
 232      C4F1
 233 0447 84302DB6 		.ascii	"\2040-\266\263IyQA2\332\231nq\036wFf^\325Y\035d\021"
 233      B3497951 
 233      4132DA99 
 233      6E711E77 
 233      46665ED5 
 234 045f D7D67E4A 		.ascii	"\327\326~J\357\204\373l\021_\320|\237=NH]IRb\257\347"
 234      EF84FB6C 
 234      115FD07C 
 234      9F3D4E48 
 234      5D495262 
 235 0475 D167E4B3 		.ascii	"\321g\344\263\301Y\023\306\266\360\000\332IOE\015\334"
 235      C15913C6 
 235      B6F000DA 
 235      494F450D 
 235      DC
 236 0486 3FE9813B 		.ascii	"?\351\201;\031\277:\245\347\035\001\337\355\212w\312"
 236      19BF3AA5 
 236      E71D01DF 
 236      ED8A77CA 
 237 0496 F04E11BF 		.ascii	"\360N\021\277\320\274|\016\001\236<Vx\374\020\340m\227"
 237      D0BC7C0E 
 237      019E3C56 
 237      78FC10E0 
 237      6D97
 238 04a8 CFCF6B70 		.ascii	"\317\317kp\037\303\337\236\312\177(\310\017\353s\345"
 238      1FC3DF9E 
 238      CA7F28C8 
 238      0FEB73E5 
 239 04b8 FF20E3FF 		.ascii	"\377 \343\377 \362\023\372\242&4\002\377U\312\177\000"
 239      20F213FA 
 239      A2263402 
 239      FF55CA7F 
 239      00
 240 04c9 FCF0E2CC 		.ascii	"\374\360\342\314\005-\036c\374\244\345\321A,\360\375"
 240      052D1E63 
 240      FCA4E5D1 
 240      412CF0FD 
 241 04d9 932DE9C7 		.ascii	"\223-\351\307-\026\3769K\033<\2225x$6\2705\2233\202"
ARM GAS  /var/folders/_f/jzb7lsz153bclt069nvlpp5r0000gn/T//cc6vHTKV.s 			page 18


 241      2D16FE39 
 241      4B1B3C92 
 241      35782436 
 241      B8359333 
 242 04ee A141E31B 		.ascii	"\241A\343\033\264\301\0104\310[\010\213t\367-\263DX"
 242      B4C10834 
 242      C85B088B 
 242      74F72DB3 
 242      4458
 243 0500 B753D7F8 		.ascii	"\267S\327\370\3156\210\216\322\0157LF~\323=$#\331x\350"
 243      CD36888E 
 243      D20D374C 
 243      467ED33D 
 243      2423D978 
 244 0515 313ACA97 		.ascii	"1:\312\2278Z3\237z\342e\246i\362\304D\216\216i\212\226"
 244      385A339F 
 244      7AE265A6 
 244      69F2C444 
 244      8E8E698A 
 245 052a 5A362693 		.ascii	"Z6&\2234&J\2721\371\360\020S\344\000\307\306AQK\367"
 245      34264ABA 
 245      31F9F010 
 245      53E400C7 
 245      C641514B 
 246 053f DD11371C 		.ascii	"\335\0217\034\243\244\370\301\301\206F,\340%\226M\312"
 246      A3A4F8C1 
 246      C186462C 
 246      E025964D 
 246      CA
 247 0550 F09322BE 		.ascii	"\360\223\"\276f\340A\017\\\261\003,\233\002~\237#\354"
 247      66E0410F 
 247      5CB1032C 
 247      9B027E9F 
 247      23EC
 248 0562 A93B4E65 		.ascii	"\251;Ne\374\236\276\260l\025\360\245\226\315\310\370"
 248      FC9EBEB0 
 248      6C15F0A5 
 248      96CDC8F8 
 249 0572 33227FFE 		.ascii	"3\"\177\376\353\265~$\360\231eO\200\2371\260\226\351"
 249      EBB57E24 
 249      F099654F 
 249      809F31B0 
 249      96E9
 250 0584 8973193F 		.ascii	"\211s\031?!f6W-\360\245\226\315\311\032\314\211\015"
 250      21663657 
 250      2DF0A596 
 250      CDC91ACC 
 250      890D
 251 0596 ECC5C997 		.ascii	"\354\305\311\227\365\320\000,\233\207\006\363C\255\223"
 251      F5D0002C 
 251      9B8706F3 
 251      43AD93
 252 05a5 6E12CB26 		.ascii	"n\022\313&\300\262i\260l\026,{\312,K\271\363p\036\323"
 252      C0B269B0 
 252      6C162C7B 
 252      CA2C4BB9 
 252      F3701ED3 
ARM GAS  /var/folders/_f/jzb7lsz153bclt069nvlpp5r0000gn/T//cc6vHTKV.s 			page 19


 253 05b9 870547EF 		.ascii	"\207\005G\357\263\316\214%%\2663\2111+\015\245Z&1V\352"
 253      B3CE8C25 
 253      25B63389 
 253      312B0DA5 
 253      5A263156 
 254 05ce E0A24CE1 		.ascii	"\340\242L\341\242\2500\256\346T\251\216)l\007\013\227"
 254      A2A830AE 
 254      E654A98E 
 254      296C070B 
 254      97
 255 05df 40A13D7B 		.ascii	"@\241={\262W\205;\031\277\374\364b\271J\340K,|&\343"
 255      B257853B 
 255      19BFFCF4 
 255      62B94AE0 
 255      4B2C7C26 
 256 05f4 3F13F973 		.ascii	"?\023\371s\017\222\356p\300\007\013W\200\037\323Pu\311"
 256      0F92EE70 
 256      C0070B57 
 256      801FD350 
 256      75C9
 257 0606 1DF7317E 		.ascii	"\035\3671~s^\307cX\342X\251\205\2532\376\252\310\357"
 257      735EC763 
 257      58E258A9 
 257      85AB32FE 
 257      AAC8EF
 258 0619 8F8F5A13 		.ascii	"\217\217Z\023\364\203\205k\300\317\317\257\313\344\360"
 258      F483856B 
 258      C0CFCFAF 
 258      CBE4F0
 259 0628 18E34F25 		.ascii	"\030\343O%\331*\261\300\227Zx\214\2236 G\240\301\300"
 259      D92AB1C0 
 259      975A788C 
 259      93362047 
 259      A0C1C0
 260 063b B739B160 		.ascii	"\2679\261`a;Xx\234c\015\256-.\317(%\026.\203\205\317"
 260      613B5878 
 260      9C630DAE 
 260      2D2ECF28 
 260      25162E83 
 261 0651 C1420BC7 		.ascii	"\301B\013\307,\014\343\250\205\247\012\263\346<\251"
 261      2C0CE3A8 
 261      85A70AB3 
 261      E63CA9
 262 0660 85989FDE 		.ascii	"\205\230\237\336\2773zC\203\227\231\304\007O\237\302"
 262      BF337A43 
 262      839799C4 
 262      074F9FC2 
 263 0670 0AA4481D 		.ascii	"\012\244H\035\014\227\011\014\027\005\206\337L\253\204"
 263      0C97090C 
 263      170586DF 
 263      4CAB84
 264 067f 4DDC050E 		.ascii	"M\334\005\016~\015\002\357\347\237*\347p\214\212\342"
 264      7E0D02EF 
 264      E79F2AE7 
 264      708C8AE2 
 265 068f 0B6D8357 		.ascii	"\013m\203WT\002_\342`\244\214\037)\362\257}\023\236"
 265      54025FE2 
ARM GAS  /var/folders/_f/jzb7lsz153bclt069nvlpp5r0000gn/T//cc6vHTKV.s 			page 20


 265      60A48C1F 
 265      29F2AF7D 
 265      139E
 266 06a1 0ACFB52E 		.ascii	"\012\317\265.p0\012\370E\316\374T\017\234\312\370\361"
 266      70300AF8 
 266      45CEFC54 
 266      0F9CCAF8 
 266      F1
 267 06b2 95277602 		.ascii	"\225'v\002^j`\264\014\037-\342[2c\273E<30\006\360'V"
 267      5E6A60B4 
 267      0C1F2DE2 
 267      5B3263BB 
 267      453C3330 
 268 06ca 9CF731CE 		.ascii	"\234\3671\316e\370Q\373\215aN\340K\015\214\2255\210"
 268      65F851FB 
 268      8D614EE0 
 268      4B0D8C95 
 268      3588
 269 06dc 151B2C8C 		.ascii	"\025\033,\214>\377\336\015\032\200\201q\320 \275\247"
 269      3EFFDE0D 
 269      1A808171 
 269      D020BDA7 
 270 06ec B1496A60 		.ascii	"\261Ij`\004\307\014\374\206c\006\236\002\003O3\003\205"
 270      04C70CFC 
 270      8663069E 
 270      02034F33 
 270      0385
 271 06fe 5F427AF6 		.ascii	"_Bz\366K\250\245\372i\013\207\355Lb\233\2437m\023\223"
 271      4BA8A5FA 
 271      690B87ED 
 271      4C629BA3 
 271      376D1393 
 272 0712 785EEA60 		.ascii	"x^\352`\202La\202\250\260\250y\302\251b\012{\301\301"
 272      824C6182 
 272      A8B0A879 
 272      C2A9620A 
 272      7BC1C1
 273 0725 B3A030BB 		.ascii	"\263\2400\273\270\245\216\303\235\214_\233\370\274\315"
 273      B8A58EC3 
 273      9D8C5F9B 
 273      F8BCCD
 274 0734 43E04B1C 		.ascii	"C\340K\034<'\343\237\023\371\355U=\211j\340\203\203"
 274      3C27E39F 
 274      13F9ED55 
 274      3D896AE0 
 274      8383
 275 0746 49C0CF19 		.ascii	"I\300\317\031\212\252R\342>\306\237>6{\031\236!\347"
 275      8AAA52E2 
 275      3EC69F3E 
 275      367B199E 
 275      21E7
 276 0758 A516A6C8 		.ascii	"\245\026\246\310\370)\"\277&\255[X\341^\2600\025\370"
 276      F82922BF 
 276      26AD5B58 
 276      E15EB030 
 276      15F8
 277 076a 17E32F14 		.ascii	"\027\343/\024l\302c\214\237\221g?\203\004\276\324\302"
ARM GAS  /var/folders/_f/jzb7lsz153bclt069nvlpp5r0000gn/T//cc6vHTKV.s 			page 21


 277      6CC2638C 
 277      9F91673F 
 277      8304BED4 
 277      C2
 278 077b F3B206E7 		.ascii	"\363\262\006\347\305\006\303K\025\327=\240\001X\230"
 278      C506C34B 
 278      15D73DA0 
 278      015898
 279 078a 060D3263 		.ascii	"\006\0152c\234)\234\304\302D\2600\031,\374\026,\274"
 279      9C299CC4 
 279      C244B030 
 279      192CFC16 
 279      2CBC
 280 079c C02C9CE8 		.ascii	"\300,\234\350N\265\353\250\205*~\372M\322\370\335Mx"
 280      4EB5EBA8 
 280      852A7EFA 
 280      4DD2F8DD 
 280      4D78
 281 07ae 99499C28 		.ascii	"\231I\234(h\354\3250\2119R\0133d\0123D\205\365\361\205"
 281      68ECD530 
 281      8939520B 
 281      33640A33 
 281      4485F5F1 
 282 07c3 0EF8EED2 		.ascii	"\016\370\356\322\017\026f\202\302\271\376\322q"
 282      0F166682 
 282      C2B9FED2 
 282      71
 283 07d0 158E5153 		.ascii	"\025\216QS~iF\3624\026\370\022\013\263e\374\354\365"
 283      7E6946F2 
 283      3416F812 
 283      0BB365FC 
 283      ECF5
 284 07e2 4D7CF54C 		.ascii	"M|\365L6X\330\017\026~\007\374\037W\006\"\311'!\343"
 284      3658D80F 
 284      167E07FC 
 284      1F570622 
 284      C92721E3 
 285 07f6 4FE4B6CF 		.ascii	"O\344\266\317\200\2059R\013sd\374\034\221_:\234\272"
 285      80853952 
 285      0B7364FC 
 285      1C915F3A 
 285      9CBA
 286 0808 A417F8CC 		.ascii	"\244\027\370\314\302\357\201?\321\376\303iw\234\313"
 286      C2EF813F 
 286      D1FEC369 
 286      779CCB
 287 0817 F8D685B4 		.ascii	"\370\326\205\2643\234\300\227Z\230'k\220'6h\033\214"
 287      339CC097 
 287      5A98276B 
 287      90273668 
 287      1B8C
 288 0829 BC0D1FE5 		.ascii	"\274\015\037\345\375`a>4\250\254n]PI,\314\002\013/\202"
 288      FD60613E 
 288      34A8AC6E 
 288      5D50492C 
 288      CC020B2F 
 289 083e 85B96061 		.ascii	"\205\271`a\001\2630\376\344\225+zj\241\232\237v\244"
ARM GAS  /var/folders/_f/jzb7lsz153bclt069nvlpp5r0000gn/T//cc6vHTKV.s 			page 22


 289      01B330FE 
 289      E4952B7A 
 289      6AA19A9F 
 289      76A4
 290 0850 74CF7960 		.ascii	"t\317y`;\223\030{6\"\336\215I\314\223ZX,SX,*\254\355"
 290      3B93187B 
 290      3622DE8D 
 290      49CC935A 
 290      582C5358 
 291 0868 70D840E1 		.ascii	"p\330@\341 XX\002\012\217\337\255\015#\237\204\214\237"
 291      20585802 
 291      0A8FDFAD 
 291      0D239F84 
 291      8C9F
 292 087a 5E587DD2 		.ascii	"^X}\322C\340K,\274$\343_\022\3713\027:\022\3409=\010"
 292      43E04B2C 
 292      BC24E35F 
 292      12F93317 
 292      3A12E039 
 293 0890 1696013F 		.ascii	"\026\226\001?\353Rj\233\032\3671\376\210-\357\017\200"
 293      EB526A9B 
 293      1AF731FE 
 293      882DEF0F 
 293      80
 294 08a1 973A5821 		.ascii	"\227:X!\303W\210\370+\035\365-\"\2369x\031\360\323\235"
 294      C35788F8 
 294      2B1DF52D 
 294      229E3978 
 294      19F0D39D 
 295 08b5 D79F6BF0 		.ascii	"\327\237k\360\030\303?\010/o\347\004\276\324A\233\254"
 295      18C33F08 
 295      2F6FE704 
 295      BED4419B 
 295      AC
 296 08c6 814D6CD0 		.ascii	"\201Ml\3209\265\022\007[|\020\034\264C\203\244\271\233"
 296      39B51207 
 296      5B7C101C 
 296      B44383A4 
 296      B99B
 297 08d8 AB7A8983 		.ascii	"\253z\211\203\245\340`98x\005\034\254d\016\012?l\364"
 297      A5E06039 
 297      3878051C 
 297      AC640E0A 
 297      3F6CF4
 298 08eb EC874D4E 		.ascii	"\354\207MN\322\235B\016/3\211y7o\330\341\333h\241\324"
 298      D29D420E 
 298      2F338979 
 298      376FD8E1 
 298      DB68A1D4 
 299 08ff C11A99C2 		.ascii	"\301\032\231\302\032Q\341DU\366\004(\034\003\007kAa"
 299      1A51E144 
 299      55F60428 
 299      1C03076B 
 299      4161
 300 0911 D4B5F64A 		.ascii	"\324\265\366J\362uTC\371w\343\346.\353\005\276\304\301"
 300      F2755443 
 300      F977E3E6 
ARM GAS  /var/folders/_f/jzb7lsz153bclt069nvlpp5r0000gn/T//cc6vHTKV.s 			page 23


 300      2EEB05BE 
 300      C4C1
 301 0923 7A19BF5E 		.ascii	"z\031\277^\344\317O\345U\300\016\031\003\007\033\204"
 301      E4CF4FE5 
 301      55C00E19 
 301      03071B84 
 302 0933 9B3C7FE2 		.ascii	"\233<\177\342k\214S\031\277\254\272\276N\011|\251\205"
 302      6B8C5319 
 302      BFACBABE 
 302      4E097CA9 
 302      85
 303 0944 4D327E93 		.ascii	"M2~\223\310\277}\255\364\266Z\3403\013\233\201o\255"
 303      C8BF7DAD 
 303      F4B65AE0 
 303      330B9B81 
 303      6FAD
 304 0956 AD6ED4E1 		.ascii	"\255n\324\341\\\306\037o\034\217S\013|\251\205\255\262"
 304      5CC61F6F 
 304      1C8F530B 
 304      7CA985AD 
 304      B2
 305 0967 06AD6283 		.ascii	"\006\255b\203\347\213\375\265\302\005\200\205\016h\360"
 305      E78BFDB5 
 305      C2058085 
 305      0E68F0
 306 0976 24E9DCA8 		.ascii	"$\351\334\250Fba\035X\330\010\026\266\200\205m\314B"
 306      4662611D 
 306      58D80816 
 306      B680856D 
 306      CC42
 307 0988 4751490B 		.ascii	"GQI\013s\275\016\241>\264\205\374>G\243\310\027\375"
 307      73BD0EA1 
 307      3EB485FC 
 307      3E47A3C8 
 307      17FD
 308 099a 721BFA91 		.ascii	"r\033\372\221\014\013D\300\011\316\027\235\344\266\241"
 308      0C0B44C0 
 308      09CE179D 
 308      E4B6A1
 309 09a9 78329E21 		.ascii	"x2\236!\243\225\214\351d,$c\021\031\253\310XM\306\253"
 309      A3958CE9 
 309      642C2463 
 309      1119ABC8 
 309      584DC6AB 
 310 09bd 9C2F4F8C 		.ascii	"\234/O\214H\216\010\347\367\346u\253\263\272\361\023"
 310      488E08E7 
 310      F7E675AB 
 310      B3BAF113 
 311 09cd 8BB06E3C 		.ascii	"\213\260n<\273\037\276\003\256\377\036\355\347\277\003"
 311      BB1FBE03 
 311      AEFF1EED 
 311      E7BF03
 312 09dc A2765289 		.ascii	"\242vR\211:\270\235\244\372R{}\243\332\345o/\267^\370"
 312      3AB89DA4 
 312      FA527B7D 
 312      A3DAE56F 
 312      2FB75EF8 
ARM GAS  /var/folders/_f/jzb7lsz153bclt069nvlpp5r0000gn/T//cc6vHTKV.s 			page 24


 313 09f0 1B820275 		.ascii	"\033\202\002ur\364o/\374\310\177\030M>\256W\272d\363"
 313      72F46F2F 
 313      FCC87F18 
 313      4D3EAE57 
 313      BA64F3
 314 0a03 6DD6B3BB 		.ascii	"m\326\263\273 \273\213f\017\015\034O\345\204\354\210"
 314      20BB8B66 
 314      0F0D1C4F 
 314      E584EC88 
 315 0a13 97FE5D07 		.ascii	"\227\376]\007]#U\233\214F\377\340\020\2231 (\300\254"
 315      5D23559B 
 315      8C46FFE0 
 315      10933120 
 315      28C0AC
 316 0a26 7EFFE3BF 		.ascii	"~\377\343\277n?\250P\376\333\344\367\317\337\355\331"
 316      6E3FA850 
 316      FEDBE4F7 
 316      CFDFEDD9 
 317 0a36 6310FF1D 		.ascii	"c\020\377\035\374<\340\263\200O\376l\364\336\273\307"
 317      FC3CE0B3 
 317      804FFE6C 
 317      F4DEBBC7 
 318 0a46 678F8F21 		.ascii	"g\217\217!8\324\340\037|\370pp\220!\324\354\027b>\362"
 318      38D4E01F 
 318      7CF87070 
 318      9021D4EC 
 318      17623EF2 
 319 0a5a 85E1D77F 		.ascii	"\205\341\327\177\372\350\340G_\362G\277\010\0104\205"
 319      FAE8E047 
 319      5FF247BF 
 319      08083485 
 320 0a6a 841ADE3F 		.ascii	"\204\032\336?x\320\340\037b\366\332\343\257\320\031"
 320      78D0E01F 
 320      62F6DAE3 
 320      AFD019
 321 0a79 8D26BF90 		.ascii	"\215&\277\220\300\257h\013\322.\320\317\314\332\351"
 321      C0AF680B 
 321      D22ED0CF 
 321      CCDAE9
 322 0a88 8DC643A6 		.ascii	"\215\306C\246\277\373\035\0114\033M_\006\230\335\202"
 322      BFFB1D09 
 322      341B4D5F 
 322      0698DD82 
 323 0a98 880EF391 		.ascii	"\210\016\363\221\220\240\315Fz\332\030\342w\330\350"
 323      90A0CD46 
 323      7ADA18E2 
 323      77D8E8
 324 0aa7 1762F20B 		.ascii	"\027b\362\013u;\022\020d\366\3616\232\265F\243\360\326"
 324      753B1210 
 324      64F6F136 
 324      9AB546A3 
 324      F0D6
 325 0ab9 6838121A 		.ascii	"h8\022\032b\010\014\366\367\0134\0344\005\006\372\205"
 325      62080CF6 
 325      F70B341C 
 325      340506FA 
 325      85
ARM GAS  /var/folders/_f/jzb7lsz153bclt069nvlpp5r0000gn/T//cc6vHTKV.s 			page 25


 326 0aca 18FEE1EF 		.ascii	"\030\376\341\357\277\333/\344\360\356\240\340 \323n"
 326      BFDB2FE4 
 326      F0EEA0E0 
 326      20D36E
 327 0ad9 93DF6701 		.ascii	"\223\337g\001\273\367\275m\360\336\353\265\177\357\333"
 327      BBF7BD6D 
 327      F0DEEBB5 
 327      7FEFDB
 328 0ae8 DEFB0D2E 		.ascii	"\336\373\015.g\014\001A\376\201G\016\231\014\207\375"
 328      670C0141 
 328      FE81470E 
 328      990C87FD 
 329 0af8 FC3F0F08 		.ascii	"\374?\017\0102\031D%\346\257\2760\205\356\371\\\361"
 329      32194425 
 329      E6AFBE30 
 329      85EEF95C 
 329      F1
 330 0b09 97FF0F3F 		.ascii	"\227\377\017?\364\253P\2031\324|\210\250&P=\275.\263"
 330      F4AB5083 
 330      31D47C88 
 330      A826503D 
 330      BD2EB3
 331 0b1c E94B33BD 		.ascii	"\351K3\2750w:\345\337i\375\003\311\032\321\267\272\240"
 331      30773AE5 
 331      DF69FD03 
 331      C91AD1B7 
 331      BAA0
 332 0b2e 60A378DC 		.ascii	"`\243x\334\223_\003qf4\273\213k\262\305\310\257\317"
 332      935F0371 
 332      6634BB8B 
 332      6BB2C5C8 
 332      AFCF
 333 0b40 5EE33AD1 		.ascii	"^\343:\321\350\361\342!\243\036f\214l\364\204iP0;\315"
 333      E8F1E221 
 333      A31E668C 
 333      6CF48469 
 333      50303BCD 
 334 0b54 EABDE4F5 		.ascii	"\352\275\344\365^.\365^\256\365^\222zoy\275\267K\275"
 334      5E2EF55E 
 334      AEF55E92 
 334      7A6F79BD 
 334      B74BBD
 335 0b67 B76BBDB7 		.ascii	"\267k\275\267\244\336G^\357\343R\357\343Z\357#\251\337"
 335      A4DE475E 
 335      EFE352EF 
 335      E35AEF23 
 335      A9DF
 336 0b79 27AFDFE7 		.ascii	"'\257\337\347R\277\317\265~\237\244~\277\274~\277K\375"
 336      52BFCFB5 
 336      7E9FA47E 
 336      BFBC7EBF 
 336      4BFD
 337 0b8b 7ED7FAFD 		.ascii	"~\327\372\375\222z_y\275\257K\275\257k\275\257\244\376"
 337      927A5F79 
 337      BDAF4BBD 
 337      AF6BBDAF 
 337      A4FE
ARM GAS  /var/folders/_f/jzb7lsz153bclt069nvlpp5r0000gn/T//cc6vHTKV.s 			page 26


 338 0b9d 80BCFE80 		.ascii	"\200\274\376\200K\375\001\327\372\003b\375\177\000\377"
 338      4BFD01D7 
 338      FA0362FD 
 338      7F00FF
 339 0bac 66B0D6   		.ascii	"f\260\326"
 340              		.text
 341              		.section	.gnu.lto_.symtab.d78f386baff6753a,"",%progbits
 342 0000 5F5F636F 		.ascii	"__core_init\000\000\001\000\000\000\000\000\000\000"
 342      72655F69 
 342      6E697400 
 342      00010000 
 342      00000000 
 343 0015 0000AE00 		.ascii	"\000\000\256\000\000\000__early_init\000\000\001\000"
 343      00005F5F 
 343      6561726C 
 343      795F696E 
 343      69740000 
 344 002b 00000000 		.ascii	"\000\000\000\000\000\000\000\000\261\000\000\000__l"
 344      00000000 
 344      B1000000 
 344      5F5F6C
 345 003a 6174655F 		.ascii	"ate_init\000\000\001\000\000\000\000\000\000\000\000"
 345      696E6974 
 345      00000100 
 345      00000000 
 345      000000
 346 004d 00B40000 		.ascii	"\000\264\000\000\000__default_exit\000\000\001\000\000"
 346      005F5F64 
 346      65666175 
 346      6C745F65 
 346      78697400 
 347 0065 00000000 		.ascii	"\000\000\000\000\000\000\000\271\000\000\000__init_"
 347      000000B9 
 347      0000005F 
 347      5F696E69 
 347      745F
 348 0077 72616D5F 		.ascii	"ram_areas\000\000\000\000\000\000\000\000\000\000\000"
 348      61726561 
 348      73000000 
 348      00000000 
 348      00000000 
 349 008b 00BB0000 		.ascii	"\000\273\000\000\000__ram0_init_text__\000\000\002\000"
 349      005F5F72 
 349      616D305F 
 349      696E6974 
 349      5F746578 
 350 00a6 00000000 		.ascii	"\000\000\000\000\000\000\000\000\336\000\000\000__r"
 350      00000000 
 350      DE000000 
 350      5F5F72
 351 00b5 616D305F 		.ascii	"am0_init__\000\000\002\000\000\000\000\000\000\000\000"
 351      696E6974 
 351      5F5F0000 
 351      02000000 
 351      00000000 
 352 00ca 00E10000 		.ascii	"\000\341\000\000\000__ram0_clear__\000\000\002\000\000"
 352      005F5F72 
ARM GAS  /var/folders/_f/jzb7lsz153bclt069nvlpp5r0000gn/T//cc6vHTKV.s 			page 27


 352      616D305F 
 352      636C6561 
 352      725F5F00 
 353 00e2 00000000 		.ascii	"\000\000\000\000\000\000\000\344\000\000\000__ram0_"
 353      000000E4 
 353      0000005F 
 353      5F72616D 
 353      305F
 354 00f4 6E6F696E 		.ascii	"noinit__\000\000\002\000\000\000\000\000\000\000\000"
 354      69745F5F 
 354      00000200 
 354      00000000 
 354      000000
 355 0107 00E70000 		.ascii	"\000\347\000\000\000__ram1_init_text__\000\000\002\000"
 355      005F5F72 
 355      616D315F 
 355      696E6974 
 355      5F746578 
 356 0122 00000000 		.ascii	"\000\000\000\000\000\000\000\000\353\000\000\000__r"
 356      00000000 
 356      EB000000 
 356      5F5F72
 357 0131 616D315F 		.ascii	"am1_init__\000\000\002\000\000\000\000\000\000\000\000"
 357      696E6974 
 357      5F5F0000 
 357      02000000 
 357      00000000 
 358 0146 00EE0000 		.ascii	"\000\356\000\000\000__ram1_clear__\000\000\002\000\000"
 358      005F5F72 
 358      616D315F 
 358      636C6561 
 358      725F5F00 
 359 015e 00000000 		.ascii	"\000\000\000\000\000\000\000\361\000\000\000__ram1_"
 359      000000F1 
 359      0000005F 
 359      5F72616D 
 359      315F
 360 0170 6E6F696E 		.ascii	"noinit__\000\000\002\000\000\000\000\000\000\000\000"
 360      69745F5F 
 360      00000200 
 360      00000000 
 360      000000
 361 0183 00F40000 		.ascii	"\000\364\000\000\000__ram2_init_text__\000\000\002\000"
 361      005F5F72 
 361      616D325F 
 361      696E6974 
 361      5F746578 
 362 019e 00000000 		.ascii	"\000\000\000\000\000\000\000\000\371\000\000\000__r"
 362      00000000 
 362      F9000000 
 362      5F5F72
 363 01ad 616D325F 		.ascii	"am2_init__\000\000\002\000\000\000\000\000\000\000\000"
 363      696E6974 
 363      5F5F0000 
 363      02000000 
 363      00000000 
 364 01c2 00FC0000 		.ascii	"\000\374\000\000\000__ram2_clear__\000\000\002\000\000"
ARM GAS  /var/folders/_f/jzb7lsz153bclt069nvlpp5r0000gn/T//cc6vHTKV.s 			page 28


 364      005F5F72 
 364      616D325F 
 364      636C6561 
 364      725F5F00 
 365 01da 00000000 		.ascii	"\000\000\000\000\000\000\000\377\000\000\000__ram2_"
 365      000000FF 
 365      0000005F 
 365      5F72616D 
 365      325F
 366 01ec 6E6F696E 		.ascii	"noinit__\000\000\002\000\000\000\000\000\000\000\000"
 366      69745F5F 
 366      00000200 
 366      00000000 
 366      000000
 367 01ff 00020100 		.ascii	"\000\002\001\000\000__ram3_init_text__\000\000\002\000"
 367      005F5F72 
 367      616D335F 
 367      696E6974 
 367      5F746578 
 368 021a 00000000 		.ascii	"\000\000\000\000\000\000\000\000\007\001\000\000__r"
 368      00000000 
 368      07010000 
 368      5F5F72
 369 0229 616D335F 		.ascii	"am3_init__\000\000\002\000\000\000\000\000\000\000\000"
 369      696E6974 
 369      5F5F0000 
 369      02000000 
 369      00000000 
 370 023e 000A0100 		.ascii	"\000\012\001\000\000__ram3_clear__\000\000\002\000\000"
 370      005F5F72 
 370      616D335F 
 370      636C6561 
 370      725F5F00 
 371 0256 00000000 		.ascii	"\000\000\000\000\000\000\000\015\001\000\000__ram3_"
 371      0000000D 
 371      0100005F 
 371      5F72616D 
 371      335F
 372 0268 6E6F696E 		.ascii	"noinit__\000\000\002\000\000\000\000\000\000\000\000"
 372      69745F5F 
 372      00000200 
 372      00000000 
 372      000000
 373 027b 00100100 		.ascii	"\000\020\001\000\000__ram4_init_text__\000\000\002\000"
 373      005F5F72 
 373      616D345F 
 373      696E6974 
 373      5F746578 
 374 0296 00000000 		.ascii	"\000\000\000\000\000\000\000\000\025\001\000\000__r"
 374      00000000 
 374      15010000 
 374      5F5F72
 375 02a5 616D345F 		.ascii	"am4_init__\000\000\002\000\000\000\000\000\000\000\000"
 375      696E6974 
 375      5F5F0000 
 375      02000000 
 375      00000000 
ARM GAS  /var/folders/_f/jzb7lsz153bclt069nvlpp5r0000gn/T//cc6vHTKV.s 			page 29


 376 02ba 00180100 		.ascii	"\000\030\001\000\000__ram4_clear__\000\000\002\000\000"
 376      005F5F72 
 376      616D345F 
 376      636C6561 
 376      725F5F00 
 377 02d2 00000000 		.ascii	"\000\000\000\000\000\000\000\033\001\000\000__ram4_"
 377      0000001B 
 377      0100005F 
 377      5F72616D 
 377      345F
 378 02e4 6E6F696E 		.ascii	"noinit__\000\000\002\000\000\000\000\000\000\000\000"
 378      69745F5F 
 378      00000200 
 378      00000000 
 378      000000
 379 02f7 001E0100 		.ascii	"\000\036\001\000\000__ram5_init_text__\000\000\002\000"
 379      005F5F72 
 379      616D355F 
 379      696E6974 
 379      5F746578 
 380 0312 00000000 		.ascii	"\000\000\000\000\000\000\000\000#\001\000\000__ram5"
 380      00000000 
 380      23010000 
 380      5F5F7261 
 380      6D35
 381 0324 5F696E69 		.ascii	"_init__\000\000\002\000\000\000\000\000\000\000\000"
 381      745F5F00 
 381      00020000 
 381      00000000 
 381      0000
 382 0336 00260100 		.ascii	"\000&\001\000\000__ram5_clear__\000\000\002\000\000"
 382      005F5F72 
 382      616D355F 
 382      636C6561 
 382      725F5F00 
 383 034e 00000000 		.ascii	"\000\000\000\000\000\000\000)\001\000\000__ram5_noi"
 383      00000029 
 383      0100005F 
 383      5F72616D 
 383      355F6E6F 
 384 0363 6E69745F 		.ascii	"nit__\000\000\002\000\000\000\000\000\000\000\000\000"
 384      5F000002 
 384      00000000 
 384      00000000 
 384      00
 385 0374 2C010000 		.ascii	",\001\000\000__ram6_init_text__\000\000\002\000\000"
 385      5F5F7261 
 385      6D365F69 
 385      6E69745F 
 385      74657874 
 386 038f 00000000 		.ascii	"\000\000\000\000\000\000\0001\001\000\000__ram6_ini"
 386      00000031 
 386      0100005F 
 386      5F72616D 
 386      365F696E 
 387 03a4 745F5F00 		.ascii	"t__\000\000\002\000\000\000\000\000\000\000\000\000"
 387      00020000 
ARM GAS  /var/folders/_f/jzb7lsz153bclt069nvlpp5r0000gn/T//cc6vHTKV.s 			page 30


 387      00000000 
 387      000000
 388 03b3 34010000 		.ascii	"4\001\000\000__ram6_clear__\000\000\002\000\000\000"
 388      5F5F7261 
 388      6D365F63 
 388      6C656172 
 388      5F5F0000 
 389 03cb 00000000 		.ascii	"\000\000\000\000\000\0007\001\000\000__ram6_noinit_"
 389      00003701 
 389      00005F5F 
 389      72616D36 
 389      5F6E6F69 
 390 03e3 5F000002 		.ascii	"_\000\000\002\000\000\000\000\000\000\000\000\000:\001"
 390      00000000 
 390      00000000 
 390      003A01
 391 03f2 00005F5F 		.ascii	"\000\000__ra"
 391      7261
 392 03f8 6D375F69 		.ascii	"m7_init_text__\000\000\002\000\000\000\000\000\000\000"
 392      6E69745F 
 392      74657874 
 392      5F5F0000 
 392      02000000 
 393 0410 00003F01 		.ascii	"\000\000?\001\000\000__ram7_init__\000\000\002\000\000"
 393      00005F5F 
 393      72616D37 
 393      5F696E69 
 393      745F5F00 
 394 0428 00000000 		.ascii	"\000\000\000\000\000\000\000B\001\000\000__ram7_cle"
 394      00000042 
 394      0100005F 
 394      5F72616D 
 394      375F636C 
 395 043d 61725F5F 		.ascii	"ar__\000\000\002\000\000\000\000\000\000\000\000\000"
 395      00000200 
 395      00000000 
 395      00000000 
 396 044d 45010000 		.ascii	"E\001\000\000__ram7_noinit__\000\000\002\000\000\000"
 396      5F5F7261 
 396      6D375F6E 
 396      6F696E69 
 396      745F5F00 
 397 0466 00000000 		.ascii	"\000\000\000\000\000\000H\001\000\000"
 397      00004801 
 397      0000
 398              		.text
 399              		.section	.gnu.lto_.opts,"",%progbits
 400 0000 272D6666 		.ascii	"'-ffp-contract=off' '-fno-trapv' '-mcpu=cortex-m4' "
 400      702D636F 
 400      6E747261 
 400      63743D6F 
 400      66662720 
 401 0033 272D6D74 		.ascii	"'-mthumb' '-mfloat-abi=hard' '-mfpu=fpv4-sp-d16' '-"
 401      68756D62 
 401      2720272D 
 401      6D666C6F 
 401      61742D61 
ARM GAS  /var/folders/_f/jzb7lsz153bclt069nvlpp5r0000gn/T//cc6vHTKV.s 			page 31


 402 0066 67676462 		.ascii	"ggdb' '-O2' '-fomit-frame-pointer' '-falign-functio"
 402      2720272D 
 402      4F322720 
 402      272D666F 
 402      6D69742D 
 403 0099 6E733D31 		.ascii	"ns=16' '-ffunction-sections' '-fdata-sections' '-fn"
 403      36272027 
 403      2D666675 
 403      6E637469 
 403      6F6E2D73 
 404 00cc 6F2D636F 		.ascii	"o-common' '-flto' '-fsingle-precision-constant'\000"
 404      6D6D6F6E 
 404      2720272D 
 404      666C746F 
 404      2720272D 
 405              		.text
 406              		.comm	__gnu_lto_v1,1,1
 407              		.comm	__gnu_lto_slim,1,1
 408              		.ident	"GCC: (GNU Tools for ARM Embedded Processors) 4.9.3 20150529 (release) [ARM/embedded-4_9-br
ARM GAS  /var/folders/_f/jzb7lsz153bclt069nvlpp5r0000gn/T//cc6vHTKV.s 			page 32


DEFINED SYMBOLS
                            *ABS*:0000000000000000 crt1.c
                            *COM*:0000000000000001 __gnu_lto_v1
                            *COM*:0000000000000001 __gnu_lto_slim

NO UNDEFINED SYMBOLS
