ARM GAS  /var/folders/_f/jzb7lsz153bclt069nvlpp5r0000gn/T//ccxgBItN.s 			page 1


   1              		.syntax unified
   2              		.cpu cortex-m4
   3              		.eabi_attribute 27, 1
   4              		.eabi_attribute 28, 1
   5              		.fpu fpv4-sp-d16
   6              		.eabi_attribute 20, 1
   7              		.eabi_attribute 21, 1
   8              		.eabi_attribute 23, 3
   9              		.eabi_attribute 24, 1
  10              		.eabi_attribute 25, 1
  11              		.eabi_attribute 26, 1
  12              		.eabi_attribute 30, 2
  13              		.eabi_attribute 34, 1
  14              		.eabi_attribute 18, 4
  15              		.thumb
  16              		.file	"event.c"
  17              		.text
  18              	.Ltext0:
  19              		.section	.gnu.lto_.profile.a4ff55528f13362e,"",%progbits
  20 0000 789C6366 		.ascii	"x\234cf```a\200\000F\206\004\015\000\001\\\000\221"
  20      60606061 
  20      80004686 
  20      040D0001 
  20      5C0091
  21              		.text
  22              		.section	.gnu.lto_.jmpfuncs.a4ff55528f13362e,"",%progbits
  23 0000 789C6366 		.ascii	"x\234cf\300\016\234\2404\023\003\023##s=\023\023s9#"
  23      C00E9CA0 
  23      34130313 
  23      2323733D 
  23      13137339 
  24 0015 98CF0293 		.ascii	"\230\317\002\223\200\0120\022\220g\000\000\203K\003"
  24      800A3012 
  24      90670000 
  24      834B03
  25 0024 59       		.ascii	"Y"
  26              		.text
  27              		.section	.gnu.lto_.inline.a4ff55528f13362e,"",%progbits
  28 0000 789C6366 		.ascii	"x\234cf\300\016\322\2404\023\203\201\330wfFF\006F \233"
  28      C00ED2A0 
  28      34138381 
  28      D8776646 
  28      46064620 
  29 0015 EFCB264E 		.ascii	"\357\313&N\006\266\005\362L \031f\036F\006\246\243\354"
  29      06B605F2 
  29      4C201966 
  29      1E4606A6 
  29      A3EC
  30 0027 0CAC7C40 		.ascii	"\014\254|@z\202\337\004?\026^ \343\003\033\003\243\002"
  30      7A82DF04 
  30      3F165E20 
  30      E3031B03 
  30      A302
  31 0039 A93A1800 		.ascii	"\251:\030\000,\370\017c"
  31      2CF80F63 
  32              		.text
  33              		.section	.gnu.lto_.pureconst.a4ff55528f13362e,"",%progbits
ARM GAS  /var/folders/_f/jzb7lsz153bclt069nvlpp5r0000gn/T//ccxgBItN.s 			page 2


  34 0000 789C6366 		.ascii	"x\234cf```e\200\000&\006\013F\013\000\001q\000|"
  34      60606065 
  34      80002606 
  34      0B460B00 
  34      0171007C 
  35              		.text
  36              		.section	.gnu.lto_poll_sendq.a4ff55528f13362e,"",%progbits
  37 0000 789C7553 		.ascii	"x\234uS_L\233U\024\277\347\336\257_\373\265\264\340"
  37      5F4C9B55 
  37      14BFE7DE 
  37      AF5FFBB5 
  37      B4E0
  38 0012 A20FD698 		.ascii	"\242\017\326\230,!\270\250+<hx\360\301\360\356\203\276"
  38      2C21B8A8 
  38      2B3C6878 
  38      F0C1F0EE 
  38      83BE
  39 0024 FA22A9D0 		.ascii	"\372\"\251\320\231Ee\033T\023\343\210\027\250n\017\233"
  39      9945651B 
  39      5413E388 
  39      17A86E0F 
  39      9B
  40 0035 999B2019 		.ascii	"\231\233 \031TQ`\250\320\"ec@\021\013\233\262n\374\307"
  40      545160A8 
  40      D0226563 
  40      40110B9B 
  40      B26EFCC7 
  41 0049 318A63EE 		.ascii	"1\212c\356\001\026f\342Ba\021\352\334\360\234\373\325"
  41      011666E2 
  41      426111EA 
  41      DCF09CFB 
  41      D5
  42 005a F14746CA 		.ascii	"\361GF\312\375\356=\367w~\347\317\357\\\301\376\377"
  42      FDEE3DF7 
  42      777EE7CF 
  42      EF5CC1FE 
  42      FF
  43 006b F706FE1B 		.ascii	"\367\006\376\033:c\257\342\027l\014\370\211Q\306*l\034"
  43      3A63AFE2 
  43      176C0CF8 
  43      8951C62A 
  43      6C1C
  44 007d 046D4070 		.ascii	"\004m@p\353\240`\322\256\215^fLfh\334\2426v\235\254"
  44      EBA060D2 
  44      AE8D5E66 
  44      4C6668DC 
  44      A236769D 
  45 0092 19161335 		.ascii	"\031\026\0235`\323\301j\372Y\001h\303\200}\304\205f"
  45      60D3C16A 
  45      FA590168 
  45      C3807DC4 
  45      8566
  46 00a4 D1AD805F 		.ascii	"\321\255\200_3\322m\236\3440\334\363`\012\3664KY\271"
  46      33D26D9E 
  46      E430DCF3 
  46      600AF634 
  46      4B59B9
ARM GAS  /var/folders/_f/jzb7lsz153bclt069nvlpp5r0000gn/T//ccxgBItN.s 			page 3


  47 00b7 F44D7CEE 		.ascii	"\364M|\356\265\030\2448c+\234\301^7<\353&\307\026\330"
  47      B518A438 
  47      632B9CC1 
  47      5E373CEB 
  47      26C716D8 
  48 00cb 83B83BD7 		.ascii	"\203\270;\327\352\307,b70\334\367\204\357\2168\026y"
  48      EAC72C62 
  48      3730DCF7 
  48      84EF8E38 
  48      1679
  49 00dd 8AC36E3A 		.ascii	"\212\303n:\366\236\274T\253\323\221kt\374\373\352\371"
  49      F69EBC54 
  49      ABD3916B 
  49      74FCFBEA 
  49      F9
  50 00ee 163DA711 		.ascii	"\026=\247\021\031c\335\021Y\240\245\270\200oA\020\347"
  50      1963DD11 
  50      59A0A5B8 
  50      806F4110 
  50      E7
  51 00ff 77E086EF 		.ascii	"w\340\206\357\301\315\320\304\240\025r\020\335\264\370"
  51      C1CDD0C4 
  51      A0157210 
  51      DDB4F8
  52 010e C51F209E 		.ascii	"\305\037 \236S\274\201\177\202u.\323\363\216\351\251"
  52      53BC817F 
  52      82752ED3 
  52      F38EE9A9 
  53 011e 41DB764F 		.ascii	"A\333vO\215A\010r\010\236\014\334\277\346\320\003R\312"
  53      8D410872 
  53      089E0CDC 
  53      BFE6D003 
  53      52CA
  54 0130 2CCA1853 		.ascii	",\312\030S\015\203\016\214ixw+~=\236!\366*\332\213\023"
  54      0D830E8C 
  54      6978772B 
  54      7E3D9E21 
  54      F62ADA8B 
  55 0145 BFB5AAFC 		.ascii	"\277\265\252\374\240A\235\253\257t\317\331U\276\217"
  55      A0419DAB 
  55      AF74CFD9 
  55      55BE8F
  56 0154 D371ACBD 		.ascii	"\323q\254\275c\310\231\375\265\214\311\233\303\223Z"
  56      63C899FD 
  56      B58CC99B 
  56      C3935A
  57 0163 2CD0201F 		.ascii	",\320 \037\254\257c\033,\320n\306\376\001cw\200;\255"
  57      ACAF631B 
  57      2CD06EC6 
  57      FE016377 
  57      803BAD
  58 0176 0F44201B 		.ascii	"\017D \033\275\"}55\206\310W\204\301\245\005\251#\203"
  58      BD227D35 
  58      3586C857 
  58      84C1A505 
  58      A92383
  59 0189 94374722 		.ascii	"\2247G\"\305\033\014:tn\315>\315pV14\236l\014:D\201"
ARM GAS  /var/folders/_f/jzb7lsz153bclt069nvlpp5r0000gn/T//ccxgBItN.s 			page 4


  59      C51B0C3A 
  59      746ECD3E 
  59      CD705631 
  59      349E6C0C 
  60 01a0 62883436 		.ascii	"b\21046w\031*\305\002:6U\327\264YT\2066:\236N&\372\205"
  60      77192AC5 
  60      023A3655 
  60      D7B45954 
  60      86363A9E 
  61 01b8 C99F98DE 		.ascii	"\311\237\230\336\224\241\025\316\231\374]\310\177~\203"
  61      94A115CE 
  61      99FC5DC8 
  61      7F7E83
  62 01c7 BF5BF187 		.ascii	"\277[\361\207k\217\3072\305+\212\377\370\275#\343\302"
  62      6B8FC732 
  62      C52B8AFF 
  62      F8BD23E3 
  62      C2
  63 01d8 AC716E76 		.ascii	"\254qnvK\215=;\326\330\013\331\355\273br}\275\263y\255"
  63      4B8D3D3B 
  63      D6D80BD9 
  63      EDBB6272 
  63      7DBDB379 
  64 01ed F6297802 		.ascii	"\366)x\002\260\361\314\002\324y\253\312\337\006\244"
  64      B0F1CC02 
  64      D479ABCA 
  64      DF06A4
  65 01fc 9F81669B 		.ascii	"\237\201f\233\035\027\303\201\213\335I;\027-\214\315"
  65      1D17C381 
  65      8BDD493B 
  65      172D8CCD 
  66 020c A3204B3A 		.ascii	"\243 K:~8~\304\002\012\216c\010\327\341\343X\235o\253"
  66      7E387EC4 
  66      020A8E63 
  66      08D7E1E3 
  66      589D6FAB 
  67 0220 76D450A2 		.ascii	"v\324P\242T\362a\354(\350\253\334\212\230/\247>\015"
  67      54F261EC 
  67      28E8ABDC 
  67      8A982FA7 
  67      3E0D
  68 0232 F3F27BF2 		.ascii	"\363\362{\362\250\264\245\270c\205\243\264\320\007\345"
  68      A8B4A5B8 
  68      6385A3B4 
  68      D007E5
  69 0241 6C955B48 		.ascii	"l\225[H\266\311S\237\353x+e\314\223\342\031\212\005"
  69      B6C9539F 
  69      EB782B65 
  69      CC93E219 
  69      8A05
  70 0253 5D19FC08 		.ascii	"]\031\374\010\345)\356d\323P)_ \013q#!\273\012\201\231"
  70      E529EE64 
  70      D350295F 
  70      200B7123 
  70      21BB0A81 
  71 0268 AAE84B69 		.ascii	"\252\350Ki~x\306,v\001\007\012_\220\230\205\312\277"
  71      7E78C62C 
ARM GAS  /var/folders/_f/jzb7lsz153bclt069nvlpp5r0000gn/T//ccxgBItN.s 			page 5


  71      7601070A 
  71      5F909885 
  71      CABF
  72 027a 8E4C578B 		.ascii	"\216LW\213m\271uS^Q\225W?\371\031x\377\373\374\330\204"
  72      6DB97553 
  72      5E519557 
  72      3FF91978 
  72      FFFBFCD8 
  73 028f 8DD4C177 		.ascii	"\215\324\301w\204\307sk_\375\351\014B]\005f\362r\212"
  73      84C7736B 
  73      5FFDE90C 
  73      425D0566 
  73      F2728A
  74 02a2 BB56B90D 		.ascii	"\273V\271\015~\242V\342]\375\335S\211L\317\363)\236"
  74      7EA256E2 
  74      5DFDDD53 
  74      894CCFF3 
  74      299E
  75 02b4 093108C2 		.ascii	"\0111\010\3022M)\331\273\332\342SN3\371'\261\2050\000"
  75      324D29D9 
  75      BBDAE253 
  75      4E33F927 
  75      B1853000 
  76 02c8 1E8C3088 		.ascii	"\036\2140\210\305a\036]\311\320a3\232\035\241\263\343"
  76      C5611E5D 
  76      C9D06133 
  76      9A1DA1B3 
  76      E3
  77 02d9 6B27323D 		.ascii	"k'2=\255\004}\235$\307:\227\251\025Ds\277\256\376\202"
  77      AD047D9D 
  77      24C73A97 
  77      A9154473 
  77      BFAEFE82 
  78 02ed 66DE1D4E 		.ascii	"f\336\035N\361,\270\000\236e\256^\302E$D\252\033T\222"
  78      F12CB800 
  78      9E65AE5E 
  78      C2452444 
  78      AA1B5492 
  79 0301 C9E5403A 		.ascii	"\311\345@:\206\375\037\354\014\001Y\322S\262\245\311"
  79      86FD1FEC 
  79      0C0159D2 
  79      53B2A5C9 
  80 0311 8FAD9037 		.ascii	"\217\255\2207\374\254\232l\240O\212\357R\031u\204=&"
  80      FCAC9A6C 
  80      A04F8AEF 
  80      52197584 
  80      3D26
  81 0323 8B135D42 		.ascii	"\213\023]BM\225Q\027\025\245\332\223\016\370\213\012"
  81      4D955117 
  81      15A5DA93 
  81      0EF88B0A 
  82 0333 58B5F6C9 		.ascii	"X\265\366\311|:\236\313\004\017\005\027#\0325\313\000"
  82      7C3A9ECB 
  82      040F0517 
  82      231A35CB 
  82      00
  83 0344 0643D816 		.ascii	"\006C\330\026\224!Q\265/\215A@\305\231\3501\253\002"
ARM GAS  /var/folders/_f/jzb7lsz153bclt069nvlpp5r0000gn/T//ccxgBItN.s 			page 6


  83      942151B5 
  83      2F8D4140 
  83      C599E831 
  83      AB02
  84 0356 20CB25F8 		.ascii	" \313%\370O\025\013k\030b\202\346\245\017\266i\322K"
  84      4F150B6B 
  84      186282E6 
  84      A50FB669 
  84      D24B
  85 0368 9AF42B4D 		.ascii	"\232\364+M\342\270\3560)(\014\\~8)\2153\267\177\265"
  85      E2B8EE30 
  85      29280C5C 
  85      7E38298D 
  85      33B77FB5 
  86 037c 957F4843 		.ascii	"\225\177HC\202\256\312\007\256\230C2\013\2033\026\262"
  86      82AECA07 
  86      AE984332 
  86      0B833316 
  86      B2
  87 038d D00D42E5 		.ascii	"\320\015B\345@bU\317?+\217\322\333`0\014\371i\310F\303"
  87      406255CF 
  87      3F2B8FD2 
  87      DB60300C 
  87      F969C846 
  88 03a2 3643F02D 		.ascii	"6C\360-\214<\204\320\250Evb\031E\010\225\244\263\260"
  88      8C3C84D0 
  88      A8457662 
  88      19450895 
  88      A4B3B0
  89 03b5 1084FDEC 		.ascii	"\020\204\375\354\305G\363\215\245\301Vz6\004N\266X\037"
  89      C547F38D 
  89      A5C1567A 
  89      36044EB6 
  89      581F
  90 03c7 4D3D8EE8 		.ascii	"M=\216\350\033P\221\205\225\342H\334\002\330<\236$\313"
  90      1B509185 
  90      95E248DC 
  90      02D83C9E 
  90      24CB
  91 03d9 04B80575 		.ascii	"\004\270\005uh\342\364\231\252LeD\031&\301\255\037\013"
  91      68E2F499 
  91      AA4C6544 
  91      1926C1AD 
  91      1F0B
  92 03eb D1E3048C 		.ascii	"\321\343\004\214\202\270\247ss\363\314\337\233\336\242"
  92      82B8A773 
  92      73F3CCDF 
  92      9BDEA2
  93 03fa B77D25C5 		.ascii	"\267}%\305ye\245Ey\276\367}%\376\334\"f\024\035(\361"
  93      7965A545 
  93      79BEF77D 
  93      25FEDC22 
  93      66141D28 
  94 040f 7BF797F8 		.ascii	"{\367\227\370J\341\220Q\206\267\205\305^\277\3278p\260"
  94      4AE19051 
  94      86B785C5 
  94      5EBFD738 
ARM GAS  /var/folders/_f/jzb7lsz153bclt069nvlpp5r0000gn/T//ccxgBItN.s 			page 7


  94      70B0
  95 0421 B0CCEFF5 		.ascii	"\260\314\357\365\277Wf/\336_\352\377\240p\337;\336\267"
  95      BF57662F 
  95      DE5FEAFF 
  95      A070DF3B 
  95      DEB7
  96 0433 34BFEFDD 		.ascii	"4\277\357\335\203\377\002\013\205:P"
  96      83FF020B 
  96      853A50
  97              		.text
  98              		.section	.gnu.lto_poll_recvq.a4ff55528f13362e,"",%progbits
  99 0000 789C7554 		.ascii	"x\234uTYl\224U\024\276\347\336\177\231\177\246\235\026"
  99      596C9455 
  99      14BEE7DE 
  99      7F997FA6 
  99      9D16
 100 0012 121F9CC4 		.ascii	"\022\037\234\304H\322\024\242\322\366\301\244/&\246"
 100      48D214A2 
 100      D2F6C1A4 
 100      2F26A6
 101 0021 EF3CE8AB 		.ascii	"\357<\350\253/\326qf0D-\330\216$F\032o;\203B\243\215"
 101      2FD67166 
 101      30442DD8 
 101      8E24461A 
 101      6F3B8342 
 102 0037 622C1518 		.ascii	"b,\025\030\201L\001\245\013e\200\256\320N+\332\262\264"
 102      814C01A5 
 102      0B6580AE 
 102      D04E2BDA 
 102      B2B4
 103 0049 B554A025 		.ascii	"\265T\240%\200\215iMq!]\010\355/\302x\316\375G\272X"
 103      808D694D 
 103      71215D08 
 103      ED2FC278 
 103      CEFD47BA 
 104 005e 263377FD 		.ascii	"&3w\375\316w\226\357\334\021\354\377\237\327\361\347"
 104      CE7796EF 
 104      DC11ECFF 
 104      9FD7F1E7 
 105 006e 36187B05 		.ascii	"6\030{\005gp1\340\237\0172V\341\342 h\001\202\233\275"
 105      677031E0 
 105      9F0F3256 
 105      E1E22068 
 105      01829BBD 
 106 0082 8249B736 		.ascii	"\202I\2676x\2211\231\241q]-\334\006\235f\350\016\252"
 106      78913199 
 106      A1715D2D 
 106      DC069D66 
 106      E80EAA
 107 0095 C76580E9 		.ascii	"\307e\200\351\330\231\000\264`\300>\342B\323\015\023"
 107      D89900B4 
 107      60C03EE2 
 107      42D30D13 
 108 00a5 70763CDD 		.ascii	"pv<\335\3413\034.\267?\032\201\015G\244\254\234\376"
 108      E1331C2E 
 108      B73F1A81 
 108      0D47A4AC 
ARM GAS  /var/folders/_f/jzb7lsz153bclt069nvlpp5r0000gn/T//ccxgBItN.s 			page 8


 108      9CFE
 109 00b7 75E0D6AB 		.ascii	"u\340\326\253I\2609cs\234\301F\037<\347#\303c\260\001"
 109      49B03963 
 109      739CC146 
 109      1F3CE723 
 109      C363B001 
 110 00cb 7177AF1F 		.ascii	"qw\257\037\030\322\305:`\270no\2727\340\231\3426\207"
 110      18D2C53A 
 110      60B86E6F 
 110      BA37E099 
 110      E23687
 111 00de 75B4EDD8 		.ascii	"u\264\355\330\323_k\320\226k\264\375\373j\3531#7\216"
 111      D35F6BD0 
 111      966BB4FD 
 111      FB6AEB31 
 111      23378E
 112 00f1 8CC9B684 		.ascii	"\214\311\266\204,\322l.\340[\020\304\371\035\370\340"
 112      2CD26C2E 
 112      E05B10C4 
 112      F91DF8E0 
 113 0101 38F8181E 		.ascii	"8\370\030\0361\250\207\\D\327M\355\375\035\304\363\212"
 113      31A8875C 
 113      44D74DED 
 113      FD1DC4F3 
 113      8A
 114 0112 37FA4F6C 		.ascii	"7\372Ol\277\327\261\274\353Xj\320\260\322Rc\320\010"
 114      BFD7B1BC 
 114      EB586AD0 
 114      B0D25263 
 114      D008
 115 0124 B9049F89 		.ascii	"\271\004\237\211>\274\3561\242R\312l\212\030Cm\002\003"
 115      3EBCEE31 
 115      A252CA6C 
 115      8A18436D 
 115      0203
 116 0136 18D3F0EE 		.ascii	"\030\323\360\356\347\251\257\033<b\243\242m\356\256"
 116      E7A9AF1B 
 116      3C62A3A2 
 116      6DEEAE
 117 0145 DF6DA970 		.ascii	"\337m\251p\337\240\355\374\316\351\335n\025n\006m\277"
 117      DFA0EDFC 
 117      CEE9DD6E 
 117      156E066D 
 117      BF
 118 0156 19ABAEE2 		.ascii	"\031\253\256\3429\207eR\216/\\\321\222\321C\362Q*\205"
 118      39876552 
 118      8E2F5CD1 
 118      92D143F2 
 118      512A85
 119 0169 55D0E184 		.ascii	"U\320\341\204\343\272\031]\237\004_Z\036H@\016Z%\316"
 119      E3BA195D 
 119      9F045F5A 
 119      1E48400E 
 119      5A25CE
 120 017c D6D458A2 		.ascii	"\326\324X\242P\361\307\246'\245\201\014R\216\333\211"
 120      50F1C7A6 
 120      27A5810C 
ARM GAS  /var/folders/_f/jzb7lsz153bclt069nvlpp5r0000gn/T//ccxgBItN.s 			page 9


 120      528EDB89 
 121 018c E0228301 		.ascii	"\340\"\203\001\247\226\007\237f8\255\030\342{\3421\217"
 121      A796079F 
 121      6638AD18 
 121      E27BE231 
 121      8F
 122 019d 28520C89 		.ascii	"(R\014\211\370\221\026'\302\"\332\326}U\323\240\253"
 122      F8911627 
 122      C222DAD6 
 122      7D55D3A0 
 122      AB
 123 01ae 085DB4DD 		.ascii	"\010]\264\33573\326%\034\376\207\327\226Dh\302\031\207"
 123      3733D625 
 123      1CFE87D7 
 123      964468C2 
 123      1987
 124 01c0 BF05F95B 		.ascii	"\277\005\371[\027\371\333\024\177S\355g\311,\261I\361"
 124      17F9DB14 
 124      7F53ED67 
 124      C92CB149 
 124      F1
 125 01d1 DFBC3472 		.ascii	"\337\2744r\307\355\344X\025\337$\373et<\225z\226rl_"
 125      C7EDE458 
 125      15DF24FB 
 125      65743C95 
 125      7A96726C 
 126 01e6 35C70EC8 		.ascii	"5\307\016\3109\2616)S\251S\255\013\243\353\327<\005"
 126      39B13629 
 126      53A953AD 
 126      0BA3EBD7 
 126      3C05
 127 01f8 5877A603 		.ascii	"Xw\246\003\025\336T\361\273\200\344\263\360\330\345"
 127      15DE54F1 
 127      BB80E4B3 
 127      F0D8E5
 128 0207 C6C1F2E0 		.ascii	"\306\301\362\340\340\316\244\225\227\006\306&P\217i"
 128      E0CEA495 
 128      9706C626 
 128      508F69
 129 0216 03278E93 		.ascii	"\003'\216\223\230D\275\261\013\341&\354L\316\205\226"
 129      9844BDB1 
 129      0BE126EC 
 129      4CCE8596 
 130 0226 4B470525 		.ascii	"KG\005%J\245\036\372\356\004c\236\233$\314Hu\023/\177"
 130      4AA51EFA 
 130      EE04639E 
 130      9B24CC48 
 130      75132F7F 
 131 023a 20774997 		.ascii	" wI\227\315=s\034\225\205\263P\316\346\271\216\267\007"
 131      CD3D731C 
 131      9585B350 
 131      CEE6B98E 
 131      B707
 132 024c AB8E8F9B 		.ascii	"\253\216\217\233x+e2\317\346\031\212\005M\031\234\203"
 132      782B6532 
 132      CFE6198A 
 132      054D199C 
ARM GAS  /var/folders/_f/jzb7lsz153bclt069nvlpp5r0000gn/T//ccxgBItN.s 			page 10


 132      83
 133 025d 729B67B2 		.ascii	"r\233g\262kP)_\244\023\342FBv\025\242\243\221?^J\363"
 133      6B50295F 
 133      A413E246 
 133      427615A2 
 133      A3913F5E 
 134 0273 C37A27D9 		.ascii	"\303z'\331I\354'|@\342\006T\336\377\344\376^\261\"\266"
 134      49EC277C 
 134      40E20654 
 134      DEFFE4FE 
 134      5EB122B6 
 135 0287 368AAB53 		.ascii	"6\212\253S\305\325Ev\026\336\377214\354\"u\360\031\341"
 135      C5D54576 
 135      16DEFF32 
 135      3134EC22 
 135      75F019E1 
 136 029b F6CCC2C1 		.ascii	"\366\314\302\301\2772c\260\277\002#y\331\346\336y\356"
 136      BF3263B0 
 136      BF022379 
 136      D9E6DE79 
 136      EE
 137 02ac 826E2A25 		.ascii	"\202n*%\336\035\270\367\345XV\336\0136\317\202$\304"
 137      DE1DB8F7 
 137      E55856DE 
 137      0B36CF82 
 137      24C4
 138 02be 60969A94 		.ascii	"`\226\232\224\316[\032.\214d:\301?\215%\204\036\310"
 138      CE5B1A2E 
 138      8C643AC1 
 138      3F8D2584 
 138      1EC8
 139 02d0 430FBD98 		.ascii	"C\017\275\230\034\306\3212\323\275\303\361\346Fh\244"
 139      1CC6D132 
 139      D3BDC3F1 
 139      E64668A4 
 140 02e0 B96DC2CA 		.ascii	"\271m\302\312\253'\350k$9\3469K\245 \232[\375\207\247"
 140      AB27E86B 
 140      2439E639 
 140      4BA5209A 
 140      5BFD87A7 
 141 02f4 BDCEDD0E 		.ascii	"\275\316\335\016\233g\303\367\2207\313\325C8\217\204"
 141      9B67C3F7 
 141      9037CBD5 
 141      43388F84 
 142 0304 48759B52 		.ascii	"Hu\233Rr\270<H\307\260\376\275\017\032\201N\322]\262"
 142      72B83C48 
 142      C7B0FEBD 
 142      0F1A814E 
 142      D25DB2
 143 0317 ACC86BE6 		.ascii	"\254\310k\346\310\032~PE\266\320\306\346k\235\210\316"
 143      C81A7E50 
 143      45B6D0C6 
 143      E66B9D88 
 143      CE
 144 0328 0FEB0E4D 		.ascii	"\017\353\016M&\3324\326Uvz)+U\237\264\307\037\225\307"
 144      26DA34D6 
 144      55767A29 
ARM GAS  /var/folders/_f/jzb7lsz153bclt069nvlpp5r0000gn/T//ccxgBItN.s 			page 11


 144      2B559FB4 
 144      C71F95C7 
 145 033c C8C2C713 		.ascii	"\310\302\307\023i\207^\007\334\027\233JhT-\013\030\364"
 145      69875E07 
 145      DC179B4A 
 145      68542D0B 
 145      18F4
 146 034e 615D5087 		.ascii	"a]P\207\261\310\3464\006\001\025G;?5\025\000Y\372\341"
 146      B1C8E634 
 146      06011547 
 146      3B3F3515 
 146      0059FAE1 
 147 0362 3F597476 		.ascii	"?Ytv\250\217\011j\230\032c\205(\035$J\227\022\345\002"
 147      A88F096A 
 147      981A6385 
 147      281D244A 
 147      9712E502 
 148 0376 8EABB40A 		.ascii	"\216\253\264\012*\003\027\037\267Jum\307\234(\377\220"
 148      2A03171F 
 148      B74A756D 
 148      C79C28FF 
 148      90
 149 0387 BA044D95 		.ascii	"\272\004M\225\015\\r\272\344\006\364\216\352tB7\010"
 149      0D5C72BA 
 149      E406F48E 
 149      EA744237 
 149      08
 150 0398 953D63F3 		.ascii	"\225=c\363F\341i\271\213\376\000\030\\\206\3024d\261"
 150      46E169B9 
 150      8BFE0018 
 150      5C86C234 
 150      64B1
 151 03aa 624B21F8 		.ascii	"bK!\370\030\006\036C\250\327\022\253\261\014\"\204R"
 151      18061E43 
 151      A8D712AB 
 151      B10C2284 
 151      52
 152 03bb 32589310 		.ascii	"2X\223\020\204\375\242\017\236L8\224F\233\364p\010="
 152      84FDA20F 
 152      9E4C3894 
 152      469BF470 
 152      083D
 153 03cd 73CE7C32 		.ascii	"s\316|2\367O\210\276\015\025\331\230*6\305o\000K\033"
 153      F74F88BE 
 153      0D15D998 
 153      2A36C56F 
 153      004B1B
 154 03e0 94741906 		.ascii	"\224t\031\006\237\240\022\015\357;\032\311R\207\250"
 154      9FA0120D 
 154      EF3B1AC9 
 154      5287A8
 155 03ef C315F019 		.ascii	"\303\025\360\031\177\236\014\342\363\004\364\202\270"
 155      7F9E0CE2 
 155      F304F482 
 155      B8
 156 03fc 67F2F30B 		.ascii	"g\362\363\013\234\357\233\376\300\333\241\222`AYi\240"
 156      9CEF9BFE 
ARM GAS  /var/folders/_f/jzb7lsz153bclt069nvlpp5r0000gn/T//ccxgBItN.s 			page 12


 156      C0DBA192 
 156      60415969 
 156      A0
 157 040d 20B43D54 		.ascii	" \264=T\022\316\0170+\260\265$\354\337R\022*\205\367"
 157      12CE0F30 
 157      2BB0B524 
 157      ECDF5212 
 157      2A85F7
 158 0420 ACD25060 		.ascii	"\254\322P`{q\320\037\366[[\267\025\227\205\375\341\367"
 158      7B71D01F 
 158      F65B5BB7 
 158      159785FD 
 158      E1F7
 159 0432 CBDCC12D 		.ascii	"\313\334\301-\245\341\017\2127\277\343\177K\013\207"
 159      A5E10F8A 
 159      37BFE37F 
 159      4B0B87
 160 0441 DEDDF62F 		.ascii	"\336\335\366/\3206=\003"
 160      D0363D03 
 161              		.text
 162              		.section	.gnu.lto_.symbol_nodes.a4ff55528f13362e,"",%progbits
 163 0000 789C4DCD 		.ascii	"x\234M\315\261\015\2000\014D\321s\034G,\003+^F`\002"
 163      B10D8030 
 163      0C44D173 
 163      1C472C03 
 163      2B5E4660 
 164 0015 A0A0A461 		.ascii	"\240\240\244a\011$\232L\2215\220\210\224\024vuO\277"
 164      09249A4C 
 164      91359088 
 164      94147675 
 164      4FBF
 165 0027 B002D831 		.ascii	"\260\002\3301.\200\300Z\000\022\3331!\010\305[\"C7r"
 165      2E80C05A 
 165      0012DB31 
 165      2108C55B 
 165      22433772 
 166 003b 6E54AA67 		.ascii	"nT\252g`\364L4OcrTD\234WY\264\255z\227Y\333\363\372"
 166      60F44C34 
 166      4F637254 
 166      449C5759 
 166      B4AD7A97 
 167 0053 7CAFA9A4 		.ascii	"|\257\251\244\036d\004\261\036\360\003\204\235*\332"
 167      1E6404B1 
 167      1EF00384 
 167      9D2ADA
 168              		.text
 169              		.section	.gnu.lto_.refs.a4ff55528f13362e,"",%progbits
 170 0000 789C6366 		.ascii	"x\234cf```d\200\002\000\000=\000\005"
 170      60606064 
 170      80020000 
 170      3D0005
 171              		.text
 172              		.section	.gnu.lto_.decls.a4ff55528f13362e,"",%progbits
 173 0000 789CAD5A 		.ascii	"x\234\255Z{PTW\232\357\323\247\3374\220\321d\222\242"
 173      7B505457 
 173      9AEFD3A7 
 173      DF3490D1 
ARM GAS  /var/folders/_f/jzb7lsz153bclt069nvlpp5r0000gn/T//ccxgBItN.s 			page 13


 173      6492A2
 174 0013 B23586C9 		.ascii	"\2625\206\311\262\231l\022\234\354\314\324N\325\376"
 174      B2996C12 
 174      9CECCCD4 
 174      4ED5FE
 175 0022 9149666A 		.ascii	"\221Ifj3\217\315Nv'[\265\265\263\325\351@'a\027\001"
 175      338FCD4E 
 175      76275BB5 
 175      B5B3D5E9 
 175      40276117 
 176 0037 BBDB649C 		.ascii	"\273\333d\234\177\366\012\242\202(\017\345\355\243y"
 176      7FF60AA2 
 176      82280FE5 
 176      EDA379
 177 0046 C8C30782 		.ascii	"\310\303\007\202\012\370\342!\242\362\024\020D\021\221"
 177      0AF8E221 
 177      A2F21410 
 177      441191
 178 0055 1690A762 		.ascii	"\026\220\247b\243(\017\037\354w\316\271\267\357\275"
 178      A3280F1F 
 178      EC77CEB9 
 178      B7EFBD
 179 0064 4D3766AA 		.ascii	"M7f\252\246\213C\237\357\334\357|\347\367}\347\373\276"
 179      A68B439F 
 179      EFDCEF7C 
 179      E7F77DE7 
 179      FBBE
 180 0076 F3DD7B1B 		.ascii	"\363\335{\033+\024\212\337#\205b\011>\177\\\253P\354"
 180      2B148ADF 
 180      23856209 
 180      3E7F5CAB 
 180      50EC
 181 0088 D5281498 		.ascii	"\325(\024\230\214)\304\217\026\232^\251P\004B{\031Z"
 181      8C29C48F 
 181      169A5EA9 
 181      5004427B 
 181      195A
 182 009a 10B4D7A1 		.ascii	"\020\264\327\241\275\001\355\207J\305\262\017\341]\015"
 182      BD01ED87 
 182      4AC5B20F 
 182      E15D0D
 183 00a9 DFA5D002 		.ascii	"\337\245\320\002\240\031\241a\030SA\213\201\265~\003"
 183      A019A161 
 183      1853418B 
 183      81B57E03 
 184 00b9 F43BF0FD 		.ascii	"\364;\360\375\012\221\001}XR\361&\364\327\303\330*\370"
 184      0A91017D 
 184      5852F126 
 184      F4D7C3D8 
 184      2AF8
 185 00cb 56425B05 		.ascii	"VB[\005\375\006\030\377[\350\277\246d\230\236\302X$"
 185      FD0618FF 
 185      5BE8BFA6 
 185      64989EC2 
 185      5824
 186 00dd B4B7A1A9 		.ascii	"\264\267\241\251\370u^\347\361\274\354\005G\240\017"
 186      F8755EE7 
ARM GAS  /var/folders/_f/jzb7lsz153bclt069nvlpp5r0000gn/T//ccxgBItN.s 			page 14


 186      F1BCEC05 
 186      47A00F
 187 00ec 1C06685B 		.ascii	"\034\006h[}\340\010\201~\002\214\375\340\0058\342$8"
 187      7DE00881 
 187      7E028CFD 
 187      E00538E2 
 187      2438
 188 00fe 02793B04 		.ascii	"\002y;\004\3616\361\374\314(QfF\353\036-V\"\350\253"
 188      F136F1FC 
 188      CC285166 
 188      46EB1E2D 
 188      5622E8AB 
 189 0112 46166ECD 		.ascii	"F\026n\315iQ\220>$(\213\323\241R\244Wl\345\270X\316"
 189      6951903E 
 189      24288BD3 
 189      A152A457 
 189      6CE5B858 
 190 0127 159BF2D2 		.ascii	"\025\233\362\322z\005z'\010\375(H\201\016\242\020zI"
 190      7A057A27 
 190      08FD2848 
 190      810EA210 
 190      7A49
 191 0139 814A5010 		.ascii	"\201JP\020:\204\202\024\205\034\307m\343> \243\250\030"
 191      3A848214 
 191      851CC76D 
 191      E33E20A3 
 191      A818
 192 014b 6189FC2C 		.ascii	"a\211\374,\030g\202`\245Se\263\355~\343J\024`XC\310"
 192      18678260 
 192      A55365B3 
 192      ED7EE34A 
 192      14605843 
 193 0160 D3694D59 		.ascii	"\323iMY\032 \215\006\025!\023\367\354NR\321\253\334"
 193      1A208D06 
 193      152113F7 
 193      EC4E52D1 
 193      ABDC
 194 0172 05251928 		.ascii	"\005%\031(9U1\342G\257w\276E\350\246\203{\332UXG\200"
 194      395531E2 
 194      47AF77BE 
 194      45E8A683 
 194      7BDA5558 
 195 0188 A282ACDB 		.ascii	"\242\202\254\333=\206w\016\322u\353]H\324\346\314|U"
 195      3D86770E 
 195      D275EB5D 
 195      48D4E6CC 
 195      7C55
 196 019a 710095E2 		.ascii	"q\000\225\342\244\214\307\316\216?\012\244B^'d\353L"
 196      A48CC7CE 
 196      8E3F0AA4 
 196      425E2764 
 196      EB4C
 197 01ac FE33037E 		.ascii	"\3763\003~\205]*8P\245\247\254\037\020\2620=\343\260"
 197      855D2A38 
 197      50A5A7AC 
 197      1F10B230 
 197      3DE3B0
ARM GAS  /var/folders/_f/jzb7lsz153bclt069nvlpp5r0000gn/T//ccxgBItN.s 			page 15


 198 01bf 9A72EA08 		.ascii	"\232r\352\0109u4\361\276\032\277N9\363\267\214\367\030"
 198      397534F1 
 198      BE1ABF4E 
 198      39F3B78C 
 198      F718
 199 01d1 F15BB45F 		.ascii	"\361[\264_W;\177\321\200\337\245\375\244m\316f\003\376"
 199      573B7FD1 
 199      80DFA5FD 
 199      A46DCE66 
 199      03FE
 200 01e3 19ED6F2A 		.ascii	"\031\355o*:\223\244\205\351o\030(\216\301\334\205B="
 200      3A93A485 
 200      E96F1828 
 200      8EC1DC85 
 200      423D
 201 01f5 2589FB06 		.ascii	"%\211\373\006\302\220\262i\224+\010@!\006b-WB\301\320"
 201      C290B269 
 201      942B0840 
 201      2106622D 
 201      5742C1D0 
 202 0209 C77160B2 		.ascii	"\307q`\262Zd@\247\021F\025\350\035P\200\316&\237m\304"
 202      5A6440A7 
 202      114615E8 
 202      1D5080CE 
 202      269F6DC4 
 203 021d EC29719C 		.ascii	"\354)q\234\276)@\201\016\203\231\217\200\231Q\015X\376"
 203      BE294081 
 203      0E83998F 
 203      8099510D 
 203      58FE
 204 022f 0D03E545 		.ascii	"\015\003\345Eg`\360,\014\202\340\013Ok7\253\221!\304"
 204      6760F02C 
 204      0C82E00B 
 204      4F6B37AB 
 204      9121C4
 205 0242 FBA47A2F 		.ascii	"\373\244z/\223(\204\346\370\264\357s\234\012\325\001"
 205      932884E6 
 205      F8B4EF73 
 205      9C0AD501 
 206 0252 84532204 		.ascii	"\204S\"\004@$XSY4U\271h\024 O\217%\277B\370\033\200"
 206      40245853 
 206      593455B9 
 206      6814204F 
 206      8F25BF42 
 207 0269 FFA4C85F 		.ascii	"\377\244\310_\207V\304|\316+f4\326\330\231\247\307\271"
 207      8756C47C 
 207      CE2B6634 
 207      D6D899A7 
 207      C7B9
 208 027b D4ED5067 		.ascii	"\324\355PgMm\275\036\357g>\030\037\037\227\342\217\202"
 208      4D6DBD1E 
 208      EF673E18 
 208      1F1F97E2 
 208      8F82
 209 028d 83578738 		.ascii	"\203W\2078@\240\253\2654\307\230\3159\032\020]\267\021"
 209      40A0ABB5 
 209      34C798CD 
ARM GAS  /var/folders/_f/jzb7lsz153bclt069nvlpp5r0000gn/T//ccxgBItN.s 			page 16


 209      391A105D 
 209      B711
 210 029f D6BD8456 		.ascii	"\326\275\204V\213\342\337\012R\320\305`}\302\356\030"
 210      8BE2DF0A 
 210      52D0C560 
 210      7DC2EE18 
 211 02af 3FC67DB0 		.ascii	"?\306}\260\031S\336\363^y\337&\254\251\240\017\227\342"
 211      1953DEF3 
 211      5E79DF26 
 211      ACA9A00F 
 211      97E2
 212 02c1 E03EB02B 		.ascii	"\340>\260+P%\\\256\"\002(3\340DM\000\371\"\012F\027"
 212      50255CAE 
 212      22022833 
 212      E0444D00 
 212      F9220A46 
 213 02d6 5030558C 		.ascii	"P0U\214h\357\034|_G\030\024\274\332n\217S\236o\276\322"
 213      68EF1C7C 
 213      5F471814 
 213      BCDA6E8F 
 213      539E6FBE 
 214 02eb 8750C86A 		.ascii	"\207P\310j\3125\251A\250\005\304T\213\366!\223\350\307"
 214      CA35A941 
 214      A805C454 
 214      8BF62193 
 214      E8C7
 215 02fd DBA2A819 		.ascii	"\333\242\250\031\326\362\265.\011\231\324\2757\374\214"
 215      D6F2B52E 
 215      0999D4BD 
 215      37FC8C
 216 030c 89A265A9 		.ascii	"\211\242e\251tA#\005jEF\236s\377xa\276\01672\203>:\324"
 216      74412305 
 216      6A45469E 
 216      73FF7861 
 216      BE0E3732 
 217 0324 F25C835B 		.ascii	"\362\\\203[\0301\227sy\207\012\367(en\372\261\334M?"
 217      18319773 
 217      79870AF7 
 217      28656EFA 
 217      B1DC4D3F 
 218 0338 16DDB42E 		.ascii	"\026\335\264.9\267\312\275\347\011\347G?%nz\005\354"
 218      39B7CABD 
 218      E709E747 
 218      3F256E7A 
 218      05EC
 219 034a 7959D4E9 		.ascii	"yY\324\351\343\025\267\274\013\364\370\230\337\362\016"
 219      E315B7BC 
 219      0BF4F898 
 219      DFF20E
 220 0359 18EC646E 		.ascii	"\030\354dnZ\\\231\272\025\013\202\233\357\364R\347\353"
 220      5A5C99BA 
 220      150B829B 
 220      EFF452E7 
 220      EB
 221 036a 01C1EDA2 		.ascii	"\001\301\355\242\340++;S\267W\311\250:\345^\225\001"
 221      E02B2B3B 
 221      53B757C9 
ARM GAS  /var/folders/_f/jzb7lsz153bclt069nvlpp5r0000gn/T//ccxgBItN.s 			page 17


 221      A83AE55E 
 221      9501
 222 037c 3B998657 		.ascii	";\231\206W\216\036\257\362\307w\030\321\226Zq\323\037"
 222      8E1EAFF2 
 222      C77718D1 
 222      965A71D3 
 222      1F
 223 038d BB18517E 		.ascii	"\273\030Q~k\241W\213\2370\342\314Xl\237\026/1b~r\354"
 223      6BA1578B 
 223      9F30E2CC 
 223      586C9F16 
 223      2F31627E 
 224 03a3 2EC2808E 		.ascii	".\302\200\216\020e\003\347\277\005\223h\014d\277\346"
 224      106503E7 
 224      BF059368 
 224      0C64BFE6 
 225 03b3 895DD0FF 		.ascii	"\211]\320\377\301pswG\247\232\216\223!-\321h\241\361"
 225      C1707377 
 225      47A79A8E 
 225      93212DD1 
 225      68A1F1
 226 03c6 E4510D0B 		.ascii	"\344Q\015\013<n9\330[\000V\303\203\355\207\301\233B"
 226      3C6E39D8 
 226      5B0056C3 
 226      83ED87C1 
 226      9B42
 227 03d8 E0250CEF 		.ascii	"\340%\014\357\177\235\350>\000\272\337\020u\327\210"
 227      7F9DE83E 
 227      00BADF10 
 227      75D788
 228 03e7 71D75799 		.ascii	"q\327W\231w:@4U\007\215;'\260\367\211\354\003\022Sy"
 228      773A4034 
 228      55078D3B 
 228      27B0F789 
 228      EC031253 
 229 03fc 597DD0CB 		.ascii	"Y}\320\313\352 9\345V\305!\275;\242\267\246Q\311C \371"
 229      EA2039E5 
 229      56C521BD 
 229      3BA2B7A6 
 229      51C94320 
 230 0411 BA28D9B9 		.ascii	"\272(\331\271\262\344\333\336%_\232\255\0306\3724\306"
 230      B2E4DBDE 
 230      255F9AAD 
 230      1836FA34 
 230      C6
 231 0422 882F63B4 		.ascii	"\210/c\2646\367\006\020\014\303\200\341\232\210aH\314"
 231      36F70610 
 231      0CC380E1 
 231      9A886148 
 231      CC
 232 0433 4268EACE 		.ascii	"Bh\352\316\320.=Ne\273\263#9\363\226\036\357aD\353\320"
 232      D02E3D4E 
 232      65BBB323 
 232      39F3961E 
 232      EF6144EB 
 233 0448 FC4323CD 		.ascii	"\374C#\315\331/\0212\257;~;\302E\362k\001\354Z\316\265"
 233      D92F1132 
ARM GAS  /var/folders/_f/jzb7lsz153bclt069nvlpp5r0000gn/T//ccxgBItN.s 			page 18


 233      AF3B7E3B 
 233      C245F26B 
 233      01EC5ACE 
 234 045d 3BB398B2 		.ascii	";\263\230\262\322\303\345\341\324t\221\036\037g\254"
 234      D2C3E5E1 
 234      D474911E 
 234      1F67AC
 235 046c E92DB9C9 		.ascii	"\351-\271\311j|\216\021)\267\323\272U\270\005\313\302"
 235      6A7C8E11 
 235      29B7D3BA 
 235      55B805CB 
 235      C2
 236 047d 650D0B97 		.ascii	"e\015\013\227\314\251\371\023:J.-a\242t\376@\347m\267"
 236      CCA9F913 
 236      3A4A2E2D 
 236      61A274FE 
 236      40E76DB7 
 237 0491 3913867B 		.ascii	"9\023\206{\351\276\316\200*\367DU\326H]\232\213\343"
 237      E9BECE80 
 237      2AF74455 
 237      D6485D9A 
 237      8BE3
 238 04a3 D4256098 		.ascii	"\324%`\230\011\260\301$1\214\013\014\263\2067\3144\014"
 238      09B0C124 
 238      318C0B0C 
 238      B38637CC 
 238      340C
 239 04b5 DE67D63C 		.ascii	"\336g\326<>4\275\335\340\366\200\013;i\260<\004\301"
 239      3E34BDDD 
 239      E0F6800B 
 239      3B69B03C 
 239      04C1
 240 04c7 7745C133 		.ascii	"wE\3013hE\311\017\274K\216?\236\027)\010>\222\314R\372"
 240      6845C90F 
 240      BC4B8E3F 
 240      9E172908 
 240      3E92CC52 
 241 04dc 23103C25 		.ascii	"#\020<%\012~\270\262\340Y\257\202U\023c\235\325*\024"
 241      0A7EB8B2 
 241      E059AF82 
 241      5513639D 
 241      D52A14
 242 04ef BC3A9826 		.ascii	"\274:\230&ng\323\225\317\353c1\025M\262\366\034\344"
 242      6E67D395 
 242      CFEB6331 
 242      154DB2F6 
 242      1CE4
 243 0501 2DB7049A 		.ascii	"-\267\004\232\211'\220,\025[\025\222\2746\307\247\304"
 243      8927902C 
 243      155B1592 
 243      BC36C7A7 
 243      C4
 244 0512 05586A1E 		.ascii	"\005Xj\036R\342c>%\322\034_W\316}\300K>\357U2\315\361"
 244      52E2633E 
 244      25D21C5F 
 244      57CE7DC0 
 244      4B3EEF55 
ARM GAS  /var/folders/_f/jzb7lsz153bclt069nvlpp5r0000gn/T//ccxgBItN.s 			page 19


 245 0529 341FD742 		.ascii	"4\037\327B\326\236\363\226\265w?-\352\324\013Y\273\031"
 245      D69EF396 
 245      B5773F2D 
 245      EAD40B59 
 245      BB19
 246 053b B2F61390 		.ascii	"\262\366\023\2202.\232`nY\326\226\340C\213\000\313\027"
 246      322E9A60 
 246      6E59D696 
 246      E0438B00 
 246      CB17
 247 054d 447093DC 		.ascii	"Dp\223\334\247\213\245\376\262\254\375D\226\265\237"
 247      A78BA5FE 
 247      B2ACFD44 
 247      96B59F
 248 055c BAB3F6E6 		.ascii	"\272\263\366\346\342\003\323\376x\2169[f\327\365j\025"
 248      E203D3FE 
 248      788E395B 
 248      66D7F56A 
 248      15
 249 056d 8E535122 		.ascii	"\216SQ\"\261\277\264M\213\267\253dn\370}\346\206;[s"
 249      B1BFB44D 
 249      8BB7AB64 
 249      6EF87DE6 
 249      863B5B73 
 250 0581 CE614A2E 		.ascii	"\316aJ.\221\313\312\264\341\331\003H(\000\\i\034~\315"
 250      91CBCAB4 
 250      E1D90348 
 250      28005C69 
 250      1C7ECD
 251 0594 5DACC529 		.ascii	"]\254\305)C\200\215\355\025\247\014B\233\224B\022*H"
 251      43808DED 
 251      15A70C42 
 251      9B944212 
 251      2A48
 252 05a6 A6CE1AAB 		.ascii	"\246\316\032\2534\240%Q\357\357\213I\310y\355\300\247"
 252      34A02551 
 252      EFEF8B49 
 252      C879EDC0 
 252      A7
 253 05b7 DE85C6FB 		.ascii	"\336\205\306\373\022\332\034\337J\375i3\010}.\012\205"
 253      12DA1CDF 
 253      4AFD6933 
 253      087D2E0A 
 253      85
 254 05c8 35DCC1DC 		.ascii	"5\334\301\334\1773i7\222\331\2060\213\266\331\242\024"
 254      7F336937 
 254      92D98630 
 254      8BB6D9A2 
 254      14
 255 05d9 6C5350BF 		.ascii	"lSP\277\257E\205\323\231\005\262\347\332.\262:\3565"
 255      AF4585D3 
 255      9905B2E7 
 255      DA2EB23A 
 255      EE35
 256 05eb 20F5898E 		.ascii	" \365\211\216\331\270@(\022\350G\250\024\232\373_f\225"
 256      D9B84028 
 256      12E847A8 
ARM GAS  /var/folders/_f/jzb7lsz153bclt069nvlpp5r0000gn/T//ccxgBItN.s 			page 20


 256      149AFB5F 
 256      6695
 257 05fd 029C8AA8 		.ascii	"\002\234\212\250\015\226OQz=\375\035d\317\027;\303\353"
 257      0D964F51 
 257      7A3DFD1D 
 257      64CF173B 
 257      C3EB
 258 060f A1502069 		.ascii	"\241P ig\324\223u\014Iyc\235O\257P^\200\206\266*=x\267"
 258      67D49375 
 258      0C497963 
 258      9D4FAF50 
 258      5E8086B6 
 259 0627 29E5BCF3 		.ascii	")\345\274\363L.\234R\275\236b\253<\304>ab\301\033\320"
 259      4C2E9C52 
 259      BD9E62AB 
 259      3CC43E61 
 259      62C11BD0 
 260 063b 33EF10DC 		.ascii	"3\357\020\334\205\015\347\\\020\361\336\361.XR\005\335"
 260      850DE75C 
 260      10F1DEF1 
 260      2E585205 
 260      DD
 261 064c 67551039 		.ascii	"gU\0209\\\257z\265\303aI\354q\264\"9\006\327\217S9\204"
 261      5CAF7AB5 
 261      C36149EC 
 261      71B42239 
 261      06D78F53 
 262 0662 9B38762A 		.ascii	"\2338v*\354r\2022\030%CK\202\266\023Z\"\264\035\320"
 262      EC728232 
 262      1825434B 
 262      82B6135A 
 262      22B41DD0 
 263 0676 B62B25A5 		.ascii	"\266+%\245\321=\0102\230\264<\310\236\244\272\342\365"
 263      D13D0832 
 263      98B43CC8 
 263      9EA4BAE2 
 263      F5
 264 0687 687588B7 		.ascii	"hu\210\267u\320.\020\377\027/\365\014\"5\015&\235\020"
 264      75D02E10 
 264      FF172FF5 
 264      0C22350D 
 264      269D10
 265 069a 9D8BAC2C 		.ascii	"\235\213\254,8W^S\332S\003\316e.s\266g\177\277\037v"
 265      38575E53 
 265      DA5303CE 
 265      652E73B6 
 265      677FBF1F 
 266 06af 306224EF 		.ascii	"0b$\357BE\000>\302\010\341F\304\310nD\222\273\233N\251"
 266      4245003E 
 266      C208E146 
 266      C4C86E44 
 266      92BB9B4E 
 267 06c4 0DBC9F6F 		.ascii	"\015\274\237o{\201\237\003\377peAi\200\314\205\263d"
 267      7B819F03 
 267      FF706541 
 267      6980CC85 
 267      B364
ARM GAS  /var/folders/_f/jzb7lsz153bclt069nvlpp5r0000gn/T//ccxgBItN.s 			page 21


 268 06d6 2E9CED76 		.ascii	".\234\355v\341\272\346\335K\376\370\014[5u\351\316\241"
 268      E1BAE6DD 
 268      4BFEF80C 
 268      5B3575E9 
 268      CEA1
 269 06e8 407C8911 		.ascii	"@|\211\021%C\227\323\374)\004zoSuaG\241\006w\321k\312"
 269      254397D3 
 269      FC29047A 
 269      6F537561 
 269      47A10677 
 270 06ff 3BDDCE6C 		.ascii	";\335\316l\235\367\310\333\357+\362\246\213\331Q\276"
 270      9DF7C8DB 
 270      EF2BF2A6 
 270      8BD951BE 
 271 070f 0F90EC55 		.ascii	"\017\220\354U\272\215\263Y\022yK\207nw\352p/[\177aW"
 271      BA8DB359 
 271      12794B87 
 271      6E77EA70 
 271      2F5B7F61 
 272 0724 42BA86DD 		.ascii	"B\272\206\335maZ\010\316\0156h)\236\265\264Tz\224^\243"
 272      6D615A08 
 272      CE0D3668 
 272      299EB5B4 
 272      547A945E 
 273 0739 C2338CF7 		.ascii	"\3023\214\367YJ\312=\214\237\360\304\325\311\363z\234"
 273      594ACA3D 
 273      8C9FF0C4 
 273      D5C9F37A 
 273      9C
 274 074a A8A6C4C3 		.ascii	"\250\246\304\303C\334n\2143(\241\332w0aP\205 \375\007"
 274      43DC6E8C 
 274      3328A1DA 
 274      77306150 
 274      8520FD07 
 275 075e 7B2FAF8B 		.ascii	"{/\257\213\371\315.\005\035J`c\017*\305\234\356\354"
 275      F9CD2E05 
 275      1D4A6063 
 275      0F2AC59C 
 275      EEEC
 276 0770 134F0B12 		.ascii	"\023O\013\022b\204\327WN\277\016\356V\274\314\335\250"
 276      6284D757 
 276      4EBF0EEE 
 276      56BCCCDD 
 276      A8
 277 0781 941B2CA2 		.ascii	"\224\033,\242H\365_\304K\361\346\367`\343\007c3\235"
 277      48F55FC4 
 277      4BF1E6F7 
 277      60E30763 
 277      339D
 278 0793 1A21FFF7 		.ascii	"\032!\377\367\203W\035\006\336\003\242\341\212\225+"
 278      83571D06 
 278      DE03A2E1 
 278      8A952B
 279 07a2 55ED8740 		.ascii	"U\355\207@\005_\352\200\360\331\331\201\275J^\270\353"
 279      055FEA80 
 279      F0D9D981 
 279      BD4A5EB8 
ARM GAS  /var/folders/_f/jzb7lsz153bclt069nvlpp5r0000gn/T//ccxgBItN.s 			page 22


 279      EB
 280 07b3 6CE57C44 		.ascii	"l\345|D,\224\320e\300_(.px\305\005\216\254\270\000\332"
 280      2C94D065 
 280      C05F282E 
 280      7078C505 
 280      8EACB800 
 281 07c8 5DB22B4E 		.ascii	"]\262+N\207\317\261M"
 281      87CFB14D 
 282 07d0 486EAD6C 		.ascii	"Hn\255l\320\341\013\214H?\273'\215\335\324r\224\276"
 282      D0E10B8C 
 282      483FBB27 
 282      8DDDD472 
 282      94BE
 283 07e2 3B5439A3 		.ascii	";T9\243\306M\354b\312L\353U\255\314q\211\275E\307=\356"
 283      C64DEC62 
 283      CA4CEB55 
 283      ADCC7189 
 283      BD45C73D 
 284 07f7 76DCC5ED 		.ascii	"v\334\305\355\007\24752\316\006\031\347\0117g\336\265"
 284      07A73532 
 284      CE0619E7 
 284      093767DE 
 284      B5
 285 0808 9D255ADC 		.ascii	"\235%Z\334\303\026\310/\337\033o\300}\214\350l\336\324"
 285      C316C82F 
 285      DF1B6FC0 
 285      7D8CE86C 
 285      DED4
 286 081a 1F886F52 		.ascii	"\037\210oRB\323\362\250\366\277I\276\346\253\003Wsu"
 286      42D3F2A8 
 286      F6BF49BE 
 286      E6AB0357 
 286      7375
 287 082c C9BFA5C5 		.ascii	"\311\277\245\305q\205\257\021Q\250\022\354r\306\307"
 287      7185AF11 
 287      51A812EC 
 287      72C6C7
 288 083b 66D184D6 		.ascii	"f\321\204\326\312\022\032d\325*OV\217\254\352hs\263"
 288      CA121A64 
 288      D52A4F56 
 288      8FACEA68 
 288      73B3
 289 084d 567B675D 		.ascii	"V{g]\236\373* \222X\302=\303\333\274\006l~\026l~\022"
 289      9EFB2A20 
 289      9258C23D 
 289      C3DBBC06 
 289      6C7E166C 
 290 0863 DA2968A7 		.ascii	"\332)h\247%\276\352hf+\034\347\217\203\345\300E_m\002"
 290      25BEEA68 
 290      662B1CE7 
 290      8F83E5C0 
 290      455F6D02 
 291 0877 5F3DE32D 		.ascii	"_=\343-5:g{\367i=R\243\000\003\325\301\352/BB\305\267"
 291      353A677B 
 291      F7693D52 
 291      A30003D5 
 291      C1EA2F42 
ARM GAS  /var/folders/_f/jzb7lsz153bclt069nvlpp5r0000gn/T//ccxgBItN.s 			page 23


 292 088e 83E3D602 		.ascii	"\203\343\326\002\3431\321\257\316H\322aou\327C\204\343"
 292      E331D1AF 
 292      CE48D261 
 292      6F75D743 
 292      84E3
 293 08a0 34743B16 		.ascii	"4t;\026/\364n\3038\201\021\273]'\257\353\361NF\314\264"
 293      2FF46EC3 
 293      388111BB 
 293      5D27AFEB 
 293      F14E46CC 
 294 08b5 EF6D0CC0 		.ascii	"\357m\014\300\231\032Y\251\021\314J\215\205\255\011"
 294      991A59A9 
 294      11CC4A8D 
 294      85AD09
 295 08c4 9B0D945C 		.ascii	"\233\015\224\\\022>4G\265\304\247\0360\0129\312\021"
 295      123E3447 
 295      B5C4A71E 
 295      300A39CA 
 295      11
 296 08d5 C77D6F53 		.ascii	"\307}oS\305\353\022\377\275\004\250\203\371<\325\010"
 296      C5EB12FF 
 296      BD04A883 
 296      F93CD508 
 297 08e5 6A5D7097 		.ascii	"j]p\227\035\303\323\364\271\307E\310S\347E\324\301b"
 297      1DC3D3F4 
 297      B9C745C8 
 297      53E745D4 
 297      C162
 298 08f7 D93150D9 		.ascii	"\3311P\331\374L\355[r\263/\311\315\027v\321\"\271\011"
 298      FC4CED5B 
 298      72B32FC9 
 298      CD1776D1 
 298      22B909
 299 090a 24378892 		.ascii	"$7\210\222/\212\031P\031\227X3\214}\213n\365%z\372\022"
 299      2F8A1950 
 299      19975833 
 299      8C7D8B6E 
 299      F5257AFA 
 300 091f 4BAE2D20 		.ascii	"K\256- \372\234(\272I\222\\'\0364\025jq>\263\341\341"
 300      FA9C28BA 
 300      49925C27 
 300      1E34156A 
 300      713EB3E1 
 301 0934 7DEDC056 		.ascii	"}\355\300VF\011\355\322\301\033Q\314\363\251\353s)\367"
 301      4609EDD2 
 301      C11B51CC 
 301      F3A9EB73 
 301      29F7
 302 0946 4FA94892 		.ascii	"O\251H\222\"\371\340(\010\353\202o7\204\267\344\025"
 302      22F9E028 
 302      08EB826F 
 302      3784B7E4 
 302      15
 303 0957 427BEDD7 		.ascii	"B{\355\327\365Yk\351\272m\236\254\231\262\302\203s\266"
 303      F5596BE9 
 303      BA6D9EAC 
 303      99B2C283 
ARM GAS  /var/folders/_f/jzb7lsz153bclt069nvlpp5r0000gn/T//ccxgBItN.s 			page 24


 303      73B6
 304 0969 F550B1C4 		.ascii	"\365P\261\304\035\352y^\267Cyu\374,\250\351\363\200"
 304      1DEA795E 
 304      B7437975 
 304      FC2CA8E9 
 304      F380
 305 097b 239F0AEA 		.ascii	"#\237\012\352\342\375\255\007\214p\031\374\354\012\264"
 305      E2FDAD07 
 305      8C7019FC 
 305      EC0AB4
 306 098a 4E681DD0 		.ascii	"Nh\035\320\272\245\336\337*>a)\347\327\361Y\341\\\026"
 306      BAA5DEDF 
 306      2A3E6129 
 306      E7D7F159 
 306      E15C16
 307 099d F1B77BE2 		.ascii	"\361\267{\342\337\243\224\207J3\204J\227\267P9\3331"
 307      DFA39487 
 307      4A33844A 
 307      97B75039 
 307      DB31
 308 09af FF77D248 		.ascii	"\377w\322H\221\342F\275\000\367\273@\247Kt@\270\\\005"
 308      91E246BD 
 308      00F7BB40 
 308      A74B7440 
 308      B85C05
 309 09c2 E602710F 		.ascii	"\346\002q\017\273$\341\322\332QV\244d\271\323H\037\036"
 309      BB24E1D2 
 309      DA5156A4 
 309      64B9D348 
 309      1F1E
 310 09d4 6CDF9FAD 		.ascii	"l\337\237\255\244gb=\335\326\235e\205\017Y\015J\217"
 310      A467623D 
 310      DDD69D65 
 310      850F590D 
 310      4A8F
 311 09e6 CC92BC9B 		.ascii	"\314\222\274\233m\330 \271\335\205\013\222\024y\203"
 311      6DD820B9 
 311      DD850B92 
 311      147983
 312 09f5 78076C28 		.ascii	"x\007l(\352cUC\325\371\205q\315\252\024^\2135Y\001\024"
 312      EA635543 
 312      D5F98571 
 312      CDAA145E 
 312      8B355901 
 313 0a0a CA3550E4 		.ascii	"\3125P\344:\265D\277r\2250\213\260\273v\354\034\015"
 313      3AB544BF 
 313      7295308B 
 313      B0BB76EC 
 313      1C0D
 314 0a1c C4FDCCA1 		.ascii	"\304\375\314\241\222\234\207\216\353\370\271\016n\315"
 314      929C878E 
 314      EBF8B90E 
 314      6ECD
 315 0a2a 7AFAA455 		.ascii	"z\372\244U\\j@>u\337\2163\227\264x\204Mm\317v\236\010"
 315      5C6A403E 
 315      75DF8E33 
 315      97B47884 
ARM GAS  /var/folders/_f/jzb7lsz153bclt069nvlpp5r0000gn/T//ccxgBItN.s 			page 25


 315      4D6DCF76 
 316 0a40 A0A05D94 		.ascii	"\240\240]\224>\337\224\327\257f\017H\351\215\360\215"
 316      3EDF94D7 
 316      AF660F48 
 316      E98DF08D 
 317 0a50 8E8ADBEC 		.ascii	"\216\212\333\354\372;\204\254\037)-5\340\0316\267\261"
 317      FA3B84AC 
 317      1F292D35 
 317      E01936B7 
 317      B1
 318 0a61 ABFF102B 		.ascii	"\253\377\020+\022\034\354pi=9`\240\274/\323\373\362"
 318      121CEC70 
 318      693D3960 
 318      A0BC2FD3 
 318      FBF2
 319 0a73 7D232795 		.ascii	"}#'\225\370\011\343M\335\3210\257\307;\264\224(\235"
 319      F809E34D 
 319      DDD130AF 
 319      C73BB494 
 319      289D
 320 0a85 71A4209C 		.ascii	"q\244 \234\315\210\222\341\324Z\015.dD\016w\373\270"
 320      CD8892E1 
 320      D45A0D2E 
 320      64440E77 
 320      FBB8
 321 0a97 1F3E4C09 		.ascii	"\037>L\011u\322\225\322{\376\310\035\031\256\245\232"
 321      75D295D2 
 321      7BFEC81D 
 321      19AEA59A 
 322 0aa7 C20FD338 		.ascii	"\302\017\3238r(\220\323x\034vijYp,\317\336\303`\302"
 322      722890D3 
 322      781C7669 
 322      6A59702C 
 322      CFDEC360 
 323 0abc 116AC229 		.ascii	"\021j\302)\336\021\246\301\021\356\301\346OB\273+\372"
 323      DE11A6C1 
 323      11EEC1E6 
 323      4F42BB2B 
 323      FA
 324 0acd 2EE76CA9 		.ascii	".\347l\251\2451B\244OxJ\367,\242\235M\235\177\254\337"
 324      A53142A4 
 324      4F784AF7 
 324      2CA29D4D 
 324      9D7FACDF 
 325 0ae1 84694535 		.ascii	"\204iE5\3063\363U\230G\222\257\003\317\235\362\346\271"
 325      C633F355 
 325      984792AF 
 325      03CF9DF2 
 325      E6B9
 326 0af3 1345E5CF 		.ascii	"\023E\345\317\261Pd\264\202\363\271@\306\250\350|S\362"
 326      B15064B4 
 326      82F3B940 
 326      C6A8E87C 
 326      53F2
 327 0b05 1A40AE0E 		.ascii	"\032@\256\016\272\017Z\254\244\021X\363b\307\236\253"
 327      BA0F5AAC 
 327      A41158F3 
ARM GAS  /var/folders/_f/jzb7lsz153bclt069nvlpp5r0000gn/T//ccxgBItN.s 			page 26


 327      62C79EAB 
 328 0b15 06D931ED 		.ascii	"\006\3311\355RJo4g\334\307t\376DE&\306Sl\023\372\212"
 328      524A6F34 
 328      67DCC774 
 328      FE444526 
 328      C6536C13 
 329 0b2b 1F5CD1E1 		.ascii	"\037\\\321\341YF\354\235,-R\343EJh3\212\272oh\331\216"
 329      5946EC9D 
 329      2C2D52E3 
 329      454A6833 
 329      8ABA6F68 
 330 0b41 04075393 		.ascii	"\004\007S\223\365\225i\232\326\242\337\030\320,\340"
 330      F595699A 
 330      D6A2DF18 
 330      D02CE0
 331 0b50 7EFC5D4E 		.ascii	"~\374]NSq?\036\363\350\027\000\375\034 _\204\366\004"
 331      53713F1E 
 331      F3E81700 
 331      FD1C205F 
 331      84F604
 332 0b63 DA2368F3 		.ascii	"\332#h\363\322\352\3572\273\271\231\341K\201\307\336"
 332      D2EAEF32 
 332      BBB999E1 
 332      4B81C7DE 
 333 0b73 4F548AE7 		.ascii	"OT\212\347\206\200\247\332\223Qr\327\306\016G\330\226"
 333      8680A7DA 
 333      935172D7 
 333      C60E47D8 
 333      96
 334 0b84 C7DEEA44 		.ascii	"\307\336\352DH\004\202\220\007^W\023o\273\034\327Y\266"
 334      48048290 
 334      075E5713 
 334      6FBB1CD7 
 334      59B6
 335 0b96 03D687DE 		.ascii	"\003\326\207\336\365\177\233/(w\036\253N\320K\013\312"
 335      F57F9B2F 
 335      28771EAB 
 335      4ED04B0B 
 335      CA
 336 0ba7 67C07B47 		.ascii	"g\300{G\334\353\307+\356\365S\260\320w\261\026\011\247"
 336      DCEBC72B 
 336      EEF553B0 
 336      D077B116 
 336      09A7
 337 0bb9 91FD733A 		.ascii	"\221\375s:\274\3046o\266%\265\314\017\307\263\227\""
 337      BCC4366F 
 337      B625B5CC 
 337      0FC7B397 
 337      22
 338 0bca E5758712 		.ascii	"\345u\207\022X\355\3679!\347\342]\011,Zi6\253yp*\336"
 338      58EDF739 
 338      21E7E25D 
 338      092C5A69 
 338      36AB7970 
 339 0be0 883329AB 		.ascii	"\2103)\253\352xK\346#$<\253\341\\\255]\205\177Nu\007"
 339      EA784BE6 
 339      23243CAB 
ARM GAS  /var/folders/_f/jzb7lsz153bclt069nvlpp5r0000gn/T//ccxgBItN.s 			page 27


 339      E15CAD5D 
 339      857F4E75 
 340 0bf5 1E098DCD 		.ascii	"\036\011\215\315\370\305\201\307a\270\001\301\344\032"
 340      F8C581C7 
 340      61B801C1 
 340      E41A
 341 0c03 E126D0B7 		.ascii	"\341&\320\267\340\020\024\217\203Q\034\226ln\3231Y\034"
 341      E010148F 
 341      83511C96 
 341      6C6ED331 
 341      591C
 342 0c15 115EAF71 		.ascii	"\021^\257q\344\250\3438\035\225\265<\222\006+\272\032"
 342      E4A8E338 
 342      1D95B53C 
 342      92062BBA 
 342      1A
 343 0c26 D51EE592 		.ascii	"\325\036\345\222\260<\332\006\253\372B@\267\243\005"
 343      B03CDA06 
 343      ABFA4240 
 343      B7A305
 344 0c35 B6632B30 		.ascii	"\266c+0\304b\361\306\010\213y\277\247\310\265\240\223"
 344      C462F1C6 
 344      088B79BF 
 344      A7C8B5A0 
 344      93
 345 0c46 45116116 		.ascii	"E\021a\026\243(\001\363Q\244\275U\260s.\000\321*\226"
 345      A32801F3 
 345      51A4BD55 
 345      B0732E00 
 345      D12A96
 346 0c59 8687DB73 		.ascii	"\206\207\333s\201\205zn\022\366\355\271\262H\2221\276"
 346      81857A6E 
 346      12F6EDB9 
 346      B2489231 
 346      BE
 347 0c6a 38929278 		.ascii	"8\222\222x\365v\202z\211\240^2\264\024h\333\241\355"
 347      F576827A 
 347      89A05E32 
 347      B41468DB 
 347      A1ED
 348 0c7c 108DCD39 		.ascii	"\020\215\3159n\270\375\265\332s\025o\361\221\264\314"
 348      6EB8FDB5 
 348      DA73156F 
 348      F191B4CC 
 349 0c8c D8CBE363 		.ascii	"\330\313\343c\271N>\343\303\213VB|\304\335\317\034\011"
 349      B94E3EE3 
 349      C38B5642 
 349      7CC4DDCF 
 349      1C09
 350 0c9e 94C6471A 		.ascii	"\224\306G\032\360.\211\361\221\204W\212\217T\320\373"
 350      F02E89F1 
 350      9184578A 
 350      8F54D0FB 
 351 0cae BBD880DC 		.ascii	"\273\330\200\334\311\226\365Thq\007\013\211\035\345"
 351      C996F554 
 351      6871070B 
 351      891DE5
ARM GAS  /var/folders/_f/jzb7lsz153bclt069nvlpp5r0000gn/T//ccxgBItN.s 			page 28


 352 0cbd A5597A7C 		.ascii	"\245Yz|\225\021\243\351q\323\376\370&%4\273\267\265"
 352      9511A3E9 
 352      71D3FEF8 
 352      262534BB 
 352      B7B5
 353 0ccf 6CD3C3DD 		.ascii	"l\323\303\335*|d^\345\204%oS\233g\360\353\345\302z9"
 353      2A7C645E 
 353      E584256F 
 353      539B67F0 
 353      EBE5C27A 
 354 0ce4 B04626B4 		.ascii	"\260F&\264lhY\022{\273\372\273\313\377\207\035YD\237"
 354      6C685912 
 354      7BBBFABB 
 354      CBFF871D 
 354      59449F
 355 0cf7 5DE06064 		.ascii	"]\340`d\232\033\367\230\347\241rY<T\322yf>\030X=\364"
 355      9A1BF798 
 355      E7A17259 
 355      3C54D279 
 355      663E1858 
 356 0d0d 8EFB3EA6 		.ascii	"\216\373>\246\275\214\373\0008\311I\277\333\033\247"
 356      BD8CFB00 
 356      38C949BF 
 356      DB1BA7
 357 0d1c E858AD37 		.ascii	"\350X\2557\350\251F\022\316s\245\007\000\217\243\252"
 357      E8A94612 
 357      CE73A507 
 357      008FA3AA 
 358 0d2c 05F63CC3 		.ascii	"\005\366<\303[\200\355\216\215\275\354'l\017\251\223"
 358      5B80ED8E 
 358      8DBDEC27 
 358      6C0FA993 
 359 0d3c F6829421 		.ascii	"\366\202\224!q{2\274m\217`+\264\007L\364\"s\221\232"
 359      717B32BC 
 359      6D8F602B 
 359      B4074CF4 
 359      2273919A 
 360 0d50 A6A72B8F 		.ascii	"\246\247+\217\275\000\346v\321\342\243\272\350z\033"
 360      BD00E676 
 360      D1E2A3BA 
 360      E87A1B
 361 0d5f 7BE75A1E 		.ascii	"{\347Z\036L\237\2006\366\326#J\207\321\002\254\253\263"
 361      4C9F8036 
 361      F6D6234A 
 361      87D102AC 
 361      ABB3
 362 0d71 2CD07785 		.ascii	",\320w\205\225\207\371\012\313\201i\205\265\275\366"
 362      9587F90A 
 362      CB816985 
 362      B5BDF6
 363 0d80 44BE4EAC 		.ascii	"D\276N\254\260\354T\207}\220%\366\323$\225\217W\011"
 363      B0EC5487 
 363      7D9025F6 
 363      D324958F 
 363      5709
 364 0d92 93E8B977 		.ascii	"\223\350\271w\374X\203\021'\353\371w\301\005\247\375"
 364      FC588311 
ARM GAS  /var/folders/_f/jzb7lsz153bclt069nvlpp5r0000gn/T//ccxgBItN.s 			page 29


 364      27EBF977 
 364      C105A7FD 
 365 0da2 71162384 		.ascii	"q\026#\204\272/\200\257\373\216m\352\0367\340Bv\361"
 365      BA2F80AF 
 365      FB8E6DEA 
 365      1E37E042 
 365      76F1
 366 0db4 F033C773 		.ascii	"\3603\307s\204\313(\241\236\031\2549\242\245N$/O\017"
 366      84CB28A1 
 366      9E19AC39 
 366      A2A54E24 
 366      2F4F0F
 367 0dc7 C0A2ECC1 		.ascii	"\300\242\354\301`\011o\225\303`\225C`\215Rh\007%\331"
 367      60096F95 
 367      C3609543 
 367      608D5268 
 367      0725D9
 368 0dda D175FFEA 		.ascii	"\321u\377\352\311\017\363\342\270F\330jR&\027\303V\227"
 368      C90FF3E2 
 368      B846D86A 
 368      522617C3 
 368      5697
 369 0dec E0656589 		.ascii	"\340ee\211x{\333q\002\226\020Kj\031\257\307sK\301\205"
 369      787BDB71 
 369      0296104B 
 369      6A19AFC7 
 369      734BC185 
 370 0e00 84CC5BE2 		.ascii	"\204\314[\342+\363:\333\300-J\274\271\205k\361H\211"
 370      2BF33ADB 
 370      C02D4ABC 
 370      B9856BF1 
 370      4889
 371 0e12 C6B3F816 		.ascii	"\306\263\370\026\264Ce\240\324J\012\262\3075\340LG\200"
 371      B44365A0 
 371      D44A0AB2 
 371      C735E04C 
 371      4780
 372 0e24 A9484CBE 		.ascii	"\251HL\276%\222\344\2737c\376\232<\371\036\221%\337"
 372      2592E4BB 
 372      3763FE9A 
 372      3CF91E91 
 372      25DF
 373 0e36 A342F245 		.ascii	"\243B\362E\271\231W\237\004\342\333l\033\352N\027\374"
 373      B999579F 
 373      04E2DB6C 
 373      1BEA4E17 
 373      FC
 374 0e47 279E66FD 		.ascii	"'\236f\375\356\354\254J\003\236cDbf\346\210V\245T\240"
 374      EEECAC4A 
 374      039E6344 
 374      6266E688 
 374      56A554A0 
 375 0e5b 63B0DE9B 		.ascii	"c\260\336\233A\354\005R\347\341\031\025\031\253\200"
 375      41EC0552 
 375      E7E11915 
 375      19AB80
 376 0e6a B11F06A1 		.ascii	"\261\037\006\241\343\230\374\342@y\304U2\256B\272\220"
ARM GAS  /var/folders/_f/jzb7lsz153bclt069nvlpp5r0000gn/T//ccxgBItN.s 			page 30


 376      E398FCE2 
 376      4079C455 
 376      32AE42BA 
 376      90
 377 0e7b 2DEC370E 		.ascii	"-\3547\016\2330Q\216\031\010\356\012\261\216\352U\005"
 377      9B30518E 
 377      1908EE0A 
 377      B18EEA55 
 377      05
 378 0e8c 7A9DC02A 		.ascii	"z\235\300*\331\3236g\335?\351\010\303r{\035:\221\013"
 378      D9D33667 
 378      DD3FE908 
 378      C3727B1D 
 378      3A910B
 379 0e9f 992744E7 		.ascii	"\231'D\347>vN\202\230rQs2\211~\274\254\211\252a)_\313"
 379      3E764E82 
 379      98725173 
 379      32897EBC 
 379      AC89AA61 
 380 0eb6 92F7929B 		.ascii	"\222\367\222\233\271\246\000\314\031h\372\25289zDGo"
 380      B9A600CC 
 380      1968FAAA 
 380      38397A44 
 380      476F
 381 0ec8 2B43589D 		.ascii	"+CX\2356(\255\213j|\344a\232\202\306Y\012\"\310Na\306"
 381      3628AD8B 
 381      6A7CE461 
 381      9A82C659 
 381      0A22C84E 
 382 0ede CB035856 		.ascii	"\313\003XV\002\017\234\245\247\333Q\376t\253\361~\272"
 382      020F9CA5 
 382      A7DB51FE 
 382      74ABF17E 
 382      BA
 383 0eef 797F9452 		.ascii	"y\177\224R\303;F-hr\026\234\242\016\332ihg\244\316q"
 383      C33B462D 
 383      6872169C 
 383      A20EDA69 
 383      6867A4CE 
 384 0f04 131CAFC6 		.ascii	"\023\034\257\306\373\031tKz\006-_\331\375$/\247\273"
 384      FB19744B 
 384      7A062D5F 
 384      D9FD242F 
 384      A7BB
 385 0f16 71CC5FC8 		.ascii	"q\314_\310\\\023`\362s\300[(\232\274\306[\346r\337\031"
 385      5C1360F2 
 385      73C05B28 
 385      9ABCC65B 
 385      E672DF19 
 386 0f2a D703BA17 		.ascii	"\327\003\272\027!%\231\253u\344\031\306\233\251\355"
 386      212599AB 
 386      75E419C6 
 386      9BA9ED
 387 0f39 51434E7C 		.ascii	"QCN|(MR\2167\351\235O\342\320\242\021'\260k=w\342\027"
 387      284D528E 
 387      37E99D4F 
 387      E2D0A211 
ARM GAS  /var/folders/_f/jzb7lsz153bclt069nvlpp5r0000gn/T//ccxgBItN.s 			page 31


 387      27B06B3D 
 388 0f50 D973D472 		.ascii	"\331s\324rz\361L[\351Q\376\236\222f\274\347\345q\273"
 388      7AF14C5B 
 388      E951FE9E 
 388      9266BCE7 
 388      E571BB
 389 0f63 34389931 		.ascii	"48\2311\357{\274u-\316e\375-\003\367\207\374q1#\372"
 389      EF7BBC75 
 389      2DCE65FD 
 389      2D03F787 
 389      FC713123 
 390 0f78 16A626F5 		.ascii	"\026\246&\365\3708#\266\035)?\253'?P\242\277\324\370"
 390      F83823B6 
 390      1D293FAB 
 390      273F50A2 
 390      BFD4F8
 391 0f8b 2FFA6399 		.ascii	"/\372c\231\254\222F+\035\"\357$Z\251;#\347\320t\226"
 391      AC92462B 
 391      1D22EF24 
 391      5AA93B23 
 391      E7D07496 
 392 0f9f 1F       		.ascii	"\037"
 393 0fa0 6E609326 		.ascii	"n`\223&G\213\315\3702\353\337z\230\361;\334\317\372"
 393      478BCDF8 
 393      32EBDF7A 
 393      98F13BDC 
 393      CFFA
 394 0fb2 E5275C45 		.ascii	"\345'\\Ez<\311\210\361\223\245\025\032\274\304\210\023"
 394      7A3CC988 
 394      F193A515 
 394      1ABCC488 
 394      13
 395 0fc3 89FBEFE8 		.ascii	"\211\373\357\350q\272\037!\2767\275uO\221\037\0126\252"
 395      71BA1F21 
 395      BE37BD75 
 395      4F911F0A 
 395      36AA
 396 0fd5 825F7D15 		.ascii	"\202_}\025\322\233\312h\244\007%\315XM\003\263\037\316"
 396      D29BCA68 
 396      A40725CD 
 396      584D03B3 
 396      1FCE
 397 0fe7 C47249AF 		.ascii	"\304rI\257\321\263\251\005,\335\347\221X\330\336Hc\272"
 397      D1B3A905 
 397      2CDDE791 
 397      58D8DE48 
 397      63BA
 398 0ff9 4F16D33D 		.ascii	"O\026\323=,\246\225"
 398      2CA695
 399 1000 AC4B54A2 		.ascii	"\254KT\242\336v\213y\333-\030j\347\245zs\342t\376<x"
 399      DE768B79 
 399      DB2D186A 
 399      E7A57A73 
 399      E274FE3C 
 400 1015 89FD7445 		.ascii	"\211\375tE\024{\015\277\012\377ob\325JL\327)\323U\312"
 400      147B0DBF 
 400      0AFF6F62 
ARM GAS  /var/folders/_f/jzb7lsz153bclt069nvlpp5r0000gn/T//ccxgBItN.s 			page 32


 400      D54A4CD7 
 400      29D355CA 
 401 1029 24F5888B 		.ascii	"$\365\210\213\220\324\310#\025\324\304/M<b\030<\242"
 401      90D4C823 
 401      15D4C42F 
 401      4D3C6218 
 401      3CA2
 402 103b 1F3CA11B 		.ascii	"\037<\241\033Z/\264\333\320\234\320\206\240\335\200"
 402      5A2FB4DB 
 402      D09CD086 
 402      A0DD80
 403 104a 3628C9E4 		.ascii	"6(\311\344\216IV\012\015\000\374.O\370\236o\211n\036"
 403      8E49560A 
 403      0D00FC2E 
 403      4FF89E6F 
 403      896E1E
 404 105d A3AAFEAB 		.ascii	"\243\252\376\253\0215{\262\212q%\330\247\015\300J\215"
 404      11357BB2 
 404      8A7125D8 
 404      A70DC04A 
 404      8D
 405 106e 092A486F 		.ascii	"\011*Ho\376\2311\245\014\327d\014\267\030\003]\367n"
 405      FE9931A5 
 405      0CD7640C 
 405      B718035D 
 405      F76E
 406 1080 B9BBFCB8 		.ascii	"\271\273\374\270\"\3378\206P\022\373\343\342ntxb\364"
 406      22DF3886 
 406      5012FBE3 
 406      E26E7478 
 406      62F4
 407 1092 3C680699 		.ascii	"<h\006\231\352\204\367\262\367\235\223<\313\235\020"
 407      EA84F7B2 
 407      F79D933C 
 407      CB9D10
 408 10a1 EDD4E95D 		.ascii	"\355\324\351]0cf\225\342\357u\204cy\246]\3347\177\304"
 408      30636695 
 408      E2EF7584 
 408      6379A65D 
 408      DC377FC4 
 409 10b5 F301AA7B 		.ascii	"\363\001\252{\017\357\300\276\375\245{\310^eA\376\030"
 409      0FEFC0BE 
 409      FDA57BC8 
 409      5E6541FE 
 409      18
 410 10c6 818997C4 		.ascii	"\201\211\227\304\374\321'9\254z\333'Gu,\232\331\233"
 410      FCD12739 
 410      AC7ADB27 
 410      47752C9A 
 410      D99B
 411 10d8 2357D70E 		.ascii	"#W\327\016=\215v\216\206\340ugl\013{\261D~J\203\006"
 411      3D8D768E 
 411      86E07567 
 411      6C0B7BB1 
 411      447E4A83 
 412 10ed AEC7EED7 		.ascii	"\256\307\356\327\370\256_&\204\372e\234\325/\311e\005"
 412      F8AE5F26 
ARM GAS  /var/folders/_f/jzb7lsz153bclt069nvlpp5r0000gn/T//ccxgBItN.s 			page 33


 412      84FA659C 
 412      D52FC965 
 412      05
 413 10fe 53585ABF 		.ascii	"SXZ\277\020$\243\240\323\030\255_&i\3752!\324/m5\225"
 413      1024A3A0 
 413      D318AD5F 
 413      2669FD32 
 413      21D42F6D 
 414 1114 551837FB 		.ascii	"U\0307\373\261\307*\245\227n2 \3654\355\364\235\353"
 414      B1C72AA5 
 414      976E3220 
 414      F534EDF4 
 414      9DEB
 415 1126 B9A0C45D 		.ascii	"\271\240\304]\354bE\317\251G*v\221\276lJ\037\273\373"
 415      EC6245CF 
 415      A9472A76 
 415      91BE6C4A 
 415      1FBBFB
 416 1139 0976B26B 		.ascii	"\011v\262k\225\345S3\254\342j\"\327^\272\377\360\301"
 416      95E55333 
 416      ACE26A22 
 416      D75EBAFF 
 416      F0C1
 417 114b AC4A78B1 		.ascii	"\254Jx\261\032L\313\343`v\302\270\356\015\216\377\226"
 417      1A4CCBE3 
 417      6076C2B8 
 417      EE0D8EFF 
 417      96
 418 115c 95BA5049 		.ascii	"\225\272PI\241\002\260\320\202\244\276B\203\036\016"
 418      A102B0D0 
 418      82A4BE42 
 418      831E0E
 419 116b E498161F 		.ascii	"\344\230\026\037\024\346*\031\263{\237\345%l\254cI,"
 419      14E62A19 
 419      B37B9FE5 
 419      256CAC63 
 419      492C
 420 117d 76EFF382 		.ascii	"v\357\363\202y\277ta9\347s&\025\"\347\036\366\020:\215"
 420      79BF7461 
 420      39E77326 
 420      1522E71E 
 420      F6103A8D 
 421 1191 3D6E4E9E 		.ascii	"=nN\236\305R^0\034\232\342\231\005s\242\273\330\303"
 421      C5525E30 
 421      1C9AE299 
 421      0573A2BB 
 421      D8C3
 422 11a3 DFEFF6B8 		.ascii	"\337\357\366\270_\362fx\302\315\364\200{\217\201\310"
 422      5FF26678 
 422      C2CDF480 
 422      7B8F81C8 
 423 11b3 06DE1CEF 		.ascii	"\006\336\034\357\274\2227\267O\257\320\362\234\034K"
 423      BC9237B7 
 423      4FAFD0F2 
 423      9C1C4B
 424 11c2 8D3C0AF7 		.ascii	"\215<\012\367\361sA\202BVc\225\201\270\243\324K\026"
 424      F1734182 
ARM GAS  /var/folders/_f/jzb7lsz153bclt069nvlpp5r0000gn/T//ccxgBItN.s 			page 34


 424      42566395 
 424      81B8A3D4 
 424      4B16
 425 11d4 783F5E02 		.ascii	"x?^\002?~\012\376\372\014\332chs\320\036@\343T\301\350"
 425      3F7E0AFE 
 425      FA0CDA63 
 425      6873D01E 
 425      40E354C1 
 426 11e9 097C3F87 		.ascii	"\011|?\2076\003m\021\332<\264G\320f\241=\224\336\036"
 426      36036D11 
 426      DA3CB447 
 426      D066A13D 
 426      94DE1E
 427 11fc 3E611621 		.ascii	">a\026!X\032<\261\234\3674\337|,-5\373\225\253\320M"
 427      581A3CB1 
 427      9CF734DF 
 427      7C2C2D35 
 427      FB95ABD0 
 428 1211 5E4BE171 		.ascii	"^K\341q%\377\320\330}\017\342\230d\202\311\273\331\335"
 428      25FFD0D8 
 428      7D0FE298 
 428      6482C9BB 
 428      D9DD
 429 1223 3CAFFB4D 		.ascii	"<\257\373M\257\307C\355)\321\320\351\236\306\333\346"
 429      AFC743ED 
 429      29D1D0E9 
 429      9EC6DBE6 
 430 1233 69BC0530 		.ascii	"i\274\0050\0368\306\000`\270\345\311<\350\361\004y\002"
 430      1E38C600 
 430      60B8E5C9 
 430      3CE8F104 
 430      7902
 431 1245 8A89056F 		.ascii	"\212\211\005o\305D\254\363\376\025w\336s(e\376\265G"
 431      C544ACF3 
 431      FE1577DE 
 431      732865FE 
 431      B547
 432 1257 B222A495 		.ascii	"\262\"\244\225\312\306\262\353:\241\232H\010\323\241"
 432      CAC6B2EB 
 432      3AA19A48 
 432      08D3A1
 433 1266 58D56A54 		.ascii	"X\325jT.\276m^XVMHw\013mR\205\374\3256\214\274\214\331"
 433      2EBE6D5E 
 433      58564D48 
 433      770B6D52 
 433      85FCD536 
 434 127e 77B9582D 		.ascii	"w\271X-+\216\011\0341\203\304\251\204\342x\251$'K^F"
 434      2B8E091C 
 434      3183C4A9 
 434      84E278A9 
 434      24274B5E 
 435 1293 3F933D09 		.ascii	"?\223=\011\334\354\346,>\\=\317\312\011\030\343\313"
 435      DCECE62C 
 435      3E5C3DCF 
 435      CA0918E3 
 435      CB
 436 12a4 89C6C5D1 		.ascii	"\211\306\305\321\021\025\035\003\211(^E\007Sf\032'\374"
ARM GAS  /var/folders/_f/jzb7lsz153bclt069nvlpp5r0000gn/T//ccxgBItN.s 			page 35


 436      11151D03 
 436      89285E45 
 436      0753661A 
 436      27FC
 437 12b6 5F951CA4 		.ascii	"_\225\034\244\362\207\316[U\344 \335\242R1\261;s\362"
 437      F287CE5B 
 437      55E420DD 
 437      A25231B1 
 437      3B73F2
 438 12c9 4FA871BA 		.ascii	"O\250q\272\221f\225\332\304\314\356\2005\3738G\271\253"
 438      916695DA 
 438      C4CCEE80 
 438      35FB3847 
 438      B9AB
 439 12db 69A6E4FD 		.ascii	"i\246\344\375l\316\021\313='o\216\310,\264M%\230SA\372"
 439      6CCE11CB 
 439      3D276F8E 
 439      C82CB44D 
 439      25985341 
 440 12f0 545994A0 		.ascii	"TY\224\240ZC\036\034\027\366\326\030ej\244\311*\207"
 440      5A431E1C 
 440      17F6D618 
 440      656AA4C9 
 440      2A87
 441 1302 44B71ABD 		.ascii	"D\267\032\275Ym7\014\024r\242[\215\321\373G\236\030"
 441      596D370C 
 441      1472A25B 
 441      8DD1FB47 
 441      9E18
 442 1314 DC6A6C67 		.ascii	"\334jlgj\244\017\346\306\255\240\306\016\252F\222[\215"
 442      6AA40FE6 
 442      C6ADA0C6 
 442      0EAA4692 
 442      5B8D
 443 1326 2D57AB54 		.ascii	"-W\253T\270\226\251\221\220\230q\327H\325`\311\214{"
 443      B896A991 
 443      909871D7 
 443      48D560C9 
 443      8C7B
 444 1338 BAB484C9 		.ascii	"\272\264\204\311\014\264S\242\302NA\205d\252\302B\366"
 444      0CB453A2 
 444      C24E4185 
 444      64AAC242 
 444      F6
 445 1349 C90C0D05 		.ascii	"\311\014\015\005A\036g2`\361m\323\275\330m\363\024\006"
 445      411E6732 
 445      60F16DD3 
 445      BDD86DF3 
 445      1406
 446 135b ACF7DC6C 		.ascii	"\254\367\334l\031\222\002\373\215\364pH\243\270R\005"
 446      199202FB 
 446      8DF47048 
 446      A3B85205 
 447 136b 5C77B2E3 		.ascii	"\\w\262\343\253\003p3\3035pq\244\321\000\270\234\344"
 447      AB037033 
 447      C3357071 
 447      A4D100B8 
ARM GAS  /var/folders/_f/jzb7lsz153bclt069nvlpp5r0000gn/T//ccxgBItN.s 			page 36


 447      9CE4
 448 137d 91B9232C 		.ascii	"\221\271#,5.\245\220s.-\375\200\316B\273$\330v\011\330"
 448      352EA590 
 448      732E2DFD 
 448      80CE42BB 
 448      24D87609 
 449 1392 76536C87 		.ascii	"vSl\207G\317.\312\177\230\224&\363\222t\267y\023of8"
 449      47CF2ECA 
 449      7F989426 
 449      F39274B7 
 449      79136F66 
 450 13a7 9514F1B0 		.ascii	"\225\024\361\260\273\350\034\030\311p\032\351\030\360"
 450      BBE81C18 
 450      C9701AE9 
 450      18F0
 451 13b5 A10CA645 		.ascii	"\241\014\246E\336\365\"\231\022\207e\002\263\250\026"
 451      DEF52299 
 451      12876502 
 451      B3A816
 452 13c4 9982166D 		.ascii	"\231\202\026m\267\207\332\021\036`Zd\035\235L12-Z\023"
 452      B787DA11 
 452      1E605A64 
 452      1D9D4C31 
 452      322D5A13 
 453 13d8 C63E4F13 		.ascii	"\306>O\023\265\200Y([\242E\266\240E\016\325\242\247"
 453      B5805928 
 453      5BA245B6 
 453      A0450ED5 
 453      A2A7
 454 13ea A8E15420 		.ascii	"\250\341T \036eR\266/\014\264\250\005[\024z\332\"W\""
 454      1E6552B6 
 454      2F0CB4A8 
 454      055B147A 
 454      DA225722 
 455 13fe 255790B2 		.ascii	"%W\220\262\207J\311\2779\221\313\366)\001\013\373\264"
 455      874AC9BF 
 455      3991CBF6 
 455      29010BFB 
 455      B4
 456 140f A9BAF713 		.ascii	"\251\272\367\023\267O\355e\012\316\316\027u\250}n\323"
 456      B74FED65 
 456      0ACECE17 
 456      75A87D6E 
 456      D3
 457 1420 7EAAE03E 		.ascii	"~\252\340>A\301\304\035\327F\020\236g\320J\373G\223"
 457      41C1C41D 
 457      D746109E 
 457      67D04AFB 
 457      4793
 458 1432 318596D2 		.ascii	"1\205\226\322\332\025\336\300\334\207NA\016\011.\207"
 458      DA15DEC0 
 458      DC874E41 
 458      0E092E87 
 459 1442 802B8FE2 		.ascii	"\200+\217\342:\2310\342\364\307I\376\354\035\272\323"
 459      3A9930E2 
 459      F4C749FE 
 459      EC1DBAD3 
ARM GAS  /var/folders/_f/jzb7lsz153bclt069nvlpp5r0000gn/T//ccxgBItN.s 			page 37


 460 1452 B9E44745 		.ascii	"\271\344GE\220\362\362C\336\003\211\204|\211\204|AB"
 460      90F2F243 
 460      DE038984 
 460      7C89847C 
 460      4142
 461 1464 01953076 		.ascii	"\001\2250v5\256Y\376\243ab\012\021s!\333e\362\015\334"
 461      35AE59FE 
 461      A361620A 
 461      117321DB 
 461      65F20DDC 
 462 1478 C3733712 		.ascii	"\303s7\022\344?\310\312\222q\037\340\271\017P\356\316"
 462      E43FC8CA 
 462      92711FE0 
 462      B90F50EE 
 462      CE
 463 1489 CD39932A 		.ascii	"\3159\223*\031\367~\031w\021\317M\276\325\246\017\243"
 463      19F77E19 
 463      7711CF4D 
 463      BED5A60F 
 463      A3
 464 149a A323D5DF 		.ascii	"\243#\325\337\254\0133\3315\377\374\311gk>Rh\276\266"
 464      AC0B33D9 
 464      35FFFCC9 
 464      676B3E52 
 464      68BEB6
 465 14ad 98634C76 		.ascii	"\230cLv?\372\025f\211\2144\331U\237\375\372\223?\350"
 465      3FFA1566 
 465      898C34D9 
 465      559FFDFA 
 465      933FE8
 466 14c0 364444D9 		.ascii	"6DD\331\377\341}\223\335`2\011]S\350\006\233542:\314"
 466      FFE17D93 
 466      DD603209 
 466      5D53E806 
 466      9B353432 
 467 14d6 1C19FA11 		.ascii	"\034\031\372\021\260\232\255\241_\205\205\275k\266\256"
 467      B09AADA1 
 467      5F8585BD 
 467      6BB6AE
 468 14e5 7B372A3A 		.ascii	"{7*:\312\362\256\305\374E\304\273?\371y\350\373k\177"
 468      CAF2AEC5 
 468      FC45C4BB 
 468      3FF979E8 
 468      FB6B7F
 469 14f8 FCD3B53F 		.ascii	"\374\323\265?\177\377\247\241\262+\241\021Qa\221\033"
 469      7FFFA7A1 
 469      B22BA111 
 469      5161911B 
 470 1508 C22DA1EB 		.ascii	"\302-\241\353\314a_GDYBM\341\226/\315\033\"\355&\373"
 470      CC615F47 
 470      4459424D 
 470      E1962FCD 
 470      1B22ED26 
 471 151d C6188BED 		.ascii	"\306\030\213\355\275\257\025\177\370\353\310\267m\264"
 471      BDAF157F 
 471      F8EBC8B7 
 471      6DB4
ARM GAS  /var/folders/_f/jzb7lsz153bclt069nvlpp5r0000gn/T//ccxgBItN.s 			page 38


 472 152b 859A6CF6 		.ascii	"\205\232l\366p@\015B\337|\357\275P\366\367\2059\354"
 472      70400D42 
 472      DF7CEFBD 
 472      50F6F785 
 472      39EC
 473 153d 7F2D51E1 		.ascii	"\177-Q\341n>\262,@ +\343/mvl\213\012_\343\223\231\330"
 473      6E3EB22C 
 473      40202BE3 
 473      2F6D766C 
 473      8B0A5FE3 
 474 1554 0718D5C4 		.ascii	"\007\030\325\304D6=\261H\214\335\012vc\326\241}\325"
 474      44363DB1 
 474      488CDD0A 
 474      7663D6A1 
 474      7DD5
 475 1566 17F065B0 		.ascii	"\027\360e\260E\374\331b\372b\243\335b3P\233FD\205[\376"
 475      45FCD962 
 475      FA62A3DD 
 475      6233509B 
 475      4644855B 
 476 157b 84C1A25A 		.ascii	"\204\301\242Z\336\212z\223I0-\345e\022m\337Z,1\246\230"
 476      DE8A7A93 
 476      49302DE5 
 476      65126DDF 
 476      5A2C31A6 
 477 1590 689B91CE 		.ascii	"h\233\221\316\3722\322\374\225\315d\367\377\306\034"
 477      FA32D2FC 
 477      95CD64F7 
 477      FFC61C
 478 159f B9C12250 		.ascii	"\271\301\"PtO~\3743\367\236\220\356\033>\021\323I\000"
 478      744F7EFC 
 478      33F79E90 
 478      EE1B3E11 
 478      D34900
 479 15b2 D94F2243 		.ascii	"\331O\"CK\246\375#\305\300\367\324t\\E\0265\332\354"
 479      4BA6FD23 
 479      C5C0F7D4 
 479      745C4516 
 479      35DAEC
 480 15c5 20C2B4CE 		.ascii	" \302\264\316\262.\332\272\321\337l\265\2327\332x\312"
 480      B22EDABA 
 480      D1DF6CB5 
 480      9A37DA78 
 480      CA
 481 15d6 2F2C3ADC 		.ascii	"/,:\334\302\367\365\264O\240\253>\373\354\327\277\014"
 481      C2F7F5B4 
 481      4FA0AB3E 
 481      FBECD7BF 
 481      0C
 482 15e7 0ADB60B5 		.ascii	"\012\333`\265Z\242\354&\353\206\250\250\210\250\257"
 482      5AA2EC26 
 482      EB86A8A8 
 482      88A8AF
 483 15f6 4C61D151 		.ascii	"La\321Qv\313\237\354\246\210p\375G|\327\036\020f^g\262"
 483      76CB9FEC 
 483      A68870FD 
 483      477CD71E 
ARM GAS  /var/folders/_f/jzb7lsz153bclt069nvlpp5r0000gn/T//ccxgBItN.s 			page 39


 483      10665E67 
 484 160b 5ABE8AB0 		.ascii	"Z\276\212\260\331-\304j\204d\260\354j\372\355{\227\204"
 484      D92DC46A 
 484      8464B0EC 
 484      6AFAED7B 
 484      9784
 485 161d 5964972C 		.ascii	"Yd\227,Q\337(c\302\350l\206\325\256\0127\333\315J[\214"
 485      51DF2863 
 485      C2E86C86 
 485      D5AE0A37 
 485      DBCD4A5B 
 486 1632 8AE0F16D 		.ascii	"\212\340\361m\013\312M\266\217vT\177\210Xg\241\306\374"
 486      0BCA4DB6 
 486      8F76547F 
 486      885867A1 
 486      C6FC
 487 1644 D94FDCC6 		.ascii	"\331O\334\306$]\277\310\350\257\"\300\373\350\365p\213"
 487      245DBFC8 
 487      E8AF22C0 
 487      FBE8F570 
 487      8B
 488 1655 393C12FC 		.ascii	"9<\022\374\364\207>\245\362\352\201\\\035\257\264\315"
 488      F4873EA5 
 488      F2EA815C 
 488      1DAFB4CD 
 489 1665 2868BFC1 		.ascii	"(h\277\301f\001\375\2776GEY \244\276\027\006=\223\015"
 489      6601FDBF 
 489      36474559 
 489      20A4BE17 
 489      063D930D 
 490 1679 269BD66F 		.ascii	"&\233\326o\260\020\265\375(A\320\003\002\321d\332u\026"
 490      B010B5FD 
 490      2841D003 
 490      02D164DA 
 490      7516
 491 168b 9BCDFC95 		.ascii	"\233\315\374\225eUx\204\325\276\221n\0328\005\300\263"
 491      65557884 
 491      D5BE916E 
 491      1A3805C0 
 491      B3
 492 169c 58FFDE27 		.ascii	"X\377\336'\016\017\341\024\2179\306\034\026a\337\250"
 492      0E0FE114 
 492      8F39C61C 
 492      1661DFA8 
 493 16ac FED20AB2 		.ascii	"\376\322\012\262UV\213\331\252&\034\353\031\022\253"
 493      55568BD9 
 493      AA261CEB 
 493      1912AB
 494 16bb 25EC1B37 		.ascii	"%\354\0337\022J0$/XC\234FlI\250\365\232\210(\242k\200"
 494      124A3024 
 494      2F58439C 
 494      466C49A8 
 494      F59A8828 
 495 16d2 6D635498 		.ascii	"mcT\230)\334\032\361\015\354oT\264o\233\2051\223P\214"
 495      29DC1AF1 
 495      0DEC6F54 
 495      B46F9B85 
ARM GAS  /var/folders/_f/jzb7lsz153bclt069nvlpp5r0000gn/T//ccxgBItN.s 			page 40


 495      3193508C 
 496 16e6 AC6BF3FB 		.ascii	"\254k\363\373\2755\"\332\012`?\005\307\214Y\317C\321"
 496      BD3522DA 
 496      0A603F05 
 496      C78C59CF 
 496      43D1
 497 16f8 7D61B659 		.ascii	"}a\266Y\210\375\177\344SV\014?O@d\374(z]\214\331j\266"
 497      88FD7FE4 
 497      53560C3F 
 497      4F4064FC 
 497      287A5D8C 
 498 170f 47838FE9 		.ascii	"G\203\217\351>\374\305\277\377\352w\277\376\344W\272"
 498      3EFCC5BF 
 498      FFEA77BF 
 498      FEE457BA 
 499 171f 5FFEEA17 		.ascii	"_\376\352\027\277$\035\034\266.Fe\015\337\370\251\372"
 499      BF241D1C 
 499      B62E4665 
 499      0DDFF8A9 
 499      FA
 500 1730 5B7384FD 		.ascii	"[s\204\375S?\310u<`\273\244o\363\343;\021Q_F\007D\330"
 500      533FC875 
 500      3C60BBA4 
 500      6FF3E33B 
 500      11515F46 
 501 1747 4C44B3AF 		.ascii	"LD\263\257\301\212\321\033l\204\015L\031n\372rC\224"
 501      C18AD11B 
 501      6C840D4C 
 501      196EFA72 
 501      4394
 502 1759 11FADFC2 		.ascii	"\021\372\337\302\352\026B\004\000A6\321\032\035I\310"
 502      EA164204 
 502      004136D1 
 502      1A1D49C8 
 503 1769 978938A2 		.ascii	"\227\2118\242\005a6\177\021Iy^\021\006\351,a\324\300"
 503      0561367F 
 503      1149795E 
 503      1106E92C 
 503      61D4C0
 504 177c 5B01F6FE 		.ascii	"[\001\366\376-\237\212FF\206\272\001\202\236Z\326\263"
 504      2D9F8A46 
 504      4686BA01 
 504      829E5AD6 
 504      B3
 505 178d 05F07CA6 		.ascii	"\005\360|\246\260\0156{\364\272\227\315<\012\342\210"
 505      B00D367B 
 505      F4BA97CD 
 505      3C0AE288 
 506 179d 1020D131 		.ascii	"\020 \3211\220\337~\340S\350\177\374\313G \313\020\023"
 506      90DF7EE0 
 506      53E87FFC 
 506      CB4720CB 
 506      1013
 507 17af 0DB3A86B 		.ascii	"\015\263\250k\374\3152V\2335,\324\362\015\004\367{a"
 507      FCCD3256 
 507      9B352CD4 
 507      F20D04F7 
ARM GAS  /var/folders/_f/jzb7lsz153bclt069nvlpp5r0000gn/T//ccxgBItN.s 			page 41


 507      7B61
 508 17c1 3C23DDF3 		.ascii	"<#\335\363\325\022\207\203$N\315\257ci\313"
 508      D5128783 
 508      244ECDAF 
 508      6369CB
 509 17d0 26737513 		.ascii	"&su\023\365\276\325\022\337\021\330\245n\310\270\376"
 509      F5BED512 
 509      DF11D8A5 
 509      6EC8B8FE 
 510 17e0 1F82F8CD 		.ascii	"\037\202\370\315P"
 510      50
 511              		.text
 512              		.section	.gnu.lto_.symtab.a4ff55528f13362e,"",%progbits
 513 0000 706F6C6C 		.ascii	"poll_sendq\000\000\000\000\000\000\000\000\000\000\000"
 513      5F73656E 
 513      64710000 
 513      00000000 
 513      00000000 
 514 0015 00090200 		.ascii	"\000\011\002\000\000poll_recvq\000\000\000\000\000\000"
 514      00706F6C 
 514      6C5F7265 
 514      63767100 
 514      00000000 
 515 002a 00000000 		.ascii	"\000\000\000\000\000\000\017\002\000\000chan_send_q"
 515      00000F02 
 515      00006368 
 515      616E5F73 
 515      656E645F 
 516 003f 5F646571 		.ascii	"_dequeue\000\000\002\000\000\000\000\000\000\000\000"
 516      75657565 
 516      00000200 
 516      00000000 
 516      000000
 517 0052 00140200 		.ascii	"\000\024\002\000\000heap_fst\000\000\002\000\000\000"
 517      00686561 
 517      705F6673 
 517      74000002 
 517      000000
 518 0065 00000000 		.ascii	"\000\000\000\000\000\000\032\002\000\000chan_send_q"
 518      00001A02 
 518      00006368 
 518      616E5F73 
 518      656E645F 
 519 007a 5F66726F 		.ascii	"_front\000\000\002\000\000\000\000\000\000\000\000\000"
 519      6E740000 
 519      02000000 
 519      00000000 
 519      0000
 520 008c 1C020000 		.ascii	"\034\002\000\000chan_recv_q_dequeue\000\000\002\000"
 520      6368616E 
 520      5F726563 
 520      765F715F 
 520      64657175 
 521 00a7 00000000 		.ascii	"\000\000\000\000\000\000\000\000!\002\000\000chan_r"
 521      00000000 
 521      21020000 
 521      6368616E 
ARM GAS  /var/folders/_f/jzb7lsz153bclt069nvlpp5r0000gn/T//ccxgBItN.s 			page 42


 521      5F72
 522 00b9 6563765F 		.ascii	"ecv_q_front\000\000\002\000\000\000\000\000\000\000"
 522      715F6672 
 522      6F6E7400 
 522      00020000 
 522      00000000 
 523 00ce 00002302 		.ascii	"\000\000#\002\000\000"
 523      0000
 524              		.text
 525              		.section	.gnu.lto_.opts,"",%progbits
 526 0000 272D6666 		.ascii	"'-ffp-contract=off' '-fno-trapv' '-mcpu=cortex-m4' "
 526      702D636F 
 526      6E747261 
 526      63743D6F 
 526      66662720 
 527 0033 272D6D74 		.ascii	"'-mthumb' '-mfloat-abi=hard' '-mfpu=fpv4-sp-d16' '-"
 527      68756D62 
 527      2720272D 
 527      6D666C6F 
 527      61742D61 
 528 0066 67676462 		.ascii	"ggdb' '-O2' '-fomit-frame-pointer' '-falign-functio"
 528      2720272D 
 528      4F322720 
 528      272D666F 
 528      6D69742D 
 529 0099 6E733D31 		.ascii	"ns=16' '-ffunction-sections' '-fdata-sections' '-fn"
 529      36272027 
 529      2D666675 
 529      6E637469 
 529      6F6E2D73 
 530 00cc 6F2D636F 		.ascii	"o-common' '-flto' '-fsingle-precision-constant'\000"
 530      6D6D6F6E 
 530      2720272D 
 530      666C746F 
 530      2720272D 
 531              		.text
 532              		.comm	__gnu_lto_v1,1,1
 533              		.comm	__gnu_lto_slim,1,1
 534              		.ident	"GCC: (GNU Tools for ARM Embedded Processors) 4.9.3 20150529 (release) [ARM/embedded-4_9-br
ARM GAS  /var/folders/_f/jzb7lsz153bclt069nvlpp5r0000gn/T//ccxgBItN.s 			page 43


DEFINED SYMBOLS
                            *ABS*:0000000000000000 event.c
                            *COM*:0000000000000001 __gnu_lto_v1
                            *COM*:0000000000000001 __gnu_lto_slim

NO UNDEFINED SYMBOLS
